#19 0 00000000000102a0 00b703a3 m 000000000001f3ef 0000000000000000  sb       x11, 0x7(x14)
#20 0 00000000000102a4 00b70323 m 000000000001f3ee 0000000000000000  sb       x11, 0x6(x14)
#21 0 00000000000102a8 00b702a3 m 000000000001f3ed 0000000000000000  sb       x11, 0x5(x14)
#22 0 00000000000102ac 00b70223 m 000000000001f3ec 0000000000000000  sb       x11, 0x4(x14)
#23 0 00000000000102b0 00b701a3 m 000000000001f3eb 0000000000000000  sb       x11, 0x3(x14)
#24 0 00000000000102b4 00b70123 m 000000000001f3ea 0000000000000000  sb       x11, 0x2(x14)
#25 0 00000000000102b8 00b700a3 m 000000000001f3e9 0000000000000000  sb       x11, 0x1(x14)
#26 0 00000000000102bc 00b70023 m 000000000001f3e8 0000000000000000  sb       x11, 0x0(x14)
#38 0 0000000000010266     e30c m 000000000001f3f0 0000000000000000  c.sd     x11, 0x0(x14)
#39 0 0000000000010268     e70c m 000000000001f3f8 0000000000000000  c.sd     x11, 0x8(x14)
#42 0 0000000000010266     e30c m 000000000001f400 0000000000000000  c.sd     x11, 0x0(x14)
#43 0 0000000000010268     e70c m 000000000001f408 0000000000000000  c.sd     x11, 0x8(x14)
#46 0 0000000000010266     e30c m 000000000001f410 0000000000000000  c.sd     x11, 0x0(x14)
#47 0 0000000000010268     e70c m 000000000001f418 0000000000000000  c.sd     x11, 0x8(x14)
#50 0 0000000000010266     e30c m 000000000001f420 0000000000000000  c.sd     x11, 0x0(x14)
#51 0 0000000000010268     e70c m 000000000001f428 0000000000000000  c.sd     x11, 0x8(x14)
#54 0 0000000000010266     e30c m 000000000001f430 0000000000000000  c.sd     x11, 0x0(x14)
#55 0 0000000000010268     e70c m 000000000001f438 0000000000000000  c.sd     x11, 0x8(x14)
#58 0 0000000000010266     e30c m 000000000001f440 0000000000000000  c.sd     x11, 0x0(x14)
#59 0 0000000000010268     e70c m 000000000001f448 0000000000000000  c.sd     x11, 0x8(x14)
#62 0 0000000000010266     e30c m 000000000001f450 0000000000000000  c.sd     x11, 0x0(x14)
#63 0 0000000000010268     e70c m 000000000001f458 0000000000000000  c.sd     x11, 0x8(x14)
#66 0 0000000000010266     e30c m 000000000001f460 0000000000000000  c.sd     x11, 0x0(x14)
#67 0 0000000000010268     e70c m 000000000001f468 0000000000000000  c.sd     x11, 0x8(x14)
#76 0 00000000000102a0 00b703a3 m 000000000001f477 0000000000000000  sb       x11, 0x7(x14)
#77 0 00000000000102a4 00b70323 m 000000000001f476 0000000000000000  sb       x11, 0x6(x14)
#78 0 00000000000102a8 00b702a3 m 000000000001f475 0000000000000000  sb       x11, 0x5(x14)
#79 0 00000000000102ac 00b70223 m 000000000001f474 0000000000000000  sb       x11, 0x4(x14)
#80 0 00000000000102b0 00b701a3 m 000000000001f473 0000000000000000  sb       x11, 0x3(x14)
#81 0 00000000000102b4 00b70123 m 000000000001f472 0000000000000000  sb       x11, 0x2(x14)
#82 0 00000000000102b8 00b700a3 m 000000000001f471 0000000000000000  sb       x11, 0x1(x14)
#83 0 00000000000102bc 00b70023 m 000000000001f470 0000000000000000  sb       x11, 0x0(x14)
#100 0 000000000001aa9a 1ef73c23 m 000000000001e488 000000000001e490  sd       x15, 0x1f8(x14)
#109 0 000000000001aa8c     c798 m 000000000001e498 0000000000000001  c.sw     x14, 0x8(x15)
#111 0 000000000001aa90     e38c m 000000000001e4a0 0000000000012592  c.sd     x11, 0x0(x15)
#116 0 00000000000101e6     e822 m 00000000ffffff40 0000000000000000  c.sdsp   x8, 0x10
#117 0 00000000000101e8     e04a m 00000000ffffff30 0000000000000000  c.sdsp   x18, 0x0
#123 0 00000000000101fa     ec06 m 00000000ffffff48 00000000000100f8  c.sdsp   x1, 0x18
#124 0 00000000000101fc     e426 m 00000000ffffff38 0000000000000000  c.sdsp   x9, 0x8
#163 0 0000000000010152     e706 m 00000000ffffff48 0000000000010102  c.sdsp   x1, 0x188
#164 0 0000000000010154     e322 m 00000000ffffff40 0000000000000000  c.sdsp   x8, 0x180
#183 0 00000000000102a0 00b703a3 m 00000000fffffdaf 0000000000000000  sb       x11, 0x7(x14)
#184 0 00000000000102a4 00b70323 m 00000000fffffdae 0000000000000000  sb       x11, 0x6(x14)
#185 0 00000000000102a8 00b702a3 m 00000000fffffdad 0000000000000000  sb       x11, 0x5(x14)
#186 0 00000000000102ac 00b70223 m 00000000fffffdac 0000000000000000  sb       x11, 0x4(x14)
#187 0 00000000000102b0 00b701a3 m 00000000fffffdab 0000000000000000  sb       x11, 0x3(x14)
#188 0 00000000000102b4 00b70123 m 00000000fffffdaa 0000000000000000  sb       x11, 0x2(x14)
#189 0 00000000000102b8 00b700a3 m 00000000fffffda9 0000000000000000  sb       x11, 0x1(x14)
#190 0 00000000000102bc 00b70023 m 00000000fffffda8 0000000000000000  sb       x11, 0x0(x14)
#202 0 0000000000010266     e30c m 00000000fffffdb0 0000000000000000  c.sd     x11, 0x0(x14)
#203 0 0000000000010268     e70c m 00000000fffffdb8 0000000000000000  c.sd     x11, 0x8(x14)
#206 0 0000000000010266     e30c m 00000000fffffdc0 0000000000000000  c.sd     x11, 0x0(x14)
#207 0 0000000000010268     e70c m 00000000fffffdc8 0000000000000000  c.sd     x11, 0x8(x14)
#210 0 0000000000010266     e30c m 00000000fffffdd0 0000000000000000  c.sd     x11, 0x0(x14)
#211 0 0000000000010268     e70c m 00000000fffffdd8 0000000000000000  c.sd     x11, 0x8(x14)
#214 0 0000000000010266     e30c m 00000000fffffde0 0000000000000000  c.sd     x11, 0x0(x14)
#215 0 0000000000010268     e70c m 00000000fffffde8 0000000000000000  c.sd     x11, 0x8(x14)
#218 0 0000000000010266     e30c m 00000000fffffdf0 0000000000000000  c.sd     x11, 0x0(x14)
#219 0 0000000000010268     e70c m 00000000fffffdf8 0000000000000000  c.sd     x11, 0x8(x14)
#222 0 0000000000010266     e30c m 00000000fffffe00 0000000000000000  c.sd     x11, 0x0(x14)
#223 0 0000000000010268     e70c m 00000000fffffe08 0000000000000000  c.sd     x11, 0x8(x14)
#226 0 0000000000010266     e30c m 00000000fffffe10 0000000000000000  c.sd     x11, 0x0(x14)
#227 0 0000000000010268     e70c m 00000000fffffe18 0000000000000000  c.sd     x11, 0x8(x14)
#230 0 0000000000010266     e30c m 00000000fffffe20 0000000000000000  c.sd     x11, 0x0(x14)
#231 0 0000000000010268     e70c m 00000000fffffe28 0000000000000000  c.sd     x11, 0x8(x14)
#234 0 0000000000010266     e30c m 00000000fffffe30 0000000000000000  c.sd     x11, 0x0(x14)
#235 0 0000000000010268     e70c m 00000000fffffe38 0000000000000000  c.sd     x11, 0x8(x14)
#238 0 0000000000010266     e30c m 00000000fffffe40 0000000000000000  c.sd     x11, 0x0(x14)
#239 0 0000000000010268     e70c m 00000000fffffe48 0000000000000000  c.sd     x11, 0x8(x14)
#242 0 0000000000010266     e30c m 00000000fffffe50 0000000000000000  c.sd     x11, 0x0(x14)
#243 0 0000000000010268     e70c m 00000000fffffe58 0000000000000000  c.sd     x11, 0x8(x14)
#246 0 0000000000010266     e30c m 00000000fffffe60 0000000000000000  c.sd     x11, 0x0(x14)
#247 0 0000000000010268     e70c m 00000000fffffe68 0000000000000000  c.sd     x11, 0x8(x14)
#250 0 0000000000010266     e30c m 00000000fffffe70 0000000000000000  c.sd     x11, 0x0(x14)
#251 0 0000000000010268     e70c m 00000000fffffe78 0000000000000000  c.sd     x11, 0x8(x14)
#254 0 0000000000010266     e30c m 00000000fffffe80 0000000000000000  c.sd     x11, 0x0(x14)
#255 0 0000000000010268     e70c m 00000000fffffe88 0000000000000000  c.sd     x11, 0x8(x14)
#258 0 0000000000010266     e30c m 00000000fffffe90 0000000000000000  c.sd     x11, 0x0(x14)
#259 0 0000000000010268     e70c m 00000000fffffe98 0000000000000000  c.sd     x11, 0x8(x14)
#262 0 0000000000010266     e30c m 00000000fffffea0 0000000000000000  c.sd     x11, 0x0(x14)
#263 0 0000000000010268     e70c m 00000000fffffea8 0000000000000000  c.sd     x11, 0x8(x14)
#266 0 0000000000010266     e30c m 00000000fffffeb0 0000000000000000  c.sd     x11, 0x0(x14)
#267 0 0000000000010268     e70c m 00000000fffffeb8 0000000000000000  c.sd     x11, 0x8(x14)
#270 0 0000000000010266     e30c m 00000000fffffec0 0000000000000000  c.sd     x11, 0x0(x14)
#271 0 0000000000010268     e70c m 00000000fffffec8 0000000000000000  c.sd     x11, 0x8(x14)
#274 0 0000000000010266     e30c m 00000000fffffed0 0000000000000000  c.sd     x11, 0x0(x14)
#275 0 0000000000010268     e70c m 00000000fffffed8 0000000000000000  c.sd     x11, 0x8(x14)
#278 0 0000000000010266     e30c m 00000000fffffee0 0000000000000000  c.sd     x11, 0x0(x14)
#279 0 0000000000010268     e70c m 00000000fffffee8 0000000000000000  c.sd     x11, 0x8(x14)
#282 0 0000000000010266     e30c m 00000000fffffef0 0000000000000000  c.sd     x11, 0x0(x14)
#283 0 0000000000010268     e70c m 00000000fffffef8 0000000000000000  c.sd     x11, 0x8(x14)
#286 0 0000000000010266     e30c m 00000000ffffff00 0000000000000000  c.sd     x11, 0x0(x14)
#287 0 0000000000010268     e70c m 00000000ffffff08 0000000000000000  c.sd     x11, 0x8(x14)
#290 0 0000000000010266     e30c m 00000000ffffff10 0000000000000000  c.sd     x11, 0x0(x14)
#291 0 0000000000010268     e70c m 00000000ffffff18 0000000000000000  c.sd     x11, 0x8(x14)
#294 0 0000000000010266     e30c m 00000000ffffff20 0000000000000000  c.sd     x11, 0x0(x14)
#295 0 0000000000010268     e70c m 00000000ffffff28 0000000000000000  c.sd     x11, 0x8(x14)
#304 0 00000000000102a0 00b703a3 m 00000000ffffff37 0000000000000000  sb       x11, 0x7(x14)
#305 0 00000000000102a4 00b70323 m 00000000ffffff36 0000000000000000  sb       x11, 0x6(x14)
#306 0 00000000000102a8 00b702a3 m 00000000ffffff35 0000000000000000  sb       x11, 0x5(x14)
#307 0 00000000000102ac 00b70223 m 00000000ffffff34 0000000000000000  sb       x11, 0x4(x14)
#308 0 00000000000102b0 00b701a3 m 00000000ffffff33 0000000000000000  sb       x11, 0x3(x14)
#309 0 00000000000102b4 00b70123 m 00000000ffffff32 0000000000000000  sb       x11, 0x2(x14)
#310 0 00000000000102b8 00b700a3 m 00000000ffffff31 0000000000000000  sb       x11, 0x1(x14)
#311 0 00000000000102bc 00b70023 m 00000000ffffff30 0000000000000000  sb       x11, 0x0(x14)
#313 0 000000000001016e fe042623 m 00000000ffffff3c 0000000000000000  sw       x0, -0x14(x8)
#326 0 0000000000010320     f832 m 00000000fffff5a0 0000000000000008  c.sdsp   x12, 0x30
#327 0 0000000000010322     fc36 m 00000000fffff5a8 0000000000010296  c.sdsp   x13, 0x38
#328 0 0000000000010324     f42e m 00000000fffff598 0000000000000000  c.sdsp   x11, 0x28
#329 0 0000000000010326     e0ba m 00000000fffff5b0 0000000000000000  c.sdsp   x14, 0x40
#330 0 0000000000010328     e4be m 00000000fffff5b8 000000000001c000  c.sdsp   x15, 0x48
#331 0 000000000001032a     e8c2 m 00000000fffff5c0 000000000000001f  c.sdsp   x16, 0x50
#332 0 000000000001032c     ecc6 m 00000000fffff5c8 0000000000000000  c.sdsp   x17, 0x58
#337 0 0000000000010338     ec06 m 00000000fffff588 0000000000010184  c.sdsp   x1, 0x18
#338 0 000000000001033a     e436 m 00000000fffff578 00000000fffff598  c.sdsp   x13, 0x8
#341 0 000000000001034a 26113c23 m 00000000fffff568 0000000000010340  sd       x1, 0x278(x2)
#342 0 000000000001034e 27213023 m 00000000fffff550 0000000000000000  sd       x18, 0x260(x2)
#343 0 0000000000010352 25413823 m 00000000fffff540 0000000000000000  sd       x20, 0x250(x2)
#344 0 0000000000010356 23913423 m 00000000fffff518 0000000000000000  sd       x25, 0x228(x2)
#347 0 000000000001035e     e836 m 00000000fffff300 00000000fffff598  c.sdsp   x13, 0x10
#348 0 0000000000010360 26813823 m 00000000fffff560 00000000ffffff50  sd       x8, 0x270(x2)
#349 0 0000000000010364 26913423 m 00000000fffff558 0000000000000000  sd       x9, 0x268(x2)
#350 0 0000000000010368 25313c23 m 00000000fffff548 0000000000000000  sd       x19, 0x258(x2)
#351 0 000000000001036c 25513423 m 00000000fffff538 0000000000000000  sd       x21, 0x248(x2)
#352 0 0000000000010370 25613023 m 00000000fffff530 0000000000000000  sd       x22, 0x240(x2)
#353 0 0000000000010374 23713c23 m 00000000fffff528 0000000000000000  sd       x23, 0x238(x2)
#354 0 0000000000010378 23813823 m 00000000fffff520 0000000000000000  sd       x24, 0x230(x2)
#355 0 000000000001037c 23a13023 m 00000000fffff510 0000000000000000  sd       x26, 0x220(x2)
#356 0 0000000000010380 21b13c23 m 00000000fffff508 0000000000000000  sd       x27, 0x218(x2)
#363 0 000000000001038e     f8be m 00000000fffff360 000000000001c9b0  c.sdsp   x15, 0x70
#384 0 0000000000010394     f4aa m 00000000fffff358 0000000000000001  c.sdsp   x10, 0x68
#385 0 0000000000010396     e202 m 00000000fffff3f0 0000000000000000  c.sdsp   x0, 0x100
#386 0 0000000000010398     e602 m 00000000fffff3f8 0000000000000000  c.sdsp   x0, 0x108
#397 0 0000000000012322     fc06 m 00000000fffff2e8 0000000000010ada  c.sdsp   x1, 0x38
#398 0 0000000000012324     f822 m 00000000fffff2e0 00000000ffffff50  c.sdsp   x8, 0x30
#399 0 0000000000012326     f426 m 00000000fffff2d8 0000000000000000  c.sdsp   x9, 0x28
#400 0 0000000000012328     f04a m 00000000fffff2d0 000000000001e878  c.sdsp   x18, 0x20
#401 0 000000000001232a     ec4e m 00000000fffff2c8 0000000000000000  c.sdsp   x19, 0x18
#402 0 000000000001232c     e852 m 00000000fffff2c0 000000000001e290  c.sdsp   x20, 0x10
#403 0 000000000001232e     e456 m 00000000fffff2b8 0000000000000000  c.sdsp   x21, 0x8
#404 0 0000000000012330     e05a m 00000000fffff2b0 0000000000000000  c.sdsp   x22, 0x0
#407 0 0000000000012338     ed3c m 000000000001e2e8 0000000000012312  c.sd     x15, 0x58(x10)
#410 0 0000000000012340 52e53823 m 000000000001e7c0 000000000001e7c8  sd       x14, 0x530(x10)
#411 0 0000000000012344 52f52423 m 000000000001e7b8 0000000000000003  sw       x15, 0x528(x10)
#412 0 0000000000012348 52053023 m 000000000001e7b0 0000000000000000  sd       x0, 0x520(x10)
#415 0 0000000000012350     c81c m 000000000001e7d8 0000000000000004  c.sw     x15, 0x10(x8)
#418 0 0000000000012356 0a042623 m 000000000001e874 0000000000000000  sw       x0, 0xac(x8)
#419 0 000000000001235a 00043023 m 000000000001e7c8 0000000000000000  sd       x0, 0x0(x8)
#420 0 000000000001235e 00043423 m 000000000001e7d0 0000000000000000  sd       x0, 0x8(x8)
#421 0 0000000000012362 00043c23 m 000000000001e7e0 0000000000000000  sd       x0, 0x18(x8)
#422 0 0000000000012366 02042023 m 000000000001e7e8 0000000000000000  sw       x0, 0x20(x8)
#423 0 000000000001236a 02042423 m 000000000001e7f0 0000000000000000  sw       x0, 0x28(x8)
#434 0 00000000000102a0 00b703a3 m 000000000001e873 0000000000000000  sb       x11, 0x7(x14)
#435 0 00000000000102a4 00b70323 m 000000000001e872 0000000000000000  sb       x11, 0x6(x14)
#436 0 00000000000102a8 00b702a3 m 000000000001e871 0000000000000000  sb       x11, 0x5(x14)
#437 0 00000000000102ac 00b70223 m 000000000001e870 0000000000000000  sb       x11, 0x4(x14)
#438 0 00000000000102b0 00b701a3 m 000000000001e86f 0000000000000000  sb       x11, 0x3(x14)
#439 0 00000000000102b4 00b70123 m 000000000001e86e 0000000000000000  sb       x11, 0x2(x14)
#440 0 00000000000102b8 00b700a3 m 000000000001e86d 0000000000000000  sb       x11, 0x1(x14)
#441 0 00000000000102bc 00b70023 m 000000000001e86c 0000000000000000  sb       x11, 0x0(x14)
#453 0 0000000000012394 03643c23 m 000000000001e800 0000000000016188  sd       x22, 0x38(x8)
#454 0 0000000000012398 05543023 m 000000000001e808 00000000000161c4  sd       x21, 0x40(x8)
#455 0 000000000001239c 05443423 m 000000000001e810 0000000000016218  sd       x20, 0x48(x8)
#456 0 00000000000123a0 05343823 m 000000000001e818 000000000001625a  sd       x19, 0x50(x8)
#457 0 00000000000123a4     f800 m 000000000001e7f8 000000000001e7c8  c.sd     x8, 0x30(x8)
#459 0 00000000000123a8     c89c m 000000000001e888 0000000000010009  c.sw     x15, 0x10(x9)
#462 0 00000000000123ae 0a04a623 m 000000000001e924 0000000000000000  sw       x0, 0xac(x9)
#463 0 00000000000123b2 0004b023 m 000000000001e878 0000000000000000  sd       x0, 0x0(x9)
#464 0 00000000000123b6 0004b423 m 000000000001e880 0000000000000000  sd       x0, 0x8(x9)
#465 0 00000000000123ba 0004bc23 m 000000000001e890 0000000000000000  sd       x0, 0x18(x9)
#466 0 00000000000123be 0204a023 m 000000000001e898 0000000000000000  sw       x0, 0x20(x9)
#467 0 00000000000123c2 0204a423 m 000000000001e8a0 0000000000000000  sw       x0, 0x28(x9)
#478 0 00000000000102a0 00b703a3 m 000000000001e923 0000000000000000  sb       x11, 0x7(x14)
#479 0 00000000000102a4 00b70323 m 000000000001e922 0000000000000000  sb       x11, 0x6(x14)
#480 0 00000000000102a8 00b702a3 m 000000000001e921 0000000000000000  sb       x11, 0x5(x14)
#481 0 00000000000102ac 00b70223 m 000000000001e920 0000000000000000  sb       x11, 0x4(x14)
#482 0 00000000000102b0 00b701a3 m 000000000001e91f 0000000000000000  sb       x11, 0x3(x14)
#483 0 00000000000102b4 00b70123 m 000000000001e91e 0000000000000000  sb       x11, 0x2(x14)
#484 0 00000000000102b8 00b700a3 m 000000000001e91d 0000000000000000  sb       x11, 0x1(x14)
#485 0 00000000000102bc 00b70023 m 000000000001e91c 0000000000000000  sb       x11, 0x0(x14)
#489 0 00000000000123d6 0364bc23 m 000000000001e8b0 0000000000016188  sd       x22, 0x38(x9)
#490 0 00000000000123da 0554b023 m 000000000001e8b8 00000000000161c4  sd       x21, 0x40(x9)
#491 0 00000000000123de 0544b423 m 000000000001e8c0 0000000000016218  sd       x20, 0x48(x9)
#492 0 00000000000123e2 0534b823 m 000000000001e8c8 000000000001625a  sd       x19, 0x50(x9)
#493 0 00000000000123e6     f884 m 000000000001e8a8 000000000001e878  c.sd     x9, 0x30(x9)
#495 0 00000000000123ea     c81c m 000000000001e938 0000000000020012  c.sw     x15, 0x10(x8)
#496 0 00000000000123ec 0a042623 m 000000000001e9d4 0000000000000000  sw       x0, 0xac(x8)
#497 0 00000000000123f0 00043023 m 000000000001e928 0000000000000000  sd       x0, 0x0(x8)
#498 0 00000000000123f4 00043423 m 000000000001e930 0000000000000000  sd       x0, 0x8(x8)
#499 0 00000000000123f8 00043c23 m 000000000001e940 0000000000000000  sd       x0, 0x18(x8)
#500 0 00000000000123fc 02042023 m 000000000001e948 0000000000000000  sw       x0, 0x20(x8)
#501 0 0000000000012400 02042423 m 000000000001e950 0000000000000000  sw       x0, 0x28(x8)
#514 0 00000000000102a0 00b703a3 m 000000000001e9d3 0000000000000000  sb       x11, 0x7(x14)
#515 0 00000000000102a4 00b70323 m 000000000001e9d2 0000000000000000  sb       x11, 0x6(x14)
#516 0 00000000000102a8 00b702a3 m 000000000001e9d1 0000000000000000  sb       x11, 0x5(x14)
#517 0 00000000000102ac 00b70223 m 000000000001e9d0 0000000000000000  sb       x11, 0x4(x14)
#518 0 00000000000102b0 00b701a3 m 000000000001e9cf 0000000000000000  sb       x11, 0x3(x14)
#519 0 00000000000102b4 00b70123 m 000000000001e9ce 0000000000000000  sb       x11, 0x2(x14)
#520 0 00000000000102b8 00b700a3 m 000000000001e9cd 0000000000000000  sb       x11, 0x1(x14)
#521 0 00000000000102bc 00b70023 m 000000000001e9cc 0000000000000000  sb       x11, 0x0(x14)
#524 0 0000000000012412 03643c23 m 000000000001e960 0000000000016188  sd       x22, 0x38(x8)
#525 0 0000000000012416 05543023 m 000000000001e968 00000000000161c4  sd       x21, 0x40(x8)
#526 0 000000000001241a 05443423 m 000000000001e970 0000000000016218  sd       x20, 0x48(x8)
#527 0 000000000001241e 05343823 m 000000000001e978 000000000001625a  sd       x19, 0x50(x8)
#528 0 0000000000012422     f800 m 000000000001e958 000000000001e928  c.sd     x8, 0x30(x8)
#531 0 0000000000012428 04f92823 m 000000000001e2e0 0000000000000001  sw       x15, 0x50(x18)
#554 0 00000000000103ce 00f91823 m 000000000001e888 0000000000002009  sh       x15, 0x10(x18)
#556 0 00000000000103d4 0ae92623 m 000000000001e924 0000000000000000  sw       x14, 0xac(x18)
#567 0 0000000000011f48     e822 m 00000000fffff2e0 00000000ffffff50  c.sdsp   x8, 0x10
#568 0 0000000000011f4a     e426 m 00000000fffff2d8 0000000000000000  c.sdsp   x9, 0x8
#569 0 0000000000011f4c     ec06 m 00000000fffff2e8 000000000001065a  c.sdsp   x1, 0x18
#590 0 0000000000014b30     e922 m 00000000fffff2c0 000000000001e878  c.sdsp   x8, 0x90
#591 0 0000000000014b32     ed06 m 00000000fffff2c8 0000000000011ff4  c.sdsp   x1, 0x98
#592 0 0000000000014b34     e526 m 00000000fffff2b8 000000000001e290  c.sdsp   x9, 0x88
#593 0 0000000000014b36     e14a m 00000000fffff2b0 000000000001e878  c.sdsp   x18, 0x80
#594 0 0000000000014b38     fcce m 00000000fffff2a8 0000000000000000  c.sdsp   x19, 0x78
#595 0 0000000000014b3a     f8d2 m 00000000fffff2a0 000000000001e290  c.sdsp   x20, 0x70
#606 0 00000000000191a6     e822 m 00000000fffff220 000000000001e878  c.sdsp   x8, 0x10
#607 0 00000000000191a8     e426 m 00000000fffff218 000000000001e290  c.sdsp   x9, 0x8
#611 0 00000000000191b0     ec06 m 00000000fffff228 0000000000014b70  c.sdsp   x1, 0x18
#612 0 00000000000191b2 7801a823 m 000000000001f408 0000000000000000  sw       x0, 0x790(x3)
#615 0 000000000001ae9e     e526 m 00000000fffff1f8 000000000001e290  c.sdsp   x9, 0x88
#616 0 000000000001aea0     ed06 m 00000000fffff208 00000000000191ba  c.sdsp   x1, 0x98
#618 0 000000000001aea4     e922 m 00000000fffff200 000000000001e290  c.sdsp   x8, 0x90
#641 0 000000000001b01e 00751023 m 00000000fffff238 0000000000000015  sh       x7, 0x0(x10)
#642 0 000000000001b022 00551123 m 00000000fffff23a 000000000000000b  sh       x5, 0x2(x10)
#643 0 000000000001b026 01f52223 m 00000000fffff23c 0000000000002190  sw       x31, 0x4(x10)
#644 0 000000000001b02a 01e51423 m 00000000fffff240 0000000000000001  sh       x30, 0x8(x10)
#645 0 000000000001b02e 01d51523 m 00000000fffff242 00000000000003e8  sh       x29, 0xa(x10)
#646 0 000000000001b032 01c51623 m 00000000fffff244 0000000000000005  sh       x28, 0xc(x10)
#647 0 000000000001b036 00651723 m 00000000fffff246 0000000000008808  sh       x6, 0xe(x10)
#648 0 000000000001b03a 01153823 m 00000000fffff248 0000000000000000  sd       x17, 0x10(x10)
#649 0 000000000001b03e 05053823 m 00000000fffff288 0000000000000000  sd       x16, 0x50(x10)
#650 0 000000000001b042     e530 m 00000000fffff280 0000000000000400  c.sd     x12, 0x48(x10)
#651 0 000000000001b044     ed14 m 00000000fffff250 0000000062a1cb10  c.sd     x13, 0x18(x10)
#652 0 000000000001b046     f518 m 00000000fffff260 0000000062a1cb10  c.sd     x14, 0x28(x10)
#653 0 000000000001b048     fd1c m 00000000fffff270 0000000062a180a5  c.sd     x15, 0x38(x10)
#682 0 0000000000014cc2     e4a6 m 00000000fffff218 000000000001e290  c.sdsp   x9, 0x48
#683 0 0000000000014cc4     e0ca m 00000000fffff210 0000000000000001  c.sdsp   x18, 0x40
#684 0 0000000000014cc6     ec86 m 00000000fffff228 0000000000014b98  c.sdsp   x1, 0x58
#685 0 0000000000014cc8     e8a2 m 00000000fffff220 000000000001e878  c.sdsp   x8, 0x50
#686 0 0000000000014cca     fc4e m 00000000fffff208 0000000000000800  c.sdsp   x19, 0x38
#687 0 0000000000014ccc     f852 m 00000000fffff200 0000000000000400  c.sdsp   x20, 0x30
#688 0 0000000000014cce     f456 m 00000000fffff1f8 0000000000000000  c.sdsp   x21, 0x28
#689 0 0000000000014cd0     f05a m 00000000fffff1f0 0000000000000000  c.sdsp   x22, 0x20
#690 0 0000000000014cd2     ec5e m 00000000fffff1e8 0000000000000000  c.sdsp   x23, 0x18
#691 0 0000000000014cd4     e862 m 00000000fffff1e0 0000000000000000  c.sdsp   x24, 0x10
#692 0 0000000000014cd6     e466 m 00000000fffff1d8 000000000001c460  c.sdsp   x25, 0x8
#746 0 000000000001604c     e822 m 00000000fffff1c0 000000000001eb80  c.sdsp   x8, 0x10
#747 0 000000000001604e     e426 m 00000000fffff1b8 0000000000000410  c.sdsp   x9, 0x8
#750 0 0000000000016054     ec06 m 00000000fffff1c8 0000000000014e02  c.sdsp   x1, 0x18
#751 0 0000000000016056 7801a823 m 000000000001f408 0000000000000000  sw       x0, 0x790(x3)
#755 0 000000000001af78     e406 m 00000000fffff1a8 000000000001605e  c.sdsp   x1, 0x8
#764 0 000000000001af90 78a1bc23 m 000000000001f410 0000000000020000  sd       x10, 0x798(x3)
#772 0 000000000001afac 78a1bc23 m 000000000001f410 0000000000020430  sd       x10, 0x798(x3)
#790 0 0000000000014e1a 00fba023 m 000000000001f450 0000000000000430  sw       x15, 0x0(x23)
#796 0 0000000000015238 7761b023 m 000000000001f3d8 0000000000020000  sd       x22, 0x760(x3)
#808 0 000000000001604c     e822 m 00000000fffff1c0 000000000001eb80  c.sdsp   x8, 0x10
#809 0 000000000001604e     e426 m 00000000fffff1b8 0000000000000410  c.sdsp   x9, 0x8
#812 0 0000000000016054     ec06 m 00000000fffff1c8 00000000000151c0  c.sdsp   x1, 0x18
#813 0 0000000000016056 7801a823 m 000000000001f408 0000000000000000  sw       x0, 0x790(x3)
#817 0 000000000001af78     e406 m 00000000fffff1a8 000000000001605e  c.sdsp   x1, 0x8
#827 0 000000000001afac 78a1bc23 m 000000000001f410 0000000000021000  sd       x10, 0x798(x3)
#846 0 0000000000014e7a 0169b823 m 000000000001eb90 0000000000020000  sd       x22, 0x10(x19)
#849 0 0000000000014e84 00fba023 m 000000000001f450 0000000000001000  sw       x15, 0x0(x23)
#850 0 0000000000014e88 014b3423 m 0000000000020008 0000000000001001  sd       x20, 0x8(x22)
#856 0 0000000000014ec0 78f1b023 m 000000000001f3f8 0000000000001000  sd       x15, 0x780(x3)
#859 0 0000000000014ecc 76f1bc23 m 000000000001f3f0 0000000000001000  sd       x15, 0x778(x3)
#867 0 0000000000014ffa     e418 m 0000000000020008 0000000000000411  c.sd     x14, 0x8(x8)
#869 0 0000000000014ffe 0099b823 m 000000000001eb90 0000000000020410  sd       x9, 0x10(x19)
#872 0 0000000000015008     e49c m 0000000000020418 0000000000000bf1  c.sd     x15, 0x8(x9)
#894 0 0000000000014ba4     ecb8 m 000000000001e2e8 0000000000012312  c.sd     x14, 0x58(x9)
#896 0 0000000000014baa 00f41823 m 000000000001e888 0000000000002089  sh       x15, 0x10(x8)
#897 0 0000000000014bae     e008 m 000000000001e878 0000000000020010  c.sd     x10, 0x0(x8)
#898 0 0000000000014bb0     ec08 m 000000000001e890 0000000000020010  c.sd     x10, 0x18(x8)
#899 0 0000000000014bb2 03442023 m 000000000001e898 0000000000000400  sw       x20, 0x20(x8)
#905 0 0000000000019508     e822 m 00000000fffff220 000000000001e878  c.sdsp   x8, 0x10
#906 0 000000000001950a     e426 m 00000000fffff218 000000000001e290  c.sdsp   x9, 0x8
#909 0 0000000000019510     ec06 m 00000000fffff228 0000000000014c22  c.sdsp   x1, 0x18
#910 0 0000000000019512 7801a823 m 000000000001f408 0000000000000000  sw       x0, 0x790(x3)
#914 0 000000000001aee4     fc86 m 00000000fffff208 000000000001951a  c.sdsp   x1, 0x78
#917 0 000000000001ae9e     e526 m 00000000fffff178 000000000001e290  c.sdsp   x9, 0x88
#918 0 000000000001aea0     ed06 m 00000000fffff188 000000000001aeea  c.sdsp   x1, 0x98
#920 0 000000000001aea4     e922 m 00000000fffff180 000000000001e290  c.sdsp   x8, 0x90
#943 0 000000000001b01e 00751023 m 00000000fffff198 0000000000000015  sh       x7, 0x0(x10)
#944 0 000000000001b022 00551123 m 00000000fffff19a 000000000000000b  sh       x5, 0x2(x10)
#945 0 000000000001b026 01f52223 m 00000000fffff19c 0000000000002190  sw       x31, 0x4(x10)
#946 0 000000000001b02a 01e51423 m 00000000fffff1a0 0000000000000001  sh       x30, 0x8(x10)
#947 0 000000000001b02e 01d51523 m 00000000fffff1a2 00000000000003e8  sh       x29, 0xa(x10)
#948 0 000000000001b032 01c51623 m 00000000fffff1a4 0000000000000005  sh       x28, 0xc(x10)
#949 0 000000000001b036 00651723 m 00000000fffff1a6 0000000000008808  sh       x6, 0xe(x10)
#950 0 000000000001b03a 01153823 m 00000000fffff1a8 0000000000000000  sd       x17, 0x10(x10)
#951 0 000000000001b03e 05053823 m 00000000fffff1e8 0000000000000000  sd       x16, 0x50(x10)
#952 0 000000000001b042     e530 m 00000000fffff1e0 0000000000000400  c.sd     x12, 0x48(x10)
#953 0 000000000001b044     ed14 m 00000000fffff1b0 0000000062a1cb10  c.sd     x13, 0x18(x10)
#954 0 000000000001b046     f518 m 00000000fffff1c0 0000000062a1cb10  c.sd     x14, 0x28(x10)
#955 0 000000000001b048     fd1c m 00000000fffff1d0 0000000062a180a5  c.sd     x15, 0x38(x10)
#987 0 0000000000014bc0 00f41823 m 000000000001e888 0000000000002889  sh       x15, 0x10(x8)
#1003 0 0000000000011f74 00042623 m 000000000001e884 0000000000000000  sw       x0, 0xc(x8)
#1006 0 0000000000011f7e     d410 m 000000000001e8a0 00000000fffffc00  c.sw     x12, 0x28(x8)
#1021 0 00000000000103fc     ea5a m 00000000fffff400 00000000fffff480  c.sdsp   x22, 0x110
#1022 0 00000000000103fe     ed3e m 00000000fffff388 3ffc000000000000  c.sdsp   x15, 0x98
#1025 0 0000000000010406     f202 m 00000000fffff410 0000000000000000  c.sdsp   x0, 0x120
#1026 0 0000000000010408 10012c23 m 00000000fffff408 0000000000000000  sw       x0, 0x118(x2)
#1027 0 000000000001040c     e93e m 00000000fffff380 4003000000000000  c.sdsp   x15, 0x90
#1030 0 0000000000010414     f002 m 00000000fffff310 0000000000000000  c.sdsp   x0, 0x20
#1031 0 0000000000010416     f402 m 00000000fffff318 0000000000000000  c.sdsp   x0, 0x28
#1032 0 0000000000010418     f13e m 00000000fffff390 3ffe000000000000  c.sdsp   x15, 0xa0
#1034 0 000000000001041e     fc82 m 00000000fffff368 0000000000000000  c.sdsp   x0, 0x78
#1035 0 0000000000010420     f082 m 00000000fffff350 0000000000000000  c.sdsp   x0, 0x60
#1036 0 0000000000010422     e102 m 00000000fffff370 0000000000000000  c.sdsp   x0, 0x80
#1037 0 0000000000010424     e502 m 00000000fffff378 0000000000000000  c.sdsp   x0, 0x88
#1038 0 0000000000010426     e402 m 00000000fffff2f8 0000000000000000  c.sdsp   x0, 0x8
#1064 0 000000000001044e 01933023 m 00000000fffff480 000000000001c460  sd       x25, 0x0(x6)
#1067 0 0000000000010456 00933423 m 00000000fffff488 0000000000000004  sd       x9, 0x8(x6)
#1068 0 000000000001045a     f23a m 00000000fffff410 0000000000000004  c.sdsp   x14, 0x120
#1069 0 000000000001045c 10f12c23 m 00000000fffff408 0000000000000001  sw       x15, 0x118(x2)
#1077 0 0000000000010474     e43a m 00000000fffff2f8 0000000000000004  c.sdsp   x14, 0x8
#1081 0 0000000000010480 0c010fa3 m 00000000fffff3cf 0000000000000000  sb       x0, 0xdf(x2)
#1117 0 0000000000011282     e83a m 00000000fffff300 00000000fffff5a0  c.sdsp   x14, 0x10
#1122 0 0000000000010f3c 193105a3 m 00000000fffff47b 0000000000000030  sb       x19, 0x18b(x2)
#1130 0 00000000000106d2     ec02 m 00000000fffff308 0000000000000000  c.sdsp   x0, 0x18
#1131 0 00000000000106d4     e482 m 00000000fffff338 0000000000000000  c.sdsp   x0, 0x48
#1132 0 00000000000106d6     ec82 m 00000000fffff348 0000000000000000  c.sdsp   x0, 0x58
#1133 0 00000000000106d8     e882 m 00000000fffff340 0000000000000000  c.sdsp   x0, 0x50
#1153 0 000000000001059e 01933023 m 00000000fffff490 00000000fffff47b  sd       x25, 0x0(x6)
#1156 0 00000000000105a8 01733423 m 00000000fffff498 0000000000000001  sd       x23, 0x8(x6)
#1157 0 00000000000105ac 10e12c23 m 00000000fffff408 0000000000000002  sw       x14, 0x118(x2)
#1158 0 00000000000105b0     f23e m 00000000fffff410 0000000000000005  c.sdsp   x15, 0x120
#1169 0 00000000000105d2     e43a m 00000000fffff2f8 0000000000000005  c.sdsp   x14, 0x8
#1181 0 0000000000018000     ec56 m 00000000fffff2b8 0000000000000000  c.sdsp   x21, 0x18
#1182 0 0000000000018002     e486 m 00000000fffff2e8 0000000000010f14  c.sdsp   x1, 0x48
#1183 0 0000000000018004     e0a2 m 00000000fffff2e0 000000000001c466  c.sdsp   x8, 0x40
#1184 0 0000000000018006     fc26 m 00000000fffff2d8 0000000000000000  c.sdsp   x9, 0x38
#1185 0 0000000000018008     f84a m 00000000fffff2d0 000000000001e878  c.sdsp   x18, 0x30
#1186 0 000000000001800a     f44e m 00000000fffff2c8 0000000000000001  c.sdsp   x19, 0x28
#1187 0 000000000001800c     f052 m 00000000fffff2c0 000000000001e290  c.sdsp   x20, 0x20
#1188 0 000000000001800e     e85a m 00000000fffff2b0 00000000fffff480  c.sdsp   x22, 0x10
#1189 0 0000000000018010     e45e m 00000000fffff2a8 0000000000000001  c.sdsp   x23, 0x8
#1198 0 00000000000191e8     e8a2 m 00000000fffff290 000000000001c466  c.sdsp   x8, 0x50
#1199 0 00000000000191ea     f852 m 00000000fffff270 000000000001e290  c.sdsp   x20, 0x30
#1200 0 00000000000191ec     f456 m 00000000fffff268 00000000fffff400  c.sdsp   x21, 0x28
#1201 0 00000000000191ee     ec86 m 00000000fffff298 000000000001809a  c.sdsp   x1, 0x58
#1202 0 00000000000191f0     e4a6 m 00000000fffff288 0000000000000000  c.sdsp   x9, 0x48
#1203 0 00000000000191f2     e0ca m 00000000fffff280 000000000001e878  c.sdsp   x18, 0x40
#1204 0 00000000000191f4     fc4e m 00000000fffff278 0000000000000001  c.sdsp   x19, 0x38
#1205 0 00000000000191f6     f05a m 00000000fffff260 00000000fffff480  c.sdsp   x22, 0x20
#1206 0 00000000000191f8     ec5e m 00000000fffff258 0000000000000001  c.sdsp   x23, 0x18
#1207 0 00000000000191fa     e862 m 00000000fffff250 fffffffffffffffe  c.sdsp   x24, 0x10
#1208 0 00000000000191fc     e466 m 00000000fffff248 00000000fffff47b  c.sdsp   x25, 0x8
#1209 0 00000000000191fe     e06a m 00000000fffff240 0000000000000064  c.sdsp   x26, 0x0
#1290 0 000000000001969e fee78fa3 m 0000000000020010 0000000000000069  sb       x14, -0x1(x15)
#1295 0 000000000001969e fee78fa3 m 0000000000020011 0000000000000020  sb       x14, -0x1(x15)
#1300 0 000000000001969e fee78fa3 m 0000000000020012 000000000000003d  sb       x14, -0x1(x15)
#1305 0 000000000001969e fee78fa3 m 0000000000020013 0000000000000020  sb       x14, -0x1(x15)
#1313 0 00000000000194c6     c454 m 000000000001e884 00000000fffffffc  c.sw     x13, 0xc(x8)
#1314 0 00000000000194c8     e018 m 000000000001e878 0000000000020014  c.sd     x14, 0x0(x8)
#1323 0 0000000000019358 009a3823 m 00000000fffff410 0000000000000001  sd       x9, 0x10(x20)
#1379 0 000000000001969e fee78fa3 m 0000000000020014 0000000000000030  sb       x14, -0x1(x15)
#1387 0 00000000000194c6     c454 m 000000000001e884 00000000fffffffb  c.sw     x13, 0xc(x8)
#1388 0 00000000000194c8     e018 m 000000000001e878 0000000000020015  c.sd     x14, 0x0(x8)
#1397 0 0000000000019358 009a3823 m 00000000fffff410 0000000000000000  sd       x9, 0x10(x20)
#1417 0 0000000000018066 000ab823 m 00000000fffff410 0000000000000000  sd       x0, 0x10(x21)
#1418 0 000000000001806a 000aa423 m 00000000fffff408 0000000000000000  sw       x0, 0x8(x21)
#1430 0 00000000000105da 10012c23 m 00000000fffff408 0000000000000000  sw       x0, 0x118(x2)
#1446 0 000000000001044e 01933023 m 00000000fffff480 000000000001c466  sd       x25, 0x0(x6)
#1449 0 0000000000010456 00933423 m 00000000fffff488 0000000000000001  sd       x9, 0x8(x6)
#1450 0 000000000001045a     f23a m 00000000fffff410 0000000000000001  c.sdsp   x14, 0x120
#1451 0 000000000001045c 10f12c23 m 00000000fffff408 0000000000000001  sw       x15, 0x118(x2)
#1459 0 0000000000010474     e43a m 00000000fffff2f8 0000000000000006  c.sdsp   x14, 0x8
#1474 0 0000000000018000     ec56 m 00000000fffff2b8 0000000000000000  c.sdsp   x21, 0x18
#1475 0 0000000000018002     e486 m 00000000fffff2e8 0000000000011864  c.sdsp   x1, 0x48
#1476 0 0000000000018004     e0a2 m 00000000fffff2e0 000000000001c467  c.sdsp   x8, 0x40
#1477 0 0000000000018006     fc26 m 00000000fffff2d8 0000000000000001  c.sdsp   x9, 0x38
#1478 0 0000000000018008     f84a m 00000000fffff2d0 000000000001e878  c.sdsp   x18, 0x30
#1479 0 000000000001800a     f44e m 00000000fffff2c8 0000000000000001  c.sdsp   x19, 0x28
#1480 0 000000000001800c     f052 m 00000000fffff2c0 000000000001e290  c.sdsp   x20, 0x20
#1481 0 000000000001800e     e85a m 00000000fffff2b0 00000000fffff480  c.sdsp   x22, 0x10
#1482 0 0000000000018010     e45e m 00000000fffff2a8 0000000000000001  c.sdsp   x23, 0x8
#1491 0 00000000000191e8     e8a2 m 00000000fffff290 000000000001c467  c.sdsp   x8, 0x50
#1492 0 00000000000191ea     f852 m 00000000fffff270 000000000001e290  c.sdsp   x20, 0x30
#1493 0 00000000000191ec     f456 m 00000000fffff268 00000000fffff400  c.sdsp   x21, 0x28
#1494 0 00000000000191ee     ec86 m 00000000fffff298 000000000001809a  c.sdsp   x1, 0x58
#1495 0 00000000000191f0     e4a6 m 00000000fffff288 0000000000000001  c.sdsp   x9, 0x48
#1496 0 00000000000191f2     e0ca m 00000000fffff280 000000000001e878  c.sdsp   x18, 0x40
#1497 0 00000000000191f4     fc4e m 00000000fffff278 0000000000000001  c.sdsp   x19, 0x38
#1498 0 00000000000191f6     f05a m 00000000fffff260 00000000fffff480  c.sdsp   x22, 0x20
#1499 0 00000000000191f8     ec5e m 00000000fffff258 0000000000000001  c.sdsp   x23, 0x18
#1500 0 00000000000191fa     e862 m 00000000fffff250 fffffffffffffffe  c.sdsp   x24, 0x10
#1501 0 00000000000191fc     e466 m 00000000fffff248 000000000001c466  c.sdsp   x25, 0x8
#1502 0 00000000000191fe     e06a m 00000000fffff240 0000000000000064  c.sdsp   x26, 0x0
#1569 0 000000000001969e fee78fa3 m 0000000000020015 000000000000000a  sb       x14, -0x1(x15)
#1577 0 00000000000194c6     c454 m 000000000001e884 00000000fffffffa  c.sw     x13, 0xc(x8)
#1578 0 00000000000194c8     e018 m 000000000001e878 0000000000020016  c.sd     x14, 0x0(x8)
#1587 0 0000000000012290     e822 m 00000000fffff230 000000000001e878  c.sdsp   x8, 0x10
#1588 0 0000000000012292     ec06 m 00000000fffff238 0000000000019384  c.sdsp   x1, 0x18
#1602 0 0000000000012102     f022 m 00000000fffff230 000000000001e878  c.sdsp   x8, 0x20
#1603 0 0000000000012104     e44e m 00000000fffff218 0000000000000000  c.sdsp   x19, 0x8
#1604 0 0000000000012106     f406 m 00000000fffff238 0000000000019384  c.sdsp   x1, 0x28
#1605 0 0000000000012108     ec26 m 00000000fffff228 0000000000000001  c.sdsp   x9, 0x18
#1606 0 000000000001210a     e84a m 00000000fffff220 00000000fffff490  c.sdsp   x18, 0x10
#1617 0 00000000000121da 0125b023 m 000000000001e878 0000000000020010  sd       x18, 0x0(x11)
#1621 0 00000000000121e8     c45c m 000000000001e884 0000000000000000  c.sw     x15, 0xc(x8)
#1631 0 00000000000161ca     f022 m 00000000fffff200 000000000001e878  c.sdsp   x8, 0x20
#1632 0 00000000000161cc     ec26 m 00000000fffff1f8 0000000000000006  c.sdsp   x9, 0x18
#1633 0 00000000000161ce     e84a m 00000000fffff1f0 0000000000020010  c.sdsp   x18, 0x10
#1634 0 00000000000161d0     e44e m 00000000fffff1e8 000000000001e290  c.sdsp   x19, 0x8
#1635 0 00000000000161d2     f406 m 00000000fffff208 0000000000012202  c.sdsp   x1, 0x28
#1646 0 00000000000161ec 00f41823 m 000000000001e888 0000000000002889  sh       x15, 0x10(x8)
#1659 0 0000000000018dac     e822 m 00000000fffff200 000000000001e878  c.sdsp   x8, 0x10
#1660 0 0000000000018dae     e426 m 00000000fffff1f8 0000000000000006  c.sdsp   x9, 0x8
#1665 0 0000000000018db8     ec06 m 00000000fffff208 0000000000012202  c.sdsp   x1, 0x18
#1666 0 0000000000018dba 7801a823 m 000000000001f408 0000000000000000  sw       x0, 0x790(x3)
#1669 0 000000000001afc8     e406 m 00000000fffff1e8 0000000000018dc2  c.sdsp   x1, 0x8
#1670 0 000000000001afca     e022 m 00000000fffff1e0 000000000001e290  c.sdsp   x8, 0x0
#1704 0 0000000000019358 009a3823 m 00000000fffff410 0000000000000000  sd       x9, 0x10(x20)
#1724 0 0000000000018066 000ab823 m 00000000fffff410 0000000000000000  sd       x0, 0x10(x21)
#1725 0 000000000001806a 000aa423 m 00000000fffff408 0000000000000000  sw       x0, 0x8(x21)
#1760 0 000000000001018a fef42623 m 00000000ffffff3c 0000000000000001  sw       x15, -0x14(x8)
#1772 0 0000000000010320     f832 m 00000000fffff5a0 0000000000000006  c.sdsp   x12, 0x30
#1773 0 0000000000010322     fc36 m 00000000fffff5a8 0000000000000006  c.sdsp   x13, 0x38
#1774 0 0000000000010324     f42e m 00000000fffff598 0000000000000001  c.sdsp   x11, 0x28
#1775 0 0000000000010326     e0ba m 00000000fffff5b0 0000000000000001  c.sdsp   x14, 0x40
#1776 0 0000000000010328     e4be m 00000000fffff5b8 000000000001c000  c.sdsp   x15, 0x48
#1777 0 000000000001032a     e8c2 m 00000000fffff5c0 0000000000000000  c.sdsp   x16, 0x50
#1778 0 000000000001032c     ecc6 m 00000000fffff5c8 0000000000000040  c.sdsp   x17, 0x58
#1783 0 0000000000010338     ec06 m 00000000fffff588 0000000000010184  c.sdsp   x1, 0x18
#1784 0 000000000001033a     e436 m 00000000fffff578 00000000fffff598  c.sdsp   x13, 0x8
#1787 0 000000000001034a 26113c23 m 00000000fffff568 0000000000010340  sd       x1, 0x278(x2)
#1788 0 000000000001034e 27213023 m 00000000fffff550 0000000000000000  sd       x18, 0x260(x2)
#1789 0 0000000000010352 25413823 m 00000000fffff540 0000000000000000  sd       x20, 0x250(x2)
#1790 0 0000000000010356 23913423 m 00000000fffff518 0000000000000000  sd       x25, 0x228(x2)
#1793 0 000000000001035e     e836 m 00000000fffff300 00000000fffff598  c.sdsp   x13, 0x10
#1794 0 0000000000010360 26813823 m 00000000fffff560 00000000ffffff50  sd       x8, 0x270(x2)
#1795 0 0000000000010364 26913423 m 00000000fffff558 0000000000000000  sd       x9, 0x268(x2)
#1796 0 0000000000010368 25313c23 m 00000000fffff548 0000000000000000  sd       x19, 0x258(x2)
#1797 0 000000000001036c 25513423 m 00000000fffff538 0000000000000000  sd       x21, 0x248(x2)
#1798 0 0000000000010370 25613023 m 00000000fffff530 0000000000000000  sd       x22, 0x240(x2)
#1799 0 0000000000010374 23713c23 m 00000000fffff528 0000000000000000  sd       x23, 0x238(x2)
#1800 0 0000000000010378 23813823 m 00000000fffff520 0000000000000000  sd       x24, 0x230(x2)
#1801 0 000000000001037c 23a13023 m 00000000fffff510 0000000000000000  sd       x26, 0x220(x2)
#1802 0 0000000000010380 21b13c23 m 00000000fffff508 0000000000000000  sd       x27, 0x218(x2)
#1809 0 000000000001038e     f8be m 00000000fffff360 000000000001c9b0  c.sdsp   x15, 0x70
#1830 0 0000000000010394     f4aa m 00000000fffff358 0000000000000001  c.sdsp   x10, 0x68
#1831 0 0000000000010396     e202 m 00000000fffff3f0 0000000000000000  c.sdsp   x0, 0x100
#1832 0 0000000000010398     e602 m 00000000fffff3f8 0000000000000000  c.sdsp   x0, 0x108
#1852 0 00000000000103fc     ea5a m 00000000fffff400 00000000fffff480  c.sdsp   x22, 0x110
#1853 0 00000000000103fe     ed3e m 00000000fffff388 3ffc000000000000  c.sdsp   x15, 0x98
#1856 0 0000000000010406     f202 m 00000000fffff410 0000000000000000  c.sdsp   x0, 0x120
#1857 0 0000000000010408 10012c23 m 00000000fffff408 0000000000000000  sw       x0, 0x118(x2)
#1858 0 000000000001040c     e93e m 00000000fffff380 4003000000000000  c.sdsp   x15, 0x90
#1861 0 0000000000010414     f002 m 00000000fffff310 0000000000000000  c.sdsp   x0, 0x20
#1862 0 0000000000010416     f402 m 00000000fffff318 0000000000000000  c.sdsp   x0, 0x28
#1863 0 0000000000010418     f13e m 00000000fffff390 3ffe000000000000  c.sdsp   x15, 0xa0
#1865 0 000000000001041e     fc82 m 00000000fffff368 0000000000000000  c.sdsp   x0, 0x78
#1866 0 0000000000010420     f082 m 00000000fffff350 0000000000000000  c.sdsp   x0, 0x60
#1867 0 0000000000010422     e102 m 00000000fffff370 0000000000000000  c.sdsp   x0, 0x80
#1868 0 0000000000010424     e502 m 00000000fffff378 0000000000000000  c.sdsp   x0, 0x88
#1869 0 0000000000010426     e402 m 00000000fffff2f8 0000000000000000  c.sdsp   x0, 0x8
#1895 0 000000000001044e 01933023 m 00000000fffff480 000000000001c460  sd       x25, 0x0(x6)
#1898 0 0000000000010456 00933423 m 00000000fffff488 0000000000000004  sd       x9, 0x8(x6)
#1899 0 000000000001045a     f23a m 00000000fffff410 0000000000000004  c.sdsp   x14, 0x120
#1900 0 000000000001045c 10f12c23 m 00000000fffff408 0000000000000001  sw       x15, 0x118(x2)
#1908 0 0000000000010474     e43a m 00000000fffff2f8 0000000000000004  c.sdsp   x14, 0x8
#1912 0 0000000000010480 0c010fa3 m 00000000fffff3cf 0000000000000000  sb       x0, 0xdf(x2)
#1948 0 0000000000011282     e83a m 00000000fffff300 00000000fffff5a0  c.sdsp   x14, 0x10
#1953 0 0000000000010f3c 193105a3 m 00000000fffff47b 0000000000000031  sb       x19, 0x18b(x2)
#1961 0 00000000000106d2     ec02 m 00000000fffff308 0000000000000000  c.sdsp   x0, 0x18
#1962 0 00000000000106d4     e482 m 00000000fffff338 0000000000000000  c.sdsp   x0, 0x48
#1963 0 00000000000106d6     ec82 m 00000000fffff348 0000000000000000  c.sdsp   x0, 0x58
#1964 0 00000000000106d8     e882 m 00000000fffff340 0000000000000000  c.sdsp   x0, 0x50
#1984 0 000000000001059e 01933023 m 00000000fffff490 00000000fffff47b  sd       x25, 0x0(x6)
#1987 0 00000000000105a8 01733423 m 00000000fffff498 0000000000000001  sd       x23, 0x8(x6)
#1988 0 00000000000105ac 10e12c23 m 00000000fffff408 0000000000000002  sw       x14, 0x118(x2)
#1989 0 00000000000105b0     f23e m 00000000fffff410 0000000000000005  c.sdsp   x15, 0x120
#2000 0 00000000000105d2     e43a m 00000000fffff2f8 0000000000000005  c.sdsp   x14, 0x8
#2012 0 0000000000018000     ec56 m 00000000fffff2b8 0000000000000000  c.sdsp   x21, 0x18
#2013 0 0000000000018002     e486 m 00000000fffff2e8 0000000000010f14  c.sdsp   x1, 0x48
#2014 0 0000000000018004     e0a2 m 00000000fffff2e0 000000000001c466  c.sdsp   x8, 0x40
#2015 0 0000000000018006     fc26 m 00000000fffff2d8 0000000000000000  c.sdsp   x9, 0x38
#2016 0 0000000000018008     f84a m 00000000fffff2d0 000000000001e878  c.sdsp   x18, 0x30
#2017 0 000000000001800a     f44e m 00000000fffff2c8 0000000000000001  c.sdsp   x19, 0x28
#2018 0 000000000001800c     f052 m 00000000fffff2c0 000000000001e290  c.sdsp   x20, 0x20
#2019 0 000000000001800e     e85a m 00000000fffff2b0 00000000fffff480  c.sdsp   x22, 0x10
#2020 0 0000000000018010     e45e m 00000000fffff2a8 0000000000000001  c.sdsp   x23, 0x8
#2029 0 00000000000191e8     e8a2 m 00000000fffff290 000000000001c466  c.sdsp   x8, 0x50
#2030 0 00000000000191ea     f852 m 00000000fffff270 000000000001e290  c.sdsp   x20, 0x30
#2031 0 00000000000191ec     f456 m 00000000fffff268 00000000fffff400  c.sdsp   x21, 0x28
#2032 0 00000000000191ee     ec86 m 00000000fffff298 000000000001809a  c.sdsp   x1, 0x58
#2033 0 00000000000191f0     e4a6 m 00000000fffff288 0000000000000000  c.sdsp   x9, 0x48
#2034 0 00000000000191f2     e0ca m 00000000fffff280 000000000001e878  c.sdsp   x18, 0x40
#2035 0 00000000000191f4     fc4e m 00000000fffff278 0000000000000001  c.sdsp   x19, 0x38
#2036 0 00000000000191f6     f05a m 00000000fffff260 00000000fffff480  c.sdsp   x22, 0x20
#2037 0 00000000000191f8     ec5e m 00000000fffff258 0000000000000001  c.sdsp   x23, 0x18
#2038 0 00000000000191fa     e862 m 00000000fffff250 fffffffffffffffe  c.sdsp   x24, 0x10
#2039 0 00000000000191fc     e466 m 00000000fffff248 00000000fffff47b  c.sdsp   x25, 0x8
#2040 0 00000000000191fe     e06a m 00000000fffff240 0000000000000064  c.sdsp   x26, 0x0
#2121 0 000000000001969e fee78fa3 m 0000000000020010 0000000000000069  sb       x14, -0x1(x15)
#2126 0 000000000001969e fee78fa3 m 0000000000020011 0000000000000020  sb       x14, -0x1(x15)
#2131 0 000000000001969e fee78fa3 m 0000000000020012 000000000000003d  sb       x14, -0x1(x15)
#2136 0 000000000001969e fee78fa3 m 0000000000020013 0000000000000020  sb       x14, -0x1(x15)
#2144 0 00000000000194c6     c454 m 000000000001e884 00000000fffffffc  c.sw     x13, 0xc(x8)
#2145 0 00000000000194c8     e018 m 000000000001e878 0000000000020014  c.sd     x14, 0x0(x8)
#2154 0 0000000000019358 009a3823 m 00000000fffff410 0000000000000001  sd       x9, 0x10(x20)
#2210 0 000000000001969e fee78fa3 m 0000000000020014 0000000000000031  sb       x14, -0x1(x15)
#2218 0 00000000000194c6     c454 m 000000000001e884 00000000fffffffb  c.sw     x13, 0xc(x8)
#2219 0 00000000000194c8     e018 m 000000000001e878 0000000000020015  c.sd     x14, 0x0(x8)
#2228 0 0000000000019358 009a3823 m 00000000fffff410 0000000000000000  sd       x9, 0x10(x20)
#2248 0 0000000000018066 000ab823 m 00000000fffff410 0000000000000000  sd       x0, 0x10(x21)
#2249 0 000000000001806a 000aa423 m 00000000fffff408 0000000000000000  sw       x0, 0x8(x21)
#2261 0 00000000000105da 10012c23 m 00000000fffff408 0000000000000000  sw       x0, 0x118(x2)
#2277 0 000000000001044e 01933023 m 00000000fffff480 000000000001c466  sd       x25, 0x0(x6)
#2280 0 0000000000010456 00933423 m 00000000fffff488 0000000000000001  sd       x9, 0x8(x6)
#2281 0 000000000001045a     f23a m 00000000fffff410 0000000000000001  c.sdsp   x14, 0x120
#2282 0 000000000001045c 10f12c23 m 00000000fffff408 0000000000000001  sw       x15, 0x118(x2)
#2290 0 0000000000010474     e43a m 00000000fffff2f8 0000000000000006  c.sdsp   x14, 0x8
#2305 0 0000000000018000     ec56 m 00000000fffff2b8 0000000000000000  c.sdsp   x21, 0x18
#2306 0 0000000000018002     e486 m 00000000fffff2e8 0000000000011864  c.sdsp   x1, 0x48
#2307 0 0000000000018004     e0a2 m 00000000fffff2e0 000000000001c467  c.sdsp   x8, 0x40
#2308 0 0000000000018006     fc26 m 00000000fffff2d8 0000000000000001  c.sdsp   x9, 0x38
#2309 0 0000000000018008     f84a m 00000000fffff2d0 000000000001e878  c.sdsp   x18, 0x30
#2310 0 000000000001800a     f44e m 00000000fffff2c8 0000000000000001  c.sdsp   x19, 0x28
#2311 0 000000000001800c     f052 m 00000000fffff2c0 000000000001e290  c.sdsp   x20, 0x20
#2312 0 000000000001800e     e85a m 00000000fffff2b0 00000000fffff480  c.sdsp   x22, 0x10
#2313 0 0000000000018010     e45e m 00000000fffff2a8 0000000000000001  c.sdsp   x23, 0x8
#2322 0 00000000000191e8     e8a2 m 00000000fffff290 000000000001c467  c.sdsp   x8, 0x50
#2323 0 00000000000191ea     f852 m 00000000fffff270 000000000001e290  c.sdsp   x20, 0x30
#2324 0 00000000000191ec     f456 m 00000000fffff268 00000000fffff400  c.sdsp   x21, 0x28
#2325 0 00000000000191ee     ec86 m 00000000fffff298 000000000001809a  c.sdsp   x1, 0x58
#2326 0 00000000000191f0     e4a6 m 00000000fffff288 0000000000000001  c.sdsp   x9, 0x48
#2327 0 00000000000191f2     e0ca m 00000000fffff280 000000000001e878  c.sdsp   x18, 0x40
#2328 0 00000000000191f4     fc4e m 00000000fffff278 0000000000000001  c.sdsp   x19, 0x38
#2329 0 00000000000191f6     f05a m 00000000fffff260 00000000fffff480  c.sdsp   x22, 0x20
#2330 0 00000000000191f8     ec5e m 00000000fffff258 0000000000000001  c.sdsp   x23, 0x18
#2331 0 00000000000191fa     e862 m 00000000fffff250 fffffffffffffffe  c.sdsp   x24, 0x10
#2332 0 00000000000191fc     e466 m 00000000fffff248 000000000001c466  c.sdsp   x25, 0x8
#2333 0 00000000000191fe     e06a m 00000000fffff240 0000000000000064  c.sdsp   x26, 0x0
#2400 0 000000000001969e fee78fa3 m 0000000000020015 000000000000000a  sb       x14, -0x1(x15)
#2408 0 00000000000194c6     c454 m 000000000001e884 00000000fffffffa  c.sw     x13, 0xc(x8)
#2409 0 00000000000194c8     e018 m 000000000001e878 0000000000020016  c.sd     x14, 0x0(x8)
#2418 0 0000000000012290     e822 m 00000000fffff230 000000000001e878  c.sdsp   x8, 0x10
#2419 0 0000000000012292     ec06 m 00000000fffff238 0000000000019384  c.sdsp   x1, 0x18
#2433 0 0000000000012102     f022 m 00000000fffff230 000000000001e878  c.sdsp   x8, 0x20
#2434 0 0000000000012104     e44e m 00000000fffff218 0000000000000000  c.sdsp   x19, 0x8
#2435 0 0000000000012106     f406 m 00000000fffff238 0000000000019384  c.sdsp   x1, 0x28
#2436 0 0000000000012108     ec26 m 00000000fffff228 0000000000000001  c.sdsp   x9, 0x18
#2437 0 000000000001210a     e84a m 00000000fffff220 00000000fffff490  c.sdsp   x18, 0x10
#2448 0 00000000000121da 0125b023 m 000000000001e878 0000000000020010  sd       x18, 0x0(x11)
#2452 0 00000000000121e8     c45c m 000000000001e884 0000000000000000  c.sw     x15, 0xc(x8)
#2462 0 00000000000161ca     f022 m 00000000fffff200 000000000001e878  c.sdsp   x8, 0x20
#2463 0 00000000000161cc     ec26 m 00000000fffff1f8 0000000000000006  c.sdsp   x9, 0x18
#2464 0 00000000000161ce     e84a m 00000000fffff1f0 0000000000020010  c.sdsp   x18, 0x10
#2465 0 00000000000161d0     e44e m 00000000fffff1e8 000000000001e290  c.sdsp   x19, 0x8
#2466 0 00000000000161d2     f406 m 00000000fffff208 0000000000012202  c.sdsp   x1, 0x28
#2477 0 00000000000161ec 00f41823 m 000000000001e888 0000000000002889  sh       x15, 0x10(x8)
#2490 0 0000000000018dac     e822 m 00000000fffff200 000000000001e878  c.sdsp   x8, 0x10
#2491 0 0000000000018dae     e426 m 00000000fffff1f8 0000000000000006  c.sdsp   x9, 0x8
#2496 0 0000000000018db8     ec06 m 00000000fffff208 0000000000012202  c.sdsp   x1, 0x18
#2497 0 0000000000018dba 7801a823 m 000000000001f408 0000000000000000  sw       x0, 0x790(x3)
#2500 0 000000000001afc8     e406 m 00000000fffff1e8 0000000000018dc2  c.sdsp   x1, 0x8
#2501 0 000000000001afca     e022 m 00000000fffff1e0 000000000001e290  c.sdsp   x8, 0x0
#2535 0 0000000000019358 009a3823 m 00000000fffff410 0000000000000000  sd       x9, 0x10(x20)
#2555 0 0000000000018066 000ab823 m 00000000fffff410 0000000000000000  sd       x0, 0x10(x21)
#2556 0 000000000001806a 000aa423 m 00000000fffff408 0000000000000000  sw       x0, 0x8(x21)
#2591 0 000000000001018a fef42623 m 00000000ffffff3c 0000000000000002  sw       x15, -0x14(x8)
#2603 0 0000000000010320     f832 m 00000000fffff5a0 0000000000000006  c.sdsp   x12, 0x30
#2604 0 0000000000010322     fc36 m 00000000fffff5a8 0000000000000006  c.sdsp   x13, 0x38
#2605 0 0000000000010324     f42e m 00000000fffff598 0000000000000002  c.sdsp   x11, 0x28
#2606 0 0000000000010326     e0ba m 00000000fffff5b0 0000000000000002  c.sdsp   x14, 0x40
#2607 0 0000000000010328     e4be m 00000000fffff5b8 000000000001c000  c.sdsp   x15, 0x48
#2608 0 000000000001032a     e8c2 m 00000000fffff5c0 0000000000000000  c.sdsp   x16, 0x50
#2609 0 000000000001032c     ecc6 m 00000000fffff5c8 0000000000000040  c.sdsp   x17, 0x58
#2614 0 0000000000010338     ec06 m 00000000fffff588 0000000000010184  c.sdsp   x1, 0x18
#2615 0 000000000001033a     e436 m 00000000fffff578 00000000fffff598  c.sdsp   x13, 0x8
#2618 0 000000000001034a 26113c23 m 00000000fffff568 0000000000010340  sd       x1, 0x278(x2)
#2619 0 000000000001034e 27213023 m 00000000fffff550 0000000000000000  sd       x18, 0x260(x2)
#2620 0 0000000000010352 25413823 m 00000000fffff540 0000000000000000  sd       x20, 0x250(x2)
#2621 0 0000000000010356 23913423 m 00000000fffff518 0000000000000000  sd       x25, 0x228(x2)
#2624 0 000000000001035e     e836 m 00000000fffff300 00000000fffff598  c.sdsp   x13, 0x10
#2625 0 0000000000010360 26813823 m 00000000fffff560 00000000ffffff50  sd       x8, 0x270(x2)
#2626 0 0000000000010364 26913423 m 00000000fffff558 0000000000000000  sd       x9, 0x268(x2)
#2627 0 0000000000010368 25313c23 m 00000000fffff548 0000000000000000  sd       x19, 0x258(x2)
#2628 0 000000000001036c 25513423 m 00000000fffff538 0000000000000000  sd       x21, 0x248(x2)
#2629 0 0000000000010370 25613023 m 00000000fffff530 0000000000000000  sd       x22, 0x240(x2)
#2630 0 0000000000010374 23713c23 m 00000000fffff528 0000000000000000  sd       x23, 0x238(x2)
#2631 0 0000000000010378 23813823 m 00000000fffff520 0000000000000000  sd       x24, 0x230(x2)
#2632 0 000000000001037c 23a13023 m 00000000fffff510 0000000000000000  sd       x26, 0x220(x2)
#2633 0 0000000000010380 21b13c23 m 00000000fffff508 0000000000000000  sd       x27, 0x218(x2)
#2640 0 000000000001038e     f8be m 00000000fffff360 000000000001c9b0  c.sdsp   x15, 0x70
#2661 0 0000000000010394     f4aa m 00000000fffff358 0000000000000001  c.sdsp   x10, 0x68
#2662 0 0000000000010396     e202 m 00000000fffff3f0 0000000000000000  c.sdsp   x0, 0x100
#2663 0 0000000000010398     e602 m 00000000fffff3f8 0000000000000000  c.sdsp   x0, 0x108
#2683 0 00000000000103fc     ea5a m 00000000fffff400 00000000fffff480  c.sdsp   x22, 0x110
#2684 0 00000000000103fe     ed3e m 00000000fffff388 3ffc000000000000  c.sdsp   x15, 0x98
#2687 0 0000000000010406     f202 m 00000000fffff410 0000000000000000  c.sdsp   x0, 0x120
#2688 0 0000000000010408 10012c23 m 00000000fffff408 0000000000000000  sw       x0, 0x118(x2)
#2689 0 000000000001040c     e93e m 00000000fffff380 4003000000000000  c.sdsp   x15, 0x90
#2692 0 0000000000010414     f002 m 00000000fffff310 0000000000000000  c.sdsp   x0, 0x20
#2693 0 0000000000010416     f402 m 00000000fffff318 0000000000000000  c.sdsp   x0, 0x28
#2694 0 0000000000010418     f13e m 00000000fffff390 3ffe000000000000  c.sdsp   x15, 0xa0
#2696 0 000000000001041e     fc82 m 00000000fffff368 0000000000000000  c.sdsp   x0, 0x78
#2697 0 0000000000010420     f082 m 00000000fffff350 0000000000000000  c.sdsp   x0, 0x60
#2698 0 0000000000010422     e102 m 00000000fffff370 0000000000000000  c.sdsp   x0, 0x80
#2699 0 0000000000010424     e502 m 00000000fffff378 0000000000000000  c.sdsp   x0, 0x88
#2700 0 0000000000010426     e402 m 00000000fffff2f8 0000000000000000  c.sdsp   x0, 0x8
#2726 0 000000000001044e 01933023 m 00000000fffff480 000000000001c460  sd       x25, 0x0(x6)
#2729 0 0000000000010456 00933423 m 00000000fffff488 0000000000000004  sd       x9, 0x8(x6)
#2730 0 000000000001045a     f23a m 00000000fffff410 0000000000000004  c.sdsp   x14, 0x120
#2731 0 000000000001045c 10f12c23 m 00000000fffff408 0000000000000001  sw       x15, 0x118(x2)
#2739 0 0000000000010474     e43a m 00000000fffff2f8 0000000000000004  c.sdsp   x14, 0x8
#2743 0 0000000000010480 0c010fa3 m 00000000fffff3cf 0000000000000000  sb       x0, 0xdf(x2)
#2779 0 0000000000011282     e83a m 00000000fffff300 00000000fffff5a0  c.sdsp   x14, 0x10
#2784 0 0000000000010f3c 193105a3 m 00000000fffff47b 0000000000000032  sb       x19, 0x18b(x2)
#2792 0 00000000000106d2     ec02 m 00000000fffff308 0000000000000000  c.sdsp   x0, 0x18
#2793 0 00000000000106d4     e482 m 00000000fffff338 0000000000000000  c.sdsp   x0, 0x48
#2794 0 00000000000106d6     ec82 m 00000000fffff348 0000000000000000  c.sdsp   x0, 0x58
#2795 0 00000000000106d8     e882 m 00000000fffff340 0000000000000000  c.sdsp   x0, 0x50
#2815 0 000000000001059e 01933023 m 00000000fffff490 00000000fffff47b  sd       x25, 0x0(x6)
#2818 0 00000000000105a8 01733423 m 00000000fffff498 0000000000000001  sd       x23, 0x8(x6)
#2819 0 00000000000105ac 10e12c23 m 00000000fffff408 0000000000000002  sw       x14, 0x118(x2)
#2820 0 00000000000105b0     f23e m 00000000fffff410 0000000000000005  c.sdsp   x15, 0x120
#2831 0 00000000000105d2     e43a m 00000000fffff2f8 0000000000000005  c.sdsp   x14, 0x8
#2843 0 0000000000018000     ec56 m 00000000fffff2b8 0000000000000000  c.sdsp   x21, 0x18
#2844 0 0000000000018002     e486 m 00000000fffff2e8 0000000000010f14  c.sdsp   x1, 0x48
#2845 0 0000000000018004     e0a2 m 00000000fffff2e0 000000000001c466  c.sdsp   x8, 0x40
#2846 0 0000000000018006     fc26 m 00000000fffff2d8 0000000000000000  c.sdsp   x9, 0x38
#2847 0 0000000000018008     f84a m 00000000fffff2d0 000000000001e878  c.sdsp   x18, 0x30
#2848 0 000000000001800a     f44e m 00000000fffff2c8 0000000000000001  c.sdsp   x19, 0x28
#2849 0 000000000001800c     f052 m 00000000fffff2c0 000000000001e290  c.sdsp   x20, 0x20
#2850 0 000000000001800e     e85a m 00000000fffff2b0 00000000fffff480  c.sdsp   x22, 0x10
#2851 0 0000000000018010     e45e m 00000000fffff2a8 0000000000000001  c.sdsp   x23, 0x8
#2860 0 00000000000191e8     e8a2 m 00000000fffff290 000000000001c466  c.sdsp   x8, 0x50
#2861 0 00000000000191ea     f852 m 00000000fffff270 000000000001e290  c.sdsp   x20, 0x30
#2862 0 00000000000191ec     f456 m 00000000fffff268 00000000fffff400  c.sdsp   x21, 0x28
#2863 0 00000000000191ee     ec86 m 00000000fffff298 000000000001809a  c.sdsp   x1, 0x58
#2864 0 00000000000191f0     e4a6 m 00000000fffff288 0000000000000000  c.sdsp   x9, 0x48
#2865 0 00000000000191f2     e0ca m 00000000fffff280 000000000001e878  c.sdsp   x18, 0x40
#2866 0 00000000000191f4     fc4e m 00000000fffff278 0000000000000001  c.sdsp   x19, 0x38
#2867 0 00000000000191f6     f05a m 00000000fffff260 00000000fffff480  c.sdsp   x22, 0x20
#2868 0 00000000000191f8     ec5e m 00000000fffff258 0000000000000001  c.sdsp   x23, 0x18
#2869 0 00000000000191fa     e862 m 00000000fffff250 fffffffffffffffe  c.sdsp   x24, 0x10
#2870 0 00000000000191fc     e466 m 00000000fffff248 00000000fffff47b  c.sdsp   x25, 0x8
#2871 0 00000000000191fe     e06a m 00000000fffff240 0000000000000064  c.sdsp   x26, 0x0
#2952 0 000000000001969e fee78fa3 m 0000000000020010 0000000000000069  sb       x14, -0x1(x15)
#2957 0 000000000001969e fee78fa3 m 0000000000020011 0000000000000020  sb       x14, -0x1(x15)
#2962 0 000000000001969e fee78fa3 m 0000000000020012 000000000000003d  sb       x14, -0x1(x15)
#2967 0 000000000001969e fee78fa3 m 0000000000020013 0000000000000020  sb       x14, -0x1(x15)
#2975 0 00000000000194c6     c454 m 000000000001e884 00000000fffffffc  c.sw     x13, 0xc(x8)
#2976 0 00000000000194c8     e018 m 000000000001e878 0000000000020014  c.sd     x14, 0x0(x8)
#2985 0 0000000000019358 009a3823 m 00000000fffff410 0000000000000001  sd       x9, 0x10(x20)
#3041 0 000000000001969e fee78fa3 m 0000000000020014 0000000000000032  sb       x14, -0x1(x15)
#3049 0 00000000000194c6     c454 m 000000000001e884 00000000fffffffb  c.sw     x13, 0xc(x8)
#3050 0 00000000000194c8     e018 m 000000000001e878 0000000000020015  c.sd     x14, 0x0(x8)
#3059 0 0000000000019358 009a3823 m 00000000fffff410 0000000000000000  sd       x9, 0x10(x20)
#3079 0 0000000000018066 000ab823 m 00000000fffff410 0000000000000000  sd       x0, 0x10(x21)
#3080 0 000000000001806a 000aa423 m 00000000fffff408 0000000000000000  sw       x0, 0x8(x21)
#3092 0 00000000000105da 10012c23 m 00000000fffff408 0000000000000000  sw       x0, 0x118(x2)
#3108 0 000000000001044e 01933023 m 00000000fffff480 000000000001c466  sd       x25, 0x0(x6)
#3111 0 0000000000010456 00933423 m 00000000fffff488 0000000000000001  sd       x9, 0x8(x6)
#3112 0 000000000001045a     f23a m 00000000fffff410 0000000000000001  c.sdsp   x14, 0x120
#3113 0 000000000001045c 10f12c23 m 00000000fffff408 0000000000000001  sw       x15, 0x118(x2)
#3121 0 0000000000010474     e43a m 00000000fffff2f8 0000000000000006  c.sdsp   x14, 0x8
#3136 0 0000000000018000     ec56 m 00000000fffff2b8 0000000000000000  c.sdsp   x21, 0x18
#3137 0 0000000000018002     e486 m 00000000fffff2e8 0000000000011864  c.sdsp   x1, 0x48
#3138 0 0000000000018004     e0a2 m 00000000fffff2e0 000000000001c467  c.sdsp   x8, 0x40
#3139 0 0000000000018006     fc26 m 00000000fffff2d8 0000000000000001  c.sdsp   x9, 0x38
#3140 0 0000000000018008     f84a m 00000000fffff2d0 000000000001e878  c.sdsp   x18, 0x30
#3141 0 000000000001800a     f44e m 00000000fffff2c8 0000000000000001  c.sdsp   x19, 0x28
#3142 0 000000000001800c     f052 m 00000000fffff2c0 000000000001e290  c.sdsp   x20, 0x20
#3143 0 000000000001800e     e85a m 00000000fffff2b0 00000000fffff480  c.sdsp   x22, 0x10
#3144 0 0000000000018010     e45e m 00000000fffff2a8 0000000000000001  c.sdsp   x23, 0x8
#3153 0 00000000000191e8     e8a2 m 00000000fffff290 000000000001c467  c.sdsp   x8, 0x50
#3154 0 00000000000191ea     f852 m 00000000fffff270 000000000001e290  c.sdsp   x20, 0x30
#3155 0 00000000000191ec     f456 m 00000000fffff268 00000000fffff400  c.sdsp   x21, 0x28
#3156 0 00000000000191ee     ec86 m 00000000fffff298 000000000001809a  c.sdsp   x1, 0x58
#3157 0 00000000000191f0     e4a6 m 00000000fffff288 0000000000000001  c.sdsp   x9, 0x48
#3158 0 00000000000191f2     e0ca m 00000000fffff280 000000000001e878  c.sdsp   x18, 0x40
#3159 0 00000000000191f4     fc4e m 00000000fffff278 0000000000000001  c.sdsp   x19, 0x38
#3160 0 00000000000191f6     f05a m 00000000fffff260 00000000fffff480  c.sdsp   x22, 0x20
#3161 0 00000000000191f8     ec5e m 00000000fffff258 0000000000000001  c.sdsp   x23, 0x18
#3162 0 00000000000191fa     e862 m 00000000fffff250 fffffffffffffffe  c.sdsp   x24, 0x10
#3163 0 00000000000191fc     e466 m 00000000fffff248 000000000001c466  c.sdsp   x25, 0x8
#3164 0 00000000000191fe     e06a m 00000000fffff240 0000000000000064  c.sdsp   x26, 0x0
#3231 0 000000000001969e fee78fa3 m 0000000000020015 000000000000000a  sb       x14, -0x1(x15)
#3239 0 00000000000194c6     c454 m 000000000001e884 00000000fffffffa  c.sw     x13, 0xc(x8)
#3240 0 00000000000194c8     e018 m 000000000001e878 0000000000020016  c.sd     x14, 0x0(x8)
#3249 0 0000000000012290     e822 m 00000000fffff230 000000000001e878  c.sdsp   x8, 0x10
#3250 0 0000000000012292     ec06 m 00000000fffff238 0000000000019384  c.sdsp   x1, 0x18
#3264 0 0000000000012102     f022 m 00000000fffff230 000000000001e878  c.sdsp   x8, 0x20
#3265 0 0000000000012104     e44e m 00000000fffff218 0000000000000000  c.sdsp   x19, 0x8
#3266 0 0000000000012106     f406 m 00000000fffff238 0000000000019384  c.sdsp   x1, 0x28
#3267 0 0000000000012108     ec26 m 00000000fffff228 0000000000000001  c.sdsp   x9, 0x18
#3268 0 000000000001210a     e84a m 00000000fffff220 00000000fffff490  c.sdsp   x18, 0x10
#3279 0 00000000000121da 0125b023 m 000000000001e878 0000000000020010  sd       x18, 0x0(x11)
#3283 0 00000000000121e8     c45c m 000000000001e884 0000000000000000  c.sw     x15, 0xc(x8)
#3293 0 00000000000161ca     f022 m 00000000fffff200 000000000001e878  c.sdsp   x8, 0x20
#3294 0 00000000000161cc     ec26 m 00000000fffff1f8 0000000000000006  c.sdsp   x9, 0x18
#3295 0 00000000000161ce     e84a m 00000000fffff1f0 0000000000020010  c.sdsp   x18, 0x10
#3296 0 00000000000161d0     e44e m 00000000fffff1e8 000000000001e290  c.sdsp   x19, 0x8
#3297 0 00000000000161d2     f406 m 00000000fffff208 0000000000012202  c.sdsp   x1, 0x28
#3308 0 00000000000161ec 00f41823 m 000000000001e888 0000000000002889  sh       x15, 0x10(x8)
#3321 0 0000000000018dac     e822 m 00000000fffff200 000000000001e878  c.sdsp   x8, 0x10
#3322 0 0000000000018dae     e426 m 00000000fffff1f8 0000000000000006  c.sdsp   x9, 0x8
#3327 0 0000000000018db8     ec06 m 00000000fffff208 0000000000012202  c.sdsp   x1, 0x18
#3328 0 0000000000018dba 7801a823 m 000000000001f408 0000000000000000  sw       x0, 0x790(x3)
#3331 0 000000000001afc8     e406 m 00000000fffff1e8 0000000000018dc2  c.sdsp   x1, 0x8
#3332 0 000000000001afca     e022 m 00000000fffff1e0 000000000001e290  c.sdsp   x8, 0x0
#3366 0 0000000000019358 009a3823 m 00000000fffff410 0000000000000000  sd       x9, 0x10(x20)
#3386 0 0000000000018066 000ab823 m 00000000fffff410 0000000000000000  sd       x0, 0x10(x21)
#3387 0 000000000001806a 000aa423 m 00000000fffff408 0000000000000000  sw       x0, 0x8(x21)
#3422 0 000000000001018a fef42623 m 00000000ffffff3c 0000000000000003  sw       x15, -0x14(x8)
#3434 0 0000000000010320     f832 m 00000000fffff5a0 0000000000000006  c.sdsp   x12, 0x30
#3435 0 0000000000010322     fc36 m 00000000fffff5a8 0000000000000006  c.sdsp   x13, 0x38
#3436 0 0000000000010324     f42e m 00000000fffff598 0000000000000003  c.sdsp   x11, 0x28
#3437 0 0000000000010326     e0ba m 00000000fffff5b0 0000000000000003  c.sdsp   x14, 0x40
#3438 0 0000000000010328     e4be m 00000000fffff5b8 000000000001c000  c.sdsp   x15, 0x48
#3439 0 000000000001032a     e8c2 m 00000000fffff5c0 0000000000000000  c.sdsp   x16, 0x50
#3440 0 000000000001032c     ecc6 m 00000000fffff5c8 0000000000000040  c.sdsp   x17, 0x58
#3445 0 0000000000010338     ec06 m 00000000fffff588 0000000000010184  c.sdsp   x1, 0x18
#3446 0 000000000001033a     e436 m 00000000fffff578 00000000fffff598  c.sdsp   x13, 0x8
#3449 0 000000000001034a 26113c23 m 00000000fffff568 0000000000010340  sd       x1, 0x278(x2)
#3450 0 000000000001034e 27213023 m 00000000fffff550 0000000000000000  sd       x18, 0x260(x2)
#3451 0 0000000000010352 25413823 m 00000000fffff540 0000000000000000  sd       x20, 0x250(x2)
#3452 0 0000000000010356 23913423 m 00000000fffff518 0000000000000000  sd       x25, 0x228(x2)
#3455 0 000000000001035e     e836 m 00000000fffff300 00000000fffff598  c.sdsp   x13, 0x10
#3456 0 0000000000010360 26813823 m 00000000fffff560 00000000ffffff50  sd       x8, 0x270(x2)
#3457 0 0000000000010364 26913423 m 00000000fffff558 0000000000000000  sd       x9, 0x268(x2)
#3458 0 0000000000010368 25313c23 m 00000000fffff548 0000000000000000  sd       x19, 0x258(x2)
#3459 0 000000000001036c 25513423 m 00000000fffff538 0000000000000000  sd       x21, 0x248(x2)
#3460 0 0000000000010370 25613023 m 00000000fffff530 0000000000000000  sd       x22, 0x240(x2)
#3461 0 0000000000010374 23713c23 m 00000000fffff528 0000000000000000  sd       x23, 0x238(x2)
#3462 0 0000000000010378 23813823 m 00000000fffff520 0000000000000000  sd       x24, 0x230(x2)
#3463 0 000000000001037c 23a13023 m 00000000fffff510 0000000000000000  sd       x26, 0x220(x2)
#3464 0 0000000000010380 21b13c23 m 00000000fffff508 0000000000000000  sd       x27, 0x218(x2)
#3471 0 000000000001038e     f8be m 00000000fffff360 000000000001c9b0  c.sdsp   x15, 0x70
#3492 0 0000000000010394     f4aa m 00000000fffff358 0000000000000001  c.sdsp   x10, 0x68
#3493 0 0000000000010396     e202 m 00000000fffff3f0 0000000000000000  c.sdsp   x0, 0x100
#3494 0 0000000000010398     e602 m 00000000fffff3f8 0000000000000000  c.sdsp   x0, 0x108
#3514 0 00000000000103fc     ea5a m 00000000fffff400 00000000fffff480  c.sdsp   x22, 0x110
#3515 0 00000000000103fe     ed3e m 00000000fffff388 3ffc000000000000  c.sdsp   x15, 0x98
#3518 0 0000000000010406     f202 m 00000000fffff410 0000000000000000  c.sdsp   x0, 0x120
#3519 0 0000000000010408 10012c23 m 00000000fffff408 0000000000000000  sw       x0, 0x118(x2)
#3520 0 000000000001040c     e93e m 00000000fffff380 4003000000000000  c.sdsp   x15, 0x90
#3523 0 0000000000010414     f002 m 00000000fffff310 0000000000000000  c.sdsp   x0, 0x20
#3524 0 0000000000010416     f402 m 00000000fffff318 0000000000000000  c.sdsp   x0, 0x28
#3525 0 0000000000010418     f13e m 00000000fffff390 3ffe000000000000  c.sdsp   x15, 0xa0
#3527 0 000000000001041e     fc82 m 00000000fffff368 0000000000000000  c.sdsp   x0, 0x78
#3528 0 0000000000010420     f082 m 00000000fffff350 0000000000000000  c.sdsp   x0, 0x60
#3529 0 0000000000010422     e102 m 00000000fffff370 0000000000000000  c.sdsp   x0, 0x80
#3530 0 0000000000010424     e502 m 00000000fffff378 0000000000000000  c.sdsp   x0, 0x88
#3531 0 0000000000010426     e402 m 00000000fffff2f8 0000000000000000  c.sdsp   x0, 0x8
#3557 0 000000000001044e 01933023 m 00000000fffff480 000000000001c460  sd       x25, 0x0(x6)
#3560 0 0000000000010456 00933423 m 00000000fffff488 0000000000000004  sd       x9, 0x8(x6)
#3561 0 000000000001045a     f23a m 00000000fffff410 0000000000000004  c.sdsp   x14, 0x120
#3562 0 000000000001045c 10f12c23 m 00000000fffff408 0000000000000001  sw       x15, 0x118(x2)
#3570 0 0000000000010474     e43a m 00000000fffff2f8 0000000000000004  c.sdsp   x14, 0x8
#3574 0 0000000000010480 0c010fa3 m 00000000fffff3cf 0000000000000000  sb       x0, 0xdf(x2)
#3610 0 0000000000011282     e83a m 00000000fffff300 00000000fffff5a0  c.sdsp   x14, 0x10
#3615 0 0000000000010f3c 193105a3 m 00000000fffff47b 0000000000000033  sb       x19, 0x18b(x2)
#3623 0 00000000000106d2     ec02 m 00000000fffff308 0000000000000000  c.sdsp   x0, 0x18
#3624 0 00000000000106d4     e482 m 00000000fffff338 0000000000000000  c.sdsp   x0, 0x48
#3625 0 00000000000106d6     ec82 m 00000000fffff348 0000000000000000  c.sdsp   x0, 0x58
#3626 0 00000000000106d8     e882 m 00000000fffff340 0000000000000000  c.sdsp   x0, 0x50
#3646 0 000000000001059e 01933023 m 00000000fffff490 00000000fffff47b  sd       x25, 0x0(x6)
#3649 0 00000000000105a8 01733423 m 00000000fffff498 0000000000000001  sd       x23, 0x8(x6)
#3650 0 00000000000105ac 10e12c23 m 00000000fffff408 0000000000000002  sw       x14, 0x118(x2)
#3651 0 00000000000105b0     f23e m 00000000fffff410 0000000000000005  c.sdsp   x15, 0x120
#3662 0 00000000000105d2     e43a m 00000000fffff2f8 0000000000000005  c.sdsp   x14, 0x8
#3674 0 0000000000018000     ec56 m 00000000fffff2b8 0000000000000000  c.sdsp   x21, 0x18
#3675 0 0000000000018002     e486 m 00000000fffff2e8 0000000000010f14  c.sdsp   x1, 0x48
#3676 0 0000000000018004     e0a2 m 00000000fffff2e0 000000000001c466  c.sdsp   x8, 0x40
#3677 0 0000000000018006     fc26 m 00000000fffff2d8 0000000000000000  c.sdsp   x9, 0x38
#3678 0 0000000000018008     f84a m 00000000fffff2d0 000000000001e878  c.sdsp   x18, 0x30
#3679 0 000000000001800a     f44e m 00000000fffff2c8 0000000000000001  c.sdsp   x19, 0x28
#3680 0 000000000001800c     f052 m 00000000fffff2c0 000000000001e290  c.sdsp   x20, 0x20
#3681 0 000000000001800e     e85a m 00000000fffff2b0 00000000fffff480  c.sdsp   x22, 0x10
#3682 0 0000000000018010     e45e m 00000000fffff2a8 0000000000000001  c.sdsp   x23, 0x8
#3691 0 00000000000191e8     e8a2 m 00000000fffff290 000000000001c466  c.sdsp   x8, 0x50
#3692 0 00000000000191ea     f852 m 00000000fffff270 000000000001e290  c.sdsp   x20, 0x30
#3693 0 00000000000191ec     f456 m 00000000fffff268 00000000fffff400  c.sdsp   x21, 0x28
#3694 0 00000000000191ee     ec86 m 00000000fffff298 000000000001809a  c.sdsp   x1, 0x58
#3695 0 00000000000191f0     e4a6 m 00000000fffff288 0000000000000000  c.sdsp   x9, 0x48
#3696 0 00000000000191f2     e0ca m 00000000fffff280 000000000001e878  c.sdsp   x18, 0x40
#3697 0 00000000000191f4     fc4e m 00000000fffff278 0000000000000001  c.sdsp   x19, 0x38
#3698 0 00000000000191f6     f05a m 00000000fffff260 00000000fffff480  c.sdsp   x22, 0x20
#3699 0 00000000000191f8     ec5e m 00000000fffff258 0000000000000001  c.sdsp   x23, 0x18
#3700 0 00000000000191fa     e862 m 00000000fffff250 fffffffffffffffe  c.sdsp   x24, 0x10
#3701 0 00000000000191fc     e466 m 00000000fffff248 00000000fffff47b  c.sdsp   x25, 0x8
#3702 0 00000000000191fe     e06a m 00000000fffff240 0000000000000064  c.sdsp   x26, 0x0
#3783 0 000000000001969e fee78fa3 m 0000000000020010 0000000000000069  sb       x14, -0x1(x15)
#3788 0 000000000001969e fee78fa3 m 0000000000020011 0000000000000020  sb       x14, -0x1(x15)
#3793 0 000000000001969e fee78fa3 m 0000000000020012 000000000000003d  sb       x14, -0x1(x15)
#3798 0 000000000001969e fee78fa3 m 0000000000020013 0000000000000020  sb       x14, -0x1(x15)
#3806 0 00000000000194c6     c454 m 000000000001e884 00000000fffffffc  c.sw     x13, 0xc(x8)
#3807 0 00000000000194c8     e018 m 000000000001e878 0000000000020014  c.sd     x14, 0x0(x8)
#3816 0 0000000000019358 009a3823 m 00000000fffff410 0000000000000001  sd       x9, 0x10(x20)
#3872 0 000000000001969e fee78fa3 m 0000000000020014 0000000000000033  sb       x14, -0x1(x15)
#3880 0 00000000000194c6     c454 m 000000000001e884 00000000fffffffb  c.sw     x13, 0xc(x8)
#3881 0 00000000000194c8     e018 m 000000000001e878 0000000000020015  c.sd     x14, 0x0(x8)
#3890 0 0000000000019358 009a3823 m 00000000fffff410 0000000000000000  sd       x9, 0x10(x20)
#3910 0 0000000000018066 000ab823 m 00000000fffff410 0000000000000000  sd       x0, 0x10(x21)
#3911 0 000000000001806a 000aa423 m 00000000fffff408 0000000000000000  sw       x0, 0x8(x21)
#3923 0 00000000000105da 10012c23 m 00000000fffff408 0000000000000000  sw       x0, 0x118(x2)
#3939 0 000000000001044e 01933023 m 00000000fffff480 000000000001c466  sd       x25, 0x0(x6)
#3942 0 0000000000010456 00933423 m 00000000fffff488 0000000000000001  sd       x9, 0x8(x6)
#3943 0 000000000001045a     f23a m 00000000fffff410 0000000000000001  c.sdsp   x14, 0x120
#3944 0 000000000001045c 10f12c23 m 00000000fffff408 0000000000000001  sw       x15, 0x118(x2)
#3952 0 0000000000010474     e43a m 00000000fffff2f8 0000000000000006  c.sdsp   x14, 0x8
#3967 0 0000000000018000     ec56 m 00000000fffff2b8 0000000000000000  c.sdsp   x21, 0x18
#3968 0 0000000000018002     e486 m 00000000fffff2e8 0000000000011864  c.sdsp   x1, 0x48
#3969 0 0000000000018004     e0a2 m 00000000fffff2e0 000000000001c467  c.sdsp   x8, 0x40
#3970 0 0000000000018006     fc26 m 00000000fffff2d8 0000000000000001  c.sdsp   x9, 0x38
#3971 0 0000000000018008     f84a m 00000000fffff2d0 000000000001e878  c.sdsp   x18, 0x30
#3972 0 000000000001800a     f44e m 00000000fffff2c8 0000000000000001  c.sdsp   x19, 0x28
#3973 0 000000000001800c     f052 m 00000000fffff2c0 000000000001e290  c.sdsp   x20, 0x20
#3974 0 000000000001800e     e85a m 00000000fffff2b0 00000000fffff480  c.sdsp   x22, 0x10
#3975 0 0000000000018010     e45e m 00000000fffff2a8 0000000000000001  c.sdsp   x23, 0x8
#3984 0 00000000000191e8     e8a2 m 00000000fffff290 000000000001c467  c.sdsp   x8, 0x50
#3985 0 00000000000191ea     f852 m 00000000fffff270 000000000001e290  c.sdsp   x20, 0x30
#3986 0 00000000000191ec     f456 m 00000000fffff268 00000000fffff400  c.sdsp   x21, 0x28
#3987 0 00000000000191ee     ec86 m 00000000fffff298 000000000001809a  c.sdsp   x1, 0x58
#3988 0 00000000000191f0     e4a6 m 00000000fffff288 0000000000000001  c.sdsp   x9, 0x48
#3989 0 00000000000191f2     e0ca m 00000000fffff280 000000000001e878  c.sdsp   x18, 0x40
#3990 0 00000000000191f4     fc4e m 00000000fffff278 0000000000000001  c.sdsp   x19, 0x38
#3991 0 00000000000191f6     f05a m 00000000fffff260 00000000fffff480  c.sdsp   x22, 0x20
#3992 0 00000000000191f8     ec5e m 00000000fffff258 0000000000000001  c.sdsp   x23, 0x18
#3993 0 00000000000191fa     e862 m 00000000fffff250 fffffffffffffffe  c.sdsp   x24, 0x10
#3994 0 00000000000191fc     e466 m 00000000fffff248 000000000001c466  c.sdsp   x25, 0x8
#3995 0 00000000000191fe     e06a m 00000000fffff240 0000000000000064  c.sdsp   x26, 0x0
#4062 0 000000000001969e fee78fa3 m 0000000000020015 000000000000000a  sb       x14, -0x1(x15)
#4070 0 00000000000194c6     c454 m 000000000001e884 00000000fffffffa  c.sw     x13, 0xc(x8)
#4071 0 00000000000194c8     e018 m 000000000001e878 0000000000020016  c.sd     x14, 0x0(x8)
#4080 0 0000000000012290     e822 m 00000000fffff230 000000000001e878  c.sdsp   x8, 0x10
#4081 0 0000000000012292     ec06 m 00000000fffff238 0000000000019384  c.sdsp   x1, 0x18
#4095 0 0000000000012102     f022 m 00000000fffff230 000000000001e878  c.sdsp   x8, 0x20
#4096 0 0000000000012104     e44e m 00000000fffff218 0000000000000000  c.sdsp   x19, 0x8
#4097 0 0000000000012106     f406 m 00000000fffff238 0000000000019384  c.sdsp   x1, 0x28
#4098 0 0000000000012108     ec26 m 00000000fffff228 0000000000000001  c.sdsp   x9, 0x18
#4099 0 000000000001210a     e84a m 00000000fffff220 00000000fffff490  c.sdsp   x18, 0x10
#4110 0 00000000000121da 0125b023 m 000000000001e878 0000000000020010  sd       x18, 0x0(x11)
#4114 0 00000000000121e8     c45c m 000000000001e884 0000000000000000  c.sw     x15, 0xc(x8)
#4124 0 00000000000161ca     f022 m 00000000fffff200 000000000001e878  c.sdsp   x8, 0x20
#4125 0 00000000000161cc     ec26 m 00000000fffff1f8 0000000000000006  c.sdsp   x9, 0x18
#4126 0 00000000000161ce     e84a m 00000000fffff1f0 0000000000020010  c.sdsp   x18, 0x10
#4127 0 00000000000161d0     e44e m 00000000fffff1e8 000000000001e290  c.sdsp   x19, 0x8
#4128 0 00000000000161d2     f406 m 00000000fffff208 0000000000012202  c.sdsp   x1, 0x28
#4139 0 00000000000161ec 00f41823 m 000000000001e888 0000000000002889  sh       x15, 0x10(x8)
#4152 0 0000000000018dac     e822 m 00000000fffff200 000000000001e878  c.sdsp   x8, 0x10
#4153 0 0000000000018dae     e426 m 00000000fffff1f8 0000000000000006  c.sdsp   x9, 0x8
#4158 0 0000000000018db8     ec06 m 00000000fffff208 0000000000012202  c.sdsp   x1, 0x18
#4159 0 0000000000018dba 7801a823 m 000000000001f408 0000000000000000  sw       x0, 0x790(x3)
#4162 0 000000000001afc8     e406 m 00000000fffff1e8 0000000000018dc2  c.sdsp   x1, 0x8
#4163 0 000000000001afca     e022 m 00000000fffff1e0 000000000001e290  c.sdsp   x8, 0x0
#4197 0 0000000000019358 009a3823 m 00000000fffff410 0000000000000000  sd       x9, 0x10(x20)
#4217 0 0000000000018066 000ab823 m 00000000fffff410 0000000000000000  sd       x0, 0x10(x21)
#4218 0 000000000001806a 000aa423 m 00000000fffff408 0000000000000000  sw       x0, 0x8(x21)
#4253 0 000000000001018a fef42623 m 00000000ffffff3c 0000000000000004  sw       x15, -0x14(x8)
#4265 0 0000000000010320     f832 m 00000000fffff5a0 0000000000000006  c.sdsp   x12, 0x30
#4266 0 0000000000010322     fc36 m 00000000fffff5a8 0000000000000006  c.sdsp   x13, 0x38
#4267 0 0000000000010324     f42e m 00000000fffff598 0000000000000004  c.sdsp   x11, 0x28
#4268 0 0000000000010326     e0ba m 00000000fffff5b0 0000000000000004  c.sdsp   x14, 0x40
#4269 0 0000000000010328     e4be m 00000000fffff5b8 000000000001c000  c.sdsp   x15, 0x48
#4270 0 000000000001032a     e8c2 m 00000000fffff5c0 0000000000000000  c.sdsp   x16, 0x50
#4271 0 000000000001032c     ecc6 m 00000000fffff5c8 0000000000000040  c.sdsp   x17, 0x58
#4276 0 0000000000010338     ec06 m 00000000fffff588 0000000000010184  c.sdsp   x1, 0x18
#4277 0 000000000001033a     e436 m 00000000fffff578 00000000fffff598  c.sdsp   x13, 0x8
#4280 0 000000000001034a 26113c23 m 00000000fffff568 0000000000010340  sd       x1, 0x278(x2)
#4281 0 000000000001034e 27213023 m 00000000fffff550 0000000000000000  sd       x18, 0x260(x2)
#4282 0 0000000000010352 25413823 m 00000000fffff540 0000000000000000  sd       x20, 0x250(x2)
#4283 0 0000000000010356 23913423 m 00000000fffff518 0000000000000000  sd       x25, 0x228(x2)
#4286 0 000000000001035e     e836 m 00000000fffff300 00000000fffff598  c.sdsp   x13, 0x10
#4287 0 0000000000010360 26813823 m 00000000fffff560 00000000ffffff50  sd       x8, 0x270(x2)
#4288 0 0000000000010364 26913423 m 00000000fffff558 0000000000000000  sd       x9, 0x268(x2)
#4289 0 0000000000010368 25313c23 m 00000000fffff548 0000000000000000  sd       x19, 0x258(x2)
#4290 0 000000000001036c 25513423 m 00000000fffff538 0000000000000000  sd       x21, 0x248(x2)
#4291 0 0000000000010370 25613023 m 00000000fffff530 0000000000000000  sd       x22, 0x240(x2)
#4292 0 0000000000010374 23713c23 m 00000000fffff528 0000000000000000  sd       x23, 0x238(x2)
#4293 0 0000000000010378 23813823 m 00000000fffff520 0000000000000000  sd       x24, 0x230(x2)
#4294 0 000000000001037c 23a13023 m 00000000fffff510 0000000000000000  sd       x26, 0x220(x2)
#4295 0 0000000000010380 21b13c23 m 00000000fffff508 0000000000000000  sd       x27, 0x218(x2)
#4302 0 000000000001038e     f8be m 00000000fffff360 000000000001c9b0  c.sdsp   x15, 0x70
#4323 0 0000000000010394     f4aa m 00000000fffff358 0000000000000001  c.sdsp   x10, 0x68
#4324 0 0000000000010396     e202 m 00000000fffff3f0 0000000000000000  c.sdsp   x0, 0x100
#4325 0 0000000000010398     e602 m 00000000fffff3f8 0000000000000000  c.sdsp   x0, 0x108
#4345 0 00000000000103fc     ea5a m 00000000fffff400 00000000fffff480  c.sdsp   x22, 0x110
#4346 0 00000000000103fe     ed3e m 00000000fffff388 3ffc000000000000  c.sdsp   x15, 0x98
#4349 0 0000000000010406     f202 m 00000000fffff410 0000000000000000  c.sdsp   x0, 0x120
#4350 0 0000000000010408 10012c23 m 00000000fffff408 0000000000000000  sw       x0, 0x118(x2)
#4351 0 000000000001040c     e93e m 00000000fffff380 4003000000000000  c.sdsp   x15, 0x90
#4354 0 0000000000010414     f002 m 00000000fffff310 0000000000000000  c.sdsp   x0, 0x20
#4355 0 0000000000010416     f402 m 00000000fffff318 0000000000000000  c.sdsp   x0, 0x28
#4356 0 0000000000010418     f13e m 00000000fffff390 3ffe000000000000  c.sdsp   x15, 0xa0
#4358 0 000000000001041e     fc82 m 00000000fffff368 0000000000000000  c.sdsp   x0, 0x78
#4359 0 0000000000010420     f082 m 00000000fffff350 0000000000000000  c.sdsp   x0, 0x60
#4360 0 0000000000010422     e102 m 00000000fffff370 0000000000000000  c.sdsp   x0, 0x80
#4361 0 0000000000010424     e502 m 00000000fffff378 0000000000000000  c.sdsp   x0, 0x88
#4362 0 0000000000010426     e402 m 00000000fffff2f8 0000000000000000  c.sdsp   x0, 0x8
#4388 0 000000000001044e 01933023 m 00000000fffff480 000000000001c460  sd       x25, 0x0(x6)
#4391 0 0000000000010456 00933423 m 00000000fffff488 0000000000000004  sd       x9, 0x8(x6)
#4392 0 000000000001045a     f23a m 00000000fffff410 0000000000000004  c.sdsp   x14, 0x120
#4393 0 000000000001045c 10f12c23 m 00000000fffff408 0000000000000001  sw       x15, 0x118(x2)
#4401 0 0000000000010474     e43a m 00000000fffff2f8 0000000000000004  c.sdsp   x14, 0x8
#4405 0 0000000000010480 0c010fa3 m 00000000fffff3cf 0000000000000000  sb       x0, 0xdf(x2)
#4441 0 0000000000011282     e83a m 00000000fffff300 00000000fffff5a0  c.sdsp   x14, 0x10
#4446 0 0000000000010f3c 193105a3 m 00000000fffff47b 0000000000000034  sb       x19, 0x18b(x2)
#4454 0 00000000000106d2     ec02 m 00000000fffff308 0000000000000000  c.sdsp   x0, 0x18
#4455 0 00000000000106d4     e482 m 00000000fffff338 0000000000000000  c.sdsp   x0, 0x48
#4456 0 00000000000106d6     ec82 m 00000000fffff348 0000000000000000  c.sdsp   x0, 0x58
#4457 0 00000000000106d8     e882 m 00000000fffff340 0000000000000000  c.sdsp   x0, 0x50
#4477 0 000000000001059e 01933023 m 00000000fffff490 00000000fffff47b  sd       x25, 0x0(x6)
#4480 0 00000000000105a8 01733423 m 00000000fffff498 0000000000000001  sd       x23, 0x8(x6)
#4481 0 00000000000105ac 10e12c23 m 00000000fffff408 0000000000000002  sw       x14, 0x118(x2)
#4482 0 00000000000105b0     f23e m 00000000fffff410 0000000000000005  c.sdsp   x15, 0x120
#4493 0 00000000000105d2     e43a m 00000000fffff2f8 0000000000000005  c.sdsp   x14, 0x8
#4505 0 0000000000018000     ec56 m 00000000fffff2b8 0000000000000000  c.sdsp   x21, 0x18
#4506 0 0000000000018002     e486 m 00000000fffff2e8 0000000000010f14  c.sdsp   x1, 0x48
#4507 0 0000000000018004     e0a2 m 00000000fffff2e0 000000000001c466  c.sdsp   x8, 0x40
#4508 0 0000000000018006     fc26 m 00000000fffff2d8 0000000000000000  c.sdsp   x9, 0x38
#4509 0 0000000000018008     f84a m 00000000fffff2d0 000000000001e878  c.sdsp   x18, 0x30
#4510 0 000000000001800a     f44e m 00000000fffff2c8 0000000000000001  c.sdsp   x19, 0x28
#4511 0 000000000001800c     f052 m 00000000fffff2c0 000000000001e290  c.sdsp   x20, 0x20
#4512 0 000000000001800e     e85a m 00000000fffff2b0 00000000fffff480  c.sdsp   x22, 0x10
#4513 0 0000000000018010     e45e m 00000000fffff2a8 0000000000000001  c.sdsp   x23, 0x8
#4522 0 00000000000191e8     e8a2 m 00000000fffff290 000000000001c466  c.sdsp   x8, 0x50
#4523 0 00000000000191ea     f852 m 00000000fffff270 000000000001e290  c.sdsp   x20, 0x30
#4524 0 00000000000191ec     f456 m 00000000fffff268 00000000fffff400  c.sdsp   x21, 0x28
#4525 0 00000000000191ee     ec86 m 00000000fffff298 000000000001809a  c.sdsp   x1, 0x58
#4526 0 00000000000191f0     e4a6 m 00000000fffff288 0000000000000000  c.sdsp   x9, 0x48
#4527 0 00000000000191f2     e0ca m 00000000fffff280 000000000001e878  c.sdsp   x18, 0x40
#4528 0 00000000000191f4     fc4e m 00000000fffff278 0000000000000001  c.sdsp   x19, 0x38
#4529 0 00000000000191f6     f05a m 00000000fffff260 00000000fffff480  c.sdsp   x22, 0x20
#4530 0 00000000000191f8     ec5e m 00000000fffff258 0000000000000001  c.sdsp   x23, 0x18
#4531 0 00000000000191fa     e862 m 00000000fffff250 fffffffffffffffe  c.sdsp   x24, 0x10
#4532 0 00000000000191fc     e466 m 00000000fffff248 00000000fffff47b  c.sdsp   x25, 0x8
#4533 0 00000000000191fe     e06a m 00000000fffff240 0000000000000064  c.sdsp   x26, 0x0
#4614 0 000000000001969e fee78fa3 m 0000000000020010 0000000000000069  sb       x14, -0x1(x15)
#4619 0 000000000001969e fee78fa3 m 0000000000020011 0000000000000020  sb       x14, -0x1(x15)
#4624 0 000000000001969e fee78fa3 m 0000000000020012 000000000000003d  sb       x14, -0x1(x15)
#4629 0 000000000001969e fee78fa3 m 0000000000020013 0000000000000020  sb       x14, -0x1(x15)
#4637 0 00000000000194c6     c454 m 000000000001e884 00000000fffffffc  c.sw     x13, 0xc(x8)
#4638 0 00000000000194c8     e018 m 000000000001e878 0000000000020014  c.sd     x14, 0x0(x8)
#4647 0 0000000000019358 009a3823 m 00000000fffff410 0000000000000001  sd       x9, 0x10(x20)
#4703 0 000000000001969e fee78fa3 m 0000000000020014 0000000000000034  sb       x14, -0x1(x15)
#4711 0 00000000000194c6     c454 m 000000000001e884 00000000fffffffb  c.sw     x13, 0xc(x8)
#4712 0 00000000000194c8     e018 m 000000000001e878 0000000000020015  c.sd     x14, 0x0(x8)
#4721 0 0000000000019358 009a3823 m 00000000fffff410 0000000000000000  sd       x9, 0x10(x20)
#4741 0 0000000000018066 000ab823 m 00000000fffff410 0000000000000000  sd       x0, 0x10(x21)
#4742 0 000000000001806a 000aa423 m 00000000fffff408 0000000000000000  sw       x0, 0x8(x21)
#4754 0 00000000000105da 10012c23 m 00000000fffff408 0000000000000000  sw       x0, 0x118(x2)
#4770 0 000000000001044e 01933023 m 00000000fffff480 000000000001c466  sd       x25, 0x0(x6)
#4773 0 0000000000010456 00933423 m 00000000fffff488 0000000000000001  sd       x9, 0x8(x6)
#4774 0 000000000001045a     f23a m 00000000fffff410 0000000000000001  c.sdsp   x14, 0x120
#4775 0 000000000001045c 10f12c23 m 00000000fffff408 0000000000000001  sw       x15, 0x118(x2)
#4783 0 0000000000010474     e43a m 00000000fffff2f8 0000000000000006  c.sdsp   x14, 0x8
#4798 0 0000000000018000     ec56 m 00000000fffff2b8 0000000000000000  c.sdsp   x21, 0x18
#4799 0 0000000000018002     e486 m 00000000fffff2e8 0000000000011864  c.sdsp   x1, 0x48
#4800 0 0000000000018004     e0a2 m 00000000fffff2e0 000000000001c467  c.sdsp   x8, 0x40
#4801 0 0000000000018006     fc26 m 00000000fffff2d8 0000000000000001  c.sdsp   x9, 0x38
#4802 0 0000000000018008     f84a m 00000000fffff2d0 000000000001e878  c.sdsp   x18, 0x30
#4803 0 000000000001800a     f44e m 00000000fffff2c8 0000000000000001  c.sdsp   x19, 0x28
#4804 0 000000000001800c     f052 m 00000000fffff2c0 000000000001e290  c.sdsp   x20, 0x20
#4805 0 000000000001800e     e85a m 00000000fffff2b0 00000000fffff480  c.sdsp   x22, 0x10
#4806 0 0000000000018010     e45e m 00000000fffff2a8 0000000000000001  c.sdsp   x23, 0x8
#4815 0 00000000000191e8     e8a2 m 00000000fffff290 000000000001c467  c.sdsp   x8, 0x50
#4816 0 00000000000191ea     f852 m 00000000fffff270 000000000001e290  c.sdsp   x20, 0x30
#4817 0 00000000000191ec     f456 m 00000000fffff268 00000000fffff400  c.sdsp   x21, 0x28
#4818 0 00000000000191ee     ec86 m 00000000fffff298 000000000001809a  c.sdsp   x1, 0x58
#4819 0 00000000000191f0     e4a6 m 00000000fffff288 0000000000000001  c.sdsp   x9, 0x48
#4820 0 00000000000191f2     e0ca m 00000000fffff280 000000000001e878  c.sdsp   x18, 0x40
#4821 0 00000000000191f4     fc4e m 00000000fffff278 0000000000000001  c.sdsp   x19, 0x38
#4822 0 00000000000191f6     f05a m 00000000fffff260 00000000fffff480  c.sdsp   x22, 0x20
#4823 0 00000000000191f8     ec5e m 00000000fffff258 0000000000000001  c.sdsp   x23, 0x18
#4824 0 00000000000191fa     e862 m 00000000fffff250 fffffffffffffffe  c.sdsp   x24, 0x10
#4825 0 00000000000191fc     e466 m 00000000fffff248 000000000001c466  c.sdsp   x25, 0x8
#4826 0 00000000000191fe     e06a m 00000000fffff240 0000000000000064  c.sdsp   x26, 0x0
#4893 0 000000000001969e fee78fa3 m 0000000000020015 000000000000000a  sb       x14, -0x1(x15)
#4901 0 00000000000194c6     c454 m 000000000001e884 00000000fffffffa  c.sw     x13, 0xc(x8)
#4902 0 00000000000194c8     e018 m 000000000001e878 0000000000020016  c.sd     x14, 0x0(x8)
#4911 0 0000000000012290     e822 m 00000000fffff230 000000000001e878  c.sdsp   x8, 0x10
#4912 0 0000000000012292     ec06 m 00000000fffff238 0000000000019384  c.sdsp   x1, 0x18
#4926 0 0000000000012102     f022 m 00000000fffff230 000000000001e878  c.sdsp   x8, 0x20
#4927 0 0000000000012104     e44e m 00000000fffff218 0000000000000000  c.sdsp   x19, 0x8
#4928 0 0000000000012106     f406 m 00000000fffff238 0000000000019384  c.sdsp   x1, 0x28
#4929 0 0000000000012108     ec26 m 00000000fffff228 0000000000000001  c.sdsp   x9, 0x18
#4930 0 000000000001210a     e84a m 00000000fffff220 00000000fffff490  c.sdsp   x18, 0x10
#4941 0 00000000000121da 0125b023 m 000000000001e878 0000000000020010  sd       x18, 0x0(x11)
#4945 0 00000000000121e8     c45c m 000000000001e884 0000000000000000  c.sw     x15, 0xc(x8)
#4955 0 00000000000161ca     f022 m 00000000fffff200 000000000001e878  c.sdsp   x8, 0x20
#4956 0 00000000000161cc     ec26 m 00000000fffff1f8 0000000000000006  c.sdsp   x9, 0x18
#4957 0 00000000000161ce     e84a m 00000000fffff1f0 0000000000020010  c.sdsp   x18, 0x10
#4958 0 00000000000161d0     e44e m 00000000fffff1e8 000000000001e290  c.sdsp   x19, 0x8
#4959 0 00000000000161d2     f406 m 00000000fffff208 0000000000012202  c.sdsp   x1, 0x28
#4970 0 00000000000161ec 00f41823 m 000000000001e888 0000000000002889  sh       x15, 0x10(x8)
#4983 0 0000000000018dac     e822 m 00000000fffff200 000000000001e878  c.sdsp   x8, 0x10
#4984 0 0000000000018dae     e426 m 00000000fffff1f8 0000000000000006  c.sdsp   x9, 0x8
#4989 0 0000000000018db8     ec06 m 00000000fffff208 0000000000012202  c.sdsp   x1, 0x18
#4990 0 0000000000018dba 7801a823 m 000000000001f408 0000000000000000  sw       x0, 0x790(x3)
#4993 0 000000000001afc8     e406 m 00000000fffff1e8 0000000000018dc2  c.sdsp   x1, 0x8
#4994 0 000000000001afca     e022 m 00000000fffff1e0 000000000001e290  c.sdsp   x8, 0x0
#5028 0 0000000000019358 009a3823 m 00000000fffff410 0000000000000000  sd       x9, 0x10(x20)
#5048 0 0000000000018066 000ab823 m 00000000fffff410 0000000000000000  sd       x0, 0x10(x21)
#5049 0 000000000001806a 000aa423 m 00000000fffff408 0000000000000000  sw       x0, 0x8(x21)
#5084 0 000000000001018a fef42623 m 00000000ffffff3c 0000000000000005  sw       x15, -0x14(x8)
#5096 0 0000000000010320     f832 m 00000000fffff5a0 0000000000000006  c.sdsp   x12, 0x30
#5097 0 0000000000010322     fc36 m 00000000fffff5a8 0000000000000006  c.sdsp   x13, 0x38
#5098 0 0000000000010324     f42e m 00000000fffff598 0000000000000005  c.sdsp   x11, 0x28
#5099 0 0000000000010326     e0ba m 00000000fffff5b0 0000000000000005  c.sdsp   x14, 0x40
#5100 0 0000000000010328     e4be m 00000000fffff5b8 000000000001c000  c.sdsp   x15, 0x48
#5101 0 000000000001032a     e8c2 m 00000000fffff5c0 0000000000000000  c.sdsp   x16, 0x50
#5102 0 000000000001032c     ecc6 m 00000000fffff5c8 0000000000000040  c.sdsp   x17, 0x58
#5107 0 0000000000010338     ec06 m 00000000fffff588 0000000000010184  c.sdsp   x1, 0x18
#5108 0 000000000001033a     e436 m 00000000fffff578 00000000fffff598  c.sdsp   x13, 0x8
#5111 0 000000000001034a 26113c23 m 00000000fffff568 0000000000010340  sd       x1, 0x278(x2)
#5112 0 000000000001034e 27213023 m 00000000fffff550 0000000000000000  sd       x18, 0x260(x2)
#5113 0 0000000000010352 25413823 m 00000000fffff540 0000000000000000  sd       x20, 0x250(x2)
#5114 0 0000000000010356 23913423 m 00000000fffff518 0000000000000000  sd       x25, 0x228(x2)
#5117 0 000000000001035e     e836 m 00000000fffff300 00000000fffff598  c.sdsp   x13, 0x10
#5118 0 0000000000010360 26813823 m 00000000fffff560 00000000ffffff50  sd       x8, 0x270(x2)
#5119 0 0000000000010364 26913423 m 00000000fffff558 0000000000000000  sd       x9, 0x268(x2)
#5120 0 0000000000010368 25313c23 m 00000000fffff548 0000000000000000  sd       x19, 0x258(x2)
#5121 0 000000000001036c 25513423 m 00000000fffff538 0000000000000000  sd       x21, 0x248(x2)
#5122 0 0000000000010370 25613023 m 00000000fffff530 0000000000000000  sd       x22, 0x240(x2)
#5123 0 0000000000010374 23713c23 m 00000000fffff528 0000000000000000  sd       x23, 0x238(x2)
#5124 0 0000000000010378 23813823 m 00000000fffff520 0000000000000000  sd       x24, 0x230(x2)
#5125 0 000000000001037c 23a13023 m 00000000fffff510 0000000000000000  sd       x26, 0x220(x2)
#5126 0 0000000000010380 21b13c23 m 00000000fffff508 0000000000000000  sd       x27, 0x218(x2)
#5133 0 000000000001038e     f8be m 00000000fffff360 000000000001c9b0  c.sdsp   x15, 0x70
#5154 0 0000000000010394     f4aa m 00000000fffff358 0000000000000001  c.sdsp   x10, 0x68
#5155 0 0000000000010396     e202 m 00000000fffff3f0 0000000000000000  c.sdsp   x0, 0x100
#5156 0 0000000000010398     e602 m 00000000fffff3f8 0000000000000000  c.sdsp   x0, 0x108
#5176 0 00000000000103fc     ea5a m 00000000fffff400 00000000fffff480  c.sdsp   x22, 0x110
#5177 0 00000000000103fe     ed3e m 00000000fffff388 3ffc000000000000  c.sdsp   x15, 0x98
#5180 0 0000000000010406     f202 m 00000000fffff410 0000000000000000  c.sdsp   x0, 0x120
#5181 0 0000000000010408 10012c23 m 00000000fffff408 0000000000000000  sw       x0, 0x118(x2)
#5182 0 000000000001040c     e93e m 00000000fffff380 4003000000000000  c.sdsp   x15, 0x90
#5185 0 0000000000010414     f002 m 00000000fffff310 0000000000000000  c.sdsp   x0, 0x20
#5186 0 0000000000010416     f402 m 00000000fffff318 0000000000000000  c.sdsp   x0, 0x28
#5187 0 0000000000010418     f13e m 00000000fffff390 3ffe000000000000  c.sdsp   x15, 0xa0
#5189 0 000000000001041e     fc82 m 00000000fffff368 0000000000000000  c.sdsp   x0, 0x78
#5190 0 0000000000010420     f082 m 00000000fffff350 0000000000000000  c.sdsp   x0, 0x60
#5191 0 0000000000010422     e102 m 00000000fffff370 0000000000000000  c.sdsp   x0, 0x80
#5192 0 0000000000010424     e502 m 00000000fffff378 0000000000000000  c.sdsp   x0, 0x88
#5193 0 0000000000010426     e402 m 00000000fffff2f8 0000000000000000  c.sdsp   x0, 0x8
#5219 0 000000000001044e 01933023 m 00000000fffff480 000000000001c460  sd       x25, 0x0(x6)
#5222 0 0000000000010456 00933423 m 00000000fffff488 0000000000000004  sd       x9, 0x8(x6)
#5223 0 000000000001045a     f23a m 00000000fffff410 0000000000000004  c.sdsp   x14, 0x120
#5224 0 000000000001045c 10f12c23 m 00000000fffff408 0000000000000001  sw       x15, 0x118(x2)
#5232 0 0000000000010474     e43a m 00000000fffff2f8 0000000000000004  c.sdsp   x14, 0x8
#5236 0 0000000000010480 0c010fa3 m 00000000fffff3cf 0000000000000000  sb       x0, 0xdf(x2)
#5272 0 0000000000011282     e83a m 00000000fffff300 00000000fffff5a0  c.sdsp   x14, 0x10
#5277 0 0000000000010f3c 193105a3 m 00000000fffff47b 0000000000000035  sb       x19, 0x18b(x2)
#5285 0 00000000000106d2     ec02 m 00000000fffff308 0000000000000000  c.sdsp   x0, 0x18
#5286 0 00000000000106d4     e482 m 00000000fffff338 0000000000000000  c.sdsp   x0, 0x48
#5287 0 00000000000106d6     ec82 m 00000000fffff348 0000000000000000  c.sdsp   x0, 0x58
#5288 0 00000000000106d8     e882 m 00000000fffff340 0000000000000000  c.sdsp   x0, 0x50
#5308 0 000000000001059e 01933023 m 00000000fffff490 00000000fffff47b  sd       x25, 0x0(x6)
#5311 0 00000000000105a8 01733423 m 00000000fffff498 0000000000000001  sd       x23, 0x8(x6)
#5312 0 00000000000105ac 10e12c23 m 00000000fffff408 0000000000000002  sw       x14, 0x118(x2)
#5313 0 00000000000105b0     f23e m 00000000fffff410 0000000000000005  c.sdsp   x15, 0x120
#5324 0 00000000000105d2     e43a m 00000000fffff2f8 0000000000000005  c.sdsp   x14, 0x8
#5336 0 0000000000018000     ec56 m 00000000fffff2b8 0000000000000000  c.sdsp   x21, 0x18
#5337 0 0000000000018002     e486 m 00000000fffff2e8 0000000000010f14  c.sdsp   x1, 0x48
#5338 0 0000000000018004     e0a2 m 00000000fffff2e0 000000000001c466  c.sdsp   x8, 0x40
#5339 0 0000000000018006     fc26 m 00000000fffff2d8 0000000000000000  c.sdsp   x9, 0x38
#5340 0 0000000000018008     f84a m 00000000fffff2d0 000000000001e878  c.sdsp   x18, 0x30
#5341 0 000000000001800a     f44e m 00000000fffff2c8 0000000000000001  c.sdsp   x19, 0x28
#5342 0 000000000001800c     f052 m 00000000fffff2c0 000000000001e290  c.sdsp   x20, 0x20
#5343 0 000000000001800e     e85a m 00000000fffff2b0 00000000fffff480  c.sdsp   x22, 0x10
#5344 0 0000000000018010     e45e m 00000000fffff2a8 0000000000000001  c.sdsp   x23, 0x8
#5353 0 00000000000191e8     e8a2 m 00000000fffff290 000000000001c466  c.sdsp   x8, 0x50
#5354 0 00000000000191ea     f852 m 00000000fffff270 000000000001e290  c.sdsp   x20, 0x30
#5355 0 00000000000191ec     f456 m 00000000fffff268 00000000fffff400  c.sdsp   x21, 0x28
#5356 0 00000000000191ee     ec86 m 00000000fffff298 000000000001809a  c.sdsp   x1, 0x58
#5357 0 00000000000191f0     e4a6 m 00000000fffff288 0000000000000000  c.sdsp   x9, 0x48
#5358 0 00000000000191f2     e0ca m 00000000fffff280 000000000001e878  c.sdsp   x18, 0x40
#5359 0 00000000000191f4     fc4e m 00000000fffff278 0000000000000001  c.sdsp   x19, 0x38
#5360 0 00000000000191f6     f05a m 00000000fffff260 00000000fffff480  c.sdsp   x22, 0x20
#5361 0 00000000000191f8     ec5e m 00000000fffff258 0000000000000001  c.sdsp   x23, 0x18
#5362 0 00000000000191fa     e862 m 00000000fffff250 fffffffffffffffe  c.sdsp   x24, 0x10
#5363 0 00000000000191fc     e466 m 00000000fffff248 00000000fffff47b  c.sdsp   x25, 0x8
#5364 0 00000000000191fe     e06a m 00000000fffff240 0000000000000064  c.sdsp   x26, 0x0
#5445 0 000000000001969e fee78fa3 m 0000000000020010 0000000000000069  sb       x14, -0x1(x15)
#5450 0 000000000001969e fee78fa3 m 0000000000020011 0000000000000020  sb       x14, -0x1(x15)
#5455 0 000000000001969e fee78fa3 m 0000000000020012 000000000000003d  sb       x14, -0x1(x15)
#5460 0 000000000001969e fee78fa3 m 0000000000020013 0000000000000020  sb       x14, -0x1(x15)
#5468 0 00000000000194c6     c454 m 000000000001e884 00000000fffffffc  c.sw     x13, 0xc(x8)
#5469 0 00000000000194c8     e018 m 000000000001e878 0000000000020014  c.sd     x14, 0x0(x8)
#5478 0 0000000000019358 009a3823 m 00000000fffff410 0000000000000001  sd       x9, 0x10(x20)
#5534 0 000000000001969e fee78fa3 m 0000000000020014 0000000000000035  sb       x14, -0x1(x15)
#5542 0 00000000000194c6     c454 m 000000000001e884 00000000fffffffb  c.sw     x13, 0xc(x8)
#5543 0 00000000000194c8     e018 m 000000000001e878 0000000000020015  c.sd     x14, 0x0(x8)
#5552 0 0000000000019358 009a3823 m 00000000fffff410 0000000000000000  sd       x9, 0x10(x20)
#5572 0 0000000000018066 000ab823 m 00000000fffff410 0000000000000000  sd       x0, 0x10(x21)
#5573 0 000000000001806a 000aa423 m 00000000fffff408 0000000000000000  sw       x0, 0x8(x21)
#5585 0 00000000000105da 10012c23 m 00000000fffff408 0000000000000000  sw       x0, 0x118(x2)
#5601 0 000000000001044e 01933023 m 00000000fffff480 000000000001c466  sd       x25, 0x0(x6)
#5604 0 0000000000010456 00933423 m 00000000fffff488 0000000000000001  sd       x9, 0x8(x6)
#5605 0 000000000001045a     f23a m 00000000fffff410 0000000000000001  c.sdsp   x14, 0x120
#5606 0 000000000001045c 10f12c23 m 00000000fffff408 0000000000000001  sw       x15, 0x118(x2)
#5614 0 0000000000010474     e43a m 00000000fffff2f8 0000000000000006  c.sdsp   x14, 0x8
#5629 0 0000000000018000     ec56 m 00000000fffff2b8 0000000000000000  c.sdsp   x21, 0x18
#5630 0 0000000000018002     e486 m 00000000fffff2e8 0000000000011864  c.sdsp   x1, 0x48
#5631 0 0000000000018004     e0a2 m 00000000fffff2e0 000000000001c467  c.sdsp   x8, 0x40
#5632 0 0000000000018006     fc26 m 00000000fffff2d8 0000000000000001  c.sdsp   x9, 0x38
#5633 0 0000000000018008     f84a m 00000000fffff2d0 000000000001e878  c.sdsp   x18, 0x30
#5634 0 000000000001800a     f44e m 00000000fffff2c8 0000000000000001  c.sdsp   x19, 0x28
#5635 0 000000000001800c     f052 m 00000000fffff2c0 000000000001e290  c.sdsp   x20, 0x20
#5636 0 000000000001800e     e85a m 00000000fffff2b0 00000000fffff480  c.sdsp   x22, 0x10
#5637 0 0000000000018010     e45e m 00000000fffff2a8 0000000000000001  c.sdsp   x23, 0x8
#5646 0 00000000000191e8     e8a2 m 00000000fffff290 000000000001c467  c.sdsp   x8, 0x50
#5647 0 00000000000191ea     f852 m 00000000fffff270 000000000001e290  c.sdsp   x20, 0x30
#5648 0 00000000000191ec     f456 m 00000000fffff268 00000000fffff400  c.sdsp   x21, 0x28
#5649 0 00000000000191ee     ec86 m 00000000fffff298 000000000001809a  c.sdsp   x1, 0x58
#5650 0 00000000000191f0     e4a6 m 00000000fffff288 0000000000000001  c.sdsp   x9, 0x48
#5651 0 00000000000191f2     e0ca m 00000000fffff280 000000000001e878  c.sdsp   x18, 0x40
#5652 0 00000000000191f4     fc4e m 00000000fffff278 0000000000000001  c.sdsp   x19, 0x38
#5653 0 00000000000191f6     f05a m 00000000fffff260 00000000fffff480  c.sdsp   x22, 0x20
#5654 0 00000000000191f8     ec5e m 00000000fffff258 0000000000000001  c.sdsp   x23, 0x18
#5655 0 00000000000191fa     e862 m 00000000fffff250 fffffffffffffffe  c.sdsp   x24, 0x10
#5656 0 00000000000191fc     e466 m 00000000fffff248 000000000001c466  c.sdsp   x25, 0x8
#5657 0 00000000000191fe     e06a m 00000000fffff240 0000000000000064  c.sdsp   x26, 0x0
#5724 0 000000000001969e fee78fa3 m 0000000000020015 000000000000000a  sb       x14, -0x1(x15)
#5732 0 00000000000194c6     c454 m 000000000001e884 00000000fffffffa  c.sw     x13, 0xc(x8)
#5733 0 00000000000194c8     e018 m 000000000001e878 0000000000020016  c.sd     x14, 0x0(x8)
#5742 0 0000000000012290     e822 m 00000000fffff230 000000000001e878  c.sdsp   x8, 0x10
#5743 0 0000000000012292     ec06 m 00000000fffff238 0000000000019384  c.sdsp   x1, 0x18
#5757 0 0000000000012102     f022 m 00000000fffff230 000000000001e878  c.sdsp   x8, 0x20
#5758 0 0000000000012104     e44e m 00000000fffff218 0000000000000000  c.sdsp   x19, 0x8
#5759 0 0000000000012106     f406 m 00000000fffff238 0000000000019384  c.sdsp   x1, 0x28
#5760 0 0000000000012108     ec26 m 00000000fffff228 0000000000000001  c.sdsp   x9, 0x18
#5761 0 000000000001210a     e84a m 00000000fffff220 00000000fffff490  c.sdsp   x18, 0x10
#5772 0 00000000000121da 0125b023 m 000000000001e878 0000000000020010  sd       x18, 0x0(x11)
#5776 0 00000000000121e8     c45c m 000000000001e884 0000000000000000  c.sw     x15, 0xc(x8)
#5786 0 00000000000161ca     f022 m 00000000fffff200 000000000001e878  c.sdsp   x8, 0x20
#5787 0 00000000000161cc     ec26 m 00000000fffff1f8 0000000000000006  c.sdsp   x9, 0x18
#5788 0 00000000000161ce     e84a m 00000000fffff1f0 0000000000020010  c.sdsp   x18, 0x10
#5789 0 00000000000161d0     e44e m 00000000fffff1e8 000000000001e290  c.sdsp   x19, 0x8
#5790 0 00000000000161d2     f406 m 00000000fffff208 0000000000012202  c.sdsp   x1, 0x28
#5801 0 00000000000161ec 00f41823 m 000000000001e888 0000000000002889  sh       x15, 0x10(x8)
#5814 0 0000000000018dac     e822 m 00000000fffff200 000000000001e878  c.sdsp   x8, 0x10
#5815 0 0000000000018dae     e426 m 00000000fffff1f8 0000000000000006  c.sdsp   x9, 0x8
#5820 0 0000000000018db8     ec06 m 00000000fffff208 0000000000012202  c.sdsp   x1, 0x18
#5821 0 0000000000018dba 7801a823 m 000000000001f408 0000000000000000  sw       x0, 0x790(x3)
#5824 0 000000000001afc8     e406 m 00000000fffff1e8 0000000000018dc2  c.sdsp   x1, 0x8
#5825 0 000000000001afca     e022 m 00000000fffff1e0 000000000001e290  c.sdsp   x8, 0x0
#5859 0 0000000000019358 009a3823 m 00000000fffff410 0000000000000000  sd       x9, 0x10(x20)
#5879 0 0000000000018066 000ab823 m 00000000fffff410 0000000000000000  sd       x0, 0x10(x21)
#5880 0 000000000001806a 000aa423 m 00000000fffff408 0000000000000000  sw       x0, 0x8(x21)
#5915 0 000000000001018a fef42623 m 00000000ffffff3c 0000000000000006  sw       x15, -0x14(x8)
#5927 0 0000000000010320     f832 m 00000000fffff5a0 0000000000000006  c.sdsp   x12, 0x30
#5928 0 0000000000010322     fc36 m 00000000fffff5a8 0000000000000006  c.sdsp   x13, 0x38
#5929 0 0000000000010324     f42e m 00000000fffff598 0000000000000006  c.sdsp   x11, 0x28
#5930 0 0000000000010326     e0ba m 00000000fffff5b0 0000000000000006  c.sdsp   x14, 0x40
#5931 0 0000000000010328     e4be m 00000000fffff5b8 000000000001c000  c.sdsp   x15, 0x48
#5932 0 000000000001032a     e8c2 m 00000000fffff5c0 0000000000000000  c.sdsp   x16, 0x50
#5933 0 000000000001032c     ecc6 m 00000000fffff5c8 0000000000000040  c.sdsp   x17, 0x58
#5938 0 0000000000010338     ec06 m 00000000fffff588 0000000000010184  c.sdsp   x1, 0x18
#5939 0 000000000001033a     e436 m 00000000fffff578 00000000fffff598  c.sdsp   x13, 0x8
#5942 0 000000000001034a 26113c23 m 00000000fffff568 0000000000010340  sd       x1, 0x278(x2)
#5943 0 000000000001034e 27213023 m 00000000fffff550 0000000000000000  sd       x18, 0x260(x2)
#5944 0 0000000000010352 25413823 m 00000000fffff540 0000000000000000  sd       x20, 0x250(x2)
#5945 0 0000000000010356 23913423 m 00000000fffff518 0000000000000000  sd       x25, 0x228(x2)
#5948 0 000000000001035e     e836 m 00000000fffff300 00000000fffff598  c.sdsp   x13, 0x10
#5949 0 0000000000010360 26813823 m 00000000fffff560 00000000ffffff50  sd       x8, 0x270(x2)
#5950 0 0000000000010364 26913423 m 00000000fffff558 0000000000000000  sd       x9, 0x268(x2)
#5951 0 0000000000010368 25313c23 m 00000000fffff548 0000000000000000  sd       x19, 0x258(x2)
#5952 0 000000000001036c 25513423 m 00000000fffff538 0000000000000000  sd       x21, 0x248(x2)
#5953 0 0000000000010370 25613023 m 00000000fffff530 0000000000000000  sd       x22, 0x240(x2)
#5954 0 0000000000010374 23713c23 m 00000000fffff528 0000000000000000  sd       x23, 0x238(x2)
#5955 0 0000000000010378 23813823 m 00000000fffff520 0000000000000000  sd       x24, 0x230(x2)
#5956 0 000000000001037c 23a13023 m 00000000fffff510 0000000000000000  sd       x26, 0x220(x2)
#5957 0 0000000000010380 21b13c23 m 00000000fffff508 0000000000000000  sd       x27, 0x218(x2)
#5964 0 000000000001038e     f8be m 00000000fffff360 000000000001c9b0  c.sdsp   x15, 0x70
#5985 0 0000000000010394     f4aa m 00000000fffff358 0000000000000001  c.sdsp   x10, 0x68
#5986 0 0000000000010396     e202 m 00000000fffff3f0 0000000000000000  c.sdsp   x0, 0x100
#5987 0 0000000000010398     e602 m 00000000fffff3f8 0000000000000000  c.sdsp   x0, 0x108
#6007 0 00000000000103fc     ea5a m 00000000fffff400 00000000fffff480  c.sdsp   x22, 0x110
#6008 0 00000000000103fe     ed3e m 00000000fffff388 3ffc000000000000  c.sdsp   x15, 0x98
#6011 0 0000000000010406     f202 m 00000000fffff410 0000000000000000  c.sdsp   x0, 0x120
#6012 0 0000000000010408 10012c23 m 00000000fffff408 0000000000000000  sw       x0, 0x118(x2)
#6013 0 000000000001040c     e93e m 00000000fffff380 4003000000000000  c.sdsp   x15, 0x90
#6016 0 0000000000010414     f002 m 00000000fffff310 0000000000000000  c.sdsp   x0, 0x20
#6017 0 0000000000010416     f402 m 00000000fffff318 0000000000000000  c.sdsp   x0, 0x28
#6018 0 0000000000010418     f13e m 00000000fffff390 3ffe000000000000  c.sdsp   x15, 0xa0
#6020 0 000000000001041e     fc82 m 00000000fffff368 0000000000000000  c.sdsp   x0, 0x78
#6021 0 0000000000010420     f082 m 00000000fffff350 0000000000000000  c.sdsp   x0, 0x60
#6022 0 0000000000010422     e102 m 00000000fffff370 0000000000000000  c.sdsp   x0, 0x80
#6023 0 0000000000010424     e502 m 00000000fffff378 0000000000000000  c.sdsp   x0, 0x88
#6024 0 0000000000010426     e402 m 00000000fffff2f8 0000000000000000  c.sdsp   x0, 0x8
#6050 0 000000000001044e 01933023 m 00000000fffff480 000000000001c460  sd       x25, 0x0(x6)
#6053 0 0000000000010456 00933423 m 00000000fffff488 0000000000000004  sd       x9, 0x8(x6)
#6054 0 000000000001045a     f23a m 00000000fffff410 0000000000000004  c.sdsp   x14, 0x120
#6055 0 000000000001045c 10f12c23 m 00000000fffff408 0000000000000001  sw       x15, 0x118(x2)
#6063 0 0000000000010474     e43a m 00000000fffff2f8 0000000000000004  c.sdsp   x14, 0x8
#6067 0 0000000000010480 0c010fa3 m 00000000fffff3cf 0000000000000000  sb       x0, 0xdf(x2)
#6103 0 0000000000011282     e83a m 00000000fffff300 00000000fffff5a0  c.sdsp   x14, 0x10
#6108 0 0000000000010f3c 193105a3 m 00000000fffff47b 0000000000000036  sb       x19, 0x18b(x2)
#6116 0 00000000000106d2     ec02 m 00000000fffff308 0000000000000000  c.sdsp   x0, 0x18
#6117 0 00000000000106d4     e482 m 00000000fffff338 0000000000000000  c.sdsp   x0, 0x48
#6118 0 00000000000106d6     ec82 m 00000000fffff348 0000000000000000  c.sdsp   x0, 0x58
#6119 0 00000000000106d8     e882 m 00000000fffff340 0000000000000000  c.sdsp   x0, 0x50
#6139 0 000000000001059e 01933023 m 00000000fffff490 00000000fffff47b  sd       x25, 0x0(x6)
#6142 0 00000000000105a8 01733423 m 00000000fffff498 0000000000000001  sd       x23, 0x8(x6)
#6143 0 00000000000105ac 10e12c23 m 00000000fffff408 0000000000000002  sw       x14, 0x118(x2)
#6144 0 00000000000105b0     f23e m 00000000fffff410 0000000000000005  c.sdsp   x15, 0x120
#6155 0 00000000000105d2     e43a m 00000000fffff2f8 0000000000000005  c.sdsp   x14, 0x8
#6167 0 0000000000018000     ec56 m 00000000fffff2b8 0000000000000000  c.sdsp   x21, 0x18
#6168 0 0000000000018002     e486 m 00000000fffff2e8 0000000000010f14  c.sdsp   x1, 0x48
#6169 0 0000000000018004     e0a2 m 00000000fffff2e0 000000000001c466  c.sdsp   x8, 0x40
#6170 0 0000000000018006     fc26 m 00000000fffff2d8 0000000000000000  c.sdsp   x9, 0x38
#6171 0 0000000000018008     f84a m 00000000fffff2d0 000000000001e878  c.sdsp   x18, 0x30
#6172 0 000000000001800a     f44e m 00000000fffff2c8 0000000000000001  c.sdsp   x19, 0x28
#6173 0 000000000001800c     f052 m 00000000fffff2c0 000000000001e290  c.sdsp   x20, 0x20
#6174 0 000000000001800e     e85a m 00000000fffff2b0 00000000fffff480  c.sdsp   x22, 0x10
#6175 0 0000000000018010     e45e m 00000000fffff2a8 0000000000000001  c.sdsp   x23, 0x8
#6184 0 00000000000191e8     e8a2 m 00000000fffff290 000000000001c466  c.sdsp   x8, 0x50
#6185 0 00000000000191ea     f852 m 00000000fffff270 000000000001e290  c.sdsp   x20, 0x30
#6186 0 00000000000191ec     f456 m 00000000fffff268 00000000fffff400  c.sdsp   x21, 0x28
#6187 0 00000000000191ee     ec86 m 00000000fffff298 000000000001809a  c.sdsp   x1, 0x58
#6188 0 00000000000191f0     e4a6 m 00000000fffff288 0000000000000000  c.sdsp   x9, 0x48
#6189 0 00000000000191f2     e0ca m 00000000fffff280 000000000001e878  c.sdsp   x18, 0x40
#6190 0 00000000000191f4     fc4e m 00000000fffff278 0000000000000001  c.sdsp   x19, 0x38
#6191 0 00000000000191f6     f05a m 00000000fffff260 00000000fffff480  c.sdsp   x22, 0x20
#6192 0 00000000000191f8     ec5e m 00000000fffff258 0000000000000001  c.sdsp   x23, 0x18
#6193 0 00000000000191fa     e862 m 00000000fffff250 fffffffffffffffe  c.sdsp   x24, 0x10
#6194 0 00000000000191fc     e466 m 00000000fffff248 00000000fffff47b  c.sdsp   x25, 0x8
#6195 0 00000000000191fe     e06a m 00000000fffff240 0000000000000064  c.sdsp   x26, 0x0
#6276 0 000000000001969e fee78fa3 m 0000000000020010 0000000000000069  sb       x14, -0x1(x15)
#6281 0 000000000001969e fee78fa3 m 0000000000020011 0000000000000020  sb       x14, -0x1(x15)
#6286 0 000000000001969e fee78fa3 m 0000000000020012 000000000000003d  sb       x14, -0x1(x15)
#6291 0 000000000001969e fee78fa3 m 0000000000020013 0000000000000020  sb       x14, -0x1(x15)
#6299 0 00000000000194c6     c454 m 000000000001e884 00000000fffffffc  c.sw     x13, 0xc(x8)
#6300 0 00000000000194c8     e018 m 000000000001e878 0000000000020014  c.sd     x14, 0x0(x8)
#6309 0 0000000000019358 009a3823 m 00000000fffff410 0000000000000001  sd       x9, 0x10(x20)
#6365 0 000000000001969e fee78fa3 m 0000000000020014 0000000000000036  sb       x14, -0x1(x15)
#6373 0 00000000000194c6     c454 m 000000000001e884 00000000fffffffb  c.sw     x13, 0xc(x8)
#6374 0 00000000000194c8     e018 m 000000000001e878 0000000000020015  c.sd     x14, 0x0(x8)
#6383 0 0000000000019358 009a3823 m 00000000fffff410 0000000000000000  sd       x9, 0x10(x20)
#6403 0 0000000000018066 000ab823 m 00000000fffff410 0000000000000000  sd       x0, 0x10(x21)
#6404 0 000000000001806a 000aa423 m 00000000fffff408 0000000000000000  sw       x0, 0x8(x21)
#6416 0 00000000000105da 10012c23 m 00000000fffff408 0000000000000000  sw       x0, 0x118(x2)
#6432 0 000000000001044e 01933023 m 00000000fffff480 000000000001c466  sd       x25, 0x0(x6)
#6435 0 0000000000010456 00933423 m 00000000fffff488 0000000000000001  sd       x9, 0x8(x6)
#6436 0 000000000001045a     f23a m 00000000fffff410 0000000000000001  c.sdsp   x14, 0x120
#6437 0 000000000001045c 10f12c23 m 00000000fffff408 0000000000000001  sw       x15, 0x118(x2)
#6445 0 0000000000010474     e43a m 00000000fffff2f8 0000000000000006  c.sdsp   x14, 0x8
#6460 0 0000000000018000     ec56 m 00000000fffff2b8 0000000000000000  c.sdsp   x21, 0x18
#6461 0 0000000000018002     e486 m 00000000fffff2e8 0000000000011864  c.sdsp   x1, 0x48
#6462 0 0000000000018004     e0a2 m 00000000fffff2e0 000000000001c467  c.sdsp   x8, 0x40
#6463 0 0000000000018006     fc26 m 00000000fffff2d8 0000000000000001  c.sdsp   x9, 0x38
#6464 0 0000000000018008     f84a m 00000000fffff2d0 000000000001e878  c.sdsp   x18, 0x30
#6465 0 000000000001800a     f44e m 00000000fffff2c8 0000000000000001  c.sdsp   x19, 0x28
#6466 0 000000000001800c     f052 m 00000000fffff2c0 000000000001e290  c.sdsp   x20, 0x20
#6467 0 000000000001800e     e85a m 00000000fffff2b0 00000000fffff480  c.sdsp   x22, 0x10
#6468 0 0000000000018010     e45e m 00000000fffff2a8 0000000000000001  c.sdsp   x23, 0x8
#6477 0 00000000000191e8     e8a2 m 00000000fffff290 000000000001c467  c.sdsp   x8, 0x50
#6478 0 00000000000191ea     f852 m 00000000fffff270 000000000001e290  c.sdsp   x20, 0x30
#6479 0 00000000000191ec     f456 m 00000000fffff268 00000000fffff400  c.sdsp   x21, 0x28
#6480 0 00000000000191ee     ec86 m 00000000fffff298 000000000001809a  c.sdsp   x1, 0x58
#6481 0 00000000000191f0     e4a6 m 00000000fffff288 0000000000000001  c.sdsp   x9, 0x48
#6482 0 00000000000191f2     e0ca m 00000000fffff280 000000000001e878  c.sdsp   x18, 0x40
#6483 0 00000000000191f4     fc4e m 00000000fffff278 0000000000000001  c.sdsp   x19, 0x38
#6484 0 00000000000191f6     f05a m 00000000fffff260 00000000fffff480  c.sdsp   x22, 0x20
#6485 0 00000000000191f8     ec5e m 00000000fffff258 0000000000000001  c.sdsp   x23, 0x18
#6486 0 00000000000191fa     e862 m 00000000fffff250 fffffffffffffffe  c.sdsp   x24, 0x10
#6487 0 00000000000191fc     e466 m 00000000fffff248 000000000001c466  c.sdsp   x25, 0x8
#6488 0 00000000000191fe     e06a m 00000000fffff240 0000000000000064  c.sdsp   x26, 0x0
#6555 0 000000000001969e fee78fa3 m 0000000000020015 000000000000000a  sb       x14, -0x1(x15)
#6563 0 00000000000194c6     c454 m 000000000001e884 00000000fffffffa  c.sw     x13, 0xc(x8)
#6564 0 00000000000194c8     e018 m 000000000001e878 0000000000020016  c.sd     x14, 0x0(x8)
#6573 0 0000000000012290     e822 m 00000000fffff230 000000000001e878  c.sdsp   x8, 0x10
#6574 0 0000000000012292     ec06 m 00000000fffff238 0000000000019384  c.sdsp   x1, 0x18
#6588 0 0000000000012102     f022 m 00000000fffff230 000000000001e878  c.sdsp   x8, 0x20
#6589 0 0000000000012104     e44e m 00000000fffff218 0000000000000000  c.sdsp   x19, 0x8
#6590 0 0000000000012106     f406 m 00000000fffff238 0000000000019384  c.sdsp   x1, 0x28
#6591 0 0000000000012108     ec26 m 00000000fffff228 0000000000000001  c.sdsp   x9, 0x18
#6592 0 000000000001210a     e84a m 00000000fffff220 00000000fffff490  c.sdsp   x18, 0x10
#6603 0 00000000000121da 0125b023 m 000000000001e878 0000000000020010  sd       x18, 0x0(x11)
#6607 0 00000000000121e8     c45c m 000000000001e884 0000000000000000  c.sw     x15, 0xc(x8)
#6617 0 00000000000161ca     f022 m 00000000fffff200 000000000001e878  c.sdsp   x8, 0x20
#6618 0 00000000000161cc     ec26 m 00000000fffff1f8 0000000000000006  c.sdsp   x9, 0x18
#6619 0 00000000000161ce     e84a m 00000000fffff1f0 0000000000020010  c.sdsp   x18, 0x10
#6620 0 00000000000161d0     e44e m 00000000fffff1e8 000000000001e290  c.sdsp   x19, 0x8
#6621 0 00000000000161d2     f406 m 00000000fffff208 0000000000012202  c.sdsp   x1, 0x28
#6632 0 00000000000161ec 00f41823 m 000000000001e888 0000000000002889  sh       x15, 0x10(x8)
#6645 0 0000000000018dac     e822 m 00000000fffff200 000000000001e878  c.sdsp   x8, 0x10
#6646 0 0000000000018dae     e426 m 00000000fffff1f8 0000000000000006  c.sdsp   x9, 0x8
#6651 0 0000000000018db8     ec06 m 00000000fffff208 0000000000012202  c.sdsp   x1, 0x18
#6652 0 0000000000018dba 7801a823 m 000000000001f408 0000000000000000  sw       x0, 0x790(x3)
#6655 0 000000000001afc8     e406 m 00000000fffff1e8 0000000000018dc2  c.sdsp   x1, 0x8
#6656 0 000000000001afca     e022 m 00000000fffff1e0 000000000001e290  c.sdsp   x8, 0x0
#6690 0 0000000000019358 009a3823 m 00000000fffff410 0000000000000000  sd       x9, 0x10(x20)
#6710 0 0000000000018066 000ab823 m 00000000fffff410 0000000000000000  sd       x0, 0x10(x21)
#6711 0 000000000001806a 000aa423 m 00000000fffff408 0000000000000000  sw       x0, 0x8(x21)
#6746 0 000000000001018a fef42623 m 00000000ffffff3c 0000000000000007  sw       x15, -0x14(x8)
#6758 0 0000000000010320     f832 m 00000000fffff5a0 0000000000000006  c.sdsp   x12, 0x30
#6759 0 0000000000010322     fc36 m 00000000fffff5a8 0000000000000006  c.sdsp   x13, 0x38
#6760 0 0000000000010324     f42e m 00000000fffff598 0000000000000007  c.sdsp   x11, 0x28
#6761 0 0000000000010326     e0ba m 00000000fffff5b0 0000000000000007  c.sdsp   x14, 0x40
#6762 0 0000000000010328     e4be m 00000000fffff5b8 000000000001c000  c.sdsp   x15, 0x48
#6763 0 000000000001032a     e8c2 m 00000000fffff5c0 0000000000000000  c.sdsp   x16, 0x50
#6764 0 000000000001032c     ecc6 m 00000000fffff5c8 0000000000000040  c.sdsp   x17, 0x58
#6769 0 0000000000010338     ec06 m 00000000fffff588 0000000000010184  c.sdsp   x1, 0x18
#6770 0 000000000001033a     e436 m 00000000fffff578 00000000fffff598  c.sdsp   x13, 0x8
#6773 0 000000000001034a 26113c23 m 00000000fffff568 0000000000010340  sd       x1, 0x278(x2)
#6774 0 000000000001034e 27213023 m 00000000fffff550 0000000000000000  sd       x18, 0x260(x2)
#6775 0 0000000000010352 25413823 m 00000000fffff540 0000000000000000  sd       x20, 0x250(x2)
#6776 0 0000000000010356 23913423 m 00000000fffff518 0000000000000000  sd       x25, 0x228(x2)
#6779 0 000000000001035e     e836 m 00000000fffff300 00000000fffff598  c.sdsp   x13, 0x10
#6780 0 0000000000010360 26813823 m 00000000fffff560 00000000ffffff50  sd       x8, 0x270(x2)
#6781 0 0000000000010364 26913423 m 00000000fffff558 0000000000000000  sd       x9, 0x268(x2)
#6782 0 0000000000010368 25313c23 m 00000000fffff548 0000000000000000  sd       x19, 0x258(x2)
#6783 0 000000000001036c 25513423 m 00000000fffff538 0000000000000000  sd       x21, 0x248(x2)
#6784 0 0000000000010370 25613023 m 00000000fffff530 0000000000000000  sd       x22, 0x240(x2)
#6785 0 0000000000010374 23713c23 m 00000000fffff528 0000000000000000  sd       x23, 0x238(x2)
#6786 0 0000000000010378 23813823 m 00000000fffff520 0000000000000000  sd       x24, 0x230(x2)
#6787 0 000000000001037c 23a13023 m 00000000fffff510 0000000000000000  sd       x26, 0x220(x2)
#6788 0 0000000000010380 21b13c23 m 00000000fffff508 0000000000000000  sd       x27, 0x218(x2)
#6795 0 000000000001038e     f8be m 00000000fffff360 000000000001c9b0  c.sdsp   x15, 0x70
#6816 0 0000000000010394     f4aa m 00000000fffff358 0000000000000001  c.sdsp   x10, 0x68
#6817 0 0000000000010396     e202 m 00000000fffff3f0 0000000000000000  c.sdsp   x0, 0x100
#6818 0 0000000000010398     e602 m 00000000fffff3f8 0000000000000000  c.sdsp   x0, 0x108
#6838 0 00000000000103fc     ea5a m 00000000fffff400 00000000fffff480  c.sdsp   x22, 0x110
#6839 0 00000000000103fe     ed3e m 00000000fffff388 3ffc000000000000  c.sdsp   x15, 0x98
#6842 0 0000000000010406     f202 m 00000000fffff410 0000000000000000  c.sdsp   x0, 0x120
#6843 0 0000000000010408 10012c23 m 00000000fffff408 0000000000000000  sw       x0, 0x118(x2)
#6844 0 000000000001040c     e93e m 00000000fffff380 4003000000000000  c.sdsp   x15, 0x90
#6847 0 0000000000010414     f002 m 00000000fffff310 0000000000000000  c.sdsp   x0, 0x20
#6848 0 0000000000010416     f402 m 00000000fffff318 0000000000000000  c.sdsp   x0, 0x28
#6849 0 0000000000010418     f13e m 00000000fffff390 3ffe000000000000  c.sdsp   x15, 0xa0
#6851 0 000000000001041e     fc82 m 00000000fffff368 0000000000000000  c.sdsp   x0, 0x78
#6852 0 0000000000010420     f082 m 00000000fffff350 0000000000000000  c.sdsp   x0, 0x60
#6853 0 0000000000010422     e102 m 00000000fffff370 0000000000000000  c.sdsp   x0, 0x80
#6854 0 0000000000010424     e502 m 00000000fffff378 0000000000000000  c.sdsp   x0, 0x88
#6855 0 0000000000010426     e402 m 00000000fffff2f8 0000000000000000  c.sdsp   x0, 0x8
#6881 0 000000000001044e 01933023 m 00000000fffff480 000000000001c460  sd       x25, 0x0(x6)
#6884 0 0000000000010456 00933423 m 00000000fffff488 0000000000000004  sd       x9, 0x8(x6)
#6885 0 000000000001045a     f23a m 00000000fffff410 0000000000000004  c.sdsp   x14, 0x120
#6886 0 000000000001045c 10f12c23 m 00000000fffff408 0000000000000001  sw       x15, 0x118(x2)
#6894 0 0000000000010474     e43a m 00000000fffff2f8 0000000000000004  c.sdsp   x14, 0x8
#6898 0 0000000000010480 0c010fa3 m 00000000fffff3cf 0000000000000000  sb       x0, 0xdf(x2)
#6934 0 0000000000011282     e83a m 00000000fffff300 00000000fffff5a0  c.sdsp   x14, 0x10
#6939 0 0000000000010f3c 193105a3 m 00000000fffff47b 0000000000000037  sb       x19, 0x18b(x2)
#6947 0 00000000000106d2     ec02 m 00000000fffff308 0000000000000000  c.sdsp   x0, 0x18
#6948 0 00000000000106d4     e482 m 00000000fffff338 0000000000000000  c.sdsp   x0, 0x48
#6949 0 00000000000106d6     ec82 m 00000000fffff348 0000000000000000  c.sdsp   x0, 0x58
#6950 0 00000000000106d8     e882 m 00000000fffff340 0000000000000000  c.sdsp   x0, 0x50
#6970 0 000000000001059e 01933023 m 00000000fffff490 00000000fffff47b  sd       x25, 0x0(x6)
#6973 0 00000000000105a8 01733423 m 00000000fffff498 0000000000000001  sd       x23, 0x8(x6)
#6974 0 00000000000105ac 10e12c23 m 00000000fffff408 0000000000000002  sw       x14, 0x118(x2)
#6975 0 00000000000105b0     f23e m 00000000fffff410 0000000000000005  c.sdsp   x15, 0x120
#6986 0 00000000000105d2     e43a m 00000000fffff2f8 0000000000000005  c.sdsp   x14, 0x8
#6998 0 0000000000018000     ec56 m 00000000fffff2b8 0000000000000000  c.sdsp   x21, 0x18
#6999 0 0000000000018002     e486 m 00000000fffff2e8 0000000000010f14  c.sdsp   x1, 0x48
#7000 0 0000000000018004     e0a2 m 00000000fffff2e0 000000000001c466  c.sdsp   x8, 0x40
#7001 0 0000000000018006     fc26 m 00000000fffff2d8 0000000000000000  c.sdsp   x9, 0x38
#7002 0 0000000000018008     f84a m 00000000fffff2d0 000000000001e878  c.sdsp   x18, 0x30
#7003 0 000000000001800a     f44e m 00000000fffff2c8 0000000000000001  c.sdsp   x19, 0x28
#7004 0 000000000001800c     f052 m 00000000fffff2c0 000000000001e290  c.sdsp   x20, 0x20
#7005 0 000000000001800e     e85a m 00000000fffff2b0 00000000fffff480  c.sdsp   x22, 0x10
#7006 0 0000000000018010     e45e m 00000000fffff2a8 0000000000000001  c.sdsp   x23, 0x8
#7015 0 00000000000191e8     e8a2 m 00000000fffff290 000000000001c466  c.sdsp   x8, 0x50
#7016 0 00000000000191ea     f852 m 00000000fffff270 000000000001e290  c.sdsp   x20, 0x30
#7017 0 00000000000191ec     f456 m 00000000fffff268 00000000fffff400  c.sdsp   x21, 0x28
#7018 0 00000000000191ee     ec86 m 00000000fffff298 000000000001809a  c.sdsp   x1, 0x58
#7019 0 00000000000191f0     e4a6 m 00000000fffff288 0000000000000000  c.sdsp   x9, 0x48
#7020 0 00000000000191f2     e0ca m 00000000fffff280 000000000001e878  c.sdsp   x18, 0x40
#7021 0 00000000000191f4     fc4e m 00000000fffff278 0000000000000001  c.sdsp   x19, 0x38
#7022 0 00000000000191f6     f05a m 00000000fffff260 00000000fffff480  c.sdsp   x22, 0x20
#7023 0 00000000000191f8     ec5e m 00000000fffff258 0000000000000001  c.sdsp   x23, 0x18
#7024 0 00000000000191fa     e862 m 00000000fffff250 fffffffffffffffe  c.sdsp   x24, 0x10
#7025 0 00000000000191fc     e466 m 00000000fffff248 00000000fffff47b  c.sdsp   x25, 0x8
#7026 0 00000000000191fe     e06a m 00000000fffff240 0000000000000064  c.sdsp   x26, 0x0
#7107 0 000000000001969e fee78fa3 m 0000000000020010 0000000000000069  sb       x14, -0x1(x15)
#7112 0 000000000001969e fee78fa3 m 0000000000020011 0000000000000020  sb       x14, -0x1(x15)
#7117 0 000000000001969e fee78fa3 m 0000000000020012 000000000000003d  sb       x14, -0x1(x15)
#7122 0 000000000001969e fee78fa3 m 0000000000020013 0000000000000020  sb       x14, -0x1(x15)
#7130 0 00000000000194c6     c454 m 000000000001e884 00000000fffffffc  c.sw     x13, 0xc(x8)
#7131 0 00000000000194c8     e018 m 000000000001e878 0000000000020014  c.sd     x14, 0x0(x8)
#7140 0 0000000000019358 009a3823 m 00000000fffff410 0000000000000001  sd       x9, 0x10(x20)
#7196 0 000000000001969e fee78fa3 m 0000000000020014 0000000000000037  sb       x14, -0x1(x15)
#7204 0 00000000000194c6     c454 m 000000000001e884 00000000fffffffb  c.sw     x13, 0xc(x8)
#7205 0 00000000000194c8     e018 m 000000000001e878 0000000000020015  c.sd     x14, 0x0(x8)
#7214 0 0000000000019358 009a3823 m 00000000fffff410 0000000000000000  sd       x9, 0x10(x20)
#7234 0 0000000000018066 000ab823 m 00000000fffff410 0000000000000000  sd       x0, 0x10(x21)
#7235 0 000000000001806a 000aa423 m 00000000fffff408 0000000000000000  sw       x0, 0x8(x21)
#7247 0 00000000000105da 10012c23 m 00000000fffff408 0000000000000000  sw       x0, 0x118(x2)
#7263 0 000000000001044e 01933023 m 00000000fffff480 000000000001c466  sd       x25, 0x0(x6)
#7266 0 0000000000010456 00933423 m 00000000fffff488 0000000000000001  sd       x9, 0x8(x6)
#7267 0 000000000001045a     f23a m 00000000fffff410 0000000000000001  c.sdsp   x14, 0x120
#7268 0 000000000001045c 10f12c23 m 00000000fffff408 0000000000000001  sw       x15, 0x118(x2)
#7276 0 0000000000010474     e43a m 00000000fffff2f8 0000000000000006  c.sdsp   x14, 0x8
#7291 0 0000000000018000     ec56 m 00000000fffff2b8 0000000000000000  c.sdsp   x21, 0x18
#7292 0 0000000000018002     e486 m 00000000fffff2e8 0000000000011864  c.sdsp   x1, 0x48
#7293 0 0000000000018004     e0a2 m 00000000fffff2e0 000000000001c467  c.sdsp   x8, 0x40
#7294 0 0000000000018006     fc26 m 00000000fffff2d8 0000000000000001  c.sdsp   x9, 0x38
#7295 0 0000000000018008     f84a m 00000000fffff2d0 000000000001e878  c.sdsp   x18, 0x30
#7296 0 000000000001800a     f44e m 00000000fffff2c8 0000000000000001  c.sdsp   x19, 0x28
#7297 0 000000000001800c     f052 m 00000000fffff2c0 000000000001e290  c.sdsp   x20, 0x20
#7298 0 000000000001800e     e85a m 00000000fffff2b0 00000000fffff480  c.sdsp   x22, 0x10
#7299 0 0000000000018010     e45e m 00000000fffff2a8 0000000000000001  c.sdsp   x23, 0x8
#7308 0 00000000000191e8     e8a2 m 00000000fffff290 000000000001c467  c.sdsp   x8, 0x50
#7309 0 00000000000191ea     f852 m 00000000fffff270 000000000001e290  c.sdsp   x20, 0x30
#7310 0 00000000000191ec     f456 m 00000000fffff268 00000000fffff400  c.sdsp   x21, 0x28
#7311 0 00000000000191ee     ec86 m 00000000fffff298 000000000001809a  c.sdsp   x1, 0x58
#7312 0 00000000000191f0     e4a6 m 00000000fffff288 0000000000000001  c.sdsp   x9, 0x48
#7313 0 00000000000191f2     e0ca m 00000000fffff280 000000000001e878  c.sdsp   x18, 0x40
#7314 0 00000000000191f4     fc4e m 00000000fffff278 0000000000000001  c.sdsp   x19, 0x38
#7315 0 00000000000191f6     f05a m 00000000fffff260 00000000fffff480  c.sdsp   x22, 0x20
#7316 0 00000000000191f8     ec5e m 00000000fffff258 0000000000000001  c.sdsp   x23, 0x18
#7317 0 00000000000191fa     e862 m 00000000fffff250 fffffffffffffffe  c.sdsp   x24, 0x10
#7318 0 00000000000191fc     e466 m 00000000fffff248 000000000001c466  c.sdsp   x25, 0x8
#7319 0 00000000000191fe     e06a m 00000000fffff240 0000000000000064  c.sdsp   x26, 0x0
#7386 0 000000000001969e fee78fa3 m 0000000000020015 000000000000000a  sb       x14, -0x1(x15)
#7394 0 00000000000194c6     c454 m 000000000001e884 00000000fffffffa  c.sw     x13, 0xc(x8)
#7395 0 00000000000194c8     e018 m 000000000001e878 0000000000020016  c.sd     x14, 0x0(x8)
#7404 0 0000000000012290     e822 m 00000000fffff230 000000000001e878  c.sdsp   x8, 0x10
#7405 0 0000000000012292     ec06 m 00000000fffff238 0000000000019384  c.sdsp   x1, 0x18
#7419 0 0000000000012102     f022 m 00000000fffff230 000000000001e878  c.sdsp   x8, 0x20
#7420 0 0000000000012104     e44e m 00000000fffff218 0000000000000000  c.sdsp   x19, 0x8
#7421 0 0000000000012106     f406 m 00000000fffff238 0000000000019384  c.sdsp   x1, 0x28
#7422 0 0000000000012108     ec26 m 00000000fffff228 0000000000000001  c.sdsp   x9, 0x18
#7423 0 000000000001210a     e84a m 00000000fffff220 00000000fffff490  c.sdsp   x18, 0x10
#7434 0 00000000000121da 0125b023 m 000000000001e878 0000000000020010  sd       x18, 0x0(x11)
#7438 0 00000000000121e8     c45c m 000000000001e884 0000000000000000  c.sw     x15, 0xc(x8)
#7448 0 00000000000161ca     f022 m 00000000fffff200 000000000001e878  c.sdsp   x8, 0x20
#7449 0 00000000000161cc     ec26 m 00000000fffff1f8 0000000000000006  c.sdsp   x9, 0x18
#7450 0 00000000000161ce     e84a m 00000000fffff1f0 0000000000020010  c.sdsp   x18, 0x10
#7451 0 00000000000161d0     e44e m 00000000fffff1e8 000000000001e290  c.sdsp   x19, 0x8
#7452 0 00000000000161d2     f406 m 00000000fffff208 0000000000012202  c.sdsp   x1, 0x28
#7463 0 00000000000161ec 00f41823 m 000000000001e888 0000000000002889  sh       x15, 0x10(x8)
#7476 0 0000000000018dac     e822 m 00000000fffff200 000000000001e878  c.sdsp   x8, 0x10
#7477 0 0000000000018dae     e426 m 00000000fffff1f8 0000000000000006  c.sdsp   x9, 0x8
#7482 0 0000000000018db8     ec06 m 00000000fffff208 0000000000012202  c.sdsp   x1, 0x18
#7483 0 0000000000018dba 7801a823 m 000000000001f408 0000000000000000  sw       x0, 0x790(x3)
#7486 0 000000000001afc8     e406 m 00000000fffff1e8 0000000000018dc2  c.sdsp   x1, 0x8
#7487 0 000000000001afca     e022 m 00000000fffff1e0 000000000001e290  c.sdsp   x8, 0x0
#7521 0 0000000000019358 009a3823 m 00000000fffff410 0000000000000000  sd       x9, 0x10(x20)
#7541 0 0000000000018066 000ab823 m 00000000fffff410 0000000000000000  sd       x0, 0x10(x21)
#7542 0 000000000001806a 000aa423 m 00000000fffff408 0000000000000000  sw       x0, 0x8(x21)
#7577 0 000000000001018a fef42623 m 00000000ffffff3c 0000000000000008  sw       x15, -0x14(x8)
#7589 0 0000000000010320     f832 m 00000000fffff5a0 0000000000000006  c.sdsp   x12, 0x30
#7590 0 0000000000010322     fc36 m 00000000fffff5a8 0000000000000006  c.sdsp   x13, 0x38
#7591 0 0000000000010324     f42e m 00000000fffff598 0000000000000008  c.sdsp   x11, 0x28
#7592 0 0000000000010326     e0ba m 00000000fffff5b0 0000000000000008  c.sdsp   x14, 0x40
#7593 0 0000000000010328     e4be m 00000000fffff5b8 000000000001c000  c.sdsp   x15, 0x48
#7594 0 000000000001032a     e8c2 m 00000000fffff5c0 0000000000000000  c.sdsp   x16, 0x50
#7595 0 000000000001032c     ecc6 m 00000000fffff5c8 0000000000000040  c.sdsp   x17, 0x58
#7600 0 0000000000010338     ec06 m 00000000fffff588 0000000000010184  c.sdsp   x1, 0x18
#7601 0 000000000001033a     e436 m 00000000fffff578 00000000fffff598  c.sdsp   x13, 0x8
#7604 0 000000000001034a 26113c23 m 00000000fffff568 0000000000010340  sd       x1, 0x278(x2)
#7605 0 000000000001034e 27213023 m 00000000fffff550 0000000000000000  sd       x18, 0x260(x2)
#7606 0 0000000000010352 25413823 m 00000000fffff540 0000000000000000  sd       x20, 0x250(x2)
#7607 0 0000000000010356 23913423 m 00000000fffff518 0000000000000000  sd       x25, 0x228(x2)
#7610 0 000000000001035e     e836 m 00000000fffff300 00000000fffff598  c.sdsp   x13, 0x10
#7611 0 0000000000010360 26813823 m 00000000fffff560 00000000ffffff50  sd       x8, 0x270(x2)
#7612 0 0000000000010364 26913423 m 00000000fffff558 0000000000000000  sd       x9, 0x268(x2)
#7613 0 0000000000010368 25313c23 m 00000000fffff548 0000000000000000  sd       x19, 0x258(x2)
#7614 0 000000000001036c 25513423 m 00000000fffff538 0000000000000000  sd       x21, 0x248(x2)
#7615 0 0000000000010370 25613023 m 00000000fffff530 0000000000000000  sd       x22, 0x240(x2)
#7616 0 0000000000010374 23713c23 m 00000000fffff528 0000000000000000  sd       x23, 0x238(x2)
#7617 0 0000000000010378 23813823 m 00000000fffff520 0000000000000000  sd       x24, 0x230(x2)
#7618 0 000000000001037c 23a13023 m 00000000fffff510 0000000000000000  sd       x26, 0x220(x2)
#7619 0 0000000000010380 21b13c23 m 00000000fffff508 0000000000000000  sd       x27, 0x218(x2)
#7626 0 000000000001038e     f8be m 00000000fffff360 000000000001c9b0  c.sdsp   x15, 0x70
#7647 0 0000000000010394     f4aa m 00000000fffff358 0000000000000001  c.sdsp   x10, 0x68
#7648 0 0000000000010396     e202 m 00000000fffff3f0 0000000000000000  c.sdsp   x0, 0x100
#7649 0 0000000000010398     e602 m 00000000fffff3f8 0000000000000000  c.sdsp   x0, 0x108
#7669 0 00000000000103fc     ea5a m 00000000fffff400 00000000fffff480  c.sdsp   x22, 0x110
#7670 0 00000000000103fe     ed3e m 00000000fffff388 3ffc000000000000  c.sdsp   x15, 0x98
#7673 0 0000000000010406     f202 m 00000000fffff410 0000000000000000  c.sdsp   x0, 0x120
#7674 0 0000000000010408 10012c23 m 00000000fffff408 0000000000000000  sw       x0, 0x118(x2)
#7675 0 000000000001040c     e93e m 00000000fffff380 4003000000000000  c.sdsp   x15, 0x90
#7678 0 0000000000010414     f002 m 00000000fffff310 0000000000000000  c.sdsp   x0, 0x20
#7679 0 0000000000010416     f402 m 00000000fffff318 0000000000000000  c.sdsp   x0, 0x28
#7680 0 0000000000010418     f13e m 00000000fffff390 3ffe000000000000  c.sdsp   x15, 0xa0
#7682 0 000000000001041e     fc82 m 00000000fffff368 0000000000000000  c.sdsp   x0, 0x78
#7683 0 0000000000010420     f082 m 00000000fffff350 0000000000000000  c.sdsp   x0, 0x60
#7684 0 0000000000010422     e102 m 00000000fffff370 0000000000000000  c.sdsp   x0, 0x80
#7685 0 0000000000010424     e502 m 00000000fffff378 0000000000000000  c.sdsp   x0, 0x88
#7686 0 0000000000010426     e402 m 00000000fffff2f8 0000000000000000  c.sdsp   x0, 0x8
#7712 0 000000000001044e 01933023 m 00000000fffff480 000000000001c460  sd       x25, 0x0(x6)
#7715 0 0000000000010456 00933423 m 00000000fffff488 0000000000000004  sd       x9, 0x8(x6)
#7716 0 000000000001045a     f23a m 00000000fffff410 0000000000000004  c.sdsp   x14, 0x120
#7717 0 000000000001045c 10f12c23 m 00000000fffff408 0000000000000001  sw       x15, 0x118(x2)
#7725 0 0000000000010474     e43a m 00000000fffff2f8 0000000000000004  c.sdsp   x14, 0x8
#7729 0 0000000000010480 0c010fa3 m 00000000fffff3cf 0000000000000000  sb       x0, 0xdf(x2)
#7765 0 0000000000011282     e83a m 00000000fffff300 00000000fffff5a0  c.sdsp   x14, 0x10
#7770 0 0000000000010f3c 193105a3 m 00000000fffff47b 0000000000000038  sb       x19, 0x18b(x2)
#7778 0 00000000000106d2     ec02 m 00000000fffff308 0000000000000000  c.sdsp   x0, 0x18
#7779 0 00000000000106d4     e482 m 00000000fffff338 0000000000000000  c.sdsp   x0, 0x48
#7780 0 00000000000106d6     ec82 m 00000000fffff348 0000000000000000  c.sdsp   x0, 0x58
#7781 0 00000000000106d8     e882 m 00000000fffff340 0000000000000000  c.sdsp   x0, 0x50
#7801 0 000000000001059e 01933023 m 00000000fffff490 00000000fffff47b  sd       x25, 0x0(x6)
#7804 0 00000000000105a8 01733423 m 00000000fffff498 0000000000000001  sd       x23, 0x8(x6)
#7805 0 00000000000105ac 10e12c23 m 00000000fffff408 0000000000000002  sw       x14, 0x118(x2)
#7806 0 00000000000105b0     f23e m 00000000fffff410 0000000000000005  c.sdsp   x15, 0x120
#7817 0 00000000000105d2     e43a m 00000000fffff2f8 0000000000000005  c.sdsp   x14, 0x8
#7829 0 0000000000018000     ec56 m 00000000fffff2b8 0000000000000000  c.sdsp   x21, 0x18
#7830 0 0000000000018002     e486 m 00000000fffff2e8 0000000000010f14  c.sdsp   x1, 0x48
#7831 0 0000000000018004     e0a2 m 00000000fffff2e0 000000000001c466  c.sdsp   x8, 0x40
#7832 0 0000000000018006     fc26 m 00000000fffff2d8 0000000000000000  c.sdsp   x9, 0x38
#7833 0 0000000000018008     f84a m 00000000fffff2d0 000000000001e878  c.sdsp   x18, 0x30
#7834 0 000000000001800a     f44e m 00000000fffff2c8 0000000000000001  c.sdsp   x19, 0x28
#7835 0 000000000001800c     f052 m 00000000fffff2c0 000000000001e290  c.sdsp   x20, 0x20
#7836 0 000000000001800e     e85a m 00000000fffff2b0 00000000fffff480  c.sdsp   x22, 0x10
#7837 0 0000000000018010     e45e m 00000000fffff2a8 0000000000000001  c.sdsp   x23, 0x8
#7846 0 00000000000191e8     e8a2 m 00000000fffff290 000000000001c466  c.sdsp   x8, 0x50
#7847 0 00000000000191ea     f852 m 00000000fffff270 000000000001e290  c.sdsp   x20, 0x30
#7848 0 00000000000191ec     f456 m 00000000fffff268 00000000fffff400  c.sdsp   x21, 0x28
#7849 0 00000000000191ee     ec86 m 00000000fffff298 000000000001809a  c.sdsp   x1, 0x58
#7850 0 00000000000191f0     e4a6 m 00000000fffff288 0000000000000000  c.sdsp   x9, 0x48
#7851 0 00000000000191f2     e0ca m 00000000fffff280 000000000001e878  c.sdsp   x18, 0x40
#7852 0 00000000000191f4     fc4e m 00000000fffff278 0000000000000001  c.sdsp   x19, 0x38
#7853 0 00000000000191f6     f05a m 00000000fffff260 00000000fffff480  c.sdsp   x22, 0x20
#7854 0 00000000000191f8     ec5e m 00000000fffff258 0000000000000001  c.sdsp   x23, 0x18
#7855 0 00000000000191fa     e862 m 00000000fffff250 fffffffffffffffe  c.sdsp   x24, 0x10
#7856 0 00000000000191fc     e466 m 00000000fffff248 00000000fffff47b  c.sdsp   x25, 0x8
#7857 0 00000000000191fe     e06a m 00000000fffff240 0000000000000064  c.sdsp   x26, 0x0
#7938 0 000000000001969e fee78fa3 m 0000000000020010 0000000000000069  sb       x14, -0x1(x15)
#7943 0 000000000001969e fee78fa3 m 0000000000020011 0000000000000020  sb       x14, -0x1(x15)
#7948 0 000000000001969e fee78fa3 m 0000000000020012 000000000000003d  sb       x14, -0x1(x15)
#7953 0 000000000001969e fee78fa3 m 0000000000020013 0000000000000020  sb       x14, -0x1(x15)
#7961 0 00000000000194c6     c454 m 000000000001e884 00000000fffffffc  c.sw     x13, 0xc(x8)
#7962 0 00000000000194c8     e018 m 000000000001e878 0000000000020014  c.sd     x14, 0x0(x8)
#7971 0 0000000000019358 009a3823 m 00000000fffff410 0000000000000001  sd       x9, 0x10(x20)
#8027 0 000000000001969e fee78fa3 m 0000000000020014 0000000000000038  sb       x14, -0x1(x15)
#8035 0 00000000000194c6     c454 m 000000000001e884 00000000fffffffb  c.sw     x13, 0xc(x8)
#8036 0 00000000000194c8     e018 m 000000000001e878 0000000000020015  c.sd     x14, 0x0(x8)
#8045 0 0000000000019358 009a3823 m 00000000fffff410 0000000000000000  sd       x9, 0x10(x20)
#8065 0 0000000000018066 000ab823 m 00000000fffff410 0000000000000000  sd       x0, 0x10(x21)
#8066 0 000000000001806a 000aa423 m 00000000fffff408 0000000000000000  sw       x0, 0x8(x21)
#8078 0 00000000000105da 10012c23 m 00000000fffff408 0000000000000000  sw       x0, 0x118(x2)
#8094 0 000000000001044e 01933023 m 00000000fffff480 000000000001c466  sd       x25, 0x0(x6)
#8097 0 0000000000010456 00933423 m 00000000fffff488 0000000000000001  sd       x9, 0x8(x6)
#8098 0 000000000001045a     f23a m 00000000fffff410 0000000000000001  c.sdsp   x14, 0x120
#8099 0 000000000001045c 10f12c23 m 00000000fffff408 0000000000000001  sw       x15, 0x118(x2)
#8107 0 0000000000010474     e43a m 00000000fffff2f8 0000000000000006  c.sdsp   x14, 0x8
#8122 0 0000000000018000     ec56 m 00000000fffff2b8 0000000000000000  c.sdsp   x21, 0x18
#8123 0 0000000000018002     e486 m 00000000fffff2e8 0000000000011864  c.sdsp   x1, 0x48
#8124 0 0000000000018004     e0a2 m 00000000fffff2e0 000000000001c467  c.sdsp   x8, 0x40
#8125 0 0000000000018006     fc26 m 00000000fffff2d8 0000000000000001  c.sdsp   x9, 0x38
#8126 0 0000000000018008     f84a m 00000000fffff2d0 000000000001e878  c.sdsp   x18, 0x30
#8127 0 000000000001800a     f44e m 00000000fffff2c8 0000000000000001  c.sdsp   x19, 0x28
#8128 0 000000000001800c     f052 m 00000000fffff2c0 000000000001e290  c.sdsp   x20, 0x20
#8129 0 000000000001800e     e85a m 00000000fffff2b0 00000000fffff480  c.sdsp   x22, 0x10
#8130 0 0000000000018010     e45e m 00000000fffff2a8 0000000000000001  c.sdsp   x23, 0x8
#8139 0 00000000000191e8     e8a2 m 00000000fffff290 000000000001c467  c.sdsp   x8, 0x50
#8140 0 00000000000191ea     f852 m 00000000fffff270 000000000001e290  c.sdsp   x20, 0x30
#8141 0 00000000000191ec     f456 m 00000000fffff268 00000000fffff400  c.sdsp   x21, 0x28
#8142 0 00000000000191ee     ec86 m 00000000fffff298 000000000001809a  c.sdsp   x1, 0x58
#8143 0 00000000000191f0     e4a6 m 00000000fffff288 0000000000000001  c.sdsp   x9, 0x48
#8144 0 00000000000191f2     e0ca m 00000000fffff280 000000000001e878  c.sdsp   x18, 0x40
#8145 0 00000000000191f4     fc4e m 00000000fffff278 0000000000000001  c.sdsp   x19, 0x38
#8146 0 00000000000191f6     f05a m 00000000fffff260 00000000fffff480  c.sdsp   x22, 0x20
#8147 0 00000000000191f8     ec5e m 00000000fffff258 0000000000000001  c.sdsp   x23, 0x18
#8148 0 00000000000191fa     e862 m 00000000fffff250 fffffffffffffffe  c.sdsp   x24, 0x10
#8149 0 00000000000191fc     e466 m 00000000fffff248 000000000001c466  c.sdsp   x25, 0x8
#8150 0 00000000000191fe     e06a m 00000000fffff240 0000000000000064  c.sdsp   x26, 0x0
#8217 0 000000000001969e fee78fa3 m 0000000000020015 000000000000000a  sb       x14, -0x1(x15)
#8225 0 00000000000194c6     c454 m 000000000001e884 00000000fffffffa  c.sw     x13, 0xc(x8)
#8226 0 00000000000194c8     e018 m 000000000001e878 0000000000020016  c.sd     x14, 0x0(x8)
#8235 0 0000000000012290     e822 m 00000000fffff230 000000000001e878  c.sdsp   x8, 0x10
#8236 0 0000000000012292     ec06 m 00000000fffff238 0000000000019384  c.sdsp   x1, 0x18
#8250 0 0000000000012102     f022 m 00000000fffff230 000000000001e878  c.sdsp   x8, 0x20
#8251 0 0000000000012104     e44e m 00000000fffff218 0000000000000000  c.sdsp   x19, 0x8
#8252 0 0000000000012106     f406 m 00000000fffff238 0000000000019384  c.sdsp   x1, 0x28
#8253 0 0000000000012108     ec26 m 00000000fffff228 0000000000000001  c.sdsp   x9, 0x18
#8254 0 000000000001210a     e84a m 00000000fffff220 00000000fffff490  c.sdsp   x18, 0x10
#8265 0 00000000000121da 0125b023 m 000000000001e878 0000000000020010  sd       x18, 0x0(x11)
#8269 0 00000000000121e8     c45c m 000000000001e884 0000000000000000  c.sw     x15, 0xc(x8)
#8279 0 00000000000161ca     f022 m 00000000fffff200 000000000001e878  c.sdsp   x8, 0x20
#8280 0 00000000000161cc     ec26 m 00000000fffff1f8 0000000000000006  c.sdsp   x9, 0x18
#8281 0 00000000000161ce     e84a m 00000000fffff1f0 0000000000020010  c.sdsp   x18, 0x10
#8282 0 00000000000161d0     e44e m 00000000fffff1e8 000000000001e290  c.sdsp   x19, 0x8
#8283 0 00000000000161d2     f406 m 00000000fffff208 0000000000012202  c.sdsp   x1, 0x28
#8294 0 00000000000161ec 00f41823 m 000000000001e888 0000000000002889  sh       x15, 0x10(x8)
#8307 0 0000000000018dac     e822 m 00000000fffff200 000000000001e878  c.sdsp   x8, 0x10
#8308 0 0000000000018dae     e426 m 00000000fffff1f8 0000000000000006  c.sdsp   x9, 0x8
#8313 0 0000000000018db8     ec06 m 00000000fffff208 0000000000012202  c.sdsp   x1, 0x18
#8314 0 0000000000018dba 7801a823 m 000000000001f408 0000000000000000  sw       x0, 0x790(x3)
#8317 0 000000000001afc8     e406 m 00000000fffff1e8 0000000000018dc2  c.sdsp   x1, 0x8
#8318 0 000000000001afca     e022 m 00000000fffff1e0 000000000001e290  c.sdsp   x8, 0x0
#8352 0 0000000000019358 009a3823 m 00000000fffff410 0000000000000000  sd       x9, 0x10(x20)
#8372 0 0000000000018066 000ab823 m 00000000fffff410 0000000000000000  sd       x0, 0x10(x21)
#8373 0 000000000001806a 000aa423 m 00000000fffff408 0000000000000000  sw       x0, 0x8(x21)
#8408 0 000000000001018a fef42623 m 00000000ffffff3c 0000000000000009  sw       x15, -0x14(x8)
#8420 0 0000000000010320     f832 m 00000000fffff5a0 0000000000000006  c.sdsp   x12, 0x30
#8421 0 0000000000010322     fc36 m 00000000fffff5a8 0000000000000006  c.sdsp   x13, 0x38
#8422 0 0000000000010324     f42e m 00000000fffff598 0000000000000009  c.sdsp   x11, 0x28
#8423 0 0000000000010326     e0ba m 00000000fffff5b0 0000000000000009  c.sdsp   x14, 0x40
#8424 0 0000000000010328     e4be m 00000000fffff5b8 000000000001c000  c.sdsp   x15, 0x48
#8425 0 000000000001032a     e8c2 m 00000000fffff5c0 0000000000000000  c.sdsp   x16, 0x50
#8426 0 000000000001032c     ecc6 m 00000000fffff5c8 0000000000000040  c.sdsp   x17, 0x58
#8431 0 0000000000010338     ec06 m 00000000fffff588 0000000000010184  c.sdsp   x1, 0x18
#8432 0 000000000001033a     e436 m 00000000fffff578 00000000fffff598  c.sdsp   x13, 0x8
#8435 0 000000000001034a 26113c23 m 00000000fffff568 0000000000010340  sd       x1, 0x278(x2)
#8436 0 000000000001034e 27213023 m 00000000fffff550 0000000000000000  sd       x18, 0x260(x2)
#8437 0 0000000000010352 25413823 m 00000000fffff540 0000000000000000  sd       x20, 0x250(x2)
#8438 0 0000000000010356 23913423 m 00000000fffff518 0000000000000000  sd       x25, 0x228(x2)
#8441 0 000000000001035e     e836 m 00000000fffff300 00000000fffff598  c.sdsp   x13, 0x10
#8442 0 0000000000010360 26813823 m 00000000fffff560 00000000ffffff50  sd       x8, 0x270(x2)
#8443 0 0000000000010364 26913423 m 00000000fffff558 0000000000000000  sd       x9, 0x268(x2)
#8444 0 0000000000010368 25313c23 m 00000000fffff548 0000000000000000  sd       x19, 0x258(x2)
#8445 0 000000000001036c 25513423 m 00000000fffff538 0000000000000000  sd       x21, 0x248(x2)
#8446 0 0000000000010370 25613023 m 00000000fffff530 0000000000000000  sd       x22, 0x240(x2)
#8447 0 0000000000010374 23713c23 m 00000000fffff528 0000000000000000  sd       x23, 0x238(x2)
#8448 0 0000000000010378 23813823 m 00000000fffff520 0000000000000000  sd       x24, 0x230(x2)
#8449 0 000000000001037c 23a13023 m 00000000fffff510 0000000000000000  sd       x26, 0x220(x2)
#8450 0 0000000000010380 21b13c23 m 00000000fffff508 0000000000000000  sd       x27, 0x218(x2)
#8457 0 000000000001038e     f8be m 00000000fffff360 000000000001c9b0  c.sdsp   x15, 0x70
#8478 0 0000000000010394     f4aa m 00000000fffff358 0000000000000001  c.sdsp   x10, 0x68
#8479 0 0000000000010396     e202 m 00000000fffff3f0 0000000000000000  c.sdsp   x0, 0x100
#8480 0 0000000000010398     e602 m 00000000fffff3f8 0000000000000000  c.sdsp   x0, 0x108
#8500 0 00000000000103fc     ea5a m 00000000fffff400 00000000fffff480  c.sdsp   x22, 0x110
#8501 0 00000000000103fe     ed3e m 00000000fffff388 3ffc000000000000  c.sdsp   x15, 0x98
#8504 0 0000000000010406     f202 m 00000000fffff410 0000000000000000  c.sdsp   x0, 0x120
#8505 0 0000000000010408 10012c23 m 00000000fffff408 0000000000000000  sw       x0, 0x118(x2)
#8506 0 000000000001040c     e93e m 00000000fffff380 4003000000000000  c.sdsp   x15, 0x90
#8509 0 0000000000010414     f002 m 00000000fffff310 0000000000000000  c.sdsp   x0, 0x20
#8510 0 0000000000010416     f402 m 00000000fffff318 0000000000000000  c.sdsp   x0, 0x28
#8511 0 0000000000010418     f13e m 00000000fffff390 3ffe000000000000  c.sdsp   x15, 0xa0
#8513 0 000000000001041e     fc82 m 00000000fffff368 0000000000000000  c.sdsp   x0, 0x78
#8514 0 0000000000010420     f082 m 00000000fffff350 0000000000000000  c.sdsp   x0, 0x60
#8515 0 0000000000010422     e102 m 00000000fffff370 0000000000000000  c.sdsp   x0, 0x80
#8516 0 0000000000010424     e502 m 00000000fffff378 0000000000000000  c.sdsp   x0, 0x88
#8517 0 0000000000010426     e402 m 00000000fffff2f8 0000000000000000  c.sdsp   x0, 0x8
#8543 0 000000000001044e 01933023 m 00000000fffff480 000000000001c460  sd       x25, 0x0(x6)
#8546 0 0000000000010456 00933423 m 00000000fffff488 0000000000000004  sd       x9, 0x8(x6)
#8547 0 000000000001045a     f23a m 00000000fffff410 0000000000000004  c.sdsp   x14, 0x120
#8548 0 000000000001045c 10f12c23 m 00000000fffff408 0000000000000001  sw       x15, 0x118(x2)
#8556 0 0000000000010474     e43a m 00000000fffff2f8 0000000000000004  c.sdsp   x14, 0x8
#8560 0 0000000000010480 0c010fa3 m 00000000fffff3cf 0000000000000000  sb       x0, 0xdf(x2)
#8596 0 0000000000011282     e83a m 00000000fffff300 00000000fffff5a0  c.sdsp   x14, 0x10
#8601 0 0000000000010f3c 193105a3 m 00000000fffff47b 0000000000000039  sb       x19, 0x18b(x2)
#8609 0 00000000000106d2     ec02 m 00000000fffff308 0000000000000000  c.sdsp   x0, 0x18
#8610 0 00000000000106d4     e482 m 00000000fffff338 0000000000000000  c.sdsp   x0, 0x48
#8611 0 00000000000106d6     ec82 m 00000000fffff348 0000000000000000  c.sdsp   x0, 0x58
#8612 0 00000000000106d8     e882 m 00000000fffff340 0000000000000000  c.sdsp   x0, 0x50
#8632 0 000000000001059e 01933023 m 00000000fffff490 00000000fffff47b  sd       x25, 0x0(x6)
#8635 0 00000000000105a8 01733423 m 00000000fffff498 0000000000000001  sd       x23, 0x8(x6)
#8636 0 00000000000105ac 10e12c23 m 00000000fffff408 0000000000000002  sw       x14, 0x118(x2)
#8637 0 00000000000105b0     f23e m 00000000fffff410 0000000000000005  c.sdsp   x15, 0x120
#8648 0 00000000000105d2     e43a m 00000000fffff2f8 0000000000000005  c.sdsp   x14, 0x8
#8660 0 0000000000018000     ec56 m 00000000fffff2b8 0000000000000000  c.sdsp   x21, 0x18
#8661 0 0000000000018002     e486 m 00000000fffff2e8 0000000000010f14  c.sdsp   x1, 0x48
#8662 0 0000000000018004     e0a2 m 00000000fffff2e0 000000000001c466  c.sdsp   x8, 0x40
#8663 0 0000000000018006     fc26 m 00000000fffff2d8 0000000000000000  c.sdsp   x9, 0x38
#8664 0 0000000000018008     f84a m 00000000fffff2d0 000000000001e878  c.sdsp   x18, 0x30
#8665 0 000000000001800a     f44e m 00000000fffff2c8 0000000000000001  c.sdsp   x19, 0x28
#8666 0 000000000001800c     f052 m 00000000fffff2c0 000000000001e290  c.sdsp   x20, 0x20
#8667 0 000000000001800e     e85a m 00000000fffff2b0 00000000fffff480  c.sdsp   x22, 0x10
#8668 0 0000000000018010     e45e m 00000000fffff2a8 0000000000000001  c.sdsp   x23, 0x8
#8677 0 00000000000191e8     e8a2 m 00000000fffff290 000000000001c466  c.sdsp   x8, 0x50
#8678 0 00000000000191ea     f852 m 00000000fffff270 000000000001e290  c.sdsp   x20, 0x30
#8679 0 00000000000191ec     f456 m 00000000fffff268 00000000fffff400  c.sdsp   x21, 0x28
#8680 0 00000000000191ee     ec86 m 00000000fffff298 000000000001809a  c.sdsp   x1, 0x58
#8681 0 00000000000191f0     e4a6 m 00000000fffff288 0000000000000000  c.sdsp   x9, 0x48
#8682 0 00000000000191f2     e0ca m 00000000fffff280 000000000001e878  c.sdsp   x18, 0x40
#8683 0 00000000000191f4     fc4e m 00000000fffff278 0000000000000001  c.sdsp   x19, 0x38
#8684 0 00000000000191f6     f05a m 00000000fffff260 00000000fffff480  c.sdsp   x22, 0x20
#8685 0 00000000000191f8     ec5e m 00000000fffff258 0000000000000001  c.sdsp   x23, 0x18
#8686 0 00000000000191fa     e862 m 00000000fffff250 fffffffffffffffe  c.sdsp   x24, 0x10
#8687 0 00000000000191fc     e466 m 00000000fffff248 00000000fffff47b  c.sdsp   x25, 0x8
#8688 0 00000000000191fe     e06a m 00000000fffff240 0000000000000064  c.sdsp   x26, 0x0
#8769 0 000000000001969e fee78fa3 m 0000000000020010 0000000000000069  sb       x14, -0x1(x15)
#8774 0 000000000001969e fee78fa3 m 0000000000020011 0000000000000020  sb       x14, -0x1(x15)
#8779 0 000000000001969e fee78fa3 m 0000000000020012 000000000000003d  sb       x14, -0x1(x15)
#8784 0 000000000001969e fee78fa3 m 0000000000020013 0000000000000020  sb       x14, -0x1(x15)
#8792 0 00000000000194c6     c454 m 000000000001e884 00000000fffffffc  c.sw     x13, 0xc(x8)
#8793 0 00000000000194c8     e018 m 000000000001e878 0000000000020014  c.sd     x14, 0x0(x8)
#8802 0 0000000000019358 009a3823 m 00000000fffff410 0000000000000001  sd       x9, 0x10(x20)
#8858 0 000000000001969e fee78fa3 m 0000000000020014 0000000000000039  sb       x14, -0x1(x15)
#8866 0 00000000000194c6     c454 m 000000000001e884 00000000fffffffb  c.sw     x13, 0xc(x8)
#8867 0 00000000000194c8     e018 m 000000000001e878 0000000000020015  c.sd     x14, 0x0(x8)
#8876 0 0000000000019358 009a3823 m 00000000fffff410 0000000000000000  sd       x9, 0x10(x20)
#8896 0 0000000000018066 000ab823 m 00000000fffff410 0000000000000000  sd       x0, 0x10(x21)
#8897 0 000000000001806a 000aa423 m 00000000fffff408 0000000000000000  sw       x0, 0x8(x21)
#8909 0 00000000000105da 10012c23 m 00000000fffff408 0000000000000000  sw       x0, 0x118(x2)
#8925 0 000000000001044e 01933023 m 00000000fffff480 000000000001c466  sd       x25, 0x0(x6)
#8928 0 0000000000010456 00933423 m 00000000fffff488 0000000000000001  sd       x9, 0x8(x6)
#8929 0 000000000001045a     f23a m 00000000fffff410 0000000000000001  c.sdsp   x14, 0x120
#8930 0 000000000001045c 10f12c23 m 00000000fffff408 0000000000000001  sw       x15, 0x118(x2)
#8938 0 0000000000010474     e43a m 00000000fffff2f8 0000000000000006  c.sdsp   x14, 0x8
#8953 0 0000000000018000     ec56 m 00000000fffff2b8 0000000000000000  c.sdsp   x21, 0x18
#8954 0 0000000000018002     e486 m 00000000fffff2e8 0000000000011864  c.sdsp   x1, 0x48
#8955 0 0000000000018004     e0a2 m 00000000fffff2e0 000000000001c467  c.sdsp   x8, 0x40
#8956 0 0000000000018006     fc26 m 00000000fffff2d8 0000000000000001  c.sdsp   x9, 0x38
#8957 0 0000000000018008     f84a m 00000000fffff2d0 000000000001e878  c.sdsp   x18, 0x30
#8958 0 000000000001800a     f44e m 00000000fffff2c8 0000000000000001  c.sdsp   x19, 0x28
#8959 0 000000000001800c     f052 m 00000000fffff2c0 000000000001e290  c.sdsp   x20, 0x20
#8960 0 000000000001800e     e85a m 00000000fffff2b0 00000000fffff480  c.sdsp   x22, 0x10
#8961 0 0000000000018010     e45e m 00000000fffff2a8 0000000000000001  c.sdsp   x23, 0x8
#8970 0 00000000000191e8     e8a2 m 00000000fffff290 000000000001c467  c.sdsp   x8, 0x50
#8971 0 00000000000191ea     f852 m 00000000fffff270 000000000001e290  c.sdsp   x20, 0x30
#8972 0 00000000000191ec     f456 m 00000000fffff268 00000000fffff400  c.sdsp   x21, 0x28
#8973 0 00000000000191ee     ec86 m 00000000fffff298 000000000001809a  c.sdsp   x1, 0x58
#8974 0 00000000000191f0     e4a6 m 00000000fffff288 0000000000000001  c.sdsp   x9, 0x48
#8975 0 00000000000191f2     e0ca m 00000000fffff280 000000000001e878  c.sdsp   x18, 0x40
#8976 0 00000000000191f4     fc4e m 00000000fffff278 0000000000000001  c.sdsp   x19, 0x38
#8977 0 00000000000191f6     f05a m 00000000fffff260 00000000fffff480  c.sdsp   x22, 0x20
#8978 0 00000000000191f8     ec5e m 00000000fffff258 0000000000000001  c.sdsp   x23, 0x18
#8979 0 00000000000191fa     e862 m 00000000fffff250 fffffffffffffffe  c.sdsp   x24, 0x10
#8980 0 00000000000191fc     e466 m 00000000fffff248 000000000001c466  c.sdsp   x25, 0x8
#8981 0 00000000000191fe     e06a m 00000000fffff240 0000000000000064  c.sdsp   x26, 0x0
#9048 0 000000000001969e fee78fa3 m 0000000000020015 000000000000000a  sb       x14, -0x1(x15)
#9056 0 00000000000194c6     c454 m 000000000001e884 00000000fffffffa  c.sw     x13, 0xc(x8)
#9057 0 00000000000194c8     e018 m 000000000001e878 0000000000020016  c.sd     x14, 0x0(x8)
#9066 0 0000000000012290     e822 m 00000000fffff230 000000000001e878  c.sdsp   x8, 0x10
#9067 0 0000000000012292     ec06 m 00000000fffff238 0000000000019384  c.sdsp   x1, 0x18
#9081 0 0000000000012102     f022 m 00000000fffff230 000000000001e878  c.sdsp   x8, 0x20
#9082 0 0000000000012104     e44e m 00000000fffff218 0000000000000000  c.sdsp   x19, 0x8
#9083 0 0000000000012106     f406 m 00000000fffff238 0000000000019384  c.sdsp   x1, 0x28
#9084 0 0000000000012108     ec26 m 00000000fffff228 0000000000000001  c.sdsp   x9, 0x18
#9085 0 000000000001210a     e84a m 00000000fffff220 00000000fffff490  c.sdsp   x18, 0x10
#9096 0 00000000000121da 0125b023 m 000000000001e878 0000000000020010  sd       x18, 0x0(x11)
#9100 0 00000000000121e8     c45c m 000000000001e884 0000000000000000  c.sw     x15, 0xc(x8)
#9110 0 00000000000161ca     f022 m 00000000fffff200 000000000001e878  c.sdsp   x8, 0x20
#9111 0 00000000000161cc     ec26 m 00000000fffff1f8 0000000000000006  c.sdsp   x9, 0x18
#9112 0 00000000000161ce     e84a m 00000000fffff1f0 0000000000020010  c.sdsp   x18, 0x10
#9113 0 00000000000161d0     e44e m 00000000fffff1e8 000000000001e290  c.sdsp   x19, 0x8
#9114 0 00000000000161d2     f406 m 00000000fffff208 0000000000012202  c.sdsp   x1, 0x28
#9125 0 00000000000161ec 00f41823 m 000000000001e888 0000000000002889  sh       x15, 0x10(x8)
#9138 0 0000000000018dac     e822 m 00000000fffff200 000000000001e878  c.sdsp   x8, 0x10
#9139 0 0000000000018dae     e426 m 00000000fffff1f8 0000000000000006  c.sdsp   x9, 0x8
#9144 0 0000000000018db8     ec06 m 00000000fffff208 0000000000012202  c.sdsp   x1, 0x18
#9145 0 0000000000018dba 7801a823 m 000000000001f408 0000000000000000  sw       x0, 0x790(x3)
#9148 0 000000000001afc8     e406 m 00000000fffff1e8 0000000000018dc2  c.sdsp   x1, 0x8
#9149 0 000000000001afca     e022 m 00000000fffff1e0 000000000001e290  c.sdsp   x8, 0x0
#9183 0 0000000000019358 009a3823 m 00000000fffff410 0000000000000000  sd       x9, 0x10(x20)
#9203 0 0000000000018066 000ab823 m 00000000fffff410 0000000000000000  sd       x0, 0x10(x21)
#9204 0 000000000001806a 000aa423 m 00000000fffff408 0000000000000000  sw       x0, 0x8(x21)
#9239 0 000000000001018a fef42623 m 00000000ffffff3c 000000000000000a  sw       x15, -0x14(x8)
#9263 0 00000000000102a0 00b703a3 m 00000000fffff5df 0000000000000000  sb       x11, 0x7(x14)
#9264 0 00000000000102a4 00b70323 m 00000000fffff5de 0000000000000000  sb       x11, 0x6(x14)
#9265 0 00000000000102a8 00b702a3 m 00000000fffff5dd 0000000000000000  sb       x11, 0x5(x14)
#9266 0 00000000000102ac 00b70223 m 00000000fffff5dc 0000000000000000  sb       x11, 0x4(x14)
#9267 0 00000000000102b0 00b701a3 m 00000000fffff5db 0000000000000000  sb       x11, 0x3(x14)
#9268 0 00000000000102b4 00b70123 m 00000000fffff5da 0000000000000000  sb       x11, 0x2(x14)
#9269 0 00000000000102b8 00b700a3 m 00000000fffff5d9 0000000000000000  sb       x11, 0x1(x14)
#9270 0 00000000000102bc 00b70023 m 00000000fffff5d8 0000000000000000  sb       x11, 0x0(x14)
#9282 0 0000000000010266     e30c m 00000000fffff5e0 0000000000000000  c.sd     x11, 0x0(x14)
#9283 0 0000000000010268     e70c m 00000000fffff5e8 0000000000000000  c.sd     x11, 0x8(x14)
#9286 0 0000000000010266     e30c m 00000000fffff5f0 0000000000000000  c.sd     x11, 0x0(x14)
#9287 0 0000000000010268     e70c m 00000000fffff5f8 0000000000000000  c.sd     x11, 0x8(x14)
#9290 0 0000000000010266     e30c m 00000000fffff600 0000000000000000  c.sd     x11, 0x0(x14)
#9291 0 0000000000010268     e70c m 00000000fffff608 0000000000000000  c.sd     x11, 0x8(x14)
#9294 0 0000000000010266     e30c m 00000000fffff610 0000000000000000  c.sd     x11, 0x0(x14)
#9295 0 0000000000010268     e70c m 00000000fffff618 0000000000000000  c.sd     x11, 0x8(x14)
#9298 0 0000000000010266     e30c m 00000000fffff620 0000000000000000  c.sd     x11, 0x0(x14)
#9299 0 0000000000010268     e70c m 00000000fffff628 0000000000000000  c.sd     x11, 0x8(x14)
#9302 0 0000000000010266     e30c m 00000000fffff630 0000000000000000  c.sd     x11, 0x0(x14)
#9303 0 0000000000010268     e70c m 00000000fffff638 0000000000000000  c.sd     x11, 0x8(x14)
#9306 0 0000000000010266     e30c m 00000000fffff640 0000000000000000  c.sd     x11, 0x0(x14)
#9307 0 0000000000010268     e70c m 00000000fffff648 0000000000000000  c.sd     x11, 0x8(x14)
#9310 0 0000000000010266     e30c m 00000000fffff650 0000000000000000  c.sd     x11, 0x0(x14)
#9311 0 0000000000010268     e70c m 00000000fffff658 0000000000000000  c.sd     x11, 0x8(x14)
#9314 0 0000000000010266     e30c m 00000000fffff660 0000000000000000  c.sd     x11, 0x0(x14)
#9315 0 0000000000010268     e70c m 00000000fffff668 0000000000000000  c.sd     x11, 0x8(x14)
#9318 0 0000000000010266     e30c m 00000000fffff670 0000000000000000  c.sd     x11, 0x0(x14)
#9319 0 0000000000010268     e70c m 00000000fffff678 0000000000000000  c.sd     x11, 0x8(x14)
#9322 0 0000000000010266     e30c m 00000000fffff680 0000000000000000  c.sd     x11, 0x0(x14)
#9323 0 0000000000010268     e70c m 00000000fffff688 0000000000000000  c.sd     x11, 0x8(x14)
#9326 0 0000000000010266     e30c m 00000000fffff690 0000000000000000  c.sd     x11, 0x0(x14)
#9327 0 0000000000010268     e70c m 00000000fffff698 0000000000000000  c.sd     x11, 0x8(x14)
#9330 0 0000000000010266     e30c m 00000000fffff6a0 0000000000000000  c.sd     x11, 0x0(x14)
#9331 0 0000000000010268     e70c m 00000000fffff6a8 0000000000000000  c.sd     x11, 0x8(x14)
#9334 0 0000000000010266     e30c m 00000000fffff6b0 0000000000000000  c.sd     x11, 0x0(x14)
#9335 0 0000000000010268     e70c m 00000000fffff6b8 0000000000000000  c.sd     x11, 0x8(x14)
#9338 0 0000000000010266     e30c m 00000000fffff6c0 0000000000000000  c.sd     x11, 0x0(x14)
#9339 0 0000000000010268     e70c m 00000000fffff6c8 0000000000000000  c.sd     x11, 0x8(x14)
#9342 0 0000000000010266     e30c m 00000000fffff6d0 0000000000000000  c.sd     x11, 0x0(x14)
#9343 0 0000000000010268     e70c m 00000000fffff6d8 0000000000000000  c.sd     x11, 0x8(x14)
#9346 0 0000000000010266     e30c m 00000000fffff6e0 0000000000000000  c.sd     x11, 0x0(x14)
#9347 0 0000000000010268     e70c m 00000000fffff6e8 0000000000000000  c.sd     x11, 0x8(x14)
#9350 0 0000000000010266     e30c m 00000000fffff6f0 0000000000000000  c.sd     x11, 0x0(x14)
#9351 0 0000000000010268     e70c m 00000000fffff6f8 0000000000000000  c.sd     x11, 0x8(x14)
#9354 0 0000000000010266     e30c m 00000000fffff700 0000000000000000  c.sd     x11, 0x0(x14)
#9355 0 0000000000010268     e70c m 00000000fffff708 0000000000000000  c.sd     x11, 0x8(x14)
#9358 0 0000000000010266     e30c m 00000000fffff710 0000000000000000  c.sd     x11, 0x0(x14)
#9359 0 0000000000010268     e70c m 00000000fffff718 0000000000000000  c.sd     x11, 0x8(x14)
#9362 0 0000000000010266     e30c m 00000000fffff720 0000000000000000  c.sd     x11, 0x0(x14)
#9363 0 0000000000010268     e70c m 00000000fffff728 0000000000000000  c.sd     x11, 0x8(x14)
#9366 0 0000000000010266     e30c m 00000000fffff730 0000000000000000  c.sd     x11, 0x0(x14)
#9367 0 0000000000010268     e70c m 00000000fffff738 0000000000000000  c.sd     x11, 0x8(x14)
#9370 0 0000000000010266     e30c m 00000000fffff740 0000000000000000  c.sd     x11, 0x0(x14)
#9371 0 0000000000010268     e70c m 00000000fffff748 0000000000000000  c.sd     x11, 0x8(x14)
#9374 0 0000000000010266     e30c m 00000000fffff750 0000000000000000  c.sd     x11, 0x0(x14)
#9375 0 0000000000010268     e70c m 00000000fffff758 0000000000000000  c.sd     x11, 0x8(x14)
#9378 0 0000000000010266     e30c m 00000000fffff760 0000000000000000  c.sd     x11, 0x0(x14)
#9379 0 0000000000010268     e70c m 00000000fffff768 0000000000000000  c.sd     x11, 0x8(x14)
#9382 0 0000000000010266     e30c m 00000000fffff770 0000000000000000  c.sd     x11, 0x0(x14)
#9383 0 0000000000010268     e70c m 00000000fffff778 0000000000000000  c.sd     x11, 0x8(x14)
#9386 0 0000000000010266     e30c m 00000000fffff780 0000000000000000  c.sd     x11, 0x0(x14)
#9387 0 0000000000010268     e70c m 00000000fffff788 0000000000000000  c.sd     x11, 0x8(x14)
#9390 0 0000000000010266     e30c m 00000000fffff790 0000000000000000  c.sd     x11, 0x0(x14)
#9391 0 0000000000010268     e70c m 00000000fffff798 0000000000000000  c.sd     x11, 0x8(x14)
#9394 0 0000000000010266     e30c m 00000000fffff7a0 0000000000000000  c.sd     x11, 0x0(x14)
#9395 0 0000000000010268     e70c m 00000000fffff7a8 0000000000000000  c.sd     x11, 0x8(x14)
#9398 0 0000000000010266     e30c m 00000000fffff7b0 0000000000000000  c.sd     x11, 0x0(x14)
#9399 0 0000000000010268     e70c m 00000000fffff7b8 0000000000000000  c.sd     x11, 0x8(x14)
#9402 0 0000000000010266     e30c m 00000000fffff7c0 0000000000000000  c.sd     x11, 0x0(x14)
#9403 0 0000000000010268     e70c m 00000000fffff7c8 0000000000000000  c.sd     x11, 0x8(x14)
#9406 0 0000000000010266     e30c m 00000000fffff7d0 0000000000000000  c.sd     x11, 0x0(x14)
#9407 0 0000000000010268     e70c m 00000000fffff7d8 0000000000000000  c.sd     x11, 0x8(x14)
#9410 0 0000000000010266     e30c m 00000000fffff7e0 0000000000000000  c.sd     x11, 0x0(x14)
#9411 0 0000000000010268     e70c m 00000000fffff7e8 0000000000000000  c.sd     x11, 0x8(x14)
#9414 0 0000000000010266     e30c m 00000000fffff7f0 0000000000000000  c.sd     x11, 0x0(x14)
#9415 0 0000000000010268     e70c m 00000000fffff7f8 0000000000000000  c.sd     x11, 0x8(x14)
#9418 0 0000000000010266     e30c m 00000000fffff800 0000000000000000  c.sd     x11, 0x0(x14)
#9419 0 0000000000010268     e70c m 00000000fffff808 0000000000000000  c.sd     x11, 0x8(x14)
#9422 0 0000000000010266     e30c m 00000000fffff810 0000000000000000  c.sd     x11, 0x0(x14)
#9423 0 0000000000010268     e70c m 00000000fffff818 0000000000000000  c.sd     x11, 0x8(x14)
#9426 0 0000000000010266     e30c m 00000000fffff820 0000000000000000  c.sd     x11, 0x0(x14)
#9427 0 0000000000010268     e70c m 00000000fffff828 0000000000000000  c.sd     x11, 0x8(x14)
#9430 0 0000000000010266     e30c m 00000000fffff830 0000000000000000  c.sd     x11, 0x0(x14)
#9431 0 0000000000010268     e70c m 00000000fffff838 0000000000000000  c.sd     x11, 0x8(x14)
#9434 0 0000000000010266     e30c m 00000000fffff840 0000000000000000  c.sd     x11, 0x0(x14)
#9435 0 0000000000010268     e70c m 00000000fffff848 0000000000000000  c.sd     x11, 0x8(x14)
#9438 0 0000000000010266     e30c m 00000000fffff850 0000000000000000  c.sd     x11, 0x0(x14)
#9439 0 0000000000010268     e70c m 00000000fffff858 0000000000000000  c.sd     x11, 0x8(x14)
#9442 0 0000000000010266     e30c m 00000000fffff860 0000000000000000  c.sd     x11, 0x0(x14)
#9443 0 0000000000010268     e70c m 00000000fffff868 0000000000000000  c.sd     x11, 0x8(x14)
#9446 0 0000000000010266     e30c m 00000000fffff870 0000000000000000  c.sd     x11, 0x0(x14)
#9447 0 0000000000010268     e70c m 00000000fffff878 0000000000000000  c.sd     x11, 0x8(x14)
#9450 0 0000000000010266     e30c m 00000000fffff880 0000000000000000  c.sd     x11, 0x0(x14)
#9451 0 0000000000010268     e70c m 00000000fffff888 0000000000000000  c.sd     x11, 0x8(x14)
#9454 0 0000000000010266     e30c m 00000000fffff890 0000000000000000  c.sd     x11, 0x0(x14)
#9455 0 0000000000010268     e70c m 00000000fffff898 0000000000000000  c.sd     x11, 0x8(x14)
#9458 0 0000000000010266     e30c m 00000000fffff8a0 0000000000000000  c.sd     x11, 0x0(x14)
#9459 0 0000000000010268     e70c m 00000000fffff8a8 0000000000000000  c.sd     x11, 0x8(x14)
#9462 0 0000000000010266     e30c m 00000000fffff8b0 0000000000000000  c.sd     x11, 0x0(x14)
#9463 0 0000000000010268     e70c m 00000000fffff8b8 0000000000000000  c.sd     x11, 0x8(x14)
#9466 0 0000000000010266     e30c m 00000000fffff8c0 0000000000000000  c.sd     x11, 0x0(x14)
#9467 0 0000000000010268     e70c m 00000000fffff8c8 0000000000000000  c.sd     x11, 0x8(x14)
#9470 0 0000000000010266     e30c m 00000000fffff8d0 0000000000000000  c.sd     x11, 0x0(x14)
#9471 0 0000000000010268     e70c m 00000000fffff8d8 0000000000000000  c.sd     x11, 0x8(x14)
#9474 0 0000000000010266     e30c m 00000000fffff8e0 0000000000000000  c.sd     x11, 0x0(x14)
#9475 0 0000000000010268     e70c m 00000000fffff8e8 0000000000000000  c.sd     x11, 0x8(x14)
#9478 0 0000000000010266     e30c m 00000000fffff8f0 0000000000000000  c.sd     x11, 0x0(x14)
#9479 0 0000000000010268     e70c m 00000000fffff8f8 0000000000000000  c.sd     x11, 0x8(x14)
#9482 0 0000000000010266     e30c m 00000000fffff900 0000000000000000  c.sd     x11, 0x0(x14)
#9483 0 0000000000010268     e70c m 00000000fffff908 0000000000000000  c.sd     x11, 0x8(x14)
#9486 0 0000000000010266     e30c m 00000000fffff910 0000000000000000  c.sd     x11, 0x0(x14)
#9487 0 0000000000010268     e70c m 00000000fffff918 0000000000000000  c.sd     x11, 0x8(x14)
#9490 0 0000000000010266     e30c m 00000000fffff920 0000000000000000  c.sd     x11, 0x0(x14)
#9491 0 0000000000010268     e70c m 00000000fffff928 0000000000000000  c.sd     x11, 0x8(x14)
#9494 0 0000000000010266     e30c m 00000000fffff930 0000000000000000  c.sd     x11, 0x0(x14)
#9495 0 0000000000010268     e70c m 00000000fffff938 0000000000000000  c.sd     x11, 0x8(x14)
#9498 0 0000000000010266     e30c m 00000000fffff940 0000000000000000  c.sd     x11, 0x0(x14)
#9499 0 0000000000010268     e70c m 00000000fffff948 0000000000000000  c.sd     x11, 0x8(x14)
#9502 0 0000000000010266     e30c m 00000000fffff950 0000000000000000  c.sd     x11, 0x0(x14)
#9503 0 0000000000010268     e70c m 00000000fffff958 0000000000000000  c.sd     x11, 0x8(x14)
#9506 0 0000000000010266     e30c m 00000000fffff960 0000000000000000  c.sd     x11, 0x0(x14)
#9507 0 0000000000010268     e70c m 00000000fffff968 0000000000000000  c.sd     x11, 0x8(x14)
#9510 0 0000000000010266     e30c m 00000000fffff970 0000000000000000  c.sd     x11, 0x0(x14)
#9511 0 0000000000010268     e70c m 00000000fffff978 0000000000000000  c.sd     x11, 0x8(x14)
#9514 0 0000000000010266     e30c m 00000000fffff980 0000000000000000  c.sd     x11, 0x0(x14)
#9515 0 0000000000010268     e70c m 00000000fffff988 0000000000000000  c.sd     x11, 0x8(x14)
#9518 0 0000000000010266     e30c m 00000000fffff990 0000000000000000  c.sd     x11, 0x0(x14)
#9519 0 0000000000010268     e70c m 00000000fffff998 0000000000000000  c.sd     x11, 0x8(x14)
#9522 0 0000000000010266     e30c m 00000000fffff9a0 0000000000000000  c.sd     x11, 0x0(x14)
#9523 0 0000000000010268     e70c m 00000000fffff9a8 0000000000000000  c.sd     x11, 0x8(x14)
#9526 0 0000000000010266     e30c m 00000000fffff9b0 0000000000000000  c.sd     x11, 0x0(x14)
#9527 0 0000000000010268     e70c m 00000000fffff9b8 0000000000000000  c.sd     x11, 0x8(x14)
#9530 0 0000000000010266     e30c m 00000000fffff9c0 0000000000000000  c.sd     x11, 0x0(x14)
#9531 0 0000000000010268     e70c m 00000000fffff9c8 0000000000000000  c.sd     x11, 0x8(x14)
#9534 0 0000000000010266     e30c m 00000000fffff9d0 0000000000000000  c.sd     x11, 0x0(x14)
#9535 0 0000000000010268     e70c m 00000000fffff9d8 0000000000000000  c.sd     x11, 0x8(x14)
#9538 0 0000000000010266     e30c m 00000000fffff9e0 0000000000000000  c.sd     x11, 0x0(x14)
#9539 0 0000000000010268     e70c m 00000000fffff9e8 0000000000000000  c.sd     x11, 0x8(x14)
#9542 0 0000000000010266     e30c m 00000000fffff9f0 0000000000000000  c.sd     x11, 0x0(x14)
#9543 0 0000000000010268     e70c m 00000000fffff9f8 0000000000000000  c.sd     x11, 0x8(x14)
#9546 0 0000000000010266     e30c m 00000000fffffa00 0000000000000000  c.sd     x11, 0x0(x14)
#9547 0 0000000000010268     e70c m 00000000fffffa08 0000000000000000  c.sd     x11, 0x8(x14)
#9550 0 0000000000010266     e30c m 00000000fffffa10 0000000000000000  c.sd     x11, 0x0(x14)
#9551 0 0000000000010268     e70c m 00000000fffffa18 0000000000000000  c.sd     x11, 0x8(x14)
#9554 0 0000000000010266     e30c m 00000000fffffa20 0000000000000000  c.sd     x11, 0x0(x14)
#9555 0 0000000000010268     e70c m 00000000fffffa28 0000000000000000  c.sd     x11, 0x8(x14)
#9558 0 0000000000010266     e30c m 00000000fffffa30 0000000000000000  c.sd     x11, 0x0(x14)
#9559 0 0000000000010268     e70c m 00000000fffffa38 0000000000000000  c.sd     x11, 0x8(x14)
#9562 0 0000000000010266     e30c m 00000000fffffa40 0000000000000000  c.sd     x11, 0x0(x14)
#9563 0 0000000000010268     e70c m 00000000fffffa48 0000000000000000  c.sd     x11, 0x8(x14)
#9566 0 0000000000010266     e30c m 00000000fffffa50 0000000000000000  c.sd     x11, 0x0(x14)
#9567 0 0000000000010268     e70c m 00000000fffffa58 0000000000000000  c.sd     x11, 0x8(x14)
#9570 0 0000000000010266     e30c m 00000000fffffa60 0000000000000000  c.sd     x11, 0x0(x14)
#9571 0 0000000000010268     e70c m 00000000fffffa68 0000000000000000  c.sd     x11, 0x8(x14)
#9574 0 0000000000010266     e30c m 00000000fffffa70 0000000000000000  c.sd     x11, 0x0(x14)
#9575 0 0000000000010268     e70c m 00000000fffffa78 0000000000000000  c.sd     x11, 0x8(x14)
#9578 0 0000000000010266     e30c m 00000000fffffa80 0000000000000000  c.sd     x11, 0x0(x14)
#9579 0 0000000000010268     e70c m 00000000fffffa88 0000000000000000  c.sd     x11, 0x8(x14)
#9582 0 0000000000010266     e30c m 00000000fffffa90 0000000000000000  c.sd     x11, 0x0(x14)
#9583 0 0000000000010268     e70c m 00000000fffffa98 0000000000000000  c.sd     x11, 0x8(x14)
#9586 0 0000000000010266     e30c m 00000000fffffaa0 0000000000000000  c.sd     x11, 0x0(x14)
#9587 0 0000000000010268     e70c m 00000000fffffaa8 0000000000000000  c.sd     x11, 0x8(x14)
#9590 0 0000000000010266     e30c m 00000000fffffab0 0000000000000000  c.sd     x11, 0x0(x14)
#9591 0 0000000000010268     e70c m 00000000fffffab8 0000000000000000  c.sd     x11, 0x8(x14)
#9594 0 0000000000010266     e30c m 00000000fffffac0 0000000000000000  c.sd     x11, 0x0(x14)
#9595 0 0000000000010268     e70c m 00000000fffffac8 0000000000000000  c.sd     x11, 0x8(x14)
#9598 0 0000000000010266     e30c m 00000000fffffad0 0000000000000000  c.sd     x11, 0x0(x14)
#9599 0 0000000000010268     e70c m 00000000fffffad8 0000000000000000  c.sd     x11, 0x8(x14)
#9602 0 0000000000010266     e30c m 00000000fffffae0 0000000000000000  c.sd     x11, 0x0(x14)
#9603 0 0000000000010268     e70c m 00000000fffffae8 0000000000000000  c.sd     x11, 0x8(x14)
#9606 0 0000000000010266     e30c m 00000000fffffaf0 0000000000000000  c.sd     x11, 0x0(x14)
#9607 0 0000000000010268     e70c m 00000000fffffaf8 0000000000000000  c.sd     x11, 0x8(x14)
#9610 0 0000000000010266     e30c m 00000000fffffb00 0000000000000000  c.sd     x11, 0x0(x14)
#9611 0 0000000000010268     e70c m 00000000fffffb08 0000000000000000  c.sd     x11, 0x8(x14)
#9614 0 0000000000010266     e30c m 00000000fffffb10 0000000000000000  c.sd     x11, 0x0(x14)
#9615 0 0000000000010268     e70c m 00000000fffffb18 0000000000000000  c.sd     x11, 0x8(x14)
#9618 0 0000000000010266     e30c m 00000000fffffb20 0000000000000000  c.sd     x11, 0x0(x14)
#9619 0 0000000000010268     e70c m 00000000fffffb28 0000000000000000  c.sd     x11, 0x8(x14)
#9622 0 0000000000010266     e30c m 00000000fffffb30 0000000000000000  c.sd     x11, 0x0(x14)
#9623 0 0000000000010268     e70c m 00000000fffffb38 0000000000000000  c.sd     x11, 0x8(x14)
#9626 0 0000000000010266     e30c m 00000000fffffb40 0000000000000000  c.sd     x11, 0x0(x14)
#9627 0 0000000000010268     e70c m 00000000fffffb48 0000000000000000  c.sd     x11, 0x8(x14)
#9630 0 0000000000010266     e30c m 00000000fffffb50 0000000000000000  c.sd     x11, 0x0(x14)
#9631 0 0000000000010268     e70c m 00000000fffffb58 0000000000000000  c.sd     x11, 0x8(x14)
#9634 0 0000000000010266     e30c m 00000000fffffb60 0000000000000000  c.sd     x11, 0x0(x14)
#9635 0 0000000000010268     e70c m 00000000fffffb68 0000000000000000  c.sd     x11, 0x8(x14)
#9638 0 0000000000010266     e30c m 00000000fffffb70 0000000000000000  c.sd     x11, 0x0(x14)
#9639 0 0000000000010268     e70c m 00000000fffffb78 0000000000000000  c.sd     x11, 0x8(x14)
#9642 0 0000000000010266     e30c m 00000000fffffb80 0000000000000000  c.sd     x11, 0x0(x14)
#9643 0 0000000000010268     e70c m 00000000fffffb88 0000000000000000  c.sd     x11, 0x8(x14)
#9646 0 0000000000010266     e30c m 00000000fffffb90 0000000000000000  c.sd     x11, 0x0(x14)
#9647 0 0000000000010268     e70c m 00000000fffffb98 0000000000000000  c.sd     x11, 0x8(x14)
#9650 0 0000000000010266     e30c m 00000000fffffba0 0000000000000000  c.sd     x11, 0x0(x14)
#9651 0 0000000000010268     e70c m 00000000fffffba8 0000000000000000  c.sd     x11, 0x8(x14)
#9654 0 0000000000010266     e30c m 00000000fffffbb0 0000000000000000  c.sd     x11, 0x0(x14)
#9655 0 0000000000010268     e70c m 00000000fffffbb8 0000000000000000  c.sd     x11, 0x8(x14)
#9658 0 0000000000010266     e30c m 00000000fffffbc0 0000000000000000  c.sd     x11, 0x0(x14)
#9659 0 0000000000010268     e70c m 00000000fffffbc8 0000000000000000  c.sd     x11, 0x8(x14)
#9662 0 0000000000010266     e30c m 00000000fffffbd0 0000000000000000  c.sd     x11, 0x0(x14)
#9663 0 0000000000010268     e70c m 00000000fffffbd8 0000000000000000  c.sd     x11, 0x8(x14)
#9666 0 0000000000010266     e30c m 00000000fffffbe0 0000000000000000  c.sd     x11, 0x0(x14)
#9667 0 0000000000010268     e70c m 00000000fffffbe8 0000000000000000  c.sd     x11, 0x8(x14)
#9670 0 0000000000010266     e30c m 00000000fffffbf0 0000000000000000  c.sd     x11, 0x0(x14)
#9671 0 0000000000010268     e70c m 00000000fffffbf8 0000000000000000  c.sd     x11, 0x8(x14)
#9674 0 0000000000010266     e30c m 00000000fffffc00 0000000000000000  c.sd     x11, 0x0(x14)
#9675 0 0000000000010268     e70c m 00000000fffffc08 0000000000000000  c.sd     x11, 0x8(x14)
#9678 0 0000000000010266     e30c m 00000000fffffc10 0000000000000000  c.sd     x11, 0x0(x14)
#9679 0 0000000000010268     e70c m 00000000fffffc18 0000000000000000  c.sd     x11, 0x8(x14)
#9682 0 0000000000010266     e30c m 00000000fffffc20 0000000000000000  c.sd     x11, 0x0(x14)
#9683 0 0000000000010268     e70c m 00000000fffffc28 0000000000000000  c.sd     x11, 0x8(x14)
#9686 0 0000000000010266     e30c m 00000000fffffc30 0000000000000000  c.sd     x11, 0x0(x14)
#9687 0 0000000000010268     e70c m 00000000fffffc38 0000000000000000  c.sd     x11, 0x8(x14)
#9690 0 0000000000010266     e30c m 00000000fffffc40 0000000000000000  c.sd     x11, 0x0(x14)
#9691 0 0000000000010268     e70c m 00000000fffffc48 0000000000000000  c.sd     x11, 0x8(x14)
#9694 0 0000000000010266     e30c m 00000000fffffc50 0000000000000000  c.sd     x11, 0x0(x14)
#9695 0 0000000000010268     e70c m 00000000fffffc58 0000000000000000  c.sd     x11, 0x8(x14)
#9698 0 0000000000010266     e30c m 00000000fffffc60 0000000000000000  c.sd     x11, 0x0(x14)
#9699 0 0000000000010268     e70c m 00000000fffffc68 0000000000000000  c.sd     x11, 0x8(x14)
#9702 0 0000000000010266     e30c m 00000000fffffc70 0000000000000000  c.sd     x11, 0x0(x14)
#9703 0 0000000000010268     e70c m 00000000fffffc78 0000000000000000  c.sd     x11, 0x8(x14)
#9706 0 0000000000010266     e30c m 00000000fffffc80 0000000000000000  c.sd     x11, 0x0(x14)
#9707 0 0000000000010268     e70c m 00000000fffffc88 0000000000000000  c.sd     x11, 0x8(x14)
#9710 0 0000000000010266     e30c m 00000000fffffc90 0000000000000000  c.sd     x11, 0x0(x14)
#9711 0 0000000000010268     e70c m 00000000fffffc98 0000000000000000  c.sd     x11, 0x8(x14)
#9714 0 0000000000010266     e30c m 00000000fffffca0 0000000000000000  c.sd     x11, 0x0(x14)
#9715 0 0000000000010268     e70c m 00000000fffffca8 0000000000000000  c.sd     x11, 0x8(x14)
#9718 0 0000000000010266     e30c m 00000000fffffcb0 0000000000000000  c.sd     x11, 0x0(x14)
#9719 0 0000000000010268     e70c m 00000000fffffcb8 0000000000000000  c.sd     x11, 0x8(x14)
#9722 0 0000000000010266     e30c m 00000000fffffcc0 0000000000000000  c.sd     x11, 0x0(x14)
#9723 0 0000000000010268     e70c m 00000000fffffcc8 0000000000000000  c.sd     x11, 0x8(x14)
#9726 0 0000000000010266     e30c m 00000000fffffcd0 0000000000000000  c.sd     x11, 0x0(x14)
#9727 0 0000000000010268     e70c m 00000000fffffcd8 0000000000000000  c.sd     x11, 0x8(x14)
#9730 0 0000000000010266     e30c m 00000000fffffce0 0000000000000000  c.sd     x11, 0x0(x14)
#9731 0 0000000000010268     e70c m 00000000fffffce8 0000000000000000  c.sd     x11, 0x8(x14)
#9734 0 0000000000010266     e30c m 00000000fffffcf0 0000000000000000  c.sd     x11, 0x0(x14)
#9735 0 0000000000010268     e70c m 00000000fffffcf8 0000000000000000  c.sd     x11, 0x8(x14)
#9738 0 0000000000010266     e30c m 00000000fffffd00 0000000000000000  c.sd     x11, 0x0(x14)
#9739 0 0000000000010268     e70c m 00000000fffffd08 0000000000000000  c.sd     x11, 0x8(x14)
#9742 0 0000000000010266     e30c m 00000000fffffd10 0000000000000000  c.sd     x11, 0x0(x14)
#9743 0 0000000000010268     e70c m 00000000fffffd18 0000000000000000  c.sd     x11, 0x8(x14)
#9746 0 0000000000010266     e30c m 00000000fffffd20 0000000000000000  c.sd     x11, 0x0(x14)
#9747 0 0000000000010268     e70c m 00000000fffffd28 0000000000000000  c.sd     x11, 0x8(x14)
#9750 0 0000000000010266     e30c m 00000000fffffd30 0000000000000000  c.sd     x11, 0x0(x14)
#9751 0 0000000000010268     e70c m 00000000fffffd38 0000000000000000  c.sd     x11, 0x8(x14)
#9754 0 0000000000010266     e30c m 00000000fffffd40 0000000000000000  c.sd     x11, 0x0(x14)
#9755 0 0000000000010268     e70c m 00000000fffffd48 0000000000000000  c.sd     x11, 0x8(x14)
#9758 0 0000000000010266     e30c m 00000000fffffd50 0000000000000000  c.sd     x11, 0x0(x14)
#9759 0 0000000000010268     e70c m 00000000fffffd58 0000000000000000  c.sd     x11, 0x8(x14)
#9762 0 0000000000010266     e30c m 00000000fffffd60 0000000000000000  c.sd     x11, 0x0(x14)
#9763 0 0000000000010268     e70c m 00000000fffffd68 0000000000000000  c.sd     x11, 0x8(x14)
#9766 0 0000000000010266     e30c m 00000000fffffd70 0000000000000000  c.sd     x11, 0x0(x14)
#9767 0 0000000000010268     e70c m 00000000fffffd78 0000000000000000  c.sd     x11, 0x8(x14)
#9770 0 0000000000010266     e30c m 00000000fffffd80 0000000000000000  c.sd     x11, 0x0(x14)
#9771 0 0000000000010268     e70c m 00000000fffffd88 0000000000000000  c.sd     x11, 0x8(x14)
#9774 0 0000000000010266     e30c m 00000000fffffd90 0000000000000000  c.sd     x11, 0x0(x14)
#9775 0 0000000000010268     e70c m 00000000fffffd98 0000000000000000  c.sd     x11, 0x8(x14)
#9784 0 00000000000102a0 00b703a3 m 00000000fffffda7 0000000000000000  sb       x11, 0x7(x14)
#9785 0 00000000000102a4 00b70323 m 00000000fffffda6 0000000000000000  sb       x11, 0x6(x14)
#9786 0 00000000000102a8 00b702a3 m 00000000fffffda5 0000000000000000  sb       x11, 0x5(x14)
#9787 0 00000000000102ac 00b70223 m 00000000fffffda4 0000000000000000  sb       x11, 0x4(x14)
#9788 0 00000000000102b0 00b701a3 m 00000000fffffda3 0000000000000000  sb       x11, 0x3(x14)
#9789 0 00000000000102b4 00b70123 m 00000000fffffda2 0000000000000000  sb       x11, 0x2(x14)
#9790 0 00000000000102b8 00b700a3 m 00000000fffffda1 0000000000000000  sb       x11, 0x1(x14)
#9791 0 00000000000102bc 00b70023 m 00000000fffffda0 0000000000000000  sb       x11, 0x0(x14)
#9803 0 00000000000101ca     e022 m 00000000ffffff40 0000000000000000  c.sdsp   x8, 0x0
#9804 0 00000000000101cc     e406 m 00000000ffffff48 0000000000010102  c.sdsp   x1, 0x8
#9808 0 000000000001203c     f052 m 00000000ffffff10 0000000000000000  c.sdsp   x20, 0x20
#9810 0 0000000000012042     f84a m 00000000ffffff20 0000000000000000  c.sdsp   x18, 0x30
#9811 0 0000000000012044     e486 m 00000000ffffff38 00000000000101d4  c.sdsp   x1, 0x48
#9813 0 000000000001204a     e0a2 m 00000000ffffff30 0000000000000000  c.sdsp   x8, 0x40
#9814 0 000000000001204c     fc26 m 00000000ffffff28 0000000000000000  c.sdsp   x9, 0x38
#9815 0 000000000001204e     f44e m 00000000ffffff18 0000000000000000  c.sdsp   x19, 0x28
#9816 0 0000000000012050     ec56 m 00000000ffffff08 0000000000000000  c.sdsp   x21, 0x18
#9817 0 0000000000012052     e85a m 00000000ffffff00 0000000000000000  c.sdsp   x22, 0x10
#9818 0 0000000000012054     e45e m 00000000fffffef8 0000000000000000  c.sdsp   x23, 0x8
#9819 0 0000000000012056     e062 m 00000000fffffef0 0000000000000000  c.sdsp   x24, 0x0
#9835 0 00000000000120f0 00892423 m 000000000001e498 0000000000000000  sw       x8, 0x8(x18)
#9846 0 0000000000012594     e822 m 00000000fffffee0 0000000000000000  c.sdsp   x8, 0x10
#9852 0 00000000000125a4     e426 m 00000000fffffed8 000000000001e498  c.sdsp   x9, 0x8
#9853 0 00000000000125a6     ec06 m 00000000fffffee8 00000000000120c6  c.sdsp   x1, 0x18
#9865 0 000000000001010c     e022 m 00000000fffffec0 000000000001e280  c.sdsp   x8, 0x0
#9867 0 0000000000010110     e406 m 00000000fffffec8 00000000000125ba  c.sdsp   x1, 0x8
#9872 0 000000000001012a 7af18023 m 000000000001f418 0000000000000001  sb       x15, 0x7a0(x3)
#9909 0 0000000000012972     f84a m 00000000ffffff20 0000000000000000  c.sdsp   x18, 0x30
#9910 0 0000000000012974     f44e m 00000000ffffff18 0000000000000000  c.sdsp   x19, 0x28
#9911 0 0000000000012976     f052 m 00000000ffffff10 0000000000000000  c.sdsp   x20, 0x20
#9912 0 0000000000012978     ec56 m 00000000ffffff08 0000000000000000  c.sdsp   x21, 0x18
#9913 0 000000000001297a     e85a m 00000000ffffff00 0000000000000000  c.sdsp   x22, 0x10
#9914 0 000000000001297c     e45e m 00000000fffffef8 0000000000000000  c.sdsp   x23, 0x8
#9915 0 000000000001297e     e062 m 00000000fffffef0 0000000000000000  c.sdsp   x24, 0x0
#9916 0 0000000000012980     e486 m 00000000ffffff38 00000000000101de  c.sdsp   x1, 0x48
#9917 0 0000000000012982     e0a2 m 00000000ffffff30 0000000000000000  c.sdsp   x8, 0x40
#9918 0 0000000000012984     fc26 m 00000000ffffff28 0000000000000000  c.sdsp   x9, 0x38
#9944 0 0000000000018fa4     e822 m 00000000fffffee0 000000000001e7c8  c.sdsp   x8, 0x10
#9945 0 0000000000018fa6     ec06 m 00000000fffffee8 00000000000129ca  c.sdsp   x1, 0x18
#9958 0 0000000000018f22     e822 m 00000000fffffee0 000000000001e7c8  c.sdsp   x8, 0x10
#9959 0 0000000000018f24     e426 m 00000000fffffed8 000000000001e9d8  c.sdsp   x9, 0x8
#9960 0 0000000000018f26     e04a m 00000000fffffed0 000000000001e7b0  c.sdsp   x18, 0x0
#9962 0 0000000000018f2a     ec06 m 00000000fffffee8 00000000000129ca  c.sdsp   x1, 0x18
#9967 0 0000000000012102     f022 m 00000000fffffec0 000000000001e7c8  c.sdsp   x8, 0x20
#9968 0 0000000000012104     e44e m 00000000fffffea8 ffffffffffffffff  c.sdsp   x19, 0x8
#9969 0 0000000000012106     f406 m 00000000fffffec8 0000000000018f32  c.sdsp   x1, 0x28
#9970 0 0000000000012108     ec26 m 00000000fffffeb8 000000000001e290  c.sdsp   x9, 0x18
#9971 0 000000000001210a     e84a m 00000000fffffeb0 000000000001e7b0  c.sdsp   x18, 0x10
#9980 0 0000000000012120 00f59823 m 000000000001e7d8 0000000000000804  sh       x15, 0x10(x11)
#10002 0 0000000000018ee6     e822 m 00000000fffffec0 000000000001e7c8  c.sdsp   x8, 0x10
#10003 0 0000000000018ee8     e426 m 00000000fffffeb8 000000000001e290  c.sdsp   x9, 0x8
#10006 0 0000000000018eee     ec06 m 00000000fffffec8 0000000000018f3e  c.sdsp   x1, 0x18
#10007 0 0000000000018ef0 7801a823 m 000000000001f408 0000000000000000  sw       x0, 0x790(x3)
#10010 0 000000000001ae50     e406 m 00000000fffffea8 0000000000018ef8  c.sdsp   x1, 0x8
#10011 0 000000000001ae52     e022 m 00000000fffffea0 000000000001e290  c.sdsp   x8, 0x0
#10038 0 0000000000018f74 00041823 m 000000000001e7d8 0000000000000000  sh       x0, 0x10(x8)
#10061 0 0000000000018fa4     e822 m 00000000fffffee0 000000000001e878  c.sdsp   x8, 0x10
#10062 0 0000000000018fa6     ec06 m 00000000fffffee8 00000000000129ca  c.sdsp   x1, 0x18
#10075 0 0000000000018f22     e822 m 00000000fffffee0 000000000001e878  c.sdsp   x8, 0x10
#10076 0 0000000000018f24     e426 m 00000000fffffed8 000000000001e9d8  c.sdsp   x9, 0x8
#10077 0 0000000000018f26     e04a m 00000000fffffed0 000000000001e7b0  c.sdsp   x18, 0x0
#10079 0 0000000000018f2a     ec06 m 00000000fffffee8 00000000000129ca  c.sdsp   x1, 0x18
#10084 0 0000000000012102     f022 m 00000000fffffec0 000000000001e878  c.sdsp   x8, 0x20
#10085 0 0000000000012104     e44e m 00000000fffffea8 ffffffffffffffff  c.sdsp   x19, 0x8
#10086 0 0000000000012106     f406 m 00000000fffffec8 0000000000018f32  c.sdsp   x1, 0x28
#10087 0 0000000000012108     ec26 m 00000000fffffeb8 000000000001e290  c.sdsp   x9, 0x18
#10088 0 000000000001210a     e84a m 00000000fffffeb0 000000000001e7b0  c.sdsp   x18, 0x10
#10099 0 00000000000121da 0125b023 m 000000000001e878 0000000000020010  sd       x18, 0x0(x11)
#10103 0 00000000000121e8     c45c m 000000000001e884 0000000000000000  c.sw     x15, 0xc(x8)
#10123 0 0000000000018ee6     e822 m 00000000fffffec0 000000000001e878  c.sdsp   x8, 0x10
#10124 0 0000000000018ee8     e426 m 00000000fffffeb8 000000000001e290  c.sdsp   x9, 0x8
#10127 0 0000000000018eee     ec06 m 00000000fffffec8 0000000000018f3e  c.sdsp   x1, 0x18
#10128 0 0000000000018ef0 7801a823 m 000000000001f408 0000000000000000  sw       x0, 0x790(x3)
#10131 0 000000000001ae50     e406 m 00000000fffffea8 0000000000018ef8  c.sdsp   x1, 0x8
#10132 0 000000000001ae52     e022 m 00000000fffffea0 000000000001e290  c.sdsp   x8, 0x0
#10158 0 00000000000126a0     e822 m 00000000fffffec0 000000000001e878  c.sdsp   x8, 0x10
#10159 0 00000000000126a2     e426 m 00000000fffffeb8 000000000001e290  c.sdsp   x9, 0x8
#10162 0 00000000000126a8     ec06 m 00000000fffffec8 0000000000018f9e  c.sdsp   x1, 0x18
#10180 0 0000000000012830     e710 m 0000000000020008 0000000000001001  c.sd     x12, 0x8(x14)
#10181 0 0000000000012832     e998 m 000000000001eb90 0000000000020000  c.sd     x14, 0x10(x11)
#10197 0 0000000000018f74 00041823 m 000000000001e888 0000000000000000  sh       x0, 0x10(x8)
#10220 0 0000000000018fa4     e822 m 00000000fffffee0 000000000001e928  c.sdsp   x8, 0x10
#10221 0 0000000000018fa6     ec06 m 00000000fffffee8 00000000000129ca  c.sdsp   x1, 0x18
#10234 0 0000000000018f22     e822 m 00000000fffffee0 000000000001e928  c.sdsp   x8, 0x10
#10235 0 0000000000018f24     e426 m 00000000fffffed8 000000000001e9d8  c.sdsp   x9, 0x8
#10236 0 0000000000018f26     e04a m 00000000fffffed0 000000000001e7b0  c.sdsp   x18, 0x0
#10238 0 0000000000018f2a     ec06 m 00000000fffffee8 00000000000129ca  c.sdsp   x1, 0x18
#10243 0 0000000000012102     f022 m 00000000fffffec0 000000000001e928  c.sdsp   x8, 0x20
#10244 0 0000000000012104     e44e m 00000000fffffea8 ffffffffffffffff  c.sdsp   x19, 0x8
#10245 0 0000000000012106     f406 m 00000000fffffec8 0000000000018f32  c.sdsp   x1, 0x28
#10246 0 0000000000012108     ec26 m 00000000fffffeb8 000000000001e290  c.sdsp   x9, 0x18
#10247 0 000000000001210a     e84a m 00000000fffffeb0 000000000001e7b0  c.sdsp   x18, 0x10
#10256 0 0000000000012120 00f59823 m 000000000001e938 0000000000000812  sh       x15, 0x10(x11)
#10278 0 0000000000018ee6     e822 m 00000000fffffec0 000000000001e928  c.sdsp   x8, 0x10
#10279 0 0000000000018ee8     e426 m 00000000fffffeb8 000000000001e290  c.sdsp   x9, 0x8
#10282 0 0000000000018eee     ec06 m 00000000fffffec8 0000000000018f3e  c.sdsp   x1, 0x18
#10283 0 0000000000018ef0 7801a823 m 000000000001f408 0000000000000000  sw       x0, 0x790(x3)
#10286 0 000000000001ae50     e406 m 00000000fffffea8 0000000000018ef8  c.sdsp   x1, 0x8
#10287 0 000000000001ae52     e022 m 00000000fffffea0 000000000001e290  c.sdsp   x8, 0x0
#10314 0 0000000000018f74 00041823 m 000000000001e938 0000000000000000  sh       x0, 0x10(x8)
