#1 0 00000000000100c2 0000f197 r 0000000000000003 000000000001f0c2  auipc    x3, 0xf
#2 0 00000000000100c6 b8618193 r 0000000000000003 000000000001ec48  addi     x3, x3, -1146
#3 0 00000000000100ca 77018513 r 000000000000000a 000000000001f3b8  addi     x10, x3, 1904
#4 0 00000000000100ce 0000f617 r 000000000000000c 000000000001f0ce  auipc    x12, 0xf
#5 0 00000000000100d2 37a60613 r 000000000000000c 000000000001f448  addi     x12, x12, 890
#6 0 00000000000100d6     8e09 r 000000000000000c 0000000000000090  c.sub    x12, x10
#7 0 00000000000100d8     4581 r 000000000000000b 0000000000000000  c.li     x11, 0x0
#8 0 00000000000100da 140000ef r 0000000000000001 00000000000100de  jal      x1, . + 0x140
#9 0 000000000001021a     433d r 0000000000000006 000000000000000f  c.li     x6, 0xf
#10 0 000000000001021c     872a r 000000000000000e 000000000001f3b8  c.mv     x14, x10
#11 0 000000000001021e 02c37163 r 0000000000000000 0000000000000000  bgeu     x6, x12, . + 0x22
#12 0 0000000000010222 00f77793 r 000000000000000f 0000000000000008  andi     x15, x14, 15
#13 0 0000000000010226     e3c1 r 0000000000000000 0000000000000000  c.bnez   x15, . + 0x80
#14 0 00000000000102a6 00279693 r 000000000000000d 0000000000000020  slli     x13, x15, 2
#15 0 00000000000102aa 00000297 r 0000000000000005 00000000000102aa  auipc    x5, 0x0
#16 0 00000000000102ae     9696 r 000000000000000d 00000000000102ca  c.add    x13, x5
#17 0 00000000000102b0     8286 r 0000000000000005 00000000000100de  c.mv     x5, x1
#18 0 00000000000102b2 fa2680e7 r 0000000000000001 00000000000102b6  jalr     x1, -0x5e(x13)
#19 0 000000000001026c 00b703a3 m 000000000001f3bf 0000000000000000  sb       x11, 0x7(x14)
#20 0 0000000000010270 00b70323 m 000000000001f3be 0000000000000000  sb       x11, 0x6(x14)
#21 0 0000000000010274 00b702a3 m 000000000001f3bd 0000000000000000  sb       x11, 0x5(x14)
#22 0 0000000000010278 00b70223 m 000000000001f3bc 0000000000000000  sb       x11, 0x4(x14)
#23 0 000000000001027c 00b701a3 m 000000000001f3bb 0000000000000000  sb       x11, 0x3(x14)
#24 0 0000000000010280 00b70123 m 000000000001f3ba 0000000000000000  sb       x11, 0x2(x14)
#25 0 0000000000010284 00b700a3 m 000000000001f3b9 0000000000000000  sb       x11, 0x1(x14)
#26 0 0000000000010288 00b70023 m 000000000001f3b8 0000000000000000  sb       x11, 0x0(x14)
#27 0 000000000001028c     8082 r 0000000000000000 0000000000000000  c.jr     x1
#28 0 00000000000102b6     8096 r 0000000000000001 00000000000100de  c.mv     x1, x5
#29 0 00000000000102b8     17c1 r 000000000000000f fffffffffffffff8  c.addi   x15, -0x10
#30 0 00000000000102ba     8f1d r 000000000000000e 000000000001f3c0  c.sub    x14, x15
#31 0 00000000000102bc     963e r 000000000000000c 0000000000000088  c.add    x12, x15
#32 0 00000000000102be f8c371e3 r 0000000000000000 0000000000000000  bgeu     x6, x12, . - 0x7e
#33 0 00000000000102c2     b79d r 0000000000000000 0000000000000000  c.j      . - 0x9a
#34 0 0000000000010228     e1bd r 0000000000000000 0000000000000000  c.bnez   x11, . + 0x66
#35 0 000000000001022a ff067693 r 000000000000000d 0000000000000080  andi     x13, x12, -16
#36 0 000000000001022e     8a3d r 000000000000000c 0000000000000008  c.andi   x12, 0xf
#37 0 0000000000010230     96ba r 000000000000000d 000000000001f440  c.add    x13, x14
#38 0 0000000000010232     e30c m 000000000001f3c0 0000000000000000  c.sd     x11, 0x0(x14)
#39 0 0000000000010234     e70c m 000000000001f3c8 0000000000000000  c.sd     x11, 0x8(x14)
#40 0 0000000000010236     0741 r 000000000000000e 000000000001f3d0  c.addi   x14, 0x10
#41 0 0000000000010238 fed76de3 r 0000000000000000 0000000000000000  bltu     x14, x13, . - 0x6
#42 0 0000000000010232     e30c m 000000000001f3d0 0000000000000000  c.sd     x11, 0x0(x14)
#43 0 0000000000010234     e70c m 000000000001f3d8 0000000000000000  c.sd     x11, 0x8(x14)
#44 0 0000000000010236     0741 r 000000000000000e 000000000001f3e0  c.addi   x14, 0x10
#45 0 0000000000010238 fed76de3 r 0000000000000000 0000000000000000  bltu     x14, x13, . - 0x6
#46 0 0000000000010232     e30c m 000000000001f3e0 0000000000000000  c.sd     x11, 0x0(x14)
#47 0 0000000000010234     e70c m 000000000001f3e8 0000000000000000  c.sd     x11, 0x8(x14)
#48 0 0000000000010236     0741 r 000000000000000e 000000000001f3f0  c.addi   x14, 0x10
#49 0 0000000000010238 fed76de3 r 0000000000000000 0000000000000000  bltu     x14, x13, . - 0x6
#50 0 0000000000010232     e30c m 000000000001f3f0 0000000000000000  c.sd     x11, 0x0(x14)
#51 0 0000000000010234     e70c m 000000000001f3f8 0000000000000000  c.sd     x11, 0x8(x14)
#52 0 0000000000010236     0741 r 000000000000000e 000000000001f400  c.addi   x14, 0x10
#53 0 0000000000010238 fed76de3 r 0000000000000000 0000000000000000  bltu     x14, x13, . - 0x6
#54 0 0000000000010232     e30c m 000000000001f400 0000000000000000  c.sd     x11, 0x0(x14)
#55 0 0000000000010234     e70c m 000000000001f408 0000000000000000  c.sd     x11, 0x8(x14)
#56 0 0000000000010236     0741 r 000000000000000e 000000000001f410  c.addi   x14, 0x10
#57 0 0000000000010238 fed76de3 r 0000000000000000 0000000000000000  bltu     x14, x13, . - 0x6
#58 0 0000000000010232     e30c m 000000000001f410 0000000000000000  c.sd     x11, 0x0(x14)
#59 0 0000000000010234     e70c m 000000000001f418 0000000000000000  c.sd     x11, 0x8(x14)
#60 0 0000000000010236     0741 r 000000000000000e 000000000001f420  c.addi   x14, 0x10
#61 0 0000000000010238 fed76de3 r 0000000000000000 0000000000000000  bltu     x14, x13, . - 0x6
#62 0 0000000000010232     e30c m 000000000001f420 0000000000000000  c.sd     x11, 0x0(x14)
#63 0 0000000000010234     e70c m 000000000001f428 0000000000000000  c.sd     x11, 0x8(x14)
#64 0 0000000000010236     0741 r 000000000000000e 000000000001f430  c.addi   x14, 0x10
#65 0 0000000000010238 fed76de3 r 0000000000000000 0000000000000000  bltu     x14, x13, . - 0x6
#66 0 0000000000010232     e30c m 000000000001f430 0000000000000000  c.sd     x11, 0x0(x14)
#67 0 0000000000010234     e70c m 000000000001f438 0000000000000000  c.sd     x11, 0x8(x14)
#68 0 0000000000010236     0741 r 000000000000000e 000000000001f440  c.addi   x14, 0x10
#69 0 0000000000010238 fed76de3 r 0000000000000000 0000000000000000  bltu     x14, x13, . - 0x6
#70 0 000000000001023c     e211 r 0000000000000000 0000000000000000  c.bnez   x12, . + 0x4
#71 0 0000000000010240 40c306b3 r 000000000000000d 0000000000000007  sub      x13, x6, x12
#72 0 0000000000010244     068a r 000000000000000d 000000000000001c  c.slli   x13, 2
#73 0 0000000000010246 00000297 r 0000000000000005 0000000000010246  auipc    x5, 0x0
#74 0 000000000001024a     9696 r 000000000000000d 0000000000010262  c.add    x13, x5
#75 0 000000000001024c 00a68067 r 0000000000000000 0000000000000000  jalr     x0, 0xa(x13)
#76 0 000000000001026c 00b703a3 m 000000000001f447 0000000000000000  sb       x11, 0x7(x14)
#77 0 0000000000010270 00b70323 m 000000000001f446 0000000000000000  sb       x11, 0x6(x14)
#78 0 0000000000010274 00b702a3 m 000000000001f445 0000000000000000  sb       x11, 0x5(x14)
#79 0 0000000000010278 00b70223 m 000000000001f444 0000000000000000  sb       x11, 0x4(x14)
#80 0 000000000001027c 00b701a3 m 000000000001f443 0000000000000000  sb       x11, 0x3(x14)
#81 0 0000000000010280 00b70123 m 000000000001f442 0000000000000000  sb       x11, 0x2(x14)
#82 0 0000000000010284 00b700a3 m 000000000001f441 0000000000000000  sb       x11, 0x1(x14)
#83 0 0000000000010288 00b70023 m 000000000001f440 0000000000000000  sb       x11, 0x0(x14)
#84 0 000000000001028c     8082 r 0000000000000000 0000000000000000  c.jr     x1
#85 0 00000000000100de 00009517 r 000000000000000a 00000000000190de  auipc    x10, 0x9
#86 0 00000000000100e2 d1a50513 r 000000000000000a 0000000000018df8  addi     x10, x10, -742
#87 0 00000000000100e6     c519 r 0000000000000000 0000000000000000  c.beqz   x10, . + 0xe
#88 0 00000000000100e8 00002517 r 000000000000000a 00000000000120e8  auipc    x10, 0x2
#89 0 00000000000100ec 47650513 r 000000000000000a 000000000001255e  addi     x10, x10, 1142
#90 0 00000000000100f0 509080ef r 0000000000000001 00000000000100f4  jal      x1, . + 0x8d08
#91 0 0000000000018df8     85aa r 000000000000000b 000000000001255e  c.mv     x11, x10
#92 0 0000000000018dfa     4681 r 000000000000000d 0000000000000000  c.li     x13, 0x0
#93 0 0000000000018dfc     4601 r 000000000000000c 0000000000000000  c.li     x12, 0x0
#94 0 0000000000018dfe     4501 r 000000000000000a 0000000000000000  c.li     x10, 0x0
#95 0 0000000000018e00 4170106f r 0000000000000000 0000000000000000  j        . + 0x1c16
#96 0 000000000001aa16 7481b703 r 000000000000000e 000000000001e260  ld       x14, 0x748(x3)
#97 0 000000000001aa1a 1f873783 r 000000000000000f 0000000000000000  ld       x15, 0x1f8(x14)
#98 0 000000000001aa1e     c3b1 r 0000000000000000 0000000000000000  c.beqz   x15, . + 0x44
#99 0 000000000001aa62 20070793 r 000000000000000f 000000000001e460  addi     x15, x14, 512
#100 0 000000000001aa66 1ef73c23 m 000000000001e458 000000000001e460  sd       x15, 0x1f8(x14)
#101 0 000000000001aa6a     bf5d r 0000000000000000 0000000000000000  c.j      . - 0x4a
#102 0 000000000001aa20     4798 r 000000000000000e 0000000000000000  c.lw     x14, 0x8(x15)
#103 0 000000000001aa22     487d r 0000000000000010 000000000000001f  c.li     x16, 0x1f
#104 0 000000000001aa24 06e84263 r 0000000000000000 0000000000000000  blt      x16, x14, . + 0x64
#105 0 000000000001aa28     c505 r 0000000000000000 0000000000000000  c.beqz   x10, . + 0x28
#106 0 000000000001aa50 00270693 r 000000000000000d 0000000000000002  addi     x13, x14, 2
#107 0 000000000001aa54     068e r 000000000000000d 0000000000000010  c.slli   x13, 3
#108 0 000000000001aa56     2705 r 000000000000000e 0000000000000001  c.addiw  x14, 0x1
#109 0 000000000001aa58     c798 m 000000000001e468 0000000000000001  c.sw     x14, 0x8(x15)
#110 0 000000000001aa5a     97b6 r 000000000000000f 000000000001e470  c.add    x15, x13
#111 0 000000000001aa5c     e38c m 000000000001e470 000000000001255e  c.sd     x11, 0x0(x15)
#112 0 000000000001aa5e     4501 r 000000000000000a 0000000000000000  c.li     x10, 0x0
#113 0 000000000001aa60     8082 r 0000000000000000 0000000000000000  c.jr     x1
#114 0 00000000000100f4 0bc000ef r 0000000000000001 00000000000100f8  jal      x1, . + 0xbc
#115 0 00000000000101b0     1101 r 0000000000000002 00000000ffffff30  c.addi   x2, -0x20
#116 0 00000000000101b2     e822 m 00000000ffffff40 0000000000000000  c.sdsp   x8, 0x10
#117 0 00000000000101b4     e04a m 00000000ffffff30 0000000000000000  c.sdsp   x18, 0x0
#118 0 00000000000101b6     6479 r 0000000000000008 000000000001e000  c.lui    x8, 0x1e
#119 0 00000000000101b8     6979 r 0000000000000012 000000000001e000  c.lui    x18, 0x1e
#120 0 00000000000101ba 24440793 r 000000000000000f 000000000001e244  addi     x15, x8, 580
#121 0 00000000000101be 24490913 r 0000000000000012 000000000001e244  addi     x18, x18, 580
#122 0 00000000000101c2 40f90933 r 0000000000000012 0000000000000000  sub      x18, x18, x15
#123 0 00000000000101c6     ec06 m 00000000ffffff48 00000000000100f8  c.sdsp   x1, 0x18
#124 0 00000000000101c8     e426 m 00000000ffffff38 0000000000000000  c.sdsp   x9, 0x8
#125 0 00000000000101ca 40395913 r 0000000000000012 0000000000000000  srai     x18, x18, 3
#126 0 00000000000101ce 00090b63 r 0000000000000000 0000000000000000  beq      x18, x0, . + 0x16
#127 0 00000000000101e4     6479 r 0000000000000008 000000000001e000  c.lui    x8, 0x1e
#128 0 00000000000101e6     6979 r 0000000000000012 000000000001e000  c.lui    x18, 0x1e
#129 0 00000000000101e8 24840793 r 000000000000000f 000000000001e248  addi     x15, x8, 584
#130 0 00000000000101ec 25890913 r 0000000000000012 000000000001e258  addi     x18, x18, 600
#131 0 00000000000101f0 40f90933 r 0000000000000012 0000000000000010  sub      x18, x18, x15
#132 0 00000000000101f4 40395913 r 0000000000000012 0000000000000002  srai     x18, x18, 3
#133 0 00000000000101f8 00090b63 r 0000000000000000 0000000000000000  beq      x18, x0, . + 0x16
#134 0 00000000000101fc 24840413 r 0000000000000008 000000000001e248  addi     x8, x8, 584
#135 0 0000000000010200     4481 r 0000000000000009 0000000000000000  c.li     x9, 0x0
#136 0 0000000000010202     601c r 000000000000000f 00000000000100b0  c.ld     x15, 0x0(x8)
#137 0 0000000000010204     0485 r 0000000000000009 0000000000000001  c.addi   x9, 0x1
#138 0 0000000000010206     0421 r 0000000000000008 000000000001e250  c.addi   x8, 0x8
#139 0 0000000000010208     9782 r 0000000000000001 000000000001020a  c.jalr   x15
#140 0 00000000000100b0 00000793 r 000000000000000f 0000000000000000  addi     x15, x0, 0
#141 0 00000000000100b4     c791 r 0000000000000000 0000000000000000  c.beqz   x15, . + 0xc
#142 0 00000000000100c0     8082 r 0000000000000000 0000000000000000  c.jr     x1
#143 0 000000000001020a fe991ce3 r 0000000000000000 0000000000000000  bne      x18, x9, . - 0x8
#144 0 0000000000010202     601c r 000000000000000f 0000000000010136  c.ld     x15, 0x0(x8)
#145 0 0000000000010204     0485 r 0000000000000009 0000000000000002  c.addi   x9, 0x1
#146 0 0000000000010206     0421 r 0000000000000008 000000000001e258  c.addi   x8, 0x8
#147 0 0000000000010208     9782 r 0000000000000001 000000000001020a  c.jalr   x15
#148 0 0000000000010136 00000793 r 000000000000000f 0000000000000000  addi     x15, x0, 0
#149 0 000000000001013a     cb91 r 0000000000000000 0000000000000000  c.beqz   x15, . + 0x14
#150 0 000000000001014e     8082 r 0000000000000000 0000000000000000  c.jr     x1
#151 0 000000000001020a fe991ce3 r 0000000000000000 0000000000000000  bne      x18, x9, . - 0x8
#152 0 000000000001020e     60e2 r 0000000000000001 00000000000100f8  c.ldsp   x1, 0x18
#153 0 0000000000010210     6442 r 0000000000000008 0000000000000000  c.ldsp   x8, 0x10
#154 0 0000000000010212     64a2 r 0000000000000009 0000000000000000  c.ldsp   x9, 0x8
#155 0 0000000000010214     6902 r 0000000000000012 0000000000000000  c.ldsp   x18, 0x0
#156 0 0000000000010216     6105 r 0000000000000002 00000000ffffff50  c.addi16sp 0x2
#157 0 0000000000010218     8082 r 0000000000000000 0000000000000000  c.jr     x1
#158 0 00000000000100f8     4502 r 000000000000000a 0000000000000001  c.lwsp   x10, 0x0
#159 0 00000000000100fa     002c r 000000000000000b 00000000ffffff58  c.addi4spn  x11, 0x2
#160 0 00000000000100fc     4601 r 000000000000000c 0000000000000000  c.li     x12, 0x0
#161 0 00000000000100fe 052000ef r 0000000000000001 0000000000010102  jal      x1, . + 0x52
#162 0 0000000000010150     1101 r 0000000000000002 00000000ffffff30  c.addi   x2, -0x20
#163 0 0000000000010152     ec06 m 00000000ffffff48 0000000000010102  c.sdsp   x1, 0x18
#164 0 0000000000010154     e822 m 00000000ffffff40 0000000000000000  c.sdsp   x8, 0x10
#165 0 0000000000010156     1000 r 0000000000000008 00000000ffffff50  c.addi4spn  x8, 0x8
#166 0 0000000000010158 fe042623 m 00000000ffffff3c 0000000000000000  sw       x0, -0x14(x8)
#167 0 000000000001015c     a831 r 0000000000000000 0000000000000000  c.j      . + 0x1c
#168 0 0000000000010178 fec42783 r 000000000000000f 0000000000000000  lw       x15, -0x14(x8)
#169 0 000000000001017c 0007871b r 000000000000000e 0000000000000000  addiw    x14, x15, 0
#170 0 0000000000010180     47a5 r 000000000000000f 0000000000000009  c.li     x15, 0x9
#171 0 0000000000010182 fce7dee3 r 0000000000000000 0000000000000000  bge      x15, x14, . - 0x24
#172 0 000000000001015e fec42783 r 000000000000000f 0000000000000000  lw       x15, -0x14(x8)
#173 0 0000000000010162     85be r 000000000000000b 0000000000000000  c.mv     x11, x15
#174 0 0000000000010164     67f1 r 000000000000000f 000000000001c000  c.lui    x15, 0x1c
#175 0 0000000000010166 43078513 r 000000000000000a 000000000001c430  addi     x10, x15, 1072
#176 0 000000000001016a 17c000ef r 0000000000000001 000000000001016e  jal      x1, . + 0x17c
#177 0 00000000000102e6 7581b303 r 0000000000000006 000000000001e260  ld       x6, 0x758(x3)
#178 0 00000000000102ea     711d r 0000000000000002 00000000fffffed0  c.addi16sp -0x6
#179 0 00000000000102ec     f832 m 00000000ffffff00 0000000000000000  c.sdsp   x12, 0x30
#180 0 00000000000102ee     fc36 m 00000000ffffff08 0000000000000010  c.sdsp   x13, 0x38
#181 0 00000000000102f0     f42e m 00000000fffffef8 0000000000000000  c.sdsp   x11, 0x28
#182 0 00000000000102f2     e0ba m 00000000ffffff10 0000000000000000  c.sdsp   x14, 0x40
#183 0 00000000000102f4     e4be m 00000000ffffff18 000000000001c000  c.sdsp   x15, 0x48
#184 0 00000000000102f6     e8c2 m 00000000ffffff20 000000000000001f  c.sdsp   x16, 0x50
#185 0 00000000000102f8     ecc6 m 00000000ffffff28 0000000000000000  c.sdsp   x17, 0x58
#186 0 00000000000102fa 01033583 r 000000000000000b 000000000001e848  ld       x11, 0x10(x6)
#187 0 00000000000102fe     1034 r 000000000000000d 00000000fffffef8  c.addi4spn  x13, 0xa
#188 0 0000000000010300     862a r 000000000000000c 000000000001c430  c.mv     x12, x10
#189 0 0000000000010302     851a r 000000000000000a 000000000001e260  c.mv     x10, x6
#190 0 0000000000010304     ec06 m 00000000fffffee8 000000000001016e  c.sdsp   x1, 0x18
#191 0 0000000000010306     e436 m 00000000fffffed8 00000000fffffef8  c.sdsp   x13, 0x8
#192 0 0000000000010308 00a000ef r 0000000000000001 000000000001030c  jal      x1, . + 0xa
#193 0 0000000000010312 d8010113 r 0000000000000002 00000000fffffc50  addi     x2, x2, -640
#194 0 0000000000010316 26113c23 m 00000000fffffec8 000000000001030c  sd       x1, 0x278(x2)
#195 0 000000000001031a 27213023 m 00000000fffffeb0 0000000000000000  sd       x18, 0x260(x2)
#196 0 000000000001031e 25413823 m 00000000fffffea0 0000000000000000  sd       x20, 0x250(x2)
#197 0 0000000000010322 23913423 m 00000000fffffe78 0000000000000000  sd       x25, 0x228(x2)
#198 0 0000000000010326     892e r 0000000000000012 000000000001e848  c.mv     x18, x11
#199 0 0000000000010328     8cb2 r 0000000000000019 000000000001c430  c.mv     x25, x12
#200 0 000000000001032a     e836 m 00000000fffffc60 00000000fffffef8  c.sdsp   x13, 0x10
#201 0 000000000001032c 26813823 m 00000000fffffec0 00000000ffffff50  sd       x8, 0x270(x2)
#202 0 0000000000010330 26913423 m 00000000fffffeb8 0000000000000000  sd       x9, 0x268(x2)
#203 0 0000000000010334 25313c23 m 00000000fffffea8 0000000000000000  sd       x19, 0x258(x2)
#204 0 0000000000010338 25513423 m 00000000fffffe98 0000000000000000  sd       x21, 0x248(x2)
#205 0 000000000001033c 25613023 m 00000000fffffe90 0000000000000000  sd       x22, 0x240(x2)
#206 0 0000000000010340 23713c23 m 00000000fffffe88 0000000000000000  sd       x23, 0x238(x2)
#207 0 0000000000010344 23813823 m 00000000fffffe80 0000000000000000  sd       x24, 0x230(x2)
#208 0 0000000000010348 23a13023 m 00000000fffffe70 0000000000000000  sd       x26, 0x220(x2)
#209 0 000000000001034c 21b13c23 m 00000000fffffe68 0000000000000000  sd       x27, 0x218(x2)
#210 0 0000000000010350     8a2a r 0000000000000014 000000000001e260  c.mv     x20, x10
#211 0 0000000000010352 6fa040ef r 0000000000000001 0000000000010356  jal      x1, . + 0x46fa
#212 0 0000000000014a4c e6018513 r 000000000000000a 000000000001eaa8  addi     x10, x3, -416
#213 0 0000000000014a50     8082 r 0000000000000000 0000000000000000  c.jr     x1
#214 0 0000000000010356     611c r 000000000000000f 000000000001c980  c.ld     x15, 0x0(x10)
#215 0 0000000000010358     853e r 000000000000000a 000000000001c980  c.mv     x10, x15
#216 0 000000000001035a     f8be m 00000000fffffcc0 000000000001c980  c.sdsp   x15, 0x70
#217 0 000000000001035c 058060ef r 0000000000000001 0000000000010360  jal      x1, . + 0x6058
#218 0 00000000000163b4 00757793 r 000000000000000f 0000000000000000  andi     x15, x10, 7
#219 0 00000000000163b8     872a r 000000000000000e 000000000001c980  c.mv     x14, x10
#220 0 00000000000163ba     eba9 r 0000000000000000 0000000000000000  c.bnez   x15, . + 0x52
#221 0 00000000000163bc 7401b683 r 000000000000000d 7f7f7f7f7f7f7f7f  ld       x13, 0x740(x3)
#222 0 00000000000163c0     55fd r 000000000000000b ffffffffffffffff  c.li     x11, -0x1
#223 0 00000000000163c2     6310 r 000000000000000c 000000000000002e  c.ld     x12, 0x0(x14)
#224 0 00000000000163c4     0721 r 000000000000000e 000000000001c988  c.addi   x14, 0x8
#225 0 00000000000163c6 00d677b3 r 000000000000000f 000000000000002e  and      x15, x12, x13
#226 0 00000000000163ca     97b6 r 000000000000000f 7f7f7f7f7f7f7fad  c.add    x15, x13
#227 0 00000000000163cc     8fd1 r 000000000000000f 7f7f7f7f7f7f7faf  c.or     x15, x12
#228 0 00000000000163ce     8fd5 r 000000000000000f 7f7f7f7f7f7f7fff  c.or     x15, x13
#229 0 00000000000163d0 feb789e3 r 0000000000000000 0000000000000000  beq      x15, x11, . - 0xe
#230 0 00000000000163d4 ff874683 r 000000000000000d 000000000000002e  lbu      x13, -0x8(x14)
#231 0 00000000000163d8 40a707b3 r 000000000000000f 0000000000000008  sub      x15, x14, x10
#232 0 00000000000163dc     c6a9 r 0000000000000000 0000000000000000  c.beqz   x13, . + 0x4a
#233 0 00000000000163de ff974683 r 000000000000000d 0000000000000000  lbu      x13, -0x7(x14)
#234 0 00000000000163e2     ce9d r 0000000000000000 0000000000000000  c.beqz   x13, . + 0x3e
#235 0 0000000000016420 ff978513 r 000000000000000a 0000000000000001  addi     x10, x15, -7
#236 0 0000000000016424     8082 r 0000000000000000 0000000000000000  c.jr     x1
#237 0 0000000000010360     f4aa m 00000000fffffcb8 0000000000000001  c.sdsp   x10, 0x68
#238 0 0000000000010362     e202 m 00000000fffffd50 0000000000000000  c.sdsp   x0, 0x100
#239 0 0000000000010364     e602 m 00000000fffffd58 0000000000000000  c.sdsp   x0, 0x108
#240 0 0000000000010366 000a0663 r 0000000000000000 0000000000000000  beq      x20, x0, . + 0xc
#241 0 000000000001036a 050a2783 r 000000000000000f 0000000000000000  lw       x15, 0x50(x20)
#242 0 000000000001036e 72078963 r 0000000000000000 0000000000000000  beq      x15, x0, . + 0x732
#243 0 0000000000010aa0     8552 r 000000000000000a 000000000001e260  c.mv     x10, x20
#244 0 0000000000010aa2 295010ef r 0000000000000001 0000000000010aa6  jal      x1, . + 0x1a94
#245 0 0000000000012536     493c r 000000000000000f 0000000000000000  c.lw     x15, 0x50(x10)
#246 0 0000000000012538     c391 r 0000000000000000 0000000000000000  c.beqz   x15, . + 0x4
#247 0 000000000001253c     b37d r 0000000000000000 0000000000000000  c.j      . - 0x252
#248 0 00000000000122ea     7139 r 0000000000000002 00000000fffffc10  c.addi16sp -0x4
#249 0 00000000000122ec     67c9 r 000000000000000f 0000000000012000  c.lui    x15, 0x12
#250 0 00000000000122ee     fc06 m 00000000fffffc48 0000000000010aa6  c.sdsp   x1, 0x38
#251 0 00000000000122f0     f822 m 00000000fffffc40 00000000ffffff50  c.sdsp   x8, 0x30
#252 0 00000000000122f2     f426 m 00000000fffffc38 0000000000000000  c.sdsp   x9, 0x28
#253 0 00000000000122f4     f04a m 00000000fffffc30 000000000001e848  c.sdsp   x18, 0x20
#254 0 00000000000122f6     ec4e m 00000000fffffc28 0000000000000000  c.sdsp   x19, 0x18
#255 0 00000000000122f8     e852 m 00000000fffffc20 000000000001e260  c.sdsp   x20, 0x10
#256 0 00000000000122fa     e456 m 00000000fffffc18 0000000000000000  c.sdsp   x21, 0x8
#257 0 00000000000122fc     e05a m 00000000fffffc10 0000000000000000  c.sdsp   x22, 0x0
#258 0 00000000000122fe     6500 r 0000000000000008 000000000001e798  c.ld     x8, 0x8(x10)
#259 0 0000000000012300 2de78793 r 000000000000000f 00000000000122de  addi     x15, x15, 734
#260 0 0000000000012304     ed3c m 000000000001e2b8 00000000000122de  c.sd     x15, 0x58(x10)
#261 0 0000000000012306 53850713 r 000000000000000e 000000000001e798  addi     x14, x10, 1336
#262 0 000000000001230a     478d r 000000000000000f 0000000000000003  c.li     x15, 0x3
#263 0 000000000001230c 52e53823 m 000000000001e790 000000000001e798  sd       x14, 0x530(x10)
#264 0 0000000000012310 52f52423 m 000000000001e788 0000000000000003  sw       x15, 0x528(x10)
#265 0 0000000000012314 52053023 m 000000000001e780 0000000000000000  sd       x0, 0x520(x10)
#266 0 0000000000012318     4791 r 000000000000000f 0000000000000004  c.li     x15, 0x4
#267 0 000000000001231a     892a r 0000000000000012 000000000001e260  c.mv     x18, x10
#268 0 000000000001231c     c81c m 000000000001e7a8 0000000000000004  c.sw     x15, 0x10(x8)
#269 0 000000000001231e     4621 r 000000000000000c 0000000000000008  c.li     x12, 0x8
#270 0 0000000000012320     4581 r 000000000000000b 0000000000000000  c.li     x11, 0x0
#271 0 0000000000012322 0a042623 m 000000000001e844 0000000000000000  sw       x0, 0xac(x8)
#272 0 0000000000012326 00043023 m 000000000001e798 0000000000000000  sd       x0, 0x0(x8)
#273 0 000000000001232a 00043423 m 000000000001e7a0 0000000000000000  sd       x0, 0x8(x8)
#274 0 000000000001232e 00043c23 m 000000000001e7b0 0000000000000000  sd       x0, 0x18(x8)
#275 0 0000000000012332 02042023 m 000000000001e7b8 0000000000000000  sw       x0, 0x20(x8)
#276 0 0000000000012336 02042423 m 000000000001e7c0 0000000000000000  sw       x0, 0x28(x8)
#277 0 000000000001233a 0a440513 r 000000000000000a 000000000001e83c  addi     x10, x8, 164
#278 0 000000000001233e eddfd0ef r 0000000000000001 0000000000012342  jal      x1, . - 0x2124
#279 0 000000000001021a     433d r 0000000000000006 000000000000000f  c.li     x6, 0xf
#280 0 000000000001021c     872a r 000000000000000e 000000000001e83c  c.mv     x14, x10
#281 0 000000000001021e 02c37163 r 0000000000000000 0000000000000000  bgeu     x6, x12, . + 0x22
#282 0 0000000000010240 40c306b3 r 000000000000000d 0000000000000007  sub      x13, x6, x12
#283 0 0000000000010244     068a r 000000000000000d 000000000000001c  c.slli   x13, 2
#284 0 0000000000010246 00000297 r 0000000000000005 0000000000010246  auipc    x5, 0x0
#285 0 000000000001024a     9696 r 000000000000000d 0000000000010262  c.add    x13, x5
#286 0 000000000001024c 00a68067 r 0000000000000000 0000000000000000  jalr     x0, 0xa(x13)
#287 0 000000000001026c 00b703a3 m 000000000001e843 0000000000000000  sb       x11, 0x7(x14)
#288 0 0000000000010270 00b70323 m 000000000001e842 0000000000000000  sb       x11, 0x6(x14)
#289 0 0000000000010274 00b702a3 m 000000000001e841 0000000000000000  sb       x11, 0x5(x14)
#290 0 0000000000010278 00b70223 m 000000000001e840 0000000000000000  sb       x11, 0x4(x14)
#291 0 000000000001027c 00b701a3 m 000000000001e83f 0000000000000000  sb       x11, 0x3(x14)
#292 0 0000000000010280 00b70123 m 000000000001e83e 0000000000000000  sb       x11, 0x2(x14)
#293 0 0000000000010284 00b700a3 m 000000000001e83d 0000000000000000  sb       x11, 0x1(x14)
#294 0 0000000000010288 00b70023 m 000000000001e83c 0000000000000000  sb       x11, 0x0(x14)
#295 0 000000000001028c     8082 r 0000000000000000 0000000000000000  c.jr     x1
#296 0 0000000000012342     6b59 r 0000000000000016 0000000000016000  c.lui    x22, 0x16
#297 0 0000000000012344 01093483 r 0000000000000009 000000000001e848  ld       x9, 0x10(x18)
#298 0 0000000000012348     6ad9 r 0000000000000015 0000000000016000  c.lui    x21, 0x16
#299 0 000000000001234a     6a59 r 0000000000000014 0000000000016000  c.lui    x20, 0x16
#300 0 000000000001234c     69d9 r 0000000000000013 0000000000016000  c.lui    x19, 0x16
#301 0 000000000001234e 154b0b13 r 0000000000000016 0000000000016154  addi     x22, x22, 340
#302 0 0000000000012352 190a8a93 r 0000000000000015 0000000000016190  addi     x21, x21, 400
#303 0 0000000000012356 1e4a0a13 r 0000000000000014 00000000000161e4  addi     x20, x20, 484
#304 0 000000000001235a 22698993 r 0000000000000013 0000000000016226  addi     x19, x19, 550
#305 0 000000000001235e     67c1 r 000000000000000f 0000000000010000  c.lui    x15, 0x10
#306 0 0000000000012360 03643c23 m 000000000001e7d0 0000000000016154  sd       x22, 0x38(x8)
#307 0 0000000000012364 05543023 m 000000000001e7d8 0000000000016190  sd       x21, 0x40(x8)
#308 0 0000000000012368 05443423 m 000000000001e7e0 00000000000161e4  sd       x20, 0x48(x8)
#309 0 000000000001236c 05343823 m 000000000001e7e8 0000000000016226  sd       x19, 0x50(x8)
#310 0 0000000000012370     f800 m 000000000001e7c8 000000000001e798  c.sd     x8, 0x30(x8)
#311 0 0000000000012372     07a5 r 000000000000000f 0000000000010009  c.addi   x15, 0x9
#312 0 0000000000012374     c89c m 000000000001e858 0000000000010009  c.sw     x15, 0x10(x9)
#313 0 0000000000012376     4621 r 000000000000000c 0000000000000008  c.li     x12, 0x8
#314 0 0000000000012378     4581 r 000000000000000b 0000000000000000  c.li     x11, 0x0
#315 0 000000000001237a 0a04a623 m 000000000001e8f4 0000000000000000  sw       x0, 0xac(x9)
#316 0 000000000001237e 0004b023 m 000000000001e848 0000000000000000  sd       x0, 0x0(x9)
#317 0 0000000000012382 0004b423 m 000000000001e850 0000000000000000  sd       x0, 0x8(x9)
#318 0 0000000000012386 0004bc23 m 000000000001e860 0000000000000000  sd       x0, 0x18(x9)
#319 0 000000000001238a 0204a023 m 000000000001e868 0000000000000000  sw       x0, 0x20(x9)
#320 0 000000000001238e 0204a423 m 000000000001e870 0000000000000000  sw       x0, 0x28(x9)
#321 0 0000000000012392 0a448513 r 000000000000000a 000000000001e8ec  addi     x10, x9, 164
#322 0 0000000000012396 e85fd0ef r 0000000000000001 000000000001239a  jal      x1, . - 0x217c
#323 0 000000000001021a     433d r 0000000000000006 000000000000000f  c.li     x6, 0xf
#324 0 000000000001021c     872a r 000000000000000e 000000000001e8ec  c.mv     x14, x10
#325 0 000000000001021e 02c37163 r 0000000000000000 0000000000000000  bgeu     x6, x12, . + 0x22
#326 0 0000000000010240 40c306b3 r 000000000000000d 0000000000000007  sub      x13, x6, x12
#327 0 0000000000010244     068a r 000000000000000d 000000000000001c  c.slli   x13, 2
#328 0 0000000000010246 00000297 r 0000000000000005 0000000000010246  auipc    x5, 0x0
#329 0 000000000001024a     9696 r 000000000000000d 0000000000010262  c.add    x13, x5
#330 0 000000000001024c 00a68067 r 0000000000000000 0000000000000000  jalr     x0, 0xa(x13)
#331 0 000000000001026c 00b703a3 m 000000000001e8f3 0000000000000000  sb       x11, 0x7(x14)
#332 0 0000000000010270 00b70323 m 000000000001e8f2 0000000000000000  sb       x11, 0x6(x14)
#333 0 0000000000010274 00b702a3 m 000000000001e8f1 0000000000000000  sb       x11, 0x5(x14)
#334 0 0000000000010278 00b70223 m 000000000001e8f0 0000000000000000  sb       x11, 0x4(x14)
#335 0 000000000001027c 00b701a3 m 000000000001e8ef 0000000000000000  sb       x11, 0x3(x14)
#336 0 0000000000010280 00b70123 m 000000000001e8ee 0000000000000000  sb       x11, 0x2(x14)
#337 0 0000000000010284 00b700a3 m 000000000001e8ed 0000000000000000  sb       x11, 0x1(x14)
#338 0 0000000000010288 00b70023 m 000000000001e8ec 0000000000000000  sb       x11, 0x0(x14)
#339 0 000000000001028c     8082 r 0000000000000000 0000000000000000  c.jr     x1
#340 0 000000000001239a 01893403 r 0000000000000008 000000000001e8f8  ld       x8, 0x18(x18)
#341 0 000000000001239e 000207b7 r 000000000000000f 0000000000020000  lui      x15, 0x20
#342 0 00000000000123a2 0364bc23 m 000000000001e880 0000000000016154  sd       x22, 0x38(x9)
#343 0 00000000000123a6 0554b023 m 000000000001e888 0000000000016190  sd       x21, 0x40(x9)
#344 0 00000000000123aa 0544b423 m 000000000001e890 00000000000161e4  sd       x20, 0x48(x9)
#345 0 00000000000123ae 0534b823 m 000000000001e898 0000000000016226  sd       x19, 0x50(x9)
#346 0 00000000000123b2     f884 m 000000000001e878 000000000001e848  c.sd     x9, 0x30(x9)
#347 0 00000000000123b4     07c9 r 000000000000000f 0000000000020012  c.addi   x15, 0x12
#348 0 00000000000123b6     c81c m 000000000001e908 0000000000020012  c.sw     x15, 0x10(x8)
#349 0 00000000000123b8 0a042623 m 000000000001e9a4 0000000000000000  sw       x0, 0xac(x8)
#350 0 00000000000123bc 00043023 m 000000000001e8f8 0000000000000000  sd       x0, 0x0(x8)
#351 0 00000000000123c0 00043423 m 000000000001e900 0000000000000000  sd       x0, 0x8(x8)
#352 0 00000000000123c4 00043c23 m 000000000001e910 0000000000000000  sd       x0, 0x18(x8)
#353 0 00000000000123c8 02042023 m 000000000001e918 0000000000000000  sw       x0, 0x20(x8)
#354 0 00000000000123cc 02042423 m 000000000001e920 0000000000000000  sw       x0, 0x28(x8)
#355 0 00000000000123d0 0a440513 r 000000000000000a 000000000001e99c  addi     x10, x8, 164
#356 0 00000000000123d4     4621 r 000000000000000c 0000000000000008  c.li     x12, 0x8
#357 0 00000000000123d6     4581 r 000000000000000b 0000000000000000  c.li     x11, 0x0
#358 0 00000000000123d8 e43fd0ef r 0000000000000001 00000000000123dc  jal      x1, . - 0x21be
#359 0 000000000001021a     433d r 0000000000000006 000000000000000f  c.li     x6, 0xf
#360 0 000000000001021c     872a r 000000000000000e 000000000001e99c  c.mv     x14, x10
#361 0 000000000001021e 02c37163 r 0000000000000000 0000000000000000  bgeu     x6, x12, . + 0x22
#362 0 0000000000010240 40c306b3 r 000000000000000d 0000000000000007  sub      x13, x6, x12
#363 0 0000000000010244     068a r 000000000000000d 000000000000001c  c.slli   x13, 2
#364 0 0000000000010246 00000297 r 0000000000000005 0000000000010246  auipc    x5, 0x0
#365 0 000000000001024a     9696 r 000000000000000d 0000000000010262  c.add    x13, x5
#366 0 000000000001024c 00a68067 r 0000000000000000 0000000000000000  jalr     x0, 0xa(x13)
#367 0 000000000001026c 00b703a3 m 000000000001e9a3 0000000000000000  sb       x11, 0x7(x14)
#368 0 0000000000010270 00b70323 m 000000000001e9a2 0000000000000000  sb       x11, 0x6(x14)
#369 0 0000000000010274 00b702a3 m 000000000001e9a1 0000000000000000  sb       x11, 0x5(x14)
#370 0 0000000000010278 00b70223 m 000000000001e9a0 0000000000000000  sb       x11, 0x4(x14)
#371 0 000000000001027c 00b701a3 m 000000000001e99f 0000000000000000  sb       x11, 0x3(x14)
#372 0 0000000000010280 00b70123 m 000000000001e99e 0000000000000000  sb       x11, 0x2(x14)
#373 0 0000000000010284 00b700a3 m 000000000001e99d 0000000000000000  sb       x11, 0x1(x14)
#374 0 0000000000010288 00b70023 m 000000000001e99c 0000000000000000  sb       x11, 0x0(x14)
#375 0 000000000001028c     8082 r 0000000000000000 0000000000000000  c.jr     x1
#376 0 00000000000123dc     70e2 r 0000000000000001 0000000000010aa6  c.ldsp   x1, 0x38
#377 0 00000000000123de 03643c23 m 000000000001e930 0000000000016154  sd       x22, 0x38(x8)
#378 0 00000000000123e2 05543023 m 000000000001e938 0000000000016190  sd       x21, 0x40(x8)
#379 0 00000000000123e6 05443423 m 000000000001e940 00000000000161e4  sd       x20, 0x48(x8)
#380 0 00000000000123ea 05343823 m 000000000001e948 0000000000016226  sd       x19, 0x50(x8)
#381 0 00000000000123ee     f800 m 000000000001e928 000000000001e8f8  c.sd     x8, 0x30(x8)
#382 0 00000000000123f0     7442 r 0000000000000008 00000000ffffff50  c.ldsp   x8, 0x30
#383 0 00000000000123f2     4785 r 000000000000000f 0000000000000001  c.li     x15, 0x1
#384 0 00000000000123f4 04f92823 m 000000000001e2b0 0000000000000001  sw       x15, 0x50(x18)
#385 0 00000000000123f8     74a2 r 0000000000000009 0000000000000000  c.ldsp   x9, 0x28
#386 0 00000000000123fa     7902 r 0000000000000012 000000000001e848  c.ldsp   x18, 0x20
#387 0 00000000000123fc     69e2 r 0000000000000013 0000000000000000  c.ldsp   x19, 0x18
#388 0 00000000000123fe     6a42 r 0000000000000014 000000000001e260  c.ldsp   x20, 0x10
#389 0 0000000000012400     6aa2 r 0000000000000015 0000000000000000  c.ldsp   x21, 0x8
#390 0 0000000000012402     6b02 r 0000000000000016 0000000000000000  c.ldsp   x22, 0x0
#391 0 0000000000012404     6121 r 0000000000000002 00000000fffffc50  c.addi16sp 0x4
#392 0 0000000000012406     8082 r 0000000000000000 0000000000000000  c.jr     x1
#393 0 0000000000010aa6     b0f1 r 0000000000000000 0000000000000000  c.j      . - 0x734
#394 0 0000000000010372 01091703 r 000000000000000e 0000000000000009  lh       x14, 0x10(x18)
#395 0 0000000000010376     6689 r 000000000000000d 0000000000002000  c.lui    x13, 0x2
#396 0 0000000000010378 03071793 r 000000000000000f 0009000000000000  slli     x15, x14, 48
#397 0 000000000001037c     93c1 r 000000000000000f 0000000000000009  c.srli   x15, 0x30
#398 0 000000000001037e 00d7f633 r 000000000000000c 0000000000000000  and      x12, x15, x13
#399 0 0000000000010382     e215 r 0000000000000000 0000000000000000  c.bnez   x12, . + 0x24
#400 0 0000000000010384 0ac92603 r 000000000000000c 0000000000000000  lw       x12, 0xac(x18)
#401 0 0000000000010388 00d767b3 r 000000000000000f 0000000000002009  or       x15, x14, x13
#402 0 000000000001038c 0107979b r 000000000000000f 0000000020090000  slliw    x15, x15, 16
#403 0 0000000000010390     7779 r 000000000000000e ffffffffffffe000  c.lui    x14, 0xffffe
#404 0 0000000000010392 4107d79b r 000000000000000f 0000000000002009  sraiw    x15, x15, 16
#405 0 0000000000010396     177d r 000000000000000e ffffffffffffdfff  c.addi   x14, -0x1
#406 0 0000000000010398     8f71 r 000000000000000e 0000000000000000  c.and    x14, x12
#407 0 000000000001039a 00f91823 m 000000000001e858 0000000000002009  sh       x15, 0x10(x18)
#408 0 000000000001039e     17c2 r 000000000000000f 2009000000000000  c.slli   x15, 48
#409 0 00000000000103a0 0ae92623 m 000000000001e8f4 0000000000000000  sw       x14, 0xac(x18)
#410 0 00000000000103a4     93c1 r 000000000000000f 0000000000002009  c.srli   x15, 0x30
#411 0 00000000000103a6 0087f713 r 000000000000000e 0000000000000008  andi     x14, x15, 8
#412 0 00000000000103aa 26070a63 r 0000000000000000 0000000000000000  beq      x14, x0, . + 0x274
#413 0 00000000000103ae 01893703 r 000000000000000e 0000000000000000  ld       x14, 0x18(x18)
#414 0 00000000000103b2 26070663 r 0000000000000000 0000000000000000  beq      x14, x0, . + 0x26c
#415 0 000000000001061e     85ca r 000000000000000b 000000000001e848  c.mv     x11, x18
#416 0 0000000000010620     8552 r 000000000000000a 000000000001e260  c.mv     x10, x20
#417 0 0000000000010622 0ed010ef r 0000000000000001 0000000000010626  jal      x1, . + 0x18ec
#418 0 0000000000011f0e 7581b783 r 000000000000000f 000000000001e260  ld       x15, 0x758(x3)
#419 0 0000000000011f12     1101 r 0000000000000002 00000000fffffc30  c.addi   x2, -0x20
#420 0 0000000000011f14     e822 m 00000000fffffc40 00000000ffffff50  c.sdsp   x8, 0x10
#421 0 0000000000011f16     e426 m 00000000fffffc38 0000000000000000  c.sdsp   x9, 0x8
#422 0 0000000000011f18     ec06 m 00000000fffffc48 0000000000010626  c.sdsp   x1, 0x18
#423 0 0000000000011f1a     84aa r 0000000000000009 000000000001e260  c.mv     x9, x10
#424 0 0000000000011f1c     842e r 0000000000000008 000000000001e848  c.mv     x8, x11
#425 0 0000000000011f1e     c399 r 0000000000000000 0000000000000000  c.beqz   x15, . + 0x6
#426 0 0000000000011f20     4bb8 r 000000000000000e 0000000000000001  c.lw     x14, 0x50(x15)
#427 0 0000000000011f22     cf21 r 0000000000000000 0000000000000000  c.beqz   x14, . + 0x58
#428 0 0000000000011f24 01041703 r 000000000000000e 0000000000002009  lh       x14, 0x10(x8)
#429 0 0000000000011f28 03071793 r 000000000000000f 2009000000000000  slli     x15, x14, 48
#430 0 0000000000011f2c 00877693 r 000000000000000d 0000000000000008  andi     x13, x14, 8
#431 0 0000000000011f30     93c1 r 000000000000000f 0000000000002009  c.srli   x15, 0x30
#432 0 0000000000011f32     ceb9 r 0000000000000000 0000000000000000  c.beqz   x13, . + 0x5e
#433 0 0000000000011f34     6c14 r 000000000000000d 0000000000000000  c.ld     x13, 0x18(x8)
#434 0 0000000000011f36     cabd r 0000000000000000 0000000000000000  c.beqz   x13, . + 0x76
#435 0 0000000000011fac 2807f613 r 000000000000000c 0000000000000000  andi     x12, x15, 640
#436 0 0000000000011fb0 20000593 r 000000000000000b 0000000000000200  addi     x11, x0, 512
#437 0 0000000000011fb4 f8b602e3 r 0000000000000000 0000000000000000  beq      x12, x11, . - 0x7c
#438 0 0000000000011fb8     85a2 r 000000000000000b 000000000001e848  c.mv     x11, x8
#439 0 0000000000011fba     8526 r 000000000000000a 000000000001e260  c.mv     x10, x9
#440 0 0000000000011fbc 33b020ef r 0000000000000001 0000000000011fc0  jal      x1, . + 0x2b3a
#441 0 0000000000014af6 0105d783 r 000000000000000f 0000000000002009  lhu      x15, 0x10(x11)
#442 0 0000000000014afa     7135 r 0000000000000002 00000000fffffb90  c.addi16sp -0xa
#443 0 0000000000014afc     e922 m 00000000fffffc20 000000000001e848  c.sdsp   x8, 0x90
#444 0 0000000000014afe     ed06 m 00000000fffffc28 0000000000011fc0  c.sdsp   x1, 0x98
#445 0 0000000000014b00     e526 m 00000000fffffc18 000000000001e260  c.sdsp   x9, 0x88
#446 0 0000000000014b02     e14a m 00000000fffffc10 000000000001e848  c.sdsp   x18, 0x80
#447 0 0000000000014b04     fcce m 00000000fffffc08 0000000000000000  c.sdsp   x19, 0x78
#448 0 0000000000014b06     f8d2 m 00000000fffffc00 000000000001e260  c.sdsp   x20, 0x70
#449 0 0000000000014b08 0027f713 r 000000000000000e 0000000000000000  andi     x14, x15, 2
#450 0 0000000000014b0c     842e r 0000000000000008 000000000001e848  c.mv     x8, x11
#451 0 0000000000014b0e     cf19 r 0000000000000000 0000000000000000  c.beqz   x14, . + 0x1e
#452 0 0000000000014b2c 01259583 r 000000000000000b 0000000000000001  lh       x11, 0x12(x11)
#453 0 0000000000014b30     84aa r 0000000000000009 000000000001e260  c.mv     x9, x10
#454 0 0000000000014b32 0605c863 r 0000000000000000 0000000000000000  blt      x11, x0, . + 0x70
#455 0 0000000000014b36     0030 r 000000000000000c 00000000fffffb98  c.addi4spn  x12, 0x2
#456 0 0000000000014b38 636040ef r 0000000000000001 0000000000014b3c  jal      x1, . + 0x4636
#457 0 000000000001916e     1101 r 0000000000000002 00000000fffffb70  c.addi   x2, -0x20
#458 0 0000000000019170     872e r 000000000000000e 0000000000000001  c.mv     x14, x11
#459 0 0000000000019172     e822 m 00000000fffffb80 000000000001e848  c.sdsp   x8, 0x10
#460 0 0000000000019174     e426 m 00000000fffffb78 000000000001e260  c.sdsp   x9, 0x8
#461 0 0000000000019176     842a r 0000000000000008 000000000001e260  c.mv     x8, x10
#462 0 0000000000019178     85b2 r 000000000000000b 00000000fffffb98  c.mv     x11, x12
#463 0 000000000001917a     853a r 000000000000000a 0000000000000001  c.mv     x10, x14
#464 0 000000000001917c     ec06 m 00000000fffffb88 0000000000014b3c  c.sdsp   x1, 0x18
#465 0 000000000001917e 7801a823 m 000000000001f3d8 0000000000000000  sw       x0, 0x790(x3)
#466 0 0000000000019182 4e7010ef r 0000000000000001 0000000000019186  jal      x1, . + 0x1ce6
#467 0 000000000001ae68     7135 r 0000000000000002 00000000fffffad0  c.addi16sp -0xa
#468 0 000000000001ae6a     e526 m 00000000fffffb58 000000000001e260  c.sdsp   x9, 0x88
#469 0 000000000001ae6c     ed06 m 00000000fffffb68 0000000000019186  c.sdsp   x1, 0x98
#470 0 000000000001ae6e     84ae r 0000000000000009 00000000fffffb98  c.mv     x9, x11
#471 0 000000000001ae70     e922 m 00000000fffffb60 000000000001e260  c.sdsp   x8, 0x90
#472 0 000000000001ae72 05000893 r 0000000000000011 0000000000000050  addi     x17, x0, 80
#473 0 000000000001ae76     858a r 000000000000000b 00000000fffffad0  c.mv     x11, x2
#474 0 000000000001ae78 00000073 r 000000000000000a 0000000000000000  ecall    
#475 0 000000000001ae7c     842a r 0000000000000008 0000000000000000  c.mv     x8, x10
#476 0 000000000001ae7e 00054e63 r 0000000000000000 0000000000000000  blt      x10, x0, . + 0x1c
#477 0 000000000001ae82 0005041b r 0000000000000008 0000000000000000  addiw    x8, x10, 0
#478 0 000000000001ae86     8526 r 000000000000000a 00000000fffffb98  c.mv     x10, x9
#479 0 000000000001ae88     858a r 000000000000000b 00000000fffffad0  c.mv     x11, x2
#480 0 000000000001ae8a 134000ef r 0000000000000001 000000000001ae8e  jal      x1, . + 0x134
#481 0 000000000001afbe 0005b383 r 0000000000000007 0000000000000015  ld       x7, 0x0(x11)
#482 0 000000000001afc2 0085b283 r 0000000000000005 000000000000000b  ld       x5, 0x8(x11)
#483 0 000000000001afc6 0105af83 r 000000000000001f 0000000000002190  lw       x31, 0x10(x11)
#484 0 000000000001afca 0145af03 r 000000000000001e 0000000000000001  lw       x30, 0x14(x11)
#485 0 000000000001afce 0185ae83 r 000000000000001d 00000000000003e8  lw       x29, 0x18(x11)
#486 0 000000000001afd2 01c5ae03 r 000000000000001c 0000000000000005  lw       x28, 0x1c(x11)
#487 0 000000000001afd6 0205b303 r 0000000000000006 0000000000008808  ld       x6, 0x20(x11)
#488 0 000000000001afda 0305b883 r 0000000000000011 0000000000000000  ld       x17, 0x30(x11)
#489 0 000000000001afde 0405b803 r 0000000000000010 0000000000000000  ld       x16, 0x40(x11)
#490 0 000000000001afe2     5d90 r 000000000000000c 0000000000000400  c.lw     x12, 0x38(x11)
#491 0 000000000001afe4     65b4 r 000000000000000d 0000000062a18140  c.ld     x13, 0x48(x11)
#492 0 000000000001afe6     6db8 r 000000000000000e 0000000062a18140  c.ld     x14, 0x58(x11)
#493 0 000000000001afe8     75bc r 000000000000000f 0000000062a180a5  c.ld     x15, 0x68(x11)
#494 0 000000000001afea 00751023 m 00000000fffffb98 0000000000000015  sh       x7, 0x0(x10)
#495 0 000000000001afee 00551123 m 00000000fffffb9a 000000000000000b  sh       x5, 0x2(x10)
#496 0 000000000001aff2 01f52223 m 00000000fffffb9c 0000000000002190  sw       x31, 0x4(x10)
#497 0 000000000001aff6 01e51423 m 00000000fffffba0 0000000000000001  sh       x30, 0x8(x10)
#498 0 000000000001affa 01d51523 m 00000000fffffba2 00000000000003e8  sh       x29, 0xa(x10)
#499 0 000000000001affe 01c51623 m 00000000fffffba4 0000000000000005  sh       x28, 0xc(x10)
#500 0 000000000001b002 00651723 m 00000000fffffba6 0000000000008808  sh       x6, 0xe(x10)
#501 0 000000000001b006 01153823 m 00000000fffffba8 0000000000000000  sd       x17, 0x10(x10)
#502 0 000000000001b00a 05053823 m 00000000fffffbe8 0000000000000000  sd       x16, 0x50(x10)
#503 0 000000000001b00e     e530 m 00000000fffffbe0 0000000000000400  c.sd     x12, 0x48(x10)
#504 0 000000000001b010     ed14 m 00000000fffffbb0 0000000062a18140  c.sd     x13, 0x18(x10)
#505 0 000000000001b012     f518 m 00000000fffffbc0 0000000062a18140  c.sd     x14, 0x28(x10)
#506 0 000000000001b014     fd1c m 00000000fffffbd0 0000000062a180a5  c.sd     x15, 0x38(x10)
#507 0 000000000001b016     8082 r 0000000000000000 0000000000000000  c.jr     x1
#508 0 000000000001ae8e     60ea r 0000000000000001 0000000000019186  c.ldsp   x1, 0x98
#509 0 000000000001ae90     8522 r 000000000000000a 0000000000000000  c.mv     x10, x8
#510 0 000000000001ae92     644a r 0000000000000008 000000000001e260  c.ldsp   x8, 0x90
#511 0 000000000001ae94     64aa r 0000000000000009 000000000001e260  c.ldsp   x9, 0x88
#512 0 000000000001ae96     610d r 0000000000000002 00000000fffffb70  c.addi16sp 0xa
#513 0 000000000001ae98     8082 r 0000000000000000 0000000000000000  c.jr     x1
#514 0 0000000000019186     57fd r 000000000000000f ffffffffffffffff  c.li     x15, -0x1
#515 0 0000000000019188 00f50763 r 0000000000000000 0000000000000000  beq      x10, x15, . + 0xe
#516 0 000000000001918c     60e2 r 0000000000000001 0000000000014b3c  c.ldsp   x1, 0x18
#517 0 000000000001918e     6442 r 0000000000000008 000000000001e848  c.ldsp   x8, 0x10
#518 0 0000000000019190     64a2 r 0000000000000009 000000000001e260  c.ldsp   x9, 0x8
#519 0 0000000000019192     6105 r 0000000000000002 00000000fffffb90  c.addi16sp 0x2
#520 0 0000000000019194     8082 r 0000000000000000 0000000000000000  c.jr     x1
#521 0 0000000000014b3c 06054163 r 0000000000000000 0000000000000000  blt      x10, x0, . + 0x62
#522 0 0000000000014b40     4932 r 0000000000000012 0000000000002190  c.lwsp   x18, 0xc
#523 0 0000000000014b42     67bd r 000000000000000f 000000000000f000  c.lui    x15, 0xf
#524 0 0000000000014b44 40000a13 r 0000000000000014 0000000000000400  addi     x20, x0, 1024
#525 0 0000000000014b48 00f97933 r 0000000000000012 0000000000002000  and      x18, x18, x15
#526 0 0000000000014b4c     6789 r 000000000000000f 0000000000002000  c.lui    x15, 0x2
#527 0 0000000000014b4e 40f90933 r 0000000000000012 0000000000000000  sub      x18, x18, x15
#528 0 0000000000014b52     6785 r 000000000000000f 0000000000001000  c.lui    x15, 0x1
#529 0 0000000000014b54 00193913 r 0000000000000012 0000000000000001  sltiu    x18, x18, 1
#530 0 0000000000014b58 80078993 r 0000000000000013 0000000000000800  addi     x19, x15, -2048
#531 0 0000000000014b5c     85d2 r 000000000000000b 0000000000000400  c.mv     x11, x20
#532 0 0000000000014b5e     8526 r 000000000000000a 000000000001e260  c.mv     x10, x9
#533 0 0000000000014b60 12c000ef r 0000000000000001 0000000000014b64  jal      x1, . + 0x12c
#534 0 0000000000014c8c     711d r 0000000000000002 00000000fffffb30  c.addi16sp -0x6
#535 0 0000000000014c8e     e4a6 m 00000000fffffb78 000000000001e260  c.sdsp   x9, 0x48
#536 0 0000000000014c90     e0ca m 00000000fffffb70 0000000000000001  c.sdsp   x18, 0x40
#537 0 0000000000014c92     ec86 m 00000000fffffb88 0000000000014b64  c.sdsp   x1, 0x58
#538 0 0000000000014c94     e8a2 m 00000000fffffb80 000000000001e848  c.sdsp   x8, 0x50
#539 0 0000000000014c96     fc4e m 00000000fffffb68 0000000000000800  c.sdsp   x19, 0x38
#540 0 0000000000014c98     f852 m 00000000fffffb60 0000000000000400  c.sdsp   x20, 0x30
#541 0 0000000000014c9a     f456 m 00000000fffffb58 0000000000000000  c.sdsp   x21, 0x28
#542 0 0000000000014c9c     f05a m 00000000fffffb50 0000000000000000  c.sdsp   x22, 0x20
#543 0 0000000000014c9e     ec5e m 00000000fffffb48 0000000000000000  c.sdsp   x23, 0x18
#544 0 0000000000014ca0     e862 m 00000000fffffb40 0000000000000000  c.sdsp   x24, 0x10
#545 0 0000000000014ca2     e466 m 00000000fffffb38 000000000001c430  c.sdsp   x25, 0x8
#546 0 0000000000014ca4 01758493 r 0000000000000009 0000000000000417  addi     x9, x11, 23
#547 0 0000000000014ca8 02e00793 r 000000000000000f 000000000000002e  addi     x15, x0, 46
#548 0 0000000000014cac     892a r 0000000000000012 000000000001e260  c.mv     x18, x10
#549 0 0000000000014cae 0497e863 r 0000000000000000 0000000000000000  bltu     x15, x9, . + 0x50
#550 0 0000000000014cfe 800007b7 r 000000000000000f ffffffff80000000  lui      x15, -0x80000
#551 0 0000000000014d02     98c1 r 0000000000000009 0000000000000410  c.andi   x9, -0x10
#552 0 0000000000014d04 fff7c793 r 000000000000000f 000000007fffffff  xori     x15, x15, -1
#553 0 0000000000014d08 1897eb63 r 0000000000000000 0000000000000000  bltu     x15, x9, . + 0x196
#554 0 0000000000014d0c 18b4e963 r 0000000000000000 0000000000000000  bltu     x9, x11, . + 0x192
#555 0 0000000000014d10 672000ef r 0000000000000001 0000000000014d14  jal      x1, . + 0x672
#556 0 0000000000015382     8082 r 0000000000000000 0000000000000000  c.jr     x1
#557 0 0000000000014d14 1f700793 r 000000000000000f 00000000000001f7  addi     x15, x0, 503
#558 0 0000000000014d18 3a97f363 r 0000000000000000 0000000000000000  bgeu     x15, x9, . + 0x3a6
#559 0 0000000000014d1c 0094d793 r 000000000000000f 0000000000000002  srli     x15, x9, 9
#560 0 0000000000014d20 26078f63 r 0000000000000000 0000000000000000  beq      x15, x0, . + 0x27e
#561 0 0000000000014d24     4711 r 000000000000000e 0000000000000004  c.li     x14, 0x4
#562 0 0000000000014d26 30f76363 r 0000000000000000 0000000000000000  bltu     x14, x15, . + 0x306
#563 0 0000000000014d2a 0064d793 r 000000000000000f 0000000000000010  srli     x15, x9, 6
#564 0 0000000000014d2e 0397861b r 000000000000000c 0000000000000049  addiw    x12, x15, 57
#565 0 0000000000014d32 0016169b r 000000000000000d 0000000000000092  slliw    x13, x12, 1
#566 0 0000000000014d36 0387851b r 000000000000000a 0000000000000048  addiw    x10, x15, 56
#567 0 0000000000014d3a     068e r 000000000000000d 0000000000000490  c.slli   x13, 3
#568 0 0000000000014d3c 0001f9b7 r 0000000000000013 000000000001f000  lui      x19, 0x1f
#569 0 0000000000014d40 b5098993 r 0000000000000013 000000000001eb50  addi     x19, x19, -1200
#570 0 0000000000014d44     96ce r 000000000000000d 000000000001efe0  c.add    x13, x19
#571 0 0000000000014d46     6680 r 0000000000000008 000000000001efd0  c.ld     x8, 0x8(x13)
#572 0 0000000000014d48     16c1 r 000000000000000d 000000000001efd0  c.addi   x13, -0x10
#573 0 0000000000014d4a 16868f63 r 0000000000000000 0000000000000000  beq      x13, x8, . + 0x17e
#574 0 0000000000014ec8 0209b403 r 0000000000000008 000000000001eb60  ld       x8, 0x20(x19)
#575 0 0000000000014ecc 0001f837 r 0000000000000010 000000000001f000  lui      x16, 0x1f
#576 0 0000000000014ed0 b6080813 r 0000000000000010 000000000001eb60  addi     x16, x16, -1184
#577 0 0000000000014ed4 eb0403e3 r 0000000000000000 0000000000000000  beq      x8, x16, . - 0x15a
#578 0 0000000000014d7a 0089b783 r 000000000000000f 0000000000000000  ld       x15, 0x8(x19)
#579 0 0000000000014d7e 4026571b r 000000000000000e 0000000000000012  sraiw    x14, x12, 2
#580 0 0000000000014d82     4585 r 000000000000000b 0000000000000001  c.li     x11, 0x1
#581 0 0000000000014d84 00e595b3 r 000000000000000b 0000000000040000  sll      x11, x11, x14
#582 0 0000000000014d88 1ab7f863 r 0000000000000000 0000000000000000  bgeu     x15, x11, . + 0x1b0
#583 0 0000000000014d8c 0109b403 r 0000000000000008 000000000001eb50  ld       x8, 0x10(x19)
#584 0 0000000000014d90 00843a03 r 0000000000000014 0000000000000000  ld       x20, 0x8(x8)
#585 0 0000000000014d94 ffca7a93 r 0000000000000015 0000000000000000  andi     x21, x20, -4
#586 0 0000000000014d98 009ae763 r 0000000000000000 0000000000000000  bltu     x21, x9, . + 0xe
#587 0 0000000000014da6 7881ba03 r 0000000000000014 0000000000000000  ld       x20, 0x788(x3)
#588 0 0000000000014daa 7601b703 r 000000000000000e ffffffffffffffff  ld       x14, 0x760(x3)
#589 0 0000000000014dae     57fd r 000000000000000f ffffffffffffffff  c.li     x15, -0x1
#590 0 0000000000014db0 01540c33 r 0000000000000018 000000000001eb50  add      x24, x8, x21
#591 0 0000000000014db4     9a26 r 0000000000000014 0000000000000410  c.add    x20, x9
#592 0 0000000000014db6 3af70263 r 0000000000000000 0000000000000000  beq      x14, x15, . + 0x3a4
#593 0 000000000001515a 020a0a13 r 0000000000000014 0000000000000430  addi     x20, x20, 32
#594 0 000000000001515e     b1a5 r 0000000000000000 0000000000000000  c.j      . - 0x398
#595 0 0000000000014dc6     85d2 r 000000000000000b 0000000000000430  c.mv     x11, x20
#596 0 0000000000014dc8     854a r 000000000000000a 000000000001e260  c.mv     x10, x18
#597 0 0000000000014dca 24c010ef r 0000000000000001 0000000000014dce  jal      x1, . + 0x124c
#598 0 0000000000016016     1101 r 0000000000000002 00000000fffffb10  c.addi   x2, -0x20
#599 0 0000000000016018     e822 m 00000000fffffb20 000000000001eb50  c.sdsp   x8, 0x10
#600 0 000000000001601a     e426 m 00000000fffffb18 0000000000000410  c.sdsp   x9, 0x8
#601 0 000000000001601c     842a r 0000000000000008 000000000001e260  c.mv     x8, x10
#602 0 000000000001601e     852e r 000000000000000a 0000000000000430  c.mv     x10, x11
#603 0 0000000000016020     ec06 m 00000000fffffb28 0000000000014dce  c.sdsp   x1, 0x18
#604 0 0000000000016022 7801a823 m 000000000001f3d8 0000000000000000  sw       x0, 0x790(x3)
#605 0 0000000000016026 719040ef r 0000000000000001 000000000001602a  jal      x1, . + 0x4f18
#606 0 000000000001af3e 7981b703 r 000000000000000e 0000000000000000  ld       x14, 0x798(x3)
#607 0 000000000001af42     1141 r 0000000000000002 00000000fffffb00  c.addi   x2, -0x10
#608 0 000000000001af44     e406 m 00000000fffffb08 000000000001602a  c.sdsp   x1, 0x8
#609 0 000000000001af46     87aa r 000000000000000f 0000000000000430  c.mv     x15, x10
#610 0 000000000001af48     ef01 r 0000000000000000 0000000000000000  c.bnez   x14, . + 0x18
#611 0 000000000001af4a 0d600893 r 0000000000000011 00000000000000d6  addi     x17, x0, 214
#612 0 000000000001af4e     4501 r 000000000000000a 0000000000000000  c.li     x10, 0x0
#613 0 000000000001af50 00000073 r 000000000000000a 0000000000020000  ecall    
#614 0 000000000001af54     567d r 000000000000000c ffffffffffffffff  c.li     x12, -0x1
#615 0 000000000001af56     872a r 000000000000000e 0000000000020000  c.mv     x14, x10
#616 0 000000000001af58 02c50563 r 0000000000000000 0000000000000000  beq      x10, x12, . + 0x2a
#617 0 000000000001af5c 78a1bc23 m 000000000001f3e0 0000000000020000  sd       x10, 0x798(x3)
#618 0 000000000001af60 0d600893 r 0000000000000011 00000000000000d6  addi     x17, x0, 214
#619 0 000000000001af64 00e78533 r 000000000000000a 0000000000020430  add      x10, x15, x14
#620 0 000000000001af68 00000073 r 000000000000000a 0000000000020430  ecall    
#621 0 000000000001af6c 7981b703 r 000000000000000e 0000000000020000  ld       x14, 0x798(x3)
#622 0 000000000001af70     97ba r 000000000000000f 0000000000020430  c.add    x15, x14
#623 0 000000000001af72 00f51863 r 0000000000000000 0000000000000000  bne      x10, x15, . + 0x10
#624 0 000000000001af76     60a2 r 0000000000000001 000000000001602a  c.ldsp   x1, 0x8
#625 0 000000000001af78 78a1bc23 m 000000000001f3e0 0000000000020430  sd       x10, 0x798(x3)
#626 0 000000000001af7c     853a r 000000000000000a 0000000000020000  c.mv     x10, x14
#627 0 000000000001af7e     0141 r 0000000000000002 00000000fffffb10  c.addi   x2, 0x10
#628 0 000000000001af80     8082 r 0000000000000000 0000000000000000  c.jr     x1
#629 0 000000000001602a     57fd r 000000000000000f ffffffffffffffff  c.li     x15, -0x1
#630 0 000000000001602c 00f50763 r 0000000000000000 0000000000000000  beq      x10, x15, . + 0xe
#631 0 0000000000016030     60e2 r 0000000000000001 0000000000014dce  c.ldsp   x1, 0x18
#632 0 0000000000016032     6442 r 0000000000000008 000000000001eb50  c.ldsp   x8, 0x10
#633 0 0000000000016034     64a2 r 0000000000000009 0000000000000410  c.ldsp   x9, 0x8
#634 0 0000000000016036     6105 r 0000000000000002 00000000fffffb30  c.addi16sp 0x2
#635 0 0000000000016038     8082 r 0000000000000000 0000000000000000  c.jr     x1
#636 0 0000000000014dce     57fd r 000000000000000f ffffffffffffffff  c.li     x15, -0x1
#637 0 0000000000014dd0     8b2a r 0000000000000016 0000000000020000  c.mv     x22, x10
#638 0 0000000000014dd2 30f50b63 r 0000000000000000 0000000000000000  beq      x10, x15, . + 0x316
#639 0 0000000000014dd6 31856763 r 0000000000000000 0000000000000000  bltu     x10, x24, . + 0x30e
#640 0 0000000000014dda 7d818b93 r 0000000000000017 000000000001f420  addi     x23, x3, 2008
#641 0 0000000000014dde 000ba703 r 000000000000000e 0000000000000000  lw       x14, 0x0(x23)
#642 0 0000000000014de2 014707bb r 000000000000000f 0000000000000430  addw     x15, x14, x20
#643 0 0000000000014de6 00fba023 m 000000000001f420 0000000000000430  sw       x15, 0x0(x23)
#644 0 0000000000014dea     86be r 000000000000000d 0000000000000430  c.mv     x13, x15
#645 0 0000000000014dec 40ac0063 r 0000000000000000 0000000000000000  beq      x24, x10, . + 0x400
#646 0 0000000000014df0 7601b703 r 000000000000000e ffffffffffffffff  ld       x14, 0x760(x3)
#647 0 0000000000014df4     57fd r 000000000000000f ffffffffffffffff  c.li     x15, -0x1
#648 0 0000000000014df6 40f70763 r 0000000000000000 0000000000000000  beq      x14, x15, . + 0x40e
#649 0 0000000000015204 7761b023 m 000000000001f3a8 0000000000020000  sd       x22, 0x760(x3)
#650 0 0000000000015208     bef5 r 0000000000000000 0000000000000000  c.j      . - 0x404
#651 0 0000000000014e04 00fb7c13 r 0000000000000018 0000000000000000  andi     x24, x22, 15
#652 0 0000000000014e08 360c0763 r 0000000000000000 0000000000000000  beq      x24, x0, . + 0x36e
#653 0 0000000000015176 014b0c33 r 0000000000000018 0000000000020430  add      x24, x22, x20
#654 0 000000000001517a 41800c33 r 0000000000000018 fffffffffffdfbd0  sub      x24, x0, x24
#655 0 000000000001517e     1c52 r 0000000000000018 bd00000000000000  c.slli   x24, 52
#656 0 0000000000015180 034c5c13 r 0000000000000018 0000000000000bd0  srli     x24, x24, 52
#657 0 0000000000015184     85e2 r 000000000000000b 0000000000000bd0  c.mv     x11, x24
#658 0 0000000000015186     854a r 000000000000000a 000000000001e260  c.mv     x10, x18
#659 0 0000000000015188 68f000ef r 0000000000000001 000000000001518c  jal      x1, . + 0xe8e
#660 0 0000000000016016     1101 r 0000000000000002 00000000fffffb10  c.addi   x2, -0x20
#661 0 0000000000016018     e822 m 00000000fffffb20 000000000001eb50  c.sdsp   x8, 0x10
#662 0 000000000001601a     e426 m 00000000fffffb18 0000000000000410  c.sdsp   x9, 0x8
#663 0 000000000001601c     842a r 0000000000000008 000000000001e260  c.mv     x8, x10
#664 0 000000000001601e     852e r 000000000000000a 0000000000000bd0  c.mv     x10, x11
#665 0 0000000000016020     ec06 m 00000000fffffb28 000000000001518c  c.sdsp   x1, 0x18
#666 0 0000000000016022 7801a823 m 000000000001f3d8 0000000000000000  sw       x0, 0x790(x3)
#667 0 0000000000016026 719040ef r 0000000000000001 000000000001602a  jal      x1, . + 0x4f18
#668 0 000000000001af3e 7981b703 r 000000000000000e 0000000000020430  ld       x14, 0x798(x3)
#669 0 000000000001af42     1141 r 0000000000000002 00000000fffffb00  c.addi   x2, -0x10
#670 0 000000000001af44     e406 m 00000000fffffb08 000000000001602a  c.sdsp   x1, 0x8
#671 0 000000000001af46     87aa r 000000000000000f 0000000000000bd0  c.mv     x15, x10
#672 0 000000000001af48     ef01 r 0000000000000000 0000000000000000  c.bnez   x14, . + 0x18
#673 0 000000000001af60 0d600893 r 0000000000000011 00000000000000d6  addi     x17, x0, 214
#674 0 000000000001af64 00e78533 r 000000000000000a 0000000000021000  add      x10, x15, x14
#675 0 000000000001af68 00000073 r 000000000000000a 0000000000021000  ecall    
#676 0 000000000001af6c 7981b703 r 000000000000000e 0000000000020430  ld       x14, 0x798(x3)
#677 0 000000000001af70     97ba r 000000000000000f 0000000000021000  c.add    x15, x14
#678 0 000000000001af72 00f51863 r 0000000000000000 0000000000000000  bne      x10, x15, . + 0x10
#679 0 000000000001af76     60a2 r 0000000000000001 000000000001602a  c.ldsp   x1, 0x8
#680 0 000000000001af78 78a1bc23 m 000000000001f3e0 0000000000021000  sd       x10, 0x798(x3)
#681 0 000000000001af7c     853a r 000000000000000a 0000000000020430  c.mv     x10, x14
#682 0 000000000001af7e     0141 r 0000000000000002 00000000fffffb10  c.addi   x2, 0x10
#683 0 000000000001af80     8082 r 0000000000000000 0000000000000000  c.jr     x1
#684 0 000000000001602a     57fd r 000000000000000f ffffffffffffffff  c.li     x15, -0x1
#685 0 000000000001602c 00f50763 r 0000000000000000 0000000000000000  beq      x10, x15, . + 0xe
#686 0 0000000000016030     60e2 r 0000000000000001 000000000001518c  c.ldsp   x1, 0x18
#687 0 0000000000016032     6442 r 0000000000000008 000000000001eb50  c.ldsp   x8, 0x10
#688 0 0000000000016034     64a2 r 0000000000000009 0000000000000410  c.ldsp   x9, 0x8
#689 0 0000000000016036     6105 r 0000000000000002 00000000fffffb30  c.addi16sp 0x2
#690 0 0000000000016038     8082 r 0000000000000000 0000000000000000  c.jr     x1
#691 0 000000000001518c     57fd r 000000000000000f ffffffffffffffff  c.li     x15, -0x1
#692 0 000000000001518e     4701 r 000000000000000e 0000000000000000  c.li     x14, 0x0
#693 0 0000000000015190 caf509e3 r 0000000000000000 0000000000000000  beq      x10, x15, . - 0x34e
#694 0 0000000000015194 41650533 r 000000000000000a 0000000000000430  sub      x10, x10, x22
#695 0 0000000000015198 000c071b r 000000000000000e 0000000000000bd0  addiw    x14, x24, 0
#696 0 000000000001519c 01850a33 r 0000000000000014 0000000000001000  add      x20, x10, x24
#697 0 00000000000151a0     b14d r 0000000000000000 0000000000000000  c.j      . - 0x35e
#698 0 0000000000014e42 000ba783 r 000000000000000f 0000000000000430  lw       x15, 0x0(x23)
#699 0 0000000000014e46 0169b823 m 000000000001eb60 0000000000020000  sd       x22, 0x10(x19)
#700 0 0000000000014e4a 001a6a13 r 0000000000000014 0000000000001001  ori      x20, x20, 1
#701 0 0000000000014e4e     9fb9 r 000000000000000f 0000000000001000  c.addw   x15, x14
#702 0 0000000000014e50 00fba023 m 000000000001f420 0000000000001000  sw       x15, 0x0(x23)
#703 0 0000000000014e54 014b3423 m 0000000000020008 0000000000001001  sd       x20, 0x8(x22)
#704 0 0000000000014e58 3b340963 r 0000000000000000 0000000000000000  beq      x8, x19, . + 0x3b2
#705 0 000000000001520a     845a r 0000000000000008 0000000000020000  c.mv     x8, x22
#706 0 000000000001520c     b9a5 r 0000000000000000 0000000000000000  c.j      . - 0x388
#707 0 0000000000014e84 7801b683 r 000000000000000d 0000000000000000  ld       x13, 0x780(x3)
#708 0 0000000000014e88 00f6f463 r 0000000000000000 0000000000000000  bgeu     x13, x15, . + 0x8
#709 0 0000000000014e8c 78f1b023 m 000000000001f3c8 0000000000001000  sd       x15, 0x780(x3)
#710 0 0000000000014e90 7781b683 r 000000000000000d 0000000000000000  ld       x13, 0x778(x3)
#711 0 0000000000014e94 24f6fe63 r 0000000000000000 0000000000000000  bgeu     x13, x15, . + 0x25c
#712 0 0000000000014e98 76f1bc23 m 000000000001f3c0 0000000000001000  sd       x15, 0x778(x3)
#713 0 0000000000014e9c     ac91 r 0000000000000000 0000000000000000  c.j      . + 0x254
#714 0 00000000000150f0 ffca7a13 r 0000000000000014 0000000000001000  andi     x20, x20, -4
#715 0 00000000000150f4 409a07b3 r 000000000000000f 0000000000000bf0  sub      x15, x20, x9
#716 0 00000000000150f8 009a6563 r 0000000000000000 0000000000000000  bltu     x20, x9, . + 0xa
#717 0 00000000000150fc     477d r 000000000000000e 000000000000001f  c.li     x14, 0x1f
#718 0 00000000000150fe ecf742e3 r 0000000000000000 0000000000000000  blt      x14, x15, . - 0x13c
#719 0 0000000000014fc2 0014e713 r 000000000000000e 0000000000000411  ori      x14, x9, 1
#720 0 0000000000014fc6     e418 m 0000000000020008 0000000000000411  c.sd     x14, 0x8(x8)
#721 0 0000000000014fc8     94a2 r 0000000000000009 0000000000020410  c.add    x9, x8
#722 0 0000000000014fca 0099b823 m 000000000001eb60 0000000000020410  sd       x9, 0x10(x19)
#723 0 0000000000014fce 0017e793 r 000000000000000f 0000000000000bf1  ori      x15, x15, 1
#724 0 0000000000014fd2     854a r 000000000000000a 000000000001e260  c.mv     x10, x18
#725 0 0000000000014fd4     e49c m 0000000000020418 0000000000000bf1  c.sd     x15, 0x8(x9)
#726 0 0000000000014fd6 3ae000ef r 0000000000000001 0000000000014fda  jal      x1, . + 0x3ae
#727 0 0000000000015384     8082 r 0000000000000000 0000000000000000  c.jr     x1
#728 0 0000000000014fda 01040513 r 000000000000000a 0000000000020010  addi     x10, x8, 16
#729 0 0000000000014fde     b5e1 r 0000000000000000 0000000000000000  c.j      . - 0x138
#730 0 0000000000014ea6     60e6 r 0000000000000001 0000000000014b64  c.ldsp   x1, 0x58
#731 0 0000000000014ea8     6446 r 0000000000000008 000000000001e848  c.ldsp   x8, 0x50
#732 0 0000000000014eaa     64a6 r 0000000000000009 000000000001e260  c.ldsp   x9, 0x48
#733 0 0000000000014eac     6906 r 0000000000000012 0000000000000001  c.ldsp   x18, 0x40
#734 0 0000000000014eae     79e2 r 0000000000000013 0000000000000800  c.ldsp   x19, 0x38
#735 0 0000000000014eb0     7a42 r 0000000000000014 0000000000000400  c.ldsp   x20, 0x30
#736 0 0000000000014eb2     7aa2 r 0000000000000015 0000000000000000  c.ldsp   x21, 0x28
#737 0 0000000000014eb4     7b02 r 0000000000000016 0000000000000000  c.ldsp   x22, 0x20
#738 0 0000000000014eb6     6be2 r 0000000000000017 0000000000000000  c.ldsp   x23, 0x18
#739 0 0000000000014eb8     6c42 r 0000000000000018 0000000000000000  c.ldsp   x24, 0x10
#740 0 0000000000014eba     6ca2 r 0000000000000019 000000000001c430  c.ldsp   x25, 0x8
#741 0 0000000000014ebc     6125 r 0000000000000002 00000000fffffb90  c.addi16sp 0x6
#742 0 0000000000014ebe     8082 r 0000000000000000 0000000000000000  c.jr     x1
#743 0 0000000000014b64 01041783 r 000000000000000f 0000000000002009  lh       x15, 0x10(x8)
#744 0 0000000000014b68     c939 r 0000000000000000 0000000000000000  c.beqz   x10, . + 0x56
#745 0 0000000000014b6a     6749 r 000000000000000e 0000000000012000  c.lui    x14, 0x12
#746 0 0000000000014b6c 2de70713 r 000000000000000e 00000000000122de  addi     x14, x14, 734
#747 0 0000000000014b70     ecb8 m 000000000001e2b8 00000000000122de  c.sd     x14, 0x58(x9)
#748 0 0000000000014b72 0807e793 r 000000000000000f 0000000000002089  ori      x15, x15, 128
#749 0 0000000000014b76 00f41823 m 000000000001e858 0000000000002089  sh       x15, 0x10(x8)
#750 0 0000000000014b7a     e008 m 000000000001e848 0000000000020010  c.sd     x10, 0x0(x8)
#751 0 0000000000014b7c     ec08 m 000000000001e860 0000000000020010  c.sd     x10, 0x18(x8)
#752 0 0000000000014b7e 03442023 m 000000000001e868 0000000000000400  sw       x20, 0x20(x8)
#753 0 0000000000014b82 06091163 r 0000000000000000 0000000000000000  bne      x18, x0, . + 0x62
#754 0 0000000000014be4 01241583 r 000000000000000b 0000000000000001  lh       x11, 0x12(x8)
#755 0 0000000000014be8     8526 r 000000000000000a 000000000001e260  c.mv     x10, x9
#756 0 0000000000014bea 0e9040ef r 0000000000000001 0000000000014bee  jal      x1, . + 0x48e8
#757 0 00000000000194d2     1101 r 0000000000000002 00000000fffffb70  c.addi   x2, -0x20
#758 0 00000000000194d4     e822 m 00000000fffffb80 000000000001e848  c.sdsp   x8, 0x10
#759 0 00000000000194d6     e426 m 00000000fffffb78 000000000001e260  c.sdsp   x9, 0x8
#760 0 00000000000194d8     842a r 0000000000000008 000000000001e260  c.mv     x8, x10
#761 0 00000000000194da     852e r 000000000000000a 0000000000000001  c.mv     x10, x11
#762 0 00000000000194dc     ec06 m 00000000fffffb88 0000000000014bee  c.sdsp   x1, 0x18
#763 0 00000000000194de 7801a823 m 000000000001f3d8 0000000000000000  sw       x0, 0x790(x3)
#764 0 00000000000194e2 1cb010ef r 0000000000000001 00000000000194e6  jal      x1, . + 0x19ca
#765 0 000000000001aeac     7119 r 0000000000000002 00000000fffffaf0  c.addi16sp -0x8
#766 0 000000000001aeae     002c r 000000000000000b 00000000fffffaf8  c.addi4spn  x11, 0x2
#767 0 000000000001aeb0     fc86 m 00000000fffffb68 00000000000194e6  c.sdsp   x1, 0x78
#768 0 000000000001aeb2 fb7ff0ef r 0000000000000001 000000000001aeb6  jal      x1, . - 0x4a
#769 0 000000000001ae68     7135 r 0000000000000002 00000000fffffa50  c.addi16sp -0xa
#770 0 000000000001ae6a     e526 m 00000000fffffad8 000000000001e260  c.sdsp   x9, 0x88
#771 0 000000000001ae6c     ed06 m 00000000fffffae8 000000000001aeb6  c.sdsp   x1, 0x98
#772 0 000000000001ae6e     84ae r 0000000000000009 00000000fffffaf8  c.mv     x9, x11
#773 0 000000000001ae70     e922 m 00000000fffffae0 000000000001e260  c.sdsp   x8, 0x90
#774 0 000000000001ae72 05000893 r 0000000000000011 0000000000000050  addi     x17, x0, 80
#775 0 000000000001ae76     858a r 000000000000000b 00000000fffffa50  c.mv     x11, x2
#776 0 000000000001ae78 00000073 r 000000000000000a 0000000000000000  ecall    
#777 0 000000000001ae7c     842a r 0000000000000008 0000000000000000  c.mv     x8, x10
#778 0 000000000001ae7e 00054e63 r 0000000000000000 0000000000000000  blt      x10, x0, . + 0x1c
#779 0 000000000001ae82 0005041b r 0000000000000008 0000000000000000  addiw    x8, x10, 0
#780 0 000000000001ae86     8526 r 000000000000000a 00000000fffffaf8  c.mv     x10, x9
#781 0 000000000001ae88     858a r 000000000000000b 00000000fffffa50  c.mv     x11, x2
#782 0 000000000001ae8a 134000ef r 0000000000000001 000000000001ae8e  jal      x1, . + 0x134
#783 0 000000000001afbe 0005b383 r 0000000000000007 0000000000000015  ld       x7, 0x0(x11)
#784 0 000000000001afc2 0085b283 r 0000000000000005 000000000000000b  ld       x5, 0x8(x11)
#785 0 000000000001afc6 0105af83 r 000000000000001f 0000000000002190  lw       x31, 0x10(x11)
#786 0 000000000001afca 0145af03 r 000000000000001e 0000000000000001  lw       x30, 0x14(x11)
#787 0 000000000001afce 0185ae83 r 000000000000001d 00000000000003e8  lw       x29, 0x18(x11)
#788 0 000000000001afd2 01c5ae03 r 000000000000001c 0000000000000005  lw       x28, 0x1c(x11)
#789 0 000000000001afd6 0205b303 r 0000000000000006 0000000000008808  ld       x6, 0x20(x11)
#790 0 000000000001afda 0305b883 r 0000000000000011 0000000000000000  ld       x17, 0x30(x11)
#791 0 000000000001afde 0405b803 r 0000000000000010 0000000000000000  ld       x16, 0x40(x11)
#792 0 000000000001afe2     5d90 r 000000000000000c 0000000000000400  c.lw     x12, 0x38(x11)
#793 0 000000000001afe4     65b4 r 000000000000000d 0000000062a18140  c.ld     x13, 0x48(x11)
#794 0 000000000001afe6     6db8 r 000000000000000e 0000000062a18140  c.ld     x14, 0x58(x11)
#795 0 000000000001afe8     75bc r 000000000000000f 0000000062a180a5  c.ld     x15, 0x68(x11)
#796 0 000000000001afea 00751023 m 00000000fffffaf8 0000000000000015  sh       x7, 0x0(x10)
#797 0 000000000001afee 00551123 m 00000000fffffafa 000000000000000b  sh       x5, 0x2(x10)
#798 0 000000000001aff2 01f52223 m 00000000fffffafc 0000000000002190  sw       x31, 0x4(x10)
#799 0 000000000001aff6 01e51423 m 00000000fffffb00 0000000000000001  sh       x30, 0x8(x10)
#800 0 000000000001affa 01d51523 m 00000000fffffb02 00000000000003e8  sh       x29, 0xa(x10)
#801 0 000000000001affe 01c51623 m 00000000fffffb04 0000000000000005  sh       x28, 0xc(x10)
#802 0 000000000001b002 00651723 m 00000000fffffb06 0000000000008808  sh       x6, 0xe(x10)
#803 0 000000000001b006 01153823 m 00000000fffffb08 0000000000000000  sd       x17, 0x10(x10)
#804 0 000000000001b00a 05053823 m 00000000fffffb48 0000000000000000  sd       x16, 0x50(x10)
#805 0 000000000001b00e     e530 m 00000000fffffb40 0000000000000400  c.sd     x12, 0x48(x10)
#806 0 000000000001b010     ed14 m 00000000fffffb10 0000000062a18140  c.sd     x13, 0x18(x10)
#807 0 000000000001b012     f518 m 00000000fffffb20 0000000062a18140  c.sd     x14, 0x28(x10)
#808 0 000000000001b014     fd1c m 00000000fffffb30 0000000062a180a5  c.sd     x15, 0x38(x10)
#809 0 000000000001b016     8082 r 0000000000000000 0000000000000000  c.jr     x1
#810 0 000000000001ae8e     60ea r 0000000000000001 000000000001aeb6  c.ldsp   x1, 0x98
#811 0 000000000001ae90     8522 r 000000000000000a 0000000000000000  c.mv     x10, x8
#812 0 000000000001ae92     644a r 0000000000000008 000000000001e260  c.ldsp   x8, 0x90
#813 0 000000000001ae94     64aa r 0000000000000009 000000000001e260  c.ldsp   x9, 0x88
#814 0 000000000001ae96     610d r 0000000000000002 00000000fffffaf0  c.addi16sp 0xa
#815 0 000000000001ae98     8082 r 0000000000000000 0000000000000000  c.jr     x1
#816 0 000000000001aeb6     57fd r 000000000000000f ffffffffffffffff  c.li     x15, -0x1
#817 0 000000000001aeb8 00f50963 r 0000000000000000 0000000000000000  beq      x10, x15, . + 0x12
#818 0 000000000001aebc     4532 r 000000000000000a 0000000000002190  c.lwsp   x10, 0xc
#819 0 000000000001aebe     70e6 r 0000000000000001 00000000000194e6  c.ldsp   x1, 0x78
#820 0 000000000001aec0 40d5551b r 000000000000000a 0000000000000001  sraiw    x10, x10, 13
#821 0 000000000001aec4     8905 r 000000000000000a 0000000000000001  c.andi   x10, 0x1
#822 0 000000000001aec6     6109 r 0000000000000002 00000000fffffb70  c.addi16sp 0x8
#823 0 000000000001aec8     8082 r 0000000000000000 0000000000000000  c.jr     x1
#824 0 00000000000194e6     57fd r 000000000000000f ffffffffffffffff  c.li     x15, -0x1
#825 0 00000000000194e8 00f50763 r 0000000000000000 0000000000000000  beq      x10, x15, . + 0xe
#826 0 00000000000194ec     60e2 r 0000000000000001 0000000000014bee  c.ldsp   x1, 0x18
#827 0 00000000000194ee     6442 r 0000000000000008 000000000001e848  c.ldsp   x8, 0x10
#828 0 00000000000194f0     64a2 r 0000000000000009 000000000001e260  c.ldsp   x9, 0x8
#829 0 00000000000194f2     6105 r 0000000000000002 00000000fffffb90  c.addi16sp 0x2
#830 0 00000000000194f4     8082 r 0000000000000000 0000000000000000  c.jr     x1
#831 0 0000000000014bee     e501 r 0000000000000000 0000000000000000  c.bnez   x10, . + 0x8
#832 0 0000000000014bf6 01045783 r 000000000000000f 0000000000002089  lhu      x15, 0x10(x8)
#833 0 0000000000014bfa     9bf1 r 000000000000000f 0000000000002088  c.andi   x15, -0x4
#834 0 0000000000014bfc 0017e793 r 000000000000000f 0000000000002089  ori      x15, x15, 1
#835 0 0000000000014c00 0107979b r 000000000000000f 0000000020890000  slliw    x15, x15, 16
#836 0 0000000000014c04 4107d79b r 000000000000000f 0000000000002089  sraiw    x15, x15, 16
#837 0 0000000000014c08     bfbd r 0000000000000000 0000000000000000  c.j      . - 0x82
#838 0 0000000000014b86 0137e7b3 r 000000000000000f 0000000000002889  or       x15, x15, x19
#839 0 0000000000014b8a     60ea r 0000000000000001 0000000000011fc0  c.ldsp   x1, 0x98
#840 0 0000000000014b8c 00f41823 m 000000000001e858 0000000000002889  sh       x15, 0x10(x8)
#841 0 0000000000014b90     644a r 0000000000000008 000000000001e848  c.ldsp   x8, 0x90
#842 0 0000000000014b92     64aa r 0000000000000009 000000000001e260  c.ldsp   x9, 0x88
#843 0 0000000000014b94     690a r 0000000000000012 000000000001e848  c.ldsp   x18, 0x80
#844 0 0000000000014b96     79e6 r 0000000000000013 0000000000000000  c.ldsp   x19, 0x78
#845 0 0000000000014b98     7a46 r 0000000000000014 000000000001e260  c.ldsp   x20, 0x70
#846 0 0000000000014b9a     610d r 0000000000000002 00000000fffffc30  c.addi16sp 0xa
#847 0 0000000000014b9c     8082 r 0000000000000000 0000000000000000  c.jr     x1
#848 0 0000000000011fc0 01041703 r 000000000000000e 0000000000002889  lh       x14, 0x10(x8)
#849 0 0000000000011fc4     6c14 r 000000000000000d 0000000000020010  c.ld     x13, 0x18(x8)
#850 0 0000000000011fc6 03071793 r 000000000000000f 2889000000000000  slli     x15, x14, 48
#851 0 0000000000011fca     93c1 r 000000000000000f 0000000000002889  c.srli   x15, 0x30
#852 0 0000000000011fcc     b7b5 r 0000000000000000 0000000000000000  c.j      . - 0x94
#853 0 0000000000011f38 0017f613 r 000000000000000c 0000000000000001  andi     x12, x15, 1
#854 0 0000000000011f3c     ce11 r 0000000000000000 0000000000000000  c.beqz   x12, . + 0x1c
#855 0 0000000000011f3e     5010 r 000000000000000c 0000000000000400  c.lw     x12, 0x20(x8)
#856 0 0000000000011f40 00042623 m 000000000001e854 0000000000000000  sw       x0, 0xc(x8)
#857 0 0000000000011f44     4501 r 000000000000000a 0000000000000000  c.li     x10, 0x0
#858 0 0000000000011f46 40c0063b r 000000000000000c fffffffffffffc00  subw     x12, x0, x12
#859 0 0000000000011f4a     d410 m 000000000001e870 00000000fffffc00  c.sw     x12, 0x28(x8)
#860 0 0000000000011f4c     ce91 r 0000000000000000 0000000000000000  c.beqz   x13, . + 0x1c
#861 0 0000000000011f4e     60e2 r 0000000000000001 0000000000010626  c.ldsp   x1, 0x18
#862 0 0000000000011f50     6442 r 0000000000000008 00000000ffffff50  c.ldsp   x8, 0x10
#863 0 0000000000011f52     64a2 r 0000000000000009 0000000000000000  c.ldsp   x9, 0x8
#864 0 0000000000011f54     6105 r 0000000000000002 00000000fffffc50  c.addi16sp 0x2
#865 0 0000000000011f56     8082 r 0000000000000000 0000000000000000  c.jr     x1
#866 0 0000000000010626     c119 r 0000000000000000 0000000000000000  c.beqz   x10, . + 0x6
#867 0 000000000001062c 01095783 r 000000000000000f 0000000000002889  lhu      x15, 0x10(x18)
#868 0 0000000000010630     4729 r 000000000000000e 000000000000000a  c.li     x14, 0xa
#869 0 0000000000010632     8be9 r 000000000000000f 0000000000000008  c.andi   x15, 0x1a
#870 0 0000000000010634 d8e795e3 r 0000000000000000 0000000000000000  bne      x15, x14, . - 0x276
#871 0 00000000000103be     67f1 r 000000000000000f 000000000001c000  c.lui    x15, 0x1c
#872 0 00000000000103c0 6587b783 r 000000000000000f 3ffc000000000000  ld       x15, 0x658(x15)
#873 0 00000000000103c4 19010b13 r 0000000000000016 00000000fffffde0  addi     x22, x2, 400
#874 0 00000000000103c8     ea5a m 00000000fffffd60 00000000fffffde0  c.sdsp   x22, 0x110
#875 0 00000000000103ca     ed3e m 00000000fffffce8 3ffc000000000000  c.sdsp   x15, 0x98
#876 0 00000000000103cc     67f1 r 000000000000000f 000000000001c000  c.lui    x15, 0x1c
#877 0 00000000000103ce 6387b783 r 000000000000000f 4003000000000000  ld       x15, 0x638(x15)
#878 0 00000000000103d2     f202 m 00000000fffffd70 0000000000000000  c.sdsp   x0, 0x120
#879 0 00000000000103d4 10012c23 m 00000000fffffd68 0000000000000000  sw       x0, 0x118(x2)
#880 0 00000000000103d8     e93e m 00000000fffffce0 4003000000000000  c.sdsp   x15, 0x90
#881 0 00000000000103da     67f1 r 000000000000000f 000000000001c000  c.lui    x15, 0x1c
#882 0 00000000000103dc 6487b783 r 000000000000000f 3ffe000000000000  ld       x15, 0x648(x15)
#883 0 00000000000103e0     f002 m 00000000fffffc70 0000000000000000  c.sdsp   x0, 0x20
#884 0 00000000000103e2     f402 m 00000000fffffc78 0000000000000000  c.sdsp   x0, 0x28
#885 0 00000000000103e4     f13e m 00000000fffffcf0 3ffe000000000000  c.sdsp   x15, 0xa0
#886 0 00000000000103e6 000cc783 r 000000000000000f 0000000000000069  lbu      x15, 0x0(x25)
#887 0 00000000000103ea     fc82 m 00000000fffffcc8 0000000000000000  c.sdsp   x0, 0x78
#888 0 00000000000103ec     f082 m 00000000fffffcb0 0000000000000000  c.sdsp   x0, 0x60
#889 0 00000000000103ee     e102 m 00000000fffffcd0 0000000000000000  c.sdsp   x0, 0x80
#890 0 00000000000103f0     e502 m 00000000fffffcd8 0000000000000000  c.sdsp   x0, 0x88
#891 0 00000000000103f2     e402 m 00000000fffffc58 0000000000000000  c.sdsp   x0, 0x8
#892 0 00000000000103f4     835a r 0000000000000006 00000000fffffde0  c.mv     x6, x22
#893 0 00000000000103f6 1c078563 r 0000000000000000 0000000000000000  beq      x15, x0, . + 0x1ca
#894 0 00000000000103fa     8466 r 0000000000000008 000000000001c430  c.mv     x8, x25
#895 0 00000000000103fc 02500713 r 000000000000000e 0000000000000025  addi     x14, x0, 37
#896 0 0000000000010400 30e78363 r 0000000000000000 0000000000000000  beq      x15, x14, . + 0x306
#897 0 0000000000010404 00144783 r 000000000000000f 0000000000000020  lbu      x15, 0x1(x8)
#898 0 0000000000010408     0405 r 0000000000000008 000000000001c431  c.addi   x8, 0x1
#899 0 000000000001040a     fbfd r 0000000000000000 0000000000000000  c.bnez   x15, . - 0xa
#900 0 0000000000010400 30e78363 r 0000000000000000 0000000000000000  beq      x15, x14, . + 0x306
#901 0 0000000000010404 00144783 r 000000000000000f 000000000000003d  lbu      x15, 0x1(x8)
#902 0 0000000000010408     0405 r 0000000000000008 000000000001c432  c.addi   x8, 0x1
#903 0 000000000001040a     fbfd r 0000000000000000 0000000000000000  c.bnez   x15, . - 0xa
#904 0 0000000000010400 30e78363 r 0000000000000000 0000000000000000  beq      x15, x14, . + 0x306
#905 0 0000000000010404 00144783 r 000000000000000f 0000000000000020  lbu      x15, 0x1(x8)
#906 0 0000000000010408     0405 r 0000000000000008 000000000001c433  c.addi   x8, 0x1
#907 0 000000000001040a     fbfd r 0000000000000000 0000000000000000  c.bnez   x15, . - 0xa
#908 0 0000000000010400 30e78363 r 0000000000000000 0000000000000000  beq      x15, x14, . + 0x306
#909 0 0000000000010404 00144783 r 000000000000000f 0000000000000025  lbu      x15, 0x1(x8)
#910 0 0000000000010408     0405 r 0000000000000008 000000000001c434  c.addi   x8, 0x1
#911 0 000000000001040a     fbfd r 0000000000000000 0000000000000000  c.bnez   x15, . - 0xa
#912 0 0000000000010400 30e78363 r 0000000000000000 0000000000000000  beq      x15, x14, . + 0x306
#913 0 0000000000010706 419404bb r 0000000000000009 0000000000000004  subw     x9, x8, x25
#914 0 000000000001070a d00495e3 r 0000000000000000 0000000000000000  bne      x9, x0, . - 0x2f6
#915 0 0000000000010414     7712 r 000000000000000e 0000000000000000  c.ldsp   x14, 0x120
#916 0 0000000000010416 11812783 r 000000000000000f 0000000000000000  lw       x15, 0x118(x2)
#917 0 000000000001041a 01933023 m 00000000fffffde0 000000000001c430  sd       x25, 0x0(x6)
#918 0 000000000001041e     9726 r 000000000000000e 0000000000000004  c.add    x14, x9
#919 0 0000000000010420     2785 r 000000000000000f 0000000000000001  c.addiw  x15, 0x1
#920 0 0000000000010422 00933423 m 00000000fffffde8 0000000000000004  sd       x9, 0x8(x6)
#921 0 0000000000010426     f23a m 00000000fffffd70 0000000000000004  c.sdsp   x14, 0x120
#922 0 0000000000010428 10f12c23 m 00000000fffffd68 0000000000000001  sw       x15, 0x118(x2)
#923 0 000000000001042c 0007871b r 000000000000000e 0000000000000001  addiw    x14, x15, 0
#924 0 0000000000010430     479d r 000000000000000f 0000000000000007  c.li     x15, 0x7
#925 0 0000000000010432     0341 r 0000000000000006 00000000fffffdf0  c.addi   x6, 0x10
#926 0 0000000000010434 2ee7c063 r 0000000000000000 0000000000000000  blt      x15, x14, . + 0x2e0
#927 0 0000000000010438     6722 r 000000000000000e 0000000000000000  c.ldsp   x14, 0x8
#928 0 000000000001043a 00044783 r 000000000000000f 0000000000000025  lbu      x15, 0x0(x8)
#929 0 000000000001043e     9f25 r 000000000000000e 0000000000000004  c.addw   x14, x9
#930 0 0000000000010440     e43a m 00000000fffffc58 0000000000000004  c.sdsp   x14, 0x8
#931 0 0000000000010442 16078f63 r 0000000000000000 0000000000000000  beq      x15, x0, . + 0x17e
#932 0 0000000000010446     67f1 r 000000000000000f 000000000001c000  c.lui    x15, 0x1c
#933 0 0000000000010448 00144e03 r 000000000000001c 0000000000000064  lbu      x28, 0x1(x8)
#934 0 000000000001044c 0c010fa3 m 00000000fffffd2f 0000000000000000  sb       x0, 0xdf(x2)
#935 0 0000000000010450     0405 r 0000000000000008 000000000001c435  c.addi   x8, 0x1
#936 0 0000000000010452     5c7d r 0000000000000018 ffffffffffffffff  c.li     x24, -0x1
#937 0 0000000000010454     4a81 r 0000000000000015 0000000000000000  c.li     x21, 0x0
#938 0 0000000000010456     4481 r 0000000000000009 0000000000000000  c.li     x9, 0x0
#939 0 0000000000010458 05a00993 r 0000000000000013 000000000000005a  addi     x19, x0, 90
#940 0 000000000001045c 49878b93 r 0000000000000017 000000000001c498  addi     x23, x15, 1176
#941 0 0000000000010460     4da5 r 000000000000001b 0000000000000009  c.li     x27, 0x9
#942 0 0000000000010462     0405 r 0000000000000008 000000000001c436  c.addi   x8, 0x1
#943 0 0000000000010464 000e0d1b r 000000000000001a 0000000000000064  addiw    x26, x28, 0
#944 0 0000000000010468 02a00613 r 000000000000000c 000000000000002a  addi     x12, x0, 42
#945 0 000000000001046c fe0d079b r 000000000000000f 0000000000000044  addiw    x15, x26, -32
#946 0 0000000000010470 0007871b r 000000000000000e 0000000000000044  addiw    x14, x15, 0
#947 0 0000000000010474 04e9e363 r 0000000000000000 0000000000000000  bltu     x19, x14, . + 0x46
#948 0 0000000000010478 02079713 r 000000000000000e 0000004400000000  slli     x14, x15, 32
#949 0 000000000001047c 01e75793 r 000000000000000f 0000000000000110  srli     x15, x14, 30
#950 0 0000000000010480     97de r 000000000000000f 000000000001c5a8  c.add    x15, x23
#951 0 0000000000010482     439c r 000000000000000f 0000000000010656  c.lw     x15, 0x0(x15)
#952 0 0000000000010484     8782 r 0000000000000000 0000000000000000  c.jr     x15
#953 0 0000000000010656     66c2 r 000000000000000d 00000000fffffef8  c.ldsp   x13, 0x10
#954 0 0000000000010658 0204f793 r 000000000000000f 0000000000000000  andi     x15, x9, 32
#955 0 000000000001065c 00868713 r 000000000000000e 00000000ffffff00  addi     x14, x13, 8
#956 0 0000000000010660 3c078163 r 0000000000000000 0000000000000000  beq      x15, x0, . + 0x3c2
#957 0 0000000000010a22 0104f793 r 000000000000000f 0000000000000000  andi     x15, x9, 16
#958 0 0000000000010a26 7e079f63 r 0000000000000000 0000000000000000  bne      x15, x0, . + 0x7fe
#959 0 0000000000010a2a 0404f793 r 000000000000000f 0000000000000000  andi     x15, x9, 64
#960 0 0000000000010a2e 380788e3 r 0000000000000000 0000000000000000  beq      x15, x0, . + 0xb90
#961 0 00000000000115be 2004f793 r 000000000000000f 0000000000000000  andi     x15, x9, 512
#962 0 00000000000115c2 24078163 r 0000000000000000 0000000000000000  beq      x15, x0, . + 0x242
#963 0 0000000000011804     67c2 r 000000000000000f 00000000fffffef8  c.ldsp   x15, 0x10
#964 0 0000000000011806 0007a983 r 0000000000000013 0000000000000000  lw       x19, 0x0(x15)
#965 0 000000000001180a     87ce r 000000000000000f 0000000000000000  c.mv     x15, x19
#966 0 000000000001180c e5dfe06f r 0000000000000000 0000000000000000  j        . - 0x11a4
#967 0 0000000000010668 3c07cb63 r 0000000000000000 0000000000000000  blt      x15, x0, . + 0x3d6
#968 0 000000000001066c     57fd r 000000000000000f ffffffffffffffff  c.li     x15, -0x1
#969 0 000000000001066e 3efc00e3 r 0000000000000000 0000000000000000  beq      x24, x15, . + 0xbe0
#970 0 000000000001124e     e83a m 00000000fffffc60 00000000ffffff00  c.sdsp   x14, 0x10
#971 0 0000000000011250     47a5 r 000000000000000f 0000000000000009  c.li     x15, 0x9
#972 0 0000000000011252     8da6 r 000000000000001b 0000000000000000  c.mv     x27, x9
#973 0 0000000000011254 cb37f8e3 r 0000000000000000 0000000000000000  bgeu     x15, x19, . - 0x350
#974 0 0000000000010f04 0309899b r 0000000000000013 0000000000000030  addiw    x19, x19, 48
#975 0 0000000000010f08 193105a3 m 00000000fffffddb 0000000000000030  sb       x19, 0x18b(x2)
#976 0 0000000000010f0c     84ee r 0000000000000009 0000000000000000  c.mv     x9, x27
#977 0 0000000000010f0e     4b85 r 0000000000000017 0000000000000001  c.li     x23, 0x1
#978 0 0000000000010f10 18b10c93 r 0000000000000019 00000000fffffddb  addi     x25, x2, 395
#979 0 0000000000010f14 f7aff06f r 0000000000000000 0000000000000000  j        . - 0x886
#980 0 000000000001068e 0df14783 r 000000000000000f 0000000000000000  lbu      x15, 0xdf(x2)
#981 0 0000000000010692 000b899b r 0000000000000013 0000000000000001  addiw    x19, x23, 0
#982 0 0000000000010696 018bd463 r 0000000000000000 0000000000000000  bge      x23, x24, . + 0x8
#983 0 000000000001069e     ec02 m 00000000fffffc68 0000000000000000  c.sdsp   x0, 0x18
#984 0 00000000000106a0     e482 m 00000000fffffc98 0000000000000000  c.sdsp   x0, 0x48
#985 0 00000000000106a2     ec82 m 00000000fffffca8 0000000000000000  c.sdsp   x0, 0x58
#986 0 00000000000106a4     e882 m 00000000fffffca0 0000000000000000  c.sdsp   x0, 0x50
#987 0 00000000000106a6 e20789e3 r 0000000000000000 0000000000000000  beq      x15, x0, . - 0x1ce
#988 0 00000000000104d8 0024f293 r 0000000000000005 0000000000000000  andi     x5, x9, 2
#989 0 00000000000104dc 00028363 r 0000000000000000 0000000000000000  beq      x5, x0, . + 0x6
#990 0 00000000000104e2 0844fd93 r 000000000000001b 0000000000000000  andi     x27, x9, 132
#991 0 00000000000104e6     7792 r 000000000000000f 0000000000000004  c.ldsp   x15, 0x120
#992 0 00000000000104e8 000d9663 r 0000000000000000 0000000000000000  bne      x27, x0, . + 0xc
#993 0 00000000000104ec 413a86bb r 000000000000000d ffffffffffffffff  subw     x13, x21, x19
#994 0 00000000000104f0 22d044e3 r 0000000000000000 0000000000000000  blt      x0, x13, . + 0xa28
#995 0 00000000000104f4 0df14703 r 000000000000000e 0000000000000000  lbu      x14, 0xdf(x2)
#996 0 00000000000104f8     c70d r 0000000000000000 0000000000000000  c.beqz   x14, . + 0x2a
#997 0 0000000000010522 02028563 r 0000000000000000 0000000000000000  beq      x5, x0, . + 0x2a
#998 0 000000000001054c 08000713 r 000000000000000e 0000000000000080  addi     x14, x0, 128
#999 0 0000000000010550 06ed8ae3 r 0000000000000000 0000000000000000  beq      x27, x14, . + 0x874
#1000 0 0000000000010554 417c0c3b r 0000000000000018 fffffffffffffffe  subw     x24, x24, x23
#1001 0 0000000000010558 0f804ee3 r 0000000000000000 0000000000000000  blt      x0, x24, . + 0x8fc
#1002 0 000000000001055c 1004f713 r 000000000000000e 0000000000000000  andi     x14, x9, 256
#1003 0 0000000000010560 78071b63 r 0000000000000000 0000000000000000  bne      x14, x0, . + 0x796
#1004 0 0000000000010564 11812703 r 000000000000000e 0000000000000001  lw       x14, 0x118(x2)
#1005 0 0000000000010568     97de r 000000000000000f 0000000000000005  c.add    x15, x23
#1006 0 000000000001056a 01933023 m 00000000fffffdf0 00000000fffffddb  sd       x25, 0x0(x6)
#1007 0 000000000001056e 0017069b r 000000000000000d 0000000000000002  addiw    x13, x14, 1
#1008 0 0000000000010572     8736 r 000000000000000e 0000000000000002  c.mv     x14, x13
#1009 0 0000000000010574 01733423 m 00000000fffffdf8 0000000000000001  sd       x23, 0x8(x6)
#1010 0 0000000000010578 10e12c23 m 00000000fffffd68 0000000000000002  sw       x14, 0x118(x2)
#1011 0 000000000001057c     f23e m 00000000fffffd70 0000000000000005  c.sdsp   x15, 0x120
#1012 0 000000000001057e     471d r 000000000000000e 0000000000000007  c.li     x14, 0x7
#1013 0 0000000000010580 46d74863 r 0000000000000000 0000000000000000  blt      x14, x13, . + 0x470
#1014 0 0000000000010584     0341 r 0000000000000006 00000000fffffe00  c.addi   x6, 0x10
#1015 0 0000000000010586     8891 r 0000000000000009 0000000000000000  c.andi   x9, 0x4
#1016 0 0000000000010588     c489 r 0000000000000000 0000000000000000  c.beqz   x9, . + 0xa
#1017 0 0000000000010592     8756 r 000000000000000e 0000000000000000  c.mv     x14, x21
#1018 0 0000000000010594 013ad363 r 0000000000000000 0000000000000000  bge      x21, x19, . + 0x6
#1019 0 0000000000010598     874e r 000000000000000e 0000000000000001  c.mv     x14, x19
#1020 0 000000000001059a     66a2 r 000000000000000d 0000000000000004  c.ldsp   x13, 0x8
#1021 0 000000000001059c     9f35 r 000000000000000e 0000000000000005  c.addw   x14, x13
#1022 0 000000000001059e     e43a m 00000000fffffc58 0000000000000005  c.sdsp   x14, 0x8
#1023 0 00000000000105a0 12079be3 r 0000000000000000 0000000000000000  bne      x15, x0, . + 0x936
#1024 0 0000000000010ed6     0a10 r 000000000000000c 00000000fffffd60  c.addi4spn  x12, 0x44
#1025 0 0000000000010ed8     85ca r 000000000000000b 000000000001e848  c.mv     x11, x18
#1026 0 0000000000010eda     8552 r 000000000000000a 000000000001e260  c.mv     x10, x20
#1027 0 0000000000010edc 18c070ef r 0000000000000001 0000000000010ee0  jal      x1, . + 0x718c
#1028 0 0000000000018068     6a18 r 000000000000000e 0000000000000005  c.ld     x14, 0x10(x12)
#1029 0 000000000001806a     c311 r 0000000000000000 0000000000000000  c.beqz   x14, . + 0x4
#1030 0 000000000001806c     bfa1 r 0000000000000000 0000000000000000  c.j      . - 0xa8
#1031 0 0000000000017fc4 0ac5a783 r 000000000000000f 0000000000000000  lw       x15, 0xac(x11)
#1032 0 0000000000017fc8     715d r 0000000000000002 00000000fffffc00  c.addi16sp -0x5
#1033 0 0000000000017fca     6709 r 000000000000000e 0000000000002000  c.lui    x14, 0x2
#1034 0 0000000000017fcc     ec56 m 00000000fffffc18 0000000000000000  c.sdsp   x21, 0x18
#1035 0 0000000000017fce     e486 m 00000000fffffc48 0000000000010ee0  c.sdsp   x1, 0x48
#1036 0 0000000000017fd0     e0a2 m 00000000fffffc40 000000000001c436  c.sdsp   x8, 0x40
#1037 0 0000000000017fd2     fc26 m 00000000fffffc38 0000000000000000  c.sdsp   x9, 0x38
#1038 0 0000000000017fd4     f84a m 00000000fffffc30 000000000001e848  c.sdsp   x18, 0x30
#1039 0 0000000000017fd6     f44e m 00000000fffffc28 0000000000000001  c.sdsp   x19, 0x28
#1040 0 0000000000017fd8     f052 m 00000000fffffc20 000000000001e260  c.sdsp   x20, 0x20
#1041 0 0000000000017fda     e85a m 00000000fffffc10 00000000fffffde0  c.sdsp   x22, 0x10
#1042 0 0000000000017fdc     e45e m 00000000fffffc08 0000000000000001  c.sdsp   x23, 0x8
#1043 0 0000000000017fde     8ff9 r 000000000000000f 0000000000000000  c.and    x15, x14
#1044 0 0000000000017fe0     8ab2 r 0000000000000015 00000000fffffd60  c.mv     x21, x12
#1045 0 0000000000017fe2     c3c1 r 0000000000000000 0000000000000000  c.beqz   x15, . + 0x80
#1046 0 0000000000018062 146010ef r 0000000000000001 0000000000018066  jal      x1, . + 0x1146
#1047 0 00000000000191a8     6a1c r 000000000000000f 0000000000000005  c.ld     x15, 0x10(x12)
#1048 0 00000000000191aa 1a078c63 r 0000000000000000 0000000000000000  beq      x15, x0, . + 0x1b8
#1049 0 00000000000191ae 0105d783 r 000000000000000f 0000000000002889  lhu      x15, 0x10(x11)
#1050 0 00000000000191b2     711d r 0000000000000002 00000000fffffba0  c.addi16sp -0x6
#1051 0 00000000000191b4     e8a2 m 00000000fffffbf0 000000000001c436  c.sdsp   x8, 0x50
#1052 0 00000000000191b6     f852 m 00000000fffffbd0 000000000001e260  c.sdsp   x20, 0x30
#1053 0 00000000000191b8     f456 m 00000000fffffbc8 00000000fffffd60  c.sdsp   x21, 0x28
#1054 0 00000000000191ba     ec86 m 00000000fffffbf8 0000000000018066  c.sdsp   x1, 0x58
#1055 0 00000000000191bc     e4a6 m 00000000fffffbe8 0000000000000000  c.sdsp   x9, 0x48
#1056 0 00000000000191be     e0ca m 00000000fffffbe0 000000000001e848  c.sdsp   x18, 0x40
#1057 0 00000000000191c0     fc4e m 00000000fffffbd8 0000000000000001  c.sdsp   x19, 0x38
#1058 0 00000000000191c2     f05a m 00000000fffffbc0 00000000fffffde0  c.sdsp   x22, 0x20
#1059 0 00000000000191c4     ec5e m 00000000fffffbb8 0000000000000001  c.sdsp   x23, 0x18
#1060 0 00000000000191c6     e862 m 00000000fffffbb0 fffffffffffffffe  c.sdsp   x24, 0x10
#1061 0 00000000000191c8     e466 m 00000000fffffba8 00000000fffffddb  c.sdsp   x25, 0x8
#1062 0 00000000000191ca     e06a m 00000000fffffba0 0000000000000064  c.sdsp   x26, 0x0
#1063 0 00000000000191cc 0087f713 r 000000000000000e 0000000000000008  andi     x14, x15, 8
#1064 0 00000000000191d0     8a32 r 0000000000000014 00000000fffffd60  c.mv     x20, x12
#1065 0 00000000000191d2     8aaa r 0000000000000015 000000000001e260  c.mv     x21, x10
#1066 0 00000000000191d4     842e r 0000000000000008 000000000001e848  c.mv     x8, x11
#1067 0 00000000000191d6     c325 r 0000000000000000 0000000000000000  c.beqz   x14, . + 0x60
#1068 0 00000000000191d8     6d98 r 000000000000000e 0000000000020010  c.ld     x14, 0x18(x11)
#1069 0 00000000000191da     cf31 r 0000000000000000 0000000000000000  c.beqz   x14, . + 0x5c
#1070 0 00000000000191dc 0027f713 r 000000000000000e 0000000000000000  andi     x14, x15, 2
#1071 0 00000000000191e0 000a3903 r 0000000000000012 00000000fffffde0  ld       x18, 0x0(x20)
#1072 0 00000000000191e4     c735 r 0000000000000000 0000000000000000  c.beqz   x14, . + 0x6c
#1073 0 0000000000019250 0017f713 r 000000000000000e 0000000000000001  andi     x14, x15, 1
#1074 0 0000000000019254     eb35 r 0000000000000000 0000000000000000  c.bnez   x14, . + 0x74
#1075 0 00000000000192c8     4981 r 0000000000000013 0000000000000000  c.li     x19, 0x0
#1076 0 00000000000192ca     4501 r 000000000000000a 0000000000000000  c.li     x10, 0x0
#1077 0 00000000000192cc     4c81 r 0000000000000019 0000000000000000  c.li     x25, 0x0
#1078 0 00000000000192ce     4c01 r 0000000000000018 0000000000000000  c.li     x24, 0x0
#1079 0 00000000000192d0 080c0b63 r 0000000000000000 0000000000000000  beq      x24, x0, . + 0x96
#1080 0 0000000000019366 00893c03 r 0000000000000018 0000000000000004  ld       x24, 0x8(x18)
#1081 0 000000000001936a 00093c83 r 0000000000000019 000000000001c430  ld       x25, 0x0(x18)
#1082 0 000000000001936e     0941 r 0000000000000012 00000000fffffdf0  c.addi   x18, 0x10
#1083 0 0000000000019370 fe0c0be3 r 0000000000000000 0000000000000000  beq      x24, x0, . - 0xa
#1084 0 0000000000019374     8662 r 000000000000000c 0000000000000004  c.mv     x12, x24
#1085 0 0000000000019376     45a9 r 000000000000000b 000000000000000a  c.li     x11, 0xa
#1086 0 0000000000019378     8566 r 000000000000000a 000000000001c430  c.mv     x10, x25
#1087 0 000000000001937a f7bfb0ef r 0000000000000001 000000000001937e  jal      x1, . - 0x4086
#1088 0 00000000000152f4 00757793 r 000000000000000f 0000000000000000  andi     x15, x10, 7
#1089 0 00000000000152f8 0ff5f693 r 000000000000000d 000000000000000a  andi     x13, x11, 255
#1090 0 00000000000152fc     c395 r 0000000000000000 0000000000000000  c.beqz   x15, . + 0x24
#1091 0 0000000000015320     87b2 r 000000000000000f 0000000000000004  c.mv     x15, x12
#1092 0 0000000000015322     471d r 000000000000000e 0000000000000007  c.li     x14, 0x7
#1093 0 0000000000015324 00f76f63 r 0000000000000000 0000000000000000  bltu     x14, x15, . + 0x1e
#1094 0 0000000000015328     e399 r 0000000000000000 0000000000000000  c.bnez   x15, . + 0x6
#1095 0 000000000001532e     97aa r 000000000000000f 000000000001c434  c.add    x15, x10
#1096 0 0000000000015330     a021 r 0000000000000000 0000000000000000  c.j      . + 0x8
#1097 0 0000000000015338 00054703 r 000000000000000e 0000000000000069  lbu      x14, 0x0(x10)
#1098 0 000000000001533c fed71be3 r 0000000000000000 0000000000000000  bne      x14, x13, . - 0xa
#1099 0 0000000000015332     0505 r 000000000000000a 000000000001c431  c.addi   x10, 0x1
#1100 0 0000000000015334 fea78be3 r 0000000000000000 0000000000000000  beq      x15, x10, . - 0xa
#1101 0 0000000000015338 00054703 r 000000000000000e 0000000000000020  lbu      x14, 0x0(x10)
#1102 0 000000000001533c fed71be3 r 0000000000000000 0000000000000000  bne      x14, x13, . - 0xa
#1103 0 0000000000015332     0505 r 000000000000000a 000000000001c432  c.addi   x10, 0x1
#1104 0 0000000000015334 fea78be3 r 0000000000000000 0000000000000000  beq      x15, x10, . - 0xa
#1105 0 0000000000015338 00054703 r 000000000000000e 000000000000003d  lbu      x14, 0x0(x10)
#1106 0 000000000001533c fed71be3 r 0000000000000000 0000000000000000  bne      x14, x13, . - 0xa
#1107 0 0000000000015332     0505 r 000000000000000a 000000000001c433  c.addi   x10, 0x1
#1108 0 0000000000015334 fea78be3 r 0000000000000000 0000000000000000  beq      x15, x10, . - 0xa
#1109 0 0000000000015338 00054703 r 000000000000000e 0000000000000020  lbu      x14, 0x0(x10)
#1110 0 000000000001533c fed71be3 r 0000000000000000 0000000000000000  bne      x14, x13, . - 0xa
#1111 0 0000000000015332     0505 r 000000000000000a 000000000001c434  c.addi   x10, 0x1
#1112 0 0000000000015334 fea78be3 r 0000000000000000 0000000000000000  beq      x15, x10, . - 0xa
#1113 0 000000000001532a     4501 r 000000000000000a 0000000000000000  c.li     x10, 0x0
#1114 0 000000000001532c     8082 r 0000000000000000 0000000000000000  c.jr     x1
#1115 0 000000000001937e 12050f63 r 0000000000000000 0000000000000000  beq      x10, x0, . + 0x13e
#1116 0 00000000000194bc 001c099b r 0000000000000013 0000000000000005  addiw    x19, x24, 1
#1117 0 00000000000194c0     bd19 r 0000000000000000 0000000000000000  c.j      . - 0x1ea
#1118 0 00000000000192d6     8bce r 0000000000000017 0000000000000005  c.mv     x23, x19
#1119 0 00000000000192d8 013c7363 r 0000000000000000 0000000000000000  bgeu     x24, x19, . + 0x6
#1120 0 00000000000192dc     8be2 r 0000000000000017 0000000000000004  c.mv     x23, x24
#1121 0 00000000000192de     6008 r 000000000000000a 0000000000020010  c.ld     x10, 0x0(x8)
#1122 0 00000000000192e0     6c1c r 000000000000000f 0000000000020010  c.ld     x15, 0x18(x8)
#1123 0 00000000000192e2     5014 r 000000000000000d 0000000000000400  c.lw     x13, 0x20(x8)
#1124 0 00000000000192e4     84de r 0000000000000009 0000000000000004  c.mv     x9, x23
#1125 0 00000000000192e6 00a7f763 r 0000000000000000 0000000000000000  bgeu     x15, x10, . + 0xe
#1126 0 00000000000192f4 18dbc463 r 0000000000000000 0000000000000000  blt      x23, x13, . + 0x188
#1127 0 000000000001947c     865e r 000000000000000c 0000000000000004  c.mv     x12, x23
#1128 0 000000000001947e     85e6 r 000000000000000b 000000000001c430  c.mv     x11, x25
#1129 0 0000000000019480 1ac000ef r 0000000000000001 0000000000019484  jal      x1, . + 0x1ac
#1130 0 000000000001962c 02a5f263 r 0000000000000000 0000000000000000  bgeu     x11, x10, . + 0x24
#1131 0 0000000000019630 00c587b3 r 000000000000000f 000000000001c434  add      x15, x11, x12
#1132 0 0000000000019634 00f57e63 r 0000000000000000 0000000000000000  bgeu     x10, x15, . + 0x1c
#1133 0 0000000000019650     47fd r 000000000000000f 000000000000001f  c.li     x15, 0x1f
#1134 0 0000000000019652 02c7e163 r 0000000000000000 0000000000000000  bltu     x15, x12, . + 0x22
#1135 0 0000000000019656     87aa r 000000000000000f 0000000000020010  c.mv     x15, x10
#1136 0 0000000000019658 fff60693 r 000000000000000d 0000000000000003  addi     x13, x12, -1
#1137 0 000000000001965c     c245 r 0000000000000000 0000000000000000  c.beqz   x12, . + 0xa0
#1138 0 000000000001965e     0685 r 000000000000000d 0000000000000004  c.addi   x13, 0x1
#1139 0 0000000000019660     96be r 000000000000000d 0000000000020014  c.add    x13, x15
#1140 0 0000000000019662 0005c703 r 000000000000000e 0000000000000069  lbu      x14, 0x0(x11)
#1141 0 0000000000019666     0785 r 000000000000000f 0000000000020011  c.addi   x15, 0x1
#1142 0 0000000000019668     0585 r 000000000000000b 000000000001c431  c.addi   x11, 0x1
#1143 0 000000000001966a fee78fa3 m 0000000000020010 0000000000000069  sb       x14, -0x1(x15)
#1144 0 000000000001966e fed79ae3 r 0000000000000000 0000000000000000  bne      x15, x13, . - 0xc
#1145 0 0000000000019662 0005c703 r 000000000000000e 0000000000000020  lbu      x14, 0x0(x11)
#1146 0 0000000000019666     0785 r 000000000000000f 0000000000020012  c.addi   x15, 0x1
#1147 0 0000000000019668     0585 r 000000000000000b 000000000001c432  c.addi   x11, 0x1
#1148 0 000000000001966a fee78fa3 m 0000000000020011 0000000000000020  sb       x14, -0x1(x15)
#1149 0 000000000001966e fed79ae3 r 0000000000000000 0000000000000000  bne      x15, x13, . - 0xc
#1150 0 0000000000019662 0005c703 r 000000000000000e 000000000000003d  lbu      x14, 0x0(x11)
#1151 0 0000000000019666     0785 r 000000000000000f 0000000000020013  c.addi   x15, 0x1
#1152 0 0000000000019668     0585 r 000000000000000b 000000000001c433  c.addi   x11, 0x1
#1153 0 000000000001966a fee78fa3 m 0000000000020012 000000000000003d  sb       x14, -0x1(x15)
#1154 0 000000000001966e fed79ae3 r 0000000000000000 0000000000000000  bne      x15, x13, . - 0xc
#1155 0 0000000000019662 0005c703 r 000000000000000e 0000000000000020  lbu      x14, 0x0(x11)
#1156 0 0000000000019666     0785 r 000000000000000f 0000000000020014  c.addi   x15, 0x1
#1157 0 0000000000019668     0585 r 000000000000000b 000000000001c434  c.addi   x11, 0x1
#1158 0 000000000001966a fee78fa3 m 0000000000020013 0000000000000020  sb       x14, -0x1(x15)
#1159 0 000000000001966e fed79ae3 r 0000000000000000 0000000000000000  bne      x15, x13, . - 0xc
#1160 0 0000000000019672     8082 r 0000000000000000 0000000000000000  c.jr     x1
#1161 0 0000000000019484     4454 r 000000000000000d 0000000000000000  c.lw     x13, 0xc(x8)
#1162 0 0000000000019486     6018 r 000000000000000e 0000000000020010  c.ld     x14, 0x0(x8)
#1163 0 0000000000019488 000b879b r 000000000000000f 0000000000000004  addiw    x15, x23, 0
#1164 0 000000000001948c 417686bb r 000000000000000d fffffffffffffffc  subw     x13, x13, x23
#1165 0 0000000000019490     975e r 000000000000000e 0000000000020014  c.add    x14, x23
#1166 0 0000000000019492     c454 m 000000000001e854 00000000fffffffc  c.sw     x13, 0xc(x8)
#1167 0 0000000000019494     e018 m 000000000001e848 0000000000020014  c.sd     x14, 0x0(x8)
#1168 0 0000000000019496     bd9d r 0000000000000000 0000000000000000  c.j      . - 0x18a
#1169 0 000000000001930c 40f989bb r 0000000000000013 0000000000000001  subw     x19, x19, x15
#1170 0 0000000000019310     4505 r 000000000000000a 0000000000000001  c.li     x10, 0x1
#1171 0 0000000000019312 02098b63 r 0000000000000000 0000000000000000  beq      x19, x0, . + 0x36
#1172 0 0000000000019316 010a3783 r 000000000000000f 0000000000000005  ld       x15, 0x10(x20)
#1173 0 000000000001931a     9ca6 r 0000000000000019 000000000001c434  c.add    x25, x9
#1174 0 000000000001931c 409c0c33 r 0000000000000018 0000000000000000  sub      x24, x24, x9
#1175 0 0000000000019320 409784b3 r 0000000000000009 0000000000000001  sub      x9, x15, x9
#1176 0 0000000000019324 009a3823 m 00000000fffffd70 0000000000000001  sd       x9, 0x10(x20)
#1177 0 0000000000019328     f4c5 r 0000000000000000 0000000000000000  c.bnez   x9, . - 0x58
#1178 0 00000000000192d0 080c0b63 r 0000000000000000 0000000000000000  beq      x24, x0, . + 0x96
#1179 0 0000000000019366 00893c03 r 0000000000000018 0000000000000001  ld       x24, 0x8(x18)
#1180 0 000000000001936a 00093c83 r 0000000000000019 00000000fffffddb  ld       x25, 0x0(x18)
#1181 0 000000000001936e     0941 r 0000000000000012 00000000fffffe00  c.addi   x18, 0x10
#1182 0 0000000000019370 fe0c0be3 r 0000000000000000 0000000000000000  beq      x24, x0, . - 0xa
#1183 0 0000000000019374     8662 r 000000000000000c 0000000000000001  c.mv     x12, x24
#1184 0 0000000000019376     45a9 r 000000000000000b 000000000000000a  c.li     x11, 0xa
#1185 0 0000000000019378     8566 r 000000000000000a 00000000fffffddb  c.mv     x10, x25
#1186 0 000000000001937a f7bfb0ef r 0000000000000001 000000000001937e  jal      x1, . - 0x4086
#1187 0 00000000000152f4 00757793 r 000000000000000f 0000000000000003  andi     x15, x10, 7
#1188 0 00000000000152f8 0ff5f693 r 000000000000000d 000000000000000a  andi     x13, x11, 255
#1189 0 00000000000152fc     c395 r 0000000000000000 0000000000000000  c.beqz   x15, . + 0x24
#1190 0 00000000000152fe fff60793 r 000000000000000f 0000000000000000  addi     x15, x12, -1
#1191 0 0000000000015302     c605 r 0000000000000000 0000000000000000  c.beqz   x12, . + 0x28
#1192 0 0000000000015304     567d r 000000000000000c ffffffffffffffff  c.li     x12, -0x1
#1193 0 0000000000015306     a801 r 0000000000000000 0000000000000000  c.j      . + 0x10
#1194 0 0000000000015316 00054703 r 000000000000000e 0000000000000030  lbu      x14, 0x0(x10)
#1195 0 000000000001531a fed717e3 r 0000000000000000 0000000000000000  bne      x14, x13, . - 0x12
#1196 0 0000000000015308     0505 r 000000000000000a 00000000fffffddc  c.addi   x10, 0x1
#1197 0 000000000001530a 00757713 r 000000000000000e 0000000000000004  andi     x14, x10, 7
#1198 0 000000000001530e     cb11 r 0000000000000000 0000000000000000  c.beqz   x14, . + 0x14
#1199 0 0000000000015310     17fd r 000000000000000f ffffffffffffffff  c.addi   x15, -0x1
#1200 0 0000000000015312 00c78c63 r 0000000000000000 0000000000000000  beq      x15, x12, . + 0x18
#1201 0 000000000001532a     4501 r 000000000000000a 0000000000000000  c.li     x10, 0x0
#1202 0 000000000001532c     8082 r 0000000000000000 0000000000000000  c.jr     x1
#1203 0 000000000001937e 12050f63 r 0000000000000000 0000000000000000  beq      x10, x0, . + 0x13e
#1204 0 00000000000194bc 001c099b r 0000000000000013 0000000000000002  addiw    x19, x24, 1
#1205 0 00000000000194c0     bd19 r 0000000000000000 0000000000000000  c.j      . - 0x1ea
#1206 0 00000000000192d6     8bce r 0000000000000017 0000000000000002  c.mv     x23, x19
#1207 0 00000000000192d8 013c7363 r 0000000000000000 0000000000000000  bgeu     x24, x19, . + 0x6
#1208 0 00000000000192dc     8be2 r 0000000000000017 0000000000000001  c.mv     x23, x24
#1209 0 00000000000192de     6008 r 000000000000000a 0000000000020014  c.ld     x10, 0x0(x8)
#1210 0 00000000000192e0     6c1c r 000000000000000f 0000000000020010  c.ld     x15, 0x18(x8)
#1211 0 00000000000192e2     5014 r 000000000000000d 0000000000000400  c.lw     x13, 0x20(x8)
#1212 0 00000000000192e4     84de r 0000000000000009 0000000000000001  c.mv     x9, x23
#1213 0 00000000000192e6 00a7f763 r 0000000000000000 0000000000000000  bgeu     x15, x10, . + 0xe
#1214 0 00000000000192ea     445c r 000000000000000f fffffffffffffffc  c.lw     x15, 0xc(x8)
#1215 0 00000000000192ec 00d78b3b r 0000000000000016 00000000000003fc  addw     x22, x15, x13
#1216 0 00000000000192f0 097b4d63 r 0000000000000000 0000000000000000  blt      x22, x23, . + 0x9a
#1217 0 00000000000192f4 18dbc463 r 0000000000000000 0000000000000000  blt      x23, x13, . + 0x188
#1218 0 000000000001947c     865e r 000000000000000c 0000000000000001  c.mv     x12, x23
#1219 0 000000000001947e     85e6 r 000000000000000b 00000000fffffddb  c.mv     x11, x25
#1220 0 0000000000019480 1ac000ef r 0000000000000001 0000000000019484  jal      x1, . + 0x1ac
#1221 0 000000000001962c 02a5f263 r 0000000000000000 0000000000000000  bgeu     x11, x10, . + 0x24
#1222 0 0000000000019650     47fd r 000000000000000f 000000000000001f  c.li     x15, 0x1f
#1223 0 0000000000019652 02c7e163 r 0000000000000000 0000000000000000  bltu     x15, x12, . + 0x22
#1224 0 0000000000019656     87aa r 000000000000000f 0000000000020014  c.mv     x15, x10
#1225 0 0000000000019658 fff60693 r 000000000000000d 0000000000000000  addi     x13, x12, -1
#1226 0 000000000001965c     c245 r 0000000000000000 0000000000000000  c.beqz   x12, . + 0xa0
#1227 0 000000000001965e     0685 r 000000000000000d 0000000000000001  c.addi   x13, 0x1
#1228 0 0000000000019660     96be r 000000000000000d 0000000000020015  c.add    x13, x15
#1229 0 0000000000019662 0005c703 r 000000000000000e 0000000000000030  lbu      x14, 0x0(x11)
#1230 0 0000000000019666     0785 r 000000000000000f 0000000000020015  c.addi   x15, 0x1
#1231 0 0000000000019668     0585 r 000000000000000b 00000000fffffddc  c.addi   x11, 0x1
#1232 0 000000000001966a fee78fa3 m 0000000000020014 0000000000000030  sb       x14, -0x1(x15)
#1233 0 000000000001966e fed79ae3 r 0000000000000000 0000000000000000  bne      x15, x13, . - 0xc
#1234 0 0000000000019672     8082 r 0000000000000000 0000000000000000  c.jr     x1
#1235 0 0000000000019484     4454 r 000000000000000d fffffffffffffffc  c.lw     x13, 0xc(x8)
#1236 0 0000000000019486     6018 r 000000000000000e 0000000000020014  c.ld     x14, 0x0(x8)
#1237 0 0000000000019488 000b879b r 000000000000000f 0000000000000001  addiw    x15, x23, 0
#1238 0 000000000001948c 417686bb r 000000000000000d fffffffffffffffb  subw     x13, x13, x23
#1239 0 0000000000019490     975e r 000000000000000e 0000000000020015  c.add    x14, x23
#1240 0 0000000000019492     c454 m 000000000001e854 00000000fffffffb  c.sw     x13, 0xc(x8)
#1241 0 0000000000019494     e018 m 000000000001e848 0000000000020015  c.sd     x14, 0x0(x8)
#1242 0 0000000000019496     bd9d r 0000000000000000 0000000000000000  c.j      . - 0x18a
#1243 0 000000000001930c 40f989bb r 0000000000000013 0000000000000001  subw     x19, x19, x15
#1244 0 0000000000019310     4505 r 000000000000000a 0000000000000001  c.li     x10, 0x1
#1245 0 0000000000019312 02098b63 r 0000000000000000 0000000000000000  beq      x19, x0, . + 0x36
#1246 0 0000000000019316 010a3783 r 000000000000000f 0000000000000001  ld       x15, 0x10(x20)
#1247 0 000000000001931a     9ca6 r 0000000000000019 00000000fffffddc  c.add    x25, x9
#1248 0 000000000001931c 409c0c33 r 0000000000000018 0000000000000000  sub      x24, x24, x9
#1249 0 0000000000019320 409784b3 r 0000000000000009 0000000000000000  sub      x9, x15, x9
#1250 0 0000000000019324 009a3823 m 00000000fffffd70 0000000000000000  sd       x9, 0x10(x20)
#1251 0 0000000000019328     f4c5 r 0000000000000000 0000000000000000  c.bnez   x9, . - 0x58
#1252 0 000000000001932a     4501 r 000000000000000a 0000000000000000  c.li     x10, 0x0
#1253 0 000000000001932c     60e6 r 0000000000000001 0000000000018066  c.ldsp   x1, 0x58
#1254 0 000000000001932e     6446 r 0000000000000008 000000000001c436  c.ldsp   x8, 0x50
#1255 0 0000000000019330     64a6 r 0000000000000009 0000000000000000  c.ldsp   x9, 0x48
#1256 0 0000000000019332     6906 r 0000000000000012 000000000001e848  c.ldsp   x18, 0x40
#1257 0 0000000000019334     79e2 r 0000000000000013 0000000000000001  c.ldsp   x19, 0x38
#1258 0 0000000000019336     7a42 r 0000000000000014 000000000001e260  c.ldsp   x20, 0x30
#1259 0 0000000000019338     7aa2 r 0000000000000015 00000000fffffd60  c.ldsp   x21, 0x28
#1260 0 000000000001933a     7b02 r 0000000000000016 00000000fffffde0  c.ldsp   x22, 0x20
#1261 0 000000000001933c     6be2 r 0000000000000017 0000000000000001  c.ldsp   x23, 0x18
#1262 0 000000000001933e     6c42 r 0000000000000018 fffffffffffffffe  c.ldsp   x24, 0x10
#1263 0 0000000000019340     6ca2 r 0000000000000019 00000000fffffddb  c.ldsp   x25, 0x8
#1264 0 0000000000019342     6d02 r 000000000000001a 0000000000000064  c.ldsp   x26, 0x0
#1265 0 0000000000019344     6125 r 0000000000000002 00000000fffffc00  c.addi16sp 0x6
#1266 0 0000000000019346     8082 r 0000000000000000 0000000000000000  c.jr     x1
#1267 0 0000000000018066     b7e1 r 0000000000000000 0000000000000000  c.j      . - 0x38
#1268 0 000000000001802e     60a6 r 0000000000000001 0000000000010ee0  c.ldsp   x1, 0x48
#1269 0 0000000000018030     6406 r 0000000000000008 000000000001c436  c.ldsp   x8, 0x40
#1270 0 0000000000018032 000ab823 m 00000000fffffd70 0000000000000000  sd       x0, 0x10(x21)
#1271 0 0000000000018036 000aa423 m 00000000fffffd68 0000000000000000  sw       x0, 0x8(x21)
#1272 0 000000000001803a     74e2 r 0000000000000009 0000000000000000  c.ldsp   x9, 0x38
#1273 0 000000000001803c     7942 r 0000000000000012 000000000001e848  c.ldsp   x18, 0x30
#1274 0 000000000001803e     79a2 r 0000000000000013 0000000000000001  c.ldsp   x19, 0x28
#1275 0 0000000000018040     7a02 r 0000000000000014 000000000001e260  c.ldsp   x20, 0x20
#1276 0 0000000000018042     6ae2 r 0000000000000015 0000000000000000  c.ldsp   x21, 0x18
#1277 0 0000000000018044     6b42 r 0000000000000016 00000000fffffde0  c.ldsp   x22, 0x10
#1278 0 0000000000018046     6ba2 r 0000000000000017 0000000000000001  c.ldsp   x23, 0x8
#1279 0 0000000000018048     6161 r 0000000000000002 00000000fffffc50  c.addi16sp 0x5
#1280 0 000000000001804a     8082 r 0000000000000000 0000000000000000  c.jr     x1
#1281 0 0000000000010ee0 ec050263 r 0000000000000000 0000000000000000  beq      x10, x0, . - 0x93c
#1282 0 00000000000105a4     67e2 r 000000000000000f 0000000000000000  c.ldsp   x15, 0x18
#1283 0 00000000000105a6 10012c23 m 00000000fffffd68 0000000000000000  sw       x0, 0x118(x2)
#1284 0 00000000000105aa     c789 r 0000000000000000 0000000000000000  c.beqz   x15, . + 0xa
#1285 0 00000000000105b4     835a r 0000000000000006 00000000fffffde0  c.mv     x6, x22
#1286 0 00000000000105b6     8ca2 r 0000000000000019 000000000001c436  c.mv     x25, x8
#1287 0 00000000000105b8 000cc783 r 000000000000000f 000000000000000a  lbu      x15, 0x0(x25)
#1288 0 00000000000105bc e2079fe3 r 0000000000000000 0000000000000000  bne      x15, x0, . - 0x1c2
#1289 0 00000000000103fa     8466 r 0000000000000008 000000000001c436  c.mv     x8, x25
#1290 0 00000000000103fc 02500713 r 000000000000000e 0000000000000025  addi     x14, x0, 37
#1291 0 0000000000010400 30e78363 r 0000000000000000 0000000000000000  beq      x15, x14, . + 0x306
#1292 0 0000000000010404 00144783 r 000000000000000f 0000000000000000  lbu      x15, 0x1(x8)
#1293 0 0000000000010408     0405 r 0000000000000008 000000000001c437  c.addi   x8, 0x1
#1294 0 000000000001040a     fbfd r 0000000000000000 0000000000000000  c.bnez   x15, . - 0xa
#1295 0 000000000001040c 419404bb r 0000000000000009 0000000000000001  subw     x9, x8, x25
#1296 0 0000000000010410 1a048863 r 0000000000000000 0000000000000000  beq      x9, x0, . + 0x1b0
#1297 0 0000000000010414     7712 r 000000000000000e 0000000000000000  c.ldsp   x14, 0x120
#1298 0 0000000000010416 11812783 r 000000000000000f 0000000000000000  lw       x15, 0x118(x2)
#1299 0 000000000001041a 01933023 m 00000000fffffde0 000000000001c436  sd       x25, 0x0(x6)
#1300 0 000000000001041e     9726 r 000000000000000e 0000000000000001  c.add    x14, x9
#1301 0 0000000000010420     2785 r 000000000000000f 0000000000000001  c.addiw  x15, 0x1
#1302 0 0000000000010422 00933423 m 00000000fffffde8 0000000000000001  sd       x9, 0x8(x6)
#1303 0 0000000000010426     f23a m 00000000fffffd70 0000000000000001  c.sdsp   x14, 0x120
#1304 0 0000000000010428 10f12c23 m 00000000fffffd68 0000000000000001  sw       x15, 0x118(x2)
#1305 0 000000000001042c 0007871b r 000000000000000e 0000000000000001  addiw    x14, x15, 0
#1306 0 0000000000010430     479d r 000000000000000f 0000000000000007  c.li     x15, 0x7
#1307 0 0000000000010432     0341 r 0000000000000006 00000000fffffdf0  c.addi   x6, 0x10
#1308 0 0000000000010434 2ee7c063 r 0000000000000000 0000000000000000  blt      x15, x14, . + 0x2e0
#1309 0 0000000000010438     6722 r 000000000000000e 0000000000000005  c.ldsp   x14, 0x8
#1310 0 000000000001043a 00044783 r 000000000000000f 0000000000000000  lbu      x15, 0x0(x8)
#1311 0 000000000001043e     9f25 r 000000000000000e 0000000000000006  c.addw   x14, x9
#1312 0 0000000000010440     e43a m 00000000fffffc58 0000000000000006  c.sdsp   x14, 0x8
#1313 0 0000000000010442 16078f63 r 0000000000000000 0000000000000000  beq      x15, x0, . + 0x17e
#1314 0 00000000000105c0     7792 r 000000000000000f 0000000000000001  c.ldsp   x15, 0x120
#1315 0 00000000000105c2     c399 r 0000000000000000 0000000000000000  c.beqz   x15, . + 0x6
#1316 0 00000000000105c4 2620106f r 0000000000000000 0000000000000000  j        . + 0x1262
#1317 0 0000000000011826     0a10 r 000000000000000c 00000000fffffd60  c.addi4spn  x12, 0x44
#1318 0 0000000000011828     85ca r 000000000000000b 000000000001e848  c.mv     x11, x18
#1319 0 000000000001182a     8552 r 000000000000000a 000000000001e260  c.mv     x10, x20
#1320 0 000000000001182c 03d060ef r 0000000000000001 0000000000011830  jal      x1, . + 0x683c
#1321 0 0000000000018068     6a18 r 000000000000000e 0000000000000001  c.ld     x14, 0x10(x12)
#1322 0 000000000001806a     c311 r 0000000000000000 0000000000000000  c.beqz   x14, . + 0x4
#1323 0 000000000001806c     bfa1 r 0000000000000000 0000000000000000  c.j      . - 0xa8
#1324 0 0000000000017fc4 0ac5a783 r 000000000000000f 0000000000000000  lw       x15, 0xac(x11)
#1325 0 0000000000017fc8     715d r 0000000000000002 00000000fffffc00  c.addi16sp -0x5
#1326 0 0000000000017fca     6709 r 000000000000000e 0000000000002000  c.lui    x14, 0x2
#1327 0 0000000000017fcc     ec56 m 00000000fffffc18 0000000000000000  c.sdsp   x21, 0x18
#1328 0 0000000000017fce     e486 m 00000000fffffc48 0000000000011830  c.sdsp   x1, 0x48
#1329 0 0000000000017fd0     e0a2 m 00000000fffffc40 000000000001c437  c.sdsp   x8, 0x40
#1330 0 0000000000017fd2     fc26 m 00000000fffffc38 0000000000000001  c.sdsp   x9, 0x38
#1331 0 0000000000017fd4     f84a m 00000000fffffc30 000000000001e848  c.sdsp   x18, 0x30
#1332 0 0000000000017fd6     f44e m 00000000fffffc28 0000000000000001  c.sdsp   x19, 0x28
#1333 0 0000000000017fd8     f052 m 00000000fffffc20 000000000001e260  c.sdsp   x20, 0x20
#1334 0 0000000000017fda     e85a m 00000000fffffc10 00000000fffffde0  c.sdsp   x22, 0x10
#1335 0 0000000000017fdc     e45e m 00000000fffffc08 0000000000000001  c.sdsp   x23, 0x8
#1336 0 0000000000017fde     8ff9 r 000000000000000f 0000000000000000  c.and    x15, x14
#1337 0 0000000000017fe0     8ab2 r 0000000000000015 00000000fffffd60  c.mv     x21, x12
#1338 0 0000000000017fe2     c3c1 r 0000000000000000 0000000000000000  c.beqz   x15, . + 0x80
#1339 0 0000000000018062 146010ef r 0000000000000001 0000000000018066  jal      x1, . + 0x1146
#1340 0 00000000000191a8     6a1c r 000000000000000f 0000000000000001  c.ld     x15, 0x10(x12)
#1341 0 00000000000191aa 1a078c63 r 0000000000000000 0000000000000000  beq      x15, x0, . + 0x1b8
#1342 0 00000000000191ae 0105d783 r 000000000000000f 0000000000002889  lhu      x15, 0x10(x11)
#1343 0 00000000000191b2     711d r 0000000000000002 00000000fffffba0  c.addi16sp -0x6
#1344 0 00000000000191b4     e8a2 m 00000000fffffbf0 000000000001c437  c.sdsp   x8, 0x50
#1345 0 00000000000191b6     f852 m 00000000fffffbd0 000000000001e260  c.sdsp   x20, 0x30
#1346 0 00000000000191b8     f456 m 00000000fffffbc8 00000000fffffd60  c.sdsp   x21, 0x28
#1347 0 00000000000191ba     ec86 m 00000000fffffbf8 0000000000018066  c.sdsp   x1, 0x58
#1348 0 00000000000191bc     e4a6 m 00000000fffffbe8 0000000000000001  c.sdsp   x9, 0x48
#1349 0 00000000000191be     e0ca m 00000000fffffbe0 000000000001e848  c.sdsp   x18, 0x40
#1350 0 00000000000191c0     fc4e m 00000000fffffbd8 0000000000000001  c.sdsp   x19, 0x38
#1351 0 00000000000191c2     f05a m 00000000fffffbc0 00000000fffffde0  c.sdsp   x22, 0x20
#1352 0 00000000000191c4     ec5e m 00000000fffffbb8 0000000000000001  c.sdsp   x23, 0x18
#1353 0 00000000000191c6     e862 m 00000000fffffbb0 fffffffffffffffe  c.sdsp   x24, 0x10
#1354 0 00000000000191c8     e466 m 00000000fffffba8 000000000001c436  c.sdsp   x25, 0x8
#1355 0 00000000000191ca     e06a m 00000000fffffba0 0000000000000064  c.sdsp   x26, 0x0
#1356 0 00000000000191cc 0087f713 r 000000000000000e 0000000000000008  andi     x14, x15, 8
#1357 0 00000000000191d0     8a32 r 0000000000000014 00000000fffffd60  c.mv     x20, x12
#1358 0 00000000000191d2     8aaa r 0000000000000015 000000000001e260  c.mv     x21, x10
#1359 0 00000000000191d4     842e r 0000000000000008 000000000001e848  c.mv     x8, x11
#1360 0 00000000000191d6     c325 r 0000000000000000 0000000000000000  c.beqz   x14, . + 0x60
#1361 0 00000000000191d8     6d98 r 000000000000000e 0000000000020010  c.ld     x14, 0x18(x11)
#1362 0 00000000000191da     cf31 r 0000000000000000 0000000000000000  c.beqz   x14, . + 0x5c
#1363 0 00000000000191dc 0027f713 r 000000000000000e 0000000000000000  andi     x14, x15, 2
#1364 0 00000000000191e0 000a3903 r 0000000000000012 00000000fffffde0  ld       x18, 0x0(x20)
#1365 0 00000000000191e4     c735 r 0000000000000000 0000000000000000  c.beqz   x14, . + 0x6c
#1366 0 0000000000019250 0017f713 r 000000000000000e 0000000000000001  andi     x14, x15, 1
#1367 0 0000000000019254     eb35 r 0000000000000000 0000000000000000  c.bnez   x14, . + 0x74
#1368 0 00000000000192c8     4981 r 0000000000000013 0000000000000000  c.li     x19, 0x0
#1369 0 00000000000192ca     4501 r 000000000000000a 0000000000000000  c.li     x10, 0x0
#1370 0 00000000000192cc     4c81 r 0000000000000019 0000000000000000  c.li     x25, 0x0
#1371 0 00000000000192ce     4c01 r 0000000000000018 0000000000000000  c.li     x24, 0x0
#1372 0 00000000000192d0 080c0b63 r 0000000000000000 0000000000000000  beq      x24, x0, . + 0x96
#1373 0 0000000000019366 00893c03 r 0000000000000018 0000000000000001  ld       x24, 0x8(x18)
#1374 0 000000000001936a 00093c83 r 0000000000000019 000000000001c436  ld       x25, 0x0(x18)
#1375 0 000000000001936e     0941 r 0000000000000012 00000000fffffdf0  c.addi   x18, 0x10
#1376 0 0000000000019370 fe0c0be3 r 0000000000000000 0000000000000000  beq      x24, x0, . - 0xa
#1377 0 0000000000019374     8662 r 000000000000000c 0000000000000001  c.mv     x12, x24
#1378 0 0000000000019376     45a9 r 000000000000000b 000000000000000a  c.li     x11, 0xa
#1379 0 0000000000019378     8566 r 000000000000000a 000000000001c436  c.mv     x10, x25
#1380 0 000000000001937a f7bfb0ef r 0000000000000001 000000000001937e  jal      x1, . - 0x4086
#1381 0 00000000000152f4 00757793 r 000000000000000f 0000000000000006  andi     x15, x10, 7
#1382 0 00000000000152f8 0ff5f693 r 000000000000000d 000000000000000a  andi     x13, x11, 255
#1383 0 00000000000152fc     c395 r 0000000000000000 0000000000000000  c.beqz   x15, . + 0x24
#1384 0 00000000000152fe fff60793 r 000000000000000f 0000000000000000  addi     x15, x12, -1
#1385 0 0000000000015302     c605 r 0000000000000000 0000000000000000  c.beqz   x12, . + 0x28
#1386 0 0000000000015304     567d r 000000000000000c ffffffffffffffff  c.li     x12, -0x1
#1387 0 0000000000015306     a801 r 0000000000000000 0000000000000000  c.j      . + 0x10
#1388 0 0000000000015316 00054703 r 000000000000000e 000000000000000a  lbu      x14, 0x0(x10)
#1389 0 000000000001531a fed717e3 r 0000000000000000 0000000000000000  bne      x14, x13, . - 0x12
#1390 0 000000000001531e     8082 r 0000000000000000 0000000000000000  c.jr     x1
#1391 0 000000000001937e 12050f63 r 0000000000000000 0000000000000000  beq      x10, x0, . + 0x13e
#1392 0 0000000000019382     0505 r 000000000000000a 000000000001c437  c.addi   x10, 0x1
#1393 0 0000000000019384 419509bb r 0000000000000013 0000000000000001  subw     x19, x10, x25
#1394 0 0000000000019388     b7b9 r 0000000000000000 0000000000000000  c.j      . - 0xb2
#1395 0 00000000000192d6     8bce r 0000000000000017 0000000000000001  c.mv     x23, x19
#1396 0 00000000000192d8 013c7363 r 0000000000000000 0000000000000000  bgeu     x24, x19, . + 0x6
#1397 0 00000000000192de     6008 r 000000000000000a 0000000000020015  c.ld     x10, 0x0(x8)
#1398 0 00000000000192e0     6c1c r 000000000000000f 0000000000020010  c.ld     x15, 0x18(x8)
#1399 0 00000000000192e2     5014 r 000000000000000d 0000000000000400  c.lw     x13, 0x20(x8)
#1400 0 00000000000192e4     84de r 0000000000000009 0000000000000001  c.mv     x9, x23
#1401 0 00000000000192e6 00a7f763 r 0000000000000000 0000000000000000  bgeu     x15, x10, . + 0xe
#1402 0 00000000000192ea     445c r 000000000000000f fffffffffffffffb  c.lw     x15, 0xc(x8)
#1403 0 00000000000192ec 00d78b3b r 0000000000000016 00000000000003fb  addw     x22, x15, x13
#1404 0 00000000000192f0 097b4d63 r 0000000000000000 0000000000000000  blt      x22, x23, . + 0x9a
#1405 0 00000000000192f4 18dbc463 r 0000000000000000 0000000000000000  blt      x23, x13, . + 0x188
#1406 0 000000000001947c     865e r 000000000000000c 0000000000000001  c.mv     x12, x23
#1407 0 000000000001947e     85e6 r 000000000000000b 000000000001c436  c.mv     x11, x25
#1408 0 0000000000019480 1ac000ef r 0000000000000001 0000000000019484  jal      x1, . + 0x1ac
#1409 0 000000000001962c 02a5f263 r 0000000000000000 0000000000000000  bgeu     x11, x10, . + 0x24
#1410 0 0000000000019630 00c587b3 r 000000000000000f 000000000001c437  add      x15, x11, x12
#1411 0 0000000000019634 00f57e63 r 0000000000000000 0000000000000000  bgeu     x10, x15, . + 0x1c
#1412 0 0000000000019650     47fd r 000000000000000f 000000000000001f  c.li     x15, 0x1f
#1413 0 0000000000019652 02c7e163 r 0000000000000000 0000000000000000  bltu     x15, x12, . + 0x22
#1414 0 0000000000019656     87aa r 000000000000000f 0000000000020015  c.mv     x15, x10
#1415 0 0000000000019658 fff60693 r 000000000000000d 0000000000000000  addi     x13, x12, -1
#1416 0 000000000001965c     c245 r 0000000000000000 0000000000000000  c.beqz   x12, . + 0xa0
#1417 0 000000000001965e     0685 r 000000000000000d 0000000000000001  c.addi   x13, 0x1
#1418 0 0000000000019660     96be r 000000000000000d 0000000000020016  c.add    x13, x15
#1419 0 0000000000019662 0005c703 r 000000000000000e 000000000000000a  lbu      x14, 0x0(x11)
#1420 0 0000000000019666     0785 r 000000000000000f 0000000000020016  c.addi   x15, 0x1
#1421 0 0000000000019668     0585 r 000000000000000b 000000000001c437  c.addi   x11, 0x1
#1422 0 000000000001966a fee78fa3 m 0000000000020015 000000000000000a  sb       x14, -0x1(x15)
#1423 0 000000000001966e fed79ae3 r 0000000000000000 0000000000000000  bne      x15, x13, . - 0xc
#1424 0 0000000000019672     8082 r 0000000000000000 0000000000000000  c.jr     x1
#1425 0 0000000000019484     4454 r 000000000000000d fffffffffffffffb  c.lw     x13, 0xc(x8)
#1426 0 0000000000019486     6018 r 000000000000000e 0000000000020015  c.ld     x14, 0x0(x8)
#1427 0 0000000000019488 000b879b r 000000000000000f 0000000000000001  addiw    x15, x23, 0
#1428 0 000000000001948c 417686bb r 000000000000000d fffffffffffffffa  subw     x13, x13, x23
#1429 0 0000000000019490     975e r 000000000000000e 0000000000020016  c.add    x14, x23
#1430 0 0000000000019492     c454 m 000000000001e854 00000000fffffffa  c.sw     x13, 0xc(x8)
#1431 0 0000000000019494     e018 m 000000000001e848 0000000000020016  c.sd     x14, 0x0(x8)
#1432 0 0000000000019496     bd9d r 0000000000000000 0000000000000000  c.j      . - 0x18a
#1433 0 000000000001930c 40f989bb r 0000000000000013 0000000000000000  subw     x19, x19, x15
#1434 0 0000000000019310     4505 r 000000000000000a 0000000000000001  c.li     x10, 0x1
#1435 0 0000000000019312 02098b63 r 0000000000000000 0000000000000000  beq      x19, x0, . + 0x36
#1436 0 0000000000019348     85a2 r 000000000000000b 000000000001e848  c.mv     x11, x8
#1437 0 000000000001934a     8556 r 000000000000000a 000000000001e260  c.mv     x10, x21
#1438 0 000000000001934c f0ff80ef r 0000000000000001 0000000000019350  jal      x1, . - 0x70f2
#1439 0 000000000001225a     1101 r 0000000000000002 00000000fffffb80  c.addi   x2, -0x20
#1440 0 000000000001225c     e822 m 00000000fffffb90 000000000001e848  c.sdsp   x8, 0x10
#1441 0 000000000001225e     ec06 m 00000000fffffb98 0000000000019350  c.sdsp   x1, 0x18
#1442 0 0000000000012260     842a r 0000000000000008 000000000001e260  c.mv     x8, x10
#1443 0 0000000000012262     c119 r 0000000000000000 0000000000000000  c.beqz   x10, . + 0x6
#1444 0 0000000000012264     493c r 000000000000000f 0000000000000001  c.lw     x15, 0x50(x10)
#1445 0 0000000000012266     cb89 r 0000000000000000 0000000000000000  c.beqz   x15, . + 0x12
#1446 0 0000000000012268 01059783 r 000000000000000f 0000000000002889  lh       x15, 0x10(x11)
#1447 0 000000000001226c     ef89 r 0000000000000000 0000000000000000  c.bnez   x15, . + 0x1a
#1448 0 0000000000012286     8522 r 000000000000000a 000000000001e260  c.mv     x10, x8
#1449 0 0000000000012288     6442 r 0000000000000008 000000000001e848  c.ldsp   x8, 0x10
#1450 0 000000000001228a     60e2 r 0000000000000001 0000000000019350  c.ldsp   x1, 0x18
#1451 0 000000000001228c     6105 r 0000000000000002 00000000fffffba0  c.addi16sp 0x2
#1452 0 000000000001228e     bd2d r 0000000000000000 0000000000000000  c.j      . - 0x1c6
#1453 0 00000000000120c8 01059783 r 000000000000000f 0000000000002889  lh       x15, 0x10(x11)
#1454 0 00000000000120cc     7179 r 0000000000000002 00000000fffffb70  c.addi16sp -0x3
#1455 0 00000000000120ce     f022 m 00000000fffffb90 000000000001e848  c.sdsp   x8, 0x20
#1456 0 00000000000120d0     e44e m 00000000fffffb78 0000000000000000  c.sdsp   x19, 0x8
#1457 0 00000000000120d2     f406 m 00000000fffffb98 0000000000019350  c.sdsp   x1, 0x28
#1458 0 00000000000120d4     ec26 m 00000000fffffb88 0000000000000001  c.sdsp   x9, 0x18
#1459 0 00000000000120d6     e84a m 00000000fffffb80 00000000fffffdf0  c.sdsp   x18, 0x10
#1460 0 00000000000120d8 0087f693 r 000000000000000d 0000000000000008  andi     x13, x15, 8
#1461 0 00000000000120dc     842e r 0000000000000008 000000000001e848  c.mv     x8, x11
#1462 0 00000000000120de     89aa r 0000000000000013 000000000001e260  c.mv     x19, x10
#1463 0 00000000000120e0     ead5 r 0000000000000000 0000000000000000  c.bnez   x13, . + 0xb4
#1464 0 0000000000012194 0185b903 r 0000000000000012 0000000000020010  ld       x18, 0x18(x11)
#1465 0 0000000000012198 fe0906e3 r 0000000000000000 0000000000000000  beq      x18, x0, . - 0x14
#1466 0 000000000001219c     6184 r 0000000000000009 0000000000020016  c.ld     x9, 0x0(x11)
#1467 0 000000000001219e 03079713 r 000000000000000e 2889000000000000  slli     x14, x15, 48
#1468 0 00000000000121a2     9341 r 000000000000000e 0000000000002889  c.srli   x14, 0x30
#1469 0 00000000000121a4     8b0d r 000000000000000e 0000000000000001  c.andi   x14, 0x3
#1470 0 00000000000121a6 0125b023 m 000000000001e848 0000000000020010  sd       x18, 0x0(x11)
#1471 0 00000000000121aa 412484bb r 0000000000000009 0000000000000006  subw     x9, x9, x18
#1472 0 00000000000121ae     4781 r 000000000000000f 0000000000000000  c.li     x15, 0x0
#1473 0 00000000000121b0     e311 r 0000000000000000 0000000000000000  c.bnez   x14, . + 0x4
#1474 0 00000000000121b4     c45c m 000000000001e854 0000000000000000  c.sw     x15, 0xc(x8)
#1475 0 00000000000121b6 00904663 r 0000000000000000 0000000000000000  blt      x0, x9, . + 0xc
#1476 0 00000000000121c2     603c r 000000000000000f 0000000000016190  c.ld     x15, 0x40(x8)
#1477 0 00000000000121c4     780c r 000000000000000b 000000000001e848  c.ld     x11, 0x30(x8)
#1478 0 00000000000121c6     86a6 r 000000000000000d 0000000000000006  c.mv     x13, x9
#1479 0 00000000000121c8     864a r 000000000000000c 0000000000020010  c.mv     x12, x18
#1480 0 00000000000121ca     854e r 000000000000000a 000000000001e260  c.mv     x10, x19
#1481 0 00000000000121cc     9782 r 0000000000000001 00000000000121ce  c.jalr   x15
#1482 0 0000000000016190 01059783 r 000000000000000f 0000000000002889  lh       x15, 0x10(x11)
#1483 0 0000000000016194     7179 r 0000000000000002 00000000fffffb40  c.addi16sp -0x3
#1484 0 0000000000016196     f022 m 00000000fffffb60 000000000001e848  c.sdsp   x8, 0x20
#1485 0 0000000000016198     ec26 m 00000000fffffb58 0000000000000006  c.sdsp   x9, 0x18
#1486 0 000000000001619a     e84a m 00000000fffffb50 0000000000020010  c.sdsp   x18, 0x10
#1487 0 000000000001619c     e44e m 00000000fffffb48 000000000001e260  c.sdsp   x19, 0x8
#1488 0 000000000001619e     f406 m 00000000fffffb68 00000000000121ce  c.sdsp   x1, 0x28
#1489 0 00000000000161a0 1007f713 r 000000000000000e 0000000000000000  andi     x14, x15, 256
#1490 0 00000000000161a4     842e r 0000000000000008 000000000001e848  c.mv     x8, x11
#1491 0 00000000000161a6     84aa r 0000000000000009 000000000001e260  c.mv     x9, x10
#1492 0 00000000000161a8 01259583 r 000000000000000b 0000000000000001  lh       x11, 0x12(x11)
#1493 0 00000000000161ac     8932 r 0000000000000012 0000000000020010  c.mv     x18, x12
#1494 0 00000000000161ae     89b6 r 0000000000000013 0000000000000006  c.mv     x19, x13
#1495 0 00000000000161b0     e30d r 0000000000000000 0000000000000000  c.bnez   x14, . + 0x22
#1496 0 00000000000161b2     777d r 000000000000000e fffffffffffff000  c.lui    x14, 0xfffff
#1497 0 00000000000161b4     177d r 000000000000000e ffffffffffffefff  c.addi   x14, -0x1
#1498 0 00000000000161b6     8ff9 r 000000000000000f 0000000000002889  c.and    x15, x14
#1499 0 00000000000161b8 00f41823 m 000000000001e858 0000000000002889  sh       x15, 0x10(x8)
#1500 0 00000000000161bc     7402 r 0000000000000008 000000000001e848  c.ldsp   x8, 0x20
#1501 0 00000000000161be     70a2 r 0000000000000001 00000000000121ce  c.ldsp   x1, 0x28
#1502 0 00000000000161c0     86ce r 000000000000000d 0000000000000006  c.mv     x13, x19
#1503 0 00000000000161c2     864a r 000000000000000c 0000000000020010  c.mv     x12, x18
#1504 0 00000000000161c4     69a2 r 0000000000000013 000000000001e260  c.ldsp   x19, 0x8
#1505 0 00000000000161c6     6942 r 0000000000000012 0000000000020010  c.ldsp   x18, 0x10
#1506 0 00000000000161c8     8526 r 000000000000000a 000000000001e260  c.mv     x10, x9
#1507 0 00000000000161ca     64e2 r 0000000000000009 0000000000000006  c.ldsp   x9, 0x18
#1508 0 00000000000161cc     6145 r 0000000000000002 00000000fffffb70  c.addi16sp 0x3
#1509 0 00000000000161ce 3a70206f r 0000000000000000 0000000000000000  j        . + 0x2ba6
#1510 0 0000000000018d74     1101 r 0000000000000002 00000000fffffb50  c.addi   x2, -0x20
#1511 0 0000000000018d76     872e r 000000000000000e 0000000000000001  c.mv     x14, x11
#1512 0 0000000000018d78     e822 m 00000000fffffb60 000000000001e848  c.sdsp   x8, 0x10
#1513 0 0000000000018d7a     e426 m 00000000fffffb58 0000000000000006  c.sdsp   x9, 0x8
#1514 0 0000000000018d7c     85b2 r 000000000000000b 0000000000020010  c.mv     x11, x12
#1515 0 0000000000018d7e     842a r 0000000000000008 000000000001e260  c.mv     x8, x10
#1516 0 0000000000018d80     8636 r 000000000000000c 0000000000000006  c.mv     x12, x13
#1517 0 0000000000018d82     853a r 000000000000000a 0000000000000001  c.mv     x10, x14
#1518 0 0000000000018d84     ec06 m 00000000fffffb68 00000000000121ce  c.sdsp   x1, 0x18
#1519 0 0000000000018d86 7801a823 m 000000000001f3d8 0000000000000000  sw       x0, 0x790(x3)
#1520 0 0000000000018d8a 208020ef r 0000000000000001 0000000000018d8e  jal      x1, . + 0x2208
#1521 0 000000000001af92     1141 r 0000000000000002 00000000fffffb40  c.addi   x2, -0x10
#1522 0 000000000001af94     e406 m 00000000fffffb48 0000000000018d8e  c.sdsp   x1, 0x8
#1523 0 000000000001af96     e022 m 00000000fffffb40 000000000001e260  c.sdsp   x8, 0x0
#1524 0 000000000001af98 04000893 r 0000000000000011 0000000000000040  addi     x17, x0, 64
#1525 0 000000000001af9c 00000073 r 000000000000000a 0000000000000006  ecall    
#1526 0 000000000001afa0     842a r 0000000000000008 0000000000000006  c.mv     x8, x10
#1527 0 000000000001afa2 00054763 r 0000000000000000 0000000000000000  blt      x10, x0, . + 0xe
#1528 0 000000000001afa6     60a2 r 0000000000000001 0000000000018d8e  c.ldsp   x1, 0x8
#1529 0 000000000001afa8     8522 r 000000000000000a 0000000000000006  c.mv     x10, x8
#1530 0 000000000001afaa     6402 r 0000000000000008 000000000001e260  c.ldsp   x8, 0x0
#1531 0 000000000001afac     0141 r 0000000000000002 00000000fffffb50  c.addi   x2, 0x10
#1532 0 000000000001afae     8082 r 0000000000000000 0000000000000000  c.jr     x1
#1533 0 0000000000018d8e     57fd r 000000000000000f ffffffffffffffff  c.li     x15, -0x1
#1534 0 0000000000018d90 00f50763 r 0000000000000000 0000000000000000  beq      x10, x15, . + 0xe
#1535 0 0000000000018d94     60e2 r 0000000000000001 00000000000121ce  c.ldsp   x1, 0x18
#1536 0 0000000000018d96     6442 r 0000000000000008 000000000001e848  c.ldsp   x8, 0x10
#1537 0 0000000000018d98     64a2 r 0000000000000009 0000000000000006  c.ldsp   x9, 0x8
#1538 0 0000000000018d9a     6105 r 0000000000000002 00000000fffffb70  c.addi16sp 0x2
#1539 0 0000000000018d9c     8082 r 0000000000000000 0000000000000000  c.jr     x1
#1540 0 00000000000121ce     9c89 r 0000000000000009 0000000000000000  c.subw   x9, x10
#1541 0 00000000000121d0 fea046e3 r 0000000000000000 0000000000000000  blt      x0, x10, . - 0x14
#1542 0 00000000000121bc     992a r 0000000000000012 0000000000020016  c.add    x18, x10
#1543 0 00000000000121be fc9053e3 r 0000000000000000 0000000000000000  bge      x0, x9, . - 0x3a
#1544 0 0000000000012184     4501 r 000000000000000a 0000000000000000  c.li     x10, 0x0
#1545 0 0000000000012186     70a2 r 0000000000000001 0000000000019350  c.ldsp   x1, 0x28
#1546 0 0000000000012188     7402 r 0000000000000008 000000000001e848  c.ldsp   x8, 0x20
#1547 0 000000000001218a     64e2 r 0000000000000009 0000000000000001  c.ldsp   x9, 0x18
#1548 0 000000000001218c     6942 r 0000000000000012 00000000fffffdf0  c.ldsp   x18, 0x10
#1549 0 000000000001218e     69a2 r 0000000000000013 0000000000000000  c.ldsp   x19, 0x8
#1550 0 0000000000012190     6145 r 0000000000000002 00000000fffffba0  c.addi16sp 0x3
#1551 0 0000000000012192     8082 r 0000000000000000 0000000000000000  c.jr     x1
#1552 0 0000000000019350     d179 r 0000000000000000 0000000000000000  c.beqz   x10, . - 0x3a
#1553 0 0000000000019316 010a3783 r 000000000000000f 0000000000000001  ld       x15, 0x10(x20)
#1554 0 000000000001931a     9ca6 r 0000000000000019 000000000001c437  c.add    x25, x9
#1555 0 000000000001931c 409c0c33 r 0000000000000018 0000000000000000  sub      x24, x24, x9
#1556 0 0000000000019320 409784b3 r 0000000000000009 0000000000000000  sub      x9, x15, x9
#1557 0 0000000000019324 009a3823 m 00000000fffffd70 0000000000000000  sd       x9, 0x10(x20)
#1558 0 0000000000019328     f4c5 r 0000000000000000 0000000000000000  c.bnez   x9, . - 0x58
#1559 0 000000000001932a     4501 r 000000000000000a 0000000000000000  c.li     x10, 0x0
#1560 0 000000000001932c     60e6 r 0000000000000001 0000000000018066  c.ldsp   x1, 0x58
#1561 0 000000000001932e     6446 r 0000000000000008 000000000001c437  c.ldsp   x8, 0x50
#1562 0 0000000000019330     64a6 r 0000000000000009 0000000000000001  c.ldsp   x9, 0x48
#1563 0 0000000000019332     6906 r 0000000000000012 000000000001e848  c.ldsp   x18, 0x40
#1564 0 0000000000019334     79e2 r 0000000000000013 0000000000000001  c.ldsp   x19, 0x38
#1565 0 0000000000019336     7a42 r 0000000000000014 000000000001e260  c.ldsp   x20, 0x30
#1566 0 0000000000019338     7aa2 r 0000000000000015 00000000fffffd60  c.ldsp   x21, 0x28
#1567 0 000000000001933a     7b02 r 0000000000000016 00000000fffffde0  c.ldsp   x22, 0x20
#1568 0 000000000001933c     6be2 r 0000000000000017 0000000000000001  c.ldsp   x23, 0x18
#1569 0 000000000001933e     6c42 r 0000000000000018 fffffffffffffffe  c.ldsp   x24, 0x10
#1570 0 0000000000019340     6ca2 r 0000000000000019 000000000001c436  c.ldsp   x25, 0x8
#1571 0 0000000000019342     6d02 r 000000000000001a 0000000000000064  c.ldsp   x26, 0x0
#1572 0 0000000000019344     6125 r 0000000000000002 00000000fffffc00  c.addi16sp 0x6
#1573 0 0000000000019346     8082 r 0000000000000000 0000000000000000  c.jr     x1
#1574 0 0000000000018066     b7e1 r 0000000000000000 0000000000000000  c.j      . - 0x38
#1575 0 000000000001802e     60a6 r 0000000000000001 0000000000011830  c.ldsp   x1, 0x48
#1576 0 0000000000018030     6406 r 0000000000000008 000000000001c437  c.ldsp   x8, 0x40
#1577 0 0000000000018032 000ab823 m 00000000fffffd70 0000000000000000  sd       x0, 0x10(x21)
#1578 0 0000000000018036 000aa423 m 00000000fffffd68 0000000000000000  sw       x0, 0x8(x21)
#1579 0 000000000001803a     74e2 r 0000000000000009 0000000000000001  c.ldsp   x9, 0x38
#1580 0 000000000001803c     7942 r 0000000000000012 000000000001e848  c.ldsp   x18, 0x30
#1581 0 000000000001803e     79a2 r 0000000000000013 0000000000000001  c.ldsp   x19, 0x28
#1582 0 0000000000018040     7a02 r 0000000000000014 000000000001e260  c.ldsp   x20, 0x20
#1583 0 0000000000018042     6ae2 r 0000000000000015 0000000000000000  c.ldsp   x21, 0x18
#1584 0 0000000000018044     6b42 r 0000000000000016 00000000fffffde0  c.ldsp   x22, 0x10
#1585 0 0000000000018046     6ba2 r 0000000000000017 0000000000000001  c.ldsp   x23, 0x8
#1586 0 0000000000018048     6161 r 0000000000000002 00000000fffffc50  c.addi16sp 0x5
#1587 0 000000000001804a     8082 r 0000000000000000 0000000000000000  c.jr     x1
#1588 0 0000000000011830 d99fe06f r 0000000000000000 0000000000000000  j        . - 0x1268
#1589 0 00000000000105c8 01095783 r 000000000000000f 0000000000002889  lhu      x15, 0x10(x18)
#1590 0 00000000000105cc 0407f793 r 000000000000000f 0000000000000000  andi     x15, x15, 64
#1591 0 00000000000105d0     c399 r 0000000000000000 0000000000000000  c.beqz   x15, . + 0x6
#1592 0 00000000000105d6 27813083 r 0000000000000001 000000000001030c  ld       x1, 0x278(x2)
#1593 0 00000000000105da 27013403 r 0000000000000008 00000000ffffff50  ld       x8, 0x270(x2)
#1594 0 00000000000105de     6522 r 000000000000000a 0000000000000006  c.ldsp   x10, 0x8
#1595 0 00000000000105e0 26813483 r 0000000000000009 0000000000000000  ld       x9, 0x268(x2)
#1596 0 00000000000105e4 26013903 r 0000000000000012 0000000000000000  ld       x18, 0x260(x2)
#1597 0 00000000000105e8 25813983 r 0000000000000013 0000000000000000  ld       x19, 0x258(x2)
#1598 0 00000000000105ec 25013a03 r 0000000000000014 0000000000000000  ld       x20, 0x250(x2)
#1599 0 00000000000105f0 24813a83 r 0000000000000015 0000000000000000  ld       x21, 0x248(x2)
#1600 0 00000000000105f4 24013b03 r 0000000000000016 0000000000000000  ld       x22, 0x240(x2)
#1601 0 00000000000105f8 23813b83 r 0000000000000017 0000000000000000  ld       x23, 0x238(x2)
#1602 0 00000000000105fc 23013c03 r 0000000000000018 0000000000000000  ld       x24, 0x230(x2)
#1603 0 0000000000010600 22813c83 r 0000000000000019 0000000000000000  ld       x25, 0x228(x2)
#1604 0 0000000000010604 22013d03 r 000000000000001a 0000000000000000  ld       x26, 0x220(x2)
#1605 0 0000000000010608 21813d83 r 000000000000001b 0000000000000000  ld       x27, 0x218(x2)
#1606 0 000000000001060c 28010113 r 0000000000000002 00000000fffffed0  addi     x2, x2, 640
#1607 0 0000000000010610     8082 r 0000000000000000 0000000000000000  c.jr     x1
#1608 0 000000000001030c     60e2 r 0000000000000001 000000000001016e  c.ldsp   x1, 0x18
#1609 0 000000000001030e     6125 r 0000000000000002 00000000ffffff30  c.addi16sp 0x6
#1610 0 0000000000010310     8082 r 0000000000000000 0000000000000000  c.jr     x1
#1611 0 000000000001016e fec42783 r 000000000000000f 0000000000000000  lw       x15, -0x14(x8)
#1612 0 0000000000010172     2785 r 000000000000000f 0000000000000001  c.addiw  x15, 0x1
#1613 0 0000000000010174 fef42623 m 00000000ffffff3c 0000000000000001  sw       x15, -0x14(x8)
#1614 0 0000000000010178 fec42783 r 000000000000000f 0000000000000001  lw       x15, -0x14(x8)
#1615 0 000000000001017c 0007871b r 000000000000000e 0000000000000001  addiw    x14, x15, 0
#1616 0 0000000000010180     47a5 r 000000000000000f 0000000000000009  c.li     x15, 0x9
#1617 0 0000000000010182 fce7dee3 r 0000000000000000 0000000000000000  bge      x15, x14, . - 0x24
#1618 0 000000000001015e fec42783 r 000000000000000f 0000000000000001  lw       x15, -0x14(x8)
#1619 0 0000000000010162     85be r 000000000000000b 0000000000000001  c.mv     x11, x15
#1620 0 0000000000010164     67f1 r 000000000000000f 000000000001c000  c.lui    x15, 0x1c
#1621 0 0000000000010166 43078513 r 000000000000000a 000000000001c430  addi     x10, x15, 1072
#1622 0 000000000001016a 17c000ef r 0000000000000001 000000000001016e  jal      x1, . + 0x17c
#1623 0 00000000000102e6 7581b303 r 0000000000000006 000000000001e260  ld       x6, 0x758(x3)
#1624 0 00000000000102ea     711d r 0000000000000002 00000000fffffed0  c.addi16sp -0x6
#1625 0 00000000000102ec     f832 m 00000000ffffff00 0000000000000006  c.sdsp   x12, 0x30
#1626 0 00000000000102ee     fc36 m 00000000ffffff08 0000000000000006  c.sdsp   x13, 0x38
#1627 0 00000000000102f0     f42e m 00000000fffffef8 0000000000000001  c.sdsp   x11, 0x28
#1628 0 00000000000102f2     e0ba m 00000000ffffff10 0000000000000001  c.sdsp   x14, 0x40
#1629 0 00000000000102f4     e4be m 00000000ffffff18 000000000001c000  c.sdsp   x15, 0x48
#1630 0 00000000000102f6     e8c2 m 00000000ffffff20 0000000000000000  c.sdsp   x16, 0x50
#1631 0 00000000000102f8     ecc6 m 00000000ffffff28 0000000000000040  c.sdsp   x17, 0x58
#1632 0 00000000000102fa 01033583 r 000000000000000b 000000000001e848  ld       x11, 0x10(x6)
#1633 0 00000000000102fe     1034 r 000000000000000d 00000000fffffef8  c.addi4spn  x13, 0xa
#1634 0 0000000000010300     862a r 000000000000000c 000000000001c430  c.mv     x12, x10
#1635 0 0000000000010302     851a r 000000000000000a 000000000001e260  c.mv     x10, x6
#1636 0 0000000000010304     ec06 m 00000000fffffee8 000000000001016e  c.sdsp   x1, 0x18
#1637 0 0000000000010306     e436 m 00000000fffffed8 00000000fffffef8  c.sdsp   x13, 0x8
#1638 0 0000000000010308 00a000ef r 0000000000000001 000000000001030c  jal      x1, . + 0xa
#1639 0 0000000000010312 d8010113 r 0000000000000002 00000000fffffc50  addi     x2, x2, -640
#1640 0 0000000000010316 26113c23 m 00000000fffffec8 000000000001030c  sd       x1, 0x278(x2)
#1641 0 000000000001031a 27213023 m 00000000fffffeb0 0000000000000000  sd       x18, 0x260(x2)
#1642 0 000000000001031e 25413823 m 00000000fffffea0 0000000000000000  sd       x20, 0x250(x2)
#1643 0 0000000000010322 23913423 m 00000000fffffe78 0000000000000000  sd       x25, 0x228(x2)
#1644 0 0000000000010326     892e r 0000000000000012 000000000001e848  c.mv     x18, x11
#1645 0 0000000000010328     8cb2 r 0000000000000019 000000000001c430  c.mv     x25, x12
#1646 0 000000000001032a     e836 m 00000000fffffc60 00000000fffffef8  c.sdsp   x13, 0x10
#1647 0 000000000001032c 26813823 m 00000000fffffec0 00000000ffffff50  sd       x8, 0x270(x2)
#1648 0 0000000000010330 26913423 m 00000000fffffeb8 0000000000000000  sd       x9, 0x268(x2)
#1649 0 0000000000010334 25313c23 m 00000000fffffea8 0000000000000000  sd       x19, 0x258(x2)
#1650 0 0000000000010338 25513423 m 00000000fffffe98 0000000000000000  sd       x21, 0x248(x2)
#1651 0 000000000001033c 25613023 m 00000000fffffe90 0000000000000000  sd       x22, 0x240(x2)
#1652 0 0000000000010340 23713c23 m 00000000fffffe88 0000000000000000  sd       x23, 0x238(x2)
#1653 0 0000000000010344 23813823 m 00000000fffffe80 0000000000000000  sd       x24, 0x230(x2)
#1654 0 0000000000010348 23a13023 m 00000000fffffe70 0000000000000000  sd       x26, 0x220(x2)
#1655 0 000000000001034c 21b13c23 m 00000000fffffe68 0000000000000000  sd       x27, 0x218(x2)
#1656 0 0000000000010350     8a2a r 0000000000000014 000000000001e260  c.mv     x20, x10
#1657 0 0000000000010352 6fa040ef r 0000000000000001 0000000000010356  jal      x1, . + 0x46fa
#1658 0 0000000000014a4c e6018513 r 000000000000000a 000000000001eaa8  addi     x10, x3, -416
#1659 0 0000000000014a50     8082 r 0000000000000000 0000000000000000  c.jr     x1
#1660 0 0000000000010356     611c r 000000000000000f 000000000001c980  c.ld     x15, 0x0(x10)
#1661 0 0000000000010358     853e r 000000000000000a 000000000001c980  c.mv     x10, x15
#1662 0 000000000001035a     f8be m 00000000fffffcc0 000000000001c980  c.sdsp   x15, 0x70
#1663 0 000000000001035c 058060ef r 0000000000000001 0000000000010360  jal      x1, . + 0x6058
#1664 0 00000000000163b4 00757793 r 000000000000000f 0000000000000000  andi     x15, x10, 7
#1665 0 00000000000163b8     872a r 000000000000000e 000000000001c980  c.mv     x14, x10
#1666 0 00000000000163ba     eba9 r 0000000000000000 0000000000000000  c.bnez   x15, . + 0x52
#1667 0 00000000000163bc 7401b683 r 000000000000000d 7f7f7f7f7f7f7f7f  ld       x13, 0x740(x3)
#1668 0 00000000000163c0     55fd r 000000000000000b ffffffffffffffff  c.li     x11, -0x1
#1669 0 00000000000163c2     6310 r 000000000000000c 000000000000002e  c.ld     x12, 0x0(x14)
#1670 0 00000000000163c4     0721 r 000000000000000e 000000000001c988  c.addi   x14, 0x8
#1671 0 00000000000163c6 00d677b3 r 000000000000000f 000000000000002e  and      x15, x12, x13
#1672 0 00000000000163ca     97b6 r 000000000000000f 7f7f7f7f7f7f7fad  c.add    x15, x13
#1673 0 00000000000163cc     8fd1 r 000000000000000f 7f7f7f7f7f7f7faf  c.or     x15, x12
#1674 0 00000000000163ce     8fd5 r 000000000000000f 7f7f7f7f7f7f7fff  c.or     x15, x13
#1675 0 00000000000163d0 feb789e3 r 0000000000000000 0000000000000000  beq      x15, x11, . - 0xe
#1676 0 00000000000163d4 ff874683 r 000000000000000d 000000000000002e  lbu      x13, -0x8(x14)
#1677 0 00000000000163d8 40a707b3 r 000000000000000f 0000000000000008  sub      x15, x14, x10
#1678 0 00000000000163dc     c6a9 r 0000000000000000 0000000000000000  c.beqz   x13, . + 0x4a
#1679 0 00000000000163de ff974683 r 000000000000000d 0000000000000000  lbu      x13, -0x7(x14)
#1680 0 00000000000163e2     ce9d r 0000000000000000 0000000000000000  c.beqz   x13, . + 0x3e
#1681 0 0000000000016420 ff978513 r 000000000000000a 0000000000000001  addi     x10, x15, -7
#1682 0 0000000000016424     8082 r 0000000000000000 0000000000000000  c.jr     x1
#1683 0 0000000000010360     f4aa m 00000000fffffcb8 0000000000000001  c.sdsp   x10, 0x68
#1684 0 0000000000010362     e202 m 00000000fffffd50 0000000000000000  c.sdsp   x0, 0x100
#1685 0 0000000000010364     e602 m 00000000fffffd58 0000000000000000  c.sdsp   x0, 0x108
#1686 0 0000000000010366 000a0663 r 0000000000000000 0000000000000000  beq      x20, x0, . + 0xc
#1687 0 000000000001036a 050a2783 r 000000000000000f 0000000000000001  lw       x15, 0x50(x20)
#1688 0 000000000001036e 72078963 r 0000000000000000 0000000000000000  beq      x15, x0, . + 0x732
#1689 0 0000000000010372 01091703 r 000000000000000e 0000000000002889  lh       x14, 0x10(x18)
#1690 0 0000000000010376     6689 r 000000000000000d 0000000000002000  c.lui    x13, 0x2
#1691 0 0000000000010378 03071793 r 000000000000000f 2889000000000000  slli     x15, x14, 48
#1692 0 000000000001037c     93c1 r 000000000000000f 0000000000002889  c.srli   x15, 0x30
#1693 0 000000000001037e 00d7f633 r 000000000000000c 0000000000002000  and      x12, x15, x13
#1694 0 0000000000010382     e215 r 0000000000000000 0000000000000000  c.bnez   x12, . + 0x24
#1695 0 00000000000103a6 0087f713 r 000000000000000e 0000000000000008  andi     x14, x15, 8
#1696 0 00000000000103aa 26070a63 r 0000000000000000 0000000000000000  beq      x14, x0, . + 0x274
#1697 0 00000000000103ae 01893703 r 000000000000000e 0000000000020010  ld       x14, 0x18(x18)
#1698 0 00000000000103b2 26070663 r 0000000000000000 0000000000000000  beq      x14, x0, . + 0x26c
#1699 0 00000000000103b6     8be9 r 000000000000000f 0000000000000008  c.andi   x15, 0x1a
#1700 0 00000000000103b8     4729 r 000000000000000e 000000000000000a  c.li     x14, 0xa
#1701 0 00000000000103ba 26e78f63 r 0000000000000000 0000000000000000  beq      x15, x14, . + 0x27e
#1702 0 00000000000103be     67f1 r 000000000000000f 000000000001c000  c.lui    x15, 0x1c
#1703 0 00000000000103c0 6587b783 r 000000000000000f 3ffc000000000000  ld       x15, 0x658(x15)
#1704 0 00000000000103c4 19010b13 r 0000000000000016 00000000fffffde0  addi     x22, x2, 400
#1705 0 00000000000103c8     ea5a m 00000000fffffd60 00000000fffffde0  c.sdsp   x22, 0x110
#1706 0 00000000000103ca     ed3e m 00000000fffffce8 3ffc000000000000  c.sdsp   x15, 0x98
#1707 0 00000000000103cc     67f1 r 000000000000000f 000000000001c000  c.lui    x15, 0x1c
#1708 0 00000000000103ce 6387b783 r 000000000000000f 4003000000000000  ld       x15, 0x638(x15)
#1709 0 00000000000103d2     f202 m 00000000fffffd70 0000000000000000  c.sdsp   x0, 0x120
#1710 0 00000000000103d4 10012c23 m 00000000fffffd68 0000000000000000  sw       x0, 0x118(x2)
#1711 0 00000000000103d8     e93e m 00000000fffffce0 4003000000000000  c.sdsp   x15, 0x90
#1712 0 00000000000103da     67f1 r 000000000000000f 000000000001c000  c.lui    x15, 0x1c
#1713 0 00000000000103dc 6487b783 r 000000000000000f 3ffe000000000000  ld       x15, 0x648(x15)
#1714 0 00000000000103e0     f002 m 00000000fffffc70 0000000000000000  c.sdsp   x0, 0x20
#1715 0 00000000000103e2     f402 m 00000000fffffc78 0000000000000000  c.sdsp   x0, 0x28
#1716 0 00000000000103e4     f13e m 00000000fffffcf0 3ffe000000000000  c.sdsp   x15, 0xa0
#1717 0 00000000000103e6 000cc783 r 000000000000000f 0000000000000069  lbu      x15, 0x0(x25)
#1718 0 00000000000103ea     fc82 m 00000000fffffcc8 0000000000000000  c.sdsp   x0, 0x78
#1719 0 00000000000103ec     f082 m 00000000fffffcb0 0000000000000000  c.sdsp   x0, 0x60
#1720 0 00000000000103ee     e102 m 00000000fffffcd0 0000000000000000  c.sdsp   x0, 0x80
#1721 0 00000000000103f0     e502 m 00000000fffffcd8 0000000000000000  c.sdsp   x0, 0x88
#1722 0 00000000000103f2     e402 m 00000000fffffc58 0000000000000000  c.sdsp   x0, 0x8
#1723 0 00000000000103f4     835a r 0000000000000006 00000000fffffde0  c.mv     x6, x22
#1724 0 00000000000103f6 1c078563 r 0000000000000000 0000000000000000  beq      x15, x0, . + 0x1ca
#1725 0 00000000000103fa     8466 r 0000000000000008 000000000001c430  c.mv     x8, x25
#1726 0 00000000000103fc 02500713 r 000000000000000e 0000000000000025  addi     x14, x0, 37
#1727 0 0000000000010400 30e78363 r 0000000000000000 0000000000000000  beq      x15, x14, . + 0x306
#1728 0 0000000000010404 00144783 r 000000000000000f 0000000000000020  lbu      x15, 0x1(x8)
#1729 0 0000000000010408     0405 r 0000000000000008 000000000001c431  c.addi   x8, 0x1
#1730 0 000000000001040a     fbfd r 0000000000000000 0000000000000000  c.bnez   x15, . - 0xa
#1731 0 0000000000010400 30e78363 r 0000000000000000 0000000000000000  beq      x15, x14, . + 0x306
#1732 0 0000000000010404 00144783 r 000000000000000f 000000000000003d  lbu      x15, 0x1(x8)
#1733 0 0000000000010408     0405 r 0000000000000008 000000000001c432  c.addi   x8, 0x1
#1734 0 000000000001040a     fbfd r 0000000000000000 0000000000000000  c.bnez   x15, . - 0xa
#1735 0 0000000000010400 30e78363 r 0000000000000000 0000000000000000  beq      x15, x14, . + 0x306
#1736 0 0000000000010404 00144783 r 000000000000000f 0000000000000020  lbu      x15, 0x1(x8)
#1737 0 0000000000010408     0405 r 0000000000000008 000000000001c433  c.addi   x8, 0x1
#1738 0 000000000001040a     fbfd r 0000000000000000 0000000000000000  c.bnez   x15, . - 0xa
#1739 0 0000000000010400 30e78363 r 0000000000000000 0000000000000000  beq      x15, x14, . + 0x306
#1740 0 0000000000010404 00144783 r 000000000000000f 0000000000000025  lbu      x15, 0x1(x8)
#1741 0 0000000000010408     0405 r 0000000000000008 000000000001c434  c.addi   x8, 0x1
#1742 0 000000000001040a     fbfd r 0000000000000000 0000000000000000  c.bnez   x15, . - 0xa
#1743 0 0000000000010400 30e78363 r 0000000000000000 0000000000000000  beq      x15, x14, . + 0x306
#1744 0 0000000000010706 419404bb r 0000000000000009 0000000000000004  subw     x9, x8, x25
#1745 0 000000000001070a d00495e3 r 0000000000000000 0000000000000000  bne      x9, x0, . - 0x2f6
#1746 0 0000000000010414     7712 r 000000000000000e 0000000000000000  c.ldsp   x14, 0x120
#1747 0 0000000000010416 11812783 r 000000000000000f 0000000000000000  lw       x15, 0x118(x2)
#1748 0 000000000001041a 01933023 m 00000000fffffde0 000000000001c430  sd       x25, 0x0(x6)
#1749 0 000000000001041e     9726 r 000000000000000e 0000000000000004  c.add    x14, x9
#1750 0 0000000000010420     2785 r 000000000000000f 0000000000000001  c.addiw  x15, 0x1
#1751 0 0000000000010422 00933423 m 00000000fffffde8 0000000000000004  sd       x9, 0x8(x6)
#1752 0 0000000000010426     f23a m 00000000fffffd70 0000000000000004  c.sdsp   x14, 0x120
#1753 0 0000000000010428 10f12c23 m 00000000fffffd68 0000000000000001  sw       x15, 0x118(x2)
#1754 0 000000000001042c 0007871b r 000000000000000e 0000000000000001  addiw    x14, x15, 0
#1755 0 0000000000010430     479d r 000000000000000f 0000000000000007  c.li     x15, 0x7
#1756 0 0000000000010432     0341 r 0000000000000006 00000000fffffdf0  c.addi   x6, 0x10
#1757 0 0000000000010434 2ee7c063 r 0000000000000000 0000000000000000  blt      x15, x14, . + 0x2e0
#1758 0 0000000000010438     6722 r 000000000000000e 0000000000000000  c.ldsp   x14, 0x8
#1759 0 000000000001043a 00044783 r 000000000000000f 0000000000000025  lbu      x15, 0x0(x8)
#1760 0 000000000001043e     9f25 r 000000000000000e 0000000000000004  c.addw   x14, x9
#1761 0 0000000000010440     e43a m 00000000fffffc58 0000000000000004  c.sdsp   x14, 0x8
#1762 0 0000000000010442 16078f63 r 0000000000000000 0000000000000000  beq      x15, x0, . + 0x17e
#1763 0 0000000000010446     67f1 r 000000000000000f 000000000001c000  c.lui    x15, 0x1c
#1764 0 0000000000010448 00144e03 r 000000000000001c 0000000000000064  lbu      x28, 0x1(x8)
#1765 0 000000000001044c 0c010fa3 m 00000000fffffd2f 0000000000000000  sb       x0, 0xdf(x2)
#1766 0 0000000000010450     0405 r 0000000000000008 000000000001c435  c.addi   x8, 0x1
#1767 0 0000000000010452     5c7d r 0000000000000018 ffffffffffffffff  c.li     x24, -0x1
#1768 0 0000000000010454     4a81 r 0000000000000015 0000000000000000  c.li     x21, 0x0
#1769 0 0000000000010456     4481 r 0000000000000009 0000000000000000  c.li     x9, 0x0
#1770 0 0000000000010458 05a00993 r 0000000000000013 000000000000005a  addi     x19, x0, 90
#1771 0 000000000001045c 49878b93 r 0000000000000017 000000000001c498  addi     x23, x15, 1176
#1772 0 0000000000010460     4da5 r 000000000000001b 0000000000000009  c.li     x27, 0x9
#1773 0 0000000000010462     0405 r 0000000000000008 000000000001c436  c.addi   x8, 0x1
#1774 0 0000000000010464 000e0d1b r 000000000000001a 0000000000000064  addiw    x26, x28, 0
#1775 0 0000000000010468 02a00613 r 000000000000000c 000000000000002a  addi     x12, x0, 42
#1776 0 000000000001046c fe0d079b r 000000000000000f 0000000000000044  addiw    x15, x26, -32
#1777 0 0000000000010470 0007871b r 000000000000000e 0000000000000044  addiw    x14, x15, 0
#1778 0 0000000000010474 04e9e363 r 0000000000000000 0000000000000000  bltu     x19, x14, . + 0x46
#1779 0 0000000000010478 02079713 r 000000000000000e 0000004400000000  slli     x14, x15, 32
#1780 0 000000000001047c 01e75793 r 000000000000000f 0000000000000110  srli     x15, x14, 30
#1781 0 0000000000010480     97de r 000000000000000f 000000000001c5a8  c.add    x15, x23
#1782 0 0000000000010482     439c r 000000000000000f 0000000000010656  c.lw     x15, 0x0(x15)
#1783 0 0000000000010484     8782 r 0000000000000000 0000000000000000  c.jr     x15
#1784 0 0000000000010656     66c2 r 000000000000000d 00000000fffffef8  c.ldsp   x13, 0x10
#1785 0 0000000000010658 0204f793 r 000000000000000f 0000000000000000  andi     x15, x9, 32
#1786 0 000000000001065c 00868713 r 000000000000000e 00000000ffffff00  addi     x14, x13, 8
#1787 0 0000000000010660 3c078163 r 0000000000000000 0000000000000000  beq      x15, x0, . + 0x3c2
#1788 0 0000000000010a22 0104f793 r 000000000000000f 0000000000000000  andi     x15, x9, 16
#1789 0 0000000000010a26 7e079f63 r 0000000000000000 0000000000000000  bne      x15, x0, . + 0x7fe
#1790 0 0000000000010a2a 0404f793 r 000000000000000f 0000000000000000  andi     x15, x9, 64
#1791 0 0000000000010a2e 380788e3 r 0000000000000000 0000000000000000  beq      x15, x0, . + 0xb90
#1792 0 00000000000115be 2004f793 r 000000000000000f 0000000000000000  andi     x15, x9, 512
#1793 0 00000000000115c2 24078163 r 0000000000000000 0000000000000000  beq      x15, x0, . + 0x242
#1794 0 0000000000011804     67c2 r 000000000000000f 00000000fffffef8  c.ldsp   x15, 0x10
#1795 0 0000000000011806 0007a983 r 0000000000000013 0000000000000001  lw       x19, 0x0(x15)
#1796 0 000000000001180a     87ce r 000000000000000f 0000000000000001  c.mv     x15, x19
#1797 0 000000000001180c e5dfe06f r 0000000000000000 0000000000000000  j        . - 0x11a4
#1798 0 0000000000010668 3c07cb63 r 0000000000000000 0000000000000000  blt      x15, x0, . + 0x3d6
#1799 0 000000000001066c     57fd r 000000000000000f ffffffffffffffff  c.li     x15, -0x1
#1800 0 000000000001066e 3efc00e3 r 0000000000000000 0000000000000000  beq      x24, x15, . + 0xbe0
#1801 0 000000000001124e     e83a m 00000000fffffc60 00000000ffffff00  c.sdsp   x14, 0x10
#1802 0 0000000000011250     47a5 r 000000000000000f 0000000000000009  c.li     x15, 0x9
#1803 0 0000000000011252     8da6 r 000000000000001b 0000000000000000  c.mv     x27, x9
#1804 0 0000000000011254 cb37f8e3 r 0000000000000000 0000000000000000  bgeu     x15, x19, . - 0x350
#1805 0 0000000000010f04 0309899b r 0000000000000013 0000000000000031  addiw    x19, x19, 48
#1806 0 0000000000010f08 193105a3 m 00000000fffffddb 0000000000000031  sb       x19, 0x18b(x2)
#1807 0 0000000000010f0c     84ee r 0000000000000009 0000000000000000  c.mv     x9, x27
#1808 0 0000000000010f0e     4b85 r 0000000000000017 0000000000000001  c.li     x23, 0x1
#1809 0 0000000000010f10 18b10c93 r 0000000000000019 00000000fffffddb  addi     x25, x2, 395
#1810 0 0000000000010f14 f7aff06f r 0000000000000000 0000000000000000  j        . - 0x886
#1811 0 000000000001068e 0df14783 r 000000000000000f 0000000000000000  lbu      x15, 0xdf(x2)
#1812 0 0000000000010692 000b899b r 0000000000000013 0000000000000001  addiw    x19, x23, 0
#1813 0 0000000000010696 018bd463 r 0000000000000000 0000000000000000  bge      x23, x24, . + 0x8
#1814 0 000000000001069e     ec02 m 00000000fffffc68 0000000000000000  c.sdsp   x0, 0x18
#1815 0 00000000000106a0     e482 m 00000000fffffc98 0000000000000000  c.sdsp   x0, 0x48
#1816 0 00000000000106a2     ec82 m 00000000fffffca8 0000000000000000  c.sdsp   x0, 0x58
#1817 0 00000000000106a4     e882 m 00000000fffffca0 0000000000000000  c.sdsp   x0, 0x50
#1818 0 00000000000106a6 e20789e3 r 0000000000000000 0000000000000000  beq      x15, x0, . - 0x1ce
#1819 0 00000000000104d8 0024f293 r 0000000000000005 0000000000000000  andi     x5, x9, 2
#1820 0 00000000000104dc 00028363 r 0000000000000000 0000000000000000  beq      x5, x0, . + 0x6
#1821 0 00000000000104e2 0844fd93 r 000000000000001b 0000000000000000  andi     x27, x9, 132
#1822 0 00000000000104e6     7792 r 000000000000000f 0000000000000004  c.ldsp   x15, 0x120
#1823 0 00000000000104e8 000d9663 r 0000000000000000 0000000000000000  bne      x27, x0, . + 0xc
#1824 0 00000000000104ec 413a86bb r 000000000000000d ffffffffffffffff  subw     x13, x21, x19
#1825 0 00000000000104f0 22d044e3 r 0000000000000000 0000000000000000  blt      x0, x13, . + 0xa28
#1826 0 00000000000104f4 0df14703 r 000000000000000e 0000000000000000  lbu      x14, 0xdf(x2)
#1827 0 00000000000104f8     c70d r 0000000000000000 0000000000000000  c.beqz   x14, . + 0x2a
#1828 0 0000000000010522 02028563 r 0000000000000000 0000000000000000  beq      x5, x0, . + 0x2a
#1829 0 000000000001054c 08000713 r 000000000000000e 0000000000000080  addi     x14, x0, 128
#1830 0 0000000000010550 06ed8ae3 r 0000000000000000 0000000000000000  beq      x27, x14, . + 0x874
#1831 0 0000000000010554 417c0c3b r 0000000000000018 fffffffffffffffe  subw     x24, x24, x23
#1832 0 0000000000010558 0f804ee3 r 0000000000000000 0000000000000000  blt      x0, x24, . + 0x8fc
#1833 0 000000000001055c 1004f713 r 000000000000000e 0000000000000000  andi     x14, x9, 256
#1834 0 0000000000010560 78071b63 r 0000000000000000 0000000000000000  bne      x14, x0, . + 0x796
#1835 0 0000000000010564 11812703 r 000000000000000e 0000000000000001  lw       x14, 0x118(x2)
#1836 0 0000000000010568     97de r 000000000000000f 0000000000000005  c.add    x15, x23
#1837 0 000000000001056a 01933023 m 00000000fffffdf0 00000000fffffddb  sd       x25, 0x0(x6)
#1838 0 000000000001056e 0017069b r 000000000000000d 0000000000000002  addiw    x13, x14, 1
#1839 0 0000000000010572     8736 r 000000000000000e 0000000000000002  c.mv     x14, x13
#1840 0 0000000000010574 01733423 m 00000000fffffdf8 0000000000000001  sd       x23, 0x8(x6)
#1841 0 0000000000010578 10e12c23 m 00000000fffffd68 0000000000000002  sw       x14, 0x118(x2)
#1842 0 000000000001057c     f23e m 00000000fffffd70 0000000000000005  c.sdsp   x15, 0x120
#1843 0 000000000001057e     471d r 000000000000000e 0000000000000007  c.li     x14, 0x7
#1844 0 0000000000010580 46d74863 r 0000000000000000 0000000000000000  blt      x14, x13, . + 0x470
#1845 0 0000000000010584     0341 r 0000000000000006 00000000fffffe00  c.addi   x6, 0x10
#1846 0 0000000000010586     8891 r 0000000000000009 0000000000000000  c.andi   x9, 0x4
#1847 0 0000000000010588     c489 r 0000000000000000 0000000000000000  c.beqz   x9, . + 0xa
#1848 0 0000000000010592     8756 r 000000000000000e 0000000000000000  c.mv     x14, x21
#1849 0 0000000000010594 013ad363 r 0000000000000000 0000000000000000  bge      x21, x19, . + 0x6
#1850 0 0000000000010598     874e r 000000000000000e 0000000000000001  c.mv     x14, x19
#1851 0 000000000001059a     66a2 r 000000000000000d 0000000000000004  c.ldsp   x13, 0x8
#1852 0 000000000001059c     9f35 r 000000000000000e 0000000000000005  c.addw   x14, x13
#1853 0 000000000001059e     e43a m 00000000fffffc58 0000000000000005  c.sdsp   x14, 0x8
#1854 0 00000000000105a0 12079be3 r 0000000000000000 0000000000000000  bne      x15, x0, . + 0x936
#1855 0 0000000000010ed6     0a10 r 000000000000000c 00000000fffffd60  c.addi4spn  x12, 0x44
#1856 0 0000000000010ed8     85ca r 000000000000000b 000000000001e848  c.mv     x11, x18
#1857 0 0000000000010eda     8552 r 000000000000000a 000000000001e260  c.mv     x10, x20
#1858 0 0000000000010edc 18c070ef r 0000000000000001 0000000000010ee0  jal      x1, . + 0x718c
#1859 0 0000000000018068     6a18 r 000000000000000e 0000000000000005  c.ld     x14, 0x10(x12)
#1860 0 000000000001806a     c311 r 0000000000000000 0000000000000000  c.beqz   x14, . + 0x4
#1861 0 000000000001806c     bfa1 r 0000000000000000 0000000000000000  c.j      . - 0xa8
#1862 0 0000000000017fc4 0ac5a783 r 000000000000000f 0000000000000000  lw       x15, 0xac(x11)
#1863 0 0000000000017fc8     715d r 0000000000000002 00000000fffffc00  c.addi16sp -0x5
#1864 0 0000000000017fca     6709 r 000000000000000e 0000000000002000  c.lui    x14, 0x2
#1865 0 0000000000017fcc     ec56 m 00000000fffffc18 0000000000000000  c.sdsp   x21, 0x18
#1866 0 0000000000017fce     e486 m 00000000fffffc48 0000000000010ee0  c.sdsp   x1, 0x48
#1867 0 0000000000017fd0     e0a2 m 00000000fffffc40 000000000001c436  c.sdsp   x8, 0x40
#1868 0 0000000000017fd2     fc26 m 00000000fffffc38 0000000000000000  c.sdsp   x9, 0x38
#1869 0 0000000000017fd4     f84a m 00000000fffffc30 000000000001e848  c.sdsp   x18, 0x30
#1870 0 0000000000017fd6     f44e m 00000000fffffc28 0000000000000001  c.sdsp   x19, 0x28
#1871 0 0000000000017fd8     f052 m 00000000fffffc20 000000000001e260  c.sdsp   x20, 0x20
#1872 0 0000000000017fda     e85a m 00000000fffffc10 00000000fffffde0  c.sdsp   x22, 0x10
#1873 0 0000000000017fdc     e45e m 00000000fffffc08 0000000000000001  c.sdsp   x23, 0x8
#1874 0 0000000000017fde     8ff9 r 000000000000000f 0000000000000000  c.and    x15, x14
#1875 0 0000000000017fe0     8ab2 r 0000000000000015 00000000fffffd60  c.mv     x21, x12
#1876 0 0000000000017fe2     c3c1 r 0000000000000000 0000000000000000  c.beqz   x15, . + 0x80
#1877 0 0000000000018062 146010ef r 0000000000000001 0000000000018066  jal      x1, . + 0x1146
#1878 0 00000000000191a8     6a1c r 000000000000000f 0000000000000005  c.ld     x15, 0x10(x12)
#1879 0 00000000000191aa 1a078c63 r 0000000000000000 0000000000000000  beq      x15, x0, . + 0x1b8
#1880 0 00000000000191ae 0105d783 r 000000000000000f 0000000000002889  lhu      x15, 0x10(x11)
#1881 0 00000000000191b2     711d r 0000000000000002 00000000fffffba0  c.addi16sp -0x6
#1882 0 00000000000191b4     e8a2 m 00000000fffffbf0 000000000001c436  c.sdsp   x8, 0x50
#1883 0 00000000000191b6     f852 m 00000000fffffbd0 000000000001e260  c.sdsp   x20, 0x30
#1884 0 00000000000191b8     f456 m 00000000fffffbc8 00000000fffffd60  c.sdsp   x21, 0x28
#1885 0 00000000000191ba     ec86 m 00000000fffffbf8 0000000000018066  c.sdsp   x1, 0x58
#1886 0 00000000000191bc     e4a6 m 00000000fffffbe8 0000000000000000  c.sdsp   x9, 0x48
#1887 0 00000000000191be     e0ca m 00000000fffffbe0 000000000001e848  c.sdsp   x18, 0x40
#1888 0 00000000000191c0     fc4e m 00000000fffffbd8 0000000000000001  c.sdsp   x19, 0x38
#1889 0 00000000000191c2     f05a m 00000000fffffbc0 00000000fffffde0  c.sdsp   x22, 0x20
#1890 0 00000000000191c4     ec5e m 00000000fffffbb8 0000000000000001  c.sdsp   x23, 0x18
#1891 0 00000000000191c6     e862 m 00000000fffffbb0 fffffffffffffffe  c.sdsp   x24, 0x10
#1892 0 00000000000191c8     e466 m 00000000fffffba8 00000000fffffddb  c.sdsp   x25, 0x8
#1893 0 00000000000191ca     e06a m 00000000fffffba0 0000000000000064  c.sdsp   x26, 0x0
#1894 0 00000000000191cc 0087f713 r 000000000000000e 0000000000000008  andi     x14, x15, 8
#1895 0 00000000000191d0     8a32 r 0000000000000014 00000000fffffd60  c.mv     x20, x12
#1896 0 00000000000191d2     8aaa r 0000000000000015 000000000001e260  c.mv     x21, x10
#1897 0 00000000000191d4     842e r 0000000000000008 000000000001e848  c.mv     x8, x11
#1898 0 00000000000191d6     c325 r 0000000000000000 0000000000000000  c.beqz   x14, . + 0x60
#1899 0 00000000000191d8     6d98 r 000000000000000e 0000000000020010  c.ld     x14, 0x18(x11)
#1900 0 00000000000191da     cf31 r 0000000000000000 0000000000000000  c.beqz   x14, . + 0x5c
#1901 0 00000000000191dc 0027f713 r 000000000000000e 0000000000000000  andi     x14, x15, 2
#1902 0 00000000000191e0 000a3903 r 0000000000000012 00000000fffffde0  ld       x18, 0x0(x20)
#1903 0 00000000000191e4     c735 r 0000000000000000 0000000000000000  c.beqz   x14, . + 0x6c
#1904 0 0000000000019250 0017f713 r 000000000000000e 0000000000000001  andi     x14, x15, 1
#1905 0 0000000000019254     eb35 r 0000000000000000 0000000000000000  c.bnez   x14, . + 0x74
#1906 0 00000000000192c8     4981 r 0000000000000013 0000000000000000  c.li     x19, 0x0
#1907 0 00000000000192ca     4501 r 000000000000000a 0000000000000000  c.li     x10, 0x0
#1908 0 00000000000192cc     4c81 r 0000000000000019 0000000000000000  c.li     x25, 0x0
#1909 0 00000000000192ce     4c01 r 0000000000000018 0000000000000000  c.li     x24, 0x0
#1910 0 00000000000192d0 080c0b63 r 0000000000000000 0000000000000000  beq      x24, x0, . + 0x96
#1911 0 0000000000019366 00893c03 r 0000000000000018 0000000000000004  ld       x24, 0x8(x18)
#1912 0 000000000001936a 00093c83 r 0000000000000019 000000000001c430  ld       x25, 0x0(x18)
#1913 0 000000000001936e     0941 r 0000000000000012 00000000fffffdf0  c.addi   x18, 0x10
#1914 0 0000000000019370 fe0c0be3 r 0000000000000000 0000000000000000  beq      x24, x0, . - 0xa
#1915 0 0000000000019374     8662 r 000000000000000c 0000000000000004  c.mv     x12, x24
#1916 0 0000000000019376     45a9 r 000000000000000b 000000000000000a  c.li     x11, 0xa
#1917 0 0000000000019378     8566 r 000000000000000a 000000000001c430  c.mv     x10, x25
#1918 0 000000000001937a f7bfb0ef r 0000000000000001 000000000001937e  jal      x1, . - 0x4086
#1919 0 00000000000152f4 00757793 r 000000000000000f 0000000000000000  andi     x15, x10, 7
#1920 0 00000000000152f8 0ff5f693 r 000000000000000d 000000000000000a  andi     x13, x11, 255
#1921 0 00000000000152fc     c395 r 0000000000000000 0000000000000000  c.beqz   x15, . + 0x24
#1922 0 0000000000015320     87b2 r 000000000000000f 0000000000000004  c.mv     x15, x12
#1923 0 0000000000015322     471d r 000000000000000e 0000000000000007  c.li     x14, 0x7
#1924 0 0000000000015324 00f76f63 r 0000000000000000 0000000000000000  bltu     x14, x15, . + 0x1e
#1925 0 0000000000015328     e399 r 0000000000000000 0000000000000000  c.bnez   x15, . + 0x6
#1926 0 000000000001532e     97aa r 000000000000000f 000000000001c434  c.add    x15, x10
#1927 0 0000000000015330     a021 r 0000000000000000 0000000000000000  c.j      . + 0x8
#1928 0 0000000000015338 00054703 r 000000000000000e 0000000000000069  lbu      x14, 0x0(x10)
#1929 0 000000000001533c fed71be3 r 0000000000000000 0000000000000000  bne      x14, x13, . - 0xa
#1930 0 0000000000015332     0505 r 000000000000000a 000000000001c431  c.addi   x10, 0x1
#1931 0 0000000000015334 fea78be3 r 0000000000000000 0000000000000000  beq      x15, x10, . - 0xa
#1932 0 0000000000015338 00054703 r 000000000000000e 0000000000000020  lbu      x14, 0x0(x10)
#1933 0 000000000001533c fed71be3 r 0000000000000000 0000000000000000  bne      x14, x13, . - 0xa
#1934 0 0000000000015332     0505 r 000000000000000a 000000000001c432  c.addi   x10, 0x1
#1935 0 0000000000015334 fea78be3 r 0000000000000000 0000000000000000  beq      x15, x10, . - 0xa
#1936 0 0000000000015338 00054703 r 000000000000000e 000000000000003d  lbu      x14, 0x0(x10)
#1937 0 000000000001533c fed71be3 r 0000000000000000 0000000000000000  bne      x14, x13, . - 0xa
#1938 0 0000000000015332     0505 r 000000000000000a 000000000001c433  c.addi   x10, 0x1
#1939 0 0000000000015334 fea78be3 r 0000000000000000 0000000000000000  beq      x15, x10, . - 0xa
#1940 0 0000000000015338 00054703 r 000000000000000e 0000000000000020  lbu      x14, 0x0(x10)
#1941 0 000000000001533c fed71be3 r 0000000000000000 0000000000000000  bne      x14, x13, . - 0xa
#1942 0 0000000000015332     0505 r 000000000000000a 000000000001c434  c.addi   x10, 0x1
#1943 0 0000000000015334 fea78be3 r 0000000000000000 0000000000000000  beq      x15, x10, . - 0xa
#1944 0 000000000001532a     4501 r 000000000000000a 0000000000000000  c.li     x10, 0x0
#1945 0 000000000001532c     8082 r 0000000000000000 0000000000000000  c.jr     x1
#1946 0 000000000001937e 12050f63 r 0000000000000000 0000000000000000  beq      x10, x0, . + 0x13e
#1947 0 00000000000194bc 001c099b r 0000000000000013 0000000000000005  addiw    x19, x24, 1
#1948 0 00000000000194c0     bd19 r 0000000000000000 0000000000000000  c.j      . - 0x1ea
#1949 0 00000000000192d6     8bce r 0000000000000017 0000000000000005  c.mv     x23, x19
#1950 0 00000000000192d8 013c7363 r 0000000000000000 0000000000000000  bgeu     x24, x19, . + 0x6
#1951 0 00000000000192dc     8be2 r 0000000000000017 0000000000000004  c.mv     x23, x24
#1952 0 00000000000192de     6008 r 000000000000000a 0000000000020010  c.ld     x10, 0x0(x8)
#1953 0 00000000000192e0     6c1c r 000000000000000f 0000000000020010  c.ld     x15, 0x18(x8)
#1954 0 00000000000192e2     5014 r 000000000000000d 0000000000000400  c.lw     x13, 0x20(x8)
#1955 0 00000000000192e4     84de r 0000000000000009 0000000000000004  c.mv     x9, x23
#1956 0 00000000000192e6 00a7f763 r 0000000000000000 0000000000000000  bgeu     x15, x10, . + 0xe
#1957 0 00000000000192f4 18dbc463 r 0000000000000000 0000000000000000  blt      x23, x13, . + 0x188
#1958 0 000000000001947c     865e r 000000000000000c 0000000000000004  c.mv     x12, x23
#1959 0 000000000001947e     85e6 r 000000000000000b 000000000001c430  c.mv     x11, x25
#1960 0 0000000000019480 1ac000ef r 0000000000000001 0000000000019484  jal      x1, . + 0x1ac
#1961 0 000000000001962c 02a5f263 r 0000000000000000 0000000000000000  bgeu     x11, x10, . + 0x24
#1962 0 0000000000019630 00c587b3 r 000000000000000f 000000000001c434  add      x15, x11, x12
#1963 0 0000000000019634 00f57e63 r 0000000000000000 0000000000000000  bgeu     x10, x15, . + 0x1c
#1964 0 0000000000019650     47fd r 000000000000000f 000000000000001f  c.li     x15, 0x1f
#1965 0 0000000000019652 02c7e163 r 0000000000000000 0000000000000000  bltu     x15, x12, . + 0x22
#1966 0 0000000000019656     87aa r 000000000000000f 0000000000020010  c.mv     x15, x10
#1967 0 0000000000019658 fff60693 r 000000000000000d 0000000000000003  addi     x13, x12, -1
#1968 0 000000000001965c     c245 r 0000000000000000 0000000000000000  c.beqz   x12, . + 0xa0
#1969 0 000000000001965e     0685 r 000000000000000d 0000000000000004  c.addi   x13, 0x1
#1970 0 0000000000019660     96be r 000000000000000d 0000000000020014  c.add    x13, x15
#1971 0 0000000000019662 0005c703 r 000000000000000e 0000000000000069  lbu      x14, 0x0(x11)
#1972 0 0000000000019666     0785 r 000000000000000f 0000000000020011  c.addi   x15, 0x1
#1973 0 0000000000019668     0585 r 000000000000000b 000000000001c431  c.addi   x11, 0x1
#1974 0 000000000001966a fee78fa3 m 0000000000020010 0000000000000069  sb       x14, -0x1(x15)
#1975 0 000000000001966e fed79ae3 r 0000000000000000 0000000000000000  bne      x15, x13, . - 0xc
#1976 0 0000000000019662 0005c703 r 000000000000000e 0000000000000020  lbu      x14, 0x0(x11)
#1977 0 0000000000019666     0785 r 000000000000000f 0000000000020012  c.addi   x15, 0x1
#1978 0 0000000000019668     0585 r 000000000000000b 000000000001c432  c.addi   x11, 0x1
#1979 0 000000000001966a fee78fa3 m 0000000000020011 0000000000000020  sb       x14, -0x1(x15)
#1980 0 000000000001966e fed79ae3 r 0000000000000000 0000000000000000  bne      x15, x13, . - 0xc
#1981 0 0000000000019662 0005c703 r 000000000000000e 000000000000003d  lbu      x14, 0x0(x11)
#1982 0 0000000000019666     0785 r 000000000000000f 0000000000020013  c.addi   x15, 0x1
#1983 0 0000000000019668     0585 r 000000000000000b 000000000001c433  c.addi   x11, 0x1
#1984 0 000000000001966a fee78fa3 m 0000000000020012 000000000000003d  sb       x14, -0x1(x15)
#1985 0 000000000001966e fed79ae3 r 0000000000000000 0000000000000000  bne      x15, x13, . - 0xc
#1986 0 0000000000019662 0005c703 r 000000000000000e 0000000000000020  lbu      x14, 0x0(x11)
#1987 0 0000000000019666     0785 r 000000000000000f 0000000000020014  c.addi   x15, 0x1
#1988 0 0000000000019668     0585 r 000000000000000b 000000000001c434  c.addi   x11, 0x1
#1989 0 000000000001966a fee78fa3 m 0000000000020013 0000000000000020  sb       x14, -0x1(x15)
#1990 0 000000000001966e fed79ae3 r 0000000000000000 0000000000000000  bne      x15, x13, . - 0xc
#1991 0 0000000000019672     8082 r 0000000000000000 0000000000000000  c.jr     x1
#1992 0 0000000000019484     4454 r 000000000000000d 0000000000000000  c.lw     x13, 0xc(x8)
#1993 0 0000000000019486     6018 r 000000000000000e 0000000000020010  c.ld     x14, 0x0(x8)
#1994 0 0000000000019488 000b879b r 000000000000000f 0000000000000004  addiw    x15, x23, 0
#1995 0 000000000001948c 417686bb r 000000000000000d fffffffffffffffc  subw     x13, x13, x23
#1996 0 0000000000019490     975e r 000000000000000e 0000000000020014  c.add    x14, x23
#1997 0 0000000000019492     c454 m 000000000001e854 00000000fffffffc  c.sw     x13, 0xc(x8)
#1998 0 0000000000019494     e018 m 000000000001e848 0000000000020014  c.sd     x14, 0x0(x8)
#1999 0 0000000000019496     bd9d r 0000000000000000 0000000000000000  c.j      . - 0x18a
#2000 0 000000000001930c 40f989bb r 0000000000000013 0000000000000001  subw     x19, x19, x15
#2001 0 0000000000019310     4505 r 000000000000000a 0000000000000001  c.li     x10, 0x1
#2002 0 0000000000019312 02098b63 r 0000000000000000 0000000000000000  beq      x19, x0, . + 0x36
#2003 0 0000000000019316 010a3783 r 000000000000000f 0000000000000005  ld       x15, 0x10(x20)
#2004 0 000000000001931a     9ca6 r 0000000000000019 000000000001c434  c.add    x25, x9
#2005 0 000000000001931c 409c0c33 r 0000000000000018 0000000000000000  sub      x24, x24, x9
#2006 0 0000000000019320 409784b3 r 0000000000000009 0000000000000001  sub      x9, x15, x9
#2007 0 0000000000019324 009a3823 m 00000000fffffd70 0000000000000001  sd       x9, 0x10(x20)
#2008 0 0000000000019328     f4c5 r 0000000000000000 0000000000000000  c.bnez   x9, . - 0x58
#2009 0 00000000000192d0 080c0b63 r 0000000000000000 0000000000000000  beq      x24, x0, . + 0x96
#2010 0 0000000000019366 00893c03 r 0000000000000018 0000000000000001  ld       x24, 0x8(x18)
#2011 0 000000000001936a 00093c83 r 0000000000000019 00000000fffffddb  ld       x25, 0x0(x18)
#2012 0 000000000001936e     0941 r 0000000000000012 00000000fffffe00  c.addi   x18, 0x10
#2013 0 0000000000019370 fe0c0be3 r 0000000000000000 0000000000000000  beq      x24, x0, . - 0xa
#2014 0 0000000000019374     8662 r 000000000000000c 0000000000000001  c.mv     x12, x24
#2015 0 0000000000019376     45a9 r 000000000000000b 000000000000000a  c.li     x11, 0xa
#2016 0 0000000000019378     8566 r 000000000000000a 00000000fffffddb  c.mv     x10, x25
#2017 0 000000000001937a f7bfb0ef r 0000000000000001 000000000001937e  jal      x1, . - 0x4086
#2018 0 00000000000152f4 00757793 r 000000000000000f 0000000000000003  andi     x15, x10, 7
#2019 0 00000000000152f8 0ff5f693 r 000000000000000d 000000000000000a  andi     x13, x11, 255
#2020 0 00000000000152fc     c395 r 0000000000000000 0000000000000000  c.beqz   x15, . + 0x24
#2021 0 00000000000152fe fff60793 r 000000000000000f 0000000000000000  addi     x15, x12, -1
#2022 0 0000000000015302     c605 r 0000000000000000 0000000000000000  c.beqz   x12, . + 0x28
#2023 0 0000000000015304     567d r 000000000000000c ffffffffffffffff  c.li     x12, -0x1
#2024 0 0000000000015306     a801 r 0000000000000000 0000000000000000  c.j      . + 0x10
#2025 0 0000000000015316 00054703 r 000000000000000e 0000000000000031  lbu      x14, 0x0(x10)
#2026 0 000000000001531a fed717e3 r 0000000000000000 0000000000000000  bne      x14, x13, . - 0x12
#2027 0 0000000000015308     0505 r 000000000000000a 00000000fffffddc  c.addi   x10, 0x1
#2028 0 000000000001530a 00757713 r 000000000000000e 0000000000000004  andi     x14, x10, 7
#2029 0 000000000001530e     cb11 r 0000000000000000 0000000000000000  c.beqz   x14, . + 0x14
#2030 0 0000000000015310     17fd r 000000000000000f ffffffffffffffff  c.addi   x15, -0x1
#2031 0 0000000000015312 00c78c63 r 0000000000000000 0000000000000000  beq      x15, x12, . + 0x18
#2032 0 000000000001532a     4501 r 000000000000000a 0000000000000000  c.li     x10, 0x0
#2033 0 000000000001532c     8082 r 0000000000000000 0000000000000000  c.jr     x1
#2034 0 000000000001937e 12050f63 r 0000000000000000 0000000000000000  beq      x10, x0, . + 0x13e
#2035 0 00000000000194bc 001c099b r 0000000000000013 0000000000000002  addiw    x19, x24, 1
#2036 0 00000000000194c0     bd19 r 0000000000000000 0000000000000000  c.j      . - 0x1ea
#2037 0 00000000000192d6     8bce r 0000000000000017 0000000000000002  c.mv     x23, x19
#2038 0 00000000000192d8 013c7363 r 0000000000000000 0000000000000000  bgeu     x24, x19, . + 0x6
#2039 0 00000000000192dc     8be2 r 0000000000000017 0000000000000001  c.mv     x23, x24
#2040 0 00000000000192de     6008 r 000000000000000a 0000000000020014  c.ld     x10, 0x0(x8)
#2041 0 00000000000192e0     6c1c r 000000000000000f 0000000000020010  c.ld     x15, 0x18(x8)
#2042 0 00000000000192e2     5014 r 000000000000000d 0000000000000400  c.lw     x13, 0x20(x8)
#2043 0 00000000000192e4     84de r 0000000000000009 0000000000000001  c.mv     x9, x23
#2044 0 00000000000192e6 00a7f763 r 0000000000000000 0000000000000000  bgeu     x15, x10, . + 0xe
#2045 0 00000000000192ea     445c r 000000000000000f fffffffffffffffc  c.lw     x15, 0xc(x8)
#2046 0 00000000000192ec 00d78b3b r 0000000000000016 00000000000003fc  addw     x22, x15, x13
#2047 0 00000000000192f0 097b4d63 r 0000000000000000 0000000000000000  blt      x22, x23, . + 0x9a
#2048 0 00000000000192f4 18dbc463 r 0000000000000000 0000000000000000  blt      x23, x13, . + 0x188
#2049 0 000000000001947c     865e r 000000000000000c 0000000000000001  c.mv     x12, x23
#2050 0 000000000001947e     85e6 r 000000000000000b 00000000fffffddb  c.mv     x11, x25
#2051 0 0000000000019480 1ac000ef r 0000000000000001 0000000000019484  jal      x1, . + 0x1ac
#2052 0 000000000001962c 02a5f263 r 0000000000000000 0000000000000000  bgeu     x11, x10, . + 0x24
#2053 0 0000000000019650     47fd r 000000000000000f 000000000000001f  c.li     x15, 0x1f
#2054 0 0000000000019652 02c7e163 r 0000000000000000 0000000000000000  bltu     x15, x12, . + 0x22
#2055 0 0000000000019656     87aa r 000000000000000f 0000000000020014  c.mv     x15, x10
#2056 0 0000000000019658 fff60693 r 000000000000000d 0000000000000000  addi     x13, x12, -1
#2057 0 000000000001965c     c245 r 0000000000000000 0000000000000000  c.beqz   x12, . + 0xa0
#2058 0 000000000001965e     0685 r 000000000000000d 0000000000000001  c.addi   x13, 0x1
#2059 0 0000000000019660     96be r 000000000000000d 0000000000020015  c.add    x13, x15
#2060 0 0000000000019662 0005c703 r 000000000000000e 0000000000000031  lbu      x14, 0x0(x11)
#2061 0 0000000000019666     0785 r 000000000000000f 0000000000020015  c.addi   x15, 0x1
#2062 0 0000000000019668     0585 r 000000000000000b 00000000fffffddc  c.addi   x11, 0x1
#2063 0 000000000001966a fee78fa3 m 0000000000020014 0000000000000031  sb       x14, -0x1(x15)
#2064 0 000000000001966e fed79ae3 r 0000000000000000 0000000000000000  bne      x15, x13, . - 0xc
#2065 0 0000000000019672     8082 r 0000000000000000 0000000000000000  c.jr     x1
#2066 0 0000000000019484     4454 r 000000000000000d fffffffffffffffc  c.lw     x13, 0xc(x8)
#2067 0 0000000000019486     6018 r 000000000000000e 0000000000020014  c.ld     x14, 0x0(x8)
#2068 0 0000000000019488 000b879b r 000000000000000f 0000000000000001  addiw    x15, x23, 0
#2069 0 000000000001948c 417686bb r 000000000000000d fffffffffffffffb  subw     x13, x13, x23
#2070 0 0000000000019490     975e r 000000000000000e 0000000000020015  c.add    x14, x23
#2071 0 0000000000019492     c454 m 000000000001e854 00000000fffffffb  c.sw     x13, 0xc(x8)
#2072 0 0000000000019494     e018 m 000000000001e848 0000000000020015  c.sd     x14, 0x0(x8)
#2073 0 0000000000019496     bd9d r 0000000000000000 0000000000000000  c.j      . - 0x18a
#2074 0 000000000001930c 40f989bb r 0000000000000013 0000000000000001  subw     x19, x19, x15
#2075 0 0000000000019310     4505 r 000000000000000a 0000000000000001  c.li     x10, 0x1
#2076 0 0000000000019312 02098b63 r 0000000000000000 0000000000000000  beq      x19, x0, . + 0x36
#2077 0 0000000000019316 010a3783 r 000000000000000f 0000000000000001  ld       x15, 0x10(x20)
#2078 0 000000000001931a     9ca6 r 0000000000000019 00000000fffffddc  c.add    x25, x9
#2079 0 000000000001931c 409c0c33 r 0000000000000018 0000000000000000  sub      x24, x24, x9
#2080 0 0000000000019320 409784b3 r 0000000000000009 0000000000000000  sub      x9, x15, x9
#2081 0 0000000000019324 009a3823 m 00000000fffffd70 0000000000000000  sd       x9, 0x10(x20)
#2082 0 0000000000019328     f4c5 r 0000000000000000 0000000000000000  c.bnez   x9, . - 0x58
#2083 0 000000000001932a     4501 r 000000000000000a 0000000000000000  c.li     x10, 0x0
#2084 0 000000000001932c     60e6 r 0000000000000001 0000000000018066  c.ldsp   x1, 0x58
#2085 0 000000000001932e     6446 r 0000000000000008 000000000001c436  c.ldsp   x8, 0x50
#2086 0 0000000000019330     64a6 r 0000000000000009 0000000000000000  c.ldsp   x9, 0x48
#2087 0 0000000000019332     6906 r 0000000000000012 000000000001e848  c.ldsp   x18, 0x40
#2088 0 0000000000019334     79e2 r 0000000000000013 0000000000000001  c.ldsp   x19, 0x38
#2089 0 0000000000019336     7a42 r 0000000000000014 000000000001e260  c.ldsp   x20, 0x30
#2090 0 0000000000019338     7aa2 r 0000000000000015 00000000fffffd60  c.ldsp   x21, 0x28
#2091 0 000000000001933a     7b02 r 0000000000000016 00000000fffffde0  c.ldsp   x22, 0x20
#2092 0 000000000001933c     6be2 r 0000000000000017 0000000000000001  c.ldsp   x23, 0x18
#2093 0 000000000001933e     6c42 r 0000000000000018 fffffffffffffffe  c.ldsp   x24, 0x10
#2094 0 0000000000019340     6ca2 r 0000000000000019 00000000fffffddb  c.ldsp   x25, 0x8
#2095 0 0000000000019342     6d02 r 000000000000001a 0000000000000064  c.ldsp   x26, 0x0
#2096 0 0000000000019344     6125 r 0000000000000002 00000000fffffc00  c.addi16sp 0x6
#2097 0 0000000000019346     8082 r 0000000000000000 0000000000000000  c.jr     x1
#2098 0 0000000000018066     b7e1 r 0000000000000000 0000000000000000  c.j      . - 0x38
#2099 0 000000000001802e     60a6 r 0000000000000001 0000000000010ee0  c.ldsp   x1, 0x48
#2100 0 0000000000018030     6406 r 0000000000000008 000000000001c436  c.ldsp   x8, 0x40
#2101 0 0000000000018032 000ab823 m 00000000fffffd70 0000000000000000  sd       x0, 0x10(x21)
#2102 0 0000000000018036 000aa423 m 00000000fffffd68 0000000000000000  sw       x0, 0x8(x21)
#2103 0 000000000001803a     74e2 r 0000000000000009 0000000000000000  c.ldsp   x9, 0x38
#2104 0 000000000001803c     7942 r 0000000000000012 000000000001e848  c.ldsp   x18, 0x30
#2105 0 000000000001803e     79a2 r 0000000000000013 0000000000000001  c.ldsp   x19, 0x28
#2106 0 0000000000018040     7a02 r 0000000000000014 000000000001e260  c.ldsp   x20, 0x20
#2107 0 0000000000018042     6ae2 r 0000000000000015 0000000000000000  c.ldsp   x21, 0x18
#2108 0 0000000000018044     6b42 r 0000000000000016 00000000fffffde0  c.ldsp   x22, 0x10
#2109 0 0000000000018046     6ba2 r 0000000000000017 0000000000000001  c.ldsp   x23, 0x8
#2110 0 0000000000018048     6161 r 0000000000000002 00000000fffffc50  c.addi16sp 0x5
#2111 0 000000000001804a     8082 r 0000000000000000 0000000000000000  c.jr     x1
#2112 0 0000000000010ee0 ec050263 r 0000000000000000 0000000000000000  beq      x10, x0, . - 0x93c
#2113 0 00000000000105a4     67e2 r 000000000000000f 0000000000000000  c.ldsp   x15, 0x18
#2114 0 00000000000105a6 10012c23 m 00000000fffffd68 0000000000000000  sw       x0, 0x118(x2)
#2115 0 00000000000105aa     c789 r 0000000000000000 0000000000000000  c.beqz   x15, . + 0xa
#2116 0 00000000000105b4     835a r 0000000000000006 00000000fffffde0  c.mv     x6, x22
#2117 0 00000000000105b6     8ca2 r 0000000000000019 000000000001c436  c.mv     x25, x8
#2118 0 00000000000105b8 000cc783 r 000000000000000f 000000000000000a  lbu      x15, 0x0(x25)
#2119 0 00000000000105bc e2079fe3 r 0000000000000000 0000000000000000  bne      x15, x0, . - 0x1c2
#2120 0 00000000000103fa     8466 r 0000000000000008 000000000001c436  c.mv     x8, x25
#2121 0 00000000000103fc 02500713 r 000000000000000e 0000000000000025  addi     x14, x0, 37
#2122 0 0000000000010400 30e78363 r 0000000000000000 0000000000000000  beq      x15, x14, . + 0x306
#2123 0 0000000000010404 00144783 r 000000000000000f 0000000000000000  lbu      x15, 0x1(x8)
#2124 0 0000000000010408     0405 r 0000000000000008 000000000001c437  c.addi   x8, 0x1
#2125 0 000000000001040a     fbfd r 0000000000000000 0000000000000000  c.bnez   x15, . - 0xa
#2126 0 000000000001040c 419404bb r 0000000000000009 0000000000000001  subw     x9, x8, x25
#2127 0 0000000000010410 1a048863 r 0000000000000000 0000000000000000  beq      x9, x0, . + 0x1b0
#2128 0 0000000000010414     7712 r 000000000000000e 0000000000000000  c.ldsp   x14, 0x120
#2129 0 0000000000010416 11812783 r 000000000000000f 0000000000000000  lw       x15, 0x118(x2)
#2130 0 000000000001041a 01933023 m 00000000fffffde0 000000000001c436  sd       x25, 0x0(x6)
#2131 0 000000000001041e     9726 r 000000000000000e 0000000000000001  c.add    x14, x9
#2132 0 0000000000010420     2785 r 000000000000000f 0000000000000001  c.addiw  x15, 0x1
#2133 0 0000000000010422 00933423 m 00000000fffffde8 0000000000000001  sd       x9, 0x8(x6)
#2134 0 0000000000010426     f23a m 00000000fffffd70 0000000000000001  c.sdsp   x14, 0x120
#2135 0 0000000000010428 10f12c23 m 00000000fffffd68 0000000000000001  sw       x15, 0x118(x2)
#2136 0 000000000001042c 0007871b r 000000000000000e 0000000000000001  addiw    x14, x15, 0
#2137 0 0000000000010430     479d r 000000000000000f 0000000000000007  c.li     x15, 0x7
#2138 0 0000000000010432     0341 r 0000000000000006 00000000fffffdf0  c.addi   x6, 0x10
#2139 0 0000000000010434 2ee7c063 r 0000000000000000 0000000000000000  blt      x15, x14, . + 0x2e0
#2140 0 0000000000010438     6722 r 000000000000000e 0000000000000005  c.ldsp   x14, 0x8
#2141 0 000000000001043a 00044783 r 000000000000000f 0000000000000000  lbu      x15, 0x0(x8)
#2142 0 000000000001043e     9f25 r 000000000000000e 0000000000000006  c.addw   x14, x9
#2143 0 0000000000010440     e43a m 00000000fffffc58 0000000000000006  c.sdsp   x14, 0x8
#2144 0 0000000000010442 16078f63 r 0000000000000000 0000000000000000  beq      x15, x0, . + 0x17e
#2145 0 00000000000105c0     7792 r 000000000000000f 0000000000000001  c.ldsp   x15, 0x120
#2146 0 00000000000105c2     c399 r 0000000000000000 0000000000000000  c.beqz   x15, . + 0x6
#2147 0 00000000000105c4 2620106f r 0000000000000000 0000000000000000  j        . + 0x1262
#2148 0 0000000000011826     0a10 r 000000000000000c 00000000fffffd60  c.addi4spn  x12, 0x44
#2149 0 0000000000011828     85ca r 000000000000000b 000000000001e848  c.mv     x11, x18
#2150 0 000000000001182a     8552 r 000000000000000a 000000000001e260  c.mv     x10, x20
#2151 0 000000000001182c 03d060ef r 0000000000000001 0000000000011830  jal      x1, . + 0x683c
#2152 0 0000000000018068     6a18 r 000000000000000e 0000000000000001  c.ld     x14, 0x10(x12)
#2153 0 000000000001806a     c311 r 0000000000000000 0000000000000000  c.beqz   x14, . + 0x4
#2154 0 000000000001806c     bfa1 r 0000000000000000 0000000000000000  c.j      . - 0xa8
#2155 0 0000000000017fc4 0ac5a783 r 000000000000000f 0000000000000000  lw       x15, 0xac(x11)
#2156 0 0000000000017fc8     715d r 0000000000000002 00000000fffffc00  c.addi16sp -0x5
#2157 0 0000000000017fca     6709 r 000000000000000e 0000000000002000  c.lui    x14, 0x2
#2158 0 0000000000017fcc     ec56 m 00000000fffffc18 0000000000000000  c.sdsp   x21, 0x18
#2159 0 0000000000017fce     e486 m 00000000fffffc48 0000000000011830  c.sdsp   x1, 0x48
#2160 0 0000000000017fd0     e0a2 m 00000000fffffc40 000000000001c437  c.sdsp   x8, 0x40
#2161 0 0000000000017fd2     fc26 m 00000000fffffc38 0000000000000001  c.sdsp   x9, 0x38
#2162 0 0000000000017fd4     f84a m 00000000fffffc30 000000000001e848  c.sdsp   x18, 0x30
#2163 0 0000000000017fd6     f44e m 00000000fffffc28 0000000000000001  c.sdsp   x19, 0x28
#2164 0 0000000000017fd8     f052 m 00000000fffffc20 000000000001e260  c.sdsp   x20, 0x20
#2165 0 0000000000017fda     e85a m 00000000fffffc10 00000000fffffde0  c.sdsp   x22, 0x10
#2166 0 0000000000017fdc     e45e m 00000000fffffc08 0000000000000001  c.sdsp   x23, 0x8
#2167 0 0000000000017fde     8ff9 r 000000000000000f 0000000000000000  c.and    x15, x14
#2168 0 0000000000017fe0     8ab2 r 0000000000000015 00000000fffffd60  c.mv     x21, x12
#2169 0 0000000000017fe2     c3c1 r 0000000000000000 0000000000000000  c.beqz   x15, . + 0x80
#2170 0 0000000000018062 146010ef r 0000000000000001 0000000000018066  jal      x1, . + 0x1146
#2171 0 00000000000191a8     6a1c r 000000000000000f 0000000000000001  c.ld     x15, 0x10(x12)
#2172 0 00000000000191aa 1a078c63 r 0000000000000000 0000000000000000  beq      x15, x0, . + 0x1b8
#2173 0 00000000000191ae 0105d783 r 000000000000000f 0000000000002889  lhu      x15, 0x10(x11)
#2174 0 00000000000191b2     711d r 0000000000000002 00000000fffffba0  c.addi16sp -0x6
#2175 0 00000000000191b4     e8a2 m 00000000fffffbf0 000000000001c437  c.sdsp   x8, 0x50
#2176 0 00000000000191b6     f852 m 00000000fffffbd0 000000000001e260  c.sdsp   x20, 0x30
#2177 0 00000000000191b8     f456 m 00000000fffffbc8 00000000fffffd60  c.sdsp   x21, 0x28
#2178 0 00000000000191ba     ec86 m 00000000fffffbf8 0000000000018066  c.sdsp   x1, 0x58
#2179 0 00000000000191bc     e4a6 m 00000000fffffbe8 0000000000000001  c.sdsp   x9, 0x48
#2180 0 00000000000191be     e0ca m 00000000fffffbe0 000000000001e848  c.sdsp   x18, 0x40
#2181 0 00000000000191c0     fc4e m 00000000fffffbd8 0000000000000001  c.sdsp   x19, 0x38
#2182 0 00000000000191c2     f05a m 00000000fffffbc0 00000000fffffde0  c.sdsp   x22, 0x20
#2183 0 00000000000191c4     ec5e m 00000000fffffbb8 0000000000000001  c.sdsp   x23, 0x18
#2184 0 00000000000191c6     e862 m 00000000fffffbb0 fffffffffffffffe  c.sdsp   x24, 0x10
#2185 0 00000000000191c8     e466 m 00000000fffffba8 000000000001c436  c.sdsp   x25, 0x8
#2186 0 00000000000191ca     e06a m 00000000fffffba0 0000000000000064  c.sdsp   x26, 0x0
#2187 0 00000000000191cc 0087f713 r 000000000000000e 0000000000000008  andi     x14, x15, 8
#2188 0 00000000000191d0     8a32 r 0000000000000014 00000000fffffd60  c.mv     x20, x12
#2189 0 00000000000191d2     8aaa r 0000000000000015 000000000001e260  c.mv     x21, x10
#2190 0 00000000000191d4     842e r 0000000000000008 000000000001e848  c.mv     x8, x11
#2191 0 00000000000191d6     c325 r 0000000000000000 0000000000000000  c.beqz   x14, . + 0x60
#2192 0 00000000000191d8     6d98 r 000000000000000e 0000000000020010  c.ld     x14, 0x18(x11)
#2193 0 00000000000191da     cf31 r 0000000000000000 0000000000000000  c.beqz   x14, . + 0x5c
#2194 0 00000000000191dc 0027f713 r 000000000000000e 0000000000000000  andi     x14, x15, 2
#2195 0 00000000000191e0 000a3903 r 0000000000000012 00000000fffffde0  ld       x18, 0x0(x20)
#2196 0 00000000000191e4     c735 r 0000000000000000 0000000000000000  c.beqz   x14, . + 0x6c
#2197 0 0000000000019250 0017f713 r 000000000000000e 0000000000000001  andi     x14, x15, 1
#2198 0 0000000000019254     eb35 r 0000000000000000 0000000000000000  c.bnez   x14, . + 0x74
#2199 0 00000000000192c8     4981 r 0000000000000013 0000000000000000  c.li     x19, 0x0
#2200 0 00000000000192ca     4501 r 000000000000000a 0000000000000000  c.li     x10, 0x0
#2201 0 00000000000192cc     4c81 r 0000000000000019 0000000000000000  c.li     x25, 0x0
#2202 0 00000000000192ce     4c01 r 0000000000000018 0000000000000000  c.li     x24, 0x0
#2203 0 00000000000192d0 080c0b63 r 0000000000000000 0000000000000000  beq      x24, x0, . + 0x96
#2204 0 0000000000019366 00893c03 r 0000000000000018 0000000000000001  ld       x24, 0x8(x18)
#2205 0 000000000001936a 00093c83 r 0000000000000019 000000000001c436  ld       x25, 0x0(x18)
#2206 0 000000000001936e     0941 r 0000000000000012 00000000fffffdf0  c.addi   x18, 0x10
#2207 0 0000000000019370 fe0c0be3 r 0000000000000000 0000000000000000  beq      x24, x0, . - 0xa
#2208 0 0000000000019374     8662 r 000000000000000c 0000000000000001  c.mv     x12, x24
#2209 0 0000000000019376     45a9 r 000000000000000b 000000000000000a  c.li     x11, 0xa
#2210 0 0000000000019378     8566 r 000000000000000a 000000000001c436  c.mv     x10, x25
#2211 0 000000000001937a f7bfb0ef r 0000000000000001 000000000001937e  jal      x1, . - 0x4086
#2212 0 00000000000152f4 00757793 r 000000000000000f 0000000000000006  andi     x15, x10, 7
#2213 0 00000000000152f8 0ff5f693 r 000000000000000d 000000000000000a  andi     x13, x11, 255
#2214 0 00000000000152fc     c395 r 0000000000000000 0000000000000000  c.beqz   x15, . + 0x24
#2215 0 00000000000152fe fff60793 r 000000000000000f 0000000000000000  addi     x15, x12, -1
#2216 0 0000000000015302     c605 r 0000000000000000 0000000000000000  c.beqz   x12, . + 0x28
#2217 0 0000000000015304     567d r 000000000000000c ffffffffffffffff  c.li     x12, -0x1
#2218 0 0000000000015306     a801 r 0000000000000000 0000000000000000  c.j      . + 0x10
#2219 0 0000000000015316 00054703 r 000000000000000e 000000000000000a  lbu      x14, 0x0(x10)
#2220 0 000000000001531a fed717e3 r 0000000000000000 0000000000000000  bne      x14, x13, . - 0x12
#2221 0 000000000001531e     8082 r 0000000000000000 0000000000000000  c.jr     x1
#2222 0 000000000001937e 12050f63 r 0000000000000000 0000000000000000  beq      x10, x0, . + 0x13e
#2223 0 0000000000019382     0505 r 000000000000000a 000000000001c437  c.addi   x10, 0x1
#2224 0 0000000000019384 419509bb r 0000000000000013 0000000000000001  subw     x19, x10, x25
#2225 0 0000000000019388     b7b9 r 0000000000000000 0000000000000000  c.j      . - 0xb2
#2226 0 00000000000192d6     8bce r 0000000000000017 0000000000000001  c.mv     x23, x19
#2227 0 00000000000192d8 013c7363 r 0000000000000000 0000000000000000  bgeu     x24, x19, . + 0x6
#2228 0 00000000000192de     6008 r 000000000000000a 0000000000020015  c.ld     x10, 0x0(x8)
#2229 0 00000000000192e0     6c1c r 000000000000000f 0000000000020010  c.ld     x15, 0x18(x8)
#2230 0 00000000000192e2     5014 r 000000000000000d 0000000000000400  c.lw     x13, 0x20(x8)
#2231 0 00000000000192e4     84de r 0000000000000009 0000000000000001  c.mv     x9, x23
#2232 0 00000000000192e6 00a7f763 r 0000000000000000 0000000000000000  bgeu     x15, x10, . + 0xe
#2233 0 00000000000192ea     445c r 000000000000000f fffffffffffffffb  c.lw     x15, 0xc(x8)
#2234 0 00000000000192ec 00d78b3b r 0000000000000016 00000000000003fb  addw     x22, x15, x13
#2235 0 00000000000192f0 097b4d63 r 0000000000000000 0000000000000000  blt      x22, x23, . + 0x9a
#2236 0 00000000000192f4 18dbc463 r 0000000000000000 0000000000000000  blt      x23, x13, . + 0x188
#2237 0 000000000001947c     865e r 000000000000000c 0000000000000001  c.mv     x12, x23
#2238 0 000000000001947e     85e6 r 000000000000000b 000000000001c436  c.mv     x11, x25
#2239 0 0000000000019480 1ac000ef r 0000000000000001 0000000000019484  jal      x1, . + 0x1ac
#2240 0 000000000001962c 02a5f263 r 0000000000000000 0000000000000000  bgeu     x11, x10, . + 0x24
#2241 0 0000000000019630 00c587b3 r 000000000000000f 000000000001c437  add      x15, x11, x12
#2242 0 0000000000019634 00f57e63 r 0000000000000000 0000000000000000  bgeu     x10, x15, . + 0x1c
#2243 0 0000000000019650     47fd r 000000000000000f 000000000000001f  c.li     x15, 0x1f
#2244 0 0000000000019652 02c7e163 r 0000000000000000 0000000000000000  bltu     x15, x12, . + 0x22
#2245 0 0000000000019656     87aa r 000000000000000f 0000000000020015  c.mv     x15, x10
#2246 0 0000000000019658 fff60693 r 000000000000000d 0000000000000000  addi     x13, x12, -1
#2247 0 000000000001965c     c245 r 0000000000000000 0000000000000000  c.beqz   x12, . + 0xa0
#2248 0 000000000001965e     0685 r 000000000000000d 0000000000000001  c.addi   x13, 0x1
#2249 0 0000000000019660     96be r 000000000000000d 0000000000020016  c.add    x13, x15
#2250 0 0000000000019662 0005c703 r 000000000000000e 000000000000000a  lbu      x14, 0x0(x11)
#2251 0 0000000000019666     0785 r 000000000000000f 0000000000020016  c.addi   x15, 0x1
#2252 0 0000000000019668     0585 r 000000000000000b 000000000001c437  c.addi   x11, 0x1
#2253 0 000000000001966a fee78fa3 m 0000000000020015 000000000000000a  sb       x14, -0x1(x15)
#2254 0 000000000001966e fed79ae3 r 0000000000000000 0000000000000000  bne      x15, x13, . - 0xc
#2255 0 0000000000019672     8082 r 0000000000000000 0000000000000000  c.jr     x1
#2256 0 0000000000019484     4454 r 000000000000000d fffffffffffffffb  c.lw     x13, 0xc(x8)
#2257 0 0000000000019486     6018 r 000000000000000e 0000000000020015  c.ld     x14, 0x0(x8)
#2258 0 0000000000019488 000b879b r 000000000000000f 0000000000000001  addiw    x15, x23, 0
#2259 0 000000000001948c 417686bb r 000000000000000d fffffffffffffffa  subw     x13, x13, x23
#2260 0 0000000000019490     975e r 000000000000000e 0000000000020016  c.add    x14, x23
#2261 0 0000000000019492     c454 m 000000000001e854 00000000fffffffa  c.sw     x13, 0xc(x8)
#2262 0 0000000000019494     e018 m 000000000001e848 0000000000020016  c.sd     x14, 0x0(x8)
#2263 0 0000000000019496     bd9d r 0000000000000000 0000000000000000  c.j      . - 0x18a
#2264 0 000000000001930c 40f989bb r 0000000000000013 0000000000000000  subw     x19, x19, x15
#2265 0 0000000000019310     4505 r 000000000000000a 0000000000000001  c.li     x10, 0x1
#2266 0 0000000000019312 02098b63 r 0000000000000000 0000000000000000  beq      x19, x0, . + 0x36
#2267 0 0000000000019348     85a2 r 000000000000000b 000000000001e848  c.mv     x11, x8
#2268 0 000000000001934a     8556 r 000000000000000a 000000000001e260  c.mv     x10, x21
#2269 0 000000000001934c f0ff80ef r 0000000000000001 0000000000019350  jal      x1, . - 0x70f2
#2270 0 000000000001225a     1101 r 0000000000000002 00000000fffffb80  c.addi   x2, -0x20
#2271 0 000000000001225c     e822 m 00000000fffffb90 000000000001e848  c.sdsp   x8, 0x10
#2272 0 000000000001225e     ec06 m 00000000fffffb98 0000000000019350  c.sdsp   x1, 0x18
#2273 0 0000000000012260     842a r 0000000000000008 000000000001e260  c.mv     x8, x10
#2274 0 0000000000012262     c119 r 0000000000000000 0000000000000000  c.beqz   x10, . + 0x6
#2275 0 0000000000012264     493c r 000000000000000f 0000000000000001  c.lw     x15, 0x50(x10)
#2276 0 0000000000012266     cb89 r 0000000000000000 0000000000000000  c.beqz   x15, . + 0x12
#2277 0 0000000000012268 01059783 r 000000000000000f 0000000000002889  lh       x15, 0x10(x11)
#2278 0 000000000001226c     ef89 r 0000000000000000 0000000000000000  c.bnez   x15, . + 0x1a
#2279 0 0000000000012286     8522 r 000000000000000a 000000000001e260  c.mv     x10, x8
#2280 0 0000000000012288     6442 r 0000000000000008 000000000001e848  c.ldsp   x8, 0x10
#2281 0 000000000001228a     60e2 r 0000000000000001 0000000000019350  c.ldsp   x1, 0x18
#2282 0 000000000001228c     6105 r 0000000000000002 00000000fffffba0  c.addi16sp 0x2
#2283 0 000000000001228e     bd2d r 0000000000000000 0000000000000000  c.j      . - 0x1c6
#2284 0 00000000000120c8 01059783 r 000000000000000f 0000000000002889  lh       x15, 0x10(x11)
#2285 0 00000000000120cc     7179 r 0000000000000002 00000000fffffb70  c.addi16sp -0x3
#2286 0 00000000000120ce     f022 m 00000000fffffb90 000000000001e848  c.sdsp   x8, 0x20
#2287 0 00000000000120d0     e44e m 00000000fffffb78 0000000000000000  c.sdsp   x19, 0x8
#2288 0 00000000000120d2     f406 m 00000000fffffb98 0000000000019350  c.sdsp   x1, 0x28
#2289 0 00000000000120d4     ec26 m 00000000fffffb88 0000000000000001  c.sdsp   x9, 0x18
#2290 0 00000000000120d6     e84a m 00000000fffffb80 00000000fffffdf0  c.sdsp   x18, 0x10
#2291 0 00000000000120d8 0087f693 r 000000000000000d 0000000000000008  andi     x13, x15, 8
#2292 0 00000000000120dc     842e r 0000000000000008 000000000001e848  c.mv     x8, x11
#2293 0 00000000000120de     89aa r 0000000000000013 000000000001e260  c.mv     x19, x10
#2294 0 00000000000120e0     ead5 r 0000000000000000 0000000000000000  c.bnez   x13, . + 0xb4
#2295 0 0000000000012194 0185b903 r 0000000000000012 0000000000020010  ld       x18, 0x18(x11)
#2296 0 0000000000012198 fe0906e3 r 0000000000000000 0000000000000000  beq      x18, x0, . - 0x14
#2297 0 000000000001219c     6184 r 0000000000000009 0000000000020016  c.ld     x9, 0x0(x11)
#2298 0 000000000001219e 03079713 r 000000000000000e 2889000000000000  slli     x14, x15, 48
#2299 0 00000000000121a2     9341 r 000000000000000e 0000000000002889  c.srli   x14, 0x30
#2300 0 00000000000121a4     8b0d r 000000000000000e 0000000000000001  c.andi   x14, 0x3
#2301 0 00000000000121a6 0125b023 m 000000000001e848 0000000000020010  sd       x18, 0x0(x11)
#2302 0 00000000000121aa 412484bb r 0000000000000009 0000000000000006  subw     x9, x9, x18
#2303 0 00000000000121ae     4781 r 000000000000000f 0000000000000000  c.li     x15, 0x0
#2304 0 00000000000121b0     e311 r 0000000000000000 0000000000000000  c.bnez   x14, . + 0x4
#2305 0 00000000000121b4     c45c m 000000000001e854 0000000000000000  c.sw     x15, 0xc(x8)
#2306 0 00000000000121b6 00904663 r 0000000000000000 0000000000000000  blt      x0, x9, . + 0xc
#2307 0 00000000000121c2     603c r 000000000000000f 0000000000016190  c.ld     x15, 0x40(x8)
#2308 0 00000000000121c4     780c r 000000000000000b 000000000001e848  c.ld     x11, 0x30(x8)
#2309 0 00000000000121c6     86a6 r 000000000000000d 0000000000000006  c.mv     x13, x9
#2310 0 00000000000121c8     864a r 000000000000000c 0000000000020010  c.mv     x12, x18
#2311 0 00000000000121ca     854e r 000000000000000a 000000000001e260  c.mv     x10, x19
#2312 0 00000000000121cc     9782 r 0000000000000001 00000000000121ce  c.jalr   x15
#2313 0 0000000000016190 01059783 r 000000000000000f 0000000000002889  lh       x15, 0x10(x11)
#2314 0 0000000000016194     7179 r 0000000000000002 00000000fffffb40  c.addi16sp -0x3
#2315 0 0000000000016196     f022 m 00000000fffffb60 000000000001e848  c.sdsp   x8, 0x20
#2316 0 0000000000016198     ec26 m 00000000fffffb58 0000000000000006  c.sdsp   x9, 0x18
#2317 0 000000000001619a     e84a m 00000000fffffb50 0000000000020010  c.sdsp   x18, 0x10
#2318 0 000000000001619c     e44e m 00000000fffffb48 000000000001e260  c.sdsp   x19, 0x8
#2319 0 000000000001619e     f406 m 00000000fffffb68 00000000000121ce  c.sdsp   x1, 0x28
#2320 0 00000000000161a0 1007f713 r 000000000000000e 0000000000000000  andi     x14, x15, 256
#2321 0 00000000000161a4     842e r 0000000000000008 000000000001e848  c.mv     x8, x11
#2322 0 00000000000161a6     84aa r 0000000000000009 000000000001e260  c.mv     x9, x10
#2323 0 00000000000161a8 01259583 r 000000000000000b 0000000000000001  lh       x11, 0x12(x11)
#2324 0 00000000000161ac     8932 r 0000000000000012 0000000000020010  c.mv     x18, x12
#2325 0 00000000000161ae     89b6 r 0000000000000013 0000000000000006  c.mv     x19, x13
#2326 0 00000000000161b0     e30d r 0000000000000000 0000000000000000  c.bnez   x14, . + 0x22
#2327 0 00000000000161b2     777d r 000000000000000e fffffffffffff000  c.lui    x14, 0xfffff
#2328 0 00000000000161b4     177d r 000000000000000e ffffffffffffefff  c.addi   x14, -0x1
#2329 0 00000000000161b6     8ff9 r 000000000000000f 0000000000002889  c.and    x15, x14
#2330 0 00000000000161b8 00f41823 m 000000000001e858 0000000000002889  sh       x15, 0x10(x8)
#2331 0 00000000000161bc     7402 r 0000000000000008 000000000001e848  c.ldsp   x8, 0x20
#2332 0 00000000000161be     70a2 r 0000000000000001 00000000000121ce  c.ldsp   x1, 0x28
#2333 0 00000000000161c0     86ce r 000000000000000d 0000000000000006  c.mv     x13, x19
#2334 0 00000000000161c2     864a r 000000000000000c 0000000000020010  c.mv     x12, x18
#2335 0 00000000000161c4     69a2 r 0000000000000013 000000000001e260  c.ldsp   x19, 0x8
#2336 0 00000000000161c6     6942 r 0000000000000012 0000000000020010  c.ldsp   x18, 0x10
#2337 0 00000000000161c8     8526 r 000000000000000a 000000000001e260  c.mv     x10, x9
#2338 0 00000000000161ca     64e2 r 0000000000000009 0000000000000006  c.ldsp   x9, 0x18
#2339 0 00000000000161cc     6145 r 0000000000000002 00000000fffffb70  c.addi16sp 0x3
#2340 0 00000000000161ce 3a70206f r 0000000000000000 0000000000000000  j        . + 0x2ba6
#2341 0 0000000000018d74     1101 r 0000000000000002 00000000fffffb50  c.addi   x2, -0x20
#2342 0 0000000000018d76     872e r 000000000000000e 0000000000000001  c.mv     x14, x11
#2343 0 0000000000018d78     e822 m 00000000fffffb60 000000000001e848  c.sdsp   x8, 0x10
#2344 0 0000000000018d7a     e426 m 00000000fffffb58 0000000000000006  c.sdsp   x9, 0x8
#2345 0 0000000000018d7c     85b2 r 000000000000000b 0000000000020010  c.mv     x11, x12
#2346 0 0000000000018d7e     842a r 0000000000000008 000000000001e260  c.mv     x8, x10
#2347 0 0000000000018d80     8636 r 000000000000000c 0000000000000006  c.mv     x12, x13
#2348 0 0000000000018d82     853a r 000000000000000a 0000000000000001  c.mv     x10, x14
#2349 0 0000000000018d84     ec06 m 00000000fffffb68 00000000000121ce  c.sdsp   x1, 0x18
#2350 0 0000000000018d86 7801a823 m 000000000001f3d8 0000000000000000  sw       x0, 0x790(x3)
#2351 0 0000000000018d8a 208020ef r 0000000000000001 0000000000018d8e  jal      x1, . + 0x2208
#2352 0 000000000001af92     1141 r 0000000000000002 00000000fffffb40  c.addi   x2, -0x10
#2353 0 000000000001af94     e406 m 00000000fffffb48 0000000000018d8e  c.sdsp   x1, 0x8
#2354 0 000000000001af96     e022 m 00000000fffffb40 000000000001e260  c.sdsp   x8, 0x0
#2355 0 000000000001af98 04000893 r 0000000000000011 0000000000000040  addi     x17, x0, 64
#2356 0 000000000001af9c 00000073 r 000000000000000a 0000000000000006  ecall    
#2357 0 000000000001afa0     842a r 0000000000000008 0000000000000006  c.mv     x8, x10
#2358 0 000000000001afa2 00054763 r 0000000000000000 0000000000000000  blt      x10, x0, . + 0xe
#2359 0 000000000001afa6     60a2 r 0000000000000001 0000000000018d8e  c.ldsp   x1, 0x8
#2360 0 000000000001afa8     8522 r 000000000000000a 0000000000000006  c.mv     x10, x8
#2361 0 000000000001afaa     6402 r 0000000000000008 000000000001e260  c.ldsp   x8, 0x0
#2362 0 000000000001afac     0141 r 0000000000000002 00000000fffffb50  c.addi   x2, 0x10
#2363 0 000000000001afae     8082 r 0000000000000000 0000000000000000  c.jr     x1
#2364 0 0000000000018d8e     57fd r 000000000000000f ffffffffffffffff  c.li     x15, -0x1
#2365 0 0000000000018d90 00f50763 r 0000000000000000 0000000000000000  beq      x10, x15, . + 0xe
#2366 0 0000000000018d94     60e2 r 0000000000000001 00000000000121ce  c.ldsp   x1, 0x18
#2367 0 0000000000018d96     6442 r 0000000000000008 000000000001e848  c.ldsp   x8, 0x10
#2368 0 0000000000018d98     64a2 r 0000000000000009 0000000000000006  c.ldsp   x9, 0x8
#2369 0 0000000000018d9a     6105 r 0000000000000002 00000000fffffb70  c.addi16sp 0x2
#2370 0 0000000000018d9c     8082 r 0000000000000000 0000000000000000  c.jr     x1
#2371 0 00000000000121ce     9c89 r 0000000000000009 0000000000000000  c.subw   x9, x10
#2372 0 00000000000121d0 fea046e3 r 0000000000000000 0000000000000000  blt      x0, x10, . - 0x14
#2373 0 00000000000121bc     992a r 0000000000000012 0000000000020016  c.add    x18, x10
#2374 0 00000000000121be fc9053e3 r 0000000000000000 0000000000000000  bge      x0, x9, . - 0x3a
#2375 0 0000000000012184     4501 r 000000000000000a 0000000000000000  c.li     x10, 0x0
#2376 0 0000000000012186     70a2 r 0000000000000001 0000000000019350  c.ldsp   x1, 0x28
#2377 0 0000000000012188     7402 r 0000000000000008 000000000001e848  c.ldsp   x8, 0x20
#2378 0 000000000001218a     64e2 r 0000000000000009 0000000000000001  c.ldsp   x9, 0x18
#2379 0 000000000001218c     6942 r 0000000000000012 00000000fffffdf0  c.ldsp   x18, 0x10
#2380 0 000000000001218e     69a2 r 0000000000000013 0000000000000000  c.ldsp   x19, 0x8
#2381 0 0000000000012190     6145 r 0000000000000002 00000000fffffba0  c.addi16sp 0x3
#2382 0 0000000000012192     8082 r 0000000000000000 0000000000000000  c.jr     x1
#2383 0 0000000000019350     d179 r 0000000000000000 0000000000000000  c.beqz   x10, . - 0x3a
#2384 0 0000000000019316 010a3783 r 000000000000000f 0000000000000001  ld       x15, 0x10(x20)
#2385 0 000000000001931a     9ca6 r 0000000000000019 000000000001c437  c.add    x25, x9
#2386 0 000000000001931c 409c0c33 r 0000000000000018 0000000000000000  sub      x24, x24, x9
#2387 0 0000000000019320 409784b3 r 0000000000000009 0000000000000000  sub      x9, x15, x9
#2388 0 0000000000019324 009a3823 m 00000000fffffd70 0000000000000000  sd       x9, 0x10(x20)
#2389 0 0000000000019328     f4c5 r 0000000000000000 0000000000000000  c.bnez   x9, . - 0x58
#2390 0 000000000001932a     4501 r 000000000000000a 0000000000000000  c.li     x10, 0x0
#2391 0 000000000001932c     60e6 r 0000000000000001 0000000000018066  c.ldsp   x1, 0x58
#2392 0 000000000001932e     6446 r 0000000000000008 000000000001c437  c.ldsp   x8, 0x50
#2393 0 0000000000019330     64a6 r 0000000000000009 0000000000000001  c.ldsp   x9, 0x48
#2394 0 0000000000019332     6906 r 0000000000000012 000000000001e848  c.ldsp   x18, 0x40
#2395 0 0000000000019334     79e2 r 0000000000000013 0000000000000001  c.ldsp   x19, 0x38
#2396 0 0000000000019336     7a42 r 0000000000000014 000000000001e260  c.ldsp   x20, 0x30
#2397 0 0000000000019338     7aa2 r 0000000000000015 00000000fffffd60  c.ldsp   x21, 0x28
#2398 0 000000000001933a     7b02 r 0000000000000016 00000000fffffde0  c.ldsp   x22, 0x20
#2399 0 000000000001933c     6be2 r 0000000000000017 0000000000000001  c.ldsp   x23, 0x18
#2400 0 000000000001933e     6c42 r 0000000000000018 fffffffffffffffe  c.ldsp   x24, 0x10
#2401 0 0000000000019340     6ca2 r 0000000000000019 000000000001c436  c.ldsp   x25, 0x8
#2402 0 0000000000019342     6d02 r 000000000000001a 0000000000000064  c.ldsp   x26, 0x0
#2403 0 0000000000019344     6125 r 0000000000000002 00000000fffffc00  c.addi16sp 0x6
#2404 0 0000000000019346     8082 r 0000000000000000 0000000000000000  c.jr     x1
#2405 0 0000000000018066     b7e1 r 0000000000000000 0000000000000000  c.j      . - 0x38
#2406 0 000000000001802e     60a6 r 0000000000000001 0000000000011830  c.ldsp   x1, 0x48
#2407 0 0000000000018030     6406 r 0000000000000008 000000000001c437  c.ldsp   x8, 0x40
#2408 0 0000000000018032 000ab823 m 00000000fffffd70 0000000000000000  sd       x0, 0x10(x21)
#2409 0 0000000000018036 000aa423 m 00000000fffffd68 0000000000000000  sw       x0, 0x8(x21)
#2410 0 000000000001803a     74e2 r 0000000000000009 0000000000000001  c.ldsp   x9, 0x38
#2411 0 000000000001803c     7942 r 0000000000000012 000000000001e848  c.ldsp   x18, 0x30
#2412 0 000000000001803e     79a2 r 0000000000000013 0000000000000001  c.ldsp   x19, 0x28
#2413 0 0000000000018040     7a02 r 0000000000000014 000000000001e260  c.ldsp   x20, 0x20
#2414 0 0000000000018042     6ae2 r 0000000000000015 0000000000000000  c.ldsp   x21, 0x18
#2415 0 0000000000018044     6b42 r 0000000000000016 00000000fffffde0  c.ldsp   x22, 0x10
#2416 0 0000000000018046     6ba2 r 0000000000000017 0000000000000001  c.ldsp   x23, 0x8
#2417 0 0000000000018048     6161 r 0000000000000002 00000000fffffc50  c.addi16sp 0x5
#2418 0 000000000001804a     8082 r 0000000000000000 0000000000000000  c.jr     x1
#2419 0 0000000000011830 d99fe06f r 0000000000000000 0000000000000000  j        . - 0x1268
#2420 0 00000000000105c8 01095783 r 000000000000000f 0000000000002889  lhu      x15, 0x10(x18)
#2421 0 00000000000105cc 0407f793 r 000000000000000f 0000000000000000  andi     x15, x15, 64
#2422 0 00000000000105d0     c399 r 0000000000000000 0000000000000000  c.beqz   x15, . + 0x6
#2423 0 00000000000105d6 27813083 r 0000000000000001 000000000001030c  ld       x1, 0x278(x2)
#2424 0 00000000000105da 27013403 r 0000000000000008 00000000ffffff50  ld       x8, 0x270(x2)
#2425 0 00000000000105de     6522 r 000000000000000a 0000000000000006  c.ldsp   x10, 0x8
#2426 0 00000000000105e0 26813483 r 0000000000000009 0000000000000000  ld       x9, 0x268(x2)
#2427 0 00000000000105e4 26013903 r 0000000000000012 0000000000000000  ld       x18, 0x260(x2)
#2428 0 00000000000105e8 25813983 r 0000000000000013 0000000000000000  ld       x19, 0x258(x2)
#2429 0 00000000000105ec 25013a03 r 0000000000000014 0000000000000000  ld       x20, 0x250(x2)
#2430 0 00000000000105f0 24813a83 r 0000000000000015 0000000000000000  ld       x21, 0x248(x2)
#2431 0 00000000000105f4 24013b03 r 0000000000000016 0000000000000000  ld       x22, 0x240(x2)
#2432 0 00000000000105f8 23813b83 r 0000000000000017 0000000000000000  ld       x23, 0x238(x2)
#2433 0 00000000000105fc 23013c03 r 0000000000000018 0000000000000000  ld       x24, 0x230(x2)
#2434 0 0000000000010600 22813c83 r 0000000000000019 0000000000000000  ld       x25, 0x228(x2)
#2435 0 0000000000010604 22013d03 r 000000000000001a 0000000000000000  ld       x26, 0x220(x2)
#2436 0 0000000000010608 21813d83 r 000000000000001b 0000000000000000  ld       x27, 0x218(x2)
#2437 0 000000000001060c 28010113 r 0000000000000002 00000000fffffed0  addi     x2, x2, 640
#2438 0 0000000000010610     8082 r 0000000000000000 0000000000000000  c.jr     x1
#2439 0 000000000001030c     60e2 r 0000000000000001 000000000001016e  c.ldsp   x1, 0x18
#2440 0 000000000001030e     6125 r 0000000000000002 00000000ffffff30  c.addi16sp 0x6
#2441 0 0000000000010310     8082 r 0000000000000000 0000000000000000  c.jr     x1
#2442 0 000000000001016e fec42783 r 000000000000000f 0000000000000001  lw       x15, -0x14(x8)
#2443 0 0000000000010172     2785 r 000000000000000f 0000000000000002  c.addiw  x15, 0x1
#2444 0 0000000000010174 fef42623 m 00000000ffffff3c 0000000000000002  sw       x15, -0x14(x8)
#2445 0 0000000000010178 fec42783 r 000000000000000f 0000000000000002  lw       x15, -0x14(x8)
#2446 0 000000000001017c 0007871b r 000000000000000e 0000000000000002  addiw    x14, x15, 0
#2447 0 0000000000010180     47a5 r 000000000000000f 0000000000000009  c.li     x15, 0x9
#2448 0 0000000000010182 fce7dee3 r 0000000000000000 0000000000000000  bge      x15, x14, . - 0x24
#2449 0 000000000001015e fec42783 r 000000000000000f 0000000000000002  lw       x15, -0x14(x8)
#2450 0 0000000000010162     85be r 000000000000000b 0000000000000002  c.mv     x11, x15
#2451 0 0000000000010164     67f1 r 000000000000000f 000000000001c000  c.lui    x15, 0x1c
#2452 0 0000000000010166 43078513 r 000000000000000a 000000000001c430  addi     x10, x15, 1072
#2453 0 000000000001016a 17c000ef r 0000000000000001 000000000001016e  jal      x1, . + 0x17c
#2454 0 00000000000102e6 7581b303 r 0000000000000006 000000000001e260  ld       x6, 0x758(x3)
#2455 0 00000000000102ea     711d r 0000000000000002 00000000fffffed0  c.addi16sp -0x6
#2456 0 00000000000102ec     f832 m 00000000ffffff00 0000000000000006  c.sdsp   x12, 0x30
#2457 0 00000000000102ee     fc36 m 00000000ffffff08 0000000000000006  c.sdsp   x13, 0x38
#2458 0 00000000000102f0     f42e m 00000000fffffef8 0000000000000002  c.sdsp   x11, 0x28
#2459 0 00000000000102f2     e0ba m 00000000ffffff10 0000000000000002  c.sdsp   x14, 0x40
#2460 0 00000000000102f4     e4be m 00000000ffffff18 000000000001c000  c.sdsp   x15, 0x48
#2461 0 00000000000102f6     e8c2 m 00000000ffffff20 0000000000000000  c.sdsp   x16, 0x50
#2462 0 00000000000102f8     ecc6 m 00000000ffffff28 0000000000000040  c.sdsp   x17, 0x58
#2463 0 00000000000102fa 01033583 r 000000000000000b 000000000001e848  ld       x11, 0x10(x6)
#2464 0 00000000000102fe     1034 r 000000000000000d 00000000fffffef8  c.addi4spn  x13, 0xa
#2465 0 0000000000010300     862a r 000000000000000c 000000000001c430  c.mv     x12, x10
#2466 0 0000000000010302     851a r 000000000000000a 000000000001e260  c.mv     x10, x6
#2467 0 0000000000010304     ec06 m 00000000fffffee8 000000000001016e  c.sdsp   x1, 0x18
#2468 0 0000000000010306     e436 m 00000000fffffed8 00000000fffffef8  c.sdsp   x13, 0x8
#2469 0 0000000000010308 00a000ef r 0000000000000001 000000000001030c  jal      x1, . + 0xa
#2470 0 0000000000010312 d8010113 r 0000000000000002 00000000fffffc50  addi     x2, x2, -640
#2471 0 0000000000010316 26113c23 m 00000000fffffec8 000000000001030c  sd       x1, 0x278(x2)
#2472 0 000000000001031a 27213023 m 00000000fffffeb0 0000000000000000  sd       x18, 0x260(x2)
#2473 0 000000000001031e 25413823 m 00000000fffffea0 0000000000000000  sd       x20, 0x250(x2)
#2474 0 0000000000010322 23913423 m 00000000fffffe78 0000000000000000  sd       x25, 0x228(x2)
#2475 0 0000000000010326     892e r 0000000000000012 000000000001e848  c.mv     x18, x11
#2476 0 0000000000010328     8cb2 r 0000000000000019 000000000001c430  c.mv     x25, x12
#2477 0 000000000001032a     e836 m 00000000fffffc60 00000000fffffef8  c.sdsp   x13, 0x10
#2478 0 000000000001032c 26813823 m 00000000fffffec0 00000000ffffff50  sd       x8, 0x270(x2)
#2479 0 0000000000010330 26913423 m 00000000fffffeb8 0000000000000000  sd       x9, 0x268(x2)
#2480 0 0000000000010334 25313c23 m 00000000fffffea8 0000000000000000  sd       x19, 0x258(x2)
#2481 0 0000000000010338 25513423 m 00000000fffffe98 0000000000000000  sd       x21, 0x248(x2)
#2482 0 000000000001033c 25613023 m 00000000fffffe90 0000000000000000  sd       x22, 0x240(x2)
#2483 0 0000000000010340 23713c23 m 00000000fffffe88 0000000000000000  sd       x23, 0x238(x2)
#2484 0 0000000000010344 23813823 m 00000000fffffe80 0000000000000000  sd       x24, 0x230(x2)
#2485 0 0000000000010348 23a13023 m 00000000fffffe70 0000000000000000  sd       x26, 0x220(x2)
#2486 0 000000000001034c 21b13c23 m 00000000fffffe68 0000000000000000  sd       x27, 0x218(x2)
#2487 0 0000000000010350     8a2a r 0000000000000014 000000000001e260  c.mv     x20, x10
#2488 0 0000000000010352 6fa040ef r 0000000000000001 0000000000010356  jal      x1, . + 0x46fa
#2489 0 0000000000014a4c e6018513 r 000000000000000a 000000000001eaa8  addi     x10, x3, -416
#2490 0 0000000000014a50     8082 r 0000000000000000 0000000000000000  c.jr     x1
#2491 0 0000000000010356     611c r 000000000000000f 000000000001c980  c.ld     x15, 0x0(x10)
#2492 0 0000000000010358     853e r 000000000000000a 000000000001c980  c.mv     x10, x15
#2493 0 000000000001035a     f8be m 00000000fffffcc0 000000000001c980  c.sdsp   x15, 0x70
#2494 0 000000000001035c 058060ef r 0000000000000001 0000000000010360  jal      x1, . + 0x6058
#2495 0 00000000000163b4 00757793 r 000000000000000f 0000000000000000  andi     x15, x10, 7
#2496 0 00000000000163b8     872a r 000000000000000e 000000000001c980  c.mv     x14, x10
#2497 0 00000000000163ba     eba9 r 0000000000000000 0000000000000000  c.bnez   x15, . + 0x52
#2498 0 00000000000163bc 7401b683 r 000000000000000d 7f7f7f7f7f7f7f7f  ld       x13, 0x740(x3)
#2499 0 00000000000163c0     55fd r 000000000000000b ffffffffffffffff  c.li     x11, -0x1
#2500 0 00000000000163c2     6310 r 000000000000000c 000000000000002e  c.ld     x12, 0x0(x14)
#2501 0 00000000000163c4     0721 r 000000000000000e 000000000001c988  c.addi   x14, 0x8
#2502 0 00000000000163c6 00d677b3 r 000000000000000f 000000000000002e  and      x15, x12, x13
#2503 0 00000000000163ca     97b6 r 000000000000000f 7f7f7f7f7f7f7fad  c.add    x15, x13
#2504 0 00000000000163cc     8fd1 r 000000000000000f 7f7f7f7f7f7f7faf  c.or     x15, x12
#2505 0 00000000000163ce     8fd5 r 000000000000000f 7f7f7f7f7f7f7fff  c.or     x15, x13
#2506 0 00000000000163d0 feb789e3 r 0000000000000000 0000000000000000  beq      x15, x11, . - 0xe
#2507 0 00000000000163d4 ff874683 r 000000000000000d 000000000000002e  lbu      x13, -0x8(x14)
#2508 0 00000000000163d8 40a707b3 r 000000000000000f 0000000000000008  sub      x15, x14, x10
#2509 0 00000000000163dc     c6a9 r 0000000000000000 0000000000000000  c.beqz   x13, . + 0x4a
#2510 0 00000000000163de ff974683 r 000000000000000d 0000000000000000  lbu      x13, -0x7(x14)
#2511 0 00000000000163e2     ce9d r 0000000000000000 0000000000000000  c.beqz   x13, . + 0x3e
#2512 0 0000000000016420 ff978513 r 000000000000000a 0000000000000001  addi     x10, x15, -7
#2513 0 0000000000016424     8082 r 0000000000000000 0000000000000000  c.jr     x1
#2514 0 0000000000010360     f4aa m 00000000fffffcb8 0000000000000001  c.sdsp   x10, 0x68
#2515 0 0000000000010362     e202 m 00000000fffffd50 0000000000000000  c.sdsp   x0, 0x100
#2516 0 0000000000010364     e602 m 00000000fffffd58 0000000000000000  c.sdsp   x0, 0x108
#2517 0 0000000000010366 000a0663 r 0000000000000000 0000000000000000  beq      x20, x0, . + 0xc
#2518 0 000000000001036a 050a2783 r 000000000000000f 0000000000000001  lw       x15, 0x50(x20)
#2519 0 000000000001036e 72078963 r 0000000000000000 0000000000000000  beq      x15, x0, . + 0x732
#2520 0 0000000000010372 01091703 r 000000000000000e 0000000000002889  lh       x14, 0x10(x18)
#2521 0 0000000000010376     6689 r 000000000000000d 0000000000002000  c.lui    x13, 0x2
#2522 0 0000000000010378 03071793 r 000000000000000f 2889000000000000  slli     x15, x14, 48
#2523 0 000000000001037c     93c1 r 000000000000000f 0000000000002889  c.srli   x15, 0x30
#2524 0 000000000001037e 00d7f633 r 000000000000000c 0000000000002000  and      x12, x15, x13
#2525 0 0000000000010382     e215 r 0000000000000000 0000000000000000  c.bnez   x12, . + 0x24
#2526 0 00000000000103a6 0087f713 r 000000000000000e 0000000000000008  andi     x14, x15, 8
#2527 0 00000000000103aa 26070a63 r 0000000000000000 0000000000000000  beq      x14, x0, . + 0x274
#2528 0 00000000000103ae 01893703 r 000000000000000e 0000000000020010  ld       x14, 0x18(x18)
#2529 0 00000000000103b2 26070663 r 0000000000000000 0000000000000000  beq      x14, x0, . + 0x26c
#2530 0 00000000000103b6     8be9 r 000000000000000f 0000000000000008  c.andi   x15, 0x1a
#2531 0 00000000000103b8     4729 r 000000000000000e 000000000000000a  c.li     x14, 0xa
#2532 0 00000000000103ba 26e78f63 r 0000000000000000 0000000000000000  beq      x15, x14, . + 0x27e
#2533 0 00000000000103be     67f1 r 000000000000000f 000000000001c000  c.lui    x15, 0x1c
#2534 0 00000000000103c0 6587b783 r 000000000000000f 3ffc000000000000  ld       x15, 0x658(x15)
#2535 0 00000000000103c4 19010b13 r 0000000000000016 00000000fffffde0  addi     x22, x2, 400
#2536 0 00000000000103c8     ea5a m 00000000fffffd60 00000000fffffde0  c.sdsp   x22, 0x110
#2537 0 00000000000103ca     ed3e m 00000000fffffce8 3ffc000000000000  c.sdsp   x15, 0x98
#2538 0 00000000000103cc     67f1 r 000000000000000f 000000000001c000  c.lui    x15, 0x1c
#2539 0 00000000000103ce 6387b783 r 000000000000000f 4003000000000000  ld       x15, 0x638(x15)
#2540 0 00000000000103d2     f202 m 00000000fffffd70 0000000000000000  c.sdsp   x0, 0x120
#2541 0 00000000000103d4 10012c23 m 00000000fffffd68 0000000000000000  sw       x0, 0x118(x2)
#2542 0 00000000000103d8     e93e m 00000000fffffce0 4003000000000000  c.sdsp   x15, 0x90
#2543 0 00000000000103da     67f1 r 000000000000000f 000000000001c000  c.lui    x15, 0x1c
#2544 0 00000000000103dc 6487b783 r 000000000000000f 3ffe000000000000  ld       x15, 0x648(x15)
#2545 0 00000000000103e0     f002 m 00000000fffffc70 0000000000000000  c.sdsp   x0, 0x20
#2546 0 00000000000103e2     f402 m 00000000fffffc78 0000000000000000  c.sdsp   x0, 0x28
#2547 0 00000000000103e4     f13e m 00000000fffffcf0 3ffe000000000000  c.sdsp   x15, 0xa0
#2548 0 00000000000103e6 000cc783 r 000000000000000f 0000000000000069  lbu      x15, 0x0(x25)
#2549 0 00000000000103ea     fc82 m 00000000fffffcc8 0000000000000000  c.sdsp   x0, 0x78
#2550 0 00000000000103ec     f082 m 00000000fffffcb0 0000000000000000  c.sdsp   x0, 0x60
#2551 0 00000000000103ee     e102 m 00000000fffffcd0 0000000000000000  c.sdsp   x0, 0x80
#2552 0 00000000000103f0     e502 m 00000000fffffcd8 0000000000000000  c.sdsp   x0, 0x88
#2553 0 00000000000103f2     e402 m 00000000fffffc58 0000000000000000  c.sdsp   x0, 0x8
#2554 0 00000000000103f4     835a r 0000000000000006 00000000fffffde0  c.mv     x6, x22
#2555 0 00000000000103f6 1c078563 r 0000000000000000 0000000000000000  beq      x15, x0, . + 0x1ca
#2556 0 00000000000103fa     8466 r 0000000000000008 000000000001c430  c.mv     x8, x25
#2557 0 00000000000103fc 02500713 r 000000000000000e 0000000000000025  addi     x14, x0, 37
#2558 0 0000000000010400 30e78363 r 0000000000000000 0000000000000000  beq      x15, x14, . + 0x306
#2559 0 0000000000010404 00144783 r 000000000000000f 0000000000000020  lbu      x15, 0x1(x8)
#2560 0 0000000000010408     0405 r 0000000000000008 000000000001c431  c.addi   x8, 0x1
#2561 0 000000000001040a     fbfd r 0000000000000000 0000000000000000  c.bnez   x15, . - 0xa
#2562 0 0000000000010400 30e78363 r 0000000000000000 0000000000000000  beq      x15, x14, . + 0x306
#2563 0 0000000000010404 00144783 r 000000000000000f 000000000000003d  lbu      x15, 0x1(x8)
#2564 0 0000000000010408     0405 r 0000000000000008 000000000001c432  c.addi   x8, 0x1
#2565 0 000000000001040a     fbfd r 0000000000000000 0000000000000000  c.bnez   x15, . - 0xa
#2566 0 0000000000010400 30e78363 r 0000000000000000 0000000000000000  beq      x15, x14, . + 0x306
#2567 0 0000000000010404 00144783 r 000000000000000f 0000000000000020  lbu      x15, 0x1(x8)
#2568 0 0000000000010408     0405 r 0000000000000008 000000000001c433  c.addi   x8, 0x1
#2569 0 000000000001040a     fbfd r 0000000000000000 0000000000000000  c.bnez   x15, . - 0xa
#2570 0 0000000000010400 30e78363 r 0000000000000000 0000000000000000  beq      x15, x14, . + 0x306
#2571 0 0000000000010404 00144783 r 000000000000000f 0000000000000025  lbu      x15, 0x1(x8)
#2572 0 0000000000010408     0405 r 0000000000000008 000000000001c434  c.addi   x8, 0x1
#2573 0 000000000001040a     fbfd r 0000000000000000 0000000000000000  c.bnez   x15, . - 0xa
#2574 0 0000000000010400 30e78363 r 0000000000000000 0000000000000000  beq      x15, x14, . + 0x306
#2575 0 0000000000010706 419404bb r 0000000000000009 0000000000000004  subw     x9, x8, x25
#2576 0 000000000001070a d00495e3 r 0000000000000000 0000000000000000  bne      x9, x0, . - 0x2f6
#2577 0 0000000000010414     7712 r 000000000000000e 0000000000000000  c.ldsp   x14, 0x120
#2578 0 0000000000010416 11812783 r 000000000000000f 0000000000000000  lw       x15, 0x118(x2)
#2579 0 000000000001041a 01933023 m 00000000fffffde0 000000000001c430  sd       x25, 0x0(x6)
#2580 0 000000000001041e     9726 r 000000000000000e 0000000000000004  c.add    x14, x9
#2581 0 0000000000010420     2785 r 000000000000000f 0000000000000001  c.addiw  x15, 0x1
#2582 0 0000000000010422 00933423 m 00000000fffffde8 0000000000000004  sd       x9, 0x8(x6)
#2583 0 0000000000010426     f23a m 00000000fffffd70 0000000000000004  c.sdsp   x14, 0x120
#2584 0 0000000000010428 10f12c23 m 00000000fffffd68 0000000000000001  sw       x15, 0x118(x2)
#2585 0 000000000001042c 0007871b r 000000000000000e 0000000000000001  addiw    x14, x15, 0
#2586 0 0000000000010430     479d r 000000000000000f 0000000000000007  c.li     x15, 0x7
#2587 0 0000000000010432     0341 r 0000000000000006 00000000fffffdf0  c.addi   x6, 0x10
#2588 0 0000000000010434 2ee7c063 r 0000000000000000 0000000000000000  blt      x15, x14, . + 0x2e0
#2589 0 0000000000010438     6722 r 000000000000000e 0000000000000000  c.ldsp   x14, 0x8
#2590 0 000000000001043a 00044783 r 000000000000000f 0000000000000025  lbu      x15, 0x0(x8)
#2591 0 000000000001043e     9f25 r 000000000000000e 0000000000000004  c.addw   x14, x9
#2592 0 0000000000010440     e43a m 00000000fffffc58 0000000000000004  c.sdsp   x14, 0x8
#2593 0 0000000000010442 16078f63 r 0000000000000000 0000000000000000  beq      x15, x0, . + 0x17e
#2594 0 0000000000010446     67f1 r 000000000000000f 000000000001c000  c.lui    x15, 0x1c
#2595 0 0000000000010448 00144e03 r 000000000000001c 0000000000000064  lbu      x28, 0x1(x8)
#2596 0 000000000001044c 0c010fa3 m 00000000fffffd2f 0000000000000000  sb       x0, 0xdf(x2)
#2597 0 0000000000010450     0405 r 0000000000000008 000000000001c435  c.addi   x8, 0x1
#2598 0 0000000000010452     5c7d r 0000000000000018 ffffffffffffffff  c.li     x24, -0x1
#2599 0 0000000000010454     4a81 r 0000000000000015 0000000000000000  c.li     x21, 0x0
#2600 0 0000000000010456     4481 r 0000000000000009 0000000000000000  c.li     x9, 0x0
#2601 0 0000000000010458 05a00993 r 0000000000000013 000000000000005a  addi     x19, x0, 90
#2602 0 000000000001045c 49878b93 r 0000000000000017 000000000001c498  addi     x23, x15, 1176
#2603 0 0000000000010460     4da5 r 000000000000001b 0000000000000009  c.li     x27, 0x9
#2604 0 0000000000010462     0405 r 0000000000000008 000000000001c436  c.addi   x8, 0x1
#2605 0 0000000000010464 000e0d1b r 000000000000001a 0000000000000064  addiw    x26, x28, 0
#2606 0 0000000000010468 02a00613 r 000000000000000c 000000000000002a  addi     x12, x0, 42
#2607 0 000000000001046c fe0d079b r 000000000000000f 0000000000000044  addiw    x15, x26, -32
#2608 0 0000000000010470 0007871b r 000000000000000e 0000000000000044  addiw    x14, x15, 0
#2609 0 0000000000010474 04e9e363 r 0000000000000000 0000000000000000  bltu     x19, x14, . + 0x46
#2610 0 0000000000010478 02079713 r 000000000000000e 0000004400000000  slli     x14, x15, 32
#2611 0 000000000001047c 01e75793 r 000000000000000f 0000000000000110  srli     x15, x14, 30
#2612 0 0000000000010480     97de r 000000000000000f 000000000001c5a8  c.add    x15, x23
#2613 0 0000000000010482     439c r 000000000000000f 0000000000010656  c.lw     x15, 0x0(x15)
#2614 0 0000000000010484     8782 r 0000000000000000 0000000000000000  c.jr     x15
#2615 0 0000000000010656     66c2 r 000000000000000d 00000000fffffef8  c.ldsp   x13, 0x10
#2616 0 0000000000010658 0204f793 r 000000000000000f 0000000000000000  andi     x15, x9, 32
#2617 0 000000000001065c 00868713 r 000000000000000e 00000000ffffff00  addi     x14, x13, 8
#2618 0 0000000000010660 3c078163 r 0000000000000000 0000000000000000  beq      x15, x0, . + 0x3c2
#2619 0 0000000000010a22 0104f793 r 000000000000000f 0000000000000000  andi     x15, x9, 16
#2620 0 0000000000010a26 7e079f63 r 0000000000000000 0000000000000000  bne      x15, x0, . + 0x7fe
#2621 0 0000000000010a2a 0404f793 r 000000000000000f 0000000000000000  andi     x15, x9, 64
#2622 0 0000000000010a2e 380788e3 r 0000000000000000 0000000000000000  beq      x15, x0, . + 0xb90
#2623 0 00000000000115be 2004f793 r 000000000000000f 0000000000000000  andi     x15, x9, 512
#2624 0 00000000000115c2 24078163 r 0000000000000000 0000000000000000  beq      x15, x0, . + 0x242
#2625 0 0000000000011804     67c2 r 000000000000000f 00000000fffffef8  c.ldsp   x15, 0x10
#2626 0 0000000000011806 0007a983 r 0000000000000013 0000000000000002  lw       x19, 0x0(x15)
#2627 0 000000000001180a     87ce r 000000000000000f 0000000000000002  c.mv     x15, x19
#2628 0 000000000001180c e5dfe06f r 0000000000000000 0000000000000000  j        . - 0x11a4
#2629 0 0000000000010668 3c07cb63 r 0000000000000000 0000000000000000  blt      x15, x0, . + 0x3d6
#2630 0 000000000001066c     57fd r 000000000000000f ffffffffffffffff  c.li     x15, -0x1
#2631 0 000000000001066e 3efc00e3 r 0000000000000000 0000000000000000  beq      x24, x15, . + 0xbe0
#2632 0 000000000001124e     e83a m 00000000fffffc60 00000000ffffff00  c.sdsp   x14, 0x10
#2633 0 0000000000011250     47a5 r 000000000000000f 0000000000000009  c.li     x15, 0x9
#2634 0 0000000000011252     8da6 r 000000000000001b 0000000000000000  c.mv     x27, x9
#2635 0 0000000000011254 cb37f8e3 r 0000000000000000 0000000000000000  bgeu     x15, x19, . - 0x350
#2636 0 0000000000010f04 0309899b r 0000000000000013 0000000000000032  addiw    x19, x19, 48
#2637 0 0000000000010f08 193105a3 m 00000000fffffddb 0000000000000032  sb       x19, 0x18b(x2)
#2638 0 0000000000010f0c     84ee r 0000000000000009 0000000000000000  c.mv     x9, x27
#2639 0 0000000000010f0e     4b85 r 0000000000000017 0000000000000001  c.li     x23, 0x1
#2640 0 0000000000010f10 18b10c93 r 0000000000000019 00000000fffffddb  addi     x25, x2, 395
#2641 0 0000000000010f14 f7aff06f r 0000000000000000 0000000000000000  j        . - 0x886
#2642 0 000000000001068e 0df14783 r 000000000000000f 0000000000000000  lbu      x15, 0xdf(x2)
#2643 0 0000000000010692 000b899b r 0000000000000013 0000000000000001  addiw    x19, x23, 0
#2644 0 0000000000010696 018bd463 r 0000000000000000 0000000000000000  bge      x23, x24, . + 0x8
#2645 0 000000000001069e     ec02 m 00000000fffffc68 0000000000000000  c.sdsp   x0, 0x18
#2646 0 00000000000106a0     e482 m 00000000fffffc98 0000000000000000  c.sdsp   x0, 0x48
#2647 0 00000000000106a2     ec82 m 00000000fffffca8 0000000000000000  c.sdsp   x0, 0x58
#2648 0 00000000000106a4     e882 m 00000000fffffca0 0000000000000000  c.sdsp   x0, 0x50
#2649 0 00000000000106a6 e20789e3 r 0000000000000000 0000000000000000  beq      x15, x0, . - 0x1ce
#2650 0 00000000000104d8 0024f293 r 0000000000000005 0000000000000000  andi     x5, x9, 2
#2651 0 00000000000104dc 00028363 r 0000000000000000 0000000000000000  beq      x5, x0, . + 0x6
#2652 0 00000000000104e2 0844fd93 r 000000000000001b 0000000000000000  andi     x27, x9, 132
#2653 0 00000000000104e6     7792 r 000000000000000f 0000000000000004  c.ldsp   x15, 0x120
#2654 0 00000000000104e8 000d9663 r 0000000000000000 0000000000000000  bne      x27, x0, . + 0xc
#2655 0 00000000000104ec 413a86bb r 000000000000000d ffffffffffffffff  subw     x13, x21, x19
#2656 0 00000000000104f0 22d044e3 r 0000000000000000 0000000000000000  blt      x0, x13, . + 0xa28
#2657 0 00000000000104f4 0df14703 r 000000000000000e 0000000000000000  lbu      x14, 0xdf(x2)
#2658 0 00000000000104f8     c70d r 0000000000000000 0000000000000000  c.beqz   x14, . + 0x2a
#2659 0 0000000000010522 02028563 r 0000000000000000 0000000000000000  beq      x5, x0, . + 0x2a
#2660 0 000000000001054c 08000713 r 000000000000000e 0000000000000080  addi     x14, x0, 128
#2661 0 0000000000010550 06ed8ae3 r 0000000000000000 0000000000000000  beq      x27, x14, . + 0x874
#2662 0 0000000000010554 417c0c3b r 0000000000000018 fffffffffffffffe  subw     x24, x24, x23
#2663 0 0000000000010558 0f804ee3 r 0000000000000000 0000000000000000  blt      x0, x24, . + 0x8fc
#2664 0 000000000001055c 1004f713 r 000000000000000e 0000000000000000  andi     x14, x9, 256
#2665 0 0000000000010560 78071b63 r 0000000000000000 0000000000000000  bne      x14, x0, . + 0x796
#2666 0 0000000000010564 11812703 r 000000000000000e 0000000000000001  lw       x14, 0x118(x2)
#2667 0 0000000000010568     97de r 000000000000000f 0000000000000005  c.add    x15, x23
#2668 0 000000000001056a 01933023 m 00000000fffffdf0 00000000fffffddb  sd       x25, 0x0(x6)
#2669 0 000000000001056e 0017069b r 000000000000000d 0000000000000002  addiw    x13, x14, 1
#2670 0 0000000000010572     8736 r 000000000000000e 0000000000000002  c.mv     x14, x13
#2671 0 0000000000010574 01733423 m 00000000fffffdf8 0000000000000001  sd       x23, 0x8(x6)
#2672 0 0000000000010578 10e12c23 m 00000000fffffd68 0000000000000002  sw       x14, 0x118(x2)
#2673 0 000000000001057c     f23e m 00000000fffffd70 0000000000000005  c.sdsp   x15, 0x120
#2674 0 000000000001057e     471d r 000000000000000e 0000000000000007  c.li     x14, 0x7
#2675 0 0000000000010580 46d74863 r 0000000000000000 0000000000000000  blt      x14, x13, . + 0x470
#2676 0 0000000000010584     0341 r 0000000000000006 00000000fffffe00  c.addi   x6, 0x10
#2677 0 0000000000010586     8891 r 0000000000000009 0000000000000000  c.andi   x9, 0x4
#2678 0 0000000000010588     c489 r 0000000000000000 0000000000000000  c.beqz   x9, . + 0xa
#2679 0 0000000000010592     8756 r 000000000000000e 0000000000000000  c.mv     x14, x21
#2680 0 0000000000010594 013ad363 r 0000000000000000 0000000000000000  bge      x21, x19, . + 0x6
#2681 0 0000000000010598     874e r 000000000000000e 0000000000000001  c.mv     x14, x19
#2682 0 000000000001059a     66a2 r 000000000000000d 0000000000000004  c.ldsp   x13, 0x8
#2683 0 000000000001059c     9f35 r 000000000000000e 0000000000000005  c.addw   x14, x13
#2684 0 000000000001059e     e43a m 00000000fffffc58 0000000000000005  c.sdsp   x14, 0x8
#2685 0 00000000000105a0 12079be3 r 0000000000000000 0000000000000000  bne      x15, x0, . + 0x936
#2686 0 0000000000010ed6     0a10 r 000000000000000c 00000000fffffd60  c.addi4spn  x12, 0x44
#2687 0 0000000000010ed8     85ca r 000000000000000b 000000000001e848  c.mv     x11, x18
#2688 0 0000000000010eda     8552 r 000000000000000a 000000000001e260  c.mv     x10, x20
#2689 0 0000000000010edc 18c070ef r 0000000000000001 0000000000010ee0  jal      x1, . + 0x718c
#2690 0 0000000000018068     6a18 r 000000000000000e 0000000000000005  c.ld     x14, 0x10(x12)
#2691 0 000000000001806a     c311 r 0000000000000000 0000000000000000  c.beqz   x14, . + 0x4
#2692 0 000000000001806c     bfa1 r 0000000000000000 0000000000000000  c.j      . - 0xa8
#2693 0 0000000000017fc4 0ac5a783 r 000000000000000f 0000000000000000  lw       x15, 0xac(x11)
#2694 0 0000000000017fc8     715d r 0000000000000002 00000000fffffc00  c.addi16sp -0x5
#2695 0 0000000000017fca     6709 r 000000000000000e 0000000000002000  c.lui    x14, 0x2
#2696 0 0000000000017fcc     ec56 m 00000000fffffc18 0000000000000000  c.sdsp   x21, 0x18
#2697 0 0000000000017fce     e486 m 00000000fffffc48 0000000000010ee0  c.sdsp   x1, 0x48
#2698 0 0000000000017fd0     e0a2 m 00000000fffffc40 000000000001c436  c.sdsp   x8, 0x40
#2699 0 0000000000017fd2     fc26 m 00000000fffffc38 0000000000000000  c.sdsp   x9, 0x38
#2700 0 0000000000017fd4     f84a m 00000000fffffc30 000000000001e848  c.sdsp   x18, 0x30
#2701 0 0000000000017fd6     f44e m 00000000fffffc28 0000000000000001  c.sdsp   x19, 0x28
#2702 0 0000000000017fd8     f052 m 00000000fffffc20 000000000001e260  c.sdsp   x20, 0x20
#2703 0 0000000000017fda     e85a m 00000000fffffc10 00000000fffffde0  c.sdsp   x22, 0x10
#2704 0 0000000000017fdc     e45e m 00000000fffffc08 0000000000000001  c.sdsp   x23, 0x8
#2705 0 0000000000017fde     8ff9 r 000000000000000f 0000000000000000  c.and    x15, x14
#2706 0 0000000000017fe0     8ab2 r 0000000000000015 00000000fffffd60  c.mv     x21, x12
#2707 0 0000000000017fe2     c3c1 r 0000000000000000 0000000000000000  c.beqz   x15, . + 0x80
#2708 0 0000000000018062 146010ef r 0000000000000001 0000000000018066  jal      x1, . + 0x1146
#2709 0 00000000000191a8     6a1c r 000000000000000f 0000000000000005  c.ld     x15, 0x10(x12)
#2710 0 00000000000191aa 1a078c63 r 0000000000000000 0000000000000000  beq      x15, x0, . + 0x1b8
#2711 0 00000000000191ae 0105d783 r 000000000000000f 0000000000002889  lhu      x15, 0x10(x11)
#2712 0 00000000000191b2     711d r 0000000000000002 00000000fffffba0  c.addi16sp -0x6
#2713 0 00000000000191b4     e8a2 m 00000000fffffbf0 000000000001c436  c.sdsp   x8, 0x50
#2714 0 00000000000191b6     f852 m 00000000fffffbd0 000000000001e260  c.sdsp   x20, 0x30
#2715 0 00000000000191b8     f456 m 00000000fffffbc8 00000000fffffd60  c.sdsp   x21, 0x28
#2716 0 00000000000191ba     ec86 m 00000000fffffbf8 0000000000018066  c.sdsp   x1, 0x58
#2717 0 00000000000191bc     e4a6 m 00000000fffffbe8 0000000000000000  c.sdsp   x9, 0x48
#2718 0 00000000000191be     e0ca m 00000000fffffbe0 000000000001e848  c.sdsp   x18, 0x40
#2719 0 00000000000191c0     fc4e m 00000000fffffbd8 0000000000000001  c.sdsp   x19, 0x38
#2720 0 00000000000191c2     f05a m 00000000fffffbc0 00000000fffffde0  c.sdsp   x22, 0x20
#2721 0 00000000000191c4     ec5e m 00000000fffffbb8 0000000000000001  c.sdsp   x23, 0x18
#2722 0 00000000000191c6     e862 m 00000000fffffbb0 fffffffffffffffe  c.sdsp   x24, 0x10
#2723 0 00000000000191c8     e466 m 00000000fffffba8 00000000fffffddb  c.sdsp   x25, 0x8
#2724 0 00000000000191ca     e06a m 00000000fffffba0 0000000000000064  c.sdsp   x26, 0x0
#2725 0 00000000000191cc 0087f713 r 000000000000000e 0000000000000008  andi     x14, x15, 8
#2726 0 00000000000191d0     8a32 r 0000000000000014 00000000fffffd60  c.mv     x20, x12
#2727 0 00000000000191d2     8aaa r 0000000000000015 000000000001e260  c.mv     x21, x10
#2728 0 00000000000191d4     842e r 0000000000000008 000000000001e848  c.mv     x8, x11
#2729 0 00000000000191d6     c325 r 0000000000000000 0000000000000000  c.beqz   x14, . + 0x60
#2730 0 00000000000191d8     6d98 r 000000000000000e 0000000000020010  c.ld     x14, 0x18(x11)
#2731 0 00000000000191da     cf31 r 0000000000000000 0000000000000000  c.beqz   x14, . + 0x5c
#2732 0 00000000000191dc 0027f713 r 000000000000000e 0000000000000000  andi     x14, x15, 2
#2733 0 00000000000191e0 000a3903 r 0000000000000012 00000000fffffde0  ld       x18, 0x0(x20)
#2734 0 00000000000191e4     c735 r 0000000000000000 0000000000000000  c.beqz   x14, . + 0x6c
#2735 0 0000000000019250 0017f713 r 000000000000000e 0000000000000001  andi     x14, x15, 1
#2736 0 0000000000019254     eb35 r 0000000000000000 0000000000000000  c.bnez   x14, . + 0x74
#2737 0 00000000000192c8     4981 r 0000000000000013 0000000000000000  c.li     x19, 0x0
#2738 0 00000000000192ca     4501 r 000000000000000a 0000000000000000  c.li     x10, 0x0
#2739 0 00000000000192cc     4c81 r 0000000000000019 0000000000000000  c.li     x25, 0x0
#2740 0 00000000000192ce     4c01 r 0000000000000018 0000000000000000  c.li     x24, 0x0
#2741 0 00000000000192d0 080c0b63 r 0000000000000000 0000000000000000  beq      x24, x0, . + 0x96
#2742 0 0000000000019366 00893c03 r 0000000000000018 0000000000000004  ld       x24, 0x8(x18)
#2743 0 000000000001936a 00093c83 r 0000000000000019 000000000001c430  ld       x25, 0x0(x18)
#2744 0 000000000001936e     0941 r 0000000000000012 00000000fffffdf0  c.addi   x18, 0x10
#2745 0 0000000000019370 fe0c0be3 r 0000000000000000 0000000000000000  beq      x24, x0, . - 0xa
#2746 0 0000000000019374     8662 r 000000000000000c 0000000000000004  c.mv     x12, x24
#2747 0 0000000000019376     45a9 r 000000000000000b 000000000000000a  c.li     x11, 0xa
#2748 0 0000000000019378     8566 r 000000000000000a 000000000001c430  c.mv     x10, x25
#2749 0 000000000001937a f7bfb0ef r 0000000000000001 000000000001937e  jal      x1, . - 0x4086
#2750 0 00000000000152f4 00757793 r 000000000000000f 0000000000000000  andi     x15, x10, 7
#2751 0 00000000000152f8 0ff5f693 r 000000000000000d 000000000000000a  andi     x13, x11, 255
#2752 0 00000000000152fc     c395 r 0000000000000000 0000000000000000  c.beqz   x15, . + 0x24
#2753 0 0000000000015320     87b2 r 000000000000000f 0000000000000004  c.mv     x15, x12
#2754 0 0000000000015322     471d r 000000000000000e 0000000000000007  c.li     x14, 0x7
#2755 0 0000000000015324 00f76f63 r 0000000000000000 0000000000000000  bltu     x14, x15, . + 0x1e
#2756 0 0000000000015328     e399 r 0000000000000000 0000000000000000  c.bnez   x15, . + 0x6
#2757 0 000000000001532e     97aa r 000000000000000f 000000000001c434  c.add    x15, x10
#2758 0 0000000000015330     a021 r 0000000000000000 0000000000000000  c.j      . + 0x8
#2759 0 0000000000015338 00054703 r 000000000000000e 0000000000000069  lbu      x14, 0x0(x10)
#2760 0 000000000001533c fed71be3 r 0000000000000000 0000000000000000  bne      x14, x13, . - 0xa
#2761 0 0000000000015332     0505 r 000000000000000a 000000000001c431  c.addi   x10, 0x1
#2762 0 0000000000015334 fea78be3 r 0000000000000000 0000000000000000  beq      x15, x10, . - 0xa
#2763 0 0000000000015338 00054703 r 000000000000000e 0000000000000020  lbu      x14, 0x0(x10)
#2764 0 000000000001533c fed71be3 r 0000000000000000 0000000000000000  bne      x14, x13, . - 0xa
#2765 0 0000000000015332     0505 r 000000000000000a 000000000001c432  c.addi   x10, 0x1
#2766 0 0000000000015334 fea78be3 r 0000000000000000 0000000000000000  beq      x15, x10, . - 0xa
#2767 0 0000000000015338 00054703 r 000000000000000e 000000000000003d  lbu      x14, 0x0(x10)
#2768 0 000000000001533c fed71be3 r 0000000000000000 0000000000000000  bne      x14, x13, . - 0xa
#2769 0 0000000000015332     0505 r 000000000000000a 000000000001c433  c.addi   x10, 0x1
#2770 0 0000000000015334 fea78be3 r 0000000000000000 0000000000000000  beq      x15, x10, . - 0xa
#2771 0 0000000000015338 00054703 r 000000000000000e 0000000000000020  lbu      x14, 0x0(x10)
#2772 0 000000000001533c fed71be3 r 0000000000000000 0000000000000000  bne      x14, x13, . - 0xa
#2773 0 0000000000015332     0505 r 000000000000000a 000000000001c434  c.addi   x10, 0x1
#2774 0 0000000000015334 fea78be3 r 0000000000000000 0000000000000000  beq      x15, x10, . - 0xa
#2775 0 000000000001532a     4501 r 000000000000000a 0000000000000000  c.li     x10, 0x0
#2776 0 000000000001532c     8082 r 0000000000000000 0000000000000000  c.jr     x1
#2777 0 000000000001937e 12050f63 r 0000000000000000 0000000000000000  beq      x10, x0, . + 0x13e
#2778 0 00000000000194bc 001c099b r 0000000000000013 0000000000000005  addiw    x19, x24, 1
#2779 0 00000000000194c0     bd19 r 0000000000000000 0000000000000000  c.j      . - 0x1ea
#2780 0 00000000000192d6     8bce r 0000000000000017 0000000000000005  c.mv     x23, x19
#2781 0 00000000000192d8 013c7363 r 0000000000000000 0000000000000000  bgeu     x24, x19, . + 0x6
#2782 0 00000000000192dc     8be2 r 0000000000000017 0000000000000004  c.mv     x23, x24
#2783 0 00000000000192de     6008 r 000000000000000a 0000000000020010  c.ld     x10, 0x0(x8)
#2784 0 00000000000192e0     6c1c r 000000000000000f 0000000000020010  c.ld     x15, 0x18(x8)
#2785 0 00000000000192e2     5014 r 000000000000000d 0000000000000400  c.lw     x13, 0x20(x8)
#2786 0 00000000000192e4     84de r 0000000000000009 0000000000000004  c.mv     x9, x23
#2787 0 00000000000192e6 00a7f763 r 0000000000000000 0000000000000000  bgeu     x15, x10, . + 0xe
#2788 0 00000000000192f4 18dbc463 r 0000000000000000 0000000000000000  blt      x23, x13, . + 0x188
#2789 0 000000000001947c     865e r 000000000000000c 0000000000000004  c.mv     x12, x23
#2790 0 000000000001947e     85e6 r 000000000000000b 000000000001c430  c.mv     x11, x25
#2791 0 0000000000019480 1ac000ef r 0000000000000001 0000000000019484  jal      x1, . + 0x1ac
#2792 0 000000000001962c 02a5f263 r 0000000000000000 0000000000000000  bgeu     x11, x10, . + 0x24
#2793 0 0000000000019630 00c587b3 r 000000000000000f 000000000001c434  add      x15, x11, x12
#2794 0 0000000000019634 00f57e63 r 0000000000000000 0000000000000000  bgeu     x10, x15, . + 0x1c
#2795 0 0000000000019650     47fd r 000000000000000f 000000000000001f  c.li     x15, 0x1f
#2796 0 0000000000019652 02c7e163 r 0000000000000000 0000000000000000  bltu     x15, x12, . + 0x22
#2797 0 0000000000019656     87aa r 000000000000000f 0000000000020010  c.mv     x15, x10
#2798 0 0000000000019658 fff60693 r 000000000000000d 0000000000000003  addi     x13, x12, -1
#2799 0 000000000001965c     c245 r 0000000000000000 0000000000000000  c.beqz   x12, . + 0xa0
#2800 0 000000000001965e     0685 r 000000000000000d 0000000000000004  c.addi   x13, 0x1
#2801 0 0000000000019660     96be r 000000000000000d 0000000000020014  c.add    x13, x15
#2802 0 0000000000019662 0005c703 r 000000000000000e 0000000000000069  lbu      x14, 0x0(x11)
#2803 0 0000000000019666     0785 r 000000000000000f 0000000000020011  c.addi   x15, 0x1
#2804 0 0000000000019668     0585 r 000000000000000b 000000000001c431  c.addi   x11, 0x1
#2805 0 000000000001966a fee78fa3 m 0000000000020010 0000000000000069  sb       x14, -0x1(x15)
#2806 0 000000000001966e fed79ae3 r 0000000000000000 0000000000000000  bne      x15, x13, . - 0xc
#2807 0 0000000000019662 0005c703 r 000000000000000e 0000000000000020  lbu      x14, 0x0(x11)
#2808 0 0000000000019666     0785 r 000000000000000f 0000000000020012  c.addi   x15, 0x1
#2809 0 0000000000019668     0585 r 000000000000000b 000000000001c432  c.addi   x11, 0x1
#2810 0 000000000001966a fee78fa3 m 0000000000020011 0000000000000020  sb       x14, -0x1(x15)
#2811 0 000000000001966e fed79ae3 r 0000000000000000 0000000000000000  bne      x15, x13, . - 0xc
#2812 0 0000000000019662 0005c703 r 000000000000000e 000000000000003d  lbu      x14, 0x0(x11)
#2813 0 0000000000019666     0785 r 000000000000000f 0000000000020013  c.addi   x15, 0x1
#2814 0 0000000000019668     0585 r 000000000000000b 000000000001c433  c.addi   x11, 0x1
#2815 0 000000000001966a fee78fa3 m 0000000000020012 000000000000003d  sb       x14, -0x1(x15)
#2816 0 000000000001966e fed79ae3 r 0000000000000000 0000000000000000  bne      x15, x13, . - 0xc
#2817 0 0000000000019662 0005c703 r 000000000000000e 0000000000000020  lbu      x14, 0x0(x11)
#2818 0 0000000000019666     0785 r 000000000000000f 0000000000020014  c.addi   x15, 0x1
#2819 0 0000000000019668     0585 r 000000000000000b 000000000001c434  c.addi   x11, 0x1
#2820 0 000000000001966a fee78fa3 m 0000000000020013 0000000000000020  sb       x14, -0x1(x15)
#2821 0 000000000001966e fed79ae3 r 0000000000000000 0000000000000000  bne      x15, x13, . - 0xc
#2822 0 0000000000019672     8082 r 0000000000000000 0000000000000000  c.jr     x1
#2823 0 0000000000019484     4454 r 000000000000000d 0000000000000000  c.lw     x13, 0xc(x8)
#2824 0 0000000000019486     6018 r 000000000000000e 0000000000020010  c.ld     x14, 0x0(x8)
#2825 0 0000000000019488 000b879b r 000000000000000f 0000000000000004  addiw    x15, x23, 0
#2826 0 000000000001948c 417686bb r 000000000000000d fffffffffffffffc  subw     x13, x13, x23
#2827 0 0000000000019490     975e r 000000000000000e 0000000000020014  c.add    x14, x23
#2828 0 0000000000019492     c454 m 000000000001e854 00000000fffffffc  c.sw     x13, 0xc(x8)
#2829 0 0000000000019494     e018 m 000000000001e848 0000000000020014  c.sd     x14, 0x0(x8)
#2830 0 0000000000019496     bd9d r 0000000000000000 0000000000000000  c.j      . - 0x18a
#2831 0 000000000001930c 40f989bb r 0000000000000013 0000000000000001  subw     x19, x19, x15
#2832 0 0000000000019310     4505 r 000000000000000a 0000000000000001  c.li     x10, 0x1
#2833 0 0000000000019312 02098b63 r 0000000000000000 0000000000000000  beq      x19, x0, . + 0x36
#2834 0 0000000000019316 010a3783 r 000000000000000f 0000000000000005  ld       x15, 0x10(x20)
#2835 0 000000000001931a     9ca6 r 0000000000000019 000000000001c434  c.add    x25, x9
#2836 0 000000000001931c 409c0c33 r 0000000000000018 0000000000000000  sub      x24, x24, x9
#2837 0 0000000000019320 409784b3 r 0000000000000009 0000000000000001  sub      x9, x15, x9
#2838 0 0000000000019324 009a3823 m 00000000fffffd70 0000000000000001  sd       x9, 0x10(x20)
#2839 0 0000000000019328     f4c5 r 0000000000000000 0000000000000000  c.bnez   x9, . - 0x58
#2840 0 00000000000192d0 080c0b63 r 0000000000000000 0000000000000000  beq      x24, x0, . + 0x96
#2841 0 0000000000019366 00893c03 r 0000000000000018 0000000000000001  ld       x24, 0x8(x18)
#2842 0 000000000001936a 00093c83 r 0000000000000019 00000000fffffddb  ld       x25, 0x0(x18)
#2843 0 000000000001936e     0941 r 0000000000000012 00000000fffffe00  c.addi   x18, 0x10
#2844 0 0000000000019370 fe0c0be3 r 0000000000000000 0000000000000000  beq      x24, x0, . - 0xa
#2845 0 0000000000019374     8662 r 000000000000000c 0000000000000001  c.mv     x12, x24
#2846 0 0000000000019376     45a9 r 000000000000000b 000000000000000a  c.li     x11, 0xa
#2847 0 0000000000019378     8566 r 000000000000000a 00000000fffffddb  c.mv     x10, x25
#2848 0 000000000001937a f7bfb0ef r 0000000000000001 000000000001937e  jal      x1, . - 0x4086
#2849 0 00000000000152f4 00757793 r 000000000000000f 0000000000000003  andi     x15, x10, 7
#2850 0 00000000000152f8 0ff5f693 r 000000000000000d 000000000000000a  andi     x13, x11, 255
#2851 0 00000000000152fc     c395 r 0000000000000000 0000000000000000  c.beqz   x15, . + 0x24
#2852 0 00000000000152fe fff60793 r 000000000000000f 0000000000000000  addi     x15, x12, -1
#2853 0 0000000000015302     c605 r 0000000000000000 0000000000000000  c.beqz   x12, . + 0x28
#2854 0 0000000000015304     567d r 000000000000000c ffffffffffffffff  c.li     x12, -0x1
#2855 0 0000000000015306     a801 r 0000000000000000 0000000000000000  c.j      . + 0x10
#2856 0 0000000000015316 00054703 r 000000000000000e 0000000000000032  lbu      x14, 0x0(x10)
#2857 0 000000000001531a fed717e3 r 0000000000000000 0000000000000000  bne      x14, x13, . - 0x12
#2858 0 0000000000015308     0505 r 000000000000000a 00000000fffffddc  c.addi   x10, 0x1
#2859 0 000000000001530a 00757713 r 000000000000000e 0000000000000004  andi     x14, x10, 7
#2860 0 000000000001530e     cb11 r 0000000000000000 0000000000000000  c.beqz   x14, . + 0x14
#2861 0 0000000000015310     17fd r 000000000000000f ffffffffffffffff  c.addi   x15, -0x1
#2862 0 0000000000015312 00c78c63 r 0000000000000000 0000000000000000  beq      x15, x12, . + 0x18
#2863 0 000000000001532a     4501 r 000000000000000a 0000000000000000  c.li     x10, 0x0
#2864 0 000000000001532c     8082 r 0000000000000000 0000000000000000  c.jr     x1
#2865 0 000000000001937e 12050f63 r 0000000000000000 0000000000000000  beq      x10, x0, . + 0x13e
#2866 0 00000000000194bc 001c099b r 0000000000000013 0000000000000002  addiw    x19, x24, 1
#2867 0 00000000000194c0     bd19 r 0000000000000000 0000000000000000  c.j      . - 0x1ea
#2868 0 00000000000192d6     8bce r 0000000000000017 0000000000000002  c.mv     x23, x19
#2869 0 00000000000192d8 013c7363 r 0000000000000000 0000000000000000  bgeu     x24, x19, . + 0x6
#2870 0 00000000000192dc     8be2 r 0000000000000017 0000000000000001  c.mv     x23, x24
#2871 0 00000000000192de     6008 r 000000000000000a 0000000000020014  c.ld     x10, 0x0(x8)
#2872 0 00000000000192e0     6c1c r 000000000000000f 0000000000020010  c.ld     x15, 0x18(x8)
#2873 0 00000000000192e2     5014 r 000000000000000d 0000000000000400  c.lw     x13, 0x20(x8)
#2874 0 00000000000192e4     84de r 0000000000000009 0000000000000001  c.mv     x9, x23
#2875 0 00000000000192e6 00a7f763 r 0000000000000000 0000000000000000  bgeu     x15, x10, . + 0xe
#2876 0 00000000000192ea     445c r 000000000000000f fffffffffffffffc  c.lw     x15, 0xc(x8)
#2877 0 00000000000192ec 00d78b3b r 0000000000000016 00000000000003fc  addw     x22, x15, x13
#2878 0 00000000000192f0 097b4d63 r 0000000000000000 0000000000000000  blt      x22, x23, . + 0x9a
#2879 0 00000000000192f4 18dbc463 r 0000000000000000 0000000000000000  blt      x23, x13, . + 0x188
#2880 0 000000000001947c     865e r 000000000000000c 0000000000000001  c.mv     x12, x23
#2881 0 000000000001947e     85e6 r 000000000000000b 00000000fffffddb  c.mv     x11, x25
#2882 0 0000000000019480 1ac000ef r 0000000000000001 0000000000019484  jal      x1, . + 0x1ac
#2883 0 000000000001962c 02a5f263 r 0000000000000000 0000000000000000  bgeu     x11, x10, . + 0x24
#2884 0 0000000000019650     47fd r 000000000000000f 000000000000001f  c.li     x15, 0x1f
#2885 0 0000000000019652 02c7e163 r 0000000000000000 0000000000000000  bltu     x15, x12, . + 0x22
#2886 0 0000000000019656     87aa r 000000000000000f 0000000000020014  c.mv     x15, x10
#2887 0 0000000000019658 fff60693 r 000000000000000d 0000000000000000  addi     x13, x12, -1
#2888 0 000000000001965c     c245 r 0000000000000000 0000000000000000  c.beqz   x12, . + 0xa0
#2889 0 000000000001965e     0685 r 000000000000000d 0000000000000001  c.addi   x13, 0x1
#2890 0 0000000000019660     96be r 000000000000000d 0000000000020015  c.add    x13, x15
#2891 0 0000000000019662 0005c703 r 000000000000000e 0000000000000032  lbu      x14, 0x0(x11)
#2892 0 0000000000019666     0785 r 000000000000000f 0000000000020015  c.addi   x15, 0x1
#2893 0 0000000000019668     0585 r 000000000000000b 00000000fffffddc  c.addi   x11, 0x1
#2894 0 000000000001966a fee78fa3 m 0000000000020014 0000000000000032  sb       x14, -0x1(x15)
#2895 0 000000000001966e fed79ae3 r 0000000000000000 0000000000000000  bne      x15, x13, . - 0xc
#2896 0 0000000000019672     8082 r 0000000000000000 0000000000000000  c.jr     x1
#2897 0 0000000000019484     4454 r 000000000000000d fffffffffffffffc  c.lw     x13, 0xc(x8)
#2898 0 0000000000019486     6018 r 000000000000000e 0000000000020014  c.ld     x14, 0x0(x8)
#2899 0 0000000000019488 000b879b r 000000000000000f 0000000000000001  addiw    x15, x23, 0
#2900 0 000000000001948c 417686bb r 000000000000000d fffffffffffffffb  subw     x13, x13, x23
#2901 0 0000000000019490     975e r 000000000000000e 0000000000020015  c.add    x14, x23
#2902 0 0000000000019492     c454 m 000000000001e854 00000000fffffffb  c.sw     x13, 0xc(x8)
#2903 0 0000000000019494     e018 m 000000000001e848 0000000000020015  c.sd     x14, 0x0(x8)
#2904 0 0000000000019496     bd9d r 0000000000000000 0000000000000000  c.j      . - 0x18a
#2905 0 000000000001930c 40f989bb r 0000000000000013 0000000000000001  subw     x19, x19, x15
#2906 0 0000000000019310     4505 r 000000000000000a 0000000000000001  c.li     x10, 0x1
#2907 0 0000000000019312 02098b63 r 0000000000000000 0000000000000000  beq      x19, x0, . + 0x36
#2908 0 0000000000019316 010a3783 r 000000000000000f 0000000000000001  ld       x15, 0x10(x20)
#2909 0 000000000001931a     9ca6 r 0000000000000019 00000000fffffddc  c.add    x25, x9
#2910 0 000000000001931c 409c0c33 r 0000000000000018 0000000000000000  sub      x24, x24, x9
#2911 0 0000000000019320 409784b3 r 0000000000000009 0000000000000000  sub      x9, x15, x9
#2912 0 0000000000019324 009a3823 m 00000000fffffd70 0000000000000000  sd       x9, 0x10(x20)
#2913 0 0000000000019328     f4c5 r 0000000000000000 0000000000000000  c.bnez   x9, . - 0x58
#2914 0 000000000001932a     4501 r 000000000000000a 0000000000000000  c.li     x10, 0x0
#2915 0 000000000001932c     60e6 r 0000000000000001 0000000000018066  c.ldsp   x1, 0x58
#2916 0 000000000001932e     6446 r 0000000000000008 000000000001c436  c.ldsp   x8, 0x50
#2917 0 0000000000019330     64a6 r 0000000000000009 0000000000000000  c.ldsp   x9, 0x48
#2918 0 0000000000019332     6906 r 0000000000000012 000000000001e848  c.ldsp   x18, 0x40
#2919 0 0000000000019334     79e2 r 0000000000000013 0000000000000001  c.ldsp   x19, 0x38
#2920 0 0000000000019336     7a42 r 0000000000000014 000000000001e260  c.ldsp   x20, 0x30
#2921 0 0000000000019338     7aa2 r 0000000000000015 00000000fffffd60  c.ldsp   x21, 0x28
#2922 0 000000000001933a     7b02 r 0000000000000016 00000000fffffde0  c.ldsp   x22, 0x20
#2923 0 000000000001933c     6be2 r 0000000000000017 0000000000000001  c.ldsp   x23, 0x18
#2924 0 000000000001933e     6c42 r 0000000000000018 fffffffffffffffe  c.ldsp   x24, 0x10
#2925 0 0000000000019340     6ca2 r 0000000000000019 00000000fffffddb  c.ldsp   x25, 0x8
#2926 0 0000000000019342     6d02 r 000000000000001a 0000000000000064  c.ldsp   x26, 0x0
#2927 0 0000000000019344     6125 r 0000000000000002 00000000fffffc00  c.addi16sp 0x6
#2928 0 0000000000019346     8082 r 0000000000000000 0000000000000000  c.jr     x1
#2929 0 0000000000018066     b7e1 r 0000000000000000 0000000000000000  c.j      . - 0x38
#2930 0 000000000001802e     60a6 r 0000000000000001 0000000000010ee0  c.ldsp   x1, 0x48
#2931 0 0000000000018030     6406 r 0000000000000008 000000000001c436  c.ldsp   x8, 0x40
#2932 0 0000000000018032 000ab823 m 00000000fffffd70 0000000000000000  sd       x0, 0x10(x21)
#2933 0 0000000000018036 000aa423 m 00000000fffffd68 0000000000000000  sw       x0, 0x8(x21)
#2934 0 000000000001803a     74e2 r 0000000000000009 0000000000000000  c.ldsp   x9, 0x38
#2935 0 000000000001803c     7942 r 0000000000000012 000000000001e848  c.ldsp   x18, 0x30
#2936 0 000000000001803e     79a2 r 0000000000000013 0000000000000001  c.ldsp   x19, 0x28
#2937 0 0000000000018040     7a02 r 0000000000000014 000000000001e260  c.ldsp   x20, 0x20
#2938 0 0000000000018042     6ae2 r 0000000000000015 0000000000000000  c.ldsp   x21, 0x18
#2939 0 0000000000018044     6b42 r 0000000000000016 00000000fffffde0  c.ldsp   x22, 0x10
#2940 0 0000000000018046     6ba2 r 0000000000000017 0000000000000001  c.ldsp   x23, 0x8
#2941 0 0000000000018048     6161 r 0000000000000002 00000000fffffc50  c.addi16sp 0x5
#2942 0 000000000001804a     8082 r 0000000000000000 0000000000000000  c.jr     x1
#2943 0 0000000000010ee0 ec050263 r 0000000000000000 0000000000000000  beq      x10, x0, . - 0x93c
#2944 0 00000000000105a4     67e2 r 000000000000000f 0000000000000000  c.ldsp   x15, 0x18
#2945 0 00000000000105a6 10012c23 m 00000000fffffd68 0000000000000000  sw       x0, 0x118(x2)
#2946 0 00000000000105aa     c789 r 0000000000000000 0000000000000000  c.beqz   x15, . + 0xa
#2947 0 00000000000105b4     835a r 0000000000000006 00000000fffffde0  c.mv     x6, x22
#2948 0 00000000000105b6     8ca2 r 0000000000000019 000000000001c436  c.mv     x25, x8
#2949 0 00000000000105b8 000cc783 r 000000000000000f 000000000000000a  lbu      x15, 0x0(x25)
#2950 0 00000000000105bc e2079fe3 r 0000000000000000 0000000000000000  bne      x15, x0, . - 0x1c2
#2951 0 00000000000103fa     8466 r 0000000000000008 000000000001c436  c.mv     x8, x25
#2952 0 00000000000103fc 02500713 r 000000000000000e 0000000000000025  addi     x14, x0, 37
#2953 0 0000000000010400 30e78363 r 0000000000000000 0000000000000000  beq      x15, x14, . + 0x306
#2954 0 0000000000010404 00144783 r 000000000000000f 0000000000000000  lbu      x15, 0x1(x8)
#2955 0 0000000000010408     0405 r 0000000000000008 000000000001c437  c.addi   x8, 0x1
#2956 0 000000000001040a     fbfd r 0000000000000000 0000000000000000  c.bnez   x15, . - 0xa
#2957 0 000000000001040c 419404bb r 0000000000000009 0000000000000001  subw     x9, x8, x25
#2958 0 0000000000010410 1a048863 r 0000000000000000 0000000000000000  beq      x9, x0, . + 0x1b0
#2959 0 0000000000010414     7712 r 000000000000000e 0000000000000000  c.ldsp   x14, 0x120
#2960 0 0000000000010416 11812783 r 000000000000000f 0000000000000000  lw       x15, 0x118(x2)
#2961 0 000000000001041a 01933023 m 00000000fffffde0 000000000001c436  sd       x25, 0x0(x6)
#2962 0 000000000001041e     9726 r 000000000000000e 0000000000000001  c.add    x14, x9
#2963 0 0000000000010420     2785 r 000000000000000f 0000000000000001  c.addiw  x15, 0x1
#2964 0 0000000000010422 00933423 m 00000000fffffde8 0000000000000001  sd       x9, 0x8(x6)
#2965 0 0000000000010426     f23a m 00000000fffffd70 0000000000000001  c.sdsp   x14, 0x120
#2966 0 0000000000010428 10f12c23 m 00000000fffffd68 0000000000000001  sw       x15, 0x118(x2)
#2967 0 000000000001042c 0007871b r 000000000000000e 0000000000000001  addiw    x14, x15, 0
#2968 0 0000000000010430     479d r 000000000000000f 0000000000000007  c.li     x15, 0x7
#2969 0 0000000000010432     0341 r 0000000000000006 00000000fffffdf0  c.addi   x6, 0x10
#2970 0 0000000000010434 2ee7c063 r 0000000000000000 0000000000000000  blt      x15, x14, . + 0x2e0
#2971 0 0000000000010438     6722 r 000000000000000e 0000000000000005  c.ldsp   x14, 0x8
#2972 0 000000000001043a 00044783 r 000000000000000f 0000000000000000  lbu      x15, 0x0(x8)
#2973 0 000000000001043e     9f25 r 000000000000000e 0000000000000006  c.addw   x14, x9
#2974 0 0000000000010440     e43a m 00000000fffffc58 0000000000000006  c.sdsp   x14, 0x8
#2975 0 0000000000010442 16078f63 r 0000000000000000 0000000000000000  beq      x15, x0, . + 0x17e
#2976 0 00000000000105c0     7792 r 000000000000000f 0000000000000001  c.ldsp   x15, 0x120
#2977 0 00000000000105c2     c399 r 0000000000000000 0000000000000000  c.beqz   x15, . + 0x6
#2978 0 00000000000105c4 2620106f r 0000000000000000 0000000000000000  j        . + 0x1262
#2979 0 0000000000011826     0a10 r 000000000000000c 00000000fffffd60  c.addi4spn  x12, 0x44
#2980 0 0000000000011828     85ca r 000000000000000b 000000000001e848  c.mv     x11, x18
#2981 0 000000000001182a     8552 r 000000000000000a 000000000001e260  c.mv     x10, x20
#2982 0 000000000001182c 03d060ef r 0000000000000001 0000000000011830  jal      x1, . + 0x683c
#2983 0 0000000000018068     6a18 r 000000000000000e 0000000000000001  c.ld     x14, 0x10(x12)
#2984 0 000000000001806a     c311 r 0000000000000000 0000000000000000  c.beqz   x14, . + 0x4
#2985 0 000000000001806c     bfa1 r 0000000000000000 0000000000000000  c.j      . - 0xa8
#2986 0 0000000000017fc4 0ac5a783 r 000000000000000f 0000000000000000  lw       x15, 0xac(x11)
#2987 0 0000000000017fc8     715d r 0000000000000002 00000000fffffc00  c.addi16sp -0x5
#2988 0 0000000000017fca     6709 r 000000000000000e 0000000000002000  c.lui    x14, 0x2
#2989 0 0000000000017fcc     ec56 m 00000000fffffc18 0000000000000000  c.sdsp   x21, 0x18
#2990 0 0000000000017fce     e486 m 00000000fffffc48 0000000000011830  c.sdsp   x1, 0x48
#2991 0 0000000000017fd0     e0a2 m 00000000fffffc40 000000000001c437  c.sdsp   x8, 0x40
#2992 0 0000000000017fd2     fc26 m 00000000fffffc38 0000000000000001  c.sdsp   x9, 0x38
#2993 0 0000000000017fd4     f84a m 00000000fffffc30 000000000001e848  c.sdsp   x18, 0x30
#2994 0 0000000000017fd6     f44e m 00000000fffffc28 0000000000000001  c.sdsp   x19, 0x28
#2995 0 0000000000017fd8     f052 m 00000000fffffc20 000000000001e260  c.sdsp   x20, 0x20
#2996 0 0000000000017fda     e85a m 00000000fffffc10 00000000fffffde0  c.sdsp   x22, 0x10
#2997 0 0000000000017fdc     e45e m 00000000fffffc08 0000000000000001  c.sdsp   x23, 0x8
#2998 0 0000000000017fde     8ff9 r 000000000000000f 0000000000000000  c.and    x15, x14
#2999 0 0000000000017fe0     8ab2 r 0000000000000015 00000000fffffd60  c.mv     x21, x12
#3000 0 0000000000017fe2     c3c1 r 0000000000000000 0000000000000000  c.beqz   x15, . + 0x80
#3001 0 0000000000018062 146010ef r 0000000000000001 0000000000018066  jal      x1, . + 0x1146
#3002 0 00000000000191a8     6a1c r 000000000000000f 0000000000000001  c.ld     x15, 0x10(x12)
#3003 0 00000000000191aa 1a078c63 r 0000000000000000 0000000000000000  beq      x15, x0, . + 0x1b8
#3004 0 00000000000191ae 0105d783 r 000000000000000f 0000000000002889  lhu      x15, 0x10(x11)
#3005 0 00000000000191b2     711d r 0000000000000002 00000000fffffba0  c.addi16sp -0x6
#3006 0 00000000000191b4     e8a2 m 00000000fffffbf0 000000000001c437  c.sdsp   x8, 0x50
#3007 0 00000000000191b6     f852 m 00000000fffffbd0 000000000001e260  c.sdsp   x20, 0x30
#3008 0 00000000000191b8     f456 m 00000000fffffbc8 00000000fffffd60  c.sdsp   x21, 0x28
#3009 0 00000000000191ba     ec86 m 00000000fffffbf8 0000000000018066  c.sdsp   x1, 0x58
#3010 0 00000000000191bc     e4a6 m 00000000fffffbe8 0000000000000001  c.sdsp   x9, 0x48
#3011 0 00000000000191be     e0ca m 00000000fffffbe0 000000000001e848  c.sdsp   x18, 0x40
#3012 0 00000000000191c0     fc4e m 00000000fffffbd8 0000000000000001  c.sdsp   x19, 0x38
#3013 0 00000000000191c2     f05a m 00000000fffffbc0 00000000fffffde0  c.sdsp   x22, 0x20
#3014 0 00000000000191c4     ec5e m 00000000fffffbb8 0000000000000001  c.sdsp   x23, 0x18
#3015 0 00000000000191c6     e862 m 00000000fffffbb0 fffffffffffffffe  c.sdsp   x24, 0x10
#3016 0 00000000000191c8     e466 m 00000000fffffba8 000000000001c436  c.sdsp   x25, 0x8
#3017 0 00000000000191ca     e06a m 00000000fffffba0 0000000000000064  c.sdsp   x26, 0x0
#3018 0 00000000000191cc 0087f713 r 000000000000000e 0000000000000008  andi     x14, x15, 8
#3019 0 00000000000191d0     8a32 r 0000000000000014 00000000fffffd60  c.mv     x20, x12
#3020 0 00000000000191d2     8aaa r 0000000000000015 000000000001e260  c.mv     x21, x10
#3021 0 00000000000191d4     842e r 0000000000000008 000000000001e848  c.mv     x8, x11
#3022 0 00000000000191d6     c325 r 0000000000000000 0000000000000000  c.beqz   x14, . + 0x60
#3023 0 00000000000191d8     6d98 r 000000000000000e 0000000000020010  c.ld     x14, 0x18(x11)
#3024 0 00000000000191da     cf31 r 0000000000000000 0000000000000000  c.beqz   x14, . + 0x5c
#3025 0 00000000000191dc 0027f713 r 000000000000000e 0000000000000000  andi     x14, x15, 2
#3026 0 00000000000191e0 000a3903 r 0000000000000012 00000000fffffde0  ld       x18, 0x0(x20)
#3027 0 00000000000191e4     c735 r 0000000000000000 0000000000000000  c.beqz   x14, . + 0x6c
#3028 0 0000000000019250 0017f713 r 000000000000000e 0000000000000001  andi     x14, x15, 1
#3029 0 0000000000019254     eb35 r 0000000000000000 0000000000000000  c.bnez   x14, . + 0x74
#3030 0 00000000000192c8     4981 r 0000000000000013 0000000000000000  c.li     x19, 0x0
#3031 0 00000000000192ca     4501 r 000000000000000a 0000000000000000  c.li     x10, 0x0
#3032 0 00000000000192cc     4c81 r 0000000000000019 0000000000000000  c.li     x25, 0x0
#3033 0 00000000000192ce     4c01 r 0000000000000018 0000000000000000  c.li     x24, 0x0
#3034 0 00000000000192d0 080c0b63 r 0000000000000000 0000000000000000  beq      x24, x0, . + 0x96
#3035 0 0000000000019366 00893c03 r 0000000000000018 0000000000000001  ld       x24, 0x8(x18)
#3036 0 000000000001936a 00093c83 r 0000000000000019 000000000001c436  ld       x25, 0x0(x18)
#3037 0 000000000001936e     0941 r 0000000000000012 00000000fffffdf0  c.addi   x18, 0x10
#3038 0 0000000000019370 fe0c0be3 r 0000000000000000 0000000000000000  beq      x24, x0, . - 0xa
#3039 0 0000000000019374     8662 r 000000000000000c 0000000000000001  c.mv     x12, x24
#3040 0 0000000000019376     45a9 r 000000000000000b 000000000000000a  c.li     x11, 0xa
#3041 0 0000000000019378     8566 r 000000000000000a 000000000001c436  c.mv     x10, x25
#3042 0 000000000001937a f7bfb0ef r 0000000000000001 000000000001937e  jal      x1, . - 0x4086
#3043 0 00000000000152f4 00757793 r 000000000000000f 0000000000000006  andi     x15, x10, 7
#3044 0 00000000000152f8 0ff5f693 r 000000000000000d 000000000000000a  andi     x13, x11, 255
#3045 0 00000000000152fc     c395 r 0000000000000000 0000000000000000  c.beqz   x15, . + 0x24
#3046 0 00000000000152fe fff60793 r 000000000000000f 0000000000000000  addi     x15, x12, -1
#3047 0 0000000000015302     c605 r 0000000000000000 0000000000000000  c.beqz   x12, . + 0x28
#3048 0 0000000000015304     567d r 000000000000000c ffffffffffffffff  c.li     x12, -0x1
#3049 0 0000000000015306     a801 r 0000000000000000 0000000000000000  c.j      . + 0x10
#3050 0 0000000000015316 00054703 r 000000000000000e 000000000000000a  lbu      x14, 0x0(x10)
#3051 0 000000000001531a fed717e3 r 0000000000000000 0000000000000000  bne      x14, x13, . - 0x12
#3052 0 000000000001531e     8082 r 0000000000000000 0000000000000000  c.jr     x1
#3053 0 000000000001937e 12050f63 r 0000000000000000 0000000000000000  beq      x10, x0, . + 0x13e
#3054 0 0000000000019382     0505 r 000000000000000a 000000000001c437  c.addi   x10, 0x1
#3055 0 0000000000019384 419509bb r 0000000000000013 0000000000000001  subw     x19, x10, x25
#3056 0 0000000000019388     b7b9 r 0000000000000000 0000000000000000  c.j      . - 0xb2
#3057 0 00000000000192d6     8bce r 0000000000000017 0000000000000001  c.mv     x23, x19
#3058 0 00000000000192d8 013c7363 r 0000000000000000 0000000000000000  bgeu     x24, x19, . + 0x6
#3059 0 00000000000192de     6008 r 000000000000000a 0000000000020015  c.ld     x10, 0x0(x8)
#3060 0 00000000000192e0     6c1c r 000000000000000f 0000000000020010  c.ld     x15, 0x18(x8)
#3061 0 00000000000192e2     5014 r 000000000000000d 0000000000000400  c.lw     x13, 0x20(x8)
#3062 0 00000000000192e4     84de r 0000000000000009 0000000000000001  c.mv     x9, x23
#3063 0 00000000000192e6 00a7f763 r 0000000000000000 0000000000000000  bgeu     x15, x10, . + 0xe
#3064 0 00000000000192ea     445c r 000000000000000f fffffffffffffffb  c.lw     x15, 0xc(x8)
#3065 0 00000000000192ec 00d78b3b r 0000000000000016 00000000000003fb  addw     x22, x15, x13
#3066 0 00000000000192f0 097b4d63 r 0000000000000000 0000000000000000  blt      x22, x23, . + 0x9a
#3067 0 00000000000192f4 18dbc463 r 0000000000000000 0000000000000000  blt      x23, x13, . + 0x188
#3068 0 000000000001947c     865e r 000000000000000c 0000000000000001  c.mv     x12, x23
#3069 0 000000000001947e     85e6 r 000000000000000b 000000000001c436  c.mv     x11, x25
#3070 0 0000000000019480 1ac000ef r 0000000000000001 0000000000019484  jal      x1, . + 0x1ac
#3071 0 000000000001962c 02a5f263 r 0000000000000000 0000000000000000  bgeu     x11, x10, . + 0x24
#3072 0 0000000000019630 00c587b3 r 000000000000000f 000000000001c437  add      x15, x11, x12
#3073 0 0000000000019634 00f57e63 r 0000000000000000 0000000000000000  bgeu     x10, x15, . + 0x1c
#3074 0 0000000000019650     47fd r 000000000000000f 000000000000001f  c.li     x15, 0x1f
#3075 0 0000000000019652 02c7e163 r 0000000000000000 0000000000000000  bltu     x15, x12, . + 0x22
#3076 0 0000000000019656     87aa r 000000000000000f 0000000000020015  c.mv     x15, x10
#3077 0 0000000000019658 fff60693 r 000000000000000d 0000000000000000  addi     x13, x12, -1
#3078 0 000000000001965c     c245 r 0000000000000000 0000000000000000  c.beqz   x12, . + 0xa0
#3079 0 000000000001965e     0685 r 000000000000000d 0000000000000001  c.addi   x13, 0x1
#3080 0 0000000000019660     96be r 000000000000000d 0000000000020016  c.add    x13, x15
#3081 0 0000000000019662 0005c703 r 000000000000000e 000000000000000a  lbu      x14, 0x0(x11)
#3082 0 0000000000019666     0785 r 000000000000000f 0000000000020016  c.addi   x15, 0x1
#3083 0 0000000000019668     0585 r 000000000000000b 000000000001c437  c.addi   x11, 0x1
#3084 0 000000000001966a fee78fa3 m 0000000000020015 000000000000000a  sb       x14, -0x1(x15)
#3085 0 000000000001966e fed79ae3 r 0000000000000000 0000000000000000  bne      x15, x13, . - 0xc
#3086 0 0000000000019672     8082 r 0000000000000000 0000000000000000  c.jr     x1
#3087 0 0000000000019484     4454 r 000000000000000d fffffffffffffffb  c.lw     x13, 0xc(x8)
#3088 0 0000000000019486     6018 r 000000000000000e 0000000000020015  c.ld     x14, 0x0(x8)
#3089 0 0000000000019488 000b879b r 000000000000000f 0000000000000001  addiw    x15, x23, 0
#3090 0 000000000001948c 417686bb r 000000000000000d fffffffffffffffa  subw     x13, x13, x23
#3091 0 0000000000019490     975e r 000000000000000e 0000000000020016  c.add    x14, x23
#3092 0 0000000000019492     c454 m 000000000001e854 00000000fffffffa  c.sw     x13, 0xc(x8)
#3093 0 0000000000019494     e018 m 000000000001e848 0000000000020016  c.sd     x14, 0x0(x8)
#3094 0 0000000000019496     bd9d r 0000000000000000 0000000000000000  c.j      . - 0x18a
#3095 0 000000000001930c 40f989bb r 0000000000000013 0000000000000000  subw     x19, x19, x15
#3096 0 0000000000019310     4505 r 000000000000000a 0000000000000001  c.li     x10, 0x1
#3097 0 0000000000019312 02098b63 r 0000000000000000 0000000000000000  beq      x19, x0, . + 0x36
#3098 0 0000000000019348     85a2 r 000000000000000b 000000000001e848  c.mv     x11, x8
#3099 0 000000000001934a     8556 r 000000000000000a 000000000001e260  c.mv     x10, x21
#3100 0 000000000001934c f0ff80ef r 0000000000000001 0000000000019350  jal      x1, . - 0x70f2
#3101 0 000000000001225a     1101 r 0000000000000002 00000000fffffb80  c.addi   x2, -0x20
#3102 0 000000000001225c     e822 m 00000000fffffb90 000000000001e848  c.sdsp   x8, 0x10
#3103 0 000000000001225e     ec06 m 00000000fffffb98 0000000000019350  c.sdsp   x1, 0x18
#3104 0 0000000000012260     842a r 0000000000000008 000000000001e260  c.mv     x8, x10
#3105 0 0000000000012262     c119 r 0000000000000000 0000000000000000  c.beqz   x10, . + 0x6
#3106 0 0000000000012264     493c r 000000000000000f 0000000000000001  c.lw     x15, 0x50(x10)
#3107 0 0000000000012266     cb89 r 0000000000000000 0000000000000000  c.beqz   x15, . + 0x12
#3108 0 0000000000012268 01059783 r 000000000000000f 0000000000002889  lh       x15, 0x10(x11)
#3109 0 000000000001226c     ef89 r 0000000000000000 0000000000000000  c.bnez   x15, . + 0x1a
#3110 0 0000000000012286     8522 r 000000000000000a 000000000001e260  c.mv     x10, x8
#3111 0 0000000000012288     6442 r 0000000000000008 000000000001e848  c.ldsp   x8, 0x10
#3112 0 000000000001228a     60e2 r 0000000000000001 0000000000019350  c.ldsp   x1, 0x18
#3113 0 000000000001228c     6105 r 0000000000000002 00000000fffffba0  c.addi16sp 0x2
#3114 0 000000000001228e     bd2d r 0000000000000000 0000000000000000  c.j      . - 0x1c6
#3115 0 00000000000120c8 01059783 r 000000000000000f 0000000000002889  lh       x15, 0x10(x11)
#3116 0 00000000000120cc     7179 r 0000000000000002 00000000fffffb70  c.addi16sp -0x3
#3117 0 00000000000120ce     f022 m 00000000fffffb90 000000000001e848  c.sdsp   x8, 0x20
#3118 0 00000000000120d0     e44e m 00000000fffffb78 0000000000000000  c.sdsp   x19, 0x8
#3119 0 00000000000120d2     f406 m 00000000fffffb98 0000000000019350  c.sdsp   x1, 0x28
#3120 0 00000000000120d4     ec26 m 00000000fffffb88 0000000000000001  c.sdsp   x9, 0x18
#3121 0 00000000000120d6     e84a m 00000000fffffb80 00000000fffffdf0  c.sdsp   x18, 0x10
#3122 0 00000000000120d8 0087f693 r 000000000000000d 0000000000000008  andi     x13, x15, 8
#3123 0 00000000000120dc     842e r 0000000000000008 000000000001e848  c.mv     x8, x11
#3124 0 00000000000120de     89aa r 0000000000000013 000000000001e260  c.mv     x19, x10
#3125 0 00000000000120e0     ead5 r 0000000000000000 0000000000000000  c.bnez   x13, . + 0xb4
#3126 0 0000000000012194 0185b903 r 0000000000000012 0000000000020010  ld       x18, 0x18(x11)
#3127 0 0000000000012198 fe0906e3 r 0000000000000000 0000000000000000  beq      x18, x0, . - 0x14
#3128 0 000000000001219c     6184 r 0000000000000009 0000000000020016  c.ld     x9, 0x0(x11)
#3129 0 000000000001219e 03079713 r 000000000000000e 2889000000000000  slli     x14, x15, 48
#3130 0 00000000000121a2     9341 r 000000000000000e 0000000000002889  c.srli   x14, 0x30
#3131 0 00000000000121a4     8b0d r 000000000000000e 0000000000000001  c.andi   x14, 0x3
#3132 0 00000000000121a6 0125b023 m 000000000001e848 0000000000020010  sd       x18, 0x0(x11)
#3133 0 00000000000121aa 412484bb r 0000000000000009 0000000000000006  subw     x9, x9, x18
#3134 0 00000000000121ae     4781 r 000000000000000f 0000000000000000  c.li     x15, 0x0
#3135 0 00000000000121b0     e311 r 0000000000000000 0000000000000000  c.bnez   x14, . + 0x4
#3136 0 00000000000121b4     c45c m 000000000001e854 0000000000000000  c.sw     x15, 0xc(x8)
#3137 0 00000000000121b6 00904663 r 0000000000000000 0000000000000000  blt      x0, x9, . + 0xc
#3138 0 00000000000121c2     603c r 000000000000000f 0000000000016190  c.ld     x15, 0x40(x8)
#3139 0 00000000000121c4     780c r 000000000000000b 000000000001e848  c.ld     x11, 0x30(x8)
#3140 0 00000000000121c6     86a6 r 000000000000000d 0000000000000006  c.mv     x13, x9
#3141 0 00000000000121c8     864a r 000000000000000c 0000000000020010  c.mv     x12, x18
#3142 0 00000000000121ca     854e r 000000000000000a 000000000001e260  c.mv     x10, x19
#3143 0 00000000000121cc     9782 r 0000000000000001 00000000000121ce  c.jalr   x15
#3144 0 0000000000016190 01059783 r 000000000000000f 0000000000002889  lh       x15, 0x10(x11)
#3145 0 0000000000016194     7179 r 0000000000000002 00000000fffffb40  c.addi16sp -0x3
#3146 0 0000000000016196     f022 m 00000000fffffb60 000000000001e848  c.sdsp   x8, 0x20
#3147 0 0000000000016198     ec26 m 00000000fffffb58 0000000000000006  c.sdsp   x9, 0x18
#3148 0 000000000001619a     e84a m 00000000fffffb50 0000000000020010  c.sdsp   x18, 0x10
#3149 0 000000000001619c     e44e m 00000000fffffb48 000000000001e260  c.sdsp   x19, 0x8
#3150 0 000000000001619e     f406 m 00000000fffffb68 00000000000121ce  c.sdsp   x1, 0x28
#3151 0 00000000000161a0 1007f713 r 000000000000000e 0000000000000000  andi     x14, x15, 256
#3152 0 00000000000161a4     842e r 0000000000000008 000000000001e848  c.mv     x8, x11
#3153 0 00000000000161a6     84aa r 0000000000000009 000000000001e260  c.mv     x9, x10
#3154 0 00000000000161a8 01259583 r 000000000000000b 0000000000000001  lh       x11, 0x12(x11)
#3155 0 00000000000161ac     8932 r 0000000000000012 0000000000020010  c.mv     x18, x12
#3156 0 00000000000161ae     89b6 r 0000000000000013 0000000000000006  c.mv     x19, x13
#3157 0 00000000000161b0     e30d r 0000000000000000 0000000000000000  c.bnez   x14, . + 0x22
#3158 0 00000000000161b2     777d r 000000000000000e fffffffffffff000  c.lui    x14, 0xfffff
#3159 0 00000000000161b4     177d r 000000000000000e ffffffffffffefff  c.addi   x14, -0x1
#3160 0 00000000000161b6     8ff9 r 000000000000000f 0000000000002889  c.and    x15, x14
#3161 0 00000000000161b8 00f41823 m 000000000001e858 0000000000002889  sh       x15, 0x10(x8)
#3162 0 00000000000161bc     7402 r 0000000000000008 000000000001e848  c.ldsp   x8, 0x20
#3163 0 00000000000161be     70a2 r 0000000000000001 00000000000121ce  c.ldsp   x1, 0x28
#3164 0 00000000000161c0     86ce r 000000000000000d 0000000000000006  c.mv     x13, x19
#3165 0 00000000000161c2     864a r 000000000000000c 0000000000020010  c.mv     x12, x18
#3166 0 00000000000161c4     69a2 r 0000000000000013 000000000001e260  c.ldsp   x19, 0x8
#3167 0 00000000000161c6     6942 r 0000000000000012 0000000000020010  c.ldsp   x18, 0x10
#3168 0 00000000000161c8     8526 r 000000000000000a 000000000001e260  c.mv     x10, x9
#3169 0 00000000000161ca     64e2 r 0000000000000009 0000000000000006  c.ldsp   x9, 0x18
#3170 0 00000000000161cc     6145 r 0000000000000002 00000000fffffb70  c.addi16sp 0x3
#3171 0 00000000000161ce 3a70206f r 0000000000000000 0000000000000000  j        . + 0x2ba6
#3172 0 0000000000018d74     1101 r 0000000000000002 00000000fffffb50  c.addi   x2, -0x20
#3173 0 0000000000018d76     872e r 000000000000000e 0000000000000001  c.mv     x14, x11
#3174 0 0000000000018d78     e822 m 00000000fffffb60 000000000001e848  c.sdsp   x8, 0x10
#3175 0 0000000000018d7a     e426 m 00000000fffffb58 0000000000000006  c.sdsp   x9, 0x8
#3176 0 0000000000018d7c     85b2 r 000000000000000b 0000000000020010  c.mv     x11, x12
#3177 0 0000000000018d7e     842a r 0000000000000008 000000000001e260  c.mv     x8, x10
#3178 0 0000000000018d80     8636 r 000000000000000c 0000000000000006  c.mv     x12, x13
#3179 0 0000000000018d82     853a r 000000000000000a 0000000000000001  c.mv     x10, x14
#3180 0 0000000000018d84     ec06 m 00000000fffffb68 00000000000121ce  c.sdsp   x1, 0x18
#3181 0 0000000000018d86 7801a823 m 000000000001f3d8 0000000000000000  sw       x0, 0x790(x3)
#3182 0 0000000000018d8a 208020ef r 0000000000000001 0000000000018d8e  jal      x1, . + 0x2208
#3183 0 000000000001af92     1141 r 0000000000000002 00000000fffffb40  c.addi   x2, -0x10
#3184 0 000000000001af94     e406 m 00000000fffffb48 0000000000018d8e  c.sdsp   x1, 0x8
#3185 0 000000000001af96     e022 m 00000000fffffb40 000000000001e260  c.sdsp   x8, 0x0
#3186 0 000000000001af98 04000893 r 0000000000000011 0000000000000040  addi     x17, x0, 64
#3187 0 000000000001af9c 00000073 r 000000000000000a 0000000000000006  ecall    
#3188 0 000000000001afa0     842a r 0000000000000008 0000000000000006  c.mv     x8, x10
#3189 0 000000000001afa2 00054763 r 0000000000000000 0000000000000000  blt      x10, x0, . + 0xe
#3190 0 000000000001afa6     60a2 r 0000000000000001 0000000000018d8e  c.ldsp   x1, 0x8
#3191 0 000000000001afa8     8522 r 000000000000000a 0000000000000006  c.mv     x10, x8
#3192 0 000000000001afaa     6402 r 0000000000000008 000000000001e260  c.ldsp   x8, 0x0
#3193 0 000000000001afac     0141 r 0000000000000002 00000000fffffb50  c.addi   x2, 0x10
#3194 0 000000000001afae     8082 r 0000000000000000 0000000000000000  c.jr     x1
#3195 0 0000000000018d8e     57fd r 000000000000000f ffffffffffffffff  c.li     x15, -0x1
#3196 0 0000000000018d90 00f50763 r 0000000000000000 0000000000000000  beq      x10, x15, . + 0xe
#3197 0 0000000000018d94     60e2 r 0000000000000001 00000000000121ce  c.ldsp   x1, 0x18
#3198 0 0000000000018d96     6442 r 0000000000000008 000000000001e848  c.ldsp   x8, 0x10
#3199 0 0000000000018d98     64a2 r 0000000000000009 0000000000000006  c.ldsp   x9, 0x8
#3200 0 0000000000018d9a     6105 r 0000000000000002 00000000fffffb70  c.addi16sp 0x2
#3201 0 0000000000018d9c     8082 r 0000000000000000 0000000000000000  c.jr     x1
#3202 0 00000000000121ce     9c89 r 0000000000000009 0000000000000000  c.subw   x9, x10
#3203 0 00000000000121d0 fea046e3 r 0000000000000000 0000000000000000  blt      x0, x10, . - 0x14
#3204 0 00000000000121bc     992a r 0000000000000012 0000000000020016  c.add    x18, x10
#3205 0 00000000000121be fc9053e3 r 0000000000000000 0000000000000000  bge      x0, x9, . - 0x3a
#3206 0 0000000000012184     4501 r 000000000000000a 0000000000000000  c.li     x10, 0x0
#3207 0 0000000000012186     70a2 r 0000000000000001 0000000000019350  c.ldsp   x1, 0x28
#3208 0 0000000000012188     7402 r 0000000000000008 000000000001e848  c.ldsp   x8, 0x20
#3209 0 000000000001218a     64e2 r 0000000000000009 0000000000000001  c.ldsp   x9, 0x18
#3210 0 000000000001218c     6942 r 0000000000000012 00000000fffffdf0  c.ldsp   x18, 0x10
#3211 0 000000000001218e     69a2 r 0000000000000013 0000000000000000  c.ldsp   x19, 0x8
#3212 0 0000000000012190     6145 r 0000000000000002 00000000fffffba0  c.addi16sp 0x3
#3213 0 0000000000012192     8082 r 0000000000000000 0000000000000000  c.jr     x1
#3214 0 0000000000019350     d179 r 0000000000000000 0000000000000000  c.beqz   x10, . - 0x3a
#3215 0 0000000000019316 010a3783 r 000000000000000f 0000000000000001  ld       x15, 0x10(x20)
#3216 0 000000000001931a     9ca6 r 0000000000000019 000000000001c437  c.add    x25, x9
#3217 0 000000000001931c 409c0c33 r 0000000000000018 0000000000000000  sub      x24, x24, x9
#3218 0 0000000000019320 409784b3 r 0000000000000009 0000000000000000  sub      x9, x15, x9
#3219 0 0000000000019324 009a3823 m 00000000fffffd70 0000000000000000  sd       x9, 0x10(x20)
#3220 0 0000000000019328     f4c5 r 0000000000000000 0000000000000000  c.bnez   x9, . - 0x58
#3221 0 000000000001932a     4501 r 000000000000000a 0000000000000000  c.li     x10, 0x0
#3222 0 000000000001932c     60e6 r 0000000000000001 0000000000018066  c.ldsp   x1, 0x58
#3223 0 000000000001932e     6446 r 0000000000000008 000000000001c437  c.ldsp   x8, 0x50
#3224 0 0000000000019330     64a6 r 0000000000000009 0000000000000001  c.ldsp   x9, 0x48
#3225 0 0000000000019332     6906 r 0000000000000012 000000000001e848  c.ldsp   x18, 0x40
#3226 0 0000000000019334     79e2 r 0000000000000013 0000000000000001  c.ldsp   x19, 0x38
#3227 0 0000000000019336     7a42 r 0000000000000014 000000000001e260  c.ldsp   x20, 0x30
#3228 0 0000000000019338     7aa2 r 0000000000000015 00000000fffffd60  c.ldsp   x21, 0x28
#3229 0 000000000001933a     7b02 r 0000000000000016 00000000fffffde0  c.ldsp   x22, 0x20
#3230 0 000000000001933c     6be2 r 0000000000000017 0000000000000001  c.ldsp   x23, 0x18
#3231 0 000000000001933e     6c42 r 0000000000000018 fffffffffffffffe  c.ldsp   x24, 0x10
#3232 0 0000000000019340     6ca2 r 0000000000000019 000000000001c436  c.ldsp   x25, 0x8
#3233 0 0000000000019342     6d02 r 000000000000001a 0000000000000064  c.ldsp   x26, 0x0
#3234 0 0000000000019344     6125 r 0000000000000002 00000000fffffc00  c.addi16sp 0x6
#3235 0 0000000000019346     8082 r 0000000000000000 0000000000000000  c.jr     x1
#3236 0 0000000000018066     b7e1 r 0000000000000000 0000000000000000  c.j      . - 0x38
#3237 0 000000000001802e     60a6 r 0000000000000001 0000000000011830  c.ldsp   x1, 0x48
#3238 0 0000000000018030     6406 r 0000000000000008 000000000001c437  c.ldsp   x8, 0x40
#3239 0 0000000000018032 000ab823 m 00000000fffffd70 0000000000000000  sd       x0, 0x10(x21)
#3240 0 0000000000018036 000aa423 m 00000000fffffd68 0000000000000000  sw       x0, 0x8(x21)
#3241 0 000000000001803a     74e2 r 0000000000000009 0000000000000001  c.ldsp   x9, 0x38
#3242 0 000000000001803c     7942 r 0000000000000012 000000000001e848  c.ldsp   x18, 0x30
#3243 0 000000000001803e     79a2 r 0000000000000013 0000000000000001  c.ldsp   x19, 0x28
#3244 0 0000000000018040     7a02 r 0000000000000014 000000000001e260  c.ldsp   x20, 0x20
#3245 0 0000000000018042     6ae2 r 0000000000000015 0000000000000000  c.ldsp   x21, 0x18
#3246 0 0000000000018044     6b42 r 0000000000000016 00000000fffffde0  c.ldsp   x22, 0x10
#3247 0 0000000000018046     6ba2 r 0000000000000017 0000000000000001  c.ldsp   x23, 0x8
#3248 0 0000000000018048     6161 r 0000000000000002 00000000fffffc50  c.addi16sp 0x5
#3249 0 000000000001804a     8082 r 0000000000000000 0000000000000000  c.jr     x1
#3250 0 0000000000011830 d99fe06f r 0000000000000000 0000000000000000  j        . - 0x1268
#3251 0 00000000000105c8 01095783 r 000000000000000f 0000000000002889  lhu      x15, 0x10(x18)
#3252 0 00000000000105cc 0407f793 r 000000000000000f 0000000000000000  andi     x15, x15, 64
#3253 0 00000000000105d0     c399 r 0000000000000000 0000000000000000  c.beqz   x15, . + 0x6
#3254 0 00000000000105d6 27813083 r 0000000000000001 000000000001030c  ld       x1, 0x278(x2)
#3255 0 00000000000105da 27013403 r 0000000000000008 00000000ffffff50  ld       x8, 0x270(x2)
#3256 0 00000000000105de     6522 r 000000000000000a 0000000000000006  c.ldsp   x10, 0x8
#3257 0 00000000000105e0 26813483 r 0000000000000009 0000000000000000  ld       x9, 0x268(x2)
#3258 0 00000000000105e4 26013903 r 0000000000000012 0000000000000000  ld       x18, 0x260(x2)
#3259 0 00000000000105e8 25813983 r 0000000000000013 0000000000000000  ld       x19, 0x258(x2)
#3260 0 00000000000105ec 25013a03 r 0000000000000014 0000000000000000  ld       x20, 0x250(x2)
#3261 0 00000000000105f0 24813a83 r 0000000000000015 0000000000000000  ld       x21, 0x248(x2)
#3262 0 00000000000105f4 24013b03 r 0000000000000016 0000000000000000  ld       x22, 0x240(x2)
#3263 0 00000000000105f8 23813b83 r 0000000000000017 0000000000000000  ld       x23, 0x238(x2)
#3264 0 00000000000105fc 23013c03 r 0000000000000018 0000000000000000  ld       x24, 0x230(x2)
#3265 0 0000000000010600 22813c83 r 0000000000000019 0000000000000000  ld       x25, 0x228(x2)
#3266 0 0000000000010604 22013d03 r 000000000000001a 0000000000000000  ld       x26, 0x220(x2)
#3267 0 0000000000010608 21813d83 r 000000000000001b 0000000000000000  ld       x27, 0x218(x2)
#3268 0 000000000001060c 28010113 r 0000000000000002 00000000fffffed0  addi     x2, x2, 640
#3269 0 0000000000010610     8082 r 0000000000000000 0000000000000000  c.jr     x1
#3270 0 000000000001030c     60e2 r 0000000000000001 000000000001016e  c.ldsp   x1, 0x18
#3271 0 000000000001030e     6125 r 0000000000000002 00000000ffffff30  c.addi16sp 0x6
#3272 0 0000000000010310     8082 r 0000000000000000 0000000000000000  c.jr     x1
#3273 0 000000000001016e fec42783 r 000000000000000f 0000000000000002  lw       x15, -0x14(x8)
#3274 0 0000000000010172     2785 r 000000000000000f 0000000000000003  c.addiw  x15, 0x1
#3275 0 0000000000010174 fef42623 m 00000000ffffff3c 0000000000000003  sw       x15, -0x14(x8)
#3276 0 0000000000010178 fec42783 r 000000000000000f 0000000000000003  lw       x15, -0x14(x8)
#3277 0 000000000001017c 0007871b r 000000000000000e 0000000000000003  addiw    x14, x15, 0
#3278 0 0000000000010180     47a5 r 000000000000000f 0000000000000009  c.li     x15, 0x9
#3279 0 0000000000010182 fce7dee3 r 0000000000000000 0000000000000000  bge      x15, x14, . - 0x24
#3280 0 000000000001015e fec42783 r 000000000000000f 0000000000000003  lw       x15, -0x14(x8)
#3281 0 0000000000010162     85be r 000000000000000b 0000000000000003  c.mv     x11, x15
#3282 0 0000000000010164     67f1 r 000000000000000f 000000000001c000  c.lui    x15, 0x1c
#3283 0 0000000000010166 43078513 r 000000000000000a 000000000001c430  addi     x10, x15, 1072
#3284 0 000000000001016a 17c000ef r 0000000000000001 000000000001016e  jal      x1, . + 0x17c
#3285 0 00000000000102e6 7581b303 r 0000000000000006 000000000001e260  ld       x6, 0x758(x3)
#3286 0 00000000000102ea     711d r 0000000000000002 00000000fffffed0  c.addi16sp -0x6
#3287 0 00000000000102ec     f832 m 00000000ffffff00 0000000000000006  c.sdsp   x12, 0x30
#3288 0 00000000000102ee     fc36 m 00000000ffffff08 0000000000000006  c.sdsp   x13, 0x38
#3289 0 00000000000102f0     f42e m 00000000fffffef8 0000000000000003  c.sdsp   x11, 0x28
#3290 0 00000000000102f2     e0ba m 00000000ffffff10 0000000000000003  c.sdsp   x14, 0x40
#3291 0 00000000000102f4     e4be m 00000000ffffff18 000000000001c000  c.sdsp   x15, 0x48
#3292 0 00000000000102f6     e8c2 m 00000000ffffff20 0000000000000000  c.sdsp   x16, 0x50
#3293 0 00000000000102f8     ecc6 m 00000000ffffff28 0000000000000040  c.sdsp   x17, 0x58
#3294 0 00000000000102fa 01033583 r 000000000000000b 000000000001e848  ld       x11, 0x10(x6)
#3295 0 00000000000102fe     1034 r 000000000000000d 00000000fffffef8  c.addi4spn  x13, 0xa
#3296 0 0000000000010300     862a r 000000000000000c 000000000001c430  c.mv     x12, x10
#3297 0 0000000000010302     851a r 000000000000000a 000000000001e260  c.mv     x10, x6
#3298 0 0000000000010304     ec06 m 00000000fffffee8 000000000001016e  c.sdsp   x1, 0x18
#3299 0 0000000000010306     e436 m 00000000fffffed8 00000000fffffef8  c.sdsp   x13, 0x8
#3300 0 0000000000010308 00a000ef r 0000000000000001 000000000001030c  jal      x1, . + 0xa
#3301 0 0000000000010312 d8010113 r 0000000000000002 00000000fffffc50  addi     x2, x2, -640
#3302 0 0000000000010316 26113c23 m 00000000fffffec8 000000000001030c  sd       x1, 0x278(x2)
#3303 0 000000000001031a 27213023 m 00000000fffffeb0 0000000000000000  sd       x18, 0x260(x2)
#3304 0 000000000001031e 25413823 m 00000000fffffea0 0000000000000000  sd       x20, 0x250(x2)
#3305 0 0000000000010322 23913423 m 00000000fffffe78 0000000000000000  sd       x25, 0x228(x2)
#3306 0 0000000000010326     892e r 0000000000000012 000000000001e848  c.mv     x18, x11
#3307 0 0000000000010328     8cb2 r 0000000000000019 000000000001c430  c.mv     x25, x12
#3308 0 000000000001032a     e836 m 00000000fffffc60 00000000fffffef8  c.sdsp   x13, 0x10
#3309 0 000000000001032c 26813823 m 00000000fffffec0 00000000ffffff50  sd       x8, 0x270(x2)
#3310 0 0000000000010330 26913423 m 00000000fffffeb8 0000000000000000  sd       x9, 0x268(x2)
#3311 0 0000000000010334 25313c23 m 00000000fffffea8 0000000000000000  sd       x19, 0x258(x2)
#3312 0 0000000000010338 25513423 m 00000000fffffe98 0000000000000000  sd       x21, 0x248(x2)
#3313 0 000000000001033c 25613023 m 00000000fffffe90 0000000000000000  sd       x22, 0x240(x2)
#3314 0 0000000000010340 23713c23 m 00000000fffffe88 0000000000000000  sd       x23, 0x238(x2)
#3315 0 0000000000010344 23813823 m 00000000fffffe80 0000000000000000  sd       x24, 0x230(x2)
#3316 0 0000000000010348 23a13023 m 00000000fffffe70 0000000000000000  sd       x26, 0x220(x2)
#3317 0 000000000001034c 21b13c23 m 00000000fffffe68 0000000000000000  sd       x27, 0x218(x2)
#3318 0 0000000000010350     8a2a r 0000000000000014 000000000001e260  c.mv     x20, x10
#3319 0 0000000000010352 6fa040ef r 0000000000000001 0000000000010356  jal      x1, . + 0x46fa
#3320 0 0000000000014a4c e6018513 r 000000000000000a 000000000001eaa8  addi     x10, x3, -416
#3321 0 0000000000014a50     8082 r 0000000000000000 0000000000000000  c.jr     x1
#3322 0 0000000000010356     611c r 000000000000000f 000000000001c980  c.ld     x15, 0x0(x10)
#3323 0 0000000000010358     853e r 000000000000000a 000000000001c980  c.mv     x10, x15
#3324 0 000000000001035a     f8be m 00000000fffffcc0 000000000001c980  c.sdsp   x15, 0x70
#3325 0 000000000001035c 058060ef r 0000000000000001 0000000000010360  jal      x1, . + 0x6058
#3326 0 00000000000163b4 00757793 r 000000000000000f 0000000000000000  andi     x15, x10, 7
#3327 0 00000000000163b8     872a r 000000000000000e 000000000001c980  c.mv     x14, x10
#3328 0 00000000000163ba     eba9 r 0000000000000000 0000000000000000  c.bnez   x15, . + 0x52
#3329 0 00000000000163bc 7401b683 r 000000000000000d 7f7f7f7f7f7f7f7f  ld       x13, 0x740(x3)
#3330 0 00000000000163c0     55fd r 000000000000000b ffffffffffffffff  c.li     x11, -0x1
#3331 0 00000000000163c2     6310 r 000000000000000c 000000000000002e  c.ld     x12, 0x0(x14)
#3332 0 00000000000163c4     0721 r 000000000000000e 000000000001c988  c.addi   x14, 0x8
#3333 0 00000000000163c6 00d677b3 r 000000000000000f 000000000000002e  and      x15, x12, x13
#3334 0 00000000000163ca     97b6 r 000000000000000f 7f7f7f7f7f7f7fad  c.add    x15, x13
#3335 0 00000000000163cc     8fd1 r 000000000000000f 7f7f7f7f7f7f7faf  c.or     x15, x12
#3336 0 00000000000163ce     8fd5 r 000000000000000f 7f7f7f7f7f7f7fff  c.or     x15, x13
#3337 0 00000000000163d0 feb789e3 r 0000000000000000 0000000000000000  beq      x15, x11, . - 0xe
#3338 0 00000000000163d4 ff874683 r 000000000000000d 000000000000002e  lbu      x13, -0x8(x14)
#3339 0 00000000000163d8 40a707b3 r 000000000000000f 0000000000000008  sub      x15, x14, x10
#3340 0 00000000000163dc     c6a9 r 0000000000000000 0000000000000000  c.beqz   x13, . + 0x4a
#3341 0 00000000000163de ff974683 r 000000000000000d 0000000000000000  lbu      x13, -0x7(x14)
#3342 0 00000000000163e2     ce9d r 0000000000000000 0000000000000000  c.beqz   x13, . + 0x3e
#3343 0 0000000000016420 ff978513 r 000000000000000a 0000000000000001  addi     x10, x15, -7
#3344 0 0000000000016424     8082 r 0000000000000000 0000000000000000  c.jr     x1
#3345 0 0000000000010360     f4aa m 00000000fffffcb8 0000000000000001  c.sdsp   x10, 0x68
#3346 0 0000000000010362     e202 m 00000000fffffd50 0000000000000000  c.sdsp   x0, 0x100
#3347 0 0000000000010364     e602 m 00000000fffffd58 0000000000000000  c.sdsp   x0, 0x108
#3348 0 0000000000010366 000a0663 r 0000000000000000 0000000000000000  beq      x20, x0, . + 0xc
#3349 0 000000000001036a 050a2783 r 000000000000000f 0000000000000001  lw       x15, 0x50(x20)
#3350 0 000000000001036e 72078963 r 0000000000000000 0000000000000000  beq      x15, x0, . + 0x732
#3351 0 0000000000010372 01091703 r 000000000000000e 0000000000002889  lh       x14, 0x10(x18)
#3352 0 0000000000010376     6689 r 000000000000000d 0000000000002000  c.lui    x13, 0x2
#3353 0 0000000000010378 03071793 r 000000000000000f 2889000000000000  slli     x15, x14, 48
#3354 0 000000000001037c     93c1 r 000000000000000f 0000000000002889  c.srli   x15, 0x30
#3355 0 000000000001037e 00d7f633 r 000000000000000c 0000000000002000  and      x12, x15, x13
#3356 0 0000000000010382     e215 r 0000000000000000 0000000000000000  c.bnez   x12, . + 0x24
#3357 0 00000000000103a6 0087f713 r 000000000000000e 0000000000000008  andi     x14, x15, 8
#3358 0 00000000000103aa 26070a63 r 0000000000000000 0000000000000000  beq      x14, x0, . + 0x274
#3359 0 00000000000103ae 01893703 r 000000000000000e 0000000000020010  ld       x14, 0x18(x18)
#3360 0 00000000000103b2 26070663 r 0000000000000000 0000000000000000  beq      x14, x0, . + 0x26c
#3361 0 00000000000103b6     8be9 r 000000000000000f 0000000000000008  c.andi   x15, 0x1a
#3362 0 00000000000103b8     4729 r 000000000000000e 000000000000000a  c.li     x14, 0xa
#3363 0 00000000000103ba 26e78f63 r 0000000000000000 0000000000000000  beq      x15, x14, . + 0x27e
#3364 0 00000000000103be     67f1 r 000000000000000f 000000000001c000  c.lui    x15, 0x1c
#3365 0 00000000000103c0 6587b783 r 000000000000000f 3ffc000000000000  ld       x15, 0x658(x15)
#3366 0 00000000000103c4 19010b13 r 0000000000000016 00000000fffffde0  addi     x22, x2, 400
#3367 0 00000000000103c8     ea5a m 00000000fffffd60 00000000fffffde0  c.sdsp   x22, 0x110
#3368 0 00000000000103ca     ed3e m 00000000fffffce8 3ffc000000000000  c.sdsp   x15, 0x98
#3369 0 00000000000103cc     67f1 r 000000000000000f 000000000001c000  c.lui    x15, 0x1c
#3370 0 00000000000103ce 6387b783 r 000000000000000f 4003000000000000  ld       x15, 0x638(x15)
#3371 0 00000000000103d2     f202 m 00000000fffffd70 0000000000000000  c.sdsp   x0, 0x120
#3372 0 00000000000103d4 10012c23 m 00000000fffffd68 0000000000000000  sw       x0, 0x118(x2)
#3373 0 00000000000103d8     e93e m 00000000fffffce0 4003000000000000  c.sdsp   x15, 0x90
#3374 0 00000000000103da     67f1 r 000000000000000f 000000000001c000  c.lui    x15, 0x1c
#3375 0 00000000000103dc 6487b783 r 000000000000000f 3ffe000000000000  ld       x15, 0x648(x15)
#3376 0 00000000000103e0     f002 m 00000000fffffc70 0000000000000000  c.sdsp   x0, 0x20
#3377 0 00000000000103e2     f402 m 00000000fffffc78 0000000000000000  c.sdsp   x0, 0x28
#3378 0 00000000000103e4     f13e m 00000000fffffcf0 3ffe000000000000  c.sdsp   x15, 0xa0
#3379 0 00000000000103e6 000cc783 r 000000000000000f 0000000000000069  lbu      x15, 0x0(x25)
#3380 0 00000000000103ea     fc82 m 00000000fffffcc8 0000000000000000  c.sdsp   x0, 0x78
#3381 0 00000000000103ec     f082 m 00000000fffffcb0 0000000000000000  c.sdsp   x0, 0x60
#3382 0 00000000000103ee     e102 m 00000000fffffcd0 0000000000000000  c.sdsp   x0, 0x80
#3383 0 00000000000103f0     e502 m 00000000fffffcd8 0000000000000000  c.sdsp   x0, 0x88
#3384 0 00000000000103f2     e402 m 00000000fffffc58 0000000000000000  c.sdsp   x0, 0x8
#3385 0 00000000000103f4     835a r 0000000000000006 00000000fffffde0  c.mv     x6, x22
#3386 0 00000000000103f6 1c078563 r 0000000000000000 0000000000000000  beq      x15, x0, . + 0x1ca
#3387 0 00000000000103fa     8466 r 0000000000000008 000000000001c430  c.mv     x8, x25
#3388 0 00000000000103fc 02500713 r 000000000000000e 0000000000000025  addi     x14, x0, 37
#3389 0 0000000000010400 30e78363 r 0000000000000000 0000000000000000  beq      x15, x14, . + 0x306
#3390 0 0000000000010404 00144783 r 000000000000000f 0000000000000020  lbu      x15, 0x1(x8)
#3391 0 0000000000010408     0405 r 0000000000000008 000000000001c431  c.addi   x8, 0x1
#3392 0 000000000001040a     fbfd r 0000000000000000 0000000000000000  c.bnez   x15, . - 0xa
#3393 0 0000000000010400 30e78363 r 0000000000000000 0000000000000000  beq      x15, x14, . + 0x306
#3394 0 0000000000010404 00144783 r 000000000000000f 000000000000003d  lbu      x15, 0x1(x8)
#3395 0 0000000000010408     0405 r 0000000000000008 000000000001c432  c.addi   x8, 0x1
#3396 0 000000000001040a     fbfd r 0000000000000000 0000000000000000  c.bnez   x15, . - 0xa
#3397 0 0000000000010400 30e78363 r 0000000000000000 0000000000000000  beq      x15, x14, . + 0x306
#3398 0 0000000000010404 00144783 r 000000000000000f 0000000000000020  lbu      x15, 0x1(x8)
#3399 0 0000000000010408     0405 r 0000000000000008 000000000001c433  c.addi   x8, 0x1
#3400 0 000000000001040a     fbfd r 0000000000000000 0000000000000000  c.bnez   x15, . - 0xa
#3401 0 0000000000010400 30e78363 r 0000000000000000 0000000000000000  beq      x15, x14, . + 0x306
#3402 0 0000000000010404 00144783 r 000000000000000f 0000000000000025  lbu      x15, 0x1(x8)
#3403 0 0000000000010408     0405 r 0000000000000008 000000000001c434  c.addi   x8, 0x1
#3404 0 000000000001040a     fbfd r 0000000000000000 0000000000000000  c.bnez   x15, . - 0xa
#3405 0 0000000000010400 30e78363 r 0000000000000000 0000000000000000  beq      x15, x14, . + 0x306
#3406 0 0000000000010706 419404bb r 0000000000000009 0000000000000004  subw     x9, x8, x25
#3407 0 000000000001070a d00495e3 r 0000000000000000 0000000000000000  bne      x9, x0, . - 0x2f6
#3408 0 0000000000010414     7712 r 000000000000000e 0000000000000000  c.ldsp   x14, 0x120
#3409 0 0000000000010416 11812783 r 000000000000000f 0000000000000000  lw       x15, 0x118(x2)
#3410 0 000000000001041a 01933023 m 00000000fffffde0 000000000001c430  sd       x25, 0x0(x6)
#3411 0 000000000001041e     9726 r 000000000000000e 0000000000000004  c.add    x14, x9
#3412 0 0000000000010420     2785 r 000000000000000f 0000000000000001  c.addiw  x15, 0x1
#3413 0 0000000000010422 00933423 m 00000000fffffde8 0000000000000004  sd       x9, 0x8(x6)
#3414 0 0000000000010426     f23a m 00000000fffffd70 0000000000000004  c.sdsp   x14, 0x120
#3415 0 0000000000010428 10f12c23 m 00000000fffffd68 0000000000000001  sw       x15, 0x118(x2)
#3416 0 000000000001042c 0007871b r 000000000000000e 0000000000000001  addiw    x14, x15, 0
#3417 0 0000000000010430     479d r 000000000000000f 0000000000000007  c.li     x15, 0x7
#3418 0 0000000000010432     0341 r 0000000000000006 00000000fffffdf0  c.addi   x6, 0x10
#3419 0 0000000000010434 2ee7c063 r 0000000000000000 0000000000000000  blt      x15, x14, . + 0x2e0
#3420 0 0000000000010438     6722 r 000000000000000e 0000000000000000  c.ldsp   x14, 0x8
#3421 0 000000000001043a 00044783 r 000000000000000f 0000000000000025  lbu      x15, 0x0(x8)
#3422 0 000000000001043e     9f25 r 000000000000000e 0000000000000004  c.addw   x14, x9
#3423 0 0000000000010440     e43a m 00000000fffffc58 0000000000000004  c.sdsp   x14, 0x8
#3424 0 0000000000010442 16078f63 r 0000000000000000 0000000000000000  beq      x15, x0, . + 0x17e
#3425 0 0000000000010446     67f1 r 000000000000000f 000000000001c000  c.lui    x15, 0x1c
#3426 0 0000000000010448 00144e03 r 000000000000001c 0000000000000064  lbu      x28, 0x1(x8)
#3427 0 000000000001044c 0c010fa3 m 00000000fffffd2f 0000000000000000  sb       x0, 0xdf(x2)
#3428 0 0000000000010450     0405 r 0000000000000008 000000000001c435  c.addi   x8, 0x1
#3429 0 0000000000010452     5c7d r 0000000000000018 ffffffffffffffff  c.li     x24, -0x1
#3430 0 0000000000010454     4a81 r 0000000000000015 0000000000000000  c.li     x21, 0x0
#3431 0 0000000000010456     4481 r 0000000000000009 0000000000000000  c.li     x9, 0x0
#3432 0 0000000000010458 05a00993 r 0000000000000013 000000000000005a  addi     x19, x0, 90
#3433 0 000000000001045c 49878b93 r 0000000000000017 000000000001c498  addi     x23, x15, 1176
#3434 0 0000000000010460     4da5 r 000000000000001b 0000000000000009  c.li     x27, 0x9
#3435 0 0000000000010462     0405 r 0000000000000008 000000000001c436  c.addi   x8, 0x1
#3436 0 0000000000010464 000e0d1b r 000000000000001a 0000000000000064  addiw    x26, x28, 0
#3437 0 0000000000010468 02a00613 r 000000000000000c 000000000000002a  addi     x12, x0, 42
#3438 0 000000000001046c fe0d079b r 000000000000000f 0000000000000044  addiw    x15, x26, -32
#3439 0 0000000000010470 0007871b r 000000000000000e 0000000000000044  addiw    x14, x15, 0
#3440 0 0000000000010474 04e9e363 r 0000000000000000 0000000000000000  bltu     x19, x14, . + 0x46
#3441 0 0000000000010478 02079713 r 000000000000000e 0000004400000000  slli     x14, x15, 32
#3442 0 000000000001047c 01e75793 r 000000000000000f 0000000000000110  srli     x15, x14, 30
#3443 0 0000000000010480     97de r 000000000000000f 000000000001c5a8  c.add    x15, x23
#3444 0 0000000000010482     439c r 000000000000000f 0000000000010656  c.lw     x15, 0x0(x15)
#3445 0 0000000000010484     8782 r 0000000000000000 0000000000000000  c.jr     x15
#3446 0 0000000000010656     66c2 r 000000000000000d 00000000fffffef8  c.ldsp   x13, 0x10
#3447 0 0000000000010658 0204f793 r 000000000000000f 0000000000000000  andi     x15, x9, 32
#3448 0 000000000001065c 00868713 r 000000000000000e 00000000ffffff00  addi     x14, x13, 8
#3449 0 0000000000010660 3c078163 r 0000000000000000 0000000000000000  beq      x15, x0, . + 0x3c2
#3450 0 0000000000010a22 0104f793 r 000000000000000f 0000000000000000  andi     x15, x9, 16
#3451 0 0000000000010a26 7e079f63 r 0000000000000000 0000000000000000  bne      x15, x0, . + 0x7fe
#3452 0 0000000000010a2a 0404f793 r 000000000000000f 0000000000000000  andi     x15, x9, 64
#3453 0 0000000000010a2e 380788e3 r 0000000000000000 0000000000000000  beq      x15, x0, . + 0xb90
#3454 0 00000000000115be 2004f793 r 000000000000000f 0000000000000000  andi     x15, x9, 512
#3455 0 00000000000115c2 24078163 r 0000000000000000 0000000000000000  beq      x15, x0, . + 0x242
#3456 0 0000000000011804     67c2 r 000000000000000f 00000000fffffef8  c.ldsp   x15, 0x10
#3457 0 0000000000011806 0007a983 r 0000000000000013 0000000000000003  lw       x19, 0x0(x15)
#3458 0 000000000001180a     87ce r 000000000000000f 0000000000000003  c.mv     x15, x19
#3459 0 000000000001180c e5dfe06f r 0000000000000000 0000000000000000  j        . - 0x11a4
#3460 0 0000000000010668 3c07cb63 r 0000000000000000 0000000000000000  blt      x15, x0, . + 0x3d6
#3461 0 000000000001066c     57fd r 000000000000000f ffffffffffffffff  c.li     x15, -0x1
#3462 0 000000000001066e 3efc00e3 r 0000000000000000 0000000000000000  beq      x24, x15, . + 0xbe0
#3463 0 000000000001124e     e83a m 00000000fffffc60 00000000ffffff00  c.sdsp   x14, 0x10
#3464 0 0000000000011250     47a5 r 000000000000000f 0000000000000009  c.li     x15, 0x9
#3465 0 0000000000011252     8da6 r 000000000000001b 0000000000000000  c.mv     x27, x9
#3466 0 0000000000011254 cb37f8e3 r 0000000000000000 0000000000000000  bgeu     x15, x19, . - 0x350
#3467 0 0000000000010f04 0309899b r 0000000000000013 0000000000000033  addiw    x19, x19, 48
#3468 0 0000000000010f08 193105a3 m 00000000fffffddb 0000000000000033  sb       x19, 0x18b(x2)
#3469 0 0000000000010f0c     84ee r 0000000000000009 0000000000000000  c.mv     x9, x27
#3470 0 0000000000010f0e     4b85 r 0000000000000017 0000000000000001  c.li     x23, 0x1
#3471 0 0000000000010f10 18b10c93 r 0000000000000019 00000000fffffddb  addi     x25, x2, 395
#3472 0 0000000000010f14 f7aff06f r 0000000000000000 0000000000000000  j        . - 0x886
#3473 0 000000000001068e 0df14783 r 000000000000000f 0000000000000000  lbu      x15, 0xdf(x2)
#3474 0 0000000000010692 000b899b r 0000000000000013 0000000000000001  addiw    x19, x23, 0
#3475 0 0000000000010696 018bd463 r 0000000000000000 0000000000000000  bge      x23, x24, . + 0x8
#3476 0 000000000001069e     ec02 m 00000000fffffc68 0000000000000000  c.sdsp   x0, 0x18
#3477 0 00000000000106a0     e482 m 00000000fffffc98 0000000000000000  c.sdsp   x0, 0x48
#3478 0 00000000000106a2     ec82 m 00000000fffffca8 0000000000000000  c.sdsp   x0, 0x58
#3479 0 00000000000106a4     e882 m 00000000fffffca0 0000000000000000  c.sdsp   x0, 0x50
#3480 0 00000000000106a6 e20789e3 r 0000000000000000 0000000000000000  beq      x15, x0, . - 0x1ce
#3481 0 00000000000104d8 0024f293 r 0000000000000005 0000000000000000  andi     x5, x9, 2
#3482 0 00000000000104dc 00028363 r 0000000000000000 0000000000000000  beq      x5, x0, . + 0x6
#3483 0 00000000000104e2 0844fd93 r 000000000000001b 0000000000000000  andi     x27, x9, 132
#3484 0 00000000000104e6     7792 r 000000000000000f 0000000000000004  c.ldsp   x15, 0x120
#3485 0 00000000000104e8 000d9663 r 0000000000000000 0000000000000000  bne      x27, x0, . + 0xc
#3486 0 00000000000104ec 413a86bb r 000000000000000d ffffffffffffffff  subw     x13, x21, x19
#3487 0 00000000000104f0 22d044e3 r 0000000000000000 0000000000000000  blt      x0, x13, . + 0xa28
#3488 0 00000000000104f4 0df14703 r 000000000000000e 0000000000000000  lbu      x14, 0xdf(x2)
#3489 0 00000000000104f8     c70d r 0000000000000000 0000000000000000  c.beqz   x14, . + 0x2a
#3490 0 0000000000010522 02028563 r 0000000000000000 0000000000000000  beq      x5, x0, . + 0x2a
#3491 0 000000000001054c 08000713 r 000000000000000e 0000000000000080  addi     x14, x0, 128
#3492 0 0000000000010550 06ed8ae3 r 0000000000000000 0000000000000000  beq      x27, x14, . + 0x874
#3493 0 0000000000010554 417c0c3b r 0000000000000018 fffffffffffffffe  subw     x24, x24, x23
#3494 0 0000000000010558 0f804ee3 r 0000000000000000 0000000000000000  blt      x0, x24, . + 0x8fc
#3495 0 000000000001055c 1004f713 r 000000000000000e 0000000000000000  andi     x14, x9, 256
#3496 0 0000000000010560 78071b63 r 0000000000000000 0000000000000000  bne      x14, x0, . + 0x796
#3497 0 0000000000010564 11812703 r 000000000000000e 0000000000000001  lw       x14, 0x118(x2)
#3498 0 0000000000010568     97de r 000000000000000f 0000000000000005  c.add    x15, x23
#3499 0 000000000001056a 01933023 m 00000000fffffdf0 00000000fffffddb  sd       x25, 0x0(x6)
#3500 0 000000000001056e 0017069b r 000000000000000d 0000000000000002  addiw    x13, x14, 1
#3501 0 0000000000010572     8736 r 000000000000000e 0000000000000002  c.mv     x14, x13
#3502 0 0000000000010574 01733423 m 00000000fffffdf8 0000000000000001  sd       x23, 0x8(x6)
#3503 0 0000000000010578 10e12c23 m 00000000fffffd68 0000000000000002  sw       x14, 0x118(x2)
#3504 0 000000000001057c     f23e m 00000000fffffd70 0000000000000005  c.sdsp   x15, 0x120
#3505 0 000000000001057e     471d r 000000000000000e 0000000000000007  c.li     x14, 0x7
#3506 0 0000000000010580 46d74863 r 0000000000000000 0000000000000000  blt      x14, x13, . + 0x470
#3507 0 0000000000010584     0341 r 0000000000000006 00000000fffffe00  c.addi   x6, 0x10
#3508 0 0000000000010586     8891 r 0000000000000009 0000000000000000  c.andi   x9, 0x4
#3509 0 0000000000010588     c489 r 0000000000000000 0000000000000000  c.beqz   x9, . + 0xa
#3510 0 0000000000010592     8756 r 000000000000000e 0000000000000000  c.mv     x14, x21
#3511 0 0000000000010594 013ad363 r 0000000000000000 0000000000000000  bge      x21, x19, . + 0x6
#3512 0 0000000000010598     874e r 000000000000000e 0000000000000001  c.mv     x14, x19
#3513 0 000000000001059a     66a2 r 000000000000000d 0000000000000004  c.ldsp   x13, 0x8
#3514 0 000000000001059c     9f35 r 000000000000000e 0000000000000005  c.addw   x14, x13
#3515 0 000000000001059e     e43a m 00000000fffffc58 0000000000000005  c.sdsp   x14, 0x8
#3516 0 00000000000105a0 12079be3 r 0000000000000000 0000000000000000  bne      x15, x0, . + 0x936
#3517 0 0000000000010ed6     0a10 r 000000000000000c 00000000fffffd60  c.addi4spn  x12, 0x44
#3518 0 0000000000010ed8     85ca r 000000000000000b 000000000001e848  c.mv     x11, x18
#3519 0 0000000000010eda     8552 r 000000000000000a 000000000001e260  c.mv     x10, x20
#3520 0 0000000000010edc 18c070ef r 0000000000000001 0000000000010ee0  jal      x1, . + 0x718c
#3521 0 0000000000018068     6a18 r 000000000000000e 0000000000000005  c.ld     x14, 0x10(x12)
#3522 0 000000000001806a     c311 r 0000000000000000 0000000000000000  c.beqz   x14, . + 0x4
#3523 0 000000000001806c     bfa1 r 0000000000000000 0000000000000000  c.j      . - 0xa8
#3524 0 0000000000017fc4 0ac5a783 r 000000000000000f 0000000000000000  lw       x15, 0xac(x11)
#3525 0 0000000000017fc8     715d r 0000000000000002 00000000fffffc00  c.addi16sp -0x5
#3526 0 0000000000017fca     6709 r 000000000000000e 0000000000002000  c.lui    x14, 0x2
#3527 0 0000000000017fcc     ec56 m 00000000fffffc18 0000000000000000  c.sdsp   x21, 0x18
#3528 0 0000000000017fce     e486 m 00000000fffffc48 0000000000010ee0  c.sdsp   x1, 0x48
#3529 0 0000000000017fd0     e0a2 m 00000000fffffc40 000000000001c436  c.sdsp   x8, 0x40
#3530 0 0000000000017fd2     fc26 m 00000000fffffc38 0000000000000000  c.sdsp   x9, 0x38
#3531 0 0000000000017fd4     f84a m 00000000fffffc30 000000000001e848  c.sdsp   x18, 0x30
#3532 0 0000000000017fd6     f44e m 00000000fffffc28 0000000000000001  c.sdsp   x19, 0x28
#3533 0 0000000000017fd8     f052 m 00000000fffffc20 000000000001e260  c.sdsp   x20, 0x20
#3534 0 0000000000017fda     e85a m 00000000fffffc10 00000000fffffde0  c.sdsp   x22, 0x10
#3535 0 0000000000017fdc     e45e m 00000000fffffc08 0000000000000001  c.sdsp   x23, 0x8
#3536 0 0000000000017fde     8ff9 r 000000000000000f 0000000000000000  c.and    x15, x14
#3537 0 0000000000017fe0     8ab2 r 0000000000000015 00000000fffffd60  c.mv     x21, x12
#3538 0 0000000000017fe2     c3c1 r 0000000000000000 0000000000000000  c.beqz   x15, . + 0x80
#3539 0 0000000000018062 146010ef r 0000000000000001 0000000000018066  jal      x1, . + 0x1146
#3540 0 00000000000191a8     6a1c r 000000000000000f 0000000000000005  c.ld     x15, 0x10(x12)
#3541 0 00000000000191aa 1a078c63 r 0000000000000000 0000000000000000  beq      x15, x0, . + 0x1b8
#3542 0 00000000000191ae 0105d783 r 000000000000000f 0000000000002889  lhu      x15, 0x10(x11)
#3543 0 00000000000191b2     711d r 0000000000000002 00000000fffffba0  c.addi16sp -0x6
#3544 0 00000000000191b4     e8a2 m 00000000fffffbf0 000000000001c436  c.sdsp   x8, 0x50
#3545 0 00000000000191b6     f852 m 00000000fffffbd0 000000000001e260  c.sdsp   x20, 0x30
#3546 0 00000000000191b8     f456 m 00000000fffffbc8 00000000fffffd60  c.sdsp   x21, 0x28
#3547 0 00000000000191ba     ec86 m 00000000fffffbf8 0000000000018066  c.sdsp   x1, 0x58
#3548 0 00000000000191bc     e4a6 m 00000000fffffbe8 0000000000000000  c.sdsp   x9, 0x48
#3549 0 00000000000191be     e0ca m 00000000fffffbe0 000000000001e848  c.sdsp   x18, 0x40
#3550 0 00000000000191c0     fc4e m 00000000fffffbd8 0000000000000001  c.sdsp   x19, 0x38
#3551 0 00000000000191c2     f05a m 00000000fffffbc0 00000000fffffde0  c.sdsp   x22, 0x20
#3552 0 00000000000191c4     ec5e m 00000000fffffbb8 0000000000000001  c.sdsp   x23, 0x18
#3553 0 00000000000191c6     e862 m 00000000fffffbb0 fffffffffffffffe  c.sdsp   x24, 0x10
#3554 0 00000000000191c8     e466 m 00000000fffffba8 00000000fffffddb  c.sdsp   x25, 0x8
#3555 0 00000000000191ca     e06a m 00000000fffffba0 0000000000000064  c.sdsp   x26, 0x0
#3556 0 00000000000191cc 0087f713 r 000000000000000e 0000000000000008  andi     x14, x15, 8
#3557 0 00000000000191d0     8a32 r 0000000000000014 00000000fffffd60  c.mv     x20, x12
#3558 0 00000000000191d2     8aaa r 0000000000000015 000000000001e260  c.mv     x21, x10
#3559 0 00000000000191d4     842e r 0000000000000008 000000000001e848  c.mv     x8, x11
#3560 0 00000000000191d6     c325 r 0000000000000000 0000000000000000  c.beqz   x14, . + 0x60
#3561 0 00000000000191d8     6d98 r 000000000000000e 0000000000020010  c.ld     x14, 0x18(x11)
#3562 0 00000000000191da     cf31 r 0000000000000000 0000000000000000  c.beqz   x14, . + 0x5c
#3563 0 00000000000191dc 0027f713 r 000000000000000e 0000000000000000  andi     x14, x15, 2
#3564 0 00000000000191e0 000a3903 r 0000000000000012 00000000fffffde0  ld       x18, 0x0(x20)
#3565 0 00000000000191e4     c735 r 0000000000000000 0000000000000000  c.beqz   x14, . + 0x6c
#3566 0 0000000000019250 0017f713 r 000000000000000e 0000000000000001  andi     x14, x15, 1
#3567 0 0000000000019254     eb35 r 0000000000000000 0000000000000000  c.bnez   x14, . + 0x74
#3568 0 00000000000192c8     4981 r 0000000000000013 0000000000000000  c.li     x19, 0x0
#3569 0 00000000000192ca     4501 r 000000000000000a 0000000000000000  c.li     x10, 0x0
#3570 0 00000000000192cc     4c81 r 0000000000000019 0000000000000000  c.li     x25, 0x0
#3571 0 00000000000192ce     4c01 r 0000000000000018 0000000000000000  c.li     x24, 0x0
#3572 0 00000000000192d0 080c0b63 r 0000000000000000 0000000000000000  beq      x24, x0, . + 0x96
#3573 0 0000000000019366 00893c03 r 0000000000000018 0000000000000004  ld       x24, 0x8(x18)
#3574 0 000000000001936a 00093c83 r 0000000000000019 000000000001c430  ld       x25, 0x0(x18)
#3575 0 000000000001936e     0941 r 0000000000000012 00000000fffffdf0  c.addi   x18, 0x10
#3576 0 0000000000019370 fe0c0be3 r 0000000000000000 0000000000000000  beq      x24, x0, . - 0xa
#3577 0 0000000000019374     8662 r 000000000000000c 0000000000000004  c.mv     x12, x24
#3578 0 0000000000019376     45a9 r 000000000000000b 000000000000000a  c.li     x11, 0xa
#3579 0 0000000000019378     8566 r 000000000000000a 000000000001c430  c.mv     x10, x25
#3580 0 000000000001937a f7bfb0ef r 0000000000000001 000000000001937e  jal      x1, . - 0x4086
#3581 0 00000000000152f4 00757793 r 000000000000000f 0000000000000000  andi     x15, x10, 7
#3582 0 00000000000152f8 0ff5f693 r 000000000000000d 000000000000000a  andi     x13, x11, 255
#3583 0 00000000000152fc     c395 r 0000000000000000 0000000000000000  c.beqz   x15, . + 0x24
#3584 0 0000000000015320     87b2 r 000000000000000f 0000000000000004  c.mv     x15, x12
#3585 0 0000000000015322     471d r 000000000000000e 0000000000000007  c.li     x14, 0x7
#3586 0 0000000000015324 00f76f63 r 0000000000000000 0000000000000000  bltu     x14, x15, . + 0x1e
#3587 0 0000000000015328     e399 r 0000000000000000 0000000000000000  c.bnez   x15, . + 0x6
#3588 0 000000000001532e     97aa r 000000000000000f 000000000001c434  c.add    x15, x10
#3589 0 0000000000015330     a021 r 0000000000000000 0000000000000000  c.j      . + 0x8
#3590 0 0000000000015338 00054703 r 000000000000000e 0000000000000069  lbu      x14, 0x0(x10)
#3591 0 000000000001533c fed71be3 r 0000000000000000 0000000000000000  bne      x14, x13, . - 0xa
#3592 0 0000000000015332     0505 r 000000000000000a 000000000001c431  c.addi   x10, 0x1
#3593 0 0000000000015334 fea78be3 r 0000000000000000 0000000000000000  beq      x15, x10, . - 0xa
#3594 0 0000000000015338 00054703 r 000000000000000e 0000000000000020  lbu      x14, 0x0(x10)
#3595 0 000000000001533c fed71be3 r 0000000000000000 0000000000000000  bne      x14, x13, . - 0xa
#3596 0 0000000000015332     0505 r 000000000000000a 000000000001c432  c.addi   x10, 0x1
#3597 0 0000000000015334 fea78be3 r 0000000000000000 0000000000000000  beq      x15, x10, . - 0xa
#3598 0 0000000000015338 00054703 r 000000000000000e 000000000000003d  lbu      x14, 0x0(x10)
#3599 0 000000000001533c fed71be3 r 0000000000000000 0000000000000000  bne      x14, x13, . - 0xa
#3600 0 0000000000015332     0505 r 000000000000000a 000000000001c433  c.addi   x10, 0x1
#3601 0 0000000000015334 fea78be3 r 0000000000000000 0000000000000000  beq      x15, x10, . - 0xa
#3602 0 0000000000015338 00054703 r 000000000000000e 0000000000000020  lbu      x14, 0x0(x10)
#3603 0 000000000001533c fed71be3 r 0000000000000000 0000000000000000  bne      x14, x13, . - 0xa
#3604 0 0000000000015332     0505 r 000000000000000a 000000000001c434  c.addi   x10, 0x1
#3605 0 0000000000015334 fea78be3 r 0000000000000000 0000000000000000  beq      x15, x10, . - 0xa
#3606 0 000000000001532a     4501 r 000000000000000a 0000000000000000  c.li     x10, 0x0
#3607 0 000000000001532c     8082 r 0000000000000000 0000000000000000  c.jr     x1
#3608 0 000000000001937e 12050f63 r 0000000000000000 0000000000000000  beq      x10, x0, . + 0x13e
#3609 0 00000000000194bc 001c099b r 0000000000000013 0000000000000005  addiw    x19, x24, 1
#3610 0 00000000000194c0     bd19 r 0000000000000000 0000000000000000  c.j      . - 0x1ea
#3611 0 00000000000192d6     8bce r 0000000000000017 0000000000000005  c.mv     x23, x19
#3612 0 00000000000192d8 013c7363 r 0000000000000000 0000000000000000  bgeu     x24, x19, . + 0x6
#3613 0 00000000000192dc     8be2 r 0000000000000017 0000000000000004  c.mv     x23, x24
#3614 0 00000000000192de     6008 r 000000000000000a 0000000000020010  c.ld     x10, 0x0(x8)
#3615 0 00000000000192e0     6c1c r 000000000000000f 0000000000020010  c.ld     x15, 0x18(x8)
#3616 0 00000000000192e2     5014 r 000000000000000d 0000000000000400  c.lw     x13, 0x20(x8)
#3617 0 00000000000192e4     84de r 0000000000000009 0000000000000004  c.mv     x9, x23
#3618 0 00000000000192e6 00a7f763 r 0000000000000000 0000000000000000  bgeu     x15, x10, . + 0xe
#3619 0 00000000000192f4 18dbc463 r 0000000000000000 0000000000000000  blt      x23, x13, . + 0x188
#3620 0 000000000001947c     865e r 000000000000000c 0000000000000004  c.mv     x12, x23
#3621 0 000000000001947e     85e6 r 000000000000000b 000000000001c430  c.mv     x11, x25
#3622 0 0000000000019480 1ac000ef r 0000000000000001 0000000000019484  jal      x1, . + 0x1ac
#3623 0 000000000001962c 02a5f263 r 0000000000000000 0000000000000000  bgeu     x11, x10, . + 0x24
#3624 0 0000000000019630 00c587b3 r 000000000000000f 000000000001c434  add      x15, x11, x12
#3625 0 0000000000019634 00f57e63 r 0000000000000000 0000000000000000  bgeu     x10, x15, . + 0x1c
#3626 0 0000000000019650     47fd r 000000000000000f 000000000000001f  c.li     x15, 0x1f
#3627 0 0000000000019652 02c7e163 r 0000000000000000 0000000000000000  bltu     x15, x12, . + 0x22
#3628 0 0000000000019656     87aa r 000000000000000f 0000000000020010  c.mv     x15, x10
#3629 0 0000000000019658 fff60693 r 000000000000000d 0000000000000003  addi     x13, x12, -1
#3630 0 000000000001965c     c245 r 0000000000000000 0000000000000000  c.beqz   x12, . + 0xa0
#3631 0 000000000001965e     0685 r 000000000000000d 0000000000000004  c.addi   x13, 0x1
#3632 0 0000000000019660     96be r 000000000000000d 0000000000020014  c.add    x13, x15
#3633 0 0000000000019662 0005c703 r 000000000000000e 0000000000000069  lbu      x14, 0x0(x11)
#3634 0 0000000000019666     0785 r 000000000000000f 0000000000020011  c.addi   x15, 0x1
#3635 0 0000000000019668     0585 r 000000000000000b 000000000001c431  c.addi   x11, 0x1
#3636 0 000000000001966a fee78fa3 m 0000000000020010 0000000000000069  sb       x14, -0x1(x15)
#3637 0 000000000001966e fed79ae3 r 0000000000000000 0000000000000000  bne      x15, x13, . - 0xc
#3638 0 0000000000019662 0005c703 r 000000000000000e 0000000000000020  lbu      x14, 0x0(x11)
#3639 0 0000000000019666     0785 r 000000000000000f 0000000000020012  c.addi   x15, 0x1
#3640 0 0000000000019668     0585 r 000000000000000b 000000000001c432  c.addi   x11, 0x1
#3641 0 000000000001966a fee78fa3 m 0000000000020011 0000000000000020  sb       x14, -0x1(x15)
#3642 0 000000000001966e fed79ae3 r 0000000000000000 0000000000000000  bne      x15, x13, . - 0xc
#3643 0 0000000000019662 0005c703 r 000000000000000e 000000000000003d  lbu      x14, 0x0(x11)
#3644 0 0000000000019666     0785 r 000000000000000f 0000000000020013  c.addi   x15, 0x1
#3645 0 0000000000019668     0585 r 000000000000000b 000000000001c433  c.addi   x11, 0x1
#3646 0 000000000001966a fee78fa3 m 0000000000020012 000000000000003d  sb       x14, -0x1(x15)
#3647 0 000000000001966e fed79ae3 r 0000000000000000 0000000000000000  bne      x15, x13, . - 0xc
#3648 0 0000000000019662 0005c703 r 000000000000000e 0000000000000020  lbu      x14, 0x0(x11)
#3649 0 0000000000019666     0785 r 000000000000000f 0000000000020014  c.addi   x15, 0x1
#3650 0 0000000000019668     0585 r 000000000000000b 000000000001c434  c.addi   x11, 0x1
#3651 0 000000000001966a fee78fa3 m 0000000000020013 0000000000000020  sb       x14, -0x1(x15)
#3652 0 000000000001966e fed79ae3 r 0000000000000000 0000000000000000  bne      x15, x13, . - 0xc
#3653 0 0000000000019672     8082 r 0000000000000000 0000000000000000  c.jr     x1
#3654 0 0000000000019484     4454 r 000000000000000d 0000000000000000  c.lw     x13, 0xc(x8)
#3655 0 0000000000019486     6018 r 000000000000000e 0000000000020010  c.ld     x14, 0x0(x8)
#3656 0 0000000000019488 000b879b r 000000000000000f 0000000000000004  addiw    x15, x23, 0
#3657 0 000000000001948c 417686bb r 000000000000000d fffffffffffffffc  subw     x13, x13, x23
#3658 0 0000000000019490     975e r 000000000000000e 0000000000020014  c.add    x14, x23
#3659 0 0000000000019492     c454 m 000000000001e854 00000000fffffffc  c.sw     x13, 0xc(x8)
#3660 0 0000000000019494     e018 m 000000000001e848 0000000000020014  c.sd     x14, 0x0(x8)
#3661 0 0000000000019496     bd9d r 0000000000000000 0000000000000000  c.j      . - 0x18a
#3662 0 000000000001930c 40f989bb r 0000000000000013 0000000000000001  subw     x19, x19, x15
#3663 0 0000000000019310     4505 r 000000000000000a 0000000000000001  c.li     x10, 0x1
#3664 0 0000000000019312 02098b63 r 0000000000000000 0000000000000000  beq      x19, x0, . + 0x36
#3665 0 0000000000019316 010a3783 r 000000000000000f 0000000000000005  ld       x15, 0x10(x20)
#3666 0 000000000001931a     9ca6 r 0000000000000019 000000000001c434  c.add    x25, x9
#3667 0 000000000001931c 409c0c33 r 0000000000000018 0000000000000000  sub      x24, x24, x9
#3668 0 0000000000019320 409784b3 r 0000000000000009 0000000000000001  sub      x9, x15, x9
#3669 0 0000000000019324 009a3823 m 00000000fffffd70 0000000000000001  sd       x9, 0x10(x20)
#3670 0 0000000000019328     f4c5 r 0000000000000000 0000000000000000  c.bnez   x9, . - 0x58
#3671 0 00000000000192d0 080c0b63 r 0000000000000000 0000000000000000  beq      x24, x0, . + 0x96
#3672 0 0000000000019366 00893c03 r 0000000000000018 0000000000000001  ld       x24, 0x8(x18)
#3673 0 000000000001936a 00093c83 r 0000000000000019 00000000fffffddb  ld       x25, 0x0(x18)
#3674 0 000000000001936e     0941 r 0000000000000012 00000000fffffe00  c.addi   x18, 0x10
#3675 0 0000000000019370 fe0c0be3 r 0000000000000000 0000000000000000  beq      x24, x0, . - 0xa
#3676 0 0000000000019374     8662 r 000000000000000c 0000000000000001  c.mv     x12, x24
#3677 0 0000000000019376     45a9 r 000000000000000b 000000000000000a  c.li     x11, 0xa
#3678 0 0000000000019378     8566 r 000000000000000a 00000000fffffddb  c.mv     x10, x25
#3679 0 000000000001937a f7bfb0ef r 0000000000000001 000000000001937e  jal      x1, . - 0x4086
#3680 0 00000000000152f4 00757793 r 000000000000000f 0000000000000003  andi     x15, x10, 7
#3681 0 00000000000152f8 0ff5f693 r 000000000000000d 000000000000000a  andi     x13, x11, 255
#3682 0 00000000000152fc     c395 r 0000000000000000 0000000000000000  c.beqz   x15, . + 0x24
#3683 0 00000000000152fe fff60793 r 000000000000000f 0000000000000000  addi     x15, x12, -1
#3684 0 0000000000015302     c605 r 0000000000000000 0000000000000000  c.beqz   x12, . + 0x28
#3685 0 0000000000015304     567d r 000000000000000c ffffffffffffffff  c.li     x12, -0x1
#3686 0 0000000000015306     a801 r 0000000000000000 0000000000000000  c.j      . + 0x10
#3687 0 0000000000015316 00054703 r 000000000000000e 0000000000000033  lbu      x14, 0x0(x10)
#3688 0 000000000001531a fed717e3 r 0000000000000000 0000000000000000  bne      x14, x13, . - 0x12
#3689 0 0000000000015308     0505 r 000000000000000a 00000000fffffddc  c.addi   x10, 0x1
#3690 0 000000000001530a 00757713 r 000000000000000e 0000000000000004  andi     x14, x10, 7
#3691 0 000000000001530e     cb11 r 0000000000000000 0000000000000000  c.beqz   x14, . + 0x14
#3692 0 0000000000015310     17fd r 000000000000000f ffffffffffffffff  c.addi   x15, -0x1
#3693 0 0000000000015312 00c78c63 r 0000000000000000 0000000000000000  beq      x15, x12, . + 0x18
#3694 0 000000000001532a     4501 r 000000000000000a 0000000000000000  c.li     x10, 0x0
#3695 0 000000000001532c     8082 r 0000000000000000 0000000000000000  c.jr     x1
#3696 0 000000000001937e 12050f63 r 0000000000000000 0000000000000000  beq      x10, x0, . + 0x13e
#3697 0 00000000000194bc 001c099b r 0000000000000013 0000000000000002  addiw    x19, x24, 1
#3698 0 00000000000194c0     bd19 r 0000000000000000 0000000000000000  c.j      . - 0x1ea
#3699 0 00000000000192d6     8bce r 0000000000000017 0000000000000002  c.mv     x23, x19
#3700 0 00000000000192d8 013c7363 r 0000000000000000 0000000000000000  bgeu     x24, x19, . + 0x6
#3701 0 00000000000192dc     8be2 r 0000000000000017 0000000000000001  c.mv     x23, x24
#3702 0 00000000000192de     6008 r 000000000000000a 0000000000020014  c.ld     x10, 0x0(x8)
#3703 0 00000000000192e0     6c1c r 000000000000000f 0000000000020010  c.ld     x15, 0x18(x8)
#3704 0 00000000000192e2     5014 r 000000000000000d 0000000000000400  c.lw     x13, 0x20(x8)
#3705 0 00000000000192e4     84de r 0000000000000009 0000000000000001  c.mv     x9, x23
#3706 0 00000000000192e6 00a7f763 r 0000000000000000 0000000000000000  bgeu     x15, x10, . + 0xe
#3707 0 00000000000192ea     445c r 000000000000000f fffffffffffffffc  c.lw     x15, 0xc(x8)
#3708 0 00000000000192ec 00d78b3b r 0000000000000016 00000000000003fc  addw     x22, x15, x13
#3709 0 00000000000192f0 097b4d63 r 0000000000000000 0000000000000000  blt      x22, x23, . + 0x9a
#3710 0 00000000000192f4 18dbc463 r 0000000000000000 0000000000000000  blt      x23, x13, . + 0x188
#3711 0 000000000001947c     865e r 000000000000000c 0000000000000001  c.mv     x12, x23
#3712 0 000000000001947e     85e6 r 000000000000000b 00000000fffffddb  c.mv     x11, x25
#3713 0 0000000000019480 1ac000ef r 0000000000000001 0000000000019484  jal      x1, . + 0x1ac
#3714 0 000000000001962c 02a5f263 r 0000000000000000 0000000000000000  bgeu     x11, x10, . + 0x24
#3715 0 0000000000019650     47fd r 000000000000000f 000000000000001f  c.li     x15, 0x1f
#3716 0 0000000000019652 02c7e163 r 0000000000000000 0000000000000000  bltu     x15, x12, . + 0x22
#3717 0 0000000000019656     87aa r 000000000000000f 0000000000020014  c.mv     x15, x10
#3718 0 0000000000019658 fff60693 r 000000000000000d 0000000000000000  addi     x13, x12, -1
#3719 0 000000000001965c     c245 r 0000000000000000 0000000000000000  c.beqz   x12, . + 0xa0
#3720 0 000000000001965e     0685 r 000000000000000d 0000000000000001  c.addi   x13, 0x1
#3721 0 0000000000019660     96be r 000000000000000d 0000000000020015  c.add    x13, x15
#3722 0 0000000000019662 0005c703 r 000000000000000e 0000000000000033  lbu      x14, 0x0(x11)
#3723 0 0000000000019666     0785 r 000000000000000f 0000000000020015  c.addi   x15, 0x1
#3724 0 0000000000019668     0585 r 000000000000000b 00000000fffffddc  c.addi   x11, 0x1
#3725 0 000000000001966a fee78fa3 m 0000000000020014 0000000000000033  sb       x14, -0x1(x15)
#3726 0 000000000001966e fed79ae3 r 0000000000000000 0000000000000000  bne      x15, x13, . - 0xc
#3727 0 0000000000019672     8082 r 0000000000000000 0000000000000000  c.jr     x1
#3728 0 0000000000019484     4454 r 000000000000000d fffffffffffffffc  c.lw     x13, 0xc(x8)
#3729 0 0000000000019486     6018 r 000000000000000e 0000000000020014  c.ld     x14, 0x0(x8)
#3730 0 0000000000019488 000b879b r 000000000000000f 0000000000000001  addiw    x15, x23, 0
#3731 0 000000000001948c 417686bb r 000000000000000d fffffffffffffffb  subw     x13, x13, x23
#3732 0 0000000000019490     975e r 000000000000000e 0000000000020015  c.add    x14, x23
#3733 0 0000000000019492     c454 m 000000000001e854 00000000fffffffb  c.sw     x13, 0xc(x8)
#3734 0 0000000000019494     e018 m 000000000001e848 0000000000020015  c.sd     x14, 0x0(x8)
#3735 0 0000000000019496     bd9d r 0000000000000000 0000000000000000  c.j      . - 0x18a
#3736 0 000000000001930c 40f989bb r 0000000000000013 0000000000000001  subw     x19, x19, x15
#3737 0 0000000000019310     4505 r 000000000000000a 0000000000000001  c.li     x10, 0x1
#3738 0 0000000000019312 02098b63 r 0000000000000000 0000000000000000  beq      x19, x0, . + 0x36
#3739 0 0000000000019316 010a3783 r 000000000000000f 0000000000000001  ld       x15, 0x10(x20)
#3740 0 000000000001931a     9ca6 r 0000000000000019 00000000fffffddc  c.add    x25, x9
#3741 0 000000000001931c 409c0c33 r 0000000000000018 0000000000000000  sub      x24, x24, x9
#3742 0 0000000000019320 409784b3 r 0000000000000009 0000000000000000  sub      x9, x15, x9
#3743 0 0000000000019324 009a3823 m 00000000fffffd70 0000000000000000  sd       x9, 0x10(x20)
#3744 0 0000000000019328     f4c5 r 0000000000000000 0000000000000000  c.bnez   x9, . - 0x58
#3745 0 000000000001932a     4501 r 000000000000000a 0000000000000000  c.li     x10, 0x0
#3746 0 000000000001932c     60e6 r 0000000000000001 0000000000018066  c.ldsp   x1, 0x58
#3747 0 000000000001932e     6446 r 0000000000000008 000000000001c436  c.ldsp   x8, 0x50
#3748 0 0000000000019330     64a6 r 0000000000000009 0000000000000000  c.ldsp   x9, 0x48
#3749 0 0000000000019332     6906 r 0000000000000012 000000000001e848  c.ldsp   x18, 0x40
#3750 0 0000000000019334     79e2 r 0000000000000013 0000000000000001  c.ldsp   x19, 0x38
#3751 0 0000000000019336     7a42 r 0000000000000014 000000000001e260  c.ldsp   x20, 0x30
#3752 0 0000000000019338     7aa2 r 0000000000000015 00000000fffffd60  c.ldsp   x21, 0x28
#3753 0 000000000001933a     7b02 r 0000000000000016 00000000fffffde0  c.ldsp   x22, 0x20
#3754 0 000000000001933c     6be2 r 0000000000000017 0000000000000001  c.ldsp   x23, 0x18
#3755 0 000000000001933e     6c42 r 0000000000000018 fffffffffffffffe  c.ldsp   x24, 0x10
#3756 0 0000000000019340     6ca2 r 0000000000000019 00000000fffffddb  c.ldsp   x25, 0x8
#3757 0 0000000000019342     6d02 r 000000000000001a 0000000000000064  c.ldsp   x26, 0x0
#3758 0 0000000000019344     6125 r 0000000000000002 00000000fffffc00  c.addi16sp 0x6
#3759 0 0000000000019346     8082 r 0000000000000000 0000000000000000  c.jr     x1
#3760 0 0000000000018066     b7e1 r 0000000000000000 0000000000000000  c.j      . - 0x38
#3761 0 000000000001802e     60a6 r 0000000000000001 0000000000010ee0  c.ldsp   x1, 0x48
#3762 0 0000000000018030     6406 r 0000000000000008 000000000001c436  c.ldsp   x8, 0x40
#3763 0 0000000000018032 000ab823 m 00000000fffffd70 0000000000000000  sd       x0, 0x10(x21)
#3764 0 0000000000018036 000aa423 m 00000000fffffd68 0000000000000000  sw       x0, 0x8(x21)
#3765 0 000000000001803a     74e2 r 0000000000000009 0000000000000000  c.ldsp   x9, 0x38
#3766 0 000000000001803c     7942 r 0000000000000012 000000000001e848  c.ldsp   x18, 0x30
#3767 0 000000000001803e     79a2 r 0000000000000013 0000000000000001  c.ldsp   x19, 0x28
#3768 0 0000000000018040     7a02 r 0000000000000014 000000000001e260  c.ldsp   x20, 0x20
#3769 0 0000000000018042     6ae2 r 0000000000000015 0000000000000000  c.ldsp   x21, 0x18
#3770 0 0000000000018044     6b42 r 0000000000000016 00000000fffffde0  c.ldsp   x22, 0x10
#3771 0 0000000000018046     6ba2 r 0000000000000017 0000000000000001  c.ldsp   x23, 0x8
#3772 0 0000000000018048     6161 r 0000000000000002 00000000fffffc50  c.addi16sp 0x5
#3773 0 000000000001804a     8082 r 0000000000000000 0000000000000000  c.jr     x1
#3774 0 0000000000010ee0 ec050263 r 0000000000000000 0000000000000000  beq      x10, x0, . - 0x93c
#3775 0 00000000000105a4     67e2 r 000000000000000f 0000000000000000  c.ldsp   x15, 0x18
#3776 0 00000000000105a6 10012c23 m 00000000fffffd68 0000000000000000  sw       x0, 0x118(x2)
#3777 0 00000000000105aa     c789 r 0000000000000000 0000000000000000  c.beqz   x15, . + 0xa
#3778 0 00000000000105b4     835a r 0000000000000006 00000000fffffde0  c.mv     x6, x22
#3779 0 00000000000105b6     8ca2 r 0000000000000019 000000000001c436  c.mv     x25, x8
#3780 0 00000000000105b8 000cc783 r 000000000000000f 000000000000000a  lbu      x15, 0x0(x25)
#3781 0 00000000000105bc e2079fe3 r 0000000000000000 0000000000000000  bne      x15, x0, . - 0x1c2
#3782 0 00000000000103fa     8466 r 0000000000000008 000000000001c436  c.mv     x8, x25
#3783 0 00000000000103fc 02500713 r 000000000000000e 0000000000000025  addi     x14, x0, 37
#3784 0 0000000000010400 30e78363 r 0000000000000000 0000000000000000  beq      x15, x14, . + 0x306
#3785 0 0000000000010404 00144783 r 000000000000000f 0000000000000000  lbu      x15, 0x1(x8)
#3786 0 0000000000010408     0405 r 0000000000000008 000000000001c437  c.addi   x8, 0x1
#3787 0 000000000001040a     fbfd r 0000000000000000 0000000000000000  c.bnez   x15, . - 0xa
#3788 0 000000000001040c 419404bb r 0000000000000009 0000000000000001  subw     x9, x8, x25
#3789 0 0000000000010410 1a048863 r 0000000000000000 0000000000000000  beq      x9, x0, . + 0x1b0
#3790 0 0000000000010414     7712 r 000000000000000e 0000000000000000  c.ldsp   x14, 0x120
#3791 0 0000000000010416 11812783 r 000000000000000f 0000000000000000  lw       x15, 0x118(x2)
#3792 0 000000000001041a 01933023 m 00000000fffffde0 000000000001c436  sd       x25, 0x0(x6)
#3793 0 000000000001041e     9726 r 000000000000000e 0000000000000001  c.add    x14, x9
#3794 0 0000000000010420     2785 r 000000000000000f 0000000000000001  c.addiw  x15, 0x1
#3795 0 0000000000010422 00933423 m 00000000fffffde8 0000000000000001  sd       x9, 0x8(x6)
#3796 0 0000000000010426     f23a m 00000000fffffd70 0000000000000001  c.sdsp   x14, 0x120
#3797 0 0000000000010428 10f12c23 m 00000000fffffd68 0000000000000001  sw       x15, 0x118(x2)
#3798 0 000000000001042c 0007871b r 000000000000000e 0000000000000001  addiw    x14, x15, 0
#3799 0 0000000000010430     479d r 000000000000000f 0000000000000007  c.li     x15, 0x7
#3800 0 0000000000010432     0341 r 0000000000000006 00000000fffffdf0  c.addi   x6, 0x10
#3801 0 0000000000010434 2ee7c063 r 0000000000000000 0000000000000000  blt      x15, x14, . + 0x2e0
#3802 0 0000000000010438     6722 r 000000000000000e 0000000000000005  c.ldsp   x14, 0x8
#3803 0 000000000001043a 00044783 r 000000000000000f 0000000000000000  lbu      x15, 0x0(x8)
#3804 0 000000000001043e     9f25 r 000000000000000e 0000000000000006  c.addw   x14, x9
#3805 0 0000000000010440     e43a m 00000000fffffc58 0000000000000006  c.sdsp   x14, 0x8
#3806 0 0000000000010442 16078f63 r 0000000000000000 0000000000000000  beq      x15, x0, . + 0x17e
#3807 0 00000000000105c0     7792 r 000000000000000f 0000000000000001  c.ldsp   x15, 0x120
#3808 0 00000000000105c2     c399 r 0000000000000000 0000000000000000  c.beqz   x15, . + 0x6
#3809 0 00000000000105c4 2620106f r 0000000000000000 0000000000000000  j        . + 0x1262
#3810 0 0000000000011826     0a10 r 000000000000000c 00000000fffffd60  c.addi4spn  x12, 0x44
#3811 0 0000000000011828     85ca r 000000000000000b 000000000001e848  c.mv     x11, x18
#3812 0 000000000001182a     8552 r 000000000000000a 000000000001e260  c.mv     x10, x20
#3813 0 000000000001182c 03d060ef r 0000000000000001 0000000000011830  jal      x1, . + 0x683c
#3814 0 0000000000018068     6a18 r 000000000000000e 0000000000000001  c.ld     x14, 0x10(x12)
#3815 0 000000000001806a     c311 r 0000000000000000 0000000000000000  c.beqz   x14, . + 0x4
#3816 0 000000000001806c     bfa1 r 0000000000000000 0000000000000000  c.j      . - 0xa8
#3817 0 0000000000017fc4 0ac5a783 r 000000000000000f 0000000000000000  lw       x15, 0xac(x11)
#3818 0 0000000000017fc8     715d r 0000000000000002 00000000fffffc00  c.addi16sp -0x5
#3819 0 0000000000017fca     6709 r 000000000000000e 0000000000002000  c.lui    x14, 0x2
#3820 0 0000000000017fcc     ec56 m 00000000fffffc18 0000000000000000  c.sdsp   x21, 0x18
#3821 0 0000000000017fce     e486 m 00000000fffffc48 0000000000011830  c.sdsp   x1, 0x48
#3822 0 0000000000017fd0     e0a2 m 00000000fffffc40 000000000001c437  c.sdsp   x8, 0x40
#3823 0 0000000000017fd2     fc26 m 00000000fffffc38 0000000000000001  c.sdsp   x9, 0x38
#3824 0 0000000000017fd4     f84a m 00000000fffffc30 000000000001e848  c.sdsp   x18, 0x30
#3825 0 0000000000017fd6     f44e m 00000000fffffc28 0000000000000001  c.sdsp   x19, 0x28
#3826 0 0000000000017fd8     f052 m 00000000fffffc20 000000000001e260  c.sdsp   x20, 0x20
#3827 0 0000000000017fda     e85a m 00000000fffffc10 00000000fffffde0  c.sdsp   x22, 0x10
#3828 0 0000000000017fdc     e45e m 00000000fffffc08 0000000000000001  c.sdsp   x23, 0x8
#3829 0 0000000000017fde     8ff9 r 000000000000000f 0000000000000000  c.and    x15, x14
#3830 0 0000000000017fe0     8ab2 r 0000000000000015 00000000fffffd60  c.mv     x21, x12
#3831 0 0000000000017fe2     c3c1 r 0000000000000000 0000000000000000  c.beqz   x15, . + 0x80
#3832 0 0000000000018062 146010ef r 0000000000000001 0000000000018066  jal      x1, . + 0x1146
#3833 0 00000000000191a8     6a1c r 000000000000000f 0000000000000001  c.ld     x15, 0x10(x12)
#3834 0 00000000000191aa 1a078c63 r 0000000000000000 0000000000000000  beq      x15, x0, . + 0x1b8
#3835 0 00000000000191ae 0105d783 r 000000000000000f 0000000000002889  lhu      x15, 0x10(x11)
#3836 0 00000000000191b2     711d r 0000000000000002 00000000fffffba0  c.addi16sp -0x6
#3837 0 00000000000191b4     e8a2 m 00000000fffffbf0 000000000001c437  c.sdsp   x8, 0x50
#3838 0 00000000000191b6     f852 m 00000000fffffbd0 000000000001e260  c.sdsp   x20, 0x30
#3839 0 00000000000191b8     f456 m 00000000fffffbc8 00000000fffffd60  c.sdsp   x21, 0x28
#3840 0 00000000000191ba     ec86 m 00000000fffffbf8 0000000000018066  c.sdsp   x1, 0x58
#3841 0 00000000000191bc     e4a6 m 00000000fffffbe8 0000000000000001  c.sdsp   x9, 0x48
#3842 0 00000000000191be     e0ca m 00000000fffffbe0 000000000001e848  c.sdsp   x18, 0x40
#3843 0 00000000000191c0     fc4e m 00000000fffffbd8 0000000000000001  c.sdsp   x19, 0x38
#3844 0 00000000000191c2     f05a m 00000000fffffbc0 00000000fffffde0  c.sdsp   x22, 0x20
#3845 0 00000000000191c4     ec5e m 00000000fffffbb8 0000000000000001  c.sdsp   x23, 0x18
#3846 0 00000000000191c6     e862 m 00000000fffffbb0 fffffffffffffffe  c.sdsp   x24, 0x10
#3847 0 00000000000191c8     e466 m 00000000fffffba8 000000000001c436  c.sdsp   x25, 0x8
#3848 0 00000000000191ca     e06a m 00000000fffffba0 0000000000000064  c.sdsp   x26, 0x0
#3849 0 00000000000191cc 0087f713 r 000000000000000e 0000000000000008  andi     x14, x15, 8
#3850 0 00000000000191d0     8a32 r 0000000000000014 00000000fffffd60  c.mv     x20, x12
#3851 0 00000000000191d2     8aaa r 0000000000000015 000000000001e260  c.mv     x21, x10
#3852 0 00000000000191d4     842e r 0000000000000008 000000000001e848  c.mv     x8, x11
#3853 0 00000000000191d6     c325 r 0000000000000000 0000000000000000  c.beqz   x14, . + 0x60
#3854 0 00000000000191d8     6d98 r 000000000000000e 0000000000020010  c.ld     x14, 0x18(x11)
#3855 0 00000000000191da     cf31 r 0000000000000000 0000000000000000  c.beqz   x14, . + 0x5c
#3856 0 00000000000191dc 0027f713 r 000000000000000e 0000000000000000  andi     x14, x15, 2
#3857 0 00000000000191e0 000a3903 r 0000000000000012 00000000fffffde0  ld       x18, 0x0(x20)
#3858 0 00000000000191e4     c735 r 0000000000000000 0000000000000000  c.beqz   x14, . + 0x6c
#3859 0 0000000000019250 0017f713 r 000000000000000e 0000000000000001  andi     x14, x15, 1
#3860 0 0000000000019254     eb35 r 0000000000000000 0000000000000000  c.bnez   x14, . + 0x74
#3861 0 00000000000192c8     4981 r 0000000000000013 0000000000000000  c.li     x19, 0x0
#3862 0 00000000000192ca     4501 r 000000000000000a 0000000000000000  c.li     x10, 0x0
#3863 0 00000000000192cc     4c81 r 0000000000000019 0000000000000000  c.li     x25, 0x0
#3864 0 00000000000192ce     4c01 r 0000000000000018 0000000000000000  c.li     x24, 0x0
#3865 0 00000000000192d0 080c0b63 r 0000000000000000 0000000000000000  beq      x24, x0, . + 0x96
#3866 0 0000000000019366 00893c03 r 0000000000000018 0000000000000001  ld       x24, 0x8(x18)
#3867 0 000000000001936a 00093c83 r 0000000000000019 000000000001c436  ld       x25, 0x0(x18)
#3868 0 000000000001936e     0941 r 0000000000000012 00000000fffffdf0  c.addi   x18, 0x10
#3869 0 0000000000019370 fe0c0be3 r 0000000000000000 0000000000000000  beq      x24, x0, . - 0xa
#3870 0 0000000000019374     8662 r 000000000000000c 0000000000000001  c.mv     x12, x24
#3871 0 0000000000019376     45a9 r 000000000000000b 000000000000000a  c.li     x11, 0xa
#3872 0 0000000000019378     8566 r 000000000000000a 000000000001c436  c.mv     x10, x25
#3873 0 000000000001937a f7bfb0ef r 0000000000000001 000000000001937e  jal      x1, . - 0x4086
#3874 0 00000000000152f4 00757793 r 000000000000000f 0000000000000006  andi     x15, x10, 7
#3875 0 00000000000152f8 0ff5f693 r 000000000000000d 000000000000000a  andi     x13, x11, 255
#3876 0 00000000000152fc     c395 r 0000000000000000 0000000000000000  c.beqz   x15, . + 0x24
#3877 0 00000000000152fe fff60793 r 000000000000000f 0000000000000000  addi     x15, x12, -1
#3878 0 0000000000015302     c605 r 0000000000000000 0000000000000000  c.beqz   x12, . + 0x28
#3879 0 0000000000015304     567d r 000000000000000c ffffffffffffffff  c.li     x12, -0x1
#3880 0 0000000000015306     a801 r 0000000000000000 0000000000000000  c.j      . + 0x10
#3881 0 0000000000015316 00054703 r 000000000000000e 000000000000000a  lbu      x14, 0x0(x10)
#3882 0 000000000001531a fed717e3 r 0000000000000000 0000000000000000  bne      x14, x13, . - 0x12
#3883 0 000000000001531e     8082 r 0000000000000000 0000000000000000  c.jr     x1
#3884 0 000000000001937e 12050f63 r 0000000000000000 0000000000000000  beq      x10, x0, . + 0x13e
#3885 0 0000000000019382     0505 r 000000000000000a 000000000001c437  c.addi   x10, 0x1
#3886 0 0000000000019384 419509bb r 0000000000000013 0000000000000001  subw     x19, x10, x25
#3887 0 0000000000019388     b7b9 r 0000000000000000 0000000000000000  c.j      . - 0xb2
#3888 0 00000000000192d6     8bce r 0000000000000017 0000000000000001  c.mv     x23, x19
#3889 0 00000000000192d8 013c7363 r 0000000000000000 0000000000000000  bgeu     x24, x19, . + 0x6
#3890 0 00000000000192de     6008 r 000000000000000a 0000000000020015  c.ld     x10, 0x0(x8)
#3891 0 00000000000192e0     6c1c r 000000000000000f 0000000000020010  c.ld     x15, 0x18(x8)
#3892 0 00000000000192e2     5014 r 000000000000000d 0000000000000400  c.lw     x13, 0x20(x8)
#3893 0 00000000000192e4     84de r 0000000000000009 0000000000000001  c.mv     x9, x23
#3894 0 00000000000192e6 00a7f763 r 0000000000000000 0000000000000000  bgeu     x15, x10, . + 0xe
#3895 0 00000000000192ea     445c r 000000000000000f fffffffffffffffb  c.lw     x15, 0xc(x8)
#3896 0 00000000000192ec 00d78b3b r 0000000000000016 00000000000003fb  addw     x22, x15, x13
#3897 0 00000000000192f0 097b4d63 r 0000000000000000 0000000000000000  blt      x22, x23, . + 0x9a
#3898 0 00000000000192f4 18dbc463 r 0000000000000000 0000000000000000  blt      x23, x13, . + 0x188
#3899 0 000000000001947c     865e r 000000000000000c 0000000000000001  c.mv     x12, x23
#3900 0 000000000001947e     85e6 r 000000000000000b 000000000001c436  c.mv     x11, x25
#3901 0 0000000000019480 1ac000ef r 0000000000000001 0000000000019484  jal      x1, . + 0x1ac
#3902 0 000000000001962c 02a5f263 r 0000000000000000 0000000000000000  bgeu     x11, x10, . + 0x24
#3903 0 0000000000019630 00c587b3 r 000000000000000f 000000000001c437  add      x15, x11, x12
#3904 0 0000000000019634 00f57e63 r 0000000000000000 0000000000000000  bgeu     x10, x15, . + 0x1c
#3905 0 0000000000019650     47fd r 000000000000000f 000000000000001f  c.li     x15, 0x1f
#3906 0 0000000000019652 02c7e163 r 0000000000000000 0000000000000000  bltu     x15, x12, . + 0x22
#3907 0 0000000000019656     87aa r 000000000000000f 0000000000020015  c.mv     x15, x10
#3908 0 0000000000019658 fff60693 r 000000000000000d 0000000000000000  addi     x13, x12, -1
#3909 0 000000000001965c     c245 r 0000000000000000 0000000000000000  c.beqz   x12, . + 0xa0
#3910 0 000000000001965e     0685 r 000000000000000d 0000000000000001  c.addi   x13, 0x1
#3911 0 0000000000019660     96be r 000000000000000d 0000000000020016  c.add    x13, x15
#3912 0 0000000000019662 0005c703 r 000000000000000e 000000000000000a  lbu      x14, 0x0(x11)
#3913 0 0000000000019666     0785 r 000000000000000f 0000000000020016  c.addi   x15, 0x1
#3914 0 0000000000019668     0585 r 000000000000000b 000000000001c437  c.addi   x11, 0x1
#3915 0 000000000001966a fee78fa3 m 0000000000020015 000000000000000a  sb       x14, -0x1(x15)
#3916 0 000000000001966e fed79ae3 r 0000000000000000 0000000000000000  bne      x15, x13, . - 0xc
#3917 0 0000000000019672     8082 r 0000000000000000 0000000000000000  c.jr     x1
#3918 0 0000000000019484     4454 r 000000000000000d fffffffffffffffb  c.lw     x13, 0xc(x8)
#3919 0 0000000000019486     6018 r 000000000000000e 0000000000020015  c.ld     x14, 0x0(x8)
#3920 0 0000000000019488 000b879b r 000000000000000f 0000000000000001  addiw    x15, x23, 0
#3921 0 000000000001948c 417686bb r 000000000000000d fffffffffffffffa  subw     x13, x13, x23
#3922 0 0000000000019490     975e r 000000000000000e 0000000000020016  c.add    x14, x23
#3923 0 0000000000019492     c454 m 000000000001e854 00000000fffffffa  c.sw     x13, 0xc(x8)
#3924 0 0000000000019494     e018 m 000000000001e848 0000000000020016  c.sd     x14, 0x0(x8)
#3925 0 0000000000019496     bd9d r 0000000000000000 0000000000000000  c.j      . - 0x18a
#3926 0 000000000001930c 40f989bb r 0000000000000013 0000000000000000  subw     x19, x19, x15
#3927 0 0000000000019310     4505 r 000000000000000a 0000000000000001  c.li     x10, 0x1
#3928 0 0000000000019312 02098b63 r 0000000000000000 0000000000000000  beq      x19, x0, . + 0x36
#3929 0 0000000000019348     85a2 r 000000000000000b 000000000001e848  c.mv     x11, x8
#3930 0 000000000001934a     8556 r 000000000000000a 000000000001e260  c.mv     x10, x21
#3931 0 000000000001934c f0ff80ef r 0000000000000001 0000000000019350  jal      x1, . - 0x70f2
#3932 0 000000000001225a     1101 r 0000000000000002 00000000fffffb80  c.addi   x2, -0x20
#3933 0 000000000001225c     e822 m 00000000fffffb90 000000000001e848  c.sdsp   x8, 0x10
#3934 0 000000000001225e     ec06 m 00000000fffffb98 0000000000019350  c.sdsp   x1, 0x18
#3935 0 0000000000012260     842a r 0000000000000008 000000000001e260  c.mv     x8, x10
#3936 0 0000000000012262     c119 r 0000000000000000 0000000000000000  c.beqz   x10, . + 0x6
#3937 0 0000000000012264     493c r 000000000000000f 0000000000000001  c.lw     x15, 0x50(x10)
#3938 0 0000000000012266     cb89 r 0000000000000000 0000000000000000  c.beqz   x15, . + 0x12
#3939 0 0000000000012268 01059783 r 000000000000000f 0000000000002889  lh       x15, 0x10(x11)
#3940 0 000000000001226c     ef89 r 0000000000000000 0000000000000000  c.bnez   x15, . + 0x1a
#3941 0 0000000000012286     8522 r 000000000000000a 000000000001e260  c.mv     x10, x8
#3942 0 0000000000012288     6442 r 0000000000000008 000000000001e848  c.ldsp   x8, 0x10
#3943 0 000000000001228a     60e2 r 0000000000000001 0000000000019350  c.ldsp   x1, 0x18
#3944 0 000000000001228c     6105 r 0000000000000002 00000000fffffba0  c.addi16sp 0x2
#3945 0 000000000001228e     bd2d r 0000000000000000 0000000000000000  c.j      . - 0x1c6
#3946 0 00000000000120c8 01059783 r 000000000000000f 0000000000002889  lh       x15, 0x10(x11)
#3947 0 00000000000120cc     7179 r 0000000000000002 00000000fffffb70  c.addi16sp -0x3
#3948 0 00000000000120ce     f022 m 00000000fffffb90 000000000001e848  c.sdsp   x8, 0x20
#3949 0 00000000000120d0     e44e m 00000000fffffb78 0000000000000000  c.sdsp   x19, 0x8
#3950 0 00000000000120d2     f406 m 00000000fffffb98 0000000000019350  c.sdsp   x1, 0x28
#3951 0 00000000000120d4     ec26 m 00000000fffffb88 0000000000000001  c.sdsp   x9, 0x18
#3952 0 00000000000120d6     e84a m 00000000fffffb80 00000000fffffdf0  c.sdsp   x18, 0x10
#3953 0 00000000000120d8 0087f693 r 000000000000000d 0000000000000008  andi     x13, x15, 8
#3954 0 00000000000120dc     842e r 0000000000000008 000000000001e848  c.mv     x8, x11
#3955 0 00000000000120de     89aa r 0000000000000013 000000000001e260  c.mv     x19, x10
#3956 0 00000000000120e0     ead5 r 0000000000000000 0000000000000000  c.bnez   x13, . + 0xb4
#3957 0 0000000000012194 0185b903 r 0000000000000012 0000000000020010  ld       x18, 0x18(x11)
#3958 0 0000000000012198 fe0906e3 r 0000000000000000 0000000000000000  beq      x18, x0, . - 0x14
#3959 0 000000000001219c     6184 r 0000000000000009 0000000000020016  c.ld     x9, 0x0(x11)
#3960 0 000000000001219e 03079713 r 000000000000000e 2889000000000000  slli     x14, x15, 48
#3961 0 00000000000121a2     9341 r 000000000000000e 0000000000002889  c.srli   x14, 0x30
#3962 0 00000000000121a4     8b0d r 000000000000000e 0000000000000001  c.andi   x14, 0x3
#3963 0 00000000000121a6 0125b023 m 000000000001e848 0000000000020010  sd       x18, 0x0(x11)
#3964 0 00000000000121aa 412484bb r 0000000000000009 0000000000000006  subw     x9, x9, x18
#3965 0 00000000000121ae     4781 r 000000000000000f 0000000000000000  c.li     x15, 0x0
#3966 0 00000000000121b0     e311 r 0000000000000000 0000000000000000  c.bnez   x14, . + 0x4
#3967 0 00000000000121b4     c45c m 000000000001e854 0000000000000000  c.sw     x15, 0xc(x8)
#3968 0 00000000000121b6 00904663 r 0000000000000000 0000000000000000  blt      x0, x9, . + 0xc
#3969 0 00000000000121c2     603c r 000000000000000f 0000000000016190  c.ld     x15, 0x40(x8)
#3970 0 00000000000121c4     780c r 000000000000000b 000000000001e848  c.ld     x11, 0x30(x8)
#3971 0 00000000000121c6     86a6 r 000000000000000d 0000000000000006  c.mv     x13, x9
#3972 0 00000000000121c8     864a r 000000000000000c 0000000000020010  c.mv     x12, x18
#3973 0 00000000000121ca     854e r 000000000000000a 000000000001e260  c.mv     x10, x19
#3974 0 00000000000121cc     9782 r 0000000000000001 00000000000121ce  c.jalr   x15
#3975 0 0000000000016190 01059783 r 000000000000000f 0000000000002889  lh       x15, 0x10(x11)
#3976 0 0000000000016194     7179 r 0000000000000002 00000000fffffb40  c.addi16sp -0x3
#3977 0 0000000000016196     f022 m 00000000fffffb60 000000000001e848  c.sdsp   x8, 0x20
#3978 0 0000000000016198     ec26 m 00000000fffffb58 0000000000000006  c.sdsp   x9, 0x18
#3979 0 000000000001619a     e84a m 00000000fffffb50 0000000000020010  c.sdsp   x18, 0x10
#3980 0 000000000001619c     e44e m 00000000fffffb48 000000000001e260  c.sdsp   x19, 0x8
#3981 0 000000000001619e     f406 m 00000000fffffb68 00000000000121ce  c.sdsp   x1, 0x28
#3982 0 00000000000161a0 1007f713 r 000000000000000e 0000000000000000  andi     x14, x15, 256
#3983 0 00000000000161a4     842e r 0000000000000008 000000000001e848  c.mv     x8, x11
#3984 0 00000000000161a6     84aa r 0000000000000009 000000000001e260  c.mv     x9, x10
#3985 0 00000000000161a8 01259583 r 000000000000000b 0000000000000001  lh       x11, 0x12(x11)
#3986 0 00000000000161ac     8932 r 0000000000000012 0000000000020010  c.mv     x18, x12
#3987 0 00000000000161ae     89b6 r 0000000000000013 0000000000000006  c.mv     x19, x13
#3988 0 00000000000161b0     e30d r 0000000000000000 0000000000000000  c.bnez   x14, . + 0x22
#3989 0 00000000000161b2     777d r 000000000000000e fffffffffffff000  c.lui    x14, 0xfffff
#3990 0 00000000000161b4     177d r 000000000000000e ffffffffffffefff  c.addi   x14, -0x1
#3991 0 00000000000161b6     8ff9 r 000000000000000f 0000000000002889  c.and    x15, x14
#3992 0 00000000000161b8 00f41823 m 000000000001e858 0000000000002889  sh       x15, 0x10(x8)
#3993 0 00000000000161bc     7402 r 0000000000000008 000000000001e848  c.ldsp   x8, 0x20
#3994 0 00000000000161be     70a2 r 0000000000000001 00000000000121ce  c.ldsp   x1, 0x28
#3995 0 00000000000161c0     86ce r 000000000000000d 0000000000000006  c.mv     x13, x19
#3996 0 00000000000161c2     864a r 000000000000000c 0000000000020010  c.mv     x12, x18
#3997 0 00000000000161c4     69a2 r 0000000000000013 000000000001e260  c.ldsp   x19, 0x8
#3998 0 00000000000161c6     6942 r 0000000000000012 0000000000020010  c.ldsp   x18, 0x10
#3999 0 00000000000161c8     8526 r 000000000000000a 000000000001e260  c.mv     x10, x9
#4000 0 00000000000161ca     64e2 r 0000000000000009 0000000000000006  c.ldsp   x9, 0x18
#4001 0 00000000000161cc     6145 r 0000000000000002 00000000fffffb70  c.addi16sp 0x3
#4002 0 00000000000161ce 3a70206f r 0000000000000000 0000000000000000  j        . + 0x2ba6
#4003 0 0000000000018d74     1101 r 0000000000000002 00000000fffffb50  c.addi   x2, -0x20
#4004 0 0000000000018d76     872e r 000000000000000e 0000000000000001  c.mv     x14, x11
#4005 0 0000000000018d78     e822 m 00000000fffffb60 000000000001e848  c.sdsp   x8, 0x10
#4006 0 0000000000018d7a     e426 m 00000000fffffb58 0000000000000006  c.sdsp   x9, 0x8
#4007 0 0000000000018d7c     85b2 r 000000000000000b 0000000000020010  c.mv     x11, x12
#4008 0 0000000000018d7e     842a r 0000000000000008 000000000001e260  c.mv     x8, x10
#4009 0 0000000000018d80     8636 r 000000000000000c 0000000000000006  c.mv     x12, x13
#4010 0 0000000000018d82     853a r 000000000000000a 0000000000000001  c.mv     x10, x14
#4011 0 0000000000018d84     ec06 m 00000000fffffb68 00000000000121ce  c.sdsp   x1, 0x18
#4012 0 0000000000018d86 7801a823 m 000000000001f3d8 0000000000000000  sw       x0, 0x790(x3)
#4013 0 0000000000018d8a 208020ef r 0000000000000001 0000000000018d8e  jal      x1, . + 0x2208
#4014 0 000000000001af92     1141 r 0000000000000002 00000000fffffb40  c.addi   x2, -0x10
#4015 0 000000000001af94     e406 m 00000000fffffb48 0000000000018d8e  c.sdsp   x1, 0x8
#4016 0 000000000001af96     e022 m 00000000fffffb40 000000000001e260  c.sdsp   x8, 0x0
#4017 0 000000000001af98 04000893 r 0000000000000011 0000000000000040  addi     x17, x0, 64
#4018 0 000000000001af9c 00000073 r 000000000000000a 0000000000000006  ecall    
#4019 0 000000000001afa0     842a r 0000000000000008 0000000000000006  c.mv     x8, x10
#4020 0 000000000001afa2 00054763 r 0000000000000000 0000000000000000  blt      x10, x0, . + 0xe
#4021 0 000000000001afa6     60a2 r 0000000000000001 0000000000018d8e  c.ldsp   x1, 0x8
#4022 0 000000000001afa8     8522 r 000000000000000a 0000000000000006  c.mv     x10, x8
#4023 0 000000000001afaa     6402 r 0000000000000008 000000000001e260  c.ldsp   x8, 0x0
#4024 0 000000000001afac     0141 r 0000000000000002 00000000fffffb50  c.addi   x2, 0x10
#4025 0 000000000001afae     8082 r 0000000000000000 0000000000000000  c.jr     x1
#4026 0 0000000000018d8e     57fd r 000000000000000f ffffffffffffffff  c.li     x15, -0x1
#4027 0 0000000000018d90 00f50763 r 0000000000000000 0000000000000000  beq      x10, x15, . + 0xe
#4028 0 0000000000018d94     60e2 r 0000000000000001 00000000000121ce  c.ldsp   x1, 0x18
#4029 0 0000000000018d96     6442 r 0000000000000008 000000000001e848  c.ldsp   x8, 0x10
#4030 0 0000000000018d98     64a2 r 0000000000000009 0000000000000006  c.ldsp   x9, 0x8
#4031 0 0000000000018d9a     6105 r 0000000000000002 00000000fffffb70  c.addi16sp 0x2
#4032 0 0000000000018d9c     8082 r 0000000000000000 0000000000000000  c.jr     x1
#4033 0 00000000000121ce     9c89 r 0000000000000009 0000000000000000  c.subw   x9, x10
#4034 0 00000000000121d0 fea046e3 r 0000000000000000 0000000000000000  blt      x0, x10, . - 0x14
#4035 0 00000000000121bc     992a r 0000000000000012 0000000000020016  c.add    x18, x10
#4036 0 00000000000121be fc9053e3 r 0000000000000000 0000000000000000  bge      x0, x9, . - 0x3a
#4037 0 0000000000012184     4501 r 000000000000000a 0000000000000000  c.li     x10, 0x0
#4038 0 0000000000012186     70a2 r 0000000000000001 0000000000019350  c.ldsp   x1, 0x28
#4039 0 0000000000012188     7402 r 0000000000000008 000000000001e848  c.ldsp   x8, 0x20
#4040 0 000000000001218a     64e2 r 0000000000000009 0000000000000001  c.ldsp   x9, 0x18
#4041 0 000000000001218c     6942 r 0000000000000012 00000000fffffdf0  c.ldsp   x18, 0x10
#4042 0 000000000001218e     69a2 r 0000000000000013 0000000000000000  c.ldsp   x19, 0x8
#4043 0 0000000000012190     6145 r 0000000000000002 00000000fffffba0  c.addi16sp 0x3
#4044 0 0000000000012192     8082 r 0000000000000000 0000000000000000  c.jr     x1
#4045 0 0000000000019350     d179 r 0000000000000000 0000000000000000  c.beqz   x10, . - 0x3a
#4046 0 0000000000019316 010a3783 r 000000000000000f 0000000000000001  ld       x15, 0x10(x20)
#4047 0 000000000001931a     9ca6 r 0000000000000019 000000000001c437  c.add    x25, x9
#4048 0 000000000001931c 409c0c33 r 0000000000000018 0000000000000000  sub      x24, x24, x9
#4049 0 0000000000019320 409784b3 r 0000000000000009 0000000000000000  sub      x9, x15, x9
#4050 0 0000000000019324 009a3823 m 00000000fffffd70 0000000000000000  sd       x9, 0x10(x20)
#4051 0 0000000000019328     f4c5 r 0000000000000000 0000000000000000  c.bnez   x9, . - 0x58
#4052 0 000000000001932a     4501 r 000000000000000a 0000000000000000  c.li     x10, 0x0
#4053 0 000000000001932c     60e6 r 0000000000000001 0000000000018066  c.ldsp   x1, 0x58
#4054 0 000000000001932e     6446 r 0000000000000008 000000000001c437  c.ldsp   x8, 0x50
#4055 0 0000000000019330     64a6 r 0000000000000009 0000000000000001  c.ldsp   x9, 0x48
#4056 0 0000000000019332     6906 r 0000000000000012 000000000001e848  c.ldsp   x18, 0x40
#4057 0 0000000000019334     79e2 r 0000000000000013 0000000000000001  c.ldsp   x19, 0x38
#4058 0 0000000000019336     7a42 r 0000000000000014 000000000001e260  c.ldsp   x20, 0x30
#4059 0 0000000000019338     7aa2 r 0000000000000015 00000000fffffd60  c.ldsp   x21, 0x28
#4060 0 000000000001933a     7b02 r 0000000000000016 00000000fffffde0  c.ldsp   x22, 0x20
#4061 0 000000000001933c     6be2 r 0000000000000017 0000000000000001  c.ldsp   x23, 0x18
#4062 0 000000000001933e     6c42 r 0000000000000018 fffffffffffffffe  c.ldsp   x24, 0x10
#4063 0 0000000000019340     6ca2 r 0000000000000019 000000000001c436  c.ldsp   x25, 0x8
#4064 0 0000000000019342     6d02 r 000000000000001a 0000000000000064  c.ldsp   x26, 0x0
#4065 0 0000000000019344     6125 r 0000000000000002 00000000fffffc00  c.addi16sp 0x6
#4066 0 0000000000019346     8082 r 0000000000000000 0000000000000000  c.jr     x1
#4067 0 0000000000018066     b7e1 r 0000000000000000 0000000000000000  c.j      . - 0x38
#4068 0 000000000001802e     60a6 r 0000000000000001 0000000000011830  c.ldsp   x1, 0x48
#4069 0 0000000000018030     6406 r 0000000000000008 000000000001c437  c.ldsp   x8, 0x40
#4070 0 0000000000018032 000ab823 m 00000000fffffd70 0000000000000000  sd       x0, 0x10(x21)
#4071 0 0000000000018036 000aa423 m 00000000fffffd68 0000000000000000  sw       x0, 0x8(x21)
#4072 0 000000000001803a     74e2 r 0000000000000009 0000000000000001  c.ldsp   x9, 0x38
#4073 0 000000000001803c     7942 r 0000000000000012 000000000001e848  c.ldsp   x18, 0x30
#4074 0 000000000001803e     79a2 r 0000000000000013 0000000000000001  c.ldsp   x19, 0x28
#4075 0 0000000000018040     7a02 r 0000000000000014 000000000001e260  c.ldsp   x20, 0x20
#4076 0 0000000000018042     6ae2 r 0000000000000015 0000000000000000  c.ldsp   x21, 0x18
#4077 0 0000000000018044     6b42 r 0000000000000016 00000000fffffde0  c.ldsp   x22, 0x10
#4078 0 0000000000018046     6ba2 r 0000000000000017 0000000000000001  c.ldsp   x23, 0x8
#4079 0 0000000000018048     6161 r 0000000000000002 00000000fffffc50  c.addi16sp 0x5
#4080 0 000000000001804a     8082 r 0000000000000000 0000000000000000  c.jr     x1
#4081 0 0000000000011830 d99fe06f r 0000000000000000 0000000000000000  j        . - 0x1268
#4082 0 00000000000105c8 01095783 r 000000000000000f 0000000000002889  lhu      x15, 0x10(x18)
#4083 0 00000000000105cc 0407f793 r 000000000000000f 0000000000000000  andi     x15, x15, 64
#4084 0 00000000000105d0     c399 r 0000000000000000 0000000000000000  c.beqz   x15, . + 0x6
#4085 0 00000000000105d6 27813083 r 0000000000000001 000000000001030c  ld       x1, 0x278(x2)
#4086 0 00000000000105da 27013403 r 0000000000000008 00000000ffffff50  ld       x8, 0x270(x2)
#4087 0 00000000000105de     6522 r 000000000000000a 0000000000000006  c.ldsp   x10, 0x8
#4088 0 00000000000105e0 26813483 r 0000000000000009 0000000000000000  ld       x9, 0x268(x2)
#4089 0 00000000000105e4 26013903 r 0000000000000012 0000000000000000  ld       x18, 0x260(x2)
#4090 0 00000000000105e8 25813983 r 0000000000000013 0000000000000000  ld       x19, 0x258(x2)
#4091 0 00000000000105ec 25013a03 r 0000000000000014 0000000000000000  ld       x20, 0x250(x2)
#4092 0 00000000000105f0 24813a83 r 0000000000000015 0000000000000000  ld       x21, 0x248(x2)
#4093 0 00000000000105f4 24013b03 r 0000000000000016 0000000000000000  ld       x22, 0x240(x2)
#4094 0 00000000000105f8 23813b83 r 0000000000000017 0000000000000000  ld       x23, 0x238(x2)
#4095 0 00000000000105fc 23013c03 r 0000000000000018 0000000000000000  ld       x24, 0x230(x2)
#4096 0 0000000000010600 22813c83 r 0000000000000019 0000000000000000  ld       x25, 0x228(x2)
#4097 0 0000000000010604 22013d03 r 000000000000001a 0000000000000000  ld       x26, 0x220(x2)
#4098 0 0000000000010608 21813d83 r 000000000000001b 0000000000000000  ld       x27, 0x218(x2)
#4099 0 000000000001060c 28010113 r 0000000000000002 00000000fffffed0  addi     x2, x2, 640
#4100 0 0000000000010610     8082 r 0000000000000000 0000000000000000  c.jr     x1
#4101 0 000000000001030c     60e2 r 0000000000000001 000000000001016e  c.ldsp   x1, 0x18
#4102 0 000000000001030e     6125 r 0000000000000002 00000000ffffff30  c.addi16sp 0x6
#4103 0 0000000000010310     8082 r 0000000000000000 0000000000000000  c.jr     x1
#4104 0 000000000001016e fec42783 r 000000000000000f 0000000000000003  lw       x15, -0x14(x8)
#4105 0 0000000000010172     2785 r 000000000000000f 0000000000000004  c.addiw  x15, 0x1
#4106 0 0000000000010174 fef42623 m 00000000ffffff3c 0000000000000004  sw       x15, -0x14(x8)
#4107 0 0000000000010178 fec42783 r 000000000000000f 0000000000000004  lw       x15, -0x14(x8)
#4108 0 000000000001017c 0007871b r 000000000000000e 0000000000000004  addiw    x14, x15, 0
#4109 0 0000000000010180     47a5 r 000000000000000f 0000000000000009  c.li     x15, 0x9
#4110 0 0000000000010182 fce7dee3 r 0000000000000000 0000000000000000  bge      x15, x14, . - 0x24
#4111 0 000000000001015e fec42783 r 000000000000000f 0000000000000004  lw       x15, -0x14(x8)
#4112 0 0000000000010162     85be r 000000000000000b 0000000000000004  c.mv     x11, x15
#4113 0 0000000000010164     67f1 r 000000000000000f 000000000001c000  c.lui    x15, 0x1c
#4114 0 0000000000010166 43078513 r 000000000000000a 000000000001c430  addi     x10, x15, 1072
#4115 0 000000000001016a 17c000ef r 0000000000000001 000000000001016e  jal      x1, . + 0x17c
#4116 0 00000000000102e6 7581b303 r 0000000000000006 000000000001e260  ld       x6, 0x758(x3)
#4117 0 00000000000102ea     711d r 0000000000000002 00000000fffffed0  c.addi16sp -0x6
#4118 0 00000000000102ec     f832 m 00000000ffffff00 0000000000000006  c.sdsp   x12, 0x30
#4119 0 00000000000102ee     fc36 m 00000000ffffff08 0000000000000006  c.sdsp   x13, 0x38
#4120 0 00000000000102f0     f42e m 00000000fffffef8 0000000000000004  c.sdsp   x11, 0x28
#4121 0 00000000000102f2     e0ba m 00000000ffffff10 0000000000000004  c.sdsp   x14, 0x40
#4122 0 00000000000102f4     e4be m 00000000ffffff18 000000000001c000  c.sdsp   x15, 0x48
#4123 0 00000000000102f6     e8c2 m 00000000ffffff20 0000000000000000  c.sdsp   x16, 0x50
#4124 0 00000000000102f8     ecc6 m 00000000ffffff28 0000000000000040  c.sdsp   x17, 0x58
#4125 0 00000000000102fa 01033583 r 000000000000000b 000000000001e848  ld       x11, 0x10(x6)
#4126 0 00000000000102fe     1034 r 000000000000000d 00000000fffffef8  c.addi4spn  x13, 0xa
#4127 0 0000000000010300     862a r 000000000000000c 000000000001c430  c.mv     x12, x10
#4128 0 0000000000010302     851a r 000000000000000a 000000000001e260  c.mv     x10, x6
#4129 0 0000000000010304     ec06 m 00000000fffffee8 000000000001016e  c.sdsp   x1, 0x18
#4130 0 0000000000010306     e436 m 00000000fffffed8 00000000fffffef8  c.sdsp   x13, 0x8
#4131 0 0000000000010308 00a000ef r 0000000000000001 000000000001030c  jal      x1, . + 0xa
#4132 0 0000000000010312 d8010113 r 0000000000000002 00000000fffffc50  addi     x2, x2, -640
#4133 0 0000000000010316 26113c23 m 00000000fffffec8 000000000001030c  sd       x1, 0x278(x2)
#4134 0 000000000001031a 27213023 m 00000000fffffeb0 0000000000000000  sd       x18, 0x260(x2)
#4135 0 000000000001031e 25413823 m 00000000fffffea0 0000000000000000  sd       x20, 0x250(x2)
#4136 0 0000000000010322 23913423 m 00000000fffffe78 0000000000000000  sd       x25, 0x228(x2)
#4137 0 0000000000010326     892e r 0000000000000012 000000000001e848  c.mv     x18, x11
#4138 0 0000000000010328     8cb2 r 0000000000000019 000000000001c430  c.mv     x25, x12
#4139 0 000000000001032a     e836 m 00000000fffffc60 00000000fffffef8  c.sdsp   x13, 0x10
#4140 0 000000000001032c 26813823 m 00000000fffffec0 00000000ffffff50  sd       x8, 0x270(x2)
#4141 0 0000000000010330 26913423 m 00000000fffffeb8 0000000000000000  sd       x9, 0x268(x2)
#4142 0 0000000000010334 25313c23 m 00000000fffffea8 0000000000000000  sd       x19, 0x258(x2)
#4143 0 0000000000010338 25513423 m 00000000fffffe98 0000000000000000  sd       x21, 0x248(x2)
#4144 0 000000000001033c 25613023 m 00000000fffffe90 0000000000000000  sd       x22, 0x240(x2)
#4145 0 0000000000010340 23713c23 m 00000000fffffe88 0000000000000000  sd       x23, 0x238(x2)
#4146 0 0000000000010344 23813823 m 00000000fffffe80 0000000000000000  sd       x24, 0x230(x2)
#4147 0 0000000000010348 23a13023 m 00000000fffffe70 0000000000000000  sd       x26, 0x220(x2)
#4148 0 000000000001034c 21b13c23 m 00000000fffffe68 0000000000000000  sd       x27, 0x218(x2)
#4149 0 0000000000010350     8a2a r 0000000000000014 000000000001e260  c.mv     x20, x10
#4150 0 0000000000010352 6fa040ef r 0000000000000001 0000000000010356  jal      x1, . + 0x46fa
#4151 0 0000000000014a4c e6018513 r 000000000000000a 000000000001eaa8  addi     x10, x3, -416
#4152 0 0000000000014a50     8082 r 0000000000000000 0000000000000000  c.jr     x1
#4153 0 0000000000010356     611c r 000000000000000f 000000000001c980  c.ld     x15, 0x0(x10)
#4154 0 0000000000010358     853e r 000000000000000a 000000000001c980  c.mv     x10, x15
#4155 0 000000000001035a     f8be m 00000000fffffcc0 000000000001c980  c.sdsp   x15, 0x70
#4156 0 000000000001035c 058060ef r 0000000000000001 0000000000010360  jal      x1, . + 0x6058
#4157 0 00000000000163b4 00757793 r 000000000000000f 0000000000000000  andi     x15, x10, 7
#4158 0 00000000000163b8     872a r 000000000000000e 000000000001c980  c.mv     x14, x10
#4159 0 00000000000163ba     eba9 r 0000000000000000 0000000000000000  c.bnez   x15, . + 0x52
#4160 0 00000000000163bc 7401b683 r 000000000000000d 7f7f7f7f7f7f7f7f  ld       x13, 0x740(x3)
#4161 0 00000000000163c0     55fd r 000000000000000b ffffffffffffffff  c.li     x11, -0x1
#4162 0 00000000000163c2     6310 r 000000000000000c 000000000000002e  c.ld     x12, 0x0(x14)
#4163 0 00000000000163c4     0721 r 000000000000000e 000000000001c988  c.addi   x14, 0x8
#4164 0 00000000000163c6 00d677b3 r 000000000000000f 000000000000002e  and      x15, x12, x13
#4165 0 00000000000163ca     97b6 r 000000000000000f 7f7f7f7f7f7f7fad  c.add    x15, x13
#4166 0 00000000000163cc     8fd1 r 000000000000000f 7f7f7f7f7f7f7faf  c.or     x15, x12
#4167 0 00000000000163ce     8fd5 r 000000000000000f 7f7f7f7f7f7f7fff  c.or     x15, x13
#4168 0 00000000000163d0 feb789e3 r 0000000000000000 0000000000000000  beq      x15, x11, . - 0xe
#4169 0 00000000000163d4 ff874683 r 000000000000000d 000000000000002e  lbu      x13, -0x8(x14)
#4170 0 00000000000163d8 40a707b3 r 000000000000000f 0000000000000008  sub      x15, x14, x10
#4171 0 00000000000163dc     c6a9 r 0000000000000000 0000000000000000  c.beqz   x13, . + 0x4a
#4172 0 00000000000163de ff974683 r 000000000000000d 0000000000000000  lbu      x13, -0x7(x14)
#4173 0 00000000000163e2     ce9d r 0000000000000000 0000000000000000  c.beqz   x13, . + 0x3e
#4174 0 0000000000016420 ff978513 r 000000000000000a 0000000000000001  addi     x10, x15, -7
#4175 0 0000000000016424     8082 r 0000000000000000 0000000000000000  c.jr     x1
#4176 0 0000000000010360     f4aa m 00000000fffffcb8 0000000000000001  c.sdsp   x10, 0x68
#4177 0 0000000000010362     e202 m 00000000fffffd50 0000000000000000  c.sdsp   x0, 0x100
#4178 0 0000000000010364     e602 m 00000000fffffd58 0000000000000000  c.sdsp   x0, 0x108
#4179 0 0000000000010366 000a0663 r 0000000000000000 0000000000000000  beq      x20, x0, . + 0xc
#4180 0 000000000001036a 050a2783 r 000000000000000f 0000000000000001  lw       x15, 0x50(x20)
#4181 0 000000000001036e 72078963 r 0000000000000000 0000000000000000  beq      x15, x0, . + 0x732
#4182 0 0000000000010372 01091703 r 000000000000000e 0000000000002889  lh       x14, 0x10(x18)
#4183 0 0000000000010376     6689 r 000000000000000d 0000000000002000  c.lui    x13, 0x2
#4184 0 0000000000010378 03071793 r 000000000000000f 2889000000000000  slli     x15, x14, 48
#4185 0 000000000001037c     93c1 r 000000000000000f 0000000000002889  c.srli   x15, 0x30
#4186 0 000000000001037e 00d7f633 r 000000000000000c 0000000000002000  and      x12, x15, x13
#4187 0 0000000000010382     e215 r 0000000000000000 0000000000000000  c.bnez   x12, . + 0x24
#4188 0 00000000000103a6 0087f713 r 000000000000000e 0000000000000008  andi     x14, x15, 8
#4189 0 00000000000103aa 26070a63 r 0000000000000000 0000000000000000  beq      x14, x0, . + 0x274
#4190 0 00000000000103ae 01893703 r 000000000000000e 0000000000020010  ld       x14, 0x18(x18)
#4191 0 00000000000103b2 26070663 r 0000000000000000 0000000000000000  beq      x14, x0, . + 0x26c
#4192 0 00000000000103b6     8be9 r 000000000000000f 0000000000000008  c.andi   x15, 0x1a
#4193 0 00000000000103b8     4729 r 000000000000000e 000000000000000a  c.li     x14, 0xa
#4194 0 00000000000103ba 26e78f63 r 0000000000000000 0000000000000000  beq      x15, x14, . + 0x27e
#4195 0 00000000000103be     67f1 r 000000000000000f 000000000001c000  c.lui    x15, 0x1c
#4196 0 00000000000103c0 6587b783 r 000000000000000f 3ffc000000000000  ld       x15, 0x658(x15)
#4197 0 00000000000103c4 19010b13 r 0000000000000016 00000000fffffde0  addi     x22, x2, 400
#4198 0 00000000000103c8     ea5a m 00000000fffffd60 00000000fffffde0  c.sdsp   x22, 0x110
#4199 0 00000000000103ca     ed3e m 00000000fffffce8 3ffc000000000000  c.sdsp   x15, 0x98
#4200 0 00000000000103cc     67f1 r 000000000000000f 000000000001c000  c.lui    x15, 0x1c
#4201 0 00000000000103ce 6387b783 r 000000000000000f 4003000000000000  ld       x15, 0x638(x15)
#4202 0 00000000000103d2     f202 m 00000000fffffd70 0000000000000000  c.sdsp   x0, 0x120
#4203 0 00000000000103d4 10012c23 m 00000000fffffd68 0000000000000000  sw       x0, 0x118(x2)
#4204 0 00000000000103d8     e93e m 00000000fffffce0 4003000000000000  c.sdsp   x15, 0x90
#4205 0 00000000000103da     67f1 r 000000000000000f 000000000001c000  c.lui    x15, 0x1c
#4206 0 00000000000103dc 6487b783 r 000000000000000f 3ffe000000000000  ld       x15, 0x648(x15)
#4207 0 00000000000103e0     f002 m 00000000fffffc70 0000000000000000  c.sdsp   x0, 0x20
#4208 0 00000000000103e2     f402 m 00000000fffffc78 0000000000000000  c.sdsp   x0, 0x28
#4209 0 00000000000103e4     f13e m 00000000fffffcf0 3ffe000000000000  c.sdsp   x15, 0xa0
#4210 0 00000000000103e6 000cc783 r 000000000000000f 0000000000000069  lbu      x15, 0x0(x25)
#4211 0 00000000000103ea     fc82 m 00000000fffffcc8 0000000000000000  c.sdsp   x0, 0x78
#4212 0 00000000000103ec     f082 m 00000000fffffcb0 0000000000000000  c.sdsp   x0, 0x60
#4213 0 00000000000103ee     e102 m 00000000fffffcd0 0000000000000000  c.sdsp   x0, 0x80
#4214 0 00000000000103f0     e502 m 00000000fffffcd8 0000000000000000  c.sdsp   x0, 0x88
#4215 0 00000000000103f2     e402 m 00000000fffffc58 0000000000000000  c.sdsp   x0, 0x8
#4216 0 00000000000103f4     835a r 0000000000000006 00000000fffffde0  c.mv     x6, x22
#4217 0 00000000000103f6 1c078563 r 0000000000000000 0000000000000000  beq      x15, x0, . + 0x1ca
#4218 0 00000000000103fa     8466 r 0000000000000008 000000000001c430  c.mv     x8, x25
#4219 0 00000000000103fc 02500713 r 000000000000000e 0000000000000025  addi     x14, x0, 37
#4220 0 0000000000010400 30e78363 r 0000000000000000 0000000000000000  beq      x15, x14, . + 0x306
#4221 0 0000000000010404 00144783 r 000000000000000f 0000000000000020  lbu      x15, 0x1(x8)
#4222 0 0000000000010408     0405 r 0000000000000008 000000000001c431  c.addi   x8, 0x1
#4223 0 000000000001040a     fbfd r 0000000000000000 0000000000000000  c.bnez   x15, . - 0xa
#4224 0 0000000000010400 30e78363 r 0000000000000000 0000000000000000  beq      x15, x14, . + 0x306
#4225 0 0000000000010404 00144783 r 000000000000000f 000000000000003d  lbu      x15, 0x1(x8)
#4226 0 0000000000010408     0405 r 0000000000000008 000000000001c432  c.addi   x8, 0x1
#4227 0 000000000001040a     fbfd r 0000000000000000 0000000000000000  c.bnez   x15, . - 0xa
#4228 0 0000000000010400 30e78363 r 0000000000000000 0000000000000000  beq      x15, x14, . + 0x306
#4229 0 0000000000010404 00144783 r 000000000000000f 0000000000000020  lbu      x15, 0x1(x8)
#4230 0 0000000000010408     0405 r 0000000000000008 000000000001c433  c.addi   x8, 0x1
#4231 0 000000000001040a     fbfd r 0000000000000000 0000000000000000  c.bnez   x15, . - 0xa
#4232 0 0000000000010400 30e78363 r 0000000000000000 0000000000000000  beq      x15, x14, . + 0x306
#4233 0 0000000000010404 00144783 r 000000000000000f 0000000000000025  lbu      x15, 0x1(x8)
#4234 0 0000000000010408     0405 r 0000000000000008 000000000001c434  c.addi   x8, 0x1
#4235 0 000000000001040a     fbfd r 0000000000000000 0000000000000000  c.bnez   x15, . - 0xa
#4236 0 0000000000010400 30e78363 r 0000000000000000 0000000000000000  beq      x15, x14, . + 0x306
#4237 0 0000000000010706 419404bb r 0000000000000009 0000000000000004  subw     x9, x8, x25
#4238 0 000000000001070a d00495e3 r 0000000000000000 0000000000000000  bne      x9, x0, . - 0x2f6
#4239 0 0000000000010414     7712 r 000000000000000e 0000000000000000  c.ldsp   x14, 0x120
#4240 0 0000000000010416 11812783 r 000000000000000f 0000000000000000  lw       x15, 0x118(x2)
#4241 0 000000000001041a 01933023 m 00000000fffffde0 000000000001c430  sd       x25, 0x0(x6)
#4242 0 000000000001041e     9726 r 000000000000000e 0000000000000004  c.add    x14, x9
#4243 0 0000000000010420     2785 r 000000000000000f 0000000000000001  c.addiw  x15, 0x1
#4244 0 0000000000010422 00933423 m 00000000fffffde8 0000000000000004  sd       x9, 0x8(x6)
#4245 0 0000000000010426     f23a m 00000000fffffd70 0000000000000004  c.sdsp   x14, 0x120
#4246 0 0000000000010428 10f12c23 m 00000000fffffd68 0000000000000001  sw       x15, 0x118(x2)
#4247 0 000000000001042c 0007871b r 000000000000000e 0000000000000001  addiw    x14, x15, 0
#4248 0 0000000000010430     479d r 000000000000000f 0000000000000007  c.li     x15, 0x7
#4249 0 0000000000010432     0341 r 0000000000000006 00000000fffffdf0  c.addi   x6, 0x10
#4250 0 0000000000010434 2ee7c063 r 0000000000000000 0000000000000000  blt      x15, x14, . + 0x2e0
#4251 0 0000000000010438     6722 r 000000000000000e 0000000000000000  c.ldsp   x14, 0x8
#4252 0 000000000001043a 00044783 r 000000000000000f 0000000000000025  lbu      x15, 0x0(x8)
#4253 0 000000000001043e     9f25 r 000000000000000e 0000000000000004  c.addw   x14, x9
#4254 0 0000000000010440     e43a m 00000000fffffc58 0000000000000004  c.sdsp   x14, 0x8
#4255 0 0000000000010442 16078f63 r 0000000000000000 0000000000000000  beq      x15, x0, . + 0x17e
#4256 0 0000000000010446     67f1 r 000000000000000f 000000000001c000  c.lui    x15, 0x1c
#4257 0 0000000000010448 00144e03 r 000000000000001c 0000000000000064  lbu      x28, 0x1(x8)
#4258 0 000000000001044c 0c010fa3 m 00000000fffffd2f 0000000000000000  sb       x0, 0xdf(x2)
#4259 0 0000000000010450     0405 r 0000000000000008 000000000001c435  c.addi   x8, 0x1
#4260 0 0000000000010452     5c7d r 0000000000000018 ffffffffffffffff  c.li     x24, -0x1
#4261 0 0000000000010454     4a81 r 0000000000000015 0000000000000000  c.li     x21, 0x0
#4262 0 0000000000010456     4481 r 0000000000000009 0000000000000000  c.li     x9, 0x0
#4263 0 0000000000010458 05a00993 r 0000000000000013 000000000000005a  addi     x19, x0, 90
#4264 0 000000000001045c 49878b93 r 0000000000000017 000000000001c498  addi     x23, x15, 1176
#4265 0 0000000000010460     4da5 r 000000000000001b 0000000000000009  c.li     x27, 0x9
#4266 0 0000000000010462     0405 r 0000000000000008 000000000001c436  c.addi   x8, 0x1
#4267 0 0000000000010464 000e0d1b r 000000000000001a 0000000000000064  addiw    x26, x28, 0
#4268 0 0000000000010468 02a00613 r 000000000000000c 000000000000002a  addi     x12, x0, 42
#4269 0 000000000001046c fe0d079b r 000000000000000f 0000000000000044  addiw    x15, x26, -32
#4270 0 0000000000010470 0007871b r 000000000000000e 0000000000000044  addiw    x14, x15, 0
#4271 0 0000000000010474 04e9e363 r 0000000000000000 0000000000000000  bltu     x19, x14, . + 0x46
#4272 0 0000000000010478 02079713 r 000000000000000e 0000004400000000  slli     x14, x15, 32
#4273 0 000000000001047c 01e75793 r 000000000000000f 0000000000000110  srli     x15, x14, 30
#4274 0 0000000000010480     97de r 000000000000000f 000000000001c5a8  c.add    x15, x23
#4275 0 0000000000010482     439c r 000000000000000f 0000000000010656  c.lw     x15, 0x0(x15)
#4276 0 0000000000010484     8782 r 0000000000000000 0000000000000000  c.jr     x15
#4277 0 0000000000010656     66c2 r 000000000000000d 00000000fffffef8  c.ldsp   x13, 0x10
#4278 0 0000000000010658 0204f793 r 000000000000000f 0000000000000000  andi     x15, x9, 32
#4279 0 000000000001065c 00868713 r 000000000000000e 00000000ffffff00  addi     x14, x13, 8
#4280 0 0000000000010660 3c078163 r 0000000000000000 0000000000000000  beq      x15, x0, . + 0x3c2
#4281 0 0000000000010a22 0104f793 r 000000000000000f 0000000000000000  andi     x15, x9, 16
#4282 0 0000000000010a26 7e079f63 r 0000000000000000 0000000000000000  bne      x15, x0, . + 0x7fe
#4283 0 0000000000010a2a 0404f793 r 000000000000000f 0000000000000000  andi     x15, x9, 64
#4284 0 0000000000010a2e 380788e3 r 0000000000000000 0000000000000000  beq      x15, x0, . + 0xb90
#4285 0 00000000000115be 2004f793 r 000000000000000f 0000000000000000  andi     x15, x9, 512
#4286 0 00000000000115c2 24078163 r 0000000000000000 0000000000000000  beq      x15, x0, . + 0x242
#4287 0 0000000000011804     67c2 r 000000000000000f 00000000fffffef8  c.ldsp   x15, 0x10
#4288 0 0000000000011806 0007a983 r 0000000000000013 0000000000000004  lw       x19, 0x0(x15)
#4289 0 000000000001180a     87ce r 000000000000000f 0000000000000004  c.mv     x15, x19
#4290 0 000000000001180c e5dfe06f r 0000000000000000 0000000000000000  j        . - 0x11a4
#4291 0 0000000000010668 3c07cb63 r 0000000000000000 0000000000000000  blt      x15, x0, . + 0x3d6
#4292 0 000000000001066c     57fd r 000000000000000f ffffffffffffffff  c.li     x15, -0x1
#4293 0 000000000001066e 3efc00e3 r 0000000000000000 0000000000000000  beq      x24, x15, . + 0xbe0
#4294 0 000000000001124e     e83a m 00000000fffffc60 00000000ffffff00  c.sdsp   x14, 0x10
#4295 0 0000000000011250     47a5 r 000000000000000f 0000000000000009  c.li     x15, 0x9
#4296 0 0000000000011252     8da6 r 000000000000001b 0000000000000000  c.mv     x27, x9
#4297 0 0000000000011254 cb37f8e3 r 0000000000000000 0000000000000000  bgeu     x15, x19, . - 0x350
#4298 0 0000000000010f04 0309899b r 0000000000000013 0000000000000034  addiw    x19, x19, 48
#4299 0 0000000000010f08 193105a3 m 00000000fffffddb 0000000000000034  sb       x19, 0x18b(x2)
#4300 0 0000000000010f0c     84ee r 0000000000000009 0000000000000000  c.mv     x9, x27
#4301 0 0000000000010f0e     4b85 r 0000000000000017 0000000000000001  c.li     x23, 0x1
#4302 0 0000000000010f10 18b10c93 r 0000000000000019 00000000fffffddb  addi     x25, x2, 395
#4303 0 0000000000010f14 f7aff06f r 0000000000000000 0000000000000000  j        . - 0x886
#4304 0 000000000001068e 0df14783 r 000000000000000f 0000000000000000  lbu      x15, 0xdf(x2)
#4305 0 0000000000010692 000b899b r 0000000000000013 0000000000000001  addiw    x19, x23, 0
#4306 0 0000000000010696 018bd463 r 0000000000000000 0000000000000000  bge      x23, x24, . + 0x8
#4307 0 000000000001069e     ec02 m 00000000fffffc68 0000000000000000  c.sdsp   x0, 0x18
#4308 0 00000000000106a0     e482 m 00000000fffffc98 0000000000000000  c.sdsp   x0, 0x48
#4309 0 00000000000106a2     ec82 m 00000000fffffca8 0000000000000000  c.sdsp   x0, 0x58
#4310 0 00000000000106a4     e882 m 00000000fffffca0 0000000000000000  c.sdsp   x0, 0x50
#4311 0 00000000000106a6 e20789e3 r 0000000000000000 0000000000000000  beq      x15, x0, . - 0x1ce
#4312 0 00000000000104d8 0024f293 r 0000000000000005 0000000000000000  andi     x5, x9, 2
#4313 0 00000000000104dc 00028363 r 0000000000000000 0000000000000000  beq      x5, x0, . + 0x6
#4314 0 00000000000104e2 0844fd93 r 000000000000001b 0000000000000000  andi     x27, x9, 132
#4315 0 00000000000104e6     7792 r 000000000000000f 0000000000000004  c.ldsp   x15, 0x120
#4316 0 00000000000104e8 000d9663 r 0000000000000000 0000000000000000  bne      x27, x0, . + 0xc
#4317 0 00000000000104ec 413a86bb r 000000000000000d ffffffffffffffff  subw     x13, x21, x19
#4318 0 00000000000104f0 22d044e3 r 0000000000000000 0000000000000000  blt      x0, x13, . + 0xa28
#4319 0 00000000000104f4 0df14703 r 000000000000000e 0000000000000000  lbu      x14, 0xdf(x2)
#4320 0 00000000000104f8     c70d r 0000000000000000 0000000000000000  c.beqz   x14, . + 0x2a
#4321 0 0000000000010522 02028563 r 0000000000000000 0000000000000000  beq      x5, x0, . + 0x2a
#4322 0 000000000001054c 08000713 r 000000000000000e 0000000000000080  addi     x14, x0, 128
#4323 0 0000000000010550 06ed8ae3 r 0000000000000000 0000000000000000  beq      x27, x14, . + 0x874
#4324 0 0000000000010554 417c0c3b r 0000000000000018 fffffffffffffffe  subw     x24, x24, x23
#4325 0 0000000000010558 0f804ee3 r 0000000000000000 0000000000000000  blt      x0, x24, . + 0x8fc
#4326 0 000000000001055c 1004f713 r 000000000000000e 0000000000000000  andi     x14, x9, 256
#4327 0 0000000000010560 78071b63 r 0000000000000000 0000000000000000  bne      x14, x0, . + 0x796
#4328 0 0000000000010564 11812703 r 000000000000000e 0000000000000001  lw       x14, 0x118(x2)
#4329 0 0000000000010568     97de r 000000000000000f 0000000000000005  c.add    x15, x23
#4330 0 000000000001056a 01933023 m 00000000fffffdf0 00000000fffffddb  sd       x25, 0x0(x6)
#4331 0 000000000001056e 0017069b r 000000000000000d 0000000000000002  addiw    x13, x14, 1
#4332 0 0000000000010572     8736 r 000000000000000e 0000000000000002  c.mv     x14, x13
#4333 0 0000000000010574 01733423 m 00000000fffffdf8 0000000000000001  sd       x23, 0x8(x6)
#4334 0 0000000000010578 10e12c23 m 00000000fffffd68 0000000000000002  sw       x14, 0x118(x2)
#4335 0 000000000001057c     f23e m 00000000fffffd70 0000000000000005  c.sdsp   x15, 0x120
#4336 0 000000000001057e     471d r 000000000000000e 0000000000000007  c.li     x14, 0x7
#4337 0 0000000000010580 46d74863 r 0000000000000000 0000000000000000  blt      x14, x13, . + 0x470
#4338 0 0000000000010584     0341 r 0000000000000006 00000000fffffe00  c.addi   x6, 0x10
#4339 0 0000000000010586     8891 r 0000000000000009 0000000000000000  c.andi   x9, 0x4
#4340 0 0000000000010588     c489 r 0000000000000000 0000000000000000  c.beqz   x9, . + 0xa
#4341 0 0000000000010592     8756 r 000000000000000e 0000000000000000  c.mv     x14, x21
#4342 0 0000000000010594 013ad363 r 0000000000000000 0000000000000000  bge      x21, x19, . + 0x6
#4343 0 0000000000010598     874e r 000000000000000e 0000000000000001  c.mv     x14, x19
#4344 0 000000000001059a     66a2 r 000000000000000d 0000000000000004  c.ldsp   x13, 0x8
#4345 0 000000000001059c     9f35 r 000000000000000e 0000000000000005  c.addw   x14, x13
#4346 0 000000000001059e     e43a m 00000000fffffc58 0000000000000005  c.sdsp   x14, 0x8
#4347 0 00000000000105a0 12079be3 r 0000000000000000 0000000000000000  bne      x15, x0, . + 0x936
#4348 0 0000000000010ed6     0a10 r 000000000000000c 00000000fffffd60  c.addi4spn  x12, 0x44
#4349 0 0000000000010ed8     85ca r 000000000000000b 000000000001e848  c.mv     x11, x18
#4350 0 0000000000010eda     8552 r 000000000000000a 000000000001e260  c.mv     x10, x20
#4351 0 0000000000010edc 18c070ef r 0000000000000001 0000000000010ee0  jal      x1, . + 0x718c
#4352 0 0000000000018068     6a18 r 000000000000000e 0000000000000005  c.ld     x14, 0x10(x12)
#4353 0 000000000001806a     c311 r 0000000000000000 0000000000000000  c.beqz   x14, . + 0x4
#4354 0 000000000001806c     bfa1 r 0000000000000000 0000000000000000  c.j      . - 0xa8
#4355 0 0000000000017fc4 0ac5a783 r 000000000000000f 0000000000000000  lw       x15, 0xac(x11)
#4356 0 0000000000017fc8     715d r 0000000000000002 00000000fffffc00  c.addi16sp -0x5
#4357 0 0000000000017fca     6709 r 000000000000000e 0000000000002000  c.lui    x14, 0x2
#4358 0 0000000000017fcc     ec56 m 00000000fffffc18 0000000000000000  c.sdsp   x21, 0x18
#4359 0 0000000000017fce     e486 m 00000000fffffc48 0000000000010ee0  c.sdsp   x1, 0x48
#4360 0 0000000000017fd0     e0a2 m 00000000fffffc40 000000000001c436  c.sdsp   x8, 0x40
#4361 0 0000000000017fd2     fc26 m 00000000fffffc38 0000000000000000  c.sdsp   x9, 0x38
#4362 0 0000000000017fd4     f84a m 00000000fffffc30 000000000001e848  c.sdsp   x18, 0x30
#4363 0 0000000000017fd6     f44e m 00000000fffffc28 0000000000000001  c.sdsp   x19, 0x28
#4364 0 0000000000017fd8     f052 m 00000000fffffc20 000000000001e260  c.sdsp   x20, 0x20
#4365 0 0000000000017fda     e85a m 00000000fffffc10 00000000fffffde0  c.sdsp   x22, 0x10
#4366 0 0000000000017fdc     e45e m 00000000fffffc08 0000000000000001  c.sdsp   x23, 0x8
#4367 0 0000000000017fde     8ff9 r 000000000000000f 0000000000000000  c.and    x15, x14
#4368 0 0000000000017fe0     8ab2 r 0000000000000015 00000000fffffd60  c.mv     x21, x12
#4369 0 0000000000017fe2     c3c1 r 0000000000000000 0000000000000000  c.beqz   x15, . + 0x80
#4370 0 0000000000018062 146010ef r 0000000000000001 0000000000018066  jal      x1, . + 0x1146
#4371 0 00000000000191a8     6a1c r 000000000000000f 0000000000000005  c.ld     x15, 0x10(x12)
#4372 0 00000000000191aa 1a078c63 r 0000000000000000 0000000000000000  beq      x15, x0, . + 0x1b8
#4373 0 00000000000191ae 0105d783 r 000000000000000f 0000000000002889  lhu      x15, 0x10(x11)
#4374 0 00000000000191b2     711d r 0000000000000002 00000000fffffba0  c.addi16sp -0x6
#4375 0 00000000000191b4     e8a2 m 00000000fffffbf0 000000000001c436  c.sdsp   x8, 0x50
#4376 0 00000000000191b6     f852 m 00000000fffffbd0 000000000001e260  c.sdsp   x20, 0x30
#4377 0 00000000000191b8     f456 m 00000000fffffbc8 00000000fffffd60  c.sdsp   x21, 0x28
#4378 0 00000000000191ba     ec86 m 00000000fffffbf8 0000000000018066  c.sdsp   x1, 0x58
#4379 0 00000000000191bc     e4a6 m 00000000fffffbe8 0000000000000000  c.sdsp   x9, 0x48
#4380 0 00000000000191be     e0ca m 00000000fffffbe0 000000000001e848  c.sdsp   x18, 0x40
#4381 0 00000000000191c0     fc4e m 00000000fffffbd8 0000000000000001  c.sdsp   x19, 0x38
#4382 0 00000000000191c2     f05a m 00000000fffffbc0 00000000fffffde0  c.sdsp   x22, 0x20
#4383 0 00000000000191c4     ec5e m 00000000fffffbb8 0000000000000001  c.sdsp   x23, 0x18
#4384 0 00000000000191c6     e862 m 00000000fffffbb0 fffffffffffffffe  c.sdsp   x24, 0x10
#4385 0 00000000000191c8     e466 m 00000000fffffba8 00000000fffffddb  c.sdsp   x25, 0x8
#4386 0 00000000000191ca     e06a m 00000000fffffba0 0000000000000064  c.sdsp   x26, 0x0
#4387 0 00000000000191cc 0087f713 r 000000000000000e 0000000000000008  andi     x14, x15, 8
#4388 0 00000000000191d0     8a32 r 0000000000000014 00000000fffffd60  c.mv     x20, x12
#4389 0 00000000000191d2     8aaa r 0000000000000015 000000000001e260  c.mv     x21, x10
#4390 0 00000000000191d4     842e r 0000000000000008 000000000001e848  c.mv     x8, x11
#4391 0 00000000000191d6     c325 r 0000000000000000 0000000000000000  c.beqz   x14, . + 0x60
#4392 0 00000000000191d8     6d98 r 000000000000000e 0000000000020010  c.ld     x14, 0x18(x11)
#4393 0 00000000000191da     cf31 r 0000000000000000 0000000000000000  c.beqz   x14, . + 0x5c
#4394 0 00000000000191dc 0027f713 r 000000000000000e 0000000000000000  andi     x14, x15, 2
#4395 0 00000000000191e0 000a3903 r 0000000000000012 00000000fffffde0  ld       x18, 0x0(x20)
#4396 0 00000000000191e4     c735 r 0000000000000000 0000000000000000  c.beqz   x14, . + 0x6c
#4397 0 0000000000019250 0017f713 r 000000000000000e 0000000000000001  andi     x14, x15, 1
#4398 0 0000000000019254     eb35 r 0000000000000000 0000000000000000  c.bnez   x14, . + 0x74
#4399 0 00000000000192c8     4981 r 0000000000000013 0000000000000000  c.li     x19, 0x0
#4400 0 00000000000192ca     4501 r 000000000000000a 0000000000000000  c.li     x10, 0x0
#4401 0 00000000000192cc     4c81 r 0000000000000019 0000000000000000  c.li     x25, 0x0
#4402 0 00000000000192ce     4c01 r 0000000000000018 0000000000000000  c.li     x24, 0x0
#4403 0 00000000000192d0 080c0b63 r 0000000000000000 0000000000000000  beq      x24, x0, . + 0x96
#4404 0 0000000000019366 00893c03 r 0000000000000018 0000000000000004  ld       x24, 0x8(x18)
#4405 0 000000000001936a 00093c83 r 0000000000000019 000000000001c430  ld       x25, 0x0(x18)
#4406 0 000000000001936e     0941 r 0000000000000012 00000000fffffdf0  c.addi   x18, 0x10
#4407 0 0000000000019370 fe0c0be3 r 0000000000000000 0000000000000000  beq      x24, x0, . - 0xa
#4408 0 0000000000019374     8662 r 000000000000000c 0000000000000004  c.mv     x12, x24
#4409 0 0000000000019376     45a9 r 000000000000000b 000000000000000a  c.li     x11, 0xa
#4410 0 0000000000019378     8566 r 000000000000000a 000000000001c430  c.mv     x10, x25
#4411 0 000000000001937a f7bfb0ef r 0000000000000001 000000000001937e  jal      x1, . - 0x4086
#4412 0 00000000000152f4 00757793 r 000000000000000f 0000000000000000  andi     x15, x10, 7
#4413 0 00000000000152f8 0ff5f693 r 000000000000000d 000000000000000a  andi     x13, x11, 255
#4414 0 00000000000152fc     c395 r 0000000000000000 0000000000000000  c.beqz   x15, . + 0x24
#4415 0 0000000000015320     87b2 r 000000000000000f 0000000000000004  c.mv     x15, x12
#4416 0 0000000000015322     471d r 000000000000000e 0000000000000007  c.li     x14, 0x7
#4417 0 0000000000015324 00f76f63 r 0000000000000000 0000000000000000  bltu     x14, x15, . + 0x1e
#4418 0 0000000000015328     e399 r 0000000000000000 0000000000000000  c.bnez   x15, . + 0x6
#4419 0 000000000001532e     97aa r 000000000000000f 000000000001c434  c.add    x15, x10
#4420 0 0000000000015330     a021 r 0000000000000000 0000000000000000  c.j      . + 0x8
#4421 0 0000000000015338 00054703 r 000000000000000e 0000000000000069  lbu      x14, 0x0(x10)
#4422 0 000000000001533c fed71be3 r 0000000000000000 0000000000000000  bne      x14, x13, . - 0xa
#4423 0 0000000000015332     0505 r 000000000000000a 000000000001c431  c.addi   x10, 0x1
#4424 0 0000000000015334 fea78be3 r 0000000000000000 0000000000000000  beq      x15, x10, . - 0xa
#4425 0 0000000000015338 00054703 r 000000000000000e 0000000000000020  lbu      x14, 0x0(x10)
#4426 0 000000000001533c fed71be3 r 0000000000000000 0000000000000000  bne      x14, x13, . - 0xa
#4427 0 0000000000015332     0505 r 000000000000000a 000000000001c432  c.addi   x10, 0x1
#4428 0 0000000000015334 fea78be3 r 0000000000000000 0000000000000000  beq      x15, x10, . - 0xa
#4429 0 0000000000015338 00054703 r 000000000000000e 000000000000003d  lbu      x14, 0x0(x10)
#4430 0 000000000001533c fed71be3 r 0000000000000000 0000000000000000  bne      x14, x13, . - 0xa
#4431 0 0000000000015332     0505 r 000000000000000a 000000000001c433  c.addi   x10, 0x1
#4432 0 0000000000015334 fea78be3 r 0000000000000000 0000000000000000  beq      x15, x10, . - 0xa
#4433 0 0000000000015338 00054703 r 000000000000000e 0000000000000020  lbu      x14, 0x0(x10)
#4434 0 000000000001533c fed71be3 r 0000000000000000 0000000000000000  bne      x14, x13, . - 0xa
#4435 0 0000000000015332     0505 r 000000000000000a 000000000001c434  c.addi   x10, 0x1
#4436 0 0000000000015334 fea78be3 r 0000000000000000 0000000000000000  beq      x15, x10, . - 0xa
#4437 0 000000000001532a     4501 r 000000000000000a 0000000000000000  c.li     x10, 0x0
#4438 0 000000000001532c     8082 r 0000000000000000 0000000000000000  c.jr     x1
#4439 0 000000000001937e 12050f63 r 0000000000000000 0000000000000000  beq      x10, x0, . + 0x13e
#4440 0 00000000000194bc 001c099b r 0000000000000013 0000000000000005  addiw    x19, x24, 1
#4441 0 00000000000194c0     bd19 r 0000000000000000 0000000000000000  c.j      . - 0x1ea
#4442 0 00000000000192d6     8bce r 0000000000000017 0000000000000005  c.mv     x23, x19
#4443 0 00000000000192d8 013c7363 r 0000000000000000 0000000000000000  bgeu     x24, x19, . + 0x6
#4444 0 00000000000192dc     8be2 r 0000000000000017 0000000000000004  c.mv     x23, x24
#4445 0 00000000000192de     6008 r 000000000000000a 0000000000020010  c.ld     x10, 0x0(x8)
#4446 0 00000000000192e0     6c1c r 000000000000000f 0000000000020010  c.ld     x15, 0x18(x8)
#4447 0 00000000000192e2     5014 r 000000000000000d 0000000000000400  c.lw     x13, 0x20(x8)
#4448 0 00000000000192e4     84de r 0000000000000009 0000000000000004  c.mv     x9, x23
#4449 0 00000000000192e6 00a7f763 r 0000000000000000 0000000000000000  bgeu     x15, x10, . + 0xe
#4450 0 00000000000192f4 18dbc463 r 0000000000000000 0000000000000000  blt      x23, x13, . + 0x188
#4451 0 000000000001947c     865e r 000000000000000c 0000000000000004  c.mv     x12, x23
#4452 0 000000000001947e     85e6 r 000000000000000b 000000000001c430  c.mv     x11, x25
#4453 0 0000000000019480 1ac000ef r 0000000000000001 0000000000019484  jal      x1, . + 0x1ac
#4454 0 000000000001962c 02a5f263 r 0000000000000000 0000000000000000  bgeu     x11, x10, . + 0x24
#4455 0 0000000000019630 00c587b3 r 000000000000000f 000000000001c434  add      x15, x11, x12
#4456 0 0000000000019634 00f57e63 r 0000000000000000 0000000000000000  bgeu     x10, x15, . + 0x1c
#4457 0 0000000000019650     47fd r 000000000000000f 000000000000001f  c.li     x15, 0x1f
#4458 0 0000000000019652 02c7e163 r 0000000000000000 0000000000000000  bltu     x15, x12, . + 0x22
#4459 0 0000000000019656     87aa r 000000000000000f 0000000000020010  c.mv     x15, x10
#4460 0 0000000000019658 fff60693 r 000000000000000d 0000000000000003  addi     x13, x12, -1
#4461 0 000000000001965c     c245 r 0000000000000000 0000000000000000  c.beqz   x12, . + 0xa0
#4462 0 000000000001965e     0685 r 000000000000000d 0000000000000004  c.addi   x13, 0x1
#4463 0 0000000000019660     96be r 000000000000000d 0000000000020014  c.add    x13, x15
#4464 0 0000000000019662 0005c703 r 000000000000000e 0000000000000069  lbu      x14, 0x0(x11)
#4465 0 0000000000019666     0785 r 000000000000000f 0000000000020011  c.addi   x15, 0x1
#4466 0 0000000000019668     0585 r 000000000000000b 000000000001c431  c.addi   x11, 0x1
#4467 0 000000000001966a fee78fa3 m 0000000000020010 0000000000000069  sb       x14, -0x1(x15)
#4468 0 000000000001966e fed79ae3 r 0000000000000000 0000000000000000  bne      x15, x13, . - 0xc
#4469 0 0000000000019662 0005c703 r 000000000000000e 0000000000000020  lbu      x14, 0x0(x11)
#4470 0 0000000000019666     0785 r 000000000000000f 0000000000020012  c.addi   x15, 0x1
#4471 0 0000000000019668     0585 r 000000000000000b 000000000001c432  c.addi   x11, 0x1
#4472 0 000000000001966a fee78fa3 m 0000000000020011 0000000000000020  sb       x14, -0x1(x15)
#4473 0 000000000001966e fed79ae3 r 0000000000000000 0000000000000000  bne      x15, x13, . - 0xc
#4474 0 0000000000019662 0005c703 r 000000000000000e 000000000000003d  lbu      x14, 0x0(x11)
#4475 0 0000000000019666     0785 r 000000000000000f 0000000000020013  c.addi   x15, 0x1
#4476 0 0000000000019668     0585 r 000000000000000b 000000000001c433  c.addi   x11, 0x1
#4477 0 000000000001966a fee78fa3 m 0000000000020012 000000000000003d  sb       x14, -0x1(x15)
#4478 0 000000000001966e fed79ae3 r 0000000000000000 0000000000000000  bne      x15, x13, . - 0xc
#4479 0 0000000000019662 0005c703 r 000000000000000e 0000000000000020  lbu      x14, 0x0(x11)
#4480 0 0000000000019666     0785 r 000000000000000f 0000000000020014  c.addi   x15, 0x1
#4481 0 0000000000019668     0585 r 000000000000000b 000000000001c434  c.addi   x11, 0x1
#4482 0 000000000001966a fee78fa3 m 0000000000020013 0000000000000020  sb       x14, -0x1(x15)
#4483 0 000000000001966e fed79ae3 r 0000000000000000 0000000000000000  bne      x15, x13, . - 0xc
#4484 0 0000000000019672     8082 r 0000000000000000 0000000000000000  c.jr     x1
#4485 0 0000000000019484     4454 r 000000000000000d 0000000000000000  c.lw     x13, 0xc(x8)
#4486 0 0000000000019486     6018 r 000000000000000e 0000000000020010  c.ld     x14, 0x0(x8)
#4487 0 0000000000019488 000b879b r 000000000000000f 0000000000000004  addiw    x15, x23, 0
#4488 0 000000000001948c 417686bb r 000000000000000d fffffffffffffffc  subw     x13, x13, x23
#4489 0 0000000000019490     975e r 000000000000000e 0000000000020014  c.add    x14, x23
#4490 0 0000000000019492     c454 m 000000000001e854 00000000fffffffc  c.sw     x13, 0xc(x8)
#4491 0 0000000000019494     e018 m 000000000001e848 0000000000020014  c.sd     x14, 0x0(x8)
#4492 0 0000000000019496     bd9d r 0000000000000000 0000000000000000  c.j      . - 0x18a
#4493 0 000000000001930c 40f989bb r 0000000000000013 0000000000000001  subw     x19, x19, x15
#4494 0 0000000000019310     4505 r 000000000000000a 0000000000000001  c.li     x10, 0x1
#4495 0 0000000000019312 02098b63 r 0000000000000000 0000000000000000  beq      x19, x0, . + 0x36
#4496 0 0000000000019316 010a3783 r 000000000000000f 0000000000000005  ld       x15, 0x10(x20)
#4497 0 000000000001931a     9ca6 r 0000000000000019 000000000001c434  c.add    x25, x9
#4498 0 000000000001931c 409c0c33 r 0000000000000018 0000000000000000  sub      x24, x24, x9
#4499 0 0000000000019320 409784b3 r 0000000000000009 0000000000000001  sub      x9, x15, x9
#4500 0 0000000000019324 009a3823 m 00000000fffffd70 0000000000000001  sd       x9, 0x10(x20)
#4501 0 0000000000019328     f4c5 r 0000000000000000 0000000000000000  c.bnez   x9, . - 0x58
#4502 0 00000000000192d0 080c0b63 r 0000000000000000 0000000000000000  beq      x24, x0, . + 0x96
#4503 0 0000000000019366 00893c03 r 0000000000000018 0000000000000001  ld       x24, 0x8(x18)
#4504 0 000000000001936a 00093c83 r 0000000000000019 00000000fffffddb  ld       x25, 0x0(x18)
#4505 0 000000000001936e     0941 r 0000000000000012 00000000fffffe00  c.addi   x18, 0x10
#4506 0 0000000000019370 fe0c0be3 r 0000000000000000 0000000000000000  beq      x24, x0, . - 0xa
#4507 0 0000000000019374     8662 r 000000000000000c 0000000000000001  c.mv     x12, x24
#4508 0 0000000000019376     45a9 r 000000000000000b 000000000000000a  c.li     x11, 0xa
#4509 0 0000000000019378     8566 r 000000000000000a 00000000fffffddb  c.mv     x10, x25
#4510 0 000000000001937a f7bfb0ef r 0000000000000001 000000000001937e  jal      x1, . - 0x4086
#4511 0 00000000000152f4 00757793 r 000000000000000f 0000000000000003  andi     x15, x10, 7
#4512 0 00000000000152f8 0ff5f693 r 000000000000000d 000000000000000a  andi     x13, x11, 255
#4513 0 00000000000152fc     c395 r 0000000000000000 0000000000000000  c.beqz   x15, . + 0x24
#4514 0 00000000000152fe fff60793 r 000000000000000f 0000000000000000  addi     x15, x12, -1
#4515 0 0000000000015302     c605 r 0000000000000000 0000000000000000  c.beqz   x12, . + 0x28
#4516 0 0000000000015304     567d r 000000000000000c ffffffffffffffff  c.li     x12, -0x1
#4517 0 0000000000015306     a801 r 0000000000000000 0000000000000000  c.j      . + 0x10
#4518 0 0000000000015316 00054703 r 000000000000000e 0000000000000034  lbu      x14, 0x0(x10)
#4519 0 000000000001531a fed717e3 r 0000000000000000 0000000000000000  bne      x14, x13, . - 0x12
#4520 0 0000000000015308     0505 r 000000000000000a 00000000fffffddc  c.addi   x10, 0x1
#4521 0 000000000001530a 00757713 r 000000000000000e 0000000000000004  andi     x14, x10, 7
#4522 0 000000000001530e     cb11 r 0000000000000000 0000000000000000  c.beqz   x14, . + 0x14
#4523 0 0000000000015310     17fd r 000000000000000f ffffffffffffffff  c.addi   x15, -0x1
#4524 0 0000000000015312 00c78c63 r 0000000000000000 0000000000000000  beq      x15, x12, . + 0x18
#4525 0 000000000001532a     4501 r 000000000000000a 0000000000000000  c.li     x10, 0x0
#4526 0 000000000001532c     8082 r 0000000000000000 0000000000000000  c.jr     x1
#4527 0 000000000001937e 12050f63 r 0000000000000000 0000000000000000  beq      x10, x0, . + 0x13e
#4528 0 00000000000194bc 001c099b r 0000000000000013 0000000000000002  addiw    x19, x24, 1
#4529 0 00000000000194c0     bd19 r 0000000000000000 0000000000000000  c.j      . - 0x1ea
#4530 0 00000000000192d6     8bce r 0000000000000017 0000000000000002  c.mv     x23, x19
#4531 0 00000000000192d8 013c7363 r 0000000000000000 0000000000000000  bgeu     x24, x19, . + 0x6
#4532 0 00000000000192dc     8be2 r 0000000000000017 0000000000000001  c.mv     x23, x24
#4533 0 00000000000192de     6008 r 000000000000000a 0000000000020014  c.ld     x10, 0x0(x8)
#4534 0 00000000000192e0     6c1c r 000000000000000f 0000000000020010  c.ld     x15, 0x18(x8)
#4535 0 00000000000192e2     5014 r 000000000000000d 0000000000000400  c.lw     x13, 0x20(x8)
#4536 0 00000000000192e4     84de r 0000000000000009 0000000000000001  c.mv     x9, x23
#4537 0 00000000000192e6 00a7f763 r 0000000000000000 0000000000000000  bgeu     x15, x10, . + 0xe
#4538 0 00000000000192ea     445c r 000000000000000f fffffffffffffffc  c.lw     x15, 0xc(x8)
#4539 0 00000000000192ec 00d78b3b r 0000000000000016 00000000000003fc  addw     x22, x15, x13
#4540 0 00000000000192f0 097b4d63 r 0000000000000000 0000000000000000  blt      x22, x23, . + 0x9a
#4541 0 00000000000192f4 18dbc463 r 0000000000000000 0000000000000000  blt      x23, x13, . + 0x188
#4542 0 000000000001947c     865e r 000000000000000c 0000000000000001  c.mv     x12, x23
#4543 0 000000000001947e     85e6 r 000000000000000b 00000000fffffddb  c.mv     x11, x25
#4544 0 0000000000019480 1ac000ef r 0000000000000001 0000000000019484  jal      x1, . + 0x1ac
#4545 0 000000000001962c 02a5f263 r 0000000000000000 0000000000000000  bgeu     x11, x10, . + 0x24
#4546 0 0000000000019650     47fd r 000000000000000f 000000000000001f  c.li     x15, 0x1f
#4547 0 0000000000019652 02c7e163 r 0000000000000000 0000000000000000  bltu     x15, x12, . + 0x22
#4548 0 0000000000019656     87aa r 000000000000000f 0000000000020014  c.mv     x15, x10
#4549 0 0000000000019658 fff60693 r 000000000000000d 0000000000000000  addi     x13, x12, -1
#4550 0 000000000001965c     c245 r 0000000000000000 0000000000000000  c.beqz   x12, . + 0xa0
#4551 0 000000000001965e     0685 r 000000000000000d 0000000000000001  c.addi   x13, 0x1
#4552 0 0000000000019660     96be r 000000000000000d 0000000000020015  c.add    x13, x15
#4553 0 0000000000019662 0005c703 r 000000000000000e 0000000000000034  lbu      x14, 0x0(x11)
#4554 0 0000000000019666     0785 r 000000000000000f 0000000000020015  c.addi   x15, 0x1
#4555 0 0000000000019668     0585 r 000000000000000b 00000000fffffddc  c.addi   x11, 0x1
#4556 0 000000000001966a fee78fa3 m 0000000000020014 0000000000000034  sb       x14, -0x1(x15)
#4557 0 000000000001966e fed79ae3 r 0000000000000000 0000000000000000  bne      x15, x13, . - 0xc
#4558 0 0000000000019672     8082 r 0000000000000000 0000000000000000  c.jr     x1
#4559 0 0000000000019484     4454 r 000000000000000d fffffffffffffffc  c.lw     x13, 0xc(x8)
#4560 0 0000000000019486     6018 r 000000000000000e 0000000000020014  c.ld     x14, 0x0(x8)
#4561 0 0000000000019488 000b879b r 000000000000000f 0000000000000001  addiw    x15, x23, 0
#4562 0 000000000001948c 417686bb r 000000000000000d fffffffffffffffb  subw     x13, x13, x23
#4563 0 0000000000019490     975e r 000000000000000e 0000000000020015  c.add    x14, x23
#4564 0 0000000000019492     c454 m 000000000001e854 00000000fffffffb  c.sw     x13, 0xc(x8)
#4565 0 0000000000019494     e018 m 000000000001e848 0000000000020015  c.sd     x14, 0x0(x8)
#4566 0 0000000000019496     bd9d r 0000000000000000 0000000000000000  c.j      . - 0x18a
#4567 0 000000000001930c 40f989bb r 0000000000000013 0000000000000001  subw     x19, x19, x15
#4568 0 0000000000019310     4505 r 000000000000000a 0000000000000001  c.li     x10, 0x1
#4569 0 0000000000019312 02098b63 r 0000000000000000 0000000000000000  beq      x19, x0, . + 0x36
#4570 0 0000000000019316 010a3783 r 000000000000000f 0000000000000001  ld       x15, 0x10(x20)
#4571 0 000000000001931a     9ca6 r 0000000000000019 00000000fffffddc  c.add    x25, x9
#4572 0 000000000001931c 409c0c33 r 0000000000000018 0000000000000000  sub      x24, x24, x9
#4573 0 0000000000019320 409784b3 r 0000000000000009 0000000000000000  sub      x9, x15, x9
#4574 0 0000000000019324 009a3823 m 00000000fffffd70 0000000000000000  sd       x9, 0x10(x20)
#4575 0 0000000000019328     f4c5 r 0000000000000000 0000000000000000  c.bnez   x9, . - 0x58
#4576 0 000000000001932a     4501 r 000000000000000a 0000000000000000  c.li     x10, 0x0
#4577 0 000000000001932c     60e6 r 0000000000000001 0000000000018066  c.ldsp   x1, 0x58
#4578 0 000000000001932e     6446 r 0000000000000008 000000000001c436  c.ldsp   x8, 0x50
#4579 0 0000000000019330     64a6 r 0000000000000009 0000000000000000  c.ldsp   x9, 0x48
#4580 0 0000000000019332     6906 r 0000000000000012 000000000001e848  c.ldsp   x18, 0x40
#4581 0 0000000000019334     79e2 r 0000000000000013 0000000000000001  c.ldsp   x19, 0x38
#4582 0 0000000000019336     7a42 r 0000000000000014 000000000001e260  c.ldsp   x20, 0x30
#4583 0 0000000000019338     7aa2 r 0000000000000015 00000000fffffd60  c.ldsp   x21, 0x28
#4584 0 000000000001933a     7b02 r 0000000000000016 00000000fffffde0  c.ldsp   x22, 0x20
#4585 0 000000000001933c     6be2 r 0000000000000017 0000000000000001  c.ldsp   x23, 0x18
#4586 0 000000000001933e     6c42 r 0000000000000018 fffffffffffffffe  c.ldsp   x24, 0x10
#4587 0 0000000000019340     6ca2 r 0000000000000019 00000000fffffddb  c.ldsp   x25, 0x8
#4588 0 0000000000019342     6d02 r 000000000000001a 0000000000000064  c.ldsp   x26, 0x0
#4589 0 0000000000019344     6125 r 0000000000000002 00000000fffffc00  c.addi16sp 0x6
#4590 0 0000000000019346     8082 r 0000000000000000 0000000000000000  c.jr     x1
#4591 0 0000000000018066     b7e1 r 0000000000000000 0000000000000000  c.j      . - 0x38
#4592 0 000000000001802e     60a6 r 0000000000000001 0000000000010ee0  c.ldsp   x1, 0x48
#4593 0 0000000000018030     6406 r 0000000000000008 000000000001c436  c.ldsp   x8, 0x40
#4594 0 0000000000018032 000ab823 m 00000000fffffd70 0000000000000000  sd       x0, 0x10(x21)
#4595 0 0000000000018036 000aa423 m 00000000fffffd68 0000000000000000  sw       x0, 0x8(x21)
#4596 0 000000000001803a     74e2 r 0000000000000009 0000000000000000  c.ldsp   x9, 0x38
#4597 0 000000000001803c     7942 r 0000000000000012 000000000001e848  c.ldsp   x18, 0x30
#4598 0 000000000001803e     79a2 r 0000000000000013 0000000000000001  c.ldsp   x19, 0x28
#4599 0 0000000000018040     7a02 r 0000000000000014 000000000001e260  c.ldsp   x20, 0x20
#4600 0 0000000000018042     6ae2 r 0000000000000015 0000000000000000  c.ldsp   x21, 0x18
#4601 0 0000000000018044     6b42 r 0000000000000016 00000000fffffde0  c.ldsp   x22, 0x10
#4602 0 0000000000018046     6ba2 r 0000000000000017 0000000000000001  c.ldsp   x23, 0x8
#4603 0 0000000000018048     6161 r 0000000000000002 00000000fffffc50  c.addi16sp 0x5
#4604 0 000000000001804a     8082 r 0000000000000000 0000000000000000  c.jr     x1
#4605 0 0000000000010ee0 ec050263 r 0000000000000000 0000000000000000  beq      x10, x0, . - 0x93c
#4606 0 00000000000105a4     67e2 r 000000000000000f 0000000000000000  c.ldsp   x15, 0x18
#4607 0 00000000000105a6 10012c23 m 00000000fffffd68 0000000000000000  sw       x0, 0x118(x2)
#4608 0 00000000000105aa     c789 r 0000000000000000 0000000000000000  c.beqz   x15, . + 0xa
#4609 0 00000000000105b4     835a r 0000000000000006 00000000fffffde0  c.mv     x6, x22
#4610 0 00000000000105b6     8ca2 r 0000000000000019 000000000001c436  c.mv     x25, x8
#4611 0 00000000000105b8 000cc783 r 000000000000000f 000000000000000a  lbu      x15, 0x0(x25)
#4612 0 00000000000105bc e2079fe3 r 0000000000000000 0000000000000000  bne      x15, x0, . - 0x1c2
#4613 0 00000000000103fa     8466 r 0000000000000008 000000000001c436  c.mv     x8, x25
#4614 0 00000000000103fc 02500713 r 000000000000000e 0000000000000025  addi     x14, x0, 37
#4615 0 0000000000010400 30e78363 r 0000000000000000 0000000000000000  beq      x15, x14, . + 0x306
#4616 0 0000000000010404 00144783 r 000000000000000f 0000000000000000  lbu      x15, 0x1(x8)
#4617 0 0000000000010408     0405 r 0000000000000008 000000000001c437  c.addi   x8, 0x1
#4618 0 000000000001040a     fbfd r 0000000000000000 0000000000000000  c.bnez   x15, . - 0xa
#4619 0 000000000001040c 419404bb r 0000000000000009 0000000000000001  subw     x9, x8, x25
#4620 0 0000000000010410 1a048863 r 0000000000000000 0000000000000000  beq      x9, x0, . + 0x1b0
#4621 0 0000000000010414     7712 r 000000000000000e 0000000000000000  c.ldsp   x14, 0x120
#4622 0 0000000000010416 11812783 r 000000000000000f 0000000000000000  lw       x15, 0x118(x2)
#4623 0 000000000001041a 01933023 m 00000000fffffde0 000000000001c436  sd       x25, 0x0(x6)
#4624 0 000000000001041e     9726 r 000000000000000e 0000000000000001  c.add    x14, x9
#4625 0 0000000000010420     2785 r 000000000000000f 0000000000000001  c.addiw  x15, 0x1
#4626 0 0000000000010422 00933423 m 00000000fffffde8 0000000000000001  sd       x9, 0x8(x6)
#4627 0 0000000000010426     f23a m 00000000fffffd70 0000000000000001  c.sdsp   x14, 0x120
#4628 0 0000000000010428 10f12c23 m 00000000fffffd68 0000000000000001  sw       x15, 0x118(x2)
#4629 0 000000000001042c 0007871b r 000000000000000e 0000000000000001  addiw    x14, x15, 0
#4630 0 0000000000010430     479d r 000000000000000f 0000000000000007  c.li     x15, 0x7
#4631 0 0000000000010432     0341 r 0000000000000006 00000000fffffdf0  c.addi   x6, 0x10
#4632 0 0000000000010434 2ee7c063 r 0000000000000000 0000000000000000  blt      x15, x14, . + 0x2e0
#4633 0 0000000000010438     6722 r 000000000000000e 0000000000000005  c.ldsp   x14, 0x8
#4634 0 000000000001043a 00044783 r 000000000000000f 0000000000000000  lbu      x15, 0x0(x8)
#4635 0 000000000001043e     9f25 r 000000000000000e 0000000000000006  c.addw   x14, x9
#4636 0 0000000000010440     e43a m 00000000fffffc58 0000000000000006  c.sdsp   x14, 0x8
#4637 0 0000000000010442 16078f63 r 0000000000000000 0000000000000000  beq      x15, x0, . + 0x17e
#4638 0 00000000000105c0     7792 r 000000000000000f 0000000000000001  c.ldsp   x15, 0x120
#4639 0 00000000000105c2     c399 r 0000000000000000 0000000000000000  c.beqz   x15, . + 0x6
#4640 0 00000000000105c4 2620106f r 0000000000000000 0000000000000000  j        . + 0x1262
#4641 0 0000000000011826     0a10 r 000000000000000c 00000000fffffd60  c.addi4spn  x12, 0x44
#4642 0 0000000000011828     85ca r 000000000000000b 000000000001e848  c.mv     x11, x18
#4643 0 000000000001182a     8552 r 000000000000000a 000000000001e260  c.mv     x10, x20
#4644 0 000000000001182c 03d060ef r 0000000000000001 0000000000011830  jal      x1, . + 0x683c
#4645 0 0000000000018068     6a18 r 000000000000000e 0000000000000001  c.ld     x14, 0x10(x12)
#4646 0 000000000001806a     c311 r 0000000000000000 0000000000000000  c.beqz   x14, . + 0x4
#4647 0 000000000001806c     bfa1 r 0000000000000000 0000000000000000  c.j      . - 0xa8
#4648 0 0000000000017fc4 0ac5a783 r 000000000000000f 0000000000000000  lw       x15, 0xac(x11)
#4649 0 0000000000017fc8     715d r 0000000000000002 00000000fffffc00  c.addi16sp -0x5
#4650 0 0000000000017fca     6709 r 000000000000000e 0000000000002000  c.lui    x14, 0x2
#4651 0 0000000000017fcc     ec56 m 00000000fffffc18 0000000000000000  c.sdsp   x21, 0x18
#4652 0 0000000000017fce     e486 m 00000000fffffc48 0000000000011830  c.sdsp   x1, 0x48
#4653 0 0000000000017fd0     e0a2 m 00000000fffffc40 000000000001c437  c.sdsp   x8, 0x40
#4654 0 0000000000017fd2     fc26 m 00000000fffffc38 0000000000000001  c.sdsp   x9, 0x38
#4655 0 0000000000017fd4     f84a m 00000000fffffc30 000000000001e848  c.sdsp   x18, 0x30
#4656 0 0000000000017fd6     f44e m 00000000fffffc28 0000000000000001  c.sdsp   x19, 0x28
#4657 0 0000000000017fd8     f052 m 00000000fffffc20 000000000001e260  c.sdsp   x20, 0x20
#4658 0 0000000000017fda     e85a m 00000000fffffc10 00000000fffffde0  c.sdsp   x22, 0x10
#4659 0 0000000000017fdc     e45e m 00000000fffffc08 0000000000000001  c.sdsp   x23, 0x8
#4660 0 0000000000017fde     8ff9 r 000000000000000f 0000000000000000  c.and    x15, x14
#4661 0 0000000000017fe0     8ab2 r 0000000000000015 00000000fffffd60  c.mv     x21, x12
#4662 0 0000000000017fe2     c3c1 r 0000000000000000 0000000000000000  c.beqz   x15, . + 0x80
#4663 0 0000000000018062 146010ef r 0000000000000001 0000000000018066  jal      x1, . + 0x1146
#4664 0 00000000000191a8     6a1c r 000000000000000f 0000000000000001  c.ld     x15, 0x10(x12)
#4665 0 00000000000191aa 1a078c63 r 0000000000000000 0000000000000000  beq      x15, x0, . + 0x1b8
#4666 0 00000000000191ae 0105d783 r 000000000000000f 0000000000002889  lhu      x15, 0x10(x11)
#4667 0 00000000000191b2     711d r 0000000000000002 00000000fffffba0  c.addi16sp -0x6
#4668 0 00000000000191b4     e8a2 m 00000000fffffbf0 000000000001c437  c.sdsp   x8, 0x50
#4669 0 00000000000191b6     f852 m 00000000fffffbd0 000000000001e260  c.sdsp   x20, 0x30
#4670 0 00000000000191b8     f456 m 00000000fffffbc8 00000000fffffd60  c.sdsp   x21, 0x28
#4671 0 00000000000191ba     ec86 m 00000000fffffbf8 0000000000018066  c.sdsp   x1, 0x58
#4672 0 00000000000191bc     e4a6 m 00000000fffffbe8 0000000000000001  c.sdsp   x9, 0x48
#4673 0 00000000000191be     e0ca m 00000000fffffbe0 000000000001e848  c.sdsp   x18, 0x40
#4674 0 00000000000191c0     fc4e m 00000000fffffbd8 0000000000000001  c.sdsp   x19, 0x38
#4675 0 00000000000191c2     f05a m 00000000fffffbc0 00000000fffffde0  c.sdsp   x22, 0x20
#4676 0 00000000000191c4     ec5e m 00000000fffffbb8 0000000000000001  c.sdsp   x23, 0x18
#4677 0 00000000000191c6     e862 m 00000000fffffbb0 fffffffffffffffe  c.sdsp   x24, 0x10
#4678 0 00000000000191c8     e466 m 00000000fffffba8 000000000001c436  c.sdsp   x25, 0x8
#4679 0 00000000000191ca     e06a m 00000000fffffba0 0000000000000064  c.sdsp   x26, 0x0
#4680 0 00000000000191cc 0087f713 r 000000000000000e 0000000000000008  andi     x14, x15, 8
#4681 0 00000000000191d0     8a32 r 0000000000000014 00000000fffffd60  c.mv     x20, x12
#4682 0 00000000000191d2     8aaa r 0000000000000015 000000000001e260  c.mv     x21, x10
#4683 0 00000000000191d4     842e r 0000000000000008 000000000001e848  c.mv     x8, x11
#4684 0 00000000000191d6     c325 r 0000000000000000 0000000000000000  c.beqz   x14, . + 0x60
#4685 0 00000000000191d8     6d98 r 000000000000000e 0000000000020010  c.ld     x14, 0x18(x11)
#4686 0 00000000000191da     cf31 r 0000000000000000 0000000000000000  c.beqz   x14, . + 0x5c
#4687 0 00000000000191dc 0027f713 r 000000000000000e 0000000000000000  andi     x14, x15, 2
#4688 0 00000000000191e0 000a3903 r 0000000000000012 00000000fffffde0  ld       x18, 0x0(x20)
#4689 0 00000000000191e4     c735 r 0000000000000000 0000000000000000  c.beqz   x14, . + 0x6c
#4690 0 0000000000019250 0017f713 r 000000000000000e 0000000000000001  andi     x14, x15, 1
#4691 0 0000000000019254     eb35 r 0000000000000000 0000000000000000  c.bnez   x14, . + 0x74
#4692 0 00000000000192c8     4981 r 0000000000000013 0000000000000000  c.li     x19, 0x0
#4693 0 00000000000192ca     4501 r 000000000000000a 0000000000000000  c.li     x10, 0x0
#4694 0 00000000000192cc     4c81 r 0000000000000019 0000000000000000  c.li     x25, 0x0
#4695 0 00000000000192ce     4c01 r 0000000000000018 0000000000000000  c.li     x24, 0x0
#4696 0 00000000000192d0 080c0b63 r 0000000000000000 0000000000000000  beq      x24, x0, . + 0x96
#4697 0 0000000000019366 00893c03 r 0000000000000018 0000000000000001  ld       x24, 0x8(x18)
#4698 0 000000000001936a 00093c83 r 0000000000000019 000000000001c436  ld       x25, 0x0(x18)
#4699 0 000000000001936e     0941 r 0000000000000012 00000000fffffdf0  c.addi   x18, 0x10
#4700 0 0000000000019370 fe0c0be3 r 0000000000000000 0000000000000000  beq      x24, x0, . - 0xa
#4701 0 0000000000019374     8662 r 000000000000000c 0000000000000001  c.mv     x12, x24
#4702 0 0000000000019376     45a9 r 000000000000000b 000000000000000a  c.li     x11, 0xa
#4703 0 0000000000019378     8566 r 000000000000000a 000000000001c436  c.mv     x10, x25
#4704 0 000000000001937a f7bfb0ef r 0000000000000001 000000000001937e  jal      x1, . - 0x4086
#4705 0 00000000000152f4 00757793 r 000000000000000f 0000000000000006  andi     x15, x10, 7
#4706 0 00000000000152f8 0ff5f693 r 000000000000000d 000000000000000a  andi     x13, x11, 255
#4707 0 00000000000152fc     c395 r 0000000000000000 0000000000000000  c.beqz   x15, . + 0x24
#4708 0 00000000000152fe fff60793 r 000000000000000f 0000000000000000  addi     x15, x12, -1
#4709 0 0000000000015302     c605 r 0000000000000000 0000000000000000  c.beqz   x12, . + 0x28
#4710 0 0000000000015304     567d r 000000000000000c ffffffffffffffff  c.li     x12, -0x1
#4711 0 0000000000015306     a801 r 0000000000000000 0000000000000000  c.j      . + 0x10
#4712 0 0000000000015316 00054703 r 000000000000000e 000000000000000a  lbu      x14, 0x0(x10)
#4713 0 000000000001531a fed717e3 r 0000000000000000 0000000000000000  bne      x14, x13, . - 0x12
#4714 0 000000000001531e     8082 r 0000000000000000 0000000000000000  c.jr     x1
#4715 0 000000000001937e 12050f63 r 0000000000000000 0000000000000000  beq      x10, x0, . + 0x13e
#4716 0 0000000000019382     0505 r 000000000000000a 000000000001c437  c.addi   x10, 0x1
#4717 0 0000000000019384 419509bb r 0000000000000013 0000000000000001  subw     x19, x10, x25
#4718 0 0000000000019388     b7b9 r 0000000000000000 0000000000000000  c.j      . - 0xb2
#4719 0 00000000000192d6     8bce r 0000000000000017 0000000000000001  c.mv     x23, x19
#4720 0 00000000000192d8 013c7363 r 0000000000000000 0000000000000000  bgeu     x24, x19, . + 0x6
#4721 0 00000000000192de     6008 r 000000000000000a 0000000000020015  c.ld     x10, 0x0(x8)
#4722 0 00000000000192e0     6c1c r 000000000000000f 0000000000020010  c.ld     x15, 0x18(x8)
#4723 0 00000000000192e2     5014 r 000000000000000d 0000000000000400  c.lw     x13, 0x20(x8)
#4724 0 00000000000192e4     84de r 0000000000000009 0000000000000001  c.mv     x9, x23
#4725 0 00000000000192e6 00a7f763 r 0000000000000000 0000000000000000  bgeu     x15, x10, . + 0xe
#4726 0 00000000000192ea     445c r 000000000000000f fffffffffffffffb  c.lw     x15, 0xc(x8)
#4727 0 00000000000192ec 00d78b3b r 0000000000000016 00000000000003fb  addw     x22, x15, x13
#4728 0 00000000000192f0 097b4d63 r 0000000000000000 0000000000000000  blt      x22, x23, . + 0x9a
#4729 0 00000000000192f4 18dbc463 r 0000000000000000 0000000000000000  blt      x23, x13, . + 0x188
#4730 0 000000000001947c     865e r 000000000000000c 0000000000000001  c.mv     x12, x23
#4731 0 000000000001947e     85e6 r 000000000000000b 000000000001c436  c.mv     x11, x25
#4732 0 0000000000019480 1ac000ef r 0000000000000001 0000000000019484  jal      x1, . + 0x1ac
#4733 0 000000000001962c 02a5f263 r 0000000000000000 0000000000000000  bgeu     x11, x10, . + 0x24
#4734 0 0000000000019630 00c587b3 r 000000000000000f 000000000001c437  add      x15, x11, x12
#4735 0 0000000000019634 00f57e63 r 0000000000000000 0000000000000000  bgeu     x10, x15, . + 0x1c
#4736 0 0000000000019650     47fd r 000000000000000f 000000000000001f  c.li     x15, 0x1f
#4737 0 0000000000019652 02c7e163 r 0000000000000000 0000000000000000  bltu     x15, x12, . + 0x22
#4738 0 0000000000019656     87aa r 000000000000000f 0000000000020015  c.mv     x15, x10
#4739 0 0000000000019658 fff60693 r 000000000000000d 0000000000000000  addi     x13, x12, -1
#4740 0 000000000001965c     c245 r 0000000000000000 0000000000000000  c.beqz   x12, . + 0xa0
#4741 0 000000000001965e     0685 r 000000000000000d 0000000000000001  c.addi   x13, 0x1
#4742 0 0000000000019660     96be r 000000000000000d 0000000000020016  c.add    x13, x15
#4743 0 0000000000019662 0005c703 r 000000000000000e 000000000000000a  lbu      x14, 0x0(x11)
#4744 0 0000000000019666     0785 r 000000000000000f 0000000000020016  c.addi   x15, 0x1
#4745 0 0000000000019668     0585 r 000000000000000b 000000000001c437  c.addi   x11, 0x1
#4746 0 000000000001966a fee78fa3 m 0000000000020015 000000000000000a  sb       x14, -0x1(x15)
#4747 0 000000000001966e fed79ae3 r 0000000000000000 0000000000000000  bne      x15, x13, . - 0xc
#4748 0 0000000000019672     8082 r 0000000000000000 0000000000000000  c.jr     x1
#4749 0 0000000000019484     4454 r 000000000000000d fffffffffffffffb  c.lw     x13, 0xc(x8)
#4750 0 0000000000019486     6018 r 000000000000000e 0000000000020015  c.ld     x14, 0x0(x8)
#4751 0 0000000000019488 000b879b r 000000000000000f 0000000000000001  addiw    x15, x23, 0
#4752 0 000000000001948c 417686bb r 000000000000000d fffffffffffffffa  subw     x13, x13, x23
#4753 0 0000000000019490     975e r 000000000000000e 0000000000020016  c.add    x14, x23
#4754 0 0000000000019492     c454 m 000000000001e854 00000000fffffffa  c.sw     x13, 0xc(x8)
#4755 0 0000000000019494     e018 m 000000000001e848 0000000000020016  c.sd     x14, 0x0(x8)
#4756 0 0000000000019496     bd9d r 0000000000000000 0000000000000000  c.j      . - 0x18a
#4757 0 000000000001930c 40f989bb r 0000000000000013 0000000000000000  subw     x19, x19, x15
#4758 0 0000000000019310     4505 r 000000000000000a 0000000000000001  c.li     x10, 0x1
#4759 0 0000000000019312 02098b63 r 0000000000000000 0000000000000000  beq      x19, x0, . + 0x36
#4760 0 0000000000019348     85a2 r 000000000000000b 000000000001e848  c.mv     x11, x8
#4761 0 000000000001934a     8556 r 000000000000000a 000000000001e260  c.mv     x10, x21
#4762 0 000000000001934c f0ff80ef r 0000000000000001 0000000000019350  jal      x1, . - 0x70f2
#4763 0 000000000001225a     1101 r 0000000000000002 00000000fffffb80  c.addi   x2, -0x20
#4764 0 000000000001225c     e822 m 00000000fffffb90 000000000001e848  c.sdsp   x8, 0x10
#4765 0 000000000001225e     ec06 m 00000000fffffb98 0000000000019350  c.sdsp   x1, 0x18
#4766 0 0000000000012260     842a r 0000000000000008 000000000001e260  c.mv     x8, x10
#4767 0 0000000000012262     c119 r 0000000000000000 0000000000000000  c.beqz   x10, . + 0x6
#4768 0 0000000000012264     493c r 000000000000000f 0000000000000001  c.lw     x15, 0x50(x10)
#4769 0 0000000000012266     cb89 r 0000000000000000 0000000000000000  c.beqz   x15, . + 0x12
#4770 0 0000000000012268 01059783 r 000000000000000f 0000000000002889  lh       x15, 0x10(x11)
#4771 0 000000000001226c     ef89 r 0000000000000000 0000000000000000  c.bnez   x15, . + 0x1a
#4772 0 0000000000012286     8522 r 000000000000000a 000000000001e260  c.mv     x10, x8
#4773 0 0000000000012288     6442 r 0000000000000008 000000000001e848  c.ldsp   x8, 0x10
#4774 0 000000000001228a     60e2 r 0000000000000001 0000000000019350  c.ldsp   x1, 0x18
#4775 0 000000000001228c     6105 r 0000000000000002 00000000fffffba0  c.addi16sp 0x2
#4776 0 000000000001228e     bd2d r 0000000000000000 0000000000000000  c.j      . - 0x1c6
#4777 0 00000000000120c8 01059783 r 000000000000000f 0000000000002889  lh       x15, 0x10(x11)
#4778 0 00000000000120cc     7179 r 0000000000000002 00000000fffffb70  c.addi16sp -0x3
#4779 0 00000000000120ce     f022 m 00000000fffffb90 000000000001e848  c.sdsp   x8, 0x20
#4780 0 00000000000120d0     e44e m 00000000fffffb78 0000000000000000  c.sdsp   x19, 0x8
#4781 0 00000000000120d2     f406 m 00000000fffffb98 0000000000019350  c.sdsp   x1, 0x28
#4782 0 00000000000120d4     ec26 m 00000000fffffb88 0000000000000001  c.sdsp   x9, 0x18
#4783 0 00000000000120d6     e84a m 00000000fffffb80 00000000fffffdf0  c.sdsp   x18, 0x10
#4784 0 00000000000120d8 0087f693 r 000000000000000d 0000000000000008  andi     x13, x15, 8
#4785 0 00000000000120dc     842e r 0000000000000008 000000000001e848  c.mv     x8, x11
#4786 0 00000000000120de     89aa r 0000000000000013 000000000001e260  c.mv     x19, x10
#4787 0 00000000000120e0     ead5 r 0000000000000000 0000000000000000  c.bnez   x13, . + 0xb4
#4788 0 0000000000012194 0185b903 r 0000000000000012 0000000000020010  ld       x18, 0x18(x11)
#4789 0 0000000000012198 fe0906e3 r 0000000000000000 0000000000000000  beq      x18, x0, . - 0x14
#4790 0 000000000001219c     6184 r 0000000000000009 0000000000020016  c.ld     x9, 0x0(x11)
#4791 0 000000000001219e 03079713 r 000000000000000e 2889000000000000  slli     x14, x15, 48
#4792 0 00000000000121a2     9341 r 000000000000000e 0000000000002889  c.srli   x14, 0x30
#4793 0 00000000000121a4     8b0d r 000000000000000e 0000000000000001  c.andi   x14, 0x3
#4794 0 00000000000121a6 0125b023 m 000000000001e848 0000000000020010  sd       x18, 0x0(x11)
#4795 0 00000000000121aa 412484bb r 0000000000000009 0000000000000006  subw     x9, x9, x18
#4796 0 00000000000121ae     4781 r 000000000000000f 0000000000000000  c.li     x15, 0x0
#4797 0 00000000000121b0     e311 r 0000000000000000 0000000000000000  c.bnez   x14, . + 0x4
#4798 0 00000000000121b4     c45c m 000000000001e854 0000000000000000  c.sw     x15, 0xc(x8)
#4799 0 00000000000121b6 00904663 r 0000000000000000 0000000000000000  blt      x0, x9, . + 0xc
#4800 0 00000000000121c2     603c r 000000000000000f 0000000000016190  c.ld     x15, 0x40(x8)
#4801 0 00000000000121c4     780c r 000000000000000b 000000000001e848  c.ld     x11, 0x30(x8)
#4802 0 00000000000121c6     86a6 r 000000000000000d 0000000000000006  c.mv     x13, x9
#4803 0 00000000000121c8     864a r 000000000000000c 0000000000020010  c.mv     x12, x18
#4804 0 00000000000121ca     854e r 000000000000000a 000000000001e260  c.mv     x10, x19
#4805 0 00000000000121cc     9782 r 0000000000000001 00000000000121ce  c.jalr   x15
#4806 0 0000000000016190 01059783 r 000000000000000f 0000000000002889  lh       x15, 0x10(x11)
#4807 0 0000000000016194     7179 r 0000000000000002 00000000fffffb40  c.addi16sp -0x3
#4808 0 0000000000016196     f022 m 00000000fffffb60 000000000001e848  c.sdsp   x8, 0x20
#4809 0 0000000000016198     ec26 m 00000000fffffb58 0000000000000006  c.sdsp   x9, 0x18
#4810 0 000000000001619a     e84a m 00000000fffffb50 0000000000020010  c.sdsp   x18, 0x10
#4811 0 000000000001619c     e44e m 00000000fffffb48 000000000001e260  c.sdsp   x19, 0x8
#4812 0 000000000001619e     f406 m 00000000fffffb68 00000000000121ce  c.sdsp   x1, 0x28
#4813 0 00000000000161a0 1007f713 r 000000000000000e 0000000000000000  andi     x14, x15, 256
#4814 0 00000000000161a4     842e r 0000000000000008 000000000001e848  c.mv     x8, x11
#4815 0 00000000000161a6     84aa r 0000000000000009 000000000001e260  c.mv     x9, x10
#4816 0 00000000000161a8 01259583 r 000000000000000b 0000000000000001  lh       x11, 0x12(x11)
#4817 0 00000000000161ac     8932 r 0000000000000012 0000000000020010  c.mv     x18, x12
#4818 0 00000000000161ae     89b6 r 0000000000000013 0000000000000006  c.mv     x19, x13
#4819 0 00000000000161b0     e30d r 0000000000000000 0000000000000000  c.bnez   x14, . + 0x22
#4820 0 00000000000161b2     777d r 000000000000000e fffffffffffff000  c.lui    x14, 0xfffff
#4821 0 00000000000161b4     177d r 000000000000000e ffffffffffffefff  c.addi   x14, -0x1
#4822 0 00000000000161b6     8ff9 r 000000000000000f 0000000000002889  c.and    x15, x14
#4823 0 00000000000161b8 00f41823 m 000000000001e858 0000000000002889  sh       x15, 0x10(x8)
#4824 0 00000000000161bc     7402 r 0000000000000008 000000000001e848  c.ldsp   x8, 0x20
#4825 0 00000000000161be     70a2 r 0000000000000001 00000000000121ce  c.ldsp   x1, 0x28
#4826 0 00000000000161c0     86ce r 000000000000000d 0000000000000006  c.mv     x13, x19
#4827 0 00000000000161c2     864a r 000000000000000c 0000000000020010  c.mv     x12, x18
#4828 0 00000000000161c4     69a2 r 0000000000000013 000000000001e260  c.ldsp   x19, 0x8
#4829 0 00000000000161c6     6942 r 0000000000000012 0000000000020010  c.ldsp   x18, 0x10
#4830 0 00000000000161c8     8526 r 000000000000000a 000000000001e260  c.mv     x10, x9
#4831 0 00000000000161ca     64e2 r 0000000000000009 0000000000000006  c.ldsp   x9, 0x18
#4832 0 00000000000161cc     6145 r 0000000000000002 00000000fffffb70  c.addi16sp 0x3
#4833 0 00000000000161ce 3a70206f r 0000000000000000 0000000000000000  j        . + 0x2ba6
#4834 0 0000000000018d74     1101 r 0000000000000002 00000000fffffb50  c.addi   x2, -0x20
#4835 0 0000000000018d76     872e r 000000000000000e 0000000000000001  c.mv     x14, x11
#4836 0 0000000000018d78     e822 m 00000000fffffb60 000000000001e848  c.sdsp   x8, 0x10
#4837 0 0000000000018d7a     e426 m 00000000fffffb58 0000000000000006  c.sdsp   x9, 0x8
#4838 0 0000000000018d7c     85b2 r 000000000000000b 0000000000020010  c.mv     x11, x12
#4839 0 0000000000018d7e     842a r 0000000000000008 000000000001e260  c.mv     x8, x10
#4840 0 0000000000018d80     8636 r 000000000000000c 0000000000000006  c.mv     x12, x13
#4841 0 0000000000018d82     853a r 000000000000000a 0000000000000001  c.mv     x10, x14
#4842 0 0000000000018d84     ec06 m 00000000fffffb68 00000000000121ce  c.sdsp   x1, 0x18
#4843 0 0000000000018d86 7801a823 m 000000000001f3d8 0000000000000000  sw       x0, 0x790(x3)
#4844 0 0000000000018d8a 208020ef r 0000000000000001 0000000000018d8e  jal      x1, . + 0x2208
#4845 0 000000000001af92     1141 r 0000000000000002 00000000fffffb40  c.addi   x2, -0x10
#4846 0 000000000001af94     e406 m 00000000fffffb48 0000000000018d8e  c.sdsp   x1, 0x8
#4847 0 000000000001af96     e022 m 00000000fffffb40 000000000001e260  c.sdsp   x8, 0x0
#4848 0 000000000001af98 04000893 r 0000000000000011 0000000000000040  addi     x17, x0, 64
#4849 0 000000000001af9c 00000073 r 000000000000000a 0000000000000006  ecall    
#4850 0 000000000001afa0     842a r 0000000000000008 0000000000000006  c.mv     x8, x10
#4851 0 000000000001afa2 00054763 r 0000000000000000 0000000000000000  blt      x10, x0, . + 0xe
#4852 0 000000000001afa6     60a2 r 0000000000000001 0000000000018d8e  c.ldsp   x1, 0x8
#4853 0 000000000001afa8     8522 r 000000000000000a 0000000000000006  c.mv     x10, x8
#4854 0 000000000001afaa     6402 r 0000000000000008 000000000001e260  c.ldsp   x8, 0x0
#4855 0 000000000001afac     0141 r 0000000000000002 00000000fffffb50  c.addi   x2, 0x10
#4856 0 000000000001afae     8082 r 0000000000000000 0000000000000000  c.jr     x1
#4857 0 0000000000018d8e     57fd r 000000000000000f ffffffffffffffff  c.li     x15, -0x1
#4858 0 0000000000018d90 00f50763 r 0000000000000000 0000000000000000  beq      x10, x15, . + 0xe
#4859 0 0000000000018d94     60e2 r 0000000000000001 00000000000121ce  c.ldsp   x1, 0x18
#4860 0 0000000000018d96     6442 r 0000000000000008 000000000001e848  c.ldsp   x8, 0x10
#4861 0 0000000000018d98     64a2 r 0000000000000009 0000000000000006  c.ldsp   x9, 0x8
#4862 0 0000000000018d9a     6105 r 0000000000000002 00000000fffffb70  c.addi16sp 0x2
#4863 0 0000000000018d9c     8082 r 0000000000000000 0000000000000000  c.jr     x1
#4864 0 00000000000121ce     9c89 r 0000000000000009 0000000000000000  c.subw   x9, x10
#4865 0 00000000000121d0 fea046e3 r 0000000000000000 0000000000000000  blt      x0, x10, . - 0x14
#4866 0 00000000000121bc     992a r 0000000000000012 0000000000020016  c.add    x18, x10
#4867 0 00000000000121be fc9053e3 r 0000000000000000 0000000000000000  bge      x0, x9, . - 0x3a
#4868 0 0000000000012184     4501 r 000000000000000a 0000000000000000  c.li     x10, 0x0
#4869 0 0000000000012186     70a2 r 0000000000000001 0000000000019350  c.ldsp   x1, 0x28
#4870 0 0000000000012188     7402 r 0000000000000008 000000000001e848  c.ldsp   x8, 0x20
#4871 0 000000000001218a     64e2 r 0000000000000009 0000000000000001  c.ldsp   x9, 0x18
#4872 0 000000000001218c     6942 r 0000000000000012 00000000fffffdf0  c.ldsp   x18, 0x10
#4873 0 000000000001218e     69a2 r 0000000000000013 0000000000000000  c.ldsp   x19, 0x8
#4874 0 0000000000012190     6145 r 0000000000000002 00000000fffffba0  c.addi16sp 0x3
#4875 0 0000000000012192     8082 r 0000000000000000 0000000000000000  c.jr     x1
#4876 0 0000000000019350     d179 r 0000000000000000 0000000000000000  c.beqz   x10, . - 0x3a
#4877 0 0000000000019316 010a3783 r 000000000000000f 0000000000000001  ld       x15, 0x10(x20)
#4878 0 000000000001931a     9ca6 r 0000000000000019 000000000001c437  c.add    x25, x9
#4879 0 000000000001931c 409c0c33 r 0000000000000018 0000000000000000  sub      x24, x24, x9
#4880 0 0000000000019320 409784b3 r 0000000000000009 0000000000000000  sub      x9, x15, x9
#4881 0 0000000000019324 009a3823 m 00000000fffffd70 0000000000000000  sd       x9, 0x10(x20)
#4882 0 0000000000019328     f4c5 r 0000000000000000 0000000000000000  c.bnez   x9, . - 0x58
#4883 0 000000000001932a     4501 r 000000000000000a 0000000000000000  c.li     x10, 0x0
#4884 0 000000000001932c     60e6 r 0000000000000001 0000000000018066  c.ldsp   x1, 0x58
#4885 0 000000000001932e     6446 r 0000000000000008 000000000001c437  c.ldsp   x8, 0x50
#4886 0 0000000000019330     64a6 r 0000000000000009 0000000000000001  c.ldsp   x9, 0x48
#4887 0 0000000000019332     6906 r 0000000000000012 000000000001e848  c.ldsp   x18, 0x40
#4888 0 0000000000019334     79e2 r 0000000000000013 0000000000000001  c.ldsp   x19, 0x38
#4889 0 0000000000019336     7a42 r 0000000000000014 000000000001e260  c.ldsp   x20, 0x30
#4890 0 0000000000019338     7aa2 r 0000000000000015 00000000fffffd60  c.ldsp   x21, 0x28
#4891 0 000000000001933a     7b02 r 0000000000000016 00000000fffffde0  c.ldsp   x22, 0x20
#4892 0 000000000001933c     6be2 r 0000000000000017 0000000000000001  c.ldsp   x23, 0x18
#4893 0 000000000001933e     6c42 r 0000000000000018 fffffffffffffffe  c.ldsp   x24, 0x10
#4894 0 0000000000019340     6ca2 r 0000000000000019 000000000001c436  c.ldsp   x25, 0x8
#4895 0 0000000000019342     6d02 r 000000000000001a 0000000000000064  c.ldsp   x26, 0x0
#4896 0 0000000000019344     6125 r 0000000000000002 00000000fffffc00  c.addi16sp 0x6
#4897 0 0000000000019346     8082 r 0000000000000000 0000000000000000  c.jr     x1
#4898 0 0000000000018066     b7e1 r 0000000000000000 0000000000000000  c.j      . - 0x38
#4899 0 000000000001802e     60a6 r 0000000000000001 0000000000011830  c.ldsp   x1, 0x48
#4900 0 0000000000018030     6406 r 0000000000000008 000000000001c437  c.ldsp   x8, 0x40
#4901 0 0000000000018032 000ab823 m 00000000fffffd70 0000000000000000  sd       x0, 0x10(x21)
#4902 0 0000000000018036 000aa423 m 00000000fffffd68 0000000000000000  sw       x0, 0x8(x21)
#4903 0 000000000001803a     74e2 r 0000000000000009 0000000000000001  c.ldsp   x9, 0x38
#4904 0 000000000001803c     7942 r 0000000000000012 000000000001e848  c.ldsp   x18, 0x30
#4905 0 000000000001803e     79a2 r 0000000000000013 0000000000000001  c.ldsp   x19, 0x28
#4906 0 0000000000018040     7a02 r 0000000000000014 000000000001e260  c.ldsp   x20, 0x20
#4907 0 0000000000018042     6ae2 r 0000000000000015 0000000000000000  c.ldsp   x21, 0x18
#4908 0 0000000000018044     6b42 r 0000000000000016 00000000fffffde0  c.ldsp   x22, 0x10
#4909 0 0000000000018046     6ba2 r 0000000000000017 0000000000000001  c.ldsp   x23, 0x8
#4910 0 0000000000018048     6161 r 0000000000000002 00000000fffffc50  c.addi16sp 0x5
#4911 0 000000000001804a     8082 r 0000000000000000 0000000000000000  c.jr     x1
#4912 0 0000000000011830 d99fe06f r 0000000000000000 0000000000000000  j        . - 0x1268
#4913 0 00000000000105c8 01095783 r 000000000000000f 0000000000002889  lhu      x15, 0x10(x18)
#4914 0 00000000000105cc 0407f793 r 000000000000000f 0000000000000000  andi     x15, x15, 64
#4915 0 00000000000105d0     c399 r 0000000000000000 0000000000000000  c.beqz   x15, . + 0x6
#4916 0 00000000000105d6 27813083 r 0000000000000001 000000000001030c  ld       x1, 0x278(x2)
#4917 0 00000000000105da 27013403 r 0000000000000008 00000000ffffff50  ld       x8, 0x270(x2)
#4918 0 00000000000105de     6522 r 000000000000000a 0000000000000006  c.ldsp   x10, 0x8
#4919 0 00000000000105e0 26813483 r 0000000000000009 0000000000000000  ld       x9, 0x268(x2)
#4920 0 00000000000105e4 26013903 r 0000000000000012 0000000000000000  ld       x18, 0x260(x2)
#4921 0 00000000000105e8 25813983 r 0000000000000013 0000000000000000  ld       x19, 0x258(x2)
#4922 0 00000000000105ec 25013a03 r 0000000000000014 0000000000000000  ld       x20, 0x250(x2)
#4923 0 00000000000105f0 24813a83 r 0000000000000015 0000000000000000  ld       x21, 0x248(x2)
#4924 0 00000000000105f4 24013b03 r 0000000000000016 0000000000000000  ld       x22, 0x240(x2)
#4925 0 00000000000105f8 23813b83 r 0000000000000017 0000000000000000  ld       x23, 0x238(x2)
#4926 0 00000000000105fc 23013c03 r 0000000000000018 0000000000000000  ld       x24, 0x230(x2)
#4927 0 0000000000010600 22813c83 r 0000000000000019 0000000000000000  ld       x25, 0x228(x2)
#4928 0 0000000000010604 22013d03 r 000000000000001a 0000000000000000  ld       x26, 0x220(x2)
#4929 0 0000000000010608 21813d83 r 000000000000001b 0000000000000000  ld       x27, 0x218(x2)
#4930 0 000000000001060c 28010113 r 0000000000000002 00000000fffffed0  addi     x2, x2, 640
#4931 0 0000000000010610     8082 r 0000000000000000 0000000000000000  c.jr     x1
#4932 0 000000000001030c     60e2 r 0000000000000001 000000000001016e  c.ldsp   x1, 0x18
#4933 0 000000000001030e     6125 r 0000000000000002 00000000ffffff30  c.addi16sp 0x6
#4934 0 0000000000010310     8082 r 0000000000000000 0000000000000000  c.jr     x1
#4935 0 000000000001016e fec42783 r 000000000000000f 0000000000000004  lw       x15, -0x14(x8)
#4936 0 0000000000010172     2785 r 000000000000000f 0000000000000005  c.addiw  x15, 0x1
#4937 0 0000000000010174 fef42623 m 00000000ffffff3c 0000000000000005  sw       x15, -0x14(x8)
#4938 0 0000000000010178 fec42783 r 000000000000000f 0000000000000005  lw       x15, -0x14(x8)
#4939 0 000000000001017c 0007871b r 000000000000000e 0000000000000005  addiw    x14, x15, 0
#4940 0 0000000000010180     47a5 r 000000000000000f 0000000000000009  c.li     x15, 0x9
#4941 0 0000000000010182 fce7dee3 r 0000000000000000 0000000000000000  bge      x15, x14, . - 0x24
#4942 0 000000000001015e fec42783 r 000000000000000f 0000000000000005  lw       x15, -0x14(x8)
#4943 0 0000000000010162     85be r 000000000000000b 0000000000000005  c.mv     x11, x15
#4944 0 0000000000010164     67f1 r 000000000000000f 000000000001c000  c.lui    x15, 0x1c
#4945 0 0000000000010166 43078513 r 000000000000000a 000000000001c430  addi     x10, x15, 1072
#4946 0 000000000001016a 17c000ef r 0000000000000001 000000000001016e  jal      x1, . + 0x17c
#4947 0 00000000000102e6 7581b303 r 0000000000000006 000000000001e260  ld       x6, 0x758(x3)
#4948 0 00000000000102ea     711d r 0000000000000002 00000000fffffed0  c.addi16sp -0x6
#4949 0 00000000000102ec     f832 m 00000000ffffff00 0000000000000006  c.sdsp   x12, 0x30
#4950 0 00000000000102ee     fc36 m 00000000ffffff08 0000000000000006  c.sdsp   x13, 0x38
#4951 0 00000000000102f0     f42e m 00000000fffffef8 0000000000000005  c.sdsp   x11, 0x28
#4952 0 00000000000102f2     e0ba m 00000000ffffff10 0000000000000005  c.sdsp   x14, 0x40
#4953 0 00000000000102f4     e4be m 00000000ffffff18 000000000001c000  c.sdsp   x15, 0x48
#4954 0 00000000000102f6     e8c2 m 00000000ffffff20 0000000000000000  c.sdsp   x16, 0x50
#4955 0 00000000000102f8     ecc6 m 00000000ffffff28 0000000000000040  c.sdsp   x17, 0x58
#4956 0 00000000000102fa 01033583 r 000000000000000b 000000000001e848  ld       x11, 0x10(x6)
#4957 0 00000000000102fe     1034 r 000000000000000d 00000000fffffef8  c.addi4spn  x13, 0xa
#4958 0 0000000000010300     862a r 000000000000000c 000000000001c430  c.mv     x12, x10
#4959 0 0000000000010302     851a r 000000000000000a 000000000001e260  c.mv     x10, x6
#4960 0 0000000000010304     ec06 m 00000000fffffee8 000000000001016e  c.sdsp   x1, 0x18
#4961 0 0000000000010306     e436 m 00000000fffffed8 00000000fffffef8  c.sdsp   x13, 0x8
#4962 0 0000000000010308 00a000ef r 0000000000000001 000000000001030c  jal      x1, . + 0xa
#4963 0 0000000000010312 d8010113 r 0000000000000002 00000000fffffc50  addi     x2, x2, -640
#4964 0 0000000000010316 26113c23 m 00000000fffffec8 000000000001030c  sd       x1, 0x278(x2)
#4965 0 000000000001031a 27213023 m 00000000fffffeb0 0000000000000000  sd       x18, 0x260(x2)
#4966 0 000000000001031e 25413823 m 00000000fffffea0 0000000000000000  sd       x20, 0x250(x2)
#4967 0 0000000000010322 23913423 m 00000000fffffe78 0000000000000000  sd       x25, 0x228(x2)
#4968 0 0000000000010326     892e r 0000000000000012 000000000001e848  c.mv     x18, x11
#4969 0 0000000000010328     8cb2 r 0000000000000019 000000000001c430  c.mv     x25, x12
#4970 0 000000000001032a     e836 m 00000000fffffc60 00000000fffffef8  c.sdsp   x13, 0x10
#4971 0 000000000001032c 26813823 m 00000000fffffec0 00000000ffffff50  sd       x8, 0x270(x2)
#4972 0 0000000000010330 26913423 m 00000000fffffeb8 0000000000000000  sd       x9, 0x268(x2)
#4973 0 0000000000010334 25313c23 m 00000000fffffea8 0000000000000000  sd       x19, 0x258(x2)
#4974 0 0000000000010338 25513423 m 00000000fffffe98 0000000000000000  sd       x21, 0x248(x2)
#4975 0 000000000001033c 25613023 m 00000000fffffe90 0000000000000000  sd       x22, 0x240(x2)
#4976 0 0000000000010340 23713c23 m 00000000fffffe88 0000000000000000  sd       x23, 0x238(x2)
#4977 0 0000000000010344 23813823 m 00000000fffffe80 0000000000000000  sd       x24, 0x230(x2)
#4978 0 0000000000010348 23a13023 m 00000000fffffe70 0000000000000000  sd       x26, 0x220(x2)
#4979 0 000000000001034c 21b13c23 m 00000000fffffe68 0000000000000000  sd       x27, 0x218(x2)
#4980 0 0000000000010350     8a2a r 0000000000000014 000000000001e260  c.mv     x20, x10
#4981 0 0000000000010352 6fa040ef r 0000000000000001 0000000000010356  jal      x1, . + 0x46fa
#4982 0 0000000000014a4c e6018513 r 000000000000000a 000000000001eaa8  addi     x10, x3, -416
#4983 0 0000000000014a50     8082 r 0000000000000000 0000000000000000  c.jr     x1
#4984 0 0000000000010356     611c r 000000000000000f 000000000001c980  c.ld     x15, 0x0(x10)
#4985 0 0000000000010358     853e r 000000000000000a 000000000001c980  c.mv     x10, x15
#4986 0 000000000001035a     f8be m 00000000fffffcc0 000000000001c980  c.sdsp   x15, 0x70
#4987 0 000000000001035c 058060ef r 0000000000000001 0000000000010360  jal      x1, . + 0x6058
#4988 0 00000000000163b4 00757793 r 000000000000000f 0000000000000000  andi     x15, x10, 7
#4989 0 00000000000163b8     872a r 000000000000000e 000000000001c980  c.mv     x14, x10
#4990 0 00000000000163ba     eba9 r 0000000000000000 0000000000000000  c.bnez   x15, . + 0x52
#4991 0 00000000000163bc 7401b683 r 000000000000000d 7f7f7f7f7f7f7f7f  ld       x13, 0x740(x3)
#4992 0 00000000000163c0     55fd r 000000000000000b ffffffffffffffff  c.li     x11, -0x1
#4993 0 00000000000163c2     6310 r 000000000000000c 000000000000002e  c.ld     x12, 0x0(x14)
#4994 0 00000000000163c4     0721 r 000000000000000e 000000000001c988  c.addi   x14, 0x8
#4995 0 00000000000163c6 00d677b3 r 000000000000000f 000000000000002e  and      x15, x12, x13
#4996 0 00000000000163ca     97b6 r 000000000000000f 7f7f7f7f7f7f7fad  c.add    x15, x13
#4997 0 00000000000163cc     8fd1 r 000000000000000f 7f7f7f7f7f7f7faf  c.or     x15, x12
#4998 0 00000000000163ce     8fd5 r 000000000000000f 7f7f7f7f7f7f7fff  c.or     x15, x13
#4999 0 00000000000163d0 feb789e3 r 0000000000000000 0000000000000000  beq      x15, x11, . - 0xe
#5000 0 00000000000163d4 ff874683 r 000000000000000d 000000000000002e  lbu      x13, -0x8(x14)
#5001 0 00000000000163d8 40a707b3 r 000000000000000f 0000000000000008  sub      x15, x14, x10
#5002 0 00000000000163dc     c6a9 r 0000000000000000 0000000000000000  c.beqz   x13, . + 0x4a
#5003 0 00000000000163de ff974683 r 000000000000000d 0000000000000000  lbu      x13, -0x7(x14)
#5004 0 00000000000163e2     ce9d r 0000000000000000 0000000000000000  c.beqz   x13, . + 0x3e
#5005 0 0000000000016420 ff978513 r 000000000000000a 0000000000000001  addi     x10, x15, -7
#5006 0 0000000000016424     8082 r 0000000000000000 0000000000000000  c.jr     x1
#5007 0 0000000000010360     f4aa m 00000000fffffcb8 0000000000000001  c.sdsp   x10, 0x68
#5008 0 0000000000010362     e202 m 00000000fffffd50 0000000000000000  c.sdsp   x0, 0x100
#5009 0 0000000000010364     e602 m 00000000fffffd58 0000000000000000  c.sdsp   x0, 0x108
#5010 0 0000000000010366 000a0663 r 0000000000000000 0000000000000000  beq      x20, x0, . + 0xc
#5011 0 000000000001036a 050a2783 r 000000000000000f 0000000000000001  lw       x15, 0x50(x20)
#5012 0 000000000001036e 72078963 r 0000000000000000 0000000000000000  beq      x15, x0, . + 0x732
#5013 0 0000000000010372 01091703 r 000000000000000e 0000000000002889  lh       x14, 0x10(x18)
#5014 0 0000000000010376     6689 r 000000000000000d 0000000000002000  c.lui    x13, 0x2
#5015 0 0000000000010378 03071793 r 000000000000000f 2889000000000000  slli     x15, x14, 48
#5016 0 000000000001037c     93c1 r 000000000000000f 0000000000002889  c.srli   x15, 0x30
#5017 0 000000000001037e 00d7f633 r 000000000000000c 0000000000002000  and      x12, x15, x13
#5018 0 0000000000010382     e215 r 0000000000000000 0000000000000000  c.bnez   x12, . + 0x24
#5019 0 00000000000103a6 0087f713 r 000000000000000e 0000000000000008  andi     x14, x15, 8
#5020 0 00000000000103aa 26070a63 r 0000000000000000 0000000000000000  beq      x14, x0, . + 0x274
#5021 0 00000000000103ae 01893703 r 000000000000000e 0000000000020010  ld       x14, 0x18(x18)
#5022 0 00000000000103b2 26070663 r 0000000000000000 0000000000000000  beq      x14, x0, . + 0x26c
#5023 0 00000000000103b6     8be9 r 000000000000000f 0000000000000008  c.andi   x15, 0x1a
#5024 0 00000000000103b8     4729 r 000000000000000e 000000000000000a  c.li     x14, 0xa
#5025 0 00000000000103ba 26e78f63 r 0000000000000000 0000000000000000  beq      x15, x14, . + 0x27e
#5026 0 00000000000103be     67f1 r 000000000000000f 000000000001c000  c.lui    x15, 0x1c
#5027 0 00000000000103c0 6587b783 r 000000000000000f 3ffc000000000000  ld       x15, 0x658(x15)
#5028 0 00000000000103c4 19010b13 r 0000000000000016 00000000fffffde0  addi     x22, x2, 400
#5029 0 00000000000103c8     ea5a m 00000000fffffd60 00000000fffffde0  c.sdsp   x22, 0x110
#5030 0 00000000000103ca     ed3e m 00000000fffffce8 3ffc000000000000  c.sdsp   x15, 0x98
#5031 0 00000000000103cc     67f1 r 000000000000000f 000000000001c000  c.lui    x15, 0x1c
#5032 0 00000000000103ce 6387b783 r 000000000000000f 4003000000000000  ld       x15, 0x638(x15)
#5033 0 00000000000103d2     f202 m 00000000fffffd70 0000000000000000  c.sdsp   x0, 0x120
#5034 0 00000000000103d4 10012c23 m 00000000fffffd68 0000000000000000  sw       x0, 0x118(x2)
#5035 0 00000000000103d8     e93e m 00000000fffffce0 4003000000000000  c.sdsp   x15, 0x90
#5036 0 00000000000103da     67f1 r 000000000000000f 000000000001c000  c.lui    x15, 0x1c
#5037 0 00000000000103dc 6487b783 r 000000000000000f 3ffe000000000000  ld       x15, 0x648(x15)
#5038 0 00000000000103e0     f002 m 00000000fffffc70 0000000000000000  c.sdsp   x0, 0x20
#5039 0 00000000000103e2     f402 m 00000000fffffc78 0000000000000000  c.sdsp   x0, 0x28
#5040 0 00000000000103e4     f13e m 00000000fffffcf0 3ffe000000000000  c.sdsp   x15, 0xa0
#5041 0 00000000000103e6 000cc783 r 000000000000000f 0000000000000069  lbu      x15, 0x0(x25)
#5042 0 00000000000103ea     fc82 m 00000000fffffcc8 0000000000000000  c.sdsp   x0, 0x78
#5043 0 00000000000103ec     f082 m 00000000fffffcb0 0000000000000000  c.sdsp   x0, 0x60
#5044 0 00000000000103ee     e102 m 00000000fffffcd0 0000000000000000  c.sdsp   x0, 0x80
#5045 0 00000000000103f0     e502 m 00000000fffffcd8 0000000000000000  c.sdsp   x0, 0x88
#5046 0 00000000000103f2     e402 m 00000000fffffc58 0000000000000000  c.sdsp   x0, 0x8
#5047 0 00000000000103f4     835a r 0000000000000006 00000000fffffde0  c.mv     x6, x22
#5048 0 00000000000103f6 1c078563 r 0000000000000000 0000000000000000  beq      x15, x0, . + 0x1ca
#5049 0 00000000000103fa     8466 r 0000000000000008 000000000001c430  c.mv     x8, x25
#5050 0 00000000000103fc 02500713 r 000000000000000e 0000000000000025  addi     x14, x0, 37
#5051 0 0000000000010400 30e78363 r 0000000000000000 0000000000000000  beq      x15, x14, . + 0x306
#5052 0 0000000000010404 00144783 r 000000000000000f 0000000000000020  lbu      x15, 0x1(x8)
#5053 0 0000000000010408     0405 r 0000000000000008 000000000001c431  c.addi   x8, 0x1
#5054 0 000000000001040a     fbfd r 0000000000000000 0000000000000000  c.bnez   x15, . - 0xa
#5055 0 0000000000010400 30e78363 r 0000000000000000 0000000000000000  beq      x15, x14, . + 0x306
#5056 0 0000000000010404 00144783 r 000000000000000f 000000000000003d  lbu      x15, 0x1(x8)
#5057 0 0000000000010408     0405 r 0000000000000008 000000000001c432  c.addi   x8, 0x1
#5058 0 000000000001040a     fbfd r 0000000000000000 0000000000000000  c.bnez   x15, . - 0xa
#5059 0 0000000000010400 30e78363 r 0000000000000000 0000000000000000  beq      x15, x14, . + 0x306
#5060 0 0000000000010404 00144783 r 000000000000000f 0000000000000020  lbu      x15, 0x1(x8)
#5061 0 0000000000010408     0405 r 0000000000000008 000000000001c433  c.addi   x8, 0x1
#5062 0 000000000001040a     fbfd r 0000000000000000 0000000000000000  c.bnez   x15, . - 0xa
#5063 0 0000000000010400 30e78363 r 0000000000000000 0000000000000000  beq      x15, x14, . + 0x306
#5064 0 0000000000010404 00144783 r 000000000000000f 0000000000000025  lbu      x15, 0x1(x8)
#5065 0 0000000000010408     0405 r 0000000000000008 000000000001c434  c.addi   x8, 0x1
#5066 0 000000000001040a     fbfd r 0000000000000000 0000000000000000  c.bnez   x15, . - 0xa
#5067 0 0000000000010400 30e78363 r 0000000000000000 0000000000000000  beq      x15, x14, . + 0x306
#5068 0 0000000000010706 419404bb r 0000000000000009 0000000000000004  subw     x9, x8, x25
#5069 0 000000000001070a d00495e3 r 0000000000000000 0000000000000000  bne      x9, x0, . - 0x2f6
#5070 0 0000000000010414     7712 r 000000000000000e 0000000000000000  c.ldsp   x14, 0x120
#5071 0 0000000000010416 11812783 r 000000000000000f 0000000000000000  lw       x15, 0x118(x2)
#5072 0 000000000001041a 01933023 m 00000000fffffde0 000000000001c430  sd       x25, 0x0(x6)
#5073 0 000000000001041e     9726 r 000000000000000e 0000000000000004  c.add    x14, x9
#5074 0 0000000000010420     2785 r 000000000000000f 0000000000000001  c.addiw  x15, 0x1
#5075 0 0000000000010422 00933423 m 00000000fffffde8 0000000000000004  sd       x9, 0x8(x6)
#5076 0 0000000000010426     f23a m 00000000fffffd70 0000000000000004  c.sdsp   x14, 0x120
#5077 0 0000000000010428 10f12c23 m 00000000fffffd68 0000000000000001  sw       x15, 0x118(x2)
#5078 0 000000000001042c 0007871b r 000000000000000e 0000000000000001  addiw    x14, x15, 0
#5079 0 0000000000010430     479d r 000000000000000f 0000000000000007  c.li     x15, 0x7
#5080 0 0000000000010432     0341 r 0000000000000006 00000000fffffdf0  c.addi   x6, 0x10
#5081 0 0000000000010434 2ee7c063 r 0000000000000000 0000000000000000  blt      x15, x14, . + 0x2e0
#5082 0 0000000000010438     6722 r 000000000000000e 0000000000000000  c.ldsp   x14, 0x8
#5083 0 000000000001043a 00044783 r 000000000000000f 0000000000000025  lbu      x15, 0x0(x8)
#5084 0 000000000001043e     9f25 r 000000000000000e 0000000000000004  c.addw   x14, x9
#5085 0 0000000000010440     e43a m 00000000fffffc58 0000000000000004  c.sdsp   x14, 0x8
#5086 0 0000000000010442 16078f63 r 0000000000000000 0000000000000000  beq      x15, x0, . + 0x17e
#5087 0 0000000000010446     67f1 r 000000000000000f 000000000001c000  c.lui    x15, 0x1c
#5088 0 0000000000010448 00144e03 r 000000000000001c 0000000000000064  lbu      x28, 0x1(x8)
#5089 0 000000000001044c 0c010fa3 m 00000000fffffd2f 0000000000000000  sb       x0, 0xdf(x2)
#5090 0 0000000000010450     0405 r 0000000000000008 000000000001c435  c.addi   x8, 0x1
#5091 0 0000000000010452     5c7d r 0000000000000018 ffffffffffffffff  c.li     x24, -0x1
#5092 0 0000000000010454     4a81 r 0000000000000015 0000000000000000  c.li     x21, 0x0
#5093 0 0000000000010456     4481 r 0000000000000009 0000000000000000  c.li     x9, 0x0
#5094 0 0000000000010458 05a00993 r 0000000000000013 000000000000005a  addi     x19, x0, 90
#5095 0 000000000001045c 49878b93 r 0000000000000017 000000000001c498  addi     x23, x15, 1176
#5096 0 0000000000010460     4da5 r 000000000000001b 0000000000000009  c.li     x27, 0x9
#5097 0 0000000000010462     0405 r 0000000000000008 000000000001c436  c.addi   x8, 0x1
#5098 0 0000000000010464 000e0d1b r 000000000000001a 0000000000000064  addiw    x26, x28, 0
#5099 0 0000000000010468 02a00613 r 000000000000000c 000000000000002a  addi     x12, x0, 42
#5100 0 000000000001046c fe0d079b r 000000000000000f 0000000000000044  addiw    x15, x26, -32
#5101 0 0000000000010470 0007871b r 000000000000000e 0000000000000044  addiw    x14, x15, 0
#5102 0 0000000000010474 04e9e363 r 0000000000000000 0000000000000000  bltu     x19, x14, . + 0x46
#5103 0 0000000000010478 02079713 r 000000000000000e 0000004400000000  slli     x14, x15, 32
#5104 0 000000000001047c 01e75793 r 000000000000000f 0000000000000110  srli     x15, x14, 30
#5105 0 0000000000010480     97de r 000000000000000f 000000000001c5a8  c.add    x15, x23
#5106 0 0000000000010482     439c r 000000000000000f 0000000000010656  c.lw     x15, 0x0(x15)
#5107 0 0000000000010484     8782 r 0000000000000000 0000000000000000  c.jr     x15
#5108 0 0000000000010656     66c2 r 000000000000000d 00000000fffffef8  c.ldsp   x13, 0x10
#5109 0 0000000000010658 0204f793 r 000000000000000f 0000000000000000  andi     x15, x9, 32
#5110 0 000000000001065c 00868713 r 000000000000000e 00000000ffffff00  addi     x14, x13, 8
#5111 0 0000000000010660 3c078163 r 0000000000000000 0000000000000000  beq      x15, x0, . + 0x3c2
#5112 0 0000000000010a22 0104f793 r 000000000000000f 0000000000000000  andi     x15, x9, 16
#5113 0 0000000000010a26 7e079f63 r 0000000000000000 0000000000000000  bne      x15, x0, . + 0x7fe
#5114 0 0000000000010a2a 0404f793 r 000000000000000f 0000000000000000  andi     x15, x9, 64
#5115 0 0000000000010a2e 380788e3 r 0000000000000000 0000000000000000  beq      x15, x0, . + 0xb90
#5116 0 00000000000115be 2004f793 r 000000000000000f 0000000000000000  andi     x15, x9, 512
#5117 0 00000000000115c2 24078163 r 0000000000000000 0000000000000000  beq      x15, x0, . + 0x242
#5118 0 0000000000011804     67c2 r 000000000000000f 00000000fffffef8  c.ldsp   x15, 0x10
#5119 0 0000000000011806 0007a983 r 0000000000000013 0000000000000005  lw       x19, 0x0(x15)
#5120 0 000000000001180a     87ce r 000000000000000f 0000000000000005  c.mv     x15, x19
#5121 0 000000000001180c e5dfe06f r 0000000000000000 0000000000000000  j        . - 0x11a4
#5122 0 0000000000010668 3c07cb63 r 0000000000000000 0000000000000000  blt      x15, x0, . + 0x3d6
#5123 0 000000000001066c     57fd r 000000000000000f ffffffffffffffff  c.li     x15, -0x1
#5124 0 000000000001066e 3efc00e3 r 0000000000000000 0000000000000000  beq      x24, x15, . + 0xbe0
#5125 0 000000000001124e     e83a m 00000000fffffc60 00000000ffffff00  c.sdsp   x14, 0x10
#5126 0 0000000000011250     47a5 r 000000000000000f 0000000000000009  c.li     x15, 0x9
#5127 0 0000000000011252     8da6 r 000000000000001b 0000000000000000  c.mv     x27, x9
#5128 0 0000000000011254 cb37f8e3 r 0000000000000000 0000000000000000  bgeu     x15, x19, . - 0x350
#5129 0 0000000000010f04 0309899b r 0000000000000013 0000000000000035  addiw    x19, x19, 48
#5130 0 0000000000010f08 193105a3 m 00000000fffffddb 0000000000000035  sb       x19, 0x18b(x2)
#5131 0 0000000000010f0c     84ee r 0000000000000009 0000000000000000  c.mv     x9, x27
#5132 0 0000000000010f0e     4b85 r 0000000000000017 0000000000000001  c.li     x23, 0x1
#5133 0 0000000000010f10 18b10c93 r 0000000000000019 00000000fffffddb  addi     x25, x2, 395
#5134 0 0000000000010f14 f7aff06f r 0000000000000000 0000000000000000  j        . - 0x886
#5135 0 000000000001068e 0df14783 r 000000000000000f 0000000000000000  lbu      x15, 0xdf(x2)
#5136 0 0000000000010692 000b899b r 0000000000000013 0000000000000001  addiw    x19, x23, 0
#5137 0 0000000000010696 018bd463 r 0000000000000000 0000000000000000  bge      x23, x24, . + 0x8
#5138 0 000000000001069e     ec02 m 00000000fffffc68 0000000000000000  c.sdsp   x0, 0x18
#5139 0 00000000000106a0     e482 m 00000000fffffc98 0000000000000000  c.sdsp   x0, 0x48
#5140 0 00000000000106a2     ec82 m 00000000fffffca8 0000000000000000  c.sdsp   x0, 0x58
#5141 0 00000000000106a4     e882 m 00000000fffffca0 0000000000000000  c.sdsp   x0, 0x50
#5142 0 00000000000106a6 e20789e3 r 0000000000000000 0000000000000000  beq      x15, x0, . - 0x1ce
#5143 0 00000000000104d8 0024f293 r 0000000000000005 0000000000000000  andi     x5, x9, 2
#5144 0 00000000000104dc 00028363 r 0000000000000000 0000000000000000  beq      x5, x0, . + 0x6
#5145 0 00000000000104e2 0844fd93 r 000000000000001b 0000000000000000  andi     x27, x9, 132
#5146 0 00000000000104e6     7792 r 000000000000000f 0000000000000004  c.ldsp   x15, 0x120
#5147 0 00000000000104e8 000d9663 r 0000000000000000 0000000000000000  bne      x27, x0, . + 0xc
#5148 0 00000000000104ec 413a86bb r 000000000000000d ffffffffffffffff  subw     x13, x21, x19
#5149 0 00000000000104f0 22d044e3 r 0000000000000000 0000000000000000  blt      x0, x13, . + 0xa28
#5150 0 00000000000104f4 0df14703 r 000000000000000e 0000000000000000  lbu      x14, 0xdf(x2)
#5151 0 00000000000104f8     c70d r 0000000000000000 0000000000000000  c.beqz   x14, . + 0x2a
#5152 0 0000000000010522 02028563 r 0000000000000000 0000000000000000  beq      x5, x0, . + 0x2a
#5153 0 000000000001054c 08000713 r 000000000000000e 0000000000000080  addi     x14, x0, 128
#5154 0 0000000000010550 06ed8ae3 r 0000000000000000 0000000000000000  beq      x27, x14, . + 0x874
#5155 0 0000000000010554 417c0c3b r 0000000000000018 fffffffffffffffe  subw     x24, x24, x23
#5156 0 0000000000010558 0f804ee3 r 0000000000000000 0000000000000000  blt      x0, x24, . + 0x8fc
#5157 0 000000000001055c 1004f713 r 000000000000000e 0000000000000000  andi     x14, x9, 256
#5158 0 0000000000010560 78071b63 r 0000000000000000 0000000000000000  bne      x14, x0, . + 0x796
#5159 0 0000000000010564 11812703 r 000000000000000e 0000000000000001  lw       x14, 0x118(x2)
#5160 0 0000000000010568     97de r 000000000000000f 0000000000000005  c.add    x15, x23
#5161 0 000000000001056a 01933023 m 00000000fffffdf0 00000000fffffddb  sd       x25, 0x0(x6)
#5162 0 000000000001056e 0017069b r 000000000000000d 0000000000000002  addiw    x13, x14, 1
#5163 0 0000000000010572     8736 r 000000000000000e 0000000000000002  c.mv     x14, x13
#5164 0 0000000000010574 01733423 m 00000000fffffdf8 0000000000000001  sd       x23, 0x8(x6)
#5165 0 0000000000010578 10e12c23 m 00000000fffffd68 0000000000000002  sw       x14, 0x118(x2)
#5166 0 000000000001057c     f23e m 00000000fffffd70 0000000000000005  c.sdsp   x15, 0x120
#5167 0 000000000001057e     471d r 000000000000000e 0000000000000007  c.li     x14, 0x7
#5168 0 0000000000010580 46d74863 r 0000000000000000 0000000000000000  blt      x14, x13, . + 0x470
#5169 0 0000000000010584     0341 r 0000000000000006 00000000fffffe00  c.addi   x6, 0x10
#5170 0 0000000000010586     8891 r 0000000000000009 0000000000000000  c.andi   x9, 0x4
#5171 0 0000000000010588     c489 r 0000000000000000 0000000000000000  c.beqz   x9, . + 0xa
#5172 0 0000000000010592     8756 r 000000000000000e 0000000000000000  c.mv     x14, x21
#5173 0 0000000000010594 013ad363 r 0000000000000000 0000000000000000  bge      x21, x19, . + 0x6
#5174 0 0000000000010598     874e r 000000000000000e 0000000000000001  c.mv     x14, x19
#5175 0 000000000001059a     66a2 r 000000000000000d 0000000000000004  c.ldsp   x13, 0x8
#5176 0 000000000001059c     9f35 r 000000000000000e 0000000000000005  c.addw   x14, x13
#5177 0 000000000001059e     e43a m 00000000fffffc58 0000000000000005  c.sdsp   x14, 0x8
#5178 0 00000000000105a0 12079be3 r 0000000000000000 0000000000000000  bne      x15, x0, . + 0x936
#5179 0 0000000000010ed6     0a10 r 000000000000000c 00000000fffffd60  c.addi4spn  x12, 0x44
#5180 0 0000000000010ed8     85ca r 000000000000000b 000000000001e848  c.mv     x11, x18
#5181 0 0000000000010eda     8552 r 000000000000000a 000000000001e260  c.mv     x10, x20
#5182 0 0000000000010edc 18c070ef r 0000000000000001 0000000000010ee0  jal      x1, . + 0x718c
#5183 0 0000000000018068     6a18 r 000000000000000e 0000000000000005  c.ld     x14, 0x10(x12)
#5184 0 000000000001806a     c311 r 0000000000000000 0000000000000000  c.beqz   x14, . + 0x4
#5185 0 000000000001806c     bfa1 r 0000000000000000 0000000000000000  c.j      . - 0xa8
#5186 0 0000000000017fc4 0ac5a783 r 000000000000000f 0000000000000000  lw       x15, 0xac(x11)
#5187 0 0000000000017fc8     715d r 0000000000000002 00000000fffffc00  c.addi16sp -0x5
#5188 0 0000000000017fca     6709 r 000000000000000e 0000000000002000  c.lui    x14, 0x2
#5189 0 0000000000017fcc     ec56 m 00000000fffffc18 0000000000000000  c.sdsp   x21, 0x18
#5190 0 0000000000017fce     e486 m 00000000fffffc48 0000000000010ee0  c.sdsp   x1, 0x48
#5191 0 0000000000017fd0     e0a2 m 00000000fffffc40 000000000001c436  c.sdsp   x8, 0x40
#5192 0 0000000000017fd2     fc26 m 00000000fffffc38 0000000000000000  c.sdsp   x9, 0x38
#5193 0 0000000000017fd4     f84a m 00000000fffffc30 000000000001e848  c.sdsp   x18, 0x30
#5194 0 0000000000017fd6     f44e m 00000000fffffc28 0000000000000001  c.sdsp   x19, 0x28
#5195 0 0000000000017fd8     f052 m 00000000fffffc20 000000000001e260  c.sdsp   x20, 0x20
#5196 0 0000000000017fda     e85a m 00000000fffffc10 00000000fffffde0  c.sdsp   x22, 0x10
#5197 0 0000000000017fdc     e45e m 00000000fffffc08 0000000000000001  c.sdsp   x23, 0x8
#5198 0 0000000000017fde     8ff9 r 000000000000000f 0000000000000000  c.and    x15, x14
#5199 0 0000000000017fe0     8ab2 r 0000000000000015 00000000fffffd60  c.mv     x21, x12
#5200 0 0000000000017fe2     c3c1 r 0000000000000000 0000000000000000  c.beqz   x15, . + 0x80
#5201 0 0000000000018062 146010ef r 0000000000000001 0000000000018066  jal      x1, . + 0x1146
#5202 0 00000000000191a8     6a1c r 000000000000000f 0000000000000005  c.ld     x15, 0x10(x12)
#5203 0 00000000000191aa 1a078c63 r 0000000000000000 0000000000000000  beq      x15, x0, . + 0x1b8
#5204 0 00000000000191ae 0105d783 r 000000000000000f 0000000000002889  lhu      x15, 0x10(x11)
#5205 0 00000000000191b2     711d r 0000000000000002 00000000fffffba0  c.addi16sp -0x6
#5206 0 00000000000191b4     e8a2 m 00000000fffffbf0 000000000001c436  c.sdsp   x8, 0x50
#5207 0 00000000000191b6     f852 m 00000000fffffbd0 000000000001e260  c.sdsp   x20, 0x30
#5208 0 00000000000191b8     f456 m 00000000fffffbc8 00000000fffffd60  c.sdsp   x21, 0x28
#5209 0 00000000000191ba     ec86 m 00000000fffffbf8 0000000000018066  c.sdsp   x1, 0x58
#5210 0 00000000000191bc     e4a6 m 00000000fffffbe8 0000000000000000  c.sdsp   x9, 0x48
#5211 0 00000000000191be     e0ca m 00000000fffffbe0 000000000001e848  c.sdsp   x18, 0x40
#5212 0 00000000000191c0     fc4e m 00000000fffffbd8 0000000000000001  c.sdsp   x19, 0x38
#5213 0 00000000000191c2     f05a m 00000000fffffbc0 00000000fffffde0  c.sdsp   x22, 0x20
#5214 0 00000000000191c4     ec5e m 00000000fffffbb8 0000000000000001  c.sdsp   x23, 0x18
#5215 0 00000000000191c6     e862 m 00000000fffffbb0 fffffffffffffffe  c.sdsp   x24, 0x10
#5216 0 00000000000191c8     e466 m 00000000fffffba8 00000000fffffddb  c.sdsp   x25, 0x8
#5217 0 00000000000191ca     e06a m 00000000fffffba0 0000000000000064  c.sdsp   x26, 0x0
#5218 0 00000000000191cc 0087f713 r 000000000000000e 0000000000000008  andi     x14, x15, 8
#5219 0 00000000000191d0     8a32 r 0000000000000014 00000000fffffd60  c.mv     x20, x12
#5220 0 00000000000191d2     8aaa r 0000000000000015 000000000001e260  c.mv     x21, x10
#5221 0 00000000000191d4     842e r 0000000000000008 000000000001e848  c.mv     x8, x11
#5222 0 00000000000191d6     c325 r 0000000000000000 0000000000000000  c.beqz   x14, . + 0x60
#5223 0 00000000000191d8     6d98 r 000000000000000e 0000000000020010  c.ld     x14, 0x18(x11)
#5224 0 00000000000191da     cf31 r 0000000000000000 0000000000000000  c.beqz   x14, . + 0x5c
#5225 0 00000000000191dc 0027f713 r 000000000000000e 0000000000000000  andi     x14, x15, 2
#5226 0 00000000000191e0 000a3903 r 0000000000000012 00000000fffffde0  ld       x18, 0x0(x20)
#5227 0 00000000000191e4     c735 r 0000000000000000 0000000000000000  c.beqz   x14, . + 0x6c
#5228 0 0000000000019250 0017f713 r 000000000000000e 0000000000000001  andi     x14, x15, 1
#5229 0 0000000000019254     eb35 r 0000000000000000 0000000000000000  c.bnez   x14, . + 0x74
#5230 0 00000000000192c8     4981 r 0000000000000013 0000000000000000  c.li     x19, 0x0
#5231 0 00000000000192ca     4501 r 000000000000000a 0000000000000000  c.li     x10, 0x0
#5232 0 00000000000192cc     4c81 r 0000000000000019 0000000000000000  c.li     x25, 0x0
#5233 0 00000000000192ce     4c01 r 0000000000000018 0000000000000000  c.li     x24, 0x0
#5234 0 00000000000192d0 080c0b63 r 0000000000000000 0000000000000000  beq      x24, x0, . + 0x96
#5235 0 0000000000019366 00893c03 r 0000000000000018 0000000000000004  ld       x24, 0x8(x18)
#5236 0 000000000001936a 00093c83 r 0000000000000019 000000000001c430  ld       x25, 0x0(x18)
#5237 0 000000000001936e     0941 r 0000000000000012 00000000fffffdf0  c.addi   x18, 0x10
#5238 0 0000000000019370 fe0c0be3 r 0000000000000000 0000000000000000  beq      x24, x0, . - 0xa
#5239 0 0000000000019374     8662 r 000000000000000c 0000000000000004  c.mv     x12, x24
#5240 0 0000000000019376     45a9 r 000000000000000b 000000000000000a  c.li     x11, 0xa
#5241 0 0000000000019378     8566 r 000000000000000a 000000000001c430  c.mv     x10, x25
#5242 0 000000000001937a f7bfb0ef r 0000000000000001 000000000001937e  jal      x1, . - 0x4086
#5243 0 00000000000152f4 00757793 r 000000000000000f 0000000000000000  andi     x15, x10, 7
#5244 0 00000000000152f8 0ff5f693 r 000000000000000d 000000000000000a  andi     x13, x11, 255
#5245 0 00000000000152fc     c395 r 0000000000000000 0000000000000000  c.beqz   x15, . + 0x24
#5246 0 0000000000015320     87b2 r 000000000000000f 0000000000000004  c.mv     x15, x12
#5247 0 0000000000015322     471d r 000000000000000e 0000000000000007  c.li     x14, 0x7
#5248 0 0000000000015324 00f76f63 r 0000000000000000 0000000000000000  bltu     x14, x15, . + 0x1e
#5249 0 0000000000015328     e399 r 0000000000000000 0000000000000000  c.bnez   x15, . + 0x6
#5250 0 000000000001532e     97aa r 000000000000000f 000000000001c434  c.add    x15, x10
#5251 0 0000000000015330     a021 r 0000000000000000 0000000000000000  c.j      . + 0x8
#5252 0 0000000000015338 00054703 r 000000000000000e 0000000000000069  lbu      x14, 0x0(x10)
#5253 0 000000000001533c fed71be3 r 0000000000000000 0000000000000000  bne      x14, x13, . - 0xa
#5254 0 0000000000015332     0505 r 000000000000000a 000000000001c431  c.addi   x10, 0x1
#5255 0 0000000000015334 fea78be3 r 0000000000000000 0000000000000000  beq      x15, x10, . - 0xa
#5256 0 0000000000015338 00054703 r 000000000000000e 0000000000000020  lbu      x14, 0x0(x10)
#5257 0 000000000001533c fed71be3 r 0000000000000000 0000000000000000  bne      x14, x13, . - 0xa
#5258 0 0000000000015332     0505 r 000000000000000a 000000000001c432  c.addi   x10, 0x1
#5259 0 0000000000015334 fea78be3 r 0000000000000000 0000000000000000  beq      x15, x10, . - 0xa
#5260 0 0000000000015338 00054703 r 000000000000000e 000000000000003d  lbu      x14, 0x0(x10)
#5261 0 000000000001533c fed71be3 r 0000000000000000 0000000000000000  bne      x14, x13, . - 0xa
#5262 0 0000000000015332     0505 r 000000000000000a 000000000001c433  c.addi   x10, 0x1
#5263 0 0000000000015334 fea78be3 r 0000000000000000 0000000000000000  beq      x15, x10, . - 0xa
#5264 0 0000000000015338 00054703 r 000000000000000e 0000000000000020  lbu      x14, 0x0(x10)
#5265 0 000000000001533c fed71be3 r 0000000000000000 0000000000000000  bne      x14, x13, . - 0xa
#5266 0 0000000000015332     0505 r 000000000000000a 000000000001c434  c.addi   x10, 0x1
#5267 0 0000000000015334 fea78be3 r 0000000000000000 0000000000000000  beq      x15, x10, . - 0xa
#5268 0 000000000001532a     4501 r 000000000000000a 0000000000000000  c.li     x10, 0x0
#5269 0 000000000001532c     8082 r 0000000000000000 0000000000000000  c.jr     x1
#5270 0 000000000001937e 12050f63 r 0000000000000000 0000000000000000  beq      x10, x0, . + 0x13e
#5271 0 00000000000194bc 001c099b r 0000000000000013 0000000000000005  addiw    x19, x24, 1
#5272 0 00000000000194c0     bd19 r 0000000000000000 0000000000000000  c.j      . - 0x1ea
#5273 0 00000000000192d6     8bce r 0000000000000017 0000000000000005  c.mv     x23, x19
#5274 0 00000000000192d8 013c7363 r 0000000000000000 0000000000000000  bgeu     x24, x19, . + 0x6
#5275 0 00000000000192dc     8be2 r 0000000000000017 0000000000000004  c.mv     x23, x24
#5276 0 00000000000192de     6008 r 000000000000000a 0000000000020010  c.ld     x10, 0x0(x8)
#5277 0 00000000000192e0     6c1c r 000000000000000f 0000000000020010  c.ld     x15, 0x18(x8)
#5278 0 00000000000192e2     5014 r 000000000000000d 0000000000000400  c.lw     x13, 0x20(x8)
#5279 0 00000000000192e4     84de r 0000000000000009 0000000000000004  c.mv     x9, x23
#5280 0 00000000000192e6 00a7f763 r 0000000000000000 0000000000000000  bgeu     x15, x10, . + 0xe
#5281 0 00000000000192f4 18dbc463 r 0000000000000000 0000000000000000  blt      x23, x13, . + 0x188
#5282 0 000000000001947c     865e r 000000000000000c 0000000000000004  c.mv     x12, x23
#5283 0 000000000001947e     85e6 r 000000000000000b 000000000001c430  c.mv     x11, x25
#5284 0 0000000000019480 1ac000ef r 0000000000000001 0000000000019484  jal      x1, . + 0x1ac
#5285 0 000000000001962c 02a5f263 r 0000000000000000 0000000000000000  bgeu     x11, x10, . + 0x24
#5286 0 0000000000019630 00c587b3 r 000000000000000f 000000000001c434  add      x15, x11, x12
#5287 0 0000000000019634 00f57e63 r 0000000000000000 0000000000000000  bgeu     x10, x15, . + 0x1c
#5288 0 0000000000019650     47fd r 000000000000000f 000000000000001f  c.li     x15, 0x1f
#5289 0 0000000000019652 02c7e163 r 0000000000000000 0000000000000000  bltu     x15, x12, . + 0x22
#5290 0 0000000000019656     87aa r 000000000000000f 0000000000020010  c.mv     x15, x10
#5291 0 0000000000019658 fff60693 r 000000000000000d 0000000000000003  addi     x13, x12, -1
#5292 0 000000000001965c     c245 r 0000000000000000 0000000000000000  c.beqz   x12, . + 0xa0
#5293 0 000000000001965e     0685 r 000000000000000d 0000000000000004  c.addi   x13, 0x1
#5294 0 0000000000019660     96be r 000000000000000d 0000000000020014  c.add    x13, x15
#5295 0 0000000000019662 0005c703 r 000000000000000e 0000000000000069  lbu      x14, 0x0(x11)
#5296 0 0000000000019666     0785 r 000000000000000f 0000000000020011  c.addi   x15, 0x1
#5297 0 0000000000019668     0585 r 000000000000000b 000000000001c431  c.addi   x11, 0x1
#5298 0 000000000001966a fee78fa3 m 0000000000020010 0000000000000069  sb       x14, -0x1(x15)
#5299 0 000000000001966e fed79ae3 r 0000000000000000 0000000000000000  bne      x15, x13, . - 0xc
#5300 0 0000000000019662 0005c703 r 000000000000000e 0000000000000020  lbu      x14, 0x0(x11)
#5301 0 0000000000019666     0785 r 000000000000000f 0000000000020012  c.addi   x15, 0x1
#5302 0 0000000000019668     0585 r 000000000000000b 000000000001c432  c.addi   x11, 0x1
#5303 0 000000000001966a fee78fa3 m 0000000000020011 0000000000000020  sb       x14, -0x1(x15)
#5304 0 000000000001966e fed79ae3 r 0000000000000000 0000000000000000  bne      x15, x13, . - 0xc
#5305 0 0000000000019662 0005c703 r 000000000000000e 000000000000003d  lbu      x14, 0x0(x11)
#5306 0 0000000000019666     0785 r 000000000000000f 0000000000020013  c.addi   x15, 0x1
#5307 0 0000000000019668     0585 r 000000000000000b 000000000001c433  c.addi   x11, 0x1
#5308 0 000000000001966a fee78fa3 m 0000000000020012 000000000000003d  sb       x14, -0x1(x15)
#5309 0 000000000001966e fed79ae3 r 0000000000000000 0000000000000000  bne      x15, x13, . - 0xc
#5310 0 0000000000019662 0005c703 r 000000000000000e 0000000000000020  lbu      x14, 0x0(x11)
#5311 0 0000000000019666     0785 r 000000000000000f 0000000000020014  c.addi   x15, 0x1
#5312 0 0000000000019668     0585 r 000000000000000b 000000000001c434  c.addi   x11, 0x1
#5313 0 000000000001966a fee78fa3 m 0000000000020013 0000000000000020  sb       x14, -0x1(x15)
#5314 0 000000000001966e fed79ae3 r 0000000000000000 0000000000000000  bne      x15, x13, . - 0xc
#5315 0 0000000000019672     8082 r 0000000000000000 0000000000000000  c.jr     x1
#5316 0 0000000000019484     4454 r 000000000000000d 0000000000000000  c.lw     x13, 0xc(x8)
#5317 0 0000000000019486     6018 r 000000000000000e 0000000000020010  c.ld     x14, 0x0(x8)
#5318 0 0000000000019488 000b879b r 000000000000000f 0000000000000004  addiw    x15, x23, 0
#5319 0 000000000001948c 417686bb r 000000000000000d fffffffffffffffc  subw     x13, x13, x23
#5320 0 0000000000019490     975e r 000000000000000e 0000000000020014  c.add    x14, x23
#5321 0 0000000000019492     c454 m 000000000001e854 00000000fffffffc  c.sw     x13, 0xc(x8)
#5322 0 0000000000019494     e018 m 000000000001e848 0000000000020014  c.sd     x14, 0x0(x8)
#5323 0 0000000000019496     bd9d r 0000000000000000 0000000000000000  c.j      . - 0x18a
#5324 0 000000000001930c 40f989bb r 0000000000000013 0000000000000001  subw     x19, x19, x15
#5325 0 0000000000019310     4505 r 000000000000000a 0000000000000001  c.li     x10, 0x1
#5326 0 0000000000019312 02098b63 r 0000000000000000 0000000000000000  beq      x19, x0, . + 0x36
#5327 0 0000000000019316 010a3783 r 000000000000000f 0000000000000005  ld       x15, 0x10(x20)
#5328 0 000000000001931a     9ca6 r 0000000000000019 000000000001c434  c.add    x25, x9
#5329 0 000000000001931c 409c0c33 r 0000000000000018 0000000000000000  sub      x24, x24, x9
#5330 0 0000000000019320 409784b3 r 0000000000000009 0000000000000001  sub      x9, x15, x9
#5331 0 0000000000019324 009a3823 m 00000000fffffd70 0000000000000001  sd       x9, 0x10(x20)
#5332 0 0000000000019328     f4c5 r 0000000000000000 0000000000000000  c.bnez   x9, . - 0x58
#5333 0 00000000000192d0 080c0b63 r 0000000000000000 0000000000000000  beq      x24, x0, . + 0x96
#5334 0 0000000000019366 00893c03 r 0000000000000018 0000000000000001  ld       x24, 0x8(x18)
#5335 0 000000000001936a 00093c83 r 0000000000000019 00000000fffffddb  ld       x25, 0x0(x18)
#5336 0 000000000001936e     0941 r 0000000000000012 00000000fffffe00  c.addi   x18, 0x10
#5337 0 0000000000019370 fe0c0be3 r 0000000000000000 0000000000000000  beq      x24, x0, . - 0xa
#5338 0 0000000000019374     8662 r 000000000000000c 0000000000000001  c.mv     x12, x24
#5339 0 0000000000019376     45a9 r 000000000000000b 000000000000000a  c.li     x11, 0xa
#5340 0 0000000000019378     8566 r 000000000000000a 00000000fffffddb  c.mv     x10, x25
#5341 0 000000000001937a f7bfb0ef r 0000000000000001 000000000001937e  jal      x1, . - 0x4086
#5342 0 00000000000152f4 00757793 r 000000000000000f 0000000000000003  andi     x15, x10, 7
#5343 0 00000000000152f8 0ff5f693 r 000000000000000d 000000000000000a  andi     x13, x11, 255
#5344 0 00000000000152fc     c395 r 0000000000000000 0000000000000000  c.beqz   x15, . + 0x24
#5345 0 00000000000152fe fff60793 r 000000000000000f 0000000000000000  addi     x15, x12, -1
#5346 0 0000000000015302     c605 r 0000000000000000 0000000000000000  c.beqz   x12, . + 0x28
#5347 0 0000000000015304     567d r 000000000000000c ffffffffffffffff  c.li     x12, -0x1
#5348 0 0000000000015306     a801 r 0000000000000000 0000000000000000  c.j      . + 0x10
#5349 0 0000000000015316 00054703 r 000000000000000e 0000000000000035  lbu      x14, 0x0(x10)
#5350 0 000000000001531a fed717e3 r 0000000000000000 0000000000000000  bne      x14, x13, . - 0x12
#5351 0 0000000000015308     0505 r 000000000000000a 00000000fffffddc  c.addi   x10, 0x1
#5352 0 000000000001530a 00757713 r 000000000000000e 0000000000000004  andi     x14, x10, 7
#5353 0 000000000001530e     cb11 r 0000000000000000 0000000000000000  c.beqz   x14, . + 0x14
#5354 0 0000000000015310     17fd r 000000000000000f ffffffffffffffff  c.addi   x15, -0x1
#5355 0 0000000000015312 00c78c63 r 0000000000000000 0000000000000000  beq      x15, x12, . + 0x18
#5356 0 000000000001532a     4501 r 000000000000000a 0000000000000000  c.li     x10, 0x0
#5357 0 000000000001532c     8082 r 0000000000000000 0000000000000000  c.jr     x1
#5358 0 000000000001937e 12050f63 r 0000000000000000 0000000000000000  beq      x10, x0, . + 0x13e
#5359 0 00000000000194bc 001c099b r 0000000000000013 0000000000000002  addiw    x19, x24, 1
#5360 0 00000000000194c0     bd19 r 0000000000000000 0000000000000000  c.j      . - 0x1ea
#5361 0 00000000000192d6     8bce r 0000000000000017 0000000000000002  c.mv     x23, x19
#5362 0 00000000000192d8 013c7363 r 0000000000000000 0000000000000000  bgeu     x24, x19, . + 0x6
#5363 0 00000000000192dc     8be2 r 0000000000000017 0000000000000001  c.mv     x23, x24
#5364 0 00000000000192de     6008 r 000000000000000a 0000000000020014  c.ld     x10, 0x0(x8)
#5365 0 00000000000192e0     6c1c r 000000000000000f 0000000000020010  c.ld     x15, 0x18(x8)
#5366 0 00000000000192e2     5014 r 000000000000000d 0000000000000400  c.lw     x13, 0x20(x8)
#5367 0 00000000000192e4     84de r 0000000000000009 0000000000000001  c.mv     x9, x23
#5368 0 00000000000192e6 00a7f763 r 0000000000000000 0000000000000000  bgeu     x15, x10, . + 0xe
#5369 0 00000000000192ea     445c r 000000000000000f fffffffffffffffc  c.lw     x15, 0xc(x8)
#5370 0 00000000000192ec 00d78b3b r 0000000000000016 00000000000003fc  addw     x22, x15, x13
#5371 0 00000000000192f0 097b4d63 r 0000000000000000 0000000000000000  blt      x22, x23, . + 0x9a
#5372 0 00000000000192f4 18dbc463 r 0000000000000000 0000000000000000  blt      x23, x13, . + 0x188
#5373 0 000000000001947c     865e r 000000000000000c 0000000000000001  c.mv     x12, x23
#5374 0 000000000001947e     85e6 r 000000000000000b 00000000fffffddb  c.mv     x11, x25
#5375 0 0000000000019480 1ac000ef r 0000000000000001 0000000000019484  jal      x1, . + 0x1ac
#5376 0 000000000001962c 02a5f263 r 0000000000000000 0000000000000000  bgeu     x11, x10, . + 0x24
#5377 0 0000000000019650     47fd r 000000000000000f 000000000000001f  c.li     x15, 0x1f
#5378 0 0000000000019652 02c7e163 r 0000000000000000 0000000000000000  bltu     x15, x12, . + 0x22
#5379 0 0000000000019656     87aa r 000000000000000f 0000000000020014  c.mv     x15, x10
#5380 0 0000000000019658 fff60693 r 000000000000000d 0000000000000000  addi     x13, x12, -1
#5381 0 000000000001965c     c245 r 0000000000000000 0000000000000000  c.beqz   x12, . + 0xa0
#5382 0 000000000001965e     0685 r 000000000000000d 0000000000000001  c.addi   x13, 0x1
#5383 0 0000000000019660     96be r 000000000000000d 0000000000020015  c.add    x13, x15
#5384 0 0000000000019662 0005c703 r 000000000000000e 0000000000000035  lbu      x14, 0x0(x11)
#5385 0 0000000000019666     0785 r 000000000000000f 0000000000020015  c.addi   x15, 0x1
#5386 0 0000000000019668     0585 r 000000000000000b 00000000fffffddc  c.addi   x11, 0x1
#5387 0 000000000001966a fee78fa3 m 0000000000020014 0000000000000035  sb       x14, -0x1(x15)
#5388 0 000000000001966e fed79ae3 r 0000000000000000 0000000000000000  bne      x15, x13, . - 0xc
#5389 0 0000000000019672     8082 r 0000000000000000 0000000000000000  c.jr     x1
#5390 0 0000000000019484     4454 r 000000000000000d fffffffffffffffc  c.lw     x13, 0xc(x8)
#5391 0 0000000000019486     6018 r 000000000000000e 0000000000020014  c.ld     x14, 0x0(x8)
#5392 0 0000000000019488 000b879b r 000000000000000f 0000000000000001  addiw    x15, x23, 0
#5393 0 000000000001948c 417686bb r 000000000000000d fffffffffffffffb  subw     x13, x13, x23
#5394 0 0000000000019490     975e r 000000000000000e 0000000000020015  c.add    x14, x23
#5395 0 0000000000019492     c454 m 000000000001e854 00000000fffffffb  c.sw     x13, 0xc(x8)
#5396 0 0000000000019494     e018 m 000000000001e848 0000000000020015  c.sd     x14, 0x0(x8)
#5397 0 0000000000019496     bd9d r 0000000000000000 0000000000000000  c.j      . - 0x18a
#5398 0 000000000001930c 40f989bb r 0000000000000013 0000000000000001  subw     x19, x19, x15
#5399 0 0000000000019310     4505 r 000000000000000a 0000000000000001  c.li     x10, 0x1
#5400 0 0000000000019312 02098b63 r 0000000000000000 0000000000000000  beq      x19, x0, . + 0x36
#5401 0 0000000000019316 010a3783 r 000000000000000f 0000000000000001  ld       x15, 0x10(x20)
#5402 0 000000000001931a     9ca6 r 0000000000000019 00000000fffffddc  c.add    x25, x9
#5403 0 000000000001931c 409c0c33 r 0000000000000018 0000000000000000  sub      x24, x24, x9
#5404 0 0000000000019320 409784b3 r 0000000000000009 0000000000000000  sub      x9, x15, x9
#5405 0 0000000000019324 009a3823 m 00000000fffffd70 0000000000000000  sd       x9, 0x10(x20)
#5406 0 0000000000019328     f4c5 r 0000000000000000 0000000000000000  c.bnez   x9, . - 0x58
#5407 0 000000000001932a     4501 r 000000000000000a 0000000000000000  c.li     x10, 0x0
#5408 0 000000000001932c     60e6 r 0000000000000001 0000000000018066  c.ldsp   x1, 0x58
#5409 0 000000000001932e     6446 r 0000000000000008 000000000001c436  c.ldsp   x8, 0x50
#5410 0 0000000000019330     64a6 r 0000000000000009 0000000000000000  c.ldsp   x9, 0x48
#5411 0 0000000000019332     6906 r 0000000000000012 000000000001e848  c.ldsp   x18, 0x40
#5412 0 0000000000019334     79e2 r 0000000000000013 0000000000000001  c.ldsp   x19, 0x38
#5413 0 0000000000019336     7a42 r 0000000000000014 000000000001e260  c.ldsp   x20, 0x30
#5414 0 0000000000019338     7aa2 r 0000000000000015 00000000fffffd60  c.ldsp   x21, 0x28
#5415 0 000000000001933a     7b02 r 0000000000000016 00000000fffffde0  c.ldsp   x22, 0x20
#5416 0 000000000001933c     6be2 r 0000000000000017 0000000000000001  c.ldsp   x23, 0x18
#5417 0 000000000001933e     6c42 r 0000000000000018 fffffffffffffffe  c.ldsp   x24, 0x10
#5418 0 0000000000019340     6ca2 r 0000000000000019 00000000fffffddb  c.ldsp   x25, 0x8
#5419 0 0000000000019342     6d02 r 000000000000001a 0000000000000064  c.ldsp   x26, 0x0
#5420 0 0000000000019344     6125 r 0000000000000002 00000000fffffc00  c.addi16sp 0x6
#5421 0 0000000000019346     8082 r 0000000000000000 0000000000000000  c.jr     x1
#5422 0 0000000000018066     b7e1 r 0000000000000000 0000000000000000  c.j      . - 0x38
#5423 0 000000000001802e     60a6 r 0000000000000001 0000000000010ee0  c.ldsp   x1, 0x48
#5424 0 0000000000018030     6406 r 0000000000000008 000000000001c436  c.ldsp   x8, 0x40
#5425 0 0000000000018032 000ab823 m 00000000fffffd70 0000000000000000  sd       x0, 0x10(x21)
#5426 0 0000000000018036 000aa423 m 00000000fffffd68 0000000000000000  sw       x0, 0x8(x21)
#5427 0 000000000001803a     74e2 r 0000000000000009 0000000000000000  c.ldsp   x9, 0x38
#5428 0 000000000001803c     7942 r 0000000000000012 000000000001e848  c.ldsp   x18, 0x30
#5429 0 000000000001803e     79a2 r 0000000000000013 0000000000000001  c.ldsp   x19, 0x28
#5430 0 0000000000018040     7a02 r 0000000000000014 000000000001e260  c.ldsp   x20, 0x20
#5431 0 0000000000018042     6ae2 r 0000000000000015 0000000000000000  c.ldsp   x21, 0x18
#5432 0 0000000000018044     6b42 r 0000000000000016 00000000fffffde0  c.ldsp   x22, 0x10
#5433 0 0000000000018046     6ba2 r 0000000000000017 0000000000000001  c.ldsp   x23, 0x8
#5434 0 0000000000018048     6161 r 0000000000000002 00000000fffffc50  c.addi16sp 0x5
#5435 0 000000000001804a     8082 r 0000000000000000 0000000000000000  c.jr     x1
#5436 0 0000000000010ee0 ec050263 r 0000000000000000 0000000000000000  beq      x10, x0, . - 0x93c
#5437 0 00000000000105a4     67e2 r 000000000000000f 0000000000000000  c.ldsp   x15, 0x18
#5438 0 00000000000105a6 10012c23 m 00000000fffffd68 0000000000000000  sw       x0, 0x118(x2)
#5439 0 00000000000105aa     c789 r 0000000000000000 0000000000000000  c.beqz   x15, . + 0xa
#5440 0 00000000000105b4     835a r 0000000000000006 00000000fffffde0  c.mv     x6, x22
#5441 0 00000000000105b6     8ca2 r 0000000000000019 000000000001c436  c.mv     x25, x8
#5442 0 00000000000105b8 000cc783 r 000000000000000f 000000000000000a  lbu      x15, 0x0(x25)
#5443 0 00000000000105bc e2079fe3 r 0000000000000000 0000000000000000  bne      x15, x0, . - 0x1c2
#5444 0 00000000000103fa     8466 r 0000000000000008 000000000001c436  c.mv     x8, x25
#5445 0 00000000000103fc 02500713 r 000000000000000e 0000000000000025  addi     x14, x0, 37
#5446 0 0000000000010400 30e78363 r 0000000000000000 0000000000000000  beq      x15, x14, . + 0x306
#5447 0 0000000000010404 00144783 r 000000000000000f 0000000000000000  lbu      x15, 0x1(x8)
#5448 0 0000000000010408     0405 r 0000000000000008 000000000001c437  c.addi   x8, 0x1
#5449 0 000000000001040a     fbfd r 0000000000000000 0000000000000000  c.bnez   x15, . - 0xa
#5450 0 000000000001040c 419404bb r 0000000000000009 0000000000000001  subw     x9, x8, x25
#5451 0 0000000000010410 1a048863 r 0000000000000000 0000000000000000  beq      x9, x0, . + 0x1b0
#5452 0 0000000000010414     7712 r 000000000000000e 0000000000000000  c.ldsp   x14, 0x120
#5453 0 0000000000010416 11812783 r 000000000000000f 0000000000000000  lw       x15, 0x118(x2)
#5454 0 000000000001041a 01933023 m 00000000fffffde0 000000000001c436  sd       x25, 0x0(x6)
#5455 0 000000000001041e     9726 r 000000000000000e 0000000000000001  c.add    x14, x9
#5456 0 0000000000010420     2785 r 000000000000000f 0000000000000001  c.addiw  x15, 0x1
#5457 0 0000000000010422 00933423 m 00000000fffffde8 0000000000000001  sd       x9, 0x8(x6)
#5458 0 0000000000010426     f23a m 00000000fffffd70 0000000000000001  c.sdsp   x14, 0x120
#5459 0 0000000000010428 10f12c23 m 00000000fffffd68 0000000000000001  sw       x15, 0x118(x2)
#5460 0 000000000001042c 0007871b r 000000000000000e 0000000000000001  addiw    x14, x15, 0
#5461 0 0000000000010430     479d r 000000000000000f 0000000000000007  c.li     x15, 0x7
#5462 0 0000000000010432     0341 r 0000000000000006 00000000fffffdf0  c.addi   x6, 0x10
#5463 0 0000000000010434 2ee7c063 r 0000000000000000 0000000000000000  blt      x15, x14, . + 0x2e0
#5464 0 0000000000010438     6722 r 000000000000000e 0000000000000005  c.ldsp   x14, 0x8
#5465 0 000000000001043a 00044783 r 000000000000000f 0000000000000000  lbu      x15, 0x0(x8)
#5466 0 000000000001043e     9f25 r 000000000000000e 0000000000000006  c.addw   x14, x9
#5467 0 0000000000010440     e43a m 00000000fffffc58 0000000000000006  c.sdsp   x14, 0x8
#5468 0 0000000000010442 16078f63 r 0000000000000000 0000000000000000  beq      x15, x0, . + 0x17e
#5469 0 00000000000105c0     7792 r 000000000000000f 0000000000000001  c.ldsp   x15, 0x120
#5470 0 00000000000105c2     c399 r 0000000000000000 0000000000000000  c.beqz   x15, . + 0x6
#5471 0 00000000000105c4 2620106f r 0000000000000000 0000000000000000  j        . + 0x1262
#5472 0 0000000000011826     0a10 r 000000000000000c 00000000fffffd60  c.addi4spn  x12, 0x44
#5473 0 0000000000011828     85ca r 000000000000000b 000000000001e848  c.mv     x11, x18
#5474 0 000000000001182a     8552 r 000000000000000a 000000000001e260  c.mv     x10, x20
#5475 0 000000000001182c 03d060ef r 0000000000000001 0000000000011830  jal      x1, . + 0x683c
#5476 0 0000000000018068     6a18 r 000000000000000e 0000000000000001  c.ld     x14, 0x10(x12)
#5477 0 000000000001806a     c311 r 0000000000000000 0000000000000000  c.beqz   x14, . + 0x4
#5478 0 000000000001806c     bfa1 r 0000000000000000 0000000000000000  c.j      . - 0xa8
#5479 0 0000000000017fc4 0ac5a783 r 000000000000000f 0000000000000000  lw       x15, 0xac(x11)
#5480 0 0000000000017fc8     715d r 0000000000000002 00000000fffffc00  c.addi16sp -0x5
#5481 0 0000000000017fca     6709 r 000000000000000e 0000000000002000  c.lui    x14, 0x2
#5482 0 0000000000017fcc     ec56 m 00000000fffffc18 0000000000000000  c.sdsp   x21, 0x18
#5483 0 0000000000017fce     e486 m 00000000fffffc48 0000000000011830  c.sdsp   x1, 0x48
#5484 0 0000000000017fd0     e0a2 m 00000000fffffc40 000000000001c437  c.sdsp   x8, 0x40
#5485 0 0000000000017fd2     fc26 m 00000000fffffc38 0000000000000001  c.sdsp   x9, 0x38
#5486 0 0000000000017fd4     f84a m 00000000fffffc30 000000000001e848  c.sdsp   x18, 0x30
#5487 0 0000000000017fd6     f44e m 00000000fffffc28 0000000000000001  c.sdsp   x19, 0x28
#5488 0 0000000000017fd8     f052 m 00000000fffffc20 000000000001e260  c.sdsp   x20, 0x20
#5489 0 0000000000017fda     e85a m 00000000fffffc10 00000000fffffde0  c.sdsp   x22, 0x10
#5490 0 0000000000017fdc     e45e m 00000000fffffc08 0000000000000001  c.sdsp   x23, 0x8
#5491 0 0000000000017fde     8ff9 r 000000000000000f 0000000000000000  c.and    x15, x14
#5492 0 0000000000017fe0     8ab2 r 0000000000000015 00000000fffffd60  c.mv     x21, x12
#5493 0 0000000000017fe2     c3c1 r 0000000000000000 0000000000000000  c.beqz   x15, . + 0x80
#5494 0 0000000000018062 146010ef r 0000000000000001 0000000000018066  jal      x1, . + 0x1146
#5495 0 00000000000191a8     6a1c r 000000000000000f 0000000000000001  c.ld     x15, 0x10(x12)
#5496 0 00000000000191aa 1a078c63 r 0000000000000000 0000000000000000  beq      x15, x0, . + 0x1b8
#5497 0 00000000000191ae 0105d783 r 000000000000000f 0000000000002889  lhu      x15, 0x10(x11)
#5498 0 00000000000191b2     711d r 0000000000000002 00000000fffffba0  c.addi16sp -0x6
#5499 0 00000000000191b4     e8a2 m 00000000fffffbf0 000000000001c437  c.sdsp   x8, 0x50
#5500 0 00000000000191b6     f852 m 00000000fffffbd0 000000000001e260  c.sdsp   x20, 0x30
#5501 0 00000000000191b8     f456 m 00000000fffffbc8 00000000fffffd60  c.sdsp   x21, 0x28
#5502 0 00000000000191ba     ec86 m 00000000fffffbf8 0000000000018066  c.sdsp   x1, 0x58
#5503 0 00000000000191bc     e4a6 m 00000000fffffbe8 0000000000000001  c.sdsp   x9, 0x48
#5504 0 00000000000191be     e0ca m 00000000fffffbe0 000000000001e848  c.sdsp   x18, 0x40
#5505 0 00000000000191c0     fc4e m 00000000fffffbd8 0000000000000001  c.sdsp   x19, 0x38
#5506 0 00000000000191c2     f05a m 00000000fffffbc0 00000000fffffde0  c.sdsp   x22, 0x20
#5507 0 00000000000191c4     ec5e m 00000000fffffbb8 0000000000000001  c.sdsp   x23, 0x18
#5508 0 00000000000191c6     e862 m 00000000fffffbb0 fffffffffffffffe  c.sdsp   x24, 0x10
#5509 0 00000000000191c8     e466 m 00000000fffffba8 000000000001c436  c.sdsp   x25, 0x8
#5510 0 00000000000191ca     e06a m 00000000fffffba0 0000000000000064  c.sdsp   x26, 0x0
#5511 0 00000000000191cc 0087f713 r 000000000000000e 0000000000000008  andi     x14, x15, 8
#5512 0 00000000000191d0     8a32 r 0000000000000014 00000000fffffd60  c.mv     x20, x12
#5513 0 00000000000191d2     8aaa r 0000000000000015 000000000001e260  c.mv     x21, x10
#5514 0 00000000000191d4     842e r 0000000000000008 000000000001e848  c.mv     x8, x11
#5515 0 00000000000191d6     c325 r 0000000000000000 0000000000000000  c.beqz   x14, . + 0x60
#5516 0 00000000000191d8     6d98 r 000000000000000e 0000000000020010  c.ld     x14, 0x18(x11)
#5517 0 00000000000191da     cf31 r 0000000000000000 0000000000000000  c.beqz   x14, . + 0x5c
#5518 0 00000000000191dc 0027f713 r 000000000000000e 0000000000000000  andi     x14, x15, 2
#5519 0 00000000000191e0 000a3903 r 0000000000000012 00000000fffffde0  ld       x18, 0x0(x20)
#5520 0 00000000000191e4     c735 r 0000000000000000 0000000000000000  c.beqz   x14, . + 0x6c
#5521 0 0000000000019250 0017f713 r 000000000000000e 0000000000000001  andi     x14, x15, 1
#5522 0 0000000000019254     eb35 r 0000000000000000 0000000000000000  c.bnez   x14, . + 0x74
#5523 0 00000000000192c8     4981 r 0000000000000013 0000000000000000  c.li     x19, 0x0
#5524 0 00000000000192ca     4501 r 000000000000000a 0000000000000000  c.li     x10, 0x0
#5525 0 00000000000192cc     4c81 r 0000000000000019 0000000000000000  c.li     x25, 0x0
#5526 0 00000000000192ce     4c01 r 0000000000000018 0000000000000000  c.li     x24, 0x0
#5527 0 00000000000192d0 080c0b63 r 0000000000000000 0000000000000000  beq      x24, x0, . + 0x96
#5528 0 0000000000019366 00893c03 r 0000000000000018 0000000000000001  ld       x24, 0x8(x18)
#5529 0 000000000001936a 00093c83 r 0000000000000019 000000000001c436  ld       x25, 0x0(x18)
#5530 0 000000000001936e     0941 r 0000000000000012 00000000fffffdf0  c.addi   x18, 0x10
#5531 0 0000000000019370 fe0c0be3 r 0000000000000000 0000000000000000  beq      x24, x0, . - 0xa
#5532 0 0000000000019374     8662 r 000000000000000c 0000000000000001  c.mv     x12, x24
#5533 0 0000000000019376     45a9 r 000000000000000b 000000000000000a  c.li     x11, 0xa
#5534 0 0000000000019378     8566 r 000000000000000a 000000000001c436  c.mv     x10, x25
#5535 0 000000000001937a f7bfb0ef r 0000000000000001 000000000001937e  jal      x1, . - 0x4086
#5536 0 00000000000152f4 00757793 r 000000000000000f 0000000000000006  andi     x15, x10, 7
#5537 0 00000000000152f8 0ff5f693 r 000000000000000d 000000000000000a  andi     x13, x11, 255
#5538 0 00000000000152fc     c395 r 0000000000000000 0000000000000000  c.beqz   x15, . + 0x24
#5539 0 00000000000152fe fff60793 r 000000000000000f 0000000000000000  addi     x15, x12, -1
#5540 0 0000000000015302     c605 r 0000000000000000 0000000000000000  c.beqz   x12, . + 0x28
#5541 0 0000000000015304     567d r 000000000000000c ffffffffffffffff  c.li     x12, -0x1
#5542 0 0000000000015306     a801 r 0000000000000000 0000000000000000  c.j      . + 0x10
#5543 0 0000000000015316 00054703 r 000000000000000e 000000000000000a  lbu      x14, 0x0(x10)
#5544 0 000000000001531a fed717e3 r 0000000000000000 0000000000000000  bne      x14, x13, . - 0x12
#5545 0 000000000001531e     8082 r 0000000000000000 0000000000000000  c.jr     x1
#5546 0 000000000001937e 12050f63 r 0000000000000000 0000000000000000  beq      x10, x0, . + 0x13e
#5547 0 0000000000019382     0505 r 000000000000000a 000000000001c437  c.addi   x10, 0x1
#5548 0 0000000000019384 419509bb r 0000000000000013 0000000000000001  subw     x19, x10, x25
#5549 0 0000000000019388     b7b9 r 0000000000000000 0000000000000000  c.j      . - 0xb2
#5550 0 00000000000192d6     8bce r 0000000000000017 0000000000000001  c.mv     x23, x19
#5551 0 00000000000192d8 013c7363 r 0000000000000000 0000000000000000  bgeu     x24, x19, . + 0x6
#5552 0 00000000000192de     6008 r 000000000000000a 0000000000020015  c.ld     x10, 0x0(x8)
#5553 0 00000000000192e0     6c1c r 000000000000000f 0000000000020010  c.ld     x15, 0x18(x8)
#5554 0 00000000000192e2     5014 r 000000000000000d 0000000000000400  c.lw     x13, 0x20(x8)
#5555 0 00000000000192e4     84de r 0000000000000009 0000000000000001  c.mv     x9, x23
#5556 0 00000000000192e6 00a7f763 r 0000000000000000 0000000000000000  bgeu     x15, x10, . + 0xe
#5557 0 00000000000192ea     445c r 000000000000000f fffffffffffffffb  c.lw     x15, 0xc(x8)
#5558 0 00000000000192ec 00d78b3b r 0000000000000016 00000000000003fb  addw     x22, x15, x13
#5559 0 00000000000192f0 097b4d63 r 0000000000000000 0000000000000000  blt      x22, x23, . + 0x9a
#5560 0 00000000000192f4 18dbc463 r 0000000000000000 0000000000000000  blt      x23, x13, . + 0x188
#5561 0 000000000001947c     865e r 000000000000000c 0000000000000001  c.mv     x12, x23
#5562 0 000000000001947e     85e6 r 000000000000000b 000000000001c436  c.mv     x11, x25
#5563 0 0000000000019480 1ac000ef r 0000000000000001 0000000000019484  jal      x1, . + 0x1ac
#5564 0 000000000001962c 02a5f263 r 0000000000000000 0000000000000000  bgeu     x11, x10, . + 0x24
#5565 0 0000000000019630 00c587b3 r 000000000000000f 000000000001c437  add      x15, x11, x12
#5566 0 0000000000019634 00f57e63 r 0000000000000000 0000000000000000  bgeu     x10, x15, . + 0x1c
#5567 0 0000000000019650     47fd r 000000000000000f 000000000000001f  c.li     x15, 0x1f
#5568 0 0000000000019652 02c7e163 r 0000000000000000 0000000000000000  bltu     x15, x12, . + 0x22
#5569 0 0000000000019656     87aa r 000000000000000f 0000000000020015  c.mv     x15, x10
#5570 0 0000000000019658 fff60693 r 000000000000000d 0000000000000000  addi     x13, x12, -1
#5571 0 000000000001965c     c245 r 0000000000000000 0000000000000000  c.beqz   x12, . + 0xa0
#5572 0 000000000001965e     0685 r 000000000000000d 0000000000000001  c.addi   x13, 0x1
#5573 0 0000000000019660     96be r 000000000000000d 0000000000020016  c.add    x13, x15
#5574 0 0000000000019662 0005c703 r 000000000000000e 000000000000000a  lbu      x14, 0x0(x11)
#5575 0 0000000000019666     0785 r 000000000000000f 0000000000020016  c.addi   x15, 0x1
#5576 0 0000000000019668     0585 r 000000000000000b 000000000001c437  c.addi   x11, 0x1
#5577 0 000000000001966a fee78fa3 m 0000000000020015 000000000000000a  sb       x14, -0x1(x15)
#5578 0 000000000001966e fed79ae3 r 0000000000000000 0000000000000000  bne      x15, x13, . - 0xc
#5579 0 0000000000019672     8082 r 0000000000000000 0000000000000000  c.jr     x1
#5580 0 0000000000019484     4454 r 000000000000000d fffffffffffffffb  c.lw     x13, 0xc(x8)
#5581 0 0000000000019486     6018 r 000000000000000e 0000000000020015  c.ld     x14, 0x0(x8)
#5582 0 0000000000019488 000b879b r 000000000000000f 0000000000000001  addiw    x15, x23, 0
#5583 0 000000000001948c 417686bb r 000000000000000d fffffffffffffffa  subw     x13, x13, x23
#5584 0 0000000000019490     975e r 000000000000000e 0000000000020016  c.add    x14, x23
#5585 0 0000000000019492     c454 m 000000000001e854 00000000fffffffa  c.sw     x13, 0xc(x8)
#5586 0 0000000000019494     e018 m 000000000001e848 0000000000020016  c.sd     x14, 0x0(x8)
#5587 0 0000000000019496     bd9d r 0000000000000000 0000000000000000  c.j      . - 0x18a
#5588 0 000000000001930c 40f989bb r 0000000000000013 0000000000000000  subw     x19, x19, x15
#5589 0 0000000000019310     4505 r 000000000000000a 0000000000000001  c.li     x10, 0x1
#5590 0 0000000000019312 02098b63 r 0000000000000000 0000000000000000  beq      x19, x0, . + 0x36
#5591 0 0000000000019348     85a2 r 000000000000000b 000000000001e848  c.mv     x11, x8
#5592 0 000000000001934a     8556 r 000000000000000a 000000000001e260  c.mv     x10, x21
#5593 0 000000000001934c f0ff80ef r 0000000000000001 0000000000019350  jal      x1, . - 0x70f2
#5594 0 000000000001225a     1101 r 0000000000000002 00000000fffffb80  c.addi   x2, -0x20
#5595 0 000000000001225c     e822 m 00000000fffffb90 000000000001e848  c.sdsp   x8, 0x10
#5596 0 000000000001225e     ec06 m 00000000fffffb98 0000000000019350  c.sdsp   x1, 0x18
#5597 0 0000000000012260     842a r 0000000000000008 000000000001e260  c.mv     x8, x10
#5598 0 0000000000012262     c119 r 0000000000000000 0000000000000000  c.beqz   x10, . + 0x6
#5599 0 0000000000012264     493c r 000000000000000f 0000000000000001  c.lw     x15, 0x50(x10)
#5600 0 0000000000012266     cb89 r 0000000000000000 0000000000000000  c.beqz   x15, . + 0x12
#5601 0 0000000000012268 01059783 r 000000000000000f 0000000000002889  lh       x15, 0x10(x11)
#5602 0 000000000001226c     ef89 r 0000000000000000 0000000000000000  c.bnez   x15, . + 0x1a
#5603 0 0000000000012286     8522 r 000000000000000a 000000000001e260  c.mv     x10, x8
#5604 0 0000000000012288     6442 r 0000000000000008 000000000001e848  c.ldsp   x8, 0x10
#5605 0 000000000001228a     60e2 r 0000000000000001 0000000000019350  c.ldsp   x1, 0x18
#5606 0 000000000001228c     6105 r 0000000000000002 00000000fffffba0  c.addi16sp 0x2
#5607 0 000000000001228e     bd2d r 0000000000000000 0000000000000000  c.j      . - 0x1c6
#5608 0 00000000000120c8 01059783 r 000000000000000f 0000000000002889  lh       x15, 0x10(x11)
#5609 0 00000000000120cc     7179 r 0000000000000002 00000000fffffb70  c.addi16sp -0x3
#5610 0 00000000000120ce     f022 m 00000000fffffb90 000000000001e848  c.sdsp   x8, 0x20
#5611 0 00000000000120d0     e44e m 00000000fffffb78 0000000000000000  c.sdsp   x19, 0x8
#5612 0 00000000000120d2     f406 m 00000000fffffb98 0000000000019350  c.sdsp   x1, 0x28
#5613 0 00000000000120d4     ec26 m 00000000fffffb88 0000000000000001  c.sdsp   x9, 0x18
#5614 0 00000000000120d6     e84a m 00000000fffffb80 00000000fffffdf0  c.sdsp   x18, 0x10
#5615 0 00000000000120d8 0087f693 r 000000000000000d 0000000000000008  andi     x13, x15, 8
#5616 0 00000000000120dc     842e r 0000000000000008 000000000001e848  c.mv     x8, x11
#5617 0 00000000000120de     89aa r 0000000000000013 000000000001e260  c.mv     x19, x10
#5618 0 00000000000120e0     ead5 r 0000000000000000 0000000000000000  c.bnez   x13, . + 0xb4
#5619 0 0000000000012194 0185b903 r 0000000000000012 0000000000020010  ld       x18, 0x18(x11)
#5620 0 0000000000012198 fe0906e3 r 0000000000000000 0000000000000000  beq      x18, x0, . - 0x14
#5621 0 000000000001219c     6184 r 0000000000000009 0000000000020016  c.ld     x9, 0x0(x11)
#5622 0 000000000001219e 03079713 r 000000000000000e 2889000000000000  slli     x14, x15, 48
#5623 0 00000000000121a2     9341 r 000000000000000e 0000000000002889  c.srli   x14, 0x30
#5624 0 00000000000121a4     8b0d r 000000000000000e 0000000000000001  c.andi   x14, 0x3
#5625 0 00000000000121a6 0125b023 m 000000000001e848 0000000000020010  sd       x18, 0x0(x11)
#5626 0 00000000000121aa 412484bb r 0000000000000009 0000000000000006  subw     x9, x9, x18
#5627 0 00000000000121ae     4781 r 000000000000000f 0000000000000000  c.li     x15, 0x0
#5628 0 00000000000121b0     e311 r 0000000000000000 0000000000000000  c.bnez   x14, . + 0x4
#5629 0 00000000000121b4     c45c m 000000000001e854 0000000000000000  c.sw     x15, 0xc(x8)
#5630 0 00000000000121b6 00904663 r 0000000000000000 0000000000000000  blt      x0, x9, . + 0xc
#5631 0 00000000000121c2     603c r 000000000000000f 0000000000016190  c.ld     x15, 0x40(x8)
#5632 0 00000000000121c4     780c r 000000000000000b 000000000001e848  c.ld     x11, 0x30(x8)
#5633 0 00000000000121c6     86a6 r 000000000000000d 0000000000000006  c.mv     x13, x9
#5634 0 00000000000121c8     864a r 000000000000000c 0000000000020010  c.mv     x12, x18
#5635 0 00000000000121ca     854e r 000000000000000a 000000000001e260  c.mv     x10, x19
#5636 0 00000000000121cc     9782 r 0000000000000001 00000000000121ce  c.jalr   x15
#5637 0 0000000000016190 01059783 r 000000000000000f 0000000000002889  lh       x15, 0x10(x11)
#5638 0 0000000000016194     7179 r 0000000000000002 00000000fffffb40  c.addi16sp -0x3
#5639 0 0000000000016196     f022 m 00000000fffffb60 000000000001e848  c.sdsp   x8, 0x20
#5640 0 0000000000016198     ec26 m 00000000fffffb58 0000000000000006  c.sdsp   x9, 0x18
#5641 0 000000000001619a     e84a m 00000000fffffb50 0000000000020010  c.sdsp   x18, 0x10
#5642 0 000000000001619c     e44e m 00000000fffffb48 000000000001e260  c.sdsp   x19, 0x8
#5643 0 000000000001619e     f406 m 00000000fffffb68 00000000000121ce  c.sdsp   x1, 0x28
#5644 0 00000000000161a0 1007f713 r 000000000000000e 0000000000000000  andi     x14, x15, 256
#5645 0 00000000000161a4     842e r 0000000000000008 000000000001e848  c.mv     x8, x11
#5646 0 00000000000161a6     84aa r 0000000000000009 000000000001e260  c.mv     x9, x10
#5647 0 00000000000161a8 01259583 r 000000000000000b 0000000000000001  lh       x11, 0x12(x11)
#5648 0 00000000000161ac     8932 r 0000000000000012 0000000000020010  c.mv     x18, x12
#5649 0 00000000000161ae     89b6 r 0000000000000013 0000000000000006  c.mv     x19, x13
#5650 0 00000000000161b0     e30d r 0000000000000000 0000000000000000  c.bnez   x14, . + 0x22
#5651 0 00000000000161b2     777d r 000000000000000e fffffffffffff000  c.lui    x14, 0xfffff
#5652 0 00000000000161b4     177d r 000000000000000e ffffffffffffefff  c.addi   x14, -0x1
#5653 0 00000000000161b6     8ff9 r 000000000000000f 0000000000002889  c.and    x15, x14
#5654 0 00000000000161b8 00f41823 m 000000000001e858 0000000000002889  sh       x15, 0x10(x8)
#5655 0 00000000000161bc     7402 r 0000000000000008 000000000001e848  c.ldsp   x8, 0x20
#5656 0 00000000000161be     70a2 r 0000000000000001 00000000000121ce  c.ldsp   x1, 0x28
#5657 0 00000000000161c0     86ce r 000000000000000d 0000000000000006  c.mv     x13, x19
#5658 0 00000000000161c2     864a r 000000000000000c 0000000000020010  c.mv     x12, x18
#5659 0 00000000000161c4     69a2 r 0000000000000013 000000000001e260  c.ldsp   x19, 0x8
#5660 0 00000000000161c6     6942 r 0000000000000012 0000000000020010  c.ldsp   x18, 0x10
#5661 0 00000000000161c8     8526 r 000000000000000a 000000000001e260  c.mv     x10, x9
#5662 0 00000000000161ca     64e2 r 0000000000000009 0000000000000006  c.ldsp   x9, 0x18
#5663 0 00000000000161cc     6145 r 0000000000000002 00000000fffffb70  c.addi16sp 0x3
#5664 0 00000000000161ce 3a70206f r 0000000000000000 0000000000000000  j        . + 0x2ba6
#5665 0 0000000000018d74     1101 r 0000000000000002 00000000fffffb50  c.addi   x2, -0x20
#5666 0 0000000000018d76     872e r 000000000000000e 0000000000000001  c.mv     x14, x11
#5667 0 0000000000018d78     e822 m 00000000fffffb60 000000000001e848  c.sdsp   x8, 0x10
#5668 0 0000000000018d7a     e426 m 00000000fffffb58 0000000000000006  c.sdsp   x9, 0x8
#5669 0 0000000000018d7c     85b2 r 000000000000000b 0000000000020010  c.mv     x11, x12
#5670 0 0000000000018d7e     842a r 0000000000000008 000000000001e260  c.mv     x8, x10
#5671 0 0000000000018d80     8636 r 000000000000000c 0000000000000006  c.mv     x12, x13
#5672 0 0000000000018d82     853a r 000000000000000a 0000000000000001  c.mv     x10, x14
#5673 0 0000000000018d84     ec06 m 00000000fffffb68 00000000000121ce  c.sdsp   x1, 0x18
#5674 0 0000000000018d86 7801a823 m 000000000001f3d8 0000000000000000  sw       x0, 0x790(x3)
#5675 0 0000000000018d8a 208020ef r 0000000000000001 0000000000018d8e  jal      x1, . + 0x2208
#5676 0 000000000001af92     1141 r 0000000000000002 00000000fffffb40  c.addi   x2, -0x10
#5677 0 000000000001af94     e406 m 00000000fffffb48 0000000000018d8e  c.sdsp   x1, 0x8
#5678 0 000000000001af96     e022 m 00000000fffffb40 000000000001e260  c.sdsp   x8, 0x0
#5679 0 000000000001af98 04000893 r 0000000000000011 0000000000000040  addi     x17, x0, 64
#5680 0 000000000001af9c 00000073 r 000000000000000a 0000000000000006  ecall    
#5681 0 000000000001afa0     842a r 0000000000000008 0000000000000006  c.mv     x8, x10
#5682 0 000000000001afa2 00054763 r 0000000000000000 0000000000000000  blt      x10, x0, . + 0xe
#5683 0 000000000001afa6     60a2 r 0000000000000001 0000000000018d8e  c.ldsp   x1, 0x8
#5684 0 000000000001afa8     8522 r 000000000000000a 0000000000000006  c.mv     x10, x8
#5685 0 000000000001afaa     6402 r 0000000000000008 000000000001e260  c.ldsp   x8, 0x0
#5686 0 000000000001afac     0141 r 0000000000000002 00000000fffffb50  c.addi   x2, 0x10
#5687 0 000000000001afae     8082 r 0000000000000000 0000000000000000  c.jr     x1
#5688 0 0000000000018d8e     57fd r 000000000000000f ffffffffffffffff  c.li     x15, -0x1
#5689 0 0000000000018d90 00f50763 r 0000000000000000 0000000000000000  beq      x10, x15, . + 0xe
#5690 0 0000000000018d94     60e2 r 0000000000000001 00000000000121ce  c.ldsp   x1, 0x18
#5691 0 0000000000018d96     6442 r 0000000000000008 000000000001e848  c.ldsp   x8, 0x10
#5692 0 0000000000018d98     64a2 r 0000000000000009 0000000000000006  c.ldsp   x9, 0x8
#5693 0 0000000000018d9a     6105 r 0000000000000002 00000000fffffb70  c.addi16sp 0x2
#5694 0 0000000000018d9c     8082 r 0000000000000000 0000000000000000  c.jr     x1
#5695 0 00000000000121ce     9c89 r 0000000000000009 0000000000000000  c.subw   x9, x10
#5696 0 00000000000121d0 fea046e3 r 0000000000000000 0000000000000000  blt      x0, x10, . - 0x14
#5697 0 00000000000121bc     992a r 0000000000000012 0000000000020016  c.add    x18, x10
#5698 0 00000000000121be fc9053e3 r 0000000000000000 0000000000000000  bge      x0, x9, . - 0x3a
#5699 0 0000000000012184     4501 r 000000000000000a 0000000000000000  c.li     x10, 0x0
#5700 0 0000000000012186     70a2 r 0000000000000001 0000000000019350  c.ldsp   x1, 0x28
#5701 0 0000000000012188     7402 r 0000000000000008 000000000001e848  c.ldsp   x8, 0x20
#5702 0 000000000001218a     64e2 r 0000000000000009 0000000000000001  c.ldsp   x9, 0x18
#5703 0 000000000001218c     6942 r 0000000000000012 00000000fffffdf0  c.ldsp   x18, 0x10
#5704 0 000000000001218e     69a2 r 0000000000000013 0000000000000000  c.ldsp   x19, 0x8
#5705 0 0000000000012190     6145 r 0000000000000002 00000000fffffba0  c.addi16sp 0x3
#5706 0 0000000000012192     8082 r 0000000000000000 0000000000000000  c.jr     x1
#5707 0 0000000000019350     d179 r 0000000000000000 0000000000000000  c.beqz   x10, . - 0x3a
#5708 0 0000000000019316 010a3783 r 000000000000000f 0000000000000001  ld       x15, 0x10(x20)
#5709 0 000000000001931a     9ca6 r 0000000000000019 000000000001c437  c.add    x25, x9
#5710 0 000000000001931c 409c0c33 r 0000000000000018 0000000000000000  sub      x24, x24, x9
#5711 0 0000000000019320 409784b3 r 0000000000000009 0000000000000000  sub      x9, x15, x9
#5712 0 0000000000019324 009a3823 m 00000000fffffd70 0000000000000000  sd       x9, 0x10(x20)
#5713 0 0000000000019328     f4c5 r 0000000000000000 0000000000000000  c.bnez   x9, . - 0x58
#5714 0 000000000001932a     4501 r 000000000000000a 0000000000000000  c.li     x10, 0x0
#5715 0 000000000001932c     60e6 r 0000000000000001 0000000000018066  c.ldsp   x1, 0x58
#5716 0 000000000001932e     6446 r 0000000000000008 000000000001c437  c.ldsp   x8, 0x50
#5717 0 0000000000019330     64a6 r 0000000000000009 0000000000000001  c.ldsp   x9, 0x48
#5718 0 0000000000019332     6906 r 0000000000000012 000000000001e848  c.ldsp   x18, 0x40
#5719 0 0000000000019334     79e2 r 0000000000000013 0000000000000001  c.ldsp   x19, 0x38
#5720 0 0000000000019336     7a42 r 0000000000000014 000000000001e260  c.ldsp   x20, 0x30
#5721 0 0000000000019338     7aa2 r 0000000000000015 00000000fffffd60  c.ldsp   x21, 0x28
#5722 0 000000000001933a     7b02 r 0000000000000016 00000000fffffde0  c.ldsp   x22, 0x20
#5723 0 000000000001933c     6be2 r 0000000000000017 0000000000000001  c.ldsp   x23, 0x18
#5724 0 000000000001933e     6c42 r 0000000000000018 fffffffffffffffe  c.ldsp   x24, 0x10
#5725 0 0000000000019340     6ca2 r 0000000000000019 000000000001c436  c.ldsp   x25, 0x8
#5726 0 0000000000019342     6d02 r 000000000000001a 0000000000000064  c.ldsp   x26, 0x0
#5727 0 0000000000019344     6125 r 0000000000000002 00000000fffffc00  c.addi16sp 0x6
#5728 0 0000000000019346     8082 r 0000000000000000 0000000000000000  c.jr     x1
#5729 0 0000000000018066     b7e1 r 0000000000000000 0000000000000000  c.j      . - 0x38
#5730 0 000000000001802e     60a6 r 0000000000000001 0000000000011830  c.ldsp   x1, 0x48
#5731 0 0000000000018030     6406 r 0000000000000008 000000000001c437  c.ldsp   x8, 0x40
#5732 0 0000000000018032 000ab823 m 00000000fffffd70 0000000000000000  sd       x0, 0x10(x21)
#5733 0 0000000000018036 000aa423 m 00000000fffffd68 0000000000000000  sw       x0, 0x8(x21)
#5734 0 000000000001803a     74e2 r 0000000000000009 0000000000000001  c.ldsp   x9, 0x38
#5735 0 000000000001803c     7942 r 0000000000000012 000000000001e848  c.ldsp   x18, 0x30
#5736 0 000000000001803e     79a2 r 0000000000000013 0000000000000001  c.ldsp   x19, 0x28
#5737 0 0000000000018040     7a02 r 0000000000000014 000000000001e260  c.ldsp   x20, 0x20
#5738 0 0000000000018042     6ae2 r 0000000000000015 0000000000000000  c.ldsp   x21, 0x18
#5739 0 0000000000018044     6b42 r 0000000000000016 00000000fffffde0  c.ldsp   x22, 0x10
#5740 0 0000000000018046     6ba2 r 0000000000000017 0000000000000001  c.ldsp   x23, 0x8
#5741 0 0000000000018048     6161 r 0000000000000002 00000000fffffc50  c.addi16sp 0x5
#5742 0 000000000001804a     8082 r 0000000000000000 0000000000000000  c.jr     x1
#5743 0 0000000000011830 d99fe06f r 0000000000000000 0000000000000000  j        . - 0x1268
#5744 0 00000000000105c8 01095783 r 000000000000000f 0000000000002889  lhu      x15, 0x10(x18)
#5745 0 00000000000105cc 0407f793 r 000000000000000f 0000000000000000  andi     x15, x15, 64
#5746 0 00000000000105d0     c399 r 0000000000000000 0000000000000000  c.beqz   x15, . + 0x6
#5747 0 00000000000105d6 27813083 r 0000000000000001 000000000001030c  ld       x1, 0x278(x2)
#5748 0 00000000000105da 27013403 r 0000000000000008 00000000ffffff50  ld       x8, 0x270(x2)
#5749 0 00000000000105de     6522 r 000000000000000a 0000000000000006  c.ldsp   x10, 0x8
#5750 0 00000000000105e0 26813483 r 0000000000000009 0000000000000000  ld       x9, 0x268(x2)
#5751 0 00000000000105e4 26013903 r 0000000000000012 0000000000000000  ld       x18, 0x260(x2)
#5752 0 00000000000105e8 25813983 r 0000000000000013 0000000000000000  ld       x19, 0x258(x2)
#5753 0 00000000000105ec 25013a03 r 0000000000000014 0000000000000000  ld       x20, 0x250(x2)
#5754 0 00000000000105f0 24813a83 r 0000000000000015 0000000000000000  ld       x21, 0x248(x2)
#5755 0 00000000000105f4 24013b03 r 0000000000000016 0000000000000000  ld       x22, 0x240(x2)
#5756 0 00000000000105f8 23813b83 r 0000000000000017 0000000000000000  ld       x23, 0x238(x2)
#5757 0 00000000000105fc 23013c03 r 0000000000000018 0000000000000000  ld       x24, 0x230(x2)
#5758 0 0000000000010600 22813c83 r 0000000000000019 0000000000000000  ld       x25, 0x228(x2)
#5759 0 0000000000010604 22013d03 r 000000000000001a 0000000000000000  ld       x26, 0x220(x2)
#5760 0 0000000000010608 21813d83 r 000000000000001b 0000000000000000  ld       x27, 0x218(x2)
#5761 0 000000000001060c 28010113 r 0000000000000002 00000000fffffed0  addi     x2, x2, 640
#5762 0 0000000000010610     8082 r 0000000000000000 0000000000000000  c.jr     x1
#5763 0 000000000001030c     60e2 r 0000000000000001 000000000001016e  c.ldsp   x1, 0x18
#5764 0 000000000001030e     6125 r 0000000000000002 00000000ffffff30  c.addi16sp 0x6
#5765 0 0000000000010310     8082 r 0000000000000000 0000000000000000  c.jr     x1
#5766 0 000000000001016e fec42783 r 000000000000000f 0000000000000005  lw       x15, -0x14(x8)
#5767 0 0000000000010172     2785 r 000000000000000f 0000000000000006  c.addiw  x15, 0x1
#5768 0 0000000000010174 fef42623 m 00000000ffffff3c 0000000000000006  sw       x15, -0x14(x8)
#5769 0 0000000000010178 fec42783 r 000000000000000f 0000000000000006  lw       x15, -0x14(x8)
#5770 0 000000000001017c 0007871b r 000000000000000e 0000000000000006  addiw    x14, x15, 0
#5771 0 0000000000010180     47a5 r 000000000000000f 0000000000000009  c.li     x15, 0x9
#5772 0 0000000000010182 fce7dee3 r 0000000000000000 0000000000000000  bge      x15, x14, . - 0x24
#5773 0 000000000001015e fec42783 r 000000000000000f 0000000000000006  lw       x15, -0x14(x8)
#5774 0 0000000000010162     85be r 000000000000000b 0000000000000006  c.mv     x11, x15
#5775 0 0000000000010164     67f1 r 000000000000000f 000000000001c000  c.lui    x15, 0x1c
#5776 0 0000000000010166 43078513 r 000000000000000a 000000000001c430  addi     x10, x15, 1072
#5777 0 000000000001016a 17c000ef r 0000000000000001 000000000001016e  jal      x1, . + 0x17c
#5778 0 00000000000102e6 7581b303 r 0000000000000006 000000000001e260  ld       x6, 0x758(x3)
#5779 0 00000000000102ea     711d r 0000000000000002 00000000fffffed0  c.addi16sp -0x6
#5780 0 00000000000102ec     f832 m 00000000ffffff00 0000000000000006  c.sdsp   x12, 0x30
#5781 0 00000000000102ee     fc36 m 00000000ffffff08 0000000000000006  c.sdsp   x13, 0x38
#5782 0 00000000000102f0     f42e m 00000000fffffef8 0000000000000006  c.sdsp   x11, 0x28
#5783 0 00000000000102f2     e0ba m 00000000ffffff10 0000000000000006  c.sdsp   x14, 0x40
#5784 0 00000000000102f4     e4be m 00000000ffffff18 000000000001c000  c.sdsp   x15, 0x48
#5785 0 00000000000102f6     e8c2 m 00000000ffffff20 0000000000000000  c.sdsp   x16, 0x50
#5786 0 00000000000102f8     ecc6 m 00000000ffffff28 0000000000000040  c.sdsp   x17, 0x58
#5787 0 00000000000102fa 01033583 r 000000000000000b 000000000001e848  ld       x11, 0x10(x6)
#5788 0 00000000000102fe     1034 r 000000000000000d 00000000fffffef8  c.addi4spn  x13, 0xa
#5789 0 0000000000010300     862a r 000000000000000c 000000000001c430  c.mv     x12, x10
#5790 0 0000000000010302     851a r 000000000000000a 000000000001e260  c.mv     x10, x6
#5791 0 0000000000010304     ec06 m 00000000fffffee8 000000000001016e  c.sdsp   x1, 0x18
#5792 0 0000000000010306     e436 m 00000000fffffed8 00000000fffffef8  c.sdsp   x13, 0x8
#5793 0 0000000000010308 00a000ef r 0000000000000001 000000000001030c  jal      x1, . + 0xa
#5794 0 0000000000010312 d8010113 r 0000000000000002 00000000fffffc50  addi     x2, x2, -640
#5795 0 0000000000010316 26113c23 m 00000000fffffec8 000000000001030c  sd       x1, 0x278(x2)
#5796 0 000000000001031a 27213023 m 00000000fffffeb0 0000000000000000  sd       x18, 0x260(x2)
#5797 0 000000000001031e 25413823 m 00000000fffffea0 0000000000000000  sd       x20, 0x250(x2)
#5798 0 0000000000010322 23913423 m 00000000fffffe78 0000000000000000  sd       x25, 0x228(x2)
#5799 0 0000000000010326     892e r 0000000000000012 000000000001e848  c.mv     x18, x11
#5800 0 0000000000010328     8cb2 r 0000000000000019 000000000001c430  c.mv     x25, x12
#5801 0 000000000001032a     e836 m 00000000fffffc60 00000000fffffef8  c.sdsp   x13, 0x10
#5802 0 000000000001032c 26813823 m 00000000fffffec0 00000000ffffff50  sd       x8, 0x270(x2)
#5803 0 0000000000010330 26913423 m 00000000fffffeb8 0000000000000000  sd       x9, 0x268(x2)
#5804 0 0000000000010334 25313c23 m 00000000fffffea8 0000000000000000  sd       x19, 0x258(x2)
#5805 0 0000000000010338 25513423 m 00000000fffffe98 0000000000000000  sd       x21, 0x248(x2)
#5806 0 000000000001033c 25613023 m 00000000fffffe90 0000000000000000  sd       x22, 0x240(x2)
#5807 0 0000000000010340 23713c23 m 00000000fffffe88 0000000000000000  sd       x23, 0x238(x2)
#5808 0 0000000000010344 23813823 m 00000000fffffe80 0000000000000000  sd       x24, 0x230(x2)
#5809 0 0000000000010348 23a13023 m 00000000fffffe70 0000000000000000  sd       x26, 0x220(x2)
#5810 0 000000000001034c 21b13c23 m 00000000fffffe68 0000000000000000  sd       x27, 0x218(x2)
#5811 0 0000000000010350     8a2a r 0000000000000014 000000000001e260  c.mv     x20, x10
#5812 0 0000000000010352 6fa040ef r 0000000000000001 0000000000010356  jal      x1, . + 0x46fa
#5813 0 0000000000014a4c e6018513 r 000000000000000a 000000000001eaa8  addi     x10, x3, -416
#5814 0 0000000000014a50     8082 r 0000000000000000 0000000000000000  c.jr     x1
#5815 0 0000000000010356     611c r 000000000000000f 000000000001c980  c.ld     x15, 0x0(x10)
#5816 0 0000000000010358     853e r 000000000000000a 000000000001c980  c.mv     x10, x15
#5817 0 000000000001035a     f8be m 00000000fffffcc0 000000000001c980  c.sdsp   x15, 0x70
#5818 0 000000000001035c 058060ef r 0000000000000001 0000000000010360  jal      x1, . + 0x6058
#5819 0 00000000000163b4 00757793 r 000000000000000f 0000000000000000  andi     x15, x10, 7
#5820 0 00000000000163b8     872a r 000000000000000e 000000000001c980  c.mv     x14, x10
#5821 0 00000000000163ba     eba9 r 0000000000000000 0000000000000000  c.bnez   x15, . + 0x52
#5822 0 00000000000163bc 7401b683 r 000000000000000d 7f7f7f7f7f7f7f7f  ld       x13, 0x740(x3)
#5823 0 00000000000163c0     55fd r 000000000000000b ffffffffffffffff  c.li     x11, -0x1
#5824 0 00000000000163c2     6310 r 000000000000000c 000000000000002e  c.ld     x12, 0x0(x14)
#5825 0 00000000000163c4     0721 r 000000000000000e 000000000001c988  c.addi   x14, 0x8
#5826 0 00000000000163c6 00d677b3 r 000000000000000f 000000000000002e  and      x15, x12, x13
#5827 0 00000000000163ca     97b6 r 000000000000000f 7f7f7f7f7f7f7fad  c.add    x15, x13
#5828 0 00000000000163cc     8fd1 r 000000000000000f 7f7f7f7f7f7f7faf  c.or     x15, x12
#5829 0 00000000000163ce     8fd5 r 000000000000000f 7f7f7f7f7f7f7fff  c.or     x15, x13
#5830 0 00000000000163d0 feb789e3 r 0000000000000000 0000000000000000  beq      x15, x11, . - 0xe
#5831 0 00000000000163d4 ff874683 r 000000000000000d 000000000000002e  lbu      x13, -0x8(x14)
#5832 0 00000000000163d8 40a707b3 r 000000000000000f 0000000000000008  sub      x15, x14, x10
#5833 0 00000000000163dc     c6a9 r 0000000000000000 0000000000000000  c.beqz   x13, . + 0x4a
#5834 0 00000000000163de ff974683 r 000000000000000d 0000000000000000  lbu      x13, -0x7(x14)
#5835 0 00000000000163e2     ce9d r 0000000000000000 0000000000000000  c.beqz   x13, . + 0x3e
#5836 0 0000000000016420 ff978513 r 000000000000000a 0000000000000001  addi     x10, x15, -7
#5837 0 0000000000016424     8082 r 0000000000000000 0000000000000000  c.jr     x1
#5838 0 0000000000010360     f4aa m 00000000fffffcb8 0000000000000001  c.sdsp   x10, 0x68
#5839 0 0000000000010362     e202 m 00000000fffffd50 0000000000000000  c.sdsp   x0, 0x100
#5840 0 0000000000010364     e602 m 00000000fffffd58 0000000000000000  c.sdsp   x0, 0x108
#5841 0 0000000000010366 000a0663 r 0000000000000000 0000000000000000  beq      x20, x0, . + 0xc
#5842 0 000000000001036a 050a2783 r 000000000000000f 0000000000000001  lw       x15, 0x50(x20)
#5843 0 000000000001036e 72078963 r 0000000000000000 0000000000000000  beq      x15, x0, . + 0x732
#5844 0 0000000000010372 01091703 r 000000000000000e 0000000000002889  lh       x14, 0x10(x18)
#5845 0 0000000000010376     6689 r 000000000000000d 0000000000002000  c.lui    x13, 0x2
#5846 0 0000000000010378 03071793 r 000000000000000f 2889000000000000  slli     x15, x14, 48
#5847 0 000000000001037c     93c1 r 000000000000000f 0000000000002889  c.srli   x15, 0x30
#5848 0 000000000001037e 00d7f633 r 000000000000000c 0000000000002000  and      x12, x15, x13
#5849 0 0000000000010382     e215 r 0000000000000000 0000000000000000  c.bnez   x12, . + 0x24
#5850 0 00000000000103a6 0087f713 r 000000000000000e 0000000000000008  andi     x14, x15, 8
#5851 0 00000000000103aa 26070a63 r 0000000000000000 0000000000000000  beq      x14, x0, . + 0x274
#5852 0 00000000000103ae 01893703 r 000000000000000e 0000000000020010  ld       x14, 0x18(x18)
#5853 0 00000000000103b2 26070663 r 0000000000000000 0000000000000000  beq      x14, x0, . + 0x26c
#5854 0 00000000000103b6     8be9 r 000000000000000f 0000000000000008  c.andi   x15, 0x1a
#5855 0 00000000000103b8     4729 r 000000000000000e 000000000000000a  c.li     x14, 0xa
#5856 0 00000000000103ba 26e78f63 r 0000000000000000 0000000000000000  beq      x15, x14, . + 0x27e
#5857 0 00000000000103be     67f1 r 000000000000000f 000000000001c000  c.lui    x15, 0x1c
#5858 0 00000000000103c0 6587b783 r 000000000000000f 3ffc000000000000  ld       x15, 0x658(x15)
#5859 0 00000000000103c4 19010b13 r 0000000000000016 00000000fffffde0  addi     x22, x2, 400
#5860 0 00000000000103c8     ea5a m 00000000fffffd60 00000000fffffde0  c.sdsp   x22, 0x110
#5861 0 00000000000103ca     ed3e m 00000000fffffce8 3ffc000000000000  c.sdsp   x15, 0x98
#5862 0 00000000000103cc     67f1 r 000000000000000f 000000000001c000  c.lui    x15, 0x1c
#5863 0 00000000000103ce 6387b783 r 000000000000000f 4003000000000000  ld       x15, 0x638(x15)
#5864 0 00000000000103d2     f202 m 00000000fffffd70 0000000000000000  c.sdsp   x0, 0x120
#5865 0 00000000000103d4 10012c23 m 00000000fffffd68 0000000000000000  sw       x0, 0x118(x2)
#5866 0 00000000000103d8     e93e m 00000000fffffce0 4003000000000000  c.sdsp   x15, 0x90
#5867 0 00000000000103da     67f1 r 000000000000000f 000000000001c000  c.lui    x15, 0x1c
#5868 0 00000000000103dc 6487b783 r 000000000000000f 3ffe000000000000  ld       x15, 0x648(x15)
#5869 0 00000000000103e0     f002 m 00000000fffffc70 0000000000000000  c.sdsp   x0, 0x20
#5870 0 00000000000103e2     f402 m 00000000fffffc78 0000000000000000  c.sdsp   x0, 0x28
#5871 0 00000000000103e4     f13e m 00000000fffffcf0 3ffe000000000000  c.sdsp   x15, 0xa0
#5872 0 00000000000103e6 000cc783 r 000000000000000f 0000000000000069  lbu      x15, 0x0(x25)
#5873 0 00000000000103ea     fc82 m 00000000fffffcc8 0000000000000000  c.sdsp   x0, 0x78
#5874 0 00000000000103ec     f082 m 00000000fffffcb0 0000000000000000  c.sdsp   x0, 0x60
#5875 0 00000000000103ee     e102 m 00000000fffffcd0 0000000000000000  c.sdsp   x0, 0x80
#5876 0 00000000000103f0     e502 m 00000000fffffcd8 0000000000000000  c.sdsp   x0, 0x88
#5877 0 00000000000103f2     e402 m 00000000fffffc58 0000000000000000  c.sdsp   x0, 0x8
#5878 0 00000000000103f4     835a r 0000000000000006 00000000fffffde0  c.mv     x6, x22
#5879 0 00000000000103f6 1c078563 r 0000000000000000 0000000000000000  beq      x15, x0, . + 0x1ca
#5880 0 00000000000103fa     8466 r 0000000000000008 000000000001c430  c.mv     x8, x25
#5881 0 00000000000103fc 02500713 r 000000000000000e 0000000000000025  addi     x14, x0, 37
#5882 0 0000000000010400 30e78363 r 0000000000000000 0000000000000000  beq      x15, x14, . + 0x306
#5883 0 0000000000010404 00144783 r 000000000000000f 0000000000000020  lbu      x15, 0x1(x8)
#5884 0 0000000000010408     0405 r 0000000000000008 000000000001c431  c.addi   x8, 0x1
#5885 0 000000000001040a     fbfd r 0000000000000000 0000000000000000  c.bnez   x15, . - 0xa
#5886 0 0000000000010400 30e78363 r 0000000000000000 0000000000000000  beq      x15, x14, . + 0x306
#5887 0 0000000000010404 00144783 r 000000000000000f 000000000000003d  lbu      x15, 0x1(x8)
#5888 0 0000000000010408     0405 r 0000000000000008 000000000001c432  c.addi   x8, 0x1
#5889 0 000000000001040a     fbfd r 0000000000000000 0000000000000000  c.bnez   x15, . - 0xa
#5890 0 0000000000010400 30e78363 r 0000000000000000 0000000000000000  beq      x15, x14, . + 0x306
#5891 0 0000000000010404 00144783 r 000000000000000f 0000000000000020  lbu      x15, 0x1(x8)
#5892 0 0000000000010408     0405 r 0000000000000008 000000000001c433  c.addi   x8, 0x1
#5893 0 000000000001040a     fbfd r 0000000000000000 0000000000000000  c.bnez   x15, . - 0xa
#5894 0 0000000000010400 30e78363 r 0000000000000000 0000000000000000  beq      x15, x14, . + 0x306
#5895 0 0000000000010404 00144783 r 000000000000000f 0000000000000025  lbu      x15, 0x1(x8)
#5896 0 0000000000010408     0405 r 0000000000000008 000000000001c434  c.addi   x8, 0x1
#5897 0 000000000001040a     fbfd r 0000000000000000 0000000000000000  c.bnez   x15, . - 0xa
#5898 0 0000000000010400 30e78363 r 0000000000000000 0000000000000000  beq      x15, x14, . + 0x306
#5899 0 0000000000010706 419404bb r 0000000000000009 0000000000000004  subw     x9, x8, x25
#5900 0 000000000001070a d00495e3 r 0000000000000000 0000000000000000  bne      x9, x0, . - 0x2f6
#5901 0 0000000000010414     7712 r 000000000000000e 0000000000000000  c.ldsp   x14, 0x120
#5902 0 0000000000010416 11812783 r 000000000000000f 0000000000000000  lw       x15, 0x118(x2)
#5903 0 000000000001041a 01933023 m 00000000fffffde0 000000000001c430  sd       x25, 0x0(x6)
#5904 0 000000000001041e     9726 r 000000000000000e 0000000000000004  c.add    x14, x9
#5905 0 0000000000010420     2785 r 000000000000000f 0000000000000001  c.addiw  x15, 0x1
#5906 0 0000000000010422 00933423 m 00000000fffffde8 0000000000000004  sd       x9, 0x8(x6)
#5907 0 0000000000010426     f23a m 00000000fffffd70 0000000000000004  c.sdsp   x14, 0x120
#5908 0 0000000000010428 10f12c23 m 00000000fffffd68 0000000000000001  sw       x15, 0x118(x2)
#5909 0 000000000001042c 0007871b r 000000000000000e 0000000000000001  addiw    x14, x15, 0
#5910 0 0000000000010430     479d r 000000000000000f 0000000000000007  c.li     x15, 0x7
#5911 0 0000000000010432     0341 r 0000000000000006 00000000fffffdf0  c.addi   x6, 0x10
#5912 0 0000000000010434 2ee7c063 r 0000000000000000 0000000000000000  blt      x15, x14, . + 0x2e0
#5913 0 0000000000010438     6722 r 000000000000000e 0000000000000000  c.ldsp   x14, 0x8
#5914 0 000000000001043a 00044783 r 000000000000000f 0000000000000025  lbu      x15, 0x0(x8)
#5915 0 000000000001043e     9f25 r 000000000000000e 0000000000000004  c.addw   x14, x9
#5916 0 0000000000010440     e43a m 00000000fffffc58 0000000000000004  c.sdsp   x14, 0x8
#5917 0 0000000000010442 16078f63 r 0000000000000000 0000000000000000  beq      x15, x0, . + 0x17e
#5918 0 0000000000010446     67f1 r 000000000000000f 000000000001c000  c.lui    x15, 0x1c
#5919 0 0000000000010448 00144e03 r 000000000000001c 0000000000000064  lbu      x28, 0x1(x8)
#5920 0 000000000001044c 0c010fa3 m 00000000fffffd2f 0000000000000000  sb       x0, 0xdf(x2)
#5921 0 0000000000010450     0405 r 0000000000000008 000000000001c435  c.addi   x8, 0x1
#5922 0 0000000000010452     5c7d r 0000000000000018 ffffffffffffffff  c.li     x24, -0x1
#5923 0 0000000000010454     4a81 r 0000000000000015 0000000000000000  c.li     x21, 0x0
#5924 0 0000000000010456     4481 r 0000000000000009 0000000000000000  c.li     x9, 0x0
#5925 0 0000000000010458 05a00993 r 0000000000000013 000000000000005a  addi     x19, x0, 90
#5926 0 000000000001045c 49878b93 r 0000000000000017 000000000001c498  addi     x23, x15, 1176
#5927 0 0000000000010460     4da5 r 000000000000001b 0000000000000009  c.li     x27, 0x9
#5928 0 0000000000010462     0405 r 0000000000000008 000000000001c436  c.addi   x8, 0x1
#5929 0 0000000000010464 000e0d1b r 000000000000001a 0000000000000064  addiw    x26, x28, 0
#5930 0 0000000000010468 02a00613 r 000000000000000c 000000000000002a  addi     x12, x0, 42
#5931 0 000000000001046c fe0d079b r 000000000000000f 0000000000000044  addiw    x15, x26, -32
#5932 0 0000000000010470 0007871b r 000000000000000e 0000000000000044  addiw    x14, x15, 0
#5933 0 0000000000010474 04e9e363 r 0000000000000000 0000000000000000  bltu     x19, x14, . + 0x46
#5934 0 0000000000010478 02079713 r 000000000000000e 0000004400000000  slli     x14, x15, 32
#5935 0 000000000001047c 01e75793 r 000000000000000f 0000000000000110  srli     x15, x14, 30
#5936 0 0000000000010480     97de r 000000000000000f 000000000001c5a8  c.add    x15, x23
#5937 0 0000000000010482     439c r 000000000000000f 0000000000010656  c.lw     x15, 0x0(x15)
#5938 0 0000000000010484     8782 r 0000000000000000 0000000000000000  c.jr     x15
#5939 0 0000000000010656     66c2 r 000000000000000d 00000000fffffef8  c.ldsp   x13, 0x10
#5940 0 0000000000010658 0204f793 r 000000000000000f 0000000000000000  andi     x15, x9, 32
#5941 0 000000000001065c 00868713 r 000000000000000e 00000000ffffff00  addi     x14, x13, 8
#5942 0 0000000000010660 3c078163 r 0000000000000000 0000000000000000  beq      x15, x0, . + 0x3c2
#5943 0 0000000000010a22 0104f793 r 000000000000000f 0000000000000000  andi     x15, x9, 16
#5944 0 0000000000010a26 7e079f63 r 0000000000000000 0000000000000000  bne      x15, x0, . + 0x7fe
#5945 0 0000000000010a2a 0404f793 r 000000000000000f 0000000000000000  andi     x15, x9, 64
#5946 0 0000000000010a2e 380788e3 r 0000000000000000 0000000000000000  beq      x15, x0, . + 0xb90
#5947 0 00000000000115be 2004f793 r 000000000000000f 0000000000000000  andi     x15, x9, 512
#5948 0 00000000000115c2 24078163 r 0000000000000000 0000000000000000  beq      x15, x0, . + 0x242
#5949 0 0000000000011804     67c2 r 000000000000000f 00000000fffffef8  c.ldsp   x15, 0x10
#5950 0 0000000000011806 0007a983 r 0000000000000013 0000000000000006  lw       x19, 0x0(x15)
#5951 0 000000000001180a     87ce r 000000000000000f 0000000000000006  c.mv     x15, x19
#5952 0 000000000001180c e5dfe06f r 0000000000000000 0000000000000000  j        . - 0x11a4
#5953 0 0000000000010668 3c07cb63 r 0000000000000000 0000000000000000  blt      x15, x0, . + 0x3d6
#5954 0 000000000001066c     57fd r 000000000000000f ffffffffffffffff  c.li     x15, -0x1
#5955 0 000000000001066e 3efc00e3 r 0000000000000000 0000000000000000  beq      x24, x15, . + 0xbe0
#5956 0 000000000001124e     e83a m 00000000fffffc60 00000000ffffff00  c.sdsp   x14, 0x10
#5957 0 0000000000011250     47a5 r 000000000000000f 0000000000000009  c.li     x15, 0x9
#5958 0 0000000000011252     8da6 r 000000000000001b 0000000000000000  c.mv     x27, x9
#5959 0 0000000000011254 cb37f8e3 r 0000000000000000 0000000000000000  bgeu     x15, x19, . - 0x350
#5960 0 0000000000010f04 0309899b r 0000000000000013 0000000000000036  addiw    x19, x19, 48
#5961 0 0000000000010f08 193105a3 m 00000000fffffddb 0000000000000036  sb       x19, 0x18b(x2)
#5962 0 0000000000010f0c     84ee r 0000000000000009 0000000000000000  c.mv     x9, x27
#5963 0 0000000000010f0e     4b85 r 0000000000000017 0000000000000001  c.li     x23, 0x1
#5964 0 0000000000010f10 18b10c93 r 0000000000000019 00000000fffffddb  addi     x25, x2, 395
#5965 0 0000000000010f14 f7aff06f r 0000000000000000 0000000000000000  j        . - 0x886
#5966 0 000000000001068e 0df14783 r 000000000000000f 0000000000000000  lbu      x15, 0xdf(x2)
#5967 0 0000000000010692 000b899b r 0000000000000013 0000000000000001  addiw    x19, x23, 0
#5968 0 0000000000010696 018bd463 r 0000000000000000 0000000000000000  bge      x23, x24, . + 0x8
#5969 0 000000000001069e     ec02 m 00000000fffffc68 0000000000000000  c.sdsp   x0, 0x18
#5970 0 00000000000106a0     e482 m 00000000fffffc98 0000000000000000  c.sdsp   x0, 0x48
#5971 0 00000000000106a2     ec82 m 00000000fffffca8 0000000000000000  c.sdsp   x0, 0x58
#5972 0 00000000000106a4     e882 m 00000000fffffca0 0000000000000000  c.sdsp   x0, 0x50
#5973 0 00000000000106a6 e20789e3 r 0000000000000000 0000000000000000  beq      x15, x0, . - 0x1ce
#5974 0 00000000000104d8 0024f293 r 0000000000000005 0000000000000000  andi     x5, x9, 2
#5975 0 00000000000104dc 00028363 r 0000000000000000 0000000000000000  beq      x5, x0, . + 0x6
#5976 0 00000000000104e2 0844fd93 r 000000000000001b 0000000000000000  andi     x27, x9, 132
#5977 0 00000000000104e6     7792 r 000000000000000f 0000000000000004  c.ldsp   x15, 0x120
#5978 0 00000000000104e8 000d9663 r 0000000000000000 0000000000000000  bne      x27, x0, . + 0xc
#5979 0 00000000000104ec 413a86bb r 000000000000000d ffffffffffffffff  subw     x13, x21, x19
#5980 0 00000000000104f0 22d044e3 r 0000000000000000 0000000000000000  blt      x0, x13, . + 0xa28
#5981 0 00000000000104f4 0df14703 r 000000000000000e 0000000000000000  lbu      x14, 0xdf(x2)
#5982 0 00000000000104f8     c70d r 0000000000000000 0000000000000000  c.beqz   x14, . + 0x2a
#5983 0 0000000000010522 02028563 r 0000000000000000 0000000000000000  beq      x5, x0, . + 0x2a
#5984 0 000000000001054c 08000713 r 000000000000000e 0000000000000080  addi     x14, x0, 128
#5985 0 0000000000010550 06ed8ae3 r 0000000000000000 0000000000000000  beq      x27, x14, . + 0x874
#5986 0 0000000000010554 417c0c3b r 0000000000000018 fffffffffffffffe  subw     x24, x24, x23
#5987 0 0000000000010558 0f804ee3 r 0000000000000000 0000000000000000  blt      x0, x24, . + 0x8fc
#5988 0 000000000001055c 1004f713 r 000000000000000e 0000000000000000  andi     x14, x9, 256
#5989 0 0000000000010560 78071b63 r 0000000000000000 0000000000000000  bne      x14, x0, . + 0x796
#5990 0 0000000000010564 11812703 r 000000000000000e 0000000000000001  lw       x14, 0x118(x2)
#5991 0 0000000000010568     97de r 000000000000000f 0000000000000005  c.add    x15, x23
#5992 0 000000000001056a 01933023 m 00000000fffffdf0 00000000fffffddb  sd       x25, 0x0(x6)
#5993 0 000000000001056e 0017069b r 000000000000000d 0000000000000002  addiw    x13, x14, 1
#5994 0 0000000000010572     8736 r 000000000000000e 0000000000000002  c.mv     x14, x13
#5995 0 0000000000010574 01733423 m 00000000fffffdf8 0000000000000001  sd       x23, 0x8(x6)
#5996 0 0000000000010578 10e12c23 m 00000000fffffd68 0000000000000002  sw       x14, 0x118(x2)
#5997 0 000000000001057c     f23e m 00000000fffffd70 0000000000000005  c.sdsp   x15, 0x120
#5998 0 000000000001057e     471d r 000000000000000e 0000000000000007  c.li     x14, 0x7
#5999 0 0000000000010580 46d74863 r 0000000000000000 0000000000000000  blt      x14, x13, . + 0x470
#6000 0 0000000000010584     0341 r 0000000000000006 00000000fffffe00  c.addi   x6, 0x10
#6001 0 0000000000010586     8891 r 0000000000000009 0000000000000000  c.andi   x9, 0x4
#6002 0 0000000000010588     c489 r 0000000000000000 0000000000000000  c.beqz   x9, . + 0xa
#6003 0 0000000000010592     8756 r 000000000000000e 0000000000000000  c.mv     x14, x21
#6004 0 0000000000010594 013ad363 r 0000000000000000 0000000000000000  bge      x21, x19, . + 0x6
#6005 0 0000000000010598     874e r 000000000000000e 0000000000000001  c.mv     x14, x19
#6006 0 000000000001059a     66a2 r 000000000000000d 0000000000000004  c.ldsp   x13, 0x8
#6007 0 000000000001059c     9f35 r 000000000000000e 0000000000000005  c.addw   x14, x13
#6008 0 000000000001059e     e43a m 00000000fffffc58 0000000000000005  c.sdsp   x14, 0x8
#6009 0 00000000000105a0 12079be3 r 0000000000000000 0000000000000000  bne      x15, x0, . + 0x936
#6010 0 0000000000010ed6     0a10 r 000000000000000c 00000000fffffd60  c.addi4spn  x12, 0x44
#6011 0 0000000000010ed8     85ca r 000000000000000b 000000000001e848  c.mv     x11, x18
#6012 0 0000000000010eda     8552 r 000000000000000a 000000000001e260  c.mv     x10, x20
#6013 0 0000000000010edc 18c070ef r 0000000000000001 0000000000010ee0  jal      x1, . + 0x718c
#6014 0 0000000000018068     6a18 r 000000000000000e 0000000000000005  c.ld     x14, 0x10(x12)
#6015 0 000000000001806a     c311 r 0000000000000000 0000000000000000  c.beqz   x14, . + 0x4
#6016 0 000000000001806c     bfa1 r 0000000000000000 0000000000000000  c.j      . - 0xa8
#6017 0 0000000000017fc4 0ac5a783 r 000000000000000f 0000000000000000  lw       x15, 0xac(x11)
#6018 0 0000000000017fc8     715d r 0000000000000002 00000000fffffc00  c.addi16sp -0x5
#6019 0 0000000000017fca     6709 r 000000000000000e 0000000000002000  c.lui    x14, 0x2
#6020 0 0000000000017fcc     ec56 m 00000000fffffc18 0000000000000000  c.sdsp   x21, 0x18
#6021 0 0000000000017fce     e486 m 00000000fffffc48 0000000000010ee0  c.sdsp   x1, 0x48
#6022 0 0000000000017fd0     e0a2 m 00000000fffffc40 000000000001c436  c.sdsp   x8, 0x40
#6023 0 0000000000017fd2     fc26 m 00000000fffffc38 0000000000000000  c.sdsp   x9, 0x38
#6024 0 0000000000017fd4     f84a m 00000000fffffc30 000000000001e848  c.sdsp   x18, 0x30
#6025 0 0000000000017fd6     f44e m 00000000fffffc28 0000000000000001  c.sdsp   x19, 0x28
#6026 0 0000000000017fd8     f052 m 00000000fffffc20 000000000001e260  c.sdsp   x20, 0x20
#6027 0 0000000000017fda     e85a m 00000000fffffc10 00000000fffffde0  c.sdsp   x22, 0x10
#6028 0 0000000000017fdc     e45e m 00000000fffffc08 0000000000000001  c.sdsp   x23, 0x8
#6029 0 0000000000017fde     8ff9 r 000000000000000f 0000000000000000  c.and    x15, x14
#6030 0 0000000000017fe0     8ab2 r 0000000000000015 00000000fffffd60  c.mv     x21, x12
#6031 0 0000000000017fe2     c3c1 r 0000000000000000 0000000000000000  c.beqz   x15, . + 0x80
#6032 0 0000000000018062 146010ef r 0000000000000001 0000000000018066  jal      x1, . + 0x1146
#6033 0 00000000000191a8     6a1c r 000000000000000f 0000000000000005  c.ld     x15, 0x10(x12)
#6034 0 00000000000191aa 1a078c63 r 0000000000000000 0000000000000000  beq      x15, x0, . + 0x1b8
#6035 0 00000000000191ae 0105d783 r 000000000000000f 0000000000002889  lhu      x15, 0x10(x11)
#6036 0 00000000000191b2     711d r 0000000000000002 00000000fffffba0  c.addi16sp -0x6
#6037 0 00000000000191b4     e8a2 m 00000000fffffbf0 000000000001c436  c.sdsp   x8, 0x50
#6038 0 00000000000191b6     f852 m 00000000fffffbd0 000000000001e260  c.sdsp   x20, 0x30
#6039 0 00000000000191b8     f456 m 00000000fffffbc8 00000000fffffd60  c.sdsp   x21, 0x28
#6040 0 00000000000191ba     ec86 m 00000000fffffbf8 0000000000018066  c.sdsp   x1, 0x58
#6041 0 00000000000191bc     e4a6 m 00000000fffffbe8 0000000000000000  c.sdsp   x9, 0x48
#6042 0 00000000000191be     e0ca m 00000000fffffbe0 000000000001e848  c.sdsp   x18, 0x40
#6043 0 00000000000191c0     fc4e m 00000000fffffbd8 0000000000000001  c.sdsp   x19, 0x38
#6044 0 00000000000191c2     f05a m 00000000fffffbc0 00000000fffffde0  c.sdsp   x22, 0x20
#6045 0 00000000000191c4     ec5e m 00000000fffffbb8 0000000000000001  c.sdsp   x23, 0x18
#6046 0 00000000000191c6     e862 m 00000000fffffbb0 fffffffffffffffe  c.sdsp   x24, 0x10
#6047 0 00000000000191c8     e466 m 00000000fffffba8 00000000fffffddb  c.sdsp   x25, 0x8
#6048 0 00000000000191ca     e06a m 00000000fffffba0 0000000000000064  c.sdsp   x26, 0x0
#6049 0 00000000000191cc 0087f713 r 000000000000000e 0000000000000008  andi     x14, x15, 8
#6050 0 00000000000191d0     8a32 r 0000000000000014 00000000fffffd60  c.mv     x20, x12
#6051 0 00000000000191d2     8aaa r 0000000000000015 000000000001e260  c.mv     x21, x10
#6052 0 00000000000191d4     842e r 0000000000000008 000000000001e848  c.mv     x8, x11
#6053 0 00000000000191d6     c325 r 0000000000000000 0000000000000000  c.beqz   x14, . + 0x60
#6054 0 00000000000191d8     6d98 r 000000000000000e 0000000000020010  c.ld     x14, 0x18(x11)
#6055 0 00000000000191da     cf31 r 0000000000000000 0000000000000000  c.beqz   x14, . + 0x5c
#6056 0 00000000000191dc 0027f713 r 000000000000000e 0000000000000000  andi     x14, x15, 2
#6057 0 00000000000191e0 000a3903 r 0000000000000012 00000000fffffde0  ld       x18, 0x0(x20)
#6058 0 00000000000191e4     c735 r 0000000000000000 0000000000000000  c.beqz   x14, . + 0x6c
#6059 0 0000000000019250 0017f713 r 000000000000000e 0000000000000001  andi     x14, x15, 1
#6060 0 0000000000019254     eb35 r 0000000000000000 0000000000000000  c.bnez   x14, . + 0x74
#6061 0 00000000000192c8     4981 r 0000000000000013 0000000000000000  c.li     x19, 0x0
#6062 0 00000000000192ca     4501 r 000000000000000a 0000000000000000  c.li     x10, 0x0
#6063 0 00000000000192cc     4c81 r 0000000000000019 0000000000000000  c.li     x25, 0x0
#6064 0 00000000000192ce     4c01 r 0000000000000018 0000000000000000  c.li     x24, 0x0
#6065 0 00000000000192d0 080c0b63 r 0000000000000000 0000000000000000  beq      x24, x0, . + 0x96
#6066 0 0000000000019366 00893c03 r 0000000000000018 0000000000000004  ld       x24, 0x8(x18)
#6067 0 000000000001936a 00093c83 r 0000000000000019 000000000001c430  ld       x25, 0x0(x18)
#6068 0 000000000001936e     0941 r 0000000000000012 00000000fffffdf0  c.addi   x18, 0x10
#6069 0 0000000000019370 fe0c0be3 r 0000000000000000 0000000000000000  beq      x24, x0, . - 0xa
#6070 0 0000000000019374     8662 r 000000000000000c 0000000000000004  c.mv     x12, x24
#6071 0 0000000000019376     45a9 r 000000000000000b 000000000000000a  c.li     x11, 0xa
#6072 0 0000000000019378     8566 r 000000000000000a 000000000001c430  c.mv     x10, x25
#6073 0 000000000001937a f7bfb0ef r 0000000000000001 000000000001937e  jal      x1, . - 0x4086
#6074 0 00000000000152f4 00757793 r 000000000000000f 0000000000000000  andi     x15, x10, 7
#6075 0 00000000000152f8 0ff5f693 r 000000000000000d 000000000000000a  andi     x13, x11, 255
#6076 0 00000000000152fc     c395 r 0000000000000000 0000000000000000  c.beqz   x15, . + 0x24
#6077 0 0000000000015320     87b2 r 000000000000000f 0000000000000004  c.mv     x15, x12
#6078 0 0000000000015322     471d r 000000000000000e 0000000000000007  c.li     x14, 0x7
#6079 0 0000000000015324 00f76f63 r 0000000000000000 0000000000000000  bltu     x14, x15, . + 0x1e
#6080 0 0000000000015328     e399 r 0000000000000000 0000000000000000  c.bnez   x15, . + 0x6
#6081 0 000000000001532e     97aa r 000000000000000f 000000000001c434  c.add    x15, x10
#6082 0 0000000000015330     a021 r 0000000000000000 0000000000000000  c.j      . + 0x8
#6083 0 0000000000015338 00054703 r 000000000000000e 0000000000000069  lbu      x14, 0x0(x10)
#6084 0 000000000001533c fed71be3 r 0000000000000000 0000000000000000  bne      x14, x13, . - 0xa
#6085 0 0000000000015332     0505 r 000000000000000a 000000000001c431  c.addi   x10, 0x1
#6086 0 0000000000015334 fea78be3 r 0000000000000000 0000000000000000  beq      x15, x10, . - 0xa
#6087 0 0000000000015338 00054703 r 000000000000000e 0000000000000020  lbu      x14, 0x0(x10)
#6088 0 000000000001533c fed71be3 r 0000000000000000 0000000000000000  bne      x14, x13, . - 0xa
#6089 0 0000000000015332     0505 r 000000000000000a 000000000001c432  c.addi   x10, 0x1
#6090 0 0000000000015334 fea78be3 r 0000000000000000 0000000000000000  beq      x15, x10, . - 0xa
#6091 0 0000000000015338 00054703 r 000000000000000e 000000000000003d  lbu      x14, 0x0(x10)
#6092 0 000000000001533c fed71be3 r 0000000000000000 0000000000000000  bne      x14, x13, . - 0xa
#6093 0 0000000000015332     0505 r 000000000000000a 000000000001c433  c.addi   x10, 0x1
#6094 0 0000000000015334 fea78be3 r 0000000000000000 0000000000000000  beq      x15, x10, . - 0xa
#6095 0 0000000000015338 00054703 r 000000000000000e 0000000000000020  lbu      x14, 0x0(x10)
#6096 0 000000000001533c fed71be3 r 0000000000000000 0000000000000000  bne      x14, x13, . - 0xa
#6097 0 0000000000015332     0505 r 000000000000000a 000000000001c434  c.addi   x10, 0x1
#6098 0 0000000000015334 fea78be3 r 0000000000000000 0000000000000000  beq      x15, x10, . - 0xa
#6099 0 000000000001532a     4501 r 000000000000000a 0000000000000000  c.li     x10, 0x0
#6100 0 000000000001532c     8082 r 0000000000000000 0000000000000000  c.jr     x1
#6101 0 000000000001937e 12050f63 r 0000000000000000 0000000000000000  beq      x10, x0, . + 0x13e
#6102 0 00000000000194bc 001c099b r 0000000000000013 0000000000000005  addiw    x19, x24, 1
#6103 0 00000000000194c0     bd19 r 0000000000000000 0000000000000000  c.j      . - 0x1ea
#6104 0 00000000000192d6     8bce r 0000000000000017 0000000000000005  c.mv     x23, x19
#6105 0 00000000000192d8 013c7363 r 0000000000000000 0000000000000000  bgeu     x24, x19, . + 0x6
#6106 0 00000000000192dc     8be2 r 0000000000000017 0000000000000004  c.mv     x23, x24
#6107 0 00000000000192de     6008 r 000000000000000a 0000000000020010  c.ld     x10, 0x0(x8)
#6108 0 00000000000192e0     6c1c r 000000000000000f 0000000000020010  c.ld     x15, 0x18(x8)
#6109 0 00000000000192e2     5014 r 000000000000000d 0000000000000400  c.lw     x13, 0x20(x8)
#6110 0 00000000000192e4     84de r 0000000000000009 0000000000000004  c.mv     x9, x23
#6111 0 00000000000192e6 00a7f763 r 0000000000000000 0000000000000000  bgeu     x15, x10, . + 0xe
#6112 0 00000000000192f4 18dbc463 r 0000000000000000 0000000000000000  blt      x23, x13, . + 0x188
#6113 0 000000000001947c     865e r 000000000000000c 0000000000000004  c.mv     x12, x23
#6114 0 000000000001947e     85e6 r 000000000000000b 000000000001c430  c.mv     x11, x25
#6115 0 0000000000019480 1ac000ef r 0000000000000001 0000000000019484  jal      x1, . + 0x1ac
#6116 0 000000000001962c 02a5f263 r 0000000000000000 0000000000000000  bgeu     x11, x10, . + 0x24
#6117 0 0000000000019630 00c587b3 r 000000000000000f 000000000001c434  add      x15, x11, x12
#6118 0 0000000000019634 00f57e63 r 0000000000000000 0000000000000000  bgeu     x10, x15, . + 0x1c
#6119 0 0000000000019650     47fd r 000000000000000f 000000000000001f  c.li     x15, 0x1f
#6120 0 0000000000019652 02c7e163 r 0000000000000000 0000000000000000  bltu     x15, x12, . + 0x22
#6121 0 0000000000019656     87aa r 000000000000000f 0000000000020010  c.mv     x15, x10
#6122 0 0000000000019658 fff60693 r 000000000000000d 0000000000000003  addi     x13, x12, -1
#6123 0 000000000001965c     c245 r 0000000000000000 0000000000000000  c.beqz   x12, . + 0xa0
#6124 0 000000000001965e     0685 r 000000000000000d 0000000000000004  c.addi   x13, 0x1
#6125 0 0000000000019660     96be r 000000000000000d 0000000000020014  c.add    x13, x15
#6126 0 0000000000019662 0005c703 r 000000000000000e 0000000000000069  lbu      x14, 0x0(x11)
#6127 0 0000000000019666     0785 r 000000000000000f 0000000000020011  c.addi   x15, 0x1
#6128 0 0000000000019668     0585 r 000000000000000b 000000000001c431  c.addi   x11, 0x1
#6129 0 000000000001966a fee78fa3 m 0000000000020010 0000000000000069  sb       x14, -0x1(x15)
#6130 0 000000000001966e fed79ae3 r 0000000000000000 0000000000000000  bne      x15, x13, . - 0xc
#6131 0 0000000000019662 0005c703 r 000000000000000e 0000000000000020  lbu      x14, 0x0(x11)
#6132 0 0000000000019666     0785 r 000000000000000f 0000000000020012  c.addi   x15, 0x1
#6133 0 0000000000019668     0585 r 000000000000000b 000000000001c432  c.addi   x11, 0x1
#6134 0 000000000001966a fee78fa3 m 0000000000020011 0000000000000020  sb       x14, -0x1(x15)
#6135 0 000000000001966e fed79ae3 r 0000000000000000 0000000000000000  bne      x15, x13, . - 0xc
#6136 0 0000000000019662 0005c703 r 000000000000000e 000000000000003d  lbu      x14, 0x0(x11)
#6137 0 0000000000019666     0785 r 000000000000000f 0000000000020013  c.addi   x15, 0x1
#6138 0 0000000000019668     0585 r 000000000000000b 000000000001c433  c.addi   x11, 0x1
#6139 0 000000000001966a fee78fa3 m 0000000000020012 000000000000003d  sb       x14, -0x1(x15)
#6140 0 000000000001966e fed79ae3 r 0000000000000000 0000000000000000  bne      x15, x13, . - 0xc
#6141 0 0000000000019662 0005c703 r 000000000000000e 0000000000000020  lbu      x14, 0x0(x11)
#6142 0 0000000000019666     0785 r 000000000000000f 0000000000020014  c.addi   x15, 0x1
#6143 0 0000000000019668     0585 r 000000000000000b 000000000001c434  c.addi   x11, 0x1
#6144 0 000000000001966a fee78fa3 m 0000000000020013 0000000000000020  sb       x14, -0x1(x15)
#6145 0 000000000001966e fed79ae3 r 0000000000000000 0000000000000000  bne      x15, x13, . - 0xc
#6146 0 0000000000019672     8082 r 0000000000000000 0000000000000000  c.jr     x1
#6147 0 0000000000019484     4454 r 000000000000000d 0000000000000000  c.lw     x13, 0xc(x8)
#6148 0 0000000000019486     6018 r 000000000000000e 0000000000020010  c.ld     x14, 0x0(x8)
#6149 0 0000000000019488 000b879b r 000000000000000f 0000000000000004  addiw    x15, x23, 0
#6150 0 000000000001948c 417686bb r 000000000000000d fffffffffffffffc  subw     x13, x13, x23
#6151 0 0000000000019490     975e r 000000000000000e 0000000000020014  c.add    x14, x23
#6152 0 0000000000019492     c454 m 000000000001e854 00000000fffffffc  c.sw     x13, 0xc(x8)
#6153 0 0000000000019494     e018 m 000000000001e848 0000000000020014  c.sd     x14, 0x0(x8)
#6154 0 0000000000019496     bd9d r 0000000000000000 0000000000000000  c.j      . - 0x18a
#6155 0 000000000001930c 40f989bb r 0000000000000013 0000000000000001  subw     x19, x19, x15
#6156 0 0000000000019310     4505 r 000000000000000a 0000000000000001  c.li     x10, 0x1
#6157 0 0000000000019312 02098b63 r 0000000000000000 0000000000000000  beq      x19, x0, . + 0x36
#6158 0 0000000000019316 010a3783 r 000000000000000f 0000000000000005  ld       x15, 0x10(x20)
#6159 0 000000000001931a     9ca6 r 0000000000000019 000000000001c434  c.add    x25, x9
#6160 0 000000000001931c 409c0c33 r 0000000000000018 0000000000000000  sub      x24, x24, x9
#6161 0 0000000000019320 409784b3 r 0000000000000009 0000000000000001  sub      x9, x15, x9
#6162 0 0000000000019324 009a3823 m 00000000fffffd70 0000000000000001  sd       x9, 0x10(x20)
#6163 0 0000000000019328     f4c5 r 0000000000000000 0000000000000000  c.bnez   x9, . - 0x58
#6164 0 00000000000192d0 080c0b63 r 0000000000000000 0000000000000000  beq      x24, x0, . + 0x96
#6165 0 0000000000019366 00893c03 r 0000000000000018 0000000000000001  ld       x24, 0x8(x18)
#6166 0 000000000001936a 00093c83 r 0000000000000019 00000000fffffddb  ld       x25, 0x0(x18)
#6167 0 000000000001936e     0941 r 0000000000000012 00000000fffffe00  c.addi   x18, 0x10
#6168 0 0000000000019370 fe0c0be3 r 0000000000000000 0000000000000000  beq      x24, x0, . - 0xa
#6169 0 0000000000019374     8662 r 000000000000000c 0000000000000001  c.mv     x12, x24
#6170 0 0000000000019376     45a9 r 000000000000000b 000000000000000a  c.li     x11, 0xa
#6171 0 0000000000019378     8566 r 000000000000000a 00000000fffffddb  c.mv     x10, x25
#6172 0 000000000001937a f7bfb0ef r 0000000000000001 000000000001937e  jal      x1, . - 0x4086
#6173 0 00000000000152f4 00757793 r 000000000000000f 0000000000000003  andi     x15, x10, 7
#6174 0 00000000000152f8 0ff5f693 r 000000000000000d 000000000000000a  andi     x13, x11, 255
#6175 0 00000000000152fc     c395 r 0000000000000000 0000000000000000  c.beqz   x15, . + 0x24
#6176 0 00000000000152fe fff60793 r 000000000000000f 0000000000000000  addi     x15, x12, -1
#6177 0 0000000000015302     c605 r 0000000000000000 0000000000000000  c.beqz   x12, . + 0x28
#6178 0 0000000000015304     567d r 000000000000000c ffffffffffffffff  c.li     x12, -0x1
#6179 0 0000000000015306     a801 r 0000000000000000 0000000000000000  c.j      . + 0x10
#6180 0 0000000000015316 00054703 r 000000000000000e 0000000000000036  lbu      x14, 0x0(x10)
#6181 0 000000000001531a fed717e3 r 0000000000000000 0000000000000000  bne      x14, x13, . - 0x12
#6182 0 0000000000015308     0505 r 000000000000000a 00000000fffffddc  c.addi   x10, 0x1
#6183 0 000000000001530a 00757713 r 000000000000000e 0000000000000004  andi     x14, x10, 7
#6184 0 000000000001530e     cb11 r 0000000000000000 0000000000000000  c.beqz   x14, . + 0x14
#6185 0 0000000000015310     17fd r 000000000000000f ffffffffffffffff  c.addi   x15, -0x1
#6186 0 0000000000015312 00c78c63 r 0000000000000000 0000000000000000  beq      x15, x12, . + 0x18
#6187 0 000000000001532a     4501 r 000000000000000a 0000000000000000  c.li     x10, 0x0
#6188 0 000000000001532c     8082 r 0000000000000000 0000000000000000  c.jr     x1
#6189 0 000000000001937e 12050f63 r 0000000000000000 0000000000000000  beq      x10, x0, . + 0x13e
#6190 0 00000000000194bc 001c099b r 0000000000000013 0000000000000002  addiw    x19, x24, 1
#6191 0 00000000000194c0     bd19 r 0000000000000000 0000000000000000  c.j      . - 0x1ea
#6192 0 00000000000192d6     8bce r 0000000000000017 0000000000000002  c.mv     x23, x19
#6193 0 00000000000192d8 013c7363 r 0000000000000000 0000000000000000  bgeu     x24, x19, . + 0x6
#6194 0 00000000000192dc     8be2 r 0000000000000017 0000000000000001  c.mv     x23, x24
#6195 0 00000000000192de     6008 r 000000000000000a 0000000000020014  c.ld     x10, 0x0(x8)
#6196 0 00000000000192e0     6c1c r 000000000000000f 0000000000020010  c.ld     x15, 0x18(x8)
#6197 0 00000000000192e2     5014 r 000000000000000d 0000000000000400  c.lw     x13, 0x20(x8)
#6198 0 00000000000192e4     84de r 0000000000000009 0000000000000001  c.mv     x9, x23
#6199 0 00000000000192e6 00a7f763 r 0000000000000000 0000000000000000  bgeu     x15, x10, . + 0xe
#6200 0 00000000000192ea     445c r 000000000000000f fffffffffffffffc  c.lw     x15, 0xc(x8)
#6201 0 00000000000192ec 00d78b3b r 0000000000000016 00000000000003fc  addw     x22, x15, x13
#6202 0 00000000000192f0 097b4d63 r 0000000000000000 0000000000000000  blt      x22, x23, . + 0x9a
#6203 0 00000000000192f4 18dbc463 r 0000000000000000 0000000000000000  blt      x23, x13, . + 0x188
#6204 0 000000000001947c     865e r 000000000000000c 0000000000000001  c.mv     x12, x23
#6205 0 000000000001947e     85e6 r 000000000000000b 00000000fffffddb  c.mv     x11, x25
#6206 0 0000000000019480 1ac000ef r 0000000000000001 0000000000019484  jal      x1, . + 0x1ac
#6207 0 000000000001962c 02a5f263 r 0000000000000000 0000000000000000  bgeu     x11, x10, . + 0x24
#6208 0 0000000000019650     47fd r 000000000000000f 000000000000001f  c.li     x15, 0x1f
#6209 0 0000000000019652 02c7e163 r 0000000000000000 0000000000000000  bltu     x15, x12, . + 0x22
#6210 0 0000000000019656     87aa r 000000000000000f 0000000000020014  c.mv     x15, x10
#6211 0 0000000000019658 fff60693 r 000000000000000d 0000000000000000  addi     x13, x12, -1
#6212 0 000000000001965c     c245 r 0000000000000000 0000000000000000  c.beqz   x12, . + 0xa0
#6213 0 000000000001965e     0685 r 000000000000000d 0000000000000001  c.addi   x13, 0x1
#6214 0 0000000000019660     96be r 000000000000000d 0000000000020015  c.add    x13, x15
#6215 0 0000000000019662 0005c703 r 000000000000000e 0000000000000036  lbu      x14, 0x0(x11)
#6216 0 0000000000019666     0785 r 000000000000000f 0000000000020015  c.addi   x15, 0x1
#6217 0 0000000000019668     0585 r 000000000000000b 00000000fffffddc  c.addi   x11, 0x1
#6218 0 000000000001966a fee78fa3 m 0000000000020014 0000000000000036  sb       x14, -0x1(x15)
#6219 0 000000000001966e fed79ae3 r 0000000000000000 0000000000000000  bne      x15, x13, . - 0xc
#6220 0 0000000000019672     8082 r 0000000000000000 0000000000000000  c.jr     x1
#6221 0 0000000000019484     4454 r 000000000000000d fffffffffffffffc  c.lw     x13, 0xc(x8)
#6222 0 0000000000019486     6018 r 000000000000000e 0000000000020014  c.ld     x14, 0x0(x8)
#6223 0 0000000000019488 000b879b r 000000000000000f 0000000000000001  addiw    x15, x23, 0
#6224 0 000000000001948c 417686bb r 000000000000000d fffffffffffffffb  subw     x13, x13, x23
#6225 0 0000000000019490     975e r 000000000000000e 0000000000020015  c.add    x14, x23
#6226 0 0000000000019492     c454 m 000000000001e854 00000000fffffffb  c.sw     x13, 0xc(x8)
#6227 0 0000000000019494     e018 m 000000000001e848 0000000000020015  c.sd     x14, 0x0(x8)
#6228 0 0000000000019496     bd9d r 0000000000000000 0000000000000000  c.j      . - 0x18a
#6229 0 000000000001930c 40f989bb r 0000000000000013 0000000000000001  subw     x19, x19, x15
#6230 0 0000000000019310     4505 r 000000000000000a 0000000000000001  c.li     x10, 0x1
#6231 0 0000000000019312 02098b63 r 0000000000000000 0000000000000000  beq      x19, x0, . + 0x36
#6232 0 0000000000019316 010a3783 r 000000000000000f 0000000000000001  ld       x15, 0x10(x20)
#6233 0 000000000001931a     9ca6 r 0000000000000019 00000000fffffddc  c.add    x25, x9
#6234 0 000000000001931c 409c0c33 r 0000000000000018 0000000000000000  sub      x24, x24, x9
#6235 0 0000000000019320 409784b3 r 0000000000000009 0000000000000000  sub      x9, x15, x9
#6236 0 0000000000019324 009a3823 m 00000000fffffd70 0000000000000000  sd       x9, 0x10(x20)
#6237 0 0000000000019328     f4c5 r 0000000000000000 0000000000000000  c.bnez   x9, . - 0x58
#6238 0 000000000001932a     4501 r 000000000000000a 0000000000000000  c.li     x10, 0x0
#6239 0 000000000001932c     60e6 r 0000000000000001 0000000000018066  c.ldsp   x1, 0x58
#6240 0 000000000001932e     6446 r 0000000000000008 000000000001c436  c.ldsp   x8, 0x50
#6241 0 0000000000019330     64a6 r 0000000000000009 0000000000000000  c.ldsp   x9, 0x48
#6242 0 0000000000019332     6906 r 0000000000000012 000000000001e848  c.ldsp   x18, 0x40
#6243 0 0000000000019334     79e2 r 0000000000000013 0000000000000001  c.ldsp   x19, 0x38
#6244 0 0000000000019336     7a42 r 0000000000000014 000000000001e260  c.ldsp   x20, 0x30
#6245 0 0000000000019338     7aa2 r 0000000000000015 00000000fffffd60  c.ldsp   x21, 0x28
#6246 0 000000000001933a     7b02 r 0000000000000016 00000000fffffde0  c.ldsp   x22, 0x20
#6247 0 000000000001933c     6be2 r 0000000000000017 0000000000000001  c.ldsp   x23, 0x18
#6248 0 000000000001933e     6c42 r 0000000000000018 fffffffffffffffe  c.ldsp   x24, 0x10
#6249 0 0000000000019340     6ca2 r 0000000000000019 00000000fffffddb  c.ldsp   x25, 0x8
#6250 0 0000000000019342     6d02 r 000000000000001a 0000000000000064  c.ldsp   x26, 0x0
#6251 0 0000000000019344     6125 r 0000000000000002 00000000fffffc00  c.addi16sp 0x6
#6252 0 0000000000019346     8082 r 0000000000000000 0000000000000000  c.jr     x1
#6253 0 0000000000018066     b7e1 r 0000000000000000 0000000000000000  c.j      . - 0x38
#6254 0 000000000001802e     60a6 r 0000000000000001 0000000000010ee0  c.ldsp   x1, 0x48
#6255 0 0000000000018030     6406 r 0000000000000008 000000000001c436  c.ldsp   x8, 0x40
#6256 0 0000000000018032 000ab823 m 00000000fffffd70 0000000000000000  sd       x0, 0x10(x21)
#6257 0 0000000000018036 000aa423 m 00000000fffffd68 0000000000000000  sw       x0, 0x8(x21)
#6258 0 000000000001803a     74e2 r 0000000000000009 0000000000000000  c.ldsp   x9, 0x38
#6259 0 000000000001803c     7942 r 0000000000000012 000000000001e848  c.ldsp   x18, 0x30
#6260 0 000000000001803e     79a2 r 0000000000000013 0000000000000001  c.ldsp   x19, 0x28
#6261 0 0000000000018040     7a02 r 0000000000000014 000000000001e260  c.ldsp   x20, 0x20
#6262 0 0000000000018042     6ae2 r 0000000000000015 0000000000000000  c.ldsp   x21, 0x18
#6263 0 0000000000018044     6b42 r 0000000000000016 00000000fffffde0  c.ldsp   x22, 0x10
#6264 0 0000000000018046     6ba2 r 0000000000000017 0000000000000001  c.ldsp   x23, 0x8
#6265 0 0000000000018048     6161 r 0000000000000002 00000000fffffc50  c.addi16sp 0x5
#6266 0 000000000001804a     8082 r 0000000000000000 0000000000000000  c.jr     x1
#6267 0 0000000000010ee0 ec050263 r 0000000000000000 0000000000000000  beq      x10, x0, . - 0x93c
#6268 0 00000000000105a4     67e2 r 000000000000000f 0000000000000000  c.ldsp   x15, 0x18
#6269 0 00000000000105a6 10012c23 m 00000000fffffd68 0000000000000000  sw       x0, 0x118(x2)
#6270 0 00000000000105aa     c789 r 0000000000000000 0000000000000000  c.beqz   x15, . + 0xa
#6271 0 00000000000105b4     835a r 0000000000000006 00000000fffffde0  c.mv     x6, x22
#6272 0 00000000000105b6     8ca2 r 0000000000000019 000000000001c436  c.mv     x25, x8
#6273 0 00000000000105b8 000cc783 r 000000000000000f 000000000000000a  lbu      x15, 0x0(x25)
#6274 0 00000000000105bc e2079fe3 r 0000000000000000 0000000000000000  bne      x15, x0, . - 0x1c2
#6275 0 00000000000103fa     8466 r 0000000000000008 000000000001c436  c.mv     x8, x25
#6276 0 00000000000103fc 02500713 r 000000000000000e 0000000000000025  addi     x14, x0, 37
#6277 0 0000000000010400 30e78363 r 0000000000000000 0000000000000000  beq      x15, x14, . + 0x306
#6278 0 0000000000010404 00144783 r 000000000000000f 0000000000000000  lbu      x15, 0x1(x8)
#6279 0 0000000000010408     0405 r 0000000000000008 000000000001c437  c.addi   x8, 0x1
#6280 0 000000000001040a     fbfd r 0000000000000000 0000000000000000  c.bnez   x15, . - 0xa
#6281 0 000000000001040c 419404bb r 0000000000000009 0000000000000001  subw     x9, x8, x25
#6282 0 0000000000010410 1a048863 r 0000000000000000 0000000000000000  beq      x9, x0, . + 0x1b0
#6283 0 0000000000010414     7712 r 000000000000000e 0000000000000000  c.ldsp   x14, 0x120
#6284 0 0000000000010416 11812783 r 000000000000000f 0000000000000000  lw       x15, 0x118(x2)
#6285 0 000000000001041a 01933023 m 00000000fffffde0 000000000001c436  sd       x25, 0x0(x6)
#6286 0 000000000001041e     9726 r 000000000000000e 0000000000000001  c.add    x14, x9
#6287 0 0000000000010420     2785 r 000000000000000f 0000000000000001  c.addiw  x15, 0x1
#6288 0 0000000000010422 00933423 m 00000000fffffde8 0000000000000001  sd       x9, 0x8(x6)
#6289 0 0000000000010426     f23a m 00000000fffffd70 0000000000000001  c.sdsp   x14, 0x120
#6290 0 0000000000010428 10f12c23 m 00000000fffffd68 0000000000000001  sw       x15, 0x118(x2)
#6291 0 000000000001042c 0007871b r 000000000000000e 0000000000000001  addiw    x14, x15, 0
#6292 0 0000000000010430     479d r 000000000000000f 0000000000000007  c.li     x15, 0x7
#6293 0 0000000000010432     0341 r 0000000000000006 00000000fffffdf0  c.addi   x6, 0x10
#6294 0 0000000000010434 2ee7c063 r 0000000000000000 0000000000000000  blt      x15, x14, . + 0x2e0
#6295 0 0000000000010438     6722 r 000000000000000e 0000000000000005  c.ldsp   x14, 0x8
#6296 0 000000000001043a 00044783 r 000000000000000f 0000000000000000  lbu      x15, 0x0(x8)
#6297 0 000000000001043e     9f25 r 000000000000000e 0000000000000006  c.addw   x14, x9
#6298 0 0000000000010440     e43a m 00000000fffffc58 0000000000000006  c.sdsp   x14, 0x8
#6299 0 0000000000010442 16078f63 r 0000000000000000 0000000000000000  beq      x15, x0, . + 0x17e
#6300 0 00000000000105c0     7792 r 000000000000000f 0000000000000001  c.ldsp   x15, 0x120
#6301 0 00000000000105c2     c399 r 0000000000000000 0000000000000000  c.beqz   x15, . + 0x6
#6302 0 00000000000105c4 2620106f r 0000000000000000 0000000000000000  j        . + 0x1262
#6303 0 0000000000011826     0a10 r 000000000000000c 00000000fffffd60  c.addi4spn  x12, 0x44
#6304 0 0000000000011828     85ca r 000000000000000b 000000000001e848  c.mv     x11, x18
#6305 0 000000000001182a     8552 r 000000000000000a 000000000001e260  c.mv     x10, x20
#6306 0 000000000001182c 03d060ef r 0000000000000001 0000000000011830  jal      x1, . + 0x683c
#6307 0 0000000000018068     6a18 r 000000000000000e 0000000000000001  c.ld     x14, 0x10(x12)
#6308 0 000000000001806a     c311 r 0000000000000000 0000000000000000  c.beqz   x14, . + 0x4
#6309 0 000000000001806c     bfa1 r 0000000000000000 0000000000000000  c.j      . - 0xa8
#6310 0 0000000000017fc4 0ac5a783 r 000000000000000f 0000000000000000  lw       x15, 0xac(x11)
#6311 0 0000000000017fc8     715d r 0000000000000002 00000000fffffc00  c.addi16sp -0x5
#6312 0 0000000000017fca     6709 r 000000000000000e 0000000000002000  c.lui    x14, 0x2
#6313 0 0000000000017fcc     ec56 m 00000000fffffc18 0000000000000000  c.sdsp   x21, 0x18
#6314 0 0000000000017fce     e486 m 00000000fffffc48 0000000000011830  c.sdsp   x1, 0x48
#6315 0 0000000000017fd0     e0a2 m 00000000fffffc40 000000000001c437  c.sdsp   x8, 0x40
#6316 0 0000000000017fd2     fc26 m 00000000fffffc38 0000000000000001  c.sdsp   x9, 0x38
#6317 0 0000000000017fd4     f84a m 00000000fffffc30 000000000001e848  c.sdsp   x18, 0x30
#6318 0 0000000000017fd6     f44e m 00000000fffffc28 0000000000000001  c.sdsp   x19, 0x28
#6319 0 0000000000017fd8     f052 m 00000000fffffc20 000000000001e260  c.sdsp   x20, 0x20
#6320 0 0000000000017fda     e85a m 00000000fffffc10 00000000fffffde0  c.sdsp   x22, 0x10
#6321 0 0000000000017fdc     e45e m 00000000fffffc08 0000000000000001  c.sdsp   x23, 0x8
#6322 0 0000000000017fde     8ff9 r 000000000000000f 0000000000000000  c.and    x15, x14
#6323 0 0000000000017fe0     8ab2 r 0000000000000015 00000000fffffd60  c.mv     x21, x12
#6324 0 0000000000017fe2     c3c1 r 0000000000000000 0000000000000000  c.beqz   x15, . + 0x80
#6325 0 0000000000018062 146010ef r 0000000000000001 0000000000018066  jal      x1, . + 0x1146
#6326 0 00000000000191a8     6a1c r 000000000000000f 0000000000000001  c.ld     x15, 0x10(x12)
#6327 0 00000000000191aa 1a078c63 r 0000000000000000 0000000000000000  beq      x15, x0, . + 0x1b8
#6328 0 00000000000191ae 0105d783 r 000000000000000f 0000000000002889  lhu      x15, 0x10(x11)
#6329 0 00000000000191b2     711d r 0000000000000002 00000000fffffba0  c.addi16sp -0x6
#6330 0 00000000000191b4     e8a2 m 00000000fffffbf0 000000000001c437  c.sdsp   x8, 0x50
#6331 0 00000000000191b6     f852 m 00000000fffffbd0 000000000001e260  c.sdsp   x20, 0x30
#6332 0 00000000000191b8     f456 m 00000000fffffbc8 00000000fffffd60  c.sdsp   x21, 0x28
#6333 0 00000000000191ba     ec86 m 00000000fffffbf8 0000000000018066  c.sdsp   x1, 0x58
#6334 0 00000000000191bc     e4a6 m 00000000fffffbe8 0000000000000001  c.sdsp   x9, 0x48
#6335 0 00000000000191be     e0ca m 00000000fffffbe0 000000000001e848  c.sdsp   x18, 0x40
#6336 0 00000000000191c0     fc4e m 00000000fffffbd8 0000000000000001  c.sdsp   x19, 0x38
#6337 0 00000000000191c2     f05a m 00000000fffffbc0 00000000fffffde0  c.sdsp   x22, 0x20
#6338 0 00000000000191c4     ec5e m 00000000fffffbb8 0000000000000001  c.sdsp   x23, 0x18
#6339 0 00000000000191c6     e862 m 00000000fffffbb0 fffffffffffffffe  c.sdsp   x24, 0x10
#6340 0 00000000000191c8     e466 m 00000000fffffba8 000000000001c436  c.sdsp   x25, 0x8
#6341 0 00000000000191ca     e06a m 00000000fffffba0 0000000000000064  c.sdsp   x26, 0x0
#6342 0 00000000000191cc 0087f713 r 000000000000000e 0000000000000008  andi     x14, x15, 8
#6343 0 00000000000191d0     8a32 r 0000000000000014 00000000fffffd60  c.mv     x20, x12
#6344 0 00000000000191d2     8aaa r 0000000000000015 000000000001e260  c.mv     x21, x10
#6345 0 00000000000191d4     842e r 0000000000000008 000000000001e848  c.mv     x8, x11
#6346 0 00000000000191d6     c325 r 0000000000000000 0000000000000000  c.beqz   x14, . + 0x60
#6347 0 00000000000191d8     6d98 r 000000000000000e 0000000000020010  c.ld     x14, 0x18(x11)
#6348 0 00000000000191da     cf31 r 0000000000000000 0000000000000000  c.beqz   x14, . + 0x5c
#6349 0 00000000000191dc 0027f713 r 000000000000000e 0000000000000000  andi     x14, x15, 2
#6350 0 00000000000191e0 000a3903 r 0000000000000012 00000000fffffde0  ld       x18, 0x0(x20)
#6351 0 00000000000191e4     c735 r 0000000000000000 0000000000000000  c.beqz   x14, . + 0x6c
#6352 0 0000000000019250 0017f713 r 000000000000000e 0000000000000001  andi     x14, x15, 1
#6353 0 0000000000019254     eb35 r 0000000000000000 0000000000000000  c.bnez   x14, . + 0x74
#6354 0 00000000000192c8     4981 r 0000000000000013 0000000000000000  c.li     x19, 0x0
#6355 0 00000000000192ca     4501 r 000000000000000a 0000000000000000  c.li     x10, 0x0
#6356 0 00000000000192cc     4c81 r 0000000000000019 0000000000000000  c.li     x25, 0x0
#6357 0 00000000000192ce     4c01 r 0000000000000018 0000000000000000  c.li     x24, 0x0
#6358 0 00000000000192d0 080c0b63 r 0000000000000000 0000000000000000  beq      x24, x0, . + 0x96
#6359 0 0000000000019366 00893c03 r 0000000000000018 0000000000000001  ld       x24, 0x8(x18)
#6360 0 000000000001936a 00093c83 r 0000000000000019 000000000001c436  ld       x25, 0x0(x18)
#6361 0 000000000001936e     0941 r 0000000000000012 00000000fffffdf0  c.addi   x18, 0x10
#6362 0 0000000000019370 fe0c0be3 r 0000000000000000 0000000000000000  beq      x24, x0, . - 0xa
#6363 0 0000000000019374     8662 r 000000000000000c 0000000000000001  c.mv     x12, x24
#6364 0 0000000000019376     45a9 r 000000000000000b 000000000000000a  c.li     x11, 0xa
#6365 0 0000000000019378     8566 r 000000000000000a 000000000001c436  c.mv     x10, x25
#6366 0 000000000001937a f7bfb0ef r 0000000000000001 000000000001937e  jal      x1, . - 0x4086
#6367 0 00000000000152f4 00757793 r 000000000000000f 0000000000000006  andi     x15, x10, 7
#6368 0 00000000000152f8 0ff5f693 r 000000000000000d 000000000000000a  andi     x13, x11, 255
#6369 0 00000000000152fc     c395 r 0000000000000000 0000000000000000  c.beqz   x15, . + 0x24
#6370 0 00000000000152fe fff60793 r 000000000000000f 0000000000000000  addi     x15, x12, -1
#6371 0 0000000000015302     c605 r 0000000000000000 0000000000000000  c.beqz   x12, . + 0x28
#6372 0 0000000000015304     567d r 000000000000000c ffffffffffffffff  c.li     x12, -0x1
#6373 0 0000000000015306     a801 r 0000000000000000 0000000000000000  c.j      . + 0x10
#6374 0 0000000000015316 00054703 r 000000000000000e 000000000000000a  lbu      x14, 0x0(x10)
#6375 0 000000000001531a fed717e3 r 0000000000000000 0000000000000000  bne      x14, x13, . - 0x12
#6376 0 000000000001531e     8082 r 0000000000000000 0000000000000000  c.jr     x1
#6377 0 000000000001937e 12050f63 r 0000000000000000 0000000000000000  beq      x10, x0, . + 0x13e
#6378 0 0000000000019382     0505 r 000000000000000a 000000000001c437  c.addi   x10, 0x1
#6379 0 0000000000019384 419509bb r 0000000000000013 0000000000000001  subw     x19, x10, x25
#6380 0 0000000000019388     b7b9 r 0000000000000000 0000000000000000  c.j      . - 0xb2
#6381 0 00000000000192d6     8bce r 0000000000000017 0000000000000001  c.mv     x23, x19
#6382 0 00000000000192d8 013c7363 r 0000000000000000 0000000000000000  bgeu     x24, x19, . + 0x6
#6383 0 00000000000192de     6008 r 000000000000000a 0000000000020015  c.ld     x10, 0x0(x8)
#6384 0 00000000000192e0     6c1c r 000000000000000f 0000000000020010  c.ld     x15, 0x18(x8)
#6385 0 00000000000192e2     5014 r 000000000000000d 0000000000000400  c.lw     x13, 0x20(x8)
#6386 0 00000000000192e4     84de r 0000000000000009 0000000000000001  c.mv     x9, x23
#6387 0 00000000000192e6 00a7f763 r 0000000000000000 0000000000000000  bgeu     x15, x10, . + 0xe
#6388 0 00000000000192ea     445c r 000000000000000f fffffffffffffffb  c.lw     x15, 0xc(x8)
#6389 0 00000000000192ec 00d78b3b r 0000000000000016 00000000000003fb  addw     x22, x15, x13
#6390 0 00000000000192f0 097b4d63 r 0000000000000000 0000000000000000  blt      x22, x23, . + 0x9a
#6391 0 00000000000192f4 18dbc463 r 0000000000000000 0000000000000000  blt      x23, x13, . + 0x188
#6392 0 000000000001947c     865e r 000000000000000c 0000000000000001  c.mv     x12, x23
#6393 0 000000000001947e     85e6 r 000000000000000b 000000000001c436  c.mv     x11, x25
#6394 0 0000000000019480 1ac000ef r 0000000000000001 0000000000019484  jal      x1, . + 0x1ac
#6395 0 000000000001962c 02a5f263 r 0000000000000000 0000000000000000  bgeu     x11, x10, . + 0x24
#6396 0 0000000000019630 00c587b3 r 000000000000000f 000000000001c437  add      x15, x11, x12
#6397 0 0000000000019634 00f57e63 r 0000000000000000 0000000000000000  bgeu     x10, x15, . + 0x1c
#6398 0 0000000000019650     47fd r 000000000000000f 000000000000001f  c.li     x15, 0x1f
#6399 0 0000000000019652 02c7e163 r 0000000000000000 0000000000000000  bltu     x15, x12, . + 0x22
#6400 0 0000000000019656     87aa r 000000000000000f 0000000000020015  c.mv     x15, x10
#6401 0 0000000000019658 fff60693 r 000000000000000d 0000000000000000  addi     x13, x12, -1
#6402 0 000000000001965c     c245 r 0000000000000000 0000000000000000  c.beqz   x12, . + 0xa0
#6403 0 000000000001965e     0685 r 000000000000000d 0000000000000001  c.addi   x13, 0x1
#6404 0 0000000000019660     96be r 000000000000000d 0000000000020016  c.add    x13, x15
#6405 0 0000000000019662 0005c703 r 000000000000000e 000000000000000a  lbu      x14, 0x0(x11)
#6406 0 0000000000019666     0785 r 000000000000000f 0000000000020016  c.addi   x15, 0x1
#6407 0 0000000000019668     0585 r 000000000000000b 000000000001c437  c.addi   x11, 0x1
#6408 0 000000000001966a fee78fa3 m 0000000000020015 000000000000000a  sb       x14, -0x1(x15)
#6409 0 000000000001966e fed79ae3 r 0000000000000000 0000000000000000  bne      x15, x13, . - 0xc
#6410 0 0000000000019672     8082 r 0000000000000000 0000000000000000  c.jr     x1
#6411 0 0000000000019484     4454 r 000000000000000d fffffffffffffffb  c.lw     x13, 0xc(x8)
#6412 0 0000000000019486     6018 r 000000000000000e 0000000000020015  c.ld     x14, 0x0(x8)
#6413 0 0000000000019488 000b879b r 000000000000000f 0000000000000001  addiw    x15, x23, 0
#6414 0 000000000001948c 417686bb r 000000000000000d fffffffffffffffa  subw     x13, x13, x23
#6415 0 0000000000019490     975e r 000000000000000e 0000000000020016  c.add    x14, x23
#6416 0 0000000000019492     c454 m 000000000001e854 00000000fffffffa  c.sw     x13, 0xc(x8)
#6417 0 0000000000019494     e018 m 000000000001e848 0000000000020016  c.sd     x14, 0x0(x8)
#6418 0 0000000000019496     bd9d r 0000000000000000 0000000000000000  c.j      . - 0x18a
#6419 0 000000000001930c 40f989bb r 0000000000000013 0000000000000000  subw     x19, x19, x15
#6420 0 0000000000019310     4505 r 000000000000000a 0000000000000001  c.li     x10, 0x1
#6421 0 0000000000019312 02098b63 r 0000000000000000 0000000000000000  beq      x19, x0, . + 0x36
#6422 0 0000000000019348     85a2 r 000000000000000b 000000000001e848  c.mv     x11, x8
#6423 0 000000000001934a     8556 r 000000000000000a 000000000001e260  c.mv     x10, x21
#6424 0 000000000001934c f0ff80ef r 0000000000000001 0000000000019350  jal      x1, . - 0x70f2
#6425 0 000000000001225a     1101 r 0000000000000002 00000000fffffb80  c.addi   x2, -0x20
#6426 0 000000000001225c     e822 m 00000000fffffb90 000000000001e848  c.sdsp   x8, 0x10
#6427 0 000000000001225e     ec06 m 00000000fffffb98 0000000000019350  c.sdsp   x1, 0x18
#6428 0 0000000000012260     842a r 0000000000000008 000000000001e260  c.mv     x8, x10
#6429 0 0000000000012262     c119 r 0000000000000000 0000000000000000  c.beqz   x10, . + 0x6
#6430 0 0000000000012264     493c r 000000000000000f 0000000000000001  c.lw     x15, 0x50(x10)
#6431 0 0000000000012266     cb89 r 0000000000000000 0000000000000000  c.beqz   x15, . + 0x12
#6432 0 0000000000012268 01059783 r 000000000000000f 0000000000002889  lh       x15, 0x10(x11)
#6433 0 000000000001226c     ef89 r 0000000000000000 0000000000000000  c.bnez   x15, . + 0x1a
#6434 0 0000000000012286     8522 r 000000000000000a 000000000001e260  c.mv     x10, x8
#6435 0 0000000000012288     6442 r 0000000000000008 000000000001e848  c.ldsp   x8, 0x10
#6436 0 000000000001228a     60e2 r 0000000000000001 0000000000019350  c.ldsp   x1, 0x18
#6437 0 000000000001228c     6105 r 0000000000000002 00000000fffffba0  c.addi16sp 0x2
#6438 0 000000000001228e     bd2d r 0000000000000000 0000000000000000  c.j      . - 0x1c6
#6439 0 00000000000120c8 01059783 r 000000000000000f 0000000000002889  lh       x15, 0x10(x11)
#6440 0 00000000000120cc     7179 r 0000000000000002 00000000fffffb70  c.addi16sp -0x3
#6441 0 00000000000120ce     f022 m 00000000fffffb90 000000000001e848  c.sdsp   x8, 0x20
#6442 0 00000000000120d0     e44e m 00000000fffffb78 0000000000000000  c.sdsp   x19, 0x8
#6443 0 00000000000120d2     f406 m 00000000fffffb98 0000000000019350  c.sdsp   x1, 0x28
#6444 0 00000000000120d4     ec26 m 00000000fffffb88 0000000000000001  c.sdsp   x9, 0x18
#6445 0 00000000000120d6     e84a m 00000000fffffb80 00000000fffffdf0  c.sdsp   x18, 0x10
#6446 0 00000000000120d8 0087f693 r 000000000000000d 0000000000000008  andi     x13, x15, 8
#6447 0 00000000000120dc     842e r 0000000000000008 000000000001e848  c.mv     x8, x11
#6448 0 00000000000120de     89aa r 0000000000000013 000000000001e260  c.mv     x19, x10
#6449 0 00000000000120e0     ead5 r 0000000000000000 0000000000000000  c.bnez   x13, . + 0xb4
#6450 0 0000000000012194 0185b903 r 0000000000000012 0000000000020010  ld       x18, 0x18(x11)
#6451 0 0000000000012198 fe0906e3 r 0000000000000000 0000000000000000  beq      x18, x0, . - 0x14
#6452 0 000000000001219c     6184 r 0000000000000009 0000000000020016  c.ld     x9, 0x0(x11)
#6453 0 000000000001219e 03079713 r 000000000000000e 2889000000000000  slli     x14, x15, 48
#6454 0 00000000000121a2     9341 r 000000000000000e 0000000000002889  c.srli   x14, 0x30
#6455 0 00000000000121a4     8b0d r 000000000000000e 0000000000000001  c.andi   x14, 0x3
#6456 0 00000000000121a6 0125b023 m 000000000001e848 0000000000020010  sd       x18, 0x0(x11)
#6457 0 00000000000121aa 412484bb r 0000000000000009 0000000000000006  subw     x9, x9, x18
#6458 0 00000000000121ae     4781 r 000000000000000f 0000000000000000  c.li     x15, 0x0
#6459 0 00000000000121b0     e311 r 0000000000000000 0000000000000000  c.bnez   x14, . + 0x4
#6460 0 00000000000121b4     c45c m 000000000001e854 0000000000000000  c.sw     x15, 0xc(x8)
#6461 0 00000000000121b6 00904663 r 0000000000000000 0000000000000000  blt      x0, x9, . + 0xc
#6462 0 00000000000121c2     603c r 000000000000000f 0000000000016190  c.ld     x15, 0x40(x8)
#6463 0 00000000000121c4     780c r 000000000000000b 000000000001e848  c.ld     x11, 0x30(x8)
#6464 0 00000000000121c6     86a6 r 000000000000000d 0000000000000006  c.mv     x13, x9
#6465 0 00000000000121c8     864a r 000000000000000c 0000000000020010  c.mv     x12, x18
#6466 0 00000000000121ca     854e r 000000000000000a 000000000001e260  c.mv     x10, x19
#6467 0 00000000000121cc     9782 r 0000000000000001 00000000000121ce  c.jalr   x15
#6468 0 0000000000016190 01059783 r 000000000000000f 0000000000002889  lh       x15, 0x10(x11)
#6469 0 0000000000016194     7179 r 0000000000000002 00000000fffffb40  c.addi16sp -0x3
#6470 0 0000000000016196     f022 m 00000000fffffb60 000000000001e848  c.sdsp   x8, 0x20
#6471 0 0000000000016198     ec26 m 00000000fffffb58 0000000000000006  c.sdsp   x9, 0x18
#6472 0 000000000001619a     e84a m 00000000fffffb50 0000000000020010  c.sdsp   x18, 0x10
#6473 0 000000000001619c     e44e m 00000000fffffb48 000000000001e260  c.sdsp   x19, 0x8
#6474 0 000000000001619e     f406 m 00000000fffffb68 00000000000121ce  c.sdsp   x1, 0x28
#6475 0 00000000000161a0 1007f713 r 000000000000000e 0000000000000000  andi     x14, x15, 256
#6476 0 00000000000161a4     842e r 0000000000000008 000000000001e848  c.mv     x8, x11
#6477 0 00000000000161a6     84aa r 0000000000000009 000000000001e260  c.mv     x9, x10
#6478 0 00000000000161a8 01259583 r 000000000000000b 0000000000000001  lh       x11, 0x12(x11)
#6479 0 00000000000161ac     8932 r 0000000000000012 0000000000020010  c.mv     x18, x12
#6480 0 00000000000161ae     89b6 r 0000000000000013 0000000000000006  c.mv     x19, x13
#6481 0 00000000000161b0     e30d r 0000000000000000 0000000000000000  c.bnez   x14, . + 0x22
#6482 0 00000000000161b2     777d r 000000000000000e fffffffffffff000  c.lui    x14, 0xfffff
#6483 0 00000000000161b4     177d r 000000000000000e ffffffffffffefff  c.addi   x14, -0x1
#6484 0 00000000000161b6     8ff9 r 000000000000000f 0000000000002889  c.and    x15, x14
#6485 0 00000000000161b8 00f41823 m 000000000001e858 0000000000002889  sh       x15, 0x10(x8)
#6486 0 00000000000161bc     7402 r 0000000000000008 000000000001e848  c.ldsp   x8, 0x20
#6487 0 00000000000161be     70a2 r 0000000000000001 00000000000121ce  c.ldsp   x1, 0x28
#6488 0 00000000000161c0     86ce r 000000000000000d 0000000000000006  c.mv     x13, x19
#6489 0 00000000000161c2     864a r 000000000000000c 0000000000020010  c.mv     x12, x18
#6490 0 00000000000161c4     69a2 r 0000000000000013 000000000001e260  c.ldsp   x19, 0x8
#6491 0 00000000000161c6     6942 r 0000000000000012 0000000000020010  c.ldsp   x18, 0x10
#6492 0 00000000000161c8     8526 r 000000000000000a 000000000001e260  c.mv     x10, x9
#6493 0 00000000000161ca     64e2 r 0000000000000009 0000000000000006  c.ldsp   x9, 0x18
#6494 0 00000000000161cc     6145 r 0000000000000002 00000000fffffb70  c.addi16sp 0x3
#6495 0 00000000000161ce 3a70206f r 0000000000000000 0000000000000000  j        . + 0x2ba6
#6496 0 0000000000018d74     1101 r 0000000000000002 00000000fffffb50  c.addi   x2, -0x20
#6497 0 0000000000018d76     872e r 000000000000000e 0000000000000001  c.mv     x14, x11
#6498 0 0000000000018d78     e822 m 00000000fffffb60 000000000001e848  c.sdsp   x8, 0x10
#6499 0 0000000000018d7a     e426 m 00000000fffffb58 0000000000000006  c.sdsp   x9, 0x8
#6500 0 0000000000018d7c     85b2 r 000000000000000b 0000000000020010  c.mv     x11, x12
#6501 0 0000000000018d7e     842a r 0000000000000008 000000000001e260  c.mv     x8, x10
#6502 0 0000000000018d80     8636 r 000000000000000c 0000000000000006  c.mv     x12, x13
#6503 0 0000000000018d82     853a r 000000000000000a 0000000000000001  c.mv     x10, x14
#6504 0 0000000000018d84     ec06 m 00000000fffffb68 00000000000121ce  c.sdsp   x1, 0x18
#6505 0 0000000000018d86 7801a823 m 000000000001f3d8 0000000000000000  sw       x0, 0x790(x3)
#6506 0 0000000000018d8a 208020ef r 0000000000000001 0000000000018d8e  jal      x1, . + 0x2208
#6507 0 000000000001af92     1141 r 0000000000000002 00000000fffffb40  c.addi   x2, -0x10
#6508 0 000000000001af94     e406 m 00000000fffffb48 0000000000018d8e  c.sdsp   x1, 0x8
#6509 0 000000000001af96     e022 m 00000000fffffb40 000000000001e260  c.sdsp   x8, 0x0
#6510 0 000000000001af98 04000893 r 0000000000000011 0000000000000040  addi     x17, x0, 64
#6511 0 000000000001af9c 00000073 r 000000000000000a 0000000000000006  ecall    
#6512 0 000000000001afa0     842a r 0000000000000008 0000000000000006  c.mv     x8, x10
#6513 0 000000000001afa2 00054763 r 0000000000000000 0000000000000000  blt      x10, x0, . + 0xe
#6514 0 000000000001afa6     60a2 r 0000000000000001 0000000000018d8e  c.ldsp   x1, 0x8
#6515 0 000000000001afa8     8522 r 000000000000000a 0000000000000006  c.mv     x10, x8
#6516 0 000000000001afaa     6402 r 0000000000000008 000000000001e260  c.ldsp   x8, 0x0
#6517 0 000000000001afac     0141 r 0000000000000002 00000000fffffb50  c.addi   x2, 0x10
#6518 0 000000000001afae     8082 r 0000000000000000 0000000000000000  c.jr     x1
#6519 0 0000000000018d8e     57fd r 000000000000000f ffffffffffffffff  c.li     x15, -0x1
#6520 0 0000000000018d90 00f50763 r 0000000000000000 0000000000000000  beq      x10, x15, . + 0xe
#6521 0 0000000000018d94     60e2 r 0000000000000001 00000000000121ce  c.ldsp   x1, 0x18
#6522 0 0000000000018d96     6442 r 0000000000000008 000000000001e848  c.ldsp   x8, 0x10
#6523 0 0000000000018d98     64a2 r 0000000000000009 0000000000000006  c.ldsp   x9, 0x8
#6524 0 0000000000018d9a     6105 r 0000000000000002 00000000fffffb70  c.addi16sp 0x2
#6525 0 0000000000018d9c     8082 r 0000000000000000 0000000000000000  c.jr     x1
#6526 0 00000000000121ce     9c89 r 0000000000000009 0000000000000000  c.subw   x9, x10
#6527 0 00000000000121d0 fea046e3 r 0000000000000000 0000000000000000  blt      x0, x10, . - 0x14
#6528 0 00000000000121bc     992a r 0000000000000012 0000000000020016  c.add    x18, x10
#6529 0 00000000000121be fc9053e3 r 0000000000000000 0000000000000000  bge      x0, x9, . - 0x3a
#6530 0 0000000000012184     4501 r 000000000000000a 0000000000000000  c.li     x10, 0x0
#6531 0 0000000000012186     70a2 r 0000000000000001 0000000000019350  c.ldsp   x1, 0x28
#6532 0 0000000000012188     7402 r 0000000000000008 000000000001e848  c.ldsp   x8, 0x20
#6533 0 000000000001218a     64e2 r 0000000000000009 0000000000000001  c.ldsp   x9, 0x18
#6534 0 000000000001218c     6942 r 0000000000000012 00000000fffffdf0  c.ldsp   x18, 0x10
#6535 0 000000000001218e     69a2 r 0000000000000013 0000000000000000  c.ldsp   x19, 0x8
#6536 0 0000000000012190     6145 r 0000000000000002 00000000fffffba0  c.addi16sp 0x3
#6537 0 0000000000012192     8082 r 0000000000000000 0000000000000000  c.jr     x1
#6538 0 0000000000019350     d179 r 0000000000000000 0000000000000000  c.beqz   x10, . - 0x3a
#6539 0 0000000000019316 010a3783 r 000000000000000f 0000000000000001  ld       x15, 0x10(x20)
#6540 0 000000000001931a     9ca6 r 0000000000000019 000000000001c437  c.add    x25, x9
#6541 0 000000000001931c 409c0c33 r 0000000000000018 0000000000000000  sub      x24, x24, x9
#6542 0 0000000000019320 409784b3 r 0000000000000009 0000000000000000  sub      x9, x15, x9
#6543 0 0000000000019324 009a3823 m 00000000fffffd70 0000000000000000  sd       x9, 0x10(x20)
#6544 0 0000000000019328     f4c5 r 0000000000000000 0000000000000000  c.bnez   x9, . - 0x58
#6545 0 000000000001932a     4501 r 000000000000000a 0000000000000000  c.li     x10, 0x0
#6546 0 000000000001932c     60e6 r 0000000000000001 0000000000018066  c.ldsp   x1, 0x58
#6547 0 000000000001932e     6446 r 0000000000000008 000000000001c437  c.ldsp   x8, 0x50
#6548 0 0000000000019330     64a6 r 0000000000000009 0000000000000001  c.ldsp   x9, 0x48
#6549 0 0000000000019332     6906 r 0000000000000012 000000000001e848  c.ldsp   x18, 0x40
#6550 0 0000000000019334     79e2 r 0000000000000013 0000000000000001  c.ldsp   x19, 0x38
#6551 0 0000000000019336     7a42 r 0000000000000014 000000000001e260  c.ldsp   x20, 0x30
#6552 0 0000000000019338     7aa2 r 0000000000000015 00000000fffffd60  c.ldsp   x21, 0x28
#6553 0 000000000001933a     7b02 r 0000000000000016 00000000fffffde0  c.ldsp   x22, 0x20
#6554 0 000000000001933c     6be2 r 0000000000000017 0000000000000001  c.ldsp   x23, 0x18
#6555 0 000000000001933e     6c42 r 0000000000000018 fffffffffffffffe  c.ldsp   x24, 0x10
#6556 0 0000000000019340     6ca2 r 0000000000000019 000000000001c436  c.ldsp   x25, 0x8
#6557 0 0000000000019342     6d02 r 000000000000001a 0000000000000064  c.ldsp   x26, 0x0
#6558 0 0000000000019344     6125 r 0000000000000002 00000000fffffc00  c.addi16sp 0x6
#6559 0 0000000000019346     8082 r 0000000000000000 0000000000000000  c.jr     x1
#6560 0 0000000000018066     b7e1 r 0000000000000000 0000000000000000  c.j      . - 0x38
#6561 0 000000000001802e     60a6 r 0000000000000001 0000000000011830  c.ldsp   x1, 0x48
#6562 0 0000000000018030     6406 r 0000000000000008 000000000001c437  c.ldsp   x8, 0x40
#6563 0 0000000000018032 000ab823 m 00000000fffffd70 0000000000000000  sd       x0, 0x10(x21)
#6564 0 0000000000018036 000aa423 m 00000000fffffd68 0000000000000000  sw       x0, 0x8(x21)
#6565 0 000000000001803a     74e2 r 0000000000000009 0000000000000001  c.ldsp   x9, 0x38
#6566 0 000000000001803c     7942 r 0000000000000012 000000000001e848  c.ldsp   x18, 0x30
#6567 0 000000000001803e     79a2 r 0000000000000013 0000000000000001  c.ldsp   x19, 0x28
#6568 0 0000000000018040     7a02 r 0000000000000014 000000000001e260  c.ldsp   x20, 0x20
#6569 0 0000000000018042     6ae2 r 0000000000000015 0000000000000000  c.ldsp   x21, 0x18
#6570 0 0000000000018044     6b42 r 0000000000000016 00000000fffffde0  c.ldsp   x22, 0x10
#6571 0 0000000000018046     6ba2 r 0000000000000017 0000000000000001  c.ldsp   x23, 0x8
#6572 0 0000000000018048     6161 r 0000000000000002 00000000fffffc50  c.addi16sp 0x5
#6573 0 000000000001804a     8082 r 0000000000000000 0000000000000000  c.jr     x1
#6574 0 0000000000011830 d99fe06f r 0000000000000000 0000000000000000  j        . - 0x1268
#6575 0 00000000000105c8 01095783 r 000000000000000f 0000000000002889  lhu      x15, 0x10(x18)
#6576 0 00000000000105cc 0407f793 r 000000000000000f 0000000000000000  andi     x15, x15, 64
#6577 0 00000000000105d0     c399 r 0000000000000000 0000000000000000  c.beqz   x15, . + 0x6
#6578 0 00000000000105d6 27813083 r 0000000000000001 000000000001030c  ld       x1, 0x278(x2)
#6579 0 00000000000105da 27013403 r 0000000000000008 00000000ffffff50  ld       x8, 0x270(x2)
#6580 0 00000000000105de     6522 r 000000000000000a 0000000000000006  c.ldsp   x10, 0x8
#6581 0 00000000000105e0 26813483 r 0000000000000009 0000000000000000  ld       x9, 0x268(x2)
#6582 0 00000000000105e4 26013903 r 0000000000000012 0000000000000000  ld       x18, 0x260(x2)
#6583 0 00000000000105e8 25813983 r 0000000000000013 0000000000000000  ld       x19, 0x258(x2)
#6584 0 00000000000105ec 25013a03 r 0000000000000014 0000000000000000  ld       x20, 0x250(x2)
#6585 0 00000000000105f0 24813a83 r 0000000000000015 0000000000000000  ld       x21, 0x248(x2)
#6586 0 00000000000105f4 24013b03 r 0000000000000016 0000000000000000  ld       x22, 0x240(x2)
#6587 0 00000000000105f8 23813b83 r 0000000000000017 0000000000000000  ld       x23, 0x238(x2)
#6588 0 00000000000105fc 23013c03 r 0000000000000018 0000000000000000  ld       x24, 0x230(x2)
#6589 0 0000000000010600 22813c83 r 0000000000000019 0000000000000000  ld       x25, 0x228(x2)
#6590 0 0000000000010604 22013d03 r 000000000000001a 0000000000000000  ld       x26, 0x220(x2)
#6591 0 0000000000010608 21813d83 r 000000000000001b 0000000000000000  ld       x27, 0x218(x2)
#6592 0 000000000001060c 28010113 r 0000000000000002 00000000fffffed0  addi     x2, x2, 640
#6593 0 0000000000010610     8082 r 0000000000000000 0000000000000000  c.jr     x1
#6594 0 000000000001030c     60e2 r 0000000000000001 000000000001016e  c.ldsp   x1, 0x18
#6595 0 000000000001030e     6125 r 0000000000000002 00000000ffffff30  c.addi16sp 0x6
#6596 0 0000000000010310     8082 r 0000000000000000 0000000000000000  c.jr     x1
#6597 0 000000000001016e fec42783 r 000000000000000f 0000000000000006  lw       x15, -0x14(x8)
#6598 0 0000000000010172     2785 r 000000000000000f 0000000000000007  c.addiw  x15, 0x1
#6599 0 0000000000010174 fef42623 m 00000000ffffff3c 0000000000000007  sw       x15, -0x14(x8)
#6600 0 0000000000010178 fec42783 r 000000000000000f 0000000000000007  lw       x15, -0x14(x8)
#6601 0 000000000001017c 0007871b r 000000000000000e 0000000000000007  addiw    x14, x15, 0
#6602 0 0000000000010180     47a5 r 000000000000000f 0000000000000009  c.li     x15, 0x9
#6603 0 0000000000010182 fce7dee3 r 0000000000000000 0000000000000000  bge      x15, x14, . - 0x24
#6604 0 000000000001015e fec42783 r 000000000000000f 0000000000000007  lw       x15, -0x14(x8)
#6605 0 0000000000010162     85be r 000000000000000b 0000000000000007  c.mv     x11, x15
#6606 0 0000000000010164     67f1 r 000000000000000f 000000000001c000  c.lui    x15, 0x1c
#6607 0 0000000000010166 43078513 r 000000000000000a 000000000001c430  addi     x10, x15, 1072
#6608 0 000000000001016a 17c000ef r 0000000000000001 000000000001016e  jal      x1, . + 0x17c
#6609 0 00000000000102e6 7581b303 r 0000000000000006 000000000001e260  ld       x6, 0x758(x3)
#6610 0 00000000000102ea     711d r 0000000000000002 00000000fffffed0  c.addi16sp -0x6
#6611 0 00000000000102ec     f832 m 00000000ffffff00 0000000000000006  c.sdsp   x12, 0x30
#6612 0 00000000000102ee     fc36 m 00000000ffffff08 0000000000000006  c.sdsp   x13, 0x38
#6613 0 00000000000102f0     f42e m 00000000fffffef8 0000000000000007  c.sdsp   x11, 0x28
#6614 0 00000000000102f2     e0ba m 00000000ffffff10 0000000000000007  c.sdsp   x14, 0x40
#6615 0 00000000000102f4     e4be m 00000000ffffff18 000000000001c000  c.sdsp   x15, 0x48
#6616 0 00000000000102f6     e8c2 m 00000000ffffff20 0000000000000000  c.sdsp   x16, 0x50
#6617 0 00000000000102f8     ecc6 m 00000000ffffff28 0000000000000040  c.sdsp   x17, 0x58
#6618 0 00000000000102fa 01033583 r 000000000000000b 000000000001e848  ld       x11, 0x10(x6)
#6619 0 00000000000102fe     1034 r 000000000000000d 00000000fffffef8  c.addi4spn  x13, 0xa
#6620 0 0000000000010300     862a r 000000000000000c 000000000001c430  c.mv     x12, x10
#6621 0 0000000000010302     851a r 000000000000000a 000000000001e260  c.mv     x10, x6
#6622 0 0000000000010304     ec06 m 00000000fffffee8 000000000001016e  c.sdsp   x1, 0x18
#6623 0 0000000000010306     e436 m 00000000fffffed8 00000000fffffef8  c.sdsp   x13, 0x8
#6624 0 0000000000010308 00a000ef r 0000000000000001 000000000001030c  jal      x1, . + 0xa
#6625 0 0000000000010312 d8010113 r 0000000000000002 00000000fffffc50  addi     x2, x2, -640
#6626 0 0000000000010316 26113c23 m 00000000fffffec8 000000000001030c  sd       x1, 0x278(x2)
#6627 0 000000000001031a 27213023 m 00000000fffffeb0 0000000000000000  sd       x18, 0x260(x2)
#6628 0 000000000001031e 25413823 m 00000000fffffea0 0000000000000000  sd       x20, 0x250(x2)
#6629 0 0000000000010322 23913423 m 00000000fffffe78 0000000000000000  sd       x25, 0x228(x2)
#6630 0 0000000000010326     892e r 0000000000000012 000000000001e848  c.mv     x18, x11
#6631 0 0000000000010328     8cb2 r 0000000000000019 000000000001c430  c.mv     x25, x12
#6632 0 000000000001032a     e836 m 00000000fffffc60 00000000fffffef8  c.sdsp   x13, 0x10
#6633 0 000000000001032c 26813823 m 00000000fffffec0 00000000ffffff50  sd       x8, 0x270(x2)
#6634 0 0000000000010330 26913423 m 00000000fffffeb8 0000000000000000  sd       x9, 0x268(x2)
#6635 0 0000000000010334 25313c23 m 00000000fffffea8 0000000000000000  sd       x19, 0x258(x2)
#6636 0 0000000000010338 25513423 m 00000000fffffe98 0000000000000000  sd       x21, 0x248(x2)
#6637 0 000000000001033c 25613023 m 00000000fffffe90 0000000000000000  sd       x22, 0x240(x2)
#6638 0 0000000000010340 23713c23 m 00000000fffffe88 0000000000000000  sd       x23, 0x238(x2)
#6639 0 0000000000010344 23813823 m 00000000fffffe80 0000000000000000  sd       x24, 0x230(x2)
#6640 0 0000000000010348 23a13023 m 00000000fffffe70 0000000000000000  sd       x26, 0x220(x2)
#6641 0 000000000001034c 21b13c23 m 00000000fffffe68 0000000000000000  sd       x27, 0x218(x2)
#6642 0 0000000000010350     8a2a r 0000000000000014 000000000001e260  c.mv     x20, x10
#6643 0 0000000000010352 6fa040ef r 0000000000000001 0000000000010356  jal      x1, . + 0x46fa
#6644 0 0000000000014a4c e6018513 r 000000000000000a 000000000001eaa8  addi     x10, x3, -416
#6645 0 0000000000014a50     8082 r 0000000000000000 0000000000000000  c.jr     x1
#6646 0 0000000000010356     611c r 000000000000000f 000000000001c980  c.ld     x15, 0x0(x10)
#6647 0 0000000000010358     853e r 000000000000000a 000000000001c980  c.mv     x10, x15
#6648 0 000000000001035a     f8be m 00000000fffffcc0 000000000001c980  c.sdsp   x15, 0x70
#6649 0 000000000001035c 058060ef r 0000000000000001 0000000000010360  jal      x1, . + 0x6058
#6650 0 00000000000163b4 00757793 r 000000000000000f 0000000000000000  andi     x15, x10, 7
#6651 0 00000000000163b8     872a r 000000000000000e 000000000001c980  c.mv     x14, x10
#6652 0 00000000000163ba     eba9 r 0000000000000000 0000000000000000  c.bnez   x15, . + 0x52
#6653 0 00000000000163bc 7401b683 r 000000000000000d 7f7f7f7f7f7f7f7f  ld       x13, 0x740(x3)
#6654 0 00000000000163c0     55fd r 000000000000000b ffffffffffffffff  c.li     x11, -0x1
#6655 0 00000000000163c2     6310 r 000000000000000c 000000000000002e  c.ld     x12, 0x0(x14)
#6656 0 00000000000163c4     0721 r 000000000000000e 000000000001c988  c.addi   x14, 0x8
#6657 0 00000000000163c6 00d677b3 r 000000000000000f 000000000000002e  and      x15, x12, x13
#6658 0 00000000000163ca     97b6 r 000000000000000f 7f7f7f7f7f7f7fad  c.add    x15, x13
#6659 0 00000000000163cc     8fd1 r 000000000000000f 7f7f7f7f7f7f7faf  c.or     x15, x12
#6660 0 00000000000163ce     8fd5 r 000000000000000f 7f7f7f7f7f7f7fff  c.or     x15, x13
#6661 0 00000000000163d0 feb789e3 r 0000000000000000 0000000000000000  beq      x15, x11, . - 0xe
#6662 0 00000000000163d4 ff874683 r 000000000000000d 000000000000002e  lbu      x13, -0x8(x14)
#6663 0 00000000000163d8 40a707b3 r 000000000000000f 0000000000000008  sub      x15, x14, x10
#6664 0 00000000000163dc     c6a9 r 0000000000000000 0000000000000000  c.beqz   x13, . + 0x4a
#6665 0 00000000000163de ff974683 r 000000000000000d 0000000000000000  lbu      x13, -0x7(x14)
#6666 0 00000000000163e2     ce9d r 0000000000000000 0000000000000000  c.beqz   x13, . + 0x3e
#6667 0 0000000000016420 ff978513 r 000000000000000a 0000000000000001  addi     x10, x15, -7
#6668 0 0000000000016424     8082 r 0000000000000000 0000000000000000  c.jr     x1
#6669 0 0000000000010360     f4aa m 00000000fffffcb8 0000000000000001  c.sdsp   x10, 0x68
#6670 0 0000000000010362     e202 m 00000000fffffd50 0000000000000000  c.sdsp   x0, 0x100
#6671 0 0000000000010364     e602 m 00000000fffffd58 0000000000000000  c.sdsp   x0, 0x108
#6672 0 0000000000010366 000a0663 r 0000000000000000 0000000000000000  beq      x20, x0, . + 0xc
#6673 0 000000000001036a 050a2783 r 000000000000000f 0000000000000001  lw       x15, 0x50(x20)
#6674 0 000000000001036e 72078963 r 0000000000000000 0000000000000000  beq      x15, x0, . + 0x732
#6675 0 0000000000010372 01091703 r 000000000000000e 0000000000002889  lh       x14, 0x10(x18)
#6676 0 0000000000010376     6689 r 000000000000000d 0000000000002000  c.lui    x13, 0x2
#6677 0 0000000000010378 03071793 r 000000000000000f 2889000000000000  slli     x15, x14, 48
#6678 0 000000000001037c     93c1 r 000000000000000f 0000000000002889  c.srli   x15, 0x30
#6679 0 000000000001037e 00d7f633 r 000000000000000c 0000000000002000  and      x12, x15, x13
#6680 0 0000000000010382     e215 r 0000000000000000 0000000000000000  c.bnez   x12, . + 0x24
#6681 0 00000000000103a6 0087f713 r 000000000000000e 0000000000000008  andi     x14, x15, 8
#6682 0 00000000000103aa 26070a63 r 0000000000000000 0000000000000000  beq      x14, x0, . + 0x274
#6683 0 00000000000103ae 01893703 r 000000000000000e 0000000000020010  ld       x14, 0x18(x18)
#6684 0 00000000000103b2 26070663 r 0000000000000000 0000000000000000  beq      x14, x0, . + 0x26c
#6685 0 00000000000103b6     8be9 r 000000000000000f 0000000000000008  c.andi   x15, 0x1a
#6686 0 00000000000103b8     4729 r 000000000000000e 000000000000000a  c.li     x14, 0xa
#6687 0 00000000000103ba 26e78f63 r 0000000000000000 0000000000000000  beq      x15, x14, . + 0x27e
#6688 0 00000000000103be     67f1 r 000000000000000f 000000000001c000  c.lui    x15, 0x1c
#6689 0 00000000000103c0 6587b783 r 000000000000000f 3ffc000000000000  ld       x15, 0x658(x15)
#6690 0 00000000000103c4 19010b13 r 0000000000000016 00000000fffffde0  addi     x22, x2, 400
#6691 0 00000000000103c8     ea5a m 00000000fffffd60 00000000fffffde0  c.sdsp   x22, 0x110
#6692 0 00000000000103ca     ed3e m 00000000fffffce8 3ffc000000000000  c.sdsp   x15, 0x98
#6693 0 00000000000103cc     67f1 r 000000000000000f 000000000001c000  c.lui    x15, 0x1c
#6694 0 00000000000103ce 6387b783 r 000000000000000f 4003000000000000  ld       x15, 0x638(x15)
#6695 0 00000000000103d2     f202 m 00000000fffffd70 0000000000000000  c.sdsp   x0, 0x120
#6696 0 00000000000103d4 10012c23 m 00000000fffffd68 0000000000000000  sw       x0, 0x118(x2)
#6697 0 00000000000103d8     e93e m 00000000fffffce0 4003000000000000  c.sdsp   x15, 0x90
#6698 0 00000000000103da     67f1 r 000000000000000f 000000000001c000  c.lui    x15, 0x1c
#6699 0 00000000000103dc 6487b783 r 000000000000000f 3ffe000000000000  ld       x15, 0x648(x15)
#6700 0 00000000000103e0     f002 m 00000000fffffc70 0000000000000000  c.sdsp   x0, 0x20
#6701 0 00000000000103e2     f402 m 00000000fffffc78 0000000000000000  c.sdsp   x0, 0x28
#6702 0 00000000000103e4     f13e m 00000000fffffcf0 3ffe000000000000  c.sdsp   x15, 0xa0
#6703 0 00000000000103e6 000cc783 r 000000000000000f 0000000000000069  lbu      x15, 0x0(x25)
#6704 0 00000000000103ea     fc82 m 00000000fffffcc8 0000000000000000  c.sdsp   x0, 0x78
#6705 0 00000000000103ec     f082 m 00000000fffffcb0 0000000000000000  c.sdsp   x0, 0x60
#6706 0 00000000000103ee     e102 m 00000000fffffcd0 0000000000000000  c.sdsp   x0, 0x80
#6707 0 00000000000103f0     e502 m 00000000fffffcd8 0000000000000000  c.sdsp   x0, 0x88
#6708 0 00000000000103f2     e402 m 00000000fffffc58 0000000000000000  c.sdsp   x0, 0x8
#6709 0 00000000000103f4     835a r 0000000000000006 00000000fffffde0  c.mv     x6, x22
#6710 0 00000000000103f6 1c078563 r 0000000000000000 0000000000000000  beq      x15, x0, . + 0x1ca
#6711 0 00000000000103fa     8466 r 0000000000000008 000000000001c430  c.mv     x8, x25
#6712 0 00000000000103fc 02500713 r 000000000000000e 0000000000000025  addi     x14, x0, 37
#6713 0 0000000000010400 30e78363 r 0000000000000000 0000000000000000  beq      x15, x14, . + 0x306
#6714 0 0000000000010404 00144783 r 000000000000000f 0000000000000020  lbu      x15, 0x1(x8)
#6715 0 0000000000010408     0405 r 0000000000000008 000000000001c431  c.addi   x8, 0x1
#6716 0 000000000001040a     fbfd r 0000000000000000 0000000000000000  c.bnez   x15, . - 0xa
#6717 0 0000000000010400 30e78363 r 0000000000000000 0000000000000000  beq      x15, x14, . + 0x306
#6718 0 0000000000010404 00144783 r 000000000000000f 000000000000003d  lbu      x15, 0x1(x8)
#6719 0 0000000000010408     0405 r 0000000000000008 000000000001c432  c.addi   x8, 0x1
#6720 0 000000000001040a     fbfd r 0000000000000000 0000000000000000  c.bnez   x15, . - 0xa
#6721 0 0000000000010400 30e78363 r 0000000000000000 0000000000000000  beq      x15, x14, . + 0x306
#6722 0 0000000000010404 00144783 r 000000000000000f 0000000000000020  lbu      x15, 0x1(x8)
#6723 0 0000000000010408     0405 r 0000000000000008 000000000001c433  c.addi   x8, 0x1
#6724 0 000000000001040a     fbfd r 0000000000000000 0000000000000000  c.bnez   x15, . - 0xa
#6725 0 0000000000010400 30e78363 r 0000000000000000 0000000000000000  beq      x15, x14, . + 0x306
#6726 0 0000000000010404 00144783 r 000000000000000f 0000000000000025  lbu      x15, 0x1(x8)
#6727 0 0000000000010408     0405 r 0000000000000008 000000000001c434  c.addi   x8, 0x1
#6728 0 000000000001040a     fbfd r 0000000000000000 0000000000000000  c.bnez   x15, . - 0xa
#6729 0 0000000000010400 30e78363 r 0000000000000000 0000000000000000  beq      x15, x14, . + 0x306
#6730 0 0000000000010706 419404bb r 0000000000000009 0000000000000004  subw     x9, x8, x25
#6731 0 000000000001070a d00495e3 r 0000000000000000 0000000000000000  bne      x9, x0, . - 0x2f6
#6732 0 0000000000010414     7712 r 000000000000000e 0000000000000000  c.ldsp   x14, 0x120
#6733 0 0000000000010416 11812783 r 000000000000000f 0000000000000000  lw       x15, 0x118(x2)
#6734 0 000000000001041a 01933023 m 00000000fffffde0 000000000001c430  sd       x25, 0x0(x6)
#6735 0 000000000001041e     9726 r 000000000000000e 0000000000000004  c.add    x14, x9
#6736 0 0000000000010420     2785 r 000000000000000f 0000000000000001  c.addiw  x15, 0x1
#6737 0 0000000000010422 00933423 m 00000000fffffde8 0000000000000004  sd       x9, 0x8(x6)
#6738 0 0000000000010426     f23a m 00000000fffffd70 0000000000000004  c.sdsp   x14, 0x120
#6739 0 0000000000010428 10f12c23 m 00000000fffffd68 0000000000000001  sw       x15, 0x118(x2)
#6740 0 000000000001042c 0007871b r 000000000000000e 0000000000000001  addiw    x14, x15, 0
#6741 0 0000000000010430     479d r 000000000000000f 0000000000000007  c.li     x15, 0x7
#6742 0 0000000000010432     0341 r 0000000000000006 00000000fffffdf0  c.addi   x6, 0x10
#6743 0 0000000000010434 2ee7c063 r 0000000000000000 0000000000000000  blt      x15, x14, . + 0x2e0
#6744 0 0000000000010438     6722 r 000000000000000e 0000000000000000  c.ldsp   x14, 0x8
#6745 0 000000000001043a 00044783 r 000000000000000f 0000000000000025  lbu      x15, 0x0(x8)
#6746 0 000000000001043e     9f25 r 000000000000000e 0000000000000004  c.addw   x14, x9
#6747 0 0000000000010440     e43a m 00000000fffffc58 0000000000000004  c.sdsp   x14, 0x8
#6748 0 0000000000010442 16078f63 r 0000000000000000 0000000000000000  beq      x15, x0, . + 0x17e
#6749 0 0000000000010446     67f1 r 000000000000000f 000000000001c000  c.lui    x15, 0x1c
#6750 0 0000000000010448 00144e03 r 000000000000001c 0000000000000064  lbu      x28, 0x1(x8)
#6751 0 000000000001044c 0c010fa3 m 00000000fffffd2f 0000000000000000  sb       x0, 0xdf(x2)
#6752 0 0000000000010450     0405 r 0000000000000008 000000000001c435  c.addi   x8, 0x1
#6753 0 0000000000010452     5c7d r 0000000000000018 ffffffffffffffff  c.li     x24, -0x1
#6754 0 0000000000010454     4a81 r 0000000000000015 0000000000000000  c.li     x21, 0x0
#6755 0 0000000000010456     4481 r 0000000000000009 0000000000000000  c.li     x9, 0x0
#6756 0 0000000000010458 05a00993 r 0000000000000013 000000000000005a  addi     x19, x0, 90
#6757 0 000000000001045c 49878b93 r 0000000000000017 000000000001c498  addi     x23, x15, 1176
#6758 0 0000000000010460     4da5 r 000000000000001b 0000000000000009  c.li     x27, 0x9
#6759 0 0000000000010462     0405 r 0000000000000008 000000000001c436  c.addi   x8, 0x1
#6760 0 0000000000010464 000e0d1b r 000000000000001a 0000000000000064  addiw    x26, x28, 0
#6761 0 0000000000010468 02a00613 r 000000000000000c 000000000000002a  addi     x12, x0, 42
#6762 0 000000000001046c fe0d079b r 000000000000000f 0000000000000044  addiw    x15, x26, -32
#6763 0 0000000000010470 0007871b r 000000000000000e 0000000000000044  addiw    x14, x15, 0
#6764 0 0000000000010474 04e9e363 r 0000000000000000 0000000000000000  bltu     x19, x14, . + 0x46
#6765 0 0000000000010478 02079713 r 000000000000000e 0000004400000000  slli     x14, x15, 32
#6766 0 000000000001047c 01e75793 r 000000000000000f 0000000000000110  srli     x15, x14, 30
#6767 0 0000000000010480     97de r 000000000000000f 000000000001c5a8  c.add    x15, x23
#6768 0 0000000000010482     439c r 000000000000000f 0000000000010656  c.lw     x15, 0x0(x15)
#6769 0 0000000000010484     8782 r 0000000000000000 0000000000000000  c.jr     x15
#6770 0 0000000000010656     66c2 r 000000000000000d 00000000fffffef8  c.ldsp   x13, 0x10
#6771 0 0000000000010658 0204f793 r 000000000000000f 0000000000000000  andi     x15, x9, 32
#6772 0 000000000001065c 00868713 r 000000000000000e 00000000ffffff00  addi     x14, x13, 8
#6773 0 0000000000010660 3c078163 r 0000000000000000 0000000000000000  beq      x15, x0, . + 0x3c2
#6774 0 0000000000010a22 0104f793 r 000000000000000f 0000000000000000  andi     x15, x9, 16
#6775 0 0000000000010a26 7e079f63 r 0000000000000000 0000000000000000  bne      x15, x0, . + 0x7fe
#6776 0 0000000000010a2a 0404f793 r 000000000000000f 0000000000000000  andi     x15, x9, 64
#6777 0 0000000000010a2e 380788e3 r 0000000000000000 0000000000000000  beq      x15, x0, . + 0xb90
#6778 0 00000000000115be 2004f793 r 000000000000000f 0000000000000000  andi     x15, x9, 512
#6779 0 00000000000115c2 24078163 r 0000000000000000 0000000000000000  beq      x15, x0, . + 0x242
#6780 0 0000000000011804     67c2 r 000000000000000f 00000000fffffef8  c.ldsp   x15, 0x10
#6781 0 0000000000011806 0007a983 r 0000000000000013 0000000000000007  lw       x19, 0x0(x15)
#6782 0 000000000001180a     87ce r 000000000000000f 0000000000000007  c.mv     x15, x19
#6783 0 000000000001180c e5dfe06f r 0000000000000000 0000000000000000  j        . - 0x11a4
#6784 0 0000000000010668 3c07cb63 r 0000000000000000 0000000000000000  blt      x15, x0, . + 0x3d6
#6785 0 000000000001066c     57fd r 000000000000000f ffffffffffffffff  c.li     x15, -0x1
#6786 0 000000000001066e 3efc00e3 r 0000000000000000 0000000000000000  beq      x24, x15, . + 0xbe0
#6787 0 000000000001124e     e83a m 00000000fffffc60 00000000ffffff00  c.sdsp   x14, 0x10
#6788 0 0000000000011250     47a5 r 000000000000000f 0000000000000009  c.li     x15, 0x9
#6789 0 0000000000011252     8da6 r 000000000000001b 0000000000000000  c.mv     x27, x9
#6790 0 0000000000011254 cb37f8e3 r 0000000000000000 0000000000000000  bgeu     x15, x19, . - 0x350
#6791 0 0000000000010f04 0309899b r 0000000000000013 0000000000000037  addiw    x19, x19, 48
#6792 0 0000000000010f08 193105a3 m 00000000fffffddb 0000000000000037  sb       x19, 0x18b(x2)
#6793 0 0000000000010f0c     84ee r 0000000000000009 0000000000000000  c.mv     x9, x27
#6794 0 0000000000010f0e     4b85 r 0000000000000017 0000000000000001  c.li     x23, 0x1
#6795 0 0000000000010f10 18b10c93 r 0000000000000019 00000000fffffddb  addi     x25, x2, 395
#6796 0 0000000000010f14 f7aff06f r 0000000000000000 0000000000000000  j        . - 0x886
#6797 0 000000000001068e 0df14783 r 000000000000000f 0000000000000000  lbu      x15, 0xdf(x2)
#6798 0 0000000000010692 000b899b r 0000000000000013 0000000000000001  addiw    x19, x23, 0
#6799 0 0000000000010696 018bd463 r 0000000000000000 0000000000000000  bge      x23, x24, . + 0x8
#6800 0 000000000001069e     ec02 m 00000000fffffc68 0000000000000000  c.sdsp   x0, 0x18
#6801 0 00000000000106a0     e482 m 00000000fffffc98 0000000000000000  c.sdsp   x0, 0x48
#6802 0 00000000000106a2     ec82 m 00000000fffffca8 0000000000000000  c.sdsp   x0, 0x58
#6803 0 00000000000106a4     e882 m 00000000fffffca0 0000000000000000  c.sdsp   x0, 0x50
#6804 0 00000000000106a6 e20789e3 r 0000000000000000 0000000000000000  beq      x15, x0, . - 0x1ce
#6805 0 00000000000104d8 0024f293 r 0000000000000005 0000000000000000  andi     x5, x9, 2
#6806 0 00000000000104dc 00028363 r 0000000000000000 0000000000000000  beq      x5, x0, . + 0x6
#6807 0 00000000000104e2 0844fd93 r 000000000000001b 0000000000000000  andi     x27, x9, 132
#6808 0 00000000000104e6     7792 r 000000000000000f 0000000000000004  c.ldsp   x15, 0x120
#6809 0 00000000000104e8 000d9663 r 0000000000000000 0000000000000000  bne      x27, x0, . + 0xc
#6810 0 00000000000104ec 413a86bb r 000000000000000d ffffffffffffffff  subw     x13, x21, x19
#6811 0 00000000000104f0 22d044e3 r 0000000000000000 0000000000000000  blt      x0, x13, . + 0xa28
#6812 0 00000000000104f4 0df14703 r 000000000000000e 0000000000000000  lbu      x14, 0xdf(x2)
#6813 0 00000000000104f8     c70d r 0000000000000000 0000000000000000  c.beqz   x14, . + 0x2a
#6814 0 0000000000010522 02028563 r 0000000000000000 0000000000000000  beq      x5, x0, . + 0x2a
#6815 0 000000000001054c 08000713 r 000000000000000e 0000000000000080  addi     x14, x0, 128
#6816 0 0000000000010550 06ed8ae3 r 0000000000000000 0000000000000000  beq      x27, x14, . + 0x874
#6817 0 0000000000010554 417c0c3b r 0000000000000018 fffffffffffffffe  subw     x24, x24, x23
#6818 0 0000000000010558 0f804ee3 r 0000000000000000 0000000000000000  blt      x0, x24, . + 0x8fc
#6819 0 000000000001055c 1004f713 r 000000000000000e 0000000000000000  andi     x14, x9, 256
#6820 0 0000000000010560 78071b63 r 0000000000000000 0000000000000000  bne      x14, x0, . + 0x796
#6821 0 0000000000010564 11812703 r 000000000000000e 0000000000000001  lw       x14, 0x118(x2)
#6822 0 0000000000010568     97de r 000000000000000f 0000000000000005  c.add    x15, x23
#6823 0 000000000001056a 01933023 m 00000000fffffdf0 00000000fffffddb  sd       x25, 0x0(x6)
#6824 0 000000000001056e 0017069b r 000000000000000d 0000000000000002  addiw    x13, x14, 1
#6825 0 0000000000010572     8736 r 000000000000000e 0000000000000002  c.mv     x14, x13
#6826 0 0000000000010574 01733423 m 00000000fffffdf8 0000000000000001  sd       x23, 0x8(x6)
#6827 0 0000000000010578 10e12c23 m 00000000fffffd68 0000000000000002  sw       x14, 0x118(x2)
#6828 0 000000000001057c     f23e m 00000000fffffd70 0000000000000005  c.sdsp   x15, 0x120
#6829 0 000000000001057e     471d r 000000000000000e 0000000000000007  c.li     x14, 0x7
#6830 0 0000000000010580 46d74863 r 0000000000000000 0000000000000000  blt      x14, x13, . + 0x470
#6831 0 0000000000010584     0341 r 0000000000000006 00000000fffffe00  c.addi   x6, 0x10
#6832 0 0000000000010586     8891 r 0000000000000009 0000000000000000  c.andi   x9, 0x4
#6833 0 0000000000010588     c489 r 0000000000000000 0000000000000000  c.beqz   x9, . + 0xa
#6834 0 0000000000010592     8756 r 000000000000000e 0000000000000000  c.mv     x14, x21
#6835 0 0000000000010594 013ad363 r 0000000000000000 0000000000000000  bge      x21, x19, . + 0x6
#6836 0 0000000000010598     874e r 000000000000000e 0000000000000001  c.mv     x14, x19
#6837 0 000000000001059a     66a2 r 000000000000000d 0000000000000004  c.ldsp   x13, 0x8
#6838 0 000000000001059c     9f35 r 000000000000000e 0000000000000005  c.addw   x14, x13
#6839 0 000000000001059e     e43a m 00000000fffffc58 0000000000000005  c.sdsp   x14, 0x8
#6840 0 00000000000105a0 12079be3 r 0000000000000000 0000000000000000  bne      x15, x0, . + 0x936
#6841 0 0000000000010ed6     0a10 r 000000000000000c 00000000fffffd60  c.addi4spn  x12, 0x44
#6842 0 0000000000010ed8     85ca r 000000000000000b 000000000001e848  c.mv     x11, x18
#6843 0 0000000000010eda     8552 r 000000000000000a 000000000001e260  c.mv     x10, x20
#6844 0 0000000000010edc 18c070ef r 0000000000000001 0000000000010ee0  jal      x1, . + 0x718c
#6845 0 0000000000018068     6a18 r 000000000000000e 0000000000000005  c.ld     x14, 0x10(x12)
#6846 0 000000000001806a     c311 r 0000000000000000 0000000000000000  c.beqz   x14, . + 0x4
#6847 0 000000000001806c     bfa1 r 0000000000000000 0000000000000000  c.j      . - 0xa8
#6848 0 0000000000017fc4 0ac5a783 r 000000000000000f 0000000000000000  lw       x15, 0xac(x11)
#6849 0 0000000000017fc8     715d r 0000000000000002 00000000fffffc00  c.addi16sp -0x5
#6850 0 0000000000017fca     6709 r 000000000000000e 0000000000002000  c.lui    x14, 0x2
#6851 0 0000000000017fcc     ec56 m 00000000fffffc18 0000000000000000  c.sdsp   x21, 0x18
#6852 0 0000000000017fce     e486 m 00000000fffffc48 0000000000010ee0  c.sdsp   x1, 0x48
#6853 0 0000000000017fd0     e0a2 m 00000000fffffc40 000000000001c436  c.sdsp   x8, 0x40
#6854 0 0000000000017fd2     fc26 m 00000000fffffc38 0000000000000000  c.sdsp   x9, 0x38
#6855 0 0000000000017fd4     f84a m 00000000fffffc30 000000000001e848  c.sdsp   x18, 0x30
#6856 0 0000000000017fd6     f44e m 00000000fffffc28 0000000000000001  c.sdsp   x19, 0x28
#6857 0 0000000000017fd8     f052 m 00000000fffffc20 000000000001e260  c.sdsp   x20, 0x20
#6858 0 0000000000017fda     e85a m 00000000fffffc10 00000000fffffde0  c.sdsp   x22, 0x10
#6859 0 0000000000017fdc     e45e m 00000000fffffc08 0000000000000001  c.sdsp   x23, 0x8
#6860 0 0000000000017fde     8ff9 r 000000000000000f 0000000000000000  c.and    x15, x14
#6861 0 0000000000017fe0     8ab2 r 0000000000000015 00000000fffffd60  c.mv     x21, x12
#6862 0 0000000000017fe2     c3c1 r 0000000000000000 0000000000000000  c.beqz   x15, . + 0x80
#6863 0 0000000000018062 146010ef r 0000000000000001 0000000000018066  jal      x1, . + 0x1146
#6864 0 00000000000191a8     6a1c r 000000000000000f 0000000000000005  c.ld     x15, 0x10(x12)
#6865 0 00000000000191aa 1a078c63 r 0000000000000000 0000000000000000  beq      x15, x0, . + 0x1b8
#6866 0 00000000000191ae 0105d783 r 000000000000000f 0000000000002889  lhu      x15, 0x10(x11)
#6867 0 00000000000191b2     711d r 0000000000000002 00000000fffffba0  c.addi16sp -0x6
#6868 0 00000000000191b4     e8a2 m 00000000fffffbf0 000000000001c436  c.sdsp   x8, 0x50
#6869 0 00000000000191b6     f852 m 00000000fffffbd0 000000000001e260  c.sdsp   x20, 0x30
#6870 0 00000000000191b8     f456 m 00000000fffffbc8 00000000fffffd60  c.sdsp   x21, 0x28
#6871 0 00000000000191ba     ec86 m 00000000fffffbf8 0000000000018066  c.sdsp   x1, 0x58
#6872 0 00000000000191bc     e4a6 m 00000000fffffbe8 0000000000000000  c.sdsp   x9, 0x48
#6873 0 00000000000191be     e0ca m 00000000fffffbe0 000000000001e848  c.sdsp   x18, 0x40
#6874 0 00000000000191c0     fc4e m 00000000fffffbd8 0000000000000001  c.sdsp   x19, 0x38
#6875 0 00000000000191c2     f05a m 00000000fffffbc0 00000000fffffde0  c.sdsp   x22, 0x20
#6876 0 00000000000191c4     ec5e m 00000000fffffbb8 0000000000000001  c.sdsp   x23, 0x18
#6877 0 00000000000191c6     e862 m 00000000fffffbb0 fffffffffffffffe  c.sdsp   x24, 0x10
#6878 0 00000000000191c8     e466 m 00000000fffffba8 00000000fffffddb  c.sdsp   x25, 0x8
#6879 0 00000000000191ca     e06a m 00000000fffffba0 0000000000000064  c.sdsp   x26, 0x0
#6880 0 00000000000191cc 0087f713 r 000000000000000e 0000000000000008  andi     x14, x15, 8
#6881 0 00000000000191d0     8a32 r 0000000000000014 00000000fffffd60  c.mv     x20, x12
#6882 0 00000000000191d2     8aaa r 0000000000000015 000000000001e260  c.mv     x21, x10
#6883 0 00000000000191d4     842e r 0000000000000008 000000000001e848  c.mv     x8, x11
#6884 0 00000000000191d6     c325 r 0000000000000000 0000000000000000  c.beqz   x14, . + 0x60
#6885 0 00000000000191d8     6d98 r 000000000000000e 0000000000020010  c.ld     x14, 0x18(x11)
#6886 0 00000000000191da     cf31 r 0000000000000000 0000000000000000  c.beqz   x14, . + 0x5c
#6887 0 00000000000191dc 0027f713 r 000000000000000e 0000000000000000  andi     x14, x15, 2
#6888 0 00000000000191e0 000a3903 r 0000000000000012 00000000fffffde0  ld       x18, 0x0(x20)
#6889 0 00000000000191e4     c735 r 0000000000000000 0000000000000000  c.beqz   x14, . + 0x6c
#6890 0 0000000000019250 0017f713 r 000000000000000e 0000000000000001  andi     x14, x15, 1
#6891 0 0000000000019254     eb35 r 0000000000000000 0000000000000000  c.bnez   x14, . + 0x74
#6892 0 00000000000192c8     4981 r 0000000000000013 0000000000000000  c.li     x19, 0x0
#6893 0 00000000000192ca     4501 r 000000000000000a 0000000000000000  c.li     x10, 0x0
#6894 0 00000000000192cc     4c81 r 0000000000000019 0000000000000000  c.li     x25, 0x0
#6895 0 00000000000192ce     4c01 r 0000000000000018 0000000000000000  c.li     x24, 0x0
#6896 0 00000000000192d0 080c0b63 r 0000000000000000 0000000000000000  beq      x24, x0, . + 0x96
#6897 0 0000000000019366 00893c03 r 0000000000000018 0000000000000004  ld       x24, 0x8(x18)
#6898 0 000000000001936a 00093c83 r 0000000000000019 000000000001c430  ld       x25, 0x0(x18)
#6899 0 000000000001936e     0941 r 0000000000000012 00000000fffffdf0  c.addi   x18, 0x10
#6900 0 0000000000019370 fe0c0be3 r 0000000000000000 0000000000000000  beq      x24, x0, . - 0xa
#6901 0 0000000000019374     8662 r 000000000000000c 0000000000000004  c.mv     x12, x24
#6902 0 0000000000019376     45a9 r 000000000000000b 000000000000000a  c.li     x11, 0xa
#6903 0 0000000000019378     8566 r 000000000000000a 000000000001c430  c.mv     x10, x25
#6904 0 000000000001937a f7bfb0ef r 0000000000000001 000000000001937e  jal      x1, . - 0x4086
#6905 0 00000000000152f4 00757793 r 000000000000000f 0000000000000000  andi     x15, x10, 7
#6906 0 00000000000152f8 0ff5f693 r 000000000000000d 000000000000000a  andi     x13, x11, 255
#6907 0 00000000000152fc     c395 r 0000000000000000 0000000000000000  c.beqz   x15, . + 0x24
#6908 0 0000000000015320     87b2 r 000000000000000f 0000000000000004  c.mv     x15, x12
#6909 0 0000000000015322     471d r 000000000000000e 0000000000000007  c.li     x14, 0x7
#6910 0 0000000000015324 00f76f63 r 0000000000000000 0000000000000000  bltu     x14, x15, . + 0x1e
#6911 0 0000000000015328     e399 r 0000000000000000 0000000000000000  c.bnez   x15, . + 0x6
#6912 0 000000000001532e     97aa r 000000000000000f 000000000001c434  c.add    x15, x10
#6913 0 0000000000015330     a021 r 0000000000000000 0000000000000000  c.j      . + 0x8
#6914 0 0000000000015338 00054703 r 000000000000000e 0000000000000069  lbu      x14, 0x0(x10)
#6915 0 000000000001533c fed71be3 r 0000000000000000 0000000000000000  bne      x14, x13, . - 0xa
#6916 0 0000000000015332     0505 r 000000000000000a 000000000001c431  c.addi   x10, 0x1
#6917 0 0000000000015334 fea78be3 r 0000000000000000 0000000000000000  beq      x15, x10, . - 0xa
#6918 0 0000000000015338 00054703 r 000000000000000e 0000000000000020  lbu      x14, 0x0(x10)
#6919 0 000000000001533c fed71be3 r 0000000000000000 0000000000000000  bne      x14, x13, . - 0xa
#6920 0 0000000000015332     0505 r 000000000000000a 000000000001c432  c.addi   x10, 0x1
#6921 0 0000000000015334 fea78be3 r 0000000000000000 0000000000000000  beq      x15, x10, . - 0xa
#6922 0 0000000000015338 00054703 r 000000000000000e 000000000000003d  lbu      x14, 0x0(x10)
#6923 0 000000000001533c fed71be3 r 0000000000000000 0000000000000000  bne      x14, x13, . - 0xa
#6924 0 0000000000015332     0505 r 000000000000000a 000000000001c433  c.addi   x10, 0x1
#6925 0 0000000000015334 fea78be3 r 0000000000000000 0000000000000000  beq      x15, x10, . - 0xa
#6926 0 0000000000015338 00054703 r 000000000000000e 0000000000000020  lbu      x14, 0x0(x10)
#6927 0 000000000001533c fed71be3 r 0000000000000000 0000000000000000  bne      x14, x13, . - 0xa
#6928 0 0000000000015332     0505 r 000000000000000a 000000000001c434  c.addi   x10, 0x1
#6929 0 0000000000015334 fea78be3 r 0000000000000000 0000000000000000  beq      x15, x10, . - 0xa
#6930 0 000000000001532a     4501 r 000000000000000a 0000000000000000  c.li     x10, 0x0
#6931 0 000000000001532c     8082 r 0000000000000000 0000000000000000  c.jr     x1
#6932 0 000000000001937e 12050f63 r 0000000000000000 0000000000000000  beq      x10, x0, . + 0x13e
#6933 0 00000000000194bc 001c099b r 0000000000000013 0000000000000005  addiw    x19, x24, 1
#6934 0 00000000000194c0     bd19 r 0000000000000000 0000000000000000  c.j      . - 0x1ea
#6935 0 00000000000192d6     8bce r 0000000000000017 0000000000000005  c.mv     x23, x19
#6936 0 00000000000192d8 013c7363 r 0000000000000000 0000000000000000  bgeu     x24, x19, . + 0x6
#6937 0 00000000000192dc     8be2 r 0000000000000017 0000000000000004  c.mv     x23, x24
#6938 0 00000000000192de     6008 r 000000000000000a 0000000000020010  c.ld     x10, 0x0(x8)
#6939 0 00000000000192e0     6c1c r 000000000000000f 0000000000020010  c.ld     x15, 0x18(x8)
#6940 0 00000000000192e2     5014 r 000000000000000d 0000000000000400  c.lw     x13, 0x20(x8)
#6941 0 00000000000192e4     84de r 0000000000000009 0000000000000004  c.mv     x9, x23
#6942 0 00000000000192e6 00a7f763 r 0000000000000000 0000000000000000  bgeu     x15, x10, . + 0xe
#6943 0 00000000000192f4 18dbc463 r 0000000000000000 0000000000000000  blt      x23, x13, . + 0x188
#6944 0 000000000001947c     865e r 000000000000000c 0000000000000004  c.mv     x12, x23
#6945 0 000000000001947e     85e6 r 000000000000000b 000000000001c430  c.mv     x11, x25
#6946 0 0000000000019480 1ac000ef r 0000000000000001 0000000000019484  jal      x1, . + 0x1ac
#6947 0 000000000001962c 02a5f263 r 0000000000000000 0000000000000000  bgeu     x11, x10, . + 0x24
#6948 0 0000000000019630 00c587b3 r 000000000000000f 000000000001c434  add      x15, x11, x12
#6949 0 0000000000019634 00f57e63 r 0000000000000000 0000000000000000  bgeu     x10, x15, . + 0x1c
#6950 0 0000000000019650     47fd r 000000000000000f 000000000000001f  c.li     x15, 0x1f
#6951 0 0000000000019652 02c7e163 r 0000000000000000 0000000000000000  bltu     x15, x12, . + 0x22
#6952 0 0000000000019656     87aa r 000000000000000f 0000000000020010  c.mv     x15, x10
#6953 0 0000000000019658 fff60693 r 000000000000000d 0000000000000003  addi     x13, x12, -1
#6954 0 000000000001965c     c245 r 0000000000000000 0000000000000000  c.beqz   x12, . + 0xa0
#6955 0 000000000001965e     0685 r 000000000000000d 0000000000000004  c.addi   x13, 0x1
#6956 0 0000000000019660     96be r 000000000000000d 0000000000020014  c.add    x13, x15
#6957 0 0000000000019662 0005c703 r 000000000000000e 0000000000000069  lbu      x14, 0x0(x11)
#6958 0 0000000000019666     0785 r 000000000000000f 0000000000020011  c.addi   x15, 0x1
#6959 0 0000000000019668     0585 r 000000000000000b 000000000001c431  c.addi   x11, 0x1
#6960 0 000000000001966a fee78fa3 m 0000000000020010 0000000000000069  sb       x14, -0x1(x15)
#6961 0 000000000001966e fed79ae3 r 0000000000000000 0000000000000000  bne      x15, x13, . - 0xc
#6962 0 0000000000019662 0005c703 r 000000000000000e 0000000000000020  lbu      x14, 0x0(x11)
#6963 0 0000000000019666     0785 r 000000000000000f 0000000000020012  c.addi   x15, 0x1
#6964 0 0000000000019668     0585 r 000000000000000b 000000000001c432  c.addi   x11, 0x1
#6965 0 000000000001966a fee78fa3 m 0000000000020011 0000000000000020  sb       x14, -0x1(x15)
#6966 0 000000000001966e fed79ae3 r 0000000000000000 0000000000000000  bne      x15, x13, . - 0xc
#6967 0 0000000000019662 0005c703 r 000000000000000e 000000000000003d  lbu      x14, 0x0(x11)
#6968 0 0000000000019666     0785 r 000000000000000f 0000000000020013  c.addi   x15, 0x1
#6969 0 0000000000019668     0585 r 000000000000000b 000000000001c433  c.addi   x11, 0x1
#6970 0 000000000001966a fee78fa3 m 0000000000020012 000000000000003d  sb       x14, -0x1(x15)
#6971 0 000000000001966e fed79ae3 r 0000000000000000 0000000000000000  bne      x15, x13, . - 0xc
#6972 0 0000000000019662 0005c703 r 000000000000000e 0000000000000020  lbu      x14, 0x0(x11)
#6973 0 0000000000019666     0785 r 000000000000000f 0000000000020014  c.addi   x15, 0x1
#6974 0 0000000000019668     0585 r 000000000000000b 000000000001c434  c.addi   x11, 0x1
#6975 0 000000000001966a fee78fa3 m 0000000000020013 0000000000000020  sb       x14, -0x1(x15)
#6976 0 000000000001966e fed79ae3 r 0000000000000000 0000000000000000  bne      x15, x13, . - 0xc
#6977 0 0000000000019672     8082 r 0000000000000000 0000000000000000  c.jr     x1
#6978 0 0000000000019484     4454 r 000000000000000d 0000000000000000  c.lw     x13, 0xc(x8)
#6979 0 0000000000019486     6018 r 000000000000000e 0000000000020010  c.ld     x14, 0x0(x8)
#6980 0 0000000000019488 000b879b r 000000000000000f 0000000000000004  addiw    x15, x23, 0
#6981 0 000000000001948c 417686bb r 000000000000000d fffffffffffffffc  subw     x13, x13, x23
#6982 0 0000000000019490     975e r 000000000000000e 0000000000020014  c.add    x14, x23
#6983 0 0000000000019492     c454 m 000000000001e854 00000000fffffffc  c.sw     x13, 0xc(x8)
#6984 0 0000000000019494     e018 m 000000000001e848 0000000000020014  c.sd     x14, 0x0(x8)
#6985 0 0000000000019496     bd9d r 0000000000000000 0000000000000000  c.j      . - 0x18a
#6986 0 000000000001930c 40f989bb r 0000000000000013 0000000000000001  subw     x19, x19, x15
#6987 0 0000000000019310     4505 r 000000000000000a 0000000000000001  c.li     x10, 0x1
#6988 0 0000000000019312 02098b63 r 0000000000000000 0000000000000000  beq      x19, x0, . + 0x36
#6989 0 0000000000019316 010a3783 r 000000000000000f 0000000000000005  ld       x15, 0x10(x20)
#6990 0 000000000001931a     9ca6 r 0000000000000019 000000000001c434  c.add    x25, x9
#6991 0 000000000001931c 409c0c33 r 0000000000000018 0000000000000000  sub      x24, x24, x9
#6992 0 0000000000019320 409784b3 r 0000000000000009 0000000000000001  sub      x9, x15, x9
#6993 0 0000000000019324 009a3823 m 00000000fffffd70 0000000000000001  sd       x9, 0x10(x20)
#6994 0 0000000000019328     f4c5 r 0000000000000000 0000000000000000  c.bnez   x9, . - 0x58
#6995 0 00000000000192d0 080c0b63 r 0000000000000000 0000000000000000  beq      x24, x0, . + 0x96
#6996 0 0000000000019366 00893c03 r 0000000000000018 0000000000000001  ld       x24, 0x8(x18)
#6997 0 000000000001936a 00093c83 r 0000000000000019 00000000fffffddb  ld       x25, 0x0(x18)
#6998 0 000000000001936e     0941 r 0000000000000012 00000000fffffe00  c.addi   x18, 0x10
#6999 0 0000000000019370 fe0c0be3 r 0000000000000000 0000000000000000  beq      x24, x0, . - 0xa
#7000 0 0000000000019374     8662 r 000000000000000c 0000000000000001  c.mv     x12, x24
#7001 0 0000000000019376     45a9 r 000000000000000b 000000000000000a  c.li     x11, 0xa
#7002 0 0000000000019378     8566 r 000000000000000a 00000000fffffddb  c.mv     x10, x25
#7003 0 000000000001937a f7bfb0ef r 0000000000000001 000000000001937e  jal      x1, . - 0x4086
#7004 0 00000000000152f4 00757793 r 000000000000000f 0000000000000003  andi     x15, x10, 7
#7005 0 00000000000152f8 0ff5f693 r 000000000000000d 000000000000000a  andi     x13, x11, 255
#7006 0 00000000000152fc     c395 r 0000000000000000 0000000000000000  c.beqz   x15, . + 0x24
#7007 0 00000000000152fe fff60793 r 000000000000000f 0000000000000000  addi     x15, x12, -1
#7008 0 0000000000015302     c605 r 0000000000000000 0000000000000000  c.beqz   x12, . + 0x28
#7009 0 0000000000015304     567d r 000000000000000c ffffffffffffffff  c.li     x12, -0x1
#7010 0 0000000000015306     a801 r 0000000000000000 0000000000000000  c.j      . + 0x10
#7011 0 0000000000015316 00054703 r 000000000000000e 0000000000000037  lbu      x14, 0x0(x10)
#7012 0 000000000001531a fed717e3 r 0000000000000000 0000000000000000  bne      x14, x13, . - 0x12
#7013 0 0000000000015308     0505 r 000000000000000a 00000000fffffddc  c.addi   x10, 0x1
#7014 0 000000000001530a 00757713 r 000000000000000e 0000000000000004  andi     x14, x10, 7
#7015 0 000000000001530e     cb11 r 0000000000000000 0000000000000000  c.beqz   x14, . + 0x14
#7016 0 0000000000015310     17fd r 000000000000000f ffffffffffffffff  c.addi   x15, -0x1
#7017 0 0000000000015312 00c78c63 r 0000000000000000 0000000000000000  beq      x15, x12, . + 0x18
#7018 0 000000000001532a     4501 r 000000000000000a 0000000000000000  c.li     x10, 0x0
#7019 0 000000000001532c     8082 r 0000000000000000 0000000000000000  c.jr     x1
#7020 0 000000000001937e 12050f63 r 0000000000000000 0000000000000000  beq      x10, x0, . + 0x13e
#7021 0 00000000000194bc 001c099b r 0000000000000013 0000000000000002  addiw    x19, x24, 1
#7022 0 00000000000194c0     bd19 r 0000000000000000 0000000000000000  c.j      . - 0x1ea
#7023 0 00000000000192d6     8bce r 0000000000000017 0000000000000002  c.mv     x23, x19
#7024 0 00000000000192d8 013c7363 r 0000000000000000 0000000000000000  bgeu     x24, x19, . + 0x6
#7025 0 00000000000192dc     8be2 r 0000000000000017 0000000000000001  c.mv     x23, x24
#7026 0 00000000000192de     6008 r 000000000000000a 0000000000020014  c.ld     x10, 0x0(x8)
#7027 0 00000000000192e0     6c1c r 000000000000000f 0000000000020010  c.ld     x15, 0x18(x8)
#7028 0 00000000000192e2     5014 r 000000000000000d 0000000000000400  c.lw     x13, 0x20(x8)
#7029 0 00000000000192e4     84de r 0000000000000009 0000000000000001  c.mv     x9, x23
#7030 0 00000000000192e6 00a7f763 r 0000000000000000 0000000000000000  bgeu     x15, x10, . + 0xe
#7031 0 00000000000192ea     445c r 000000000000000f fffffffffffffffc  c.lw     x15, 0xc(x8)
#7032 0 00000000000192ec 00d78b3b r 0000000000000016 00000000000003fc  addw     x22, x15, x13
#7033 0 00000000000192f0 097b4d63 r 0000000000000000 0000000000000000  blt      x22, x23, . + 0x9a
#7034 0 00000000000192f4 18dbc463 r 0000000000000000 0000000000000000  blt      x23, x13, . + 0x188
#7035 0 000000000001947c     865e r 000000000000000c 0000000000000001  c.mv     x12, x23
#7036 0 000000000001947e     85e6 r 000000000000000b 00000000fffffddb  c.mv     x11, x25
#7037 0 0000000000019480 1ac000ef r 0000000000000001 0000000000019484  jal      x1, . + 0x1ac
#7038 0 000000000001962c 02a5f263 r 0000000000000000 0000000000000000  bgeu     x11, x10, . + 0x24
#7039 0 0000000000019650     47fd r 000000000000000f 000000000000001f  c.li     x15, 0x1f
#7040 0 0000000000019652 02c7e163 r 0000000000000000 0000000000000000  bltu     x15, x12, . + 0x22
#7041 0 0000000000019656     87aa r 000000000000000f 0000000000020014  c.mv     x15, x10
#7042 0 0000000000019658 fff60693 r 000000000000000d 0000000000000000  addi     x13, x12, -1
#7043 0 000000000001965c     c245 r 0000000000000000 0000000000000000  c.beqz   x12, . + 0xa0
#7044 0 000000000001965e     0685 r 000000000000000d 0000000000000001  c.addi   x13, 0x1
#7045 0 0000000000019660     96be r 000000000000000d 0000000000020015  c.add    x13, x15
#7046 0 0000000000019662 0005c703 r 000000000000000e 0000000000000037  lbu      x14, 0x0(x11)
#7047 0 0000000000019666     0785 r 000000000000000f 0000000000020015  c.addi   x15, 0x1
#7048 0 0000000000019668     0585 r 000000000000000b 00000000fffffddc  c.addi   x11, 0x1
#7049 0 000000000001966a fee78fa3 m 0000000000020014 0000000000000037  sb       x14, -0x1(x15)
#7050 0 000000000001966e fed79ae3 r 0000000000000000 0000000000000000  bne      x15, x13, . - 0xc
#7051 0 0000000000019672     8082 r 0000000000000000 0000000000000000  c.jr     x1
#7052 0 0000000000019484     4454 r 000000000000000d fffffffffffffffc  c.lw     x13, 0xc(x8)
#7053 0 0000000000019486     6018 r 000000000000000e 0000000000020014  c.ld     x14, 0x0(x8)
#7054 0 0000000000019488 000b879b r 000000000000000f 0000000000000001  addiw    x15, x23, 0
#7055 0 000000000001948c 417686bb r 000000000000000d fffffffffffffffb  subw     x13, x13, x23
#7056 0 0000000000019490     975e r 000000000000000e 0000000000020015  c.add    x14, x23
#7057 0 0000000000019492     c454 m 000000000001e854 00000000fffffffb  c.sw     x13, 0xc(x8)
#7058 0 0000000000019494     e018 m 000000000001e848 0000000000020015  c.sd     x14, 0x0(x8)
#7059 0 0000000000019496     bd9d r 0000000000000000 0000000000000000  c.j      . - 0x18a
#7060 0 000000000001930c 40f989bb r 0000000000000013 0000000000000001  subw     x19, x19, x15
#7061 0 0000000000019310     4505 r 000000000000000a 0000000000000001  c.li     x10, 0x1
#7062 0 0000000000019312 02098b63 r 0000000000000000 0000000000000000  beq      x19, x0, . + 0x36
#7063 0 0000000000019316 010a3783 r 000000000000000f 0000000000000001  ld       x15, 0x10(x20)
#7064 0 000000000001931a     9ca6 r 0000000000000019 00000000fffffddc  c.add    x25, x9
#7065 0 000000000001931c 409c0c33 r 0000000000000018 0000000000000000  sub      x24, x24, x9
#7066 0 0000000000019320 409784b3 r 0000000000000009 0000000000000000  sub      x9, x15, x9
#7067 0 0000000000019324 009a3823 m 00000000fffffd70 0000000000000000  sd       x9, 0x10(x20)
#7068 0 0000000000019328     f4c5 r 0000000000000000 0000000000000000  c.bnez   x9, . - 0x58
#7069 0 000000000001932a     4501 r 000000000000000a 0000000000000000  c.li     x10, 0x0
#7070 0 000000000001932c     60e6 r 0000000000000001 0000000000018066  c.ldsp   x1, 0x58
#7071 0 000000000001932e     6446 r 0000000000000008 000000000001c436  c.ldsp   x8, 0x50
#7072 0 0000000000019330     64a6 r 0000000000000009 0000000000000000  c.ldsp   x9, 0x48
#7073 0 0000000000019332     6906 r 0000000000000012 000000000001e848  c.ldsp   x18, 0x40
#7074 0 0000000000019334     79e2 r 0000000000000013 0000000000000001  c.ldsp   x19, 0x38
#7075 0 0000000000019336     7a42 r 0000000000000014 000000000001e260  c.ldsp   x20, 0x30
#7076 0 0000000000019338     7aa2 r 0000000000000015 00000000fffffd60  c.ldsp   x21, 0x28
#7077 0 000000000001933a     7b02 r 0000000000000016 00000000fffffde0  c.ldsp   x22, 0x20
#7078 0 000000000001933c     6be2 r 0000000000000017 0000000000000001  c.ldsp   x23, 0x18
#7079 0 000000000001933e     6c42 r 0000000000000018 fffffffffffffffe  c.ldsp   x24, 0x10
#7080 0 0000000000019340     6ca2 r 0000000000000019 00000000fffffddb  c.ldsp   x25, 0x8
#7081 0 0000000000019342     6d02 r 000000000000001a 0000000000000064  c.ldsp   x26, 0x0
#7082 0 0000000000019344     6125 r 0000000000000002 00000000fffffc00  c.addi16sp 0x6
#7083 0 0000000000019346     8082 r 0000000000000000 0000000000000000  c.jr     x1
#7084 0 0000000000018066     b7e1 r 0000000000000000 0000000000000000  c.j      . - 0x38
#7085 0 000000000001802e     60a6 r 0000000000000001 0000000000010ee0  c.ldsp   x1, 0x48
#7086 0 0000000000018030     6406 r 0000000000000008 000000000001c436  c.ldsp   x8, 0x40
#7087 0 0000000000018032 000ab823 m 00000000fffffd70 0000000000000000  sd       x0, 0x10(x21)
#7088 0 0000000000018036 000aa423 m 00000000fffffd68 0000000000000000  sw       x0, 0x8(x21)
#7089 0 000000000001803a     74e2 r 0000000000000009 0000000000000000  c.ldsp   x9, 0x38
#7090 0 000000000001803c     7942 r 0000000000000012 000000000001e848  c.ldsp   x18, 0x30
#7091 0 000000000001803e     79a2 r 0000000000000013 0000000000000001  c.ldsp   x19, 0x28
#7092 0 0000000000018040     7a02 r 0000000000000014 000000000001e260  c.ldsp   x20, 0x20
#7093 0 0000000000018042     6ae2 r 0000000000000015 0000000000000000  c.ldsp   x21, 0x18
#7094 0 0000000000018044     6b42 r 0000000000000016 00000000fffffde0  c.ldsp   x22, 0x10
#7095 0 0000000000018046     6ba2 r 0000000000000017 0000000000000001  c.ldsp   x23, 0x8
#7096 0 0000000000018048     6161 r 0000000000000002 00000000fffffc50  c.addi16sp 0x5
#7097 0 000000000001804a     8082 r 0000000000000000 0000000000000000  c.jr     x1
#7098 0 0000000000010ee0 ec050263 r 0000000000000000 0000000000000000  beq      x10, x0, . - 0x93c
#7099 0 00000000000105a4     67e2 r 000000000000000f 0000000000000000  c.ldsp   x15, 0x18
#7100 0 00000000000105a6 10012c23 m 00000000fffffd68 0000000000000000  sw       x0, 0x118(x2)
#7101 0 00000000000105aa     c789 r 0000000000000000 0000000000000000  c.beqz   x15, . + 0xa
#7102 0 00000000000105b4     835a r 0000000000000006 00000000fffffde0  c.mv     x6, x22
#7103 0 00000000000105b6     8ca2 r 0000000000000019 000000000001c436  c.mv     x25, x8
#7104 0 00000000000105b8 000cc783 r 000000000000000f 000000000000000a  lbu      x15, 0x0(x25)
#7105 0 00000000000105bc e2079fe3 r 0000000000000000 0000000000000000  bne      x15, x0, . - 0x1c2
#7106 0 00000000000103fa     8466 r 0000000000000008 000000000001c436  c.mv     x8, x25
#7107 0 00000000000103fc 02500713 r 000000000000000e 0000000000000025  addi     x14, x0, 37
#7108 0 0000000000010400 30e78363 r 0000000000000000 0000000000000000  beq      x15, x14, . + 0x306
#7109 0 0000000000010404 00144783 r 000000000000000f 0000000000000000  lbu      x15, 0x1(x8)
#7110 0 0000000000010408     0405 r 0000000000000008 000000000001c437  c.addi   x8, 0x1
#7111 0 000000000001040a     fbfd r 0000000000000000 0000000000000000  c.bnez   x15, . - 0xa
#7112 0 000000000001040c 419404bb r 0000000000000009 0000000000000001  subw     x9, x8, x25
#7113 0 0000000000010410 1a048863 r 0000000000000000 0000000000000000  beq      x9, x0, . + 0x1b0
#7114 0 0000000000010414     7712 r 000000000000000e 0000000000000000  c.ldsp   x14, 0x120
#7115 0 0000000000010416 11812783 r 000000000000000f 0000000000000000  lw       x15, 0x118(x2)
#7116 0 000000000001041a 01933023 m 00000000fffffde0 000000000001c436  sd       x25, 0x0(x6)
#7117 0 000000000001041e     9726 r 000000000000000e 0000000000000001  c.add    x14, x9
#7118 0 0000000000010420     2785 r 000000000000000f 0000000000000001  c.addiw  x15, 0x1
#7119 0 0000000000010422 00933423 m 00000000fffffde8 0000000000000001  sd       x9, 0x8(x6)
#7120 0 0000000000010426     f23a m 00000000fffffd70 0000000000000001  c.sdsp   x14, 0x120
#7121 0 0000000000010428 10f12c23 m 00000000fffffd68 0000000000000001  sw       x15, 0x118(x2)
#7122 0 000000000001042c 0007871b r 000000000000000e 0000000000000001  addiw    x14, x15, 0
#7123 0 0000000000010430     479d r 000000000000000f 0000000000000007  c.li     x15, 0x7
#7124 0 0000000000010432     0341 r 0000000000000006 00000000fffffdf0  c.addi   x6, 0x10
#7125 0 0000000000010434 2ee7c063 r 0000000000000000 0000000000000000  blt      x15, x14, . + 0x2e0
#7126 0 0000000000010438     6722 r 000000000000000e 0000000000000005  c.ldsp   x14, 0x8
#7127 0 000000000001043a 00044783 r 000000000000000f 0000000000000000  lbu      x15, 0x0(x8)
#7128 0 000000000001043e     9f25 r 000000000000000e 0000000000000006  c.addw   x14, x9
#7129 0 0000000000010440     e43a m 00000000fffffc58 0000000000000006  c.sdsp   x14, 0x8
#7130 0 0000000000010442 16078f63 r 0000000000000000 0000000000000000  beq      x15, x0, . + 0x17e
#7131 0 00000000000105c0     7792 r 000000000000000f 0000000000000001  c.ldsp   x15, 0x120
#7132 0 00000000000105c2     c399 r 0000000000000000 0000000000000000  c.beqz   x15, . + 0x6
#7133 0 00000000000105c4 2620106f r 0000000000000000 0000000000000000  j        . + 0x1262
#7134 0 0000000000011826     0a10 r 000000000000000c 00000000fffffd60  c.addi4spn  x12, 0x44
#7135 0 0000000000011828     85ca r 000000000000000b 000000000001e848  c.mv     x11, x18
#7136 0 000000000001182a     8552 r 000000000000000a 000000000001e260  c.mv     x10, x20
#7137 0 000000000001182c 03d060ef r 0000000000000001 0000000000011830  jal      x1, . + 0x683c
#7138 0 0000000000018068     6a18 r 000000000000000e 0000000000000001  c.ld     x14, 0x10(x12)
#7139 0 000000000001806a     c311 r 0000000000000000 0000000000000000  c.beqz   x14, . + 0x4
#7140 0 000000000001806c     bfa1 r 0000000000000000 0000000000000000  c.j      . - 0xa8
#7141 0 0000000000017fc4 0ac5a783 r 000000000000000f 0000000000000000  lw       x15, 0xac(x11)
#7142 0 0000000000017fc8     715d r 0000000000000002 00000000fffffc00  c.addi16sp -0x5
#7143 0 0000000000017fca     6709 r 000000000000000e 0000000000002000  c.lui    x14, 0x2
#7144 0 0000000000017fcc     ec56 m 00000000fffffc18 0000000000000000  c.sdsp   x21, 0x18
#7145 0 0000000000017fce     e486 m 00000000fffffc48 0000000000011830  c.sdsp   x1, 0x48
#7146 0 0000000000017fd0     e0a2 m 00000000fffffc40 000000000001c437  c.sdsp   x8, 0x40
#7147 0 0000000000017fd2     fc26 m 00000000fffffc38 0000000000000001  c.sdsp   x9, 0x38
#7148 0 0000000000017fd4     f84a m 00000000fffffc30 000000000001e848  c.sdsp   x18, 0x30
#7149 0 0000000000017fd6     f44e m 00000000fffffc28 0000000000000001  c.sdsp   x19, 0x28
#7150 0 0000000000017fd8     f052 m 00000000fffffc20 000000000001e260  c.sdsp   x20, 0x20
#7151 0 0000000000017fda     e85a m 00000000fffffc10 00000000fffffde0  c.sdsp   x22, 0x10
#7152 0 0000000000017fdc     e45e m 00000000fffffc08 0000000000000001  c.sdsp   x23, 0x8
#7153 0 0000000000017fde     8ff9 r 000000000000000f 0000000000000000  c.and    x15, x14
#7154 0 0000000000017fe0     8ab2 r 0000000000000015 00000000fffffd60  c.mv     x21, x12
#7155 0 0000000000017fe2     c3c1 r 0000000000000000 0000000000000000  c.beqz   x15, . + 0x80
#7156 0 0000000000018062 146010ef r 0000000000000001 0000000000018066  jal      x1, . + 0x1146
#7157 0 00000000000191a8     6a1c r 000000000000000f 0000000000000001  c.ld     x15, 0x10(x12)
#7158 0 00000000000191aa 1a078c63 r 0000000000000000 0000000000000000  beq      x15, x0, . + 0x1b8
#7159 0 00000000000191ae 0105d783 r 000000000000000f 0000000000002889  lhu      x15, 0x10(x11)
#7160 0 00000000000191b2     711d r 0000000000000002 00000000fffffba0  c.addi16sp -0x6
#7161 0 00000000000191b4     e8a2 m 00000000fffffbf0 000000000001c437  c.sdsp   x8, 0x50
#7162 0 00000000000191b6     f852 m 00000000fffffbd0 000000000001e260  c.sdsp   x20, 0x30
#7163 0 00000000000191b8     f456 m 00000000fffffbc8 00000000fffffd60  c.sdsp   x21, 0x28
#7164 0 00000000000191ba     ec86 m 00000000fffffbf8 0000000000018066  c.sdsp   x1, 0x58
#7165 0 00000000000191bc     e4a6 m 00000000fffffbe8 0000000000000001  c.sdsp   x9, 0x48
#7166 0 00000000000191be     e0ca m 00000000fffffbe0 000000000001e848  c.sdsp   x18, 0x40
#7167 0 00000000000191c0     fc4e m 00000000fffffbd8 0000000000000001  c.sdsp   x19, 0x38
#7168 0 00000000000191c2     f05a m 00000000fffffbc0 00000000fffffde0  c.sdsp   x22, 0x20
#7169 0 00000000000191c4     ec5e m 00000000fffffbb8 0000000000000001  c.sdsp   x23, 0x18
#7170 0 00000000000191c6     e862 m 00000000fffffbb0 fffffffffffffffe  c.sdsp   x24, 0x10
#7171 0 00000000000191c8     e466 m 00000000fffffba8 000000000001c436  c.sdsp   x25, 0x8
#7172 0 00000000000191ca     e06a m 00000000fffffba0 0000000000000064  c.sdsp   x26, 0x0
#7173 0 00000000000191cc 0087f713 r 000000000000000e 0000000000000008  andi     x14, x15, 8
#7174 0 00000000000191d0     8a32 r 0000000000000014 00000000fffffd60  c.mv     x20, x12
#7175 0 00000000000191d2     8aaa r 0000000000000015 000000000001e260  c.mv     x21, x10
#7176 0 00000000000191d4     842e r 0000000000000008 000000000001e848  c.mv     x8, x11
#7177 0 00000000000191d6     c325 r 0000000000000000 0000000000000000  c.beqz   x14, . + 0x60
#7178 0 00000000000191d8     6d98 r 000000000000000e 0000000000020010  c.ld     x14, 0x18(x11)
#7179 0 00000000000191da     cf31 r 0000000000000000 0000000000000000  c.beqz   x14, . + 0x5c
#7180 0 00000000000191dc 0027f713 r 000000000000000e 0000000000000000  andi     x14, x15, 2
#7181 0 00000000000191e0 000a3903 r 0000000000000012 00000000fffffde0  ld       x18, 0x0(x20)
#7182 0 00000000000191e4     c735 r 0000000000000000 0000000000000000  c.beqz   x14, . + 0x6c
#7183 0 0000000000019250 0017f713 r 000000000000000e 0000000000000001  andi     x14, x15, 1
#7184 0 0000000000019254     eb35 r 0000000000000000 0000000000000000  c.bnez   x14, . + 0x74
#7185 0 00000000000192c8     4981 r 0000000000000013 0000000000000000  c.li     x19, 0x0
#7186 0 00000000000192ca     4501 r 000000000000000a 0000000000000000  c.li     x10, 0x0
#7187 0 00000000000192cc     4c81 r 0000000000000019 0000000000000000  c.li     x25, 0x0
#7188 0 00000000000192ce     4c01 r 0000000000000018 0000000000000000  c.li     x24, 0x0
#7189 0 00000000000192d0 080c0b63 r 0000000000000000 0000000000000000  beq      x24, x0, . + 0x96
#7190 0 0000000000019366 00893c03 r 0000000000000018 0000000000000001  ld       x24, 0x8(x18)
#7191 0 000000000001936a 00093c83 r 0000000000000019 000000000001c436  ld       x25, 0x0(x18)
#7192 0 000000000001936e     0941 r 0000000000000012 00000000fffffdf0  c.addi   x18, 0x10
#7193 0 0000000000019370 fe0c0be3 r 0000000000000000 0000000000000000  beq      x24, x0, . - 0xa
#7194 0 0000000000019374     8662 r 000000000000000c 0000000000000001  c.mv     x12, x24
#7195 0 0000000000019376     45a9 r 000000000000000b 000000000000000a  c.li     x11, 0xa
#7196 0 0000000000019378     8566 r 000000000000000a 000000000001c436  c.mv     x10, x25
#7197 0 000000000001937a f7bfb0ef r 0000000000000001 000000000001937e  jal      x1, . - 0x4086
#7198 0 00000000000152f4 00757793 r 000000000000000f 0000000000000006  andi     x15, x10, 7
#7199 0 00000000000152f8 0ff5f693 r 000000000000000d 000000000000000a  andi     x13, x11, 255
#7200 0 00000000000152fc     c395 r 0000000000000000 0000000000000000  c.beqz   x15, . + 0x24
#7201 0 00000000000152fe fff60793 r 000000000000000f 0000000000000000  addi     x15, x12, -1
#7202 0 0000000000015302     c605 r 0000000000000000 0000000000000000  c.beqz   x12, . + 0x28
#7203 0 0000000000015304     567d r 000000000000000c ffffffffffffffff  c.li     x12, -0x1
#7204 0 0000000000015306     a801 r 0000000000000000 0000000000000000  c.j      . + 0x10
#7205 0 0000000000015316 00054703 r 000000000000000e 000000000000000a  lbu      x14, 0x0(x10)
#7206 0 000000000001531a fed717e3 r 0000000000000000 0000000000000000  bne      x14, x13, . - 0x12
#7207 0 000000000001531e     8082 r 0000000000000000 0000000000000000  c.jr     x1
#7208 0 000000000001937e 12050f63 r 0000000000000000 0000000000000000  beq      x10, x0, . + 0x13e
#7209 0 0000000000019382     0505 r 000000000000000a 000000000001c437  c.addi   x10, 0x1
#7210 0 0000000000019384 419509bb r 0000000000000013 0000000000000001  subw     x19, x10, x25
#7211 0 0000000000019388     b7b9 r 0000000000000000 0000000000000000  c.j      . - 0xb2
#7212 0 00000000000192d6     8bce r 0000000000000017 0000000000000001  c.mv     x23, x19
#7213 0 00000000000192d8 013c7363 r 0000000000000000 0000000000000000  bgeu     x24, x19, . + 0x6
#7214 0 00000000000192de     6008 r 000000000000000a 0000000000020015  c.ld     x10, 0x0(x8)
#7215 0 00000000000192e0     6c1c r 000000000000000f 0000000000020010  c.ld     x15, 0x18(x8)
#7216 0 00000000000192e2     5014 r 000000000000000d 0000000000000400  c.lw     x13, 0x20(x8)
#7217 0 00000000000192e4     84de r 0000000000000009 0000000000000001  c.mv     x9, x23
#7218 0 00000000000192e6 00a7f763 r 0000000000000000 0000000000000000  bgeu     x15, x10, . + 0xe
#7219 0 00000000000192ea     445c r 000000000000000f fffffffffffffffb  c.lw     x15, 0xc(x8)
#7220 0 00000000000192ec 00d78b3b r 0000000000000016 00000000000003fb  addw     x22, x15, x13
#7221 0 00000000000192f0 097b4d63 r 0000000000000000 0000000000000000  blt      x22, x23, . + 0x9a
#7222 0 00000000000192f4 18dbc463 r 0000000000000000 0000000000000000  blt      x23, x13, . + 0x188
#7223 0 000000000001947c     865e r 000000000000000c 0000000000000001  c.mv     x12, x23
#7224 0 000000000001947e     85e6 r 000000000000000b 000000000001c436  c.mv     x11, x25
#7225 0 0000000000019480 1ac000ef r 0000000000000001 0000000000019484  jal      x1, . + 0x1ac
#7226 0 000000000001962c 02a5f263 r 0000000000000000 0000000000000000  bgeu     x11, x10, . + 0x24
#7227 0 0000000000019630 00c587b3 r 000000000000000f 000000000001c437  add      x15, x11, x12
#7228 0 0000000000019634 00f57e63 r 0000000000000000 0000000000000000  bgeu     x10, x15, . + 0x1c
#7229 0 0000000000019650     47fd r 000000000000000f 000000000000001f  c.li     x15, 0x1f
#7230 0 0000000000019652 02c7e163 r 0000000000000000 0000000000000000  bltu     x15, x12, . + 0x22
#7231 0 0000000000019656     87aa r 000000000000000f 0000000000020015  c.mv     x15, x10
#7232 0 0000000000019658 fff60693 r 000000000000000d 0000000000000000  addi     x13, x12, -1
#7233 0 000000000001965c     c245 r 0000000000000000 0000000000000000  c.beqz   x12, . + 0xa0
#7234 0 000000000001965e     0685 r 000000000000000d 0000000000000001  c.addi   x13, 0x1
#7235 0 0000000000019660     96be r 000000000000000d 0000000000020016  c.add    x13, x15
#7236 0 0000000000019662 0005c703 r 000000000000000e 000000000000000a  lbu      x14, 0x0(x11)
#7237 0 0000000000019666     0785 r 000000000000000f 0000000000020016  c.addi   x15, 0x1
#7238 0 0000000000019668     0585 r 000000000000000b 000000000001c437  c.addi   x11, 0x1
#7239 0 000000000001966a fee78fa3 m 0000000000020015 000000000000000a  sb       x14, -0x1(x15)
#7240 0 000000000001966e fed79ae3 r 0000000000000000 0000000000000000  bne      x15, x13, . - 0xc
#7241 0 0000000000019672     8082 r 0000000000000000 0000000000000000  c.jr     x1
#7242 0 0000000000019484     4454 r 000000000000000d fffffffffffffffb  c.lw     x13, 0xc(x8)
#7243 0 0000000000019486     6018 r 000000000000000e 0000000000020015  c.ld     x14, 0x0(x8)
#7244 0 0000000000019488 000b879b r 000000000000000f 0000000000000001  addiw    x15, x23, 0
#7245 0 000000000001948c 417686bb r 000000000000000d fffffffffffffffa  subw     x13, x13, x23
#7246 0 0000000000019490     975e r 000000000000000e 0000000000020016  c.add    x14, x23
#7247 0 0000000000019492     c454 m 000000000001e854 00000000fffffffa  c.sw     x13, 0xc(x8)
#7248 0 0000000000019494     e018 m 000000000001e848 0000000000020016  c.sd     x14, 0x0(x8)
#7249 0 0000000000019496     bd9d r 0000000000000000 0000000000000000  c.j      . - 0x18a
#7250 0 000000000001930c 40f989bb r 0000000000000013 0000000000000000  subw     x19, x19, x15
#7251 0 0000000000019310     4505 r 000000000000000a 0000000000000001  c.li     x10, 0x1
#7252 0 0000000000019312 02098b63 r 0000000000000000 0000000000000000  beq      x19, x0, . + 0x36
#7253 0 0000000000019348     85a2 r 000000000000000b 000000000001e848  c.mv     x11, x8
#7254 0 000000000001934a     8556 r 000000000000000a 000000000001e260  c.mv     x10, x21
#7255 0 000000000001934c f0ff80ef r 0000000000000001 0000000000019350  jal      x1, . - 0x70f2
#7256 0 000000000001225a     1101 r 0000000000000002 00000000fffffb80  c.addi   x2, -0x20
#7257 0 000000000001225c     e822 m 00000000fffffb90 000000000001e848  c.sdsp   x8, 0x10
#7258 0 000000000001225e     ec06 m 00000000fffffb98 0000000000019350  c.sdsp   x1, 0x18
#7259 0 0000000000012260     842a r 0000000000000008 000000000001e260  c.mv     x8, x10
#7260 0 0000000000012262     c119 r 0000000000000000 0000000000000000  c.beqz   x10, . + 0x6
#7261 0 0000000000012264     493c r 000000000000000f 0000000000000001  c.lw     x15, 0x50(x10)
#7262 0 0000000000012266     cb89 r 0000000000000000 0000000000000000  c.beqz   x15, . + 0x12
#7263 0 0000000000012268 01059783 r 000000000000000f 0000000000002889  lh       x15, 0x10(x11)
#7264 0 000000000001226c     ef89 r 0000000000000000 0000000000000000  c.bnez   x15, . + 0x1a
#7265 0 0000000000012286     8522 r 000000000000000a 000000000001e260  c.mv     x10, x8
#7266 0 0000000000012288     6442 r 0000000000000008 000000000001e848  c.ldsp   x8, 0x10
#7267 0 000000000001228a     60e2 r 0000000000000001 0000000000019350  c.ldsp   x1, 0x18
#7268 0 000000000001228c     6105 r 0000000000000002 00000000fffffba0  c.addi16sp 0x2
#7269 0 000000000001228e     bd2d r 0000000000000000 0000000000000000  c.j      . - 0x1c6
#7270 0 00000000000120c8 01059783 r 000000000000000f 0000000000002889  lh       x15, 0x10(x11)
#7271 0 00000000000120cc     7179 r 0000000000000002 00000000fffffb70  c.addi16sp -0x3
#7272 0 00000000000120ce     f022 m 00000000fffffb90 000000000001e848  c.sdsp   x8, 0x20
#7273 0 00000000000120d0     e44e m 00000000fffffb78 0000000000000000  c.sdsp   x19, 0x8
#7274 0 00000000000120d2     f406 m 00000000fffffb98 0000000000019350  c.sdsp   x1, 0x28
#7275 0 00000000000120d4     ec26 m 00000000fffffb88 0000000000000001  c.sdsp   x9, 0x18
#7276 0 00000000000120d6     e84a m 00000000fffffb80 00000000fffffdf0  c.sdsp   x18, 0x10
#7277 0 00000000000120d8 0087f693 r 000000000000000d 0000000000000008  andi     x13, x15, 8
#7278 0 00000000000120dc     842e r 0000000000000008 000000000001e848  c.mv     x8, x11
#7279 0 00000000000120de     89aa r 0000000000000013 000000000001e260  c.mv     x19, x10
#7280 0 00000000000120e0     ead5 r 0000000000000000 0000000000000000  c.bnez   x13, . + 0xb4
#7281 0 0000000000012194 0185b903 r 0000000000000012 0000000000020010  ld       x18, 0x18(x11)
#7282 0 0000000000012198 fe0906e3 r 0000000000000000 0000000000000000  beq      x18, x0, . - 0x14
#7283 0 000000000001219c     6184 r 0000000000000009 0000000000020016  c.ld     x9, 0x0(x11)
#7284 0 000000000001219e 03079713 r 000000000000000e 2889000000000000  slli     x14, x15, 48
#7285 0 00000000000121a2     9341 r 000000000000000e 0000000000002889  c.srli   x14, 0x30
#7286 0 00000000000121a4     8b0d r 000000000000000e 0000000000000001  c.andi   x14, 0x3
#7287 0 00000000000121a6 0125b023 m 000000000001e848 0000000000020010  sd       x18, 0x0(x11)
#7288 0 00000000000121aa 412484bb r 0000000000000009 0000000000000006  subw     x9, x9, x18
#7289 0 00000000000121ae     4781 r 000000000000000f 0000000000000000  c.li     x15, 0x0
#7290 0 00000000000121b0     e311 r 0000000000000000 0000000000000000  c.bnez   x14, . + 0x4
#7291 0 00000000000121b4     c45c m 000000000001e854 0000000000000000  c.sw     x15, 0xc(x8)
#7292 0 00000000000121b6 00904663 r 0000000000000000 0000000000000000  blt      x0, x9, . + 0xc
#7293 0 00000000000121c2     603c r 000000000000000f 0000000000016190  c.ld     x15, 0x40(x8)
#7294 0 00000000000121c4     780c r 000000000000000b 000000000001e848  c.ld     x11, 0x30(x8)
#7295 0 00000000000121c6     86a6 r 000000000000000d 0000000000000006  c.mv     x13, x9
#7296 0 00000000000121c8     864a r 000000000000000c 0000000000020010  c.mv     x12, x18
#7297 0 00000000000121ca     854e r 000000000000000a 000000000001e260  c.mv     x10, x19
#7298 0 00000000000121cc     9782 r 0000000000000001 00000000000121ce  c.jalr   x15
#7299 0 0000000000016190 01059783 r 000000000000000f 0000000000002889  lh       x15, 0x10(x11)
#7300 0 0000000000016194     7179 r 0000000000000002 00000000fffffb40  c.addi16sp -0x3
#7301 0 0000000000016196     f022 m 00000000fffffb60 000000000001e848  c.sdsp   x8, 0x20
#7302 0 0000000000016198     ec26 m 00000000fffffb58 0000000000000006  c.sdsp   x9, 0x18
#7303 0 000000000001619a     e84a m 00000000fffffb50 0000000000020010  c.sdsp   x18, 0x10
#7304 0 000000000001619c     e44e m 00000000fffffb48 000000000001e260  c.sdsp   x19, 0x8
#7305 0 000000000001619e     f406 m 00000000fffffb68 00000000000121ce  c.sdsp   x1, 0x28
#7306 0 00000000000161a0 1007f713 r 000000000000000e 0000000000000000  andi     x14, x15, 256
#7307 0 00000000000161a4     842e r 0000000000000008 000000000001e848  c.mv     x8, x11
#7308 0 00000000000161a6     84aa r 0000000000000009 000000000001e260  c.mv     x9, x10
#7309 0 00000000000161a8 01259583 r 000000000000000b 0000000000000001  lh       x11, 0x12(x11)
#7310 0 00000000000161ac     8932 r 0000000000000012 0000000000020010  c.mv     x18, x12
#7311 0 00000000000161ae     89b6 r 0000000000000013 0000000000000006  c.mv     x19, x13
#7312 0 00000000000161b0     e30d r 0000000000000000 0000000000000000  c.bnez   x14, . + 0x22
#7313 0 00000000000161b2     777d r 000000000000000e fffffffffffff000  c.lui    x14, 0xfffff
#7314 0 00000000000161b4     177d r 000000000000000e ffffffffffffefff  c.addi   x14, -0x1
#7315 0 00000000000161b6     8ff9 r 000000000000000f 0000000000002889  c.and    x15, x14
#7316 0 00000000000161b8 00f41823 m 000000000001e858 0000000000002889  sh       x15, 0x10(x8)
#7317 0 00000000000161bc     7402 r 0000000000000008 000000000001e848  c.ldsp   x8, 0x20
#7318 0 00000000000161be     70a2 r 0000000000000001 00000000000121ce  c.ldsp   x1, 0x28
#7319 0 00000000000161c0     86ce r 000000000000000d 0000000000000006  c.mv     x13, x19
#7320 0 00000000000161c2     864a r 000000000000000c 0000000000020010  c.mv     x12, x18
#7321 0 00000000000161c4     69a2 r 0000000000000013 000000000001e260  c.ldsp   x19, 0x8
#7322 0 00000000000161c6     6942 r 0000000000000012 0000000000020010  c.ldsp   x18, 0x10
#7323 0 00000000000161c8     8526 r 000000000000000a 000000000001e260  c.mv     x10, x9
#7324 0 00000000000161ca     64e2 r 0000000000000009 0000000000000006  c.ldsp   x9, 0x18
#7325 0 00000000000161cc     6145 r 0000000000000002 00000000fffffb70  c.addi16sp 0x3
#7326 0 00000000000161ce 3a70206f r 0000000000000000 0000000000000000  j        . + 0x2ba6
#7327 0 0000000000018d74     1101 r 0000000000000002 00000000fffffb50  c.addi   x2, -0x20
#7328 0 0000000000018d76     872e r 000000000000000e 0000000000000001  c.mv     x14, x11
#7329 0 0000000000018d78     e822 m 00000000fffffb60 000000000001e848  c.sdsp   x8, 0x10
#7330 0 0000000000018d7a     e426 m 00000000fffffb58 0000000000000006  c.sdsp   x9, 0x8
#7331 0 0000000000018d7c     85b2 r 000000000000000b 0000000000020010  c.mv     x11, x12
#7332 0 0000000000018d7e     842a r 0000000000000008 000000000001e260  c.mv     x8, x10
#7333 0 0000000000018d80     8636 r 000000000000000c 0000000000000006  c.mv     x12, x13
#7334 0 0000000000018d82     853a r 000000000000000a 0000000000000001  c.mv     x10, x14
#7335 0 0000000000018d84     ec06 m 00000000fffffb68 00000000000121ce  c.sdsp   x1, 0x18
#7336 0 0000000000018d86 7801a823 m 000000000001f3d8 0000000000000000  sw       x0, 0x790(x3)
#7337 0 0000000000018d8a 208020ef r 0000000000000001 0000000000018d8e  jal      x1, . + 0x2208
#7338 0 000000000001af92     1141 r 0000000000000002 00000000fffffb40  c.addi   x2, -0x10
#7339 0 000000000001af94     e406 m 00000000fffffb48 0000000000018d8e  c.sdsp   x1, 0x8
#7340 0 000000000001af96     e022 m 00000000fffffb40 000000000001e260  c.sdsp   x8, 0x0
#7341 0 000000000001af98 04000893 r 0000000000000011 0000000000000040  addi     x17, x0, 64
#7342 0 000000000001af9c 00000073 r 000000000000000a 0000000000000006  ecall    
#7343 0 000000000001afa0     842a r 0000000000000008 0000000000000006  c.mv     x8, x10
#7344 0 000000000001afa2 00054763 r 0000000000000000 0000000000000000  blt      x10, x0, . + 0xe
#7345 0 000000000001afa6     60a2 r 0000000000000001 0000000000018d8e  c.ldsp   x1, 0x8
#7346 0 000000000001afa8     8522 r 000000000000000a 0000000000000006  c.mv     x10, x8
#7347 0 000000000001afaa     6402 r 0000000000000008 000000000001e260  c.ldsp   x8, 0x0
#7348 0 000000000001afac     0141 r 0000000000000002 00000000fffffb50  c.addi   x2, 0x10
#7349 0 000000000001afae     8082 r 0000000000000000 0000000000000000  c.jr     x1
#7350 0 0000000000018d8e     57fd r 000000000000000f ffffffffffffffff  c.li     x15, -0x1
#7351 0 0000000000018d90 00f50763 r 0000000000000000 0000000000000000  beq      x10, x15, . + 0xe
#7352 0 0000000000018d94     60e2 r 0000000000000001 00000000000121ce  c.ldsp   x1, 0x18
#7353 0 0000000000018d96     6442 r 0000000000000008 000000000001e848  c.ldsp   x8, 0x10
#7354 0 0000000000018d98     64a2 r 0000000000000009 0000000000000006  c.ldsp   x9, 0x8
#7355 0 0000000000018d9a     6105 r 0000000000000002 00000000fffffb70  c.addi16sp 0x2
#7356 0 0000000000018d9c     8082 r 0000000000000000 0000000000000000  c.jr     x1
#7357 0 00000000000121ce     9c89 r 0000000000000009 0000000000000000  c.subw   x9, x10
#7358 0 00000000000121d0 fea046e3 r 0000000000000000 0000000000000000  blt      x0, x10, . - 0x14
#7359 0 00000000000121bc     992a r 0000000000000012 0000000000020016  c.add    x18, x10
#7360 0 00000000000121be fc9053e3 r 0000000000000000 0000000000000000  bge      x0, x9, . - 0x3a
#7361 0 0000000000012184     4501 r 000000000000000a 0000000000000000  c.li     x10, 0x0
#7362 0 0000000000012186     70a2 r 0000000000000001 0000000000019350  c.ldsp   x1, 0x28
#7363 0 0000000000012188     7402 r 0000000000000008 000000000001e848  c.ldsp   x8, 0x20
#7364 0 000000000001218a     64e2 r 0000000000000009 0000000000000001  c.ldsp   x9, 0x18
#7365 0 000000000001218c     6942 r 0000000000000012 00000000fffffdf0  c.ldsp   x18, 0x10
#7366 0 000000000001218e     69a2 r 0000000000000013 0000000000000000  c.ldsp   x19, 0x8
#7367 0 0000000000012190     6145 r 0000000000000002 00000000fffffba0  c.addi16sp 0x3
#7368 0 0000000000012192     8082 r 0000000000000000 0000000000000000  c.jr     x1
#7369 0 0000000000019350     d179 r 0000000000000000 0000000000000000  c.beqz   x10, . - 0x3a
#7370 0 0000000000019316 010a3783 r 000000000000000f 0000000000000001  ld       x15, 0x10(x20)
#7371 0 000000000001931a     9ca6 r 0000000000000019 000000000001c437  c.add    x25, x9
#7372 0 000000000001931c 409c0c33 r 0000000000000018 0000000000000000  sub      x24, x24, x9
#7373 0 0000000000019320 409784b3 r 0000000000000009 0000000000000000  sub      x9, x15, x9
#7374 0 0000000000019324 009a3823 m 00000000fffffd70 0000000000000000  sd       x9, 0x10(x20)
#7375 0 0000000000019328     f4c5 r 0000000000000000 0000000000000000  c.bnez   x9, . - 0x58
#7376 0 000000000001932a     4501 r 000000000000000a 0000000000000000  c.li     x10, 0x0
#7377 0 000000000001932c     60e6 r 0000000000000001 0000000000018066  c.ldsp   x1, 0x58
#7378 0 000000000001932e     6446 r 0000000000000008 000000000001c437  c.ldsp   x8, 0x50
#7379 0 0000000000019330     64a6 r 0000000000000009 0000000000000001  c.ldsp   x9, 0x48
#7380 0 0000000000019332     6906 r 0000000000000012 000000000001e848  c.ldsp   x18, 0x40
#7381 0 0000000000019334     79e2 r 0000000000000013 0000000000000001  c.ldsp   x19, 0x38
#7382 0 0000000000019336     7a42 r 0000000000000014 000000000001e260  c.ldsp   x20, 0x30
#7383 0 0000000000019338     7aa2 r 0000000000000015 00000000fffffd60  c.ldsp   x21, 0x28
#7384 0 000000000001933a     7b02 r 0000000000000016 00000000fffffde0  c.ldsp   x22, 0x20
#7385 0 000000000001933c     6be2 r 0000000000000017 0000000000000001  c.ldsp   x23, 0x18
#7386 0 000000000001933e     6c42 r 0000000000000018 fffffffffffffffe  c.ldsp   x24, 0x10
#7387 0 0000000000019340     6ca2 r 0000000000000019 000000000001c436  c.ldsp   x25, 0x8
#7388 0 0000000000019342     6d02 r 000000000000001a 0000000000000064  c.ldsp   x26, 0x0
#7389 0 0000000000019344     6125 r 0000000000000002 00000000fffffc00  c.addi16sp 0x6
#7390 0 0000000000019346     8082 r 0000000000000000 0000000000000000  c.jr     x1
#7391 0 0000000000018066     b7e1 r 0000000000000000 0000000000000000  c.j      . - 0x38
#7392 0 000000000001802e     60a6 r 0000000000000001 0000000000011830  c.ldsp   x1, 0x48
#7393 0 0000000000018030     6406 r 0000000000000008 000000000001c437  c.ldsp   x8, 0x40
#7394 0 0000000000018032 000ab823 m 00000000fffffd70 0000000000000000  sd       x0, 0x10(x21)
#7395 0 0000000000018036 000aa423 m 00000000fffffd68 0000000000000000  sw       x0, 0x8(x21)
#7396 0 000000000001803a     74e2 r 0000000000000009 0000000000000001  c.ldsp   x9, 0x38
#7397 0 000000000001803c     7942 r 0000000000000012 000000000001e848  c.ldsp   x18, 0x30
#7398 0 000000000001803e     79a2 r 0000000000000013 0000000000000001  c.ldsp   x19, 0x28
#7399 0 0000000000018040     7a02 r 0000000000000014 000000000001e260  c.ldsp   x20, 0x20
#7400 0 0000000000018042     6ae2 r 0000000000000015 0000000000000000  c.ldsp   x21, 0x18
#7401 0 0000000000018044     6b42 r 0000000000000016 00000000fffffde0  c.ldsp   x22, 0x10
#7402 0 0000000000018046     6ba2 r 0000000000000017 0000000000000001  c.ldsp   x23, 0x8
#7403 0 0000000000018048     6161 r 0000000000000002 00000000fffffc50  c.addi16sp 0x5
#7404 0 000000000001804a     8082 r 0000000000000000 0000000000000000  c.jr     x1
#7405 0 0000000000011830 d99fe06f r 0000000000000000 0000000000000000  j        . - 0x1268
#7406 0 00000000000105c8 01095783 r 000000000000000f 0000000000002889  lhu      x15, 0x10(x18)
#7407 0 00000000000105cc 0407f793 r 000000000000000f 0000000000000000  andi     x15, x15, 64
#7408 0 00000000000105d0     c399 r 0000000000000000 0000000000000000  c.beqz   x15, . + 0x6
#7409 0 00000000000105d6 27813083 r 0000000000000001 000000000001030c  ld       x1, 0x278(x2)
#7410 0 00000000000105da 27013403 r 0000000000000008 00000000ffffff50  ld       x8, 0x270(x2)
#7411 0 00000000000105de     6522 r 000000000000000a 0000000000000006  c.ldsp   x10, 0x8
#7412 0 00000000000105e0 26813483 r 0000000000000009 0000000000000000  ld       x9, 0x268(x2)
#7413 0 00000000000105e4 26013903 r 0000000000000012 0000000000000000  ld       x18, 0x260(x2)
#7414 0 00000000000105e8 25813983 r 0000000000000013 0000000000000000  ld       x19, 0x258(x2)
#7415 0 00000000000105ec 25013a03 r 0000000000000014 0000000000000000  ld       x20, 0x250(x2)
#7416 0 00000000000105f0 24813a83 r 0000000000000015 0000000000000000  ld       x21, 0x248(x2)
#7417 0 00000000000105f4 24013b03 r 0000000000000016 0000000000000000  ld       x22, 0x240(x2)
#7418 0 00000000000105f8 23813b83 r 0000000000000017 0000000000000000  ld       x23, 0x238(x2)
#7419 0 00000000000105fc 23013c03 r 0000000000000018 0000000000000000  ld       x24, 0x230(x2)
#7420 0 0000000000010600 22813c83 r 0000000000000019 0000000000000000  ld       x25, 0x228(x2)
#7421 0 0000000000010604 22013d03 r 000000000000001a 0000000000000000  ld       x26, 0x220(x2)
#7422 0 0000000000010608 21813d83 r 000000000000001b 0000000000000000  ld       x27, 0x218(x2)
#7423 0 000000000001060c 28010113 r 0000000000000002 00000000fffffed0  addi     x2, x2, 640
#7424 0 0000000000010610     8082 r 0000000000000000 0000000000000000  c.jr     x1
#7425 0 000000000001030c     60e2 r 0000000000000001 000000000001016e  c.ldsp   x1, 0x18
#7426 0 000000000001030e     6125 r 0000000000000002 00000000ffffff30  c.addi16sp 0x6
#7427 0 0000000000010310     8082 r 0000000000000000 0000000000000000  c.jr     x1
#7428 0 000000000001016e fec42783 r 000000000000000f 0000000000000007  lw       x15, -0x14(x8)
#7429 0 0000000000010172     2785 r 000000000000000f 0000000000000008  c.addiw  x15, 0x1
#7430 0 0000000000010174 fef42623 m 00000000ffffff3c 0000000000000008  sw       x15, -0x14(x8)
#7431 0 0000000000010178 fec42783 r 000000000000000f 0000000000000008  lw       x15, -0x14(x8)
#7432 0 000000000001017c 0007871b r 000000000000000e 0000000000000008  addiw    x14, x15, 0
#7433 0 0000000000010180     47a5 r 000000000000000f 0000000000000009  c.li     x15, 0x9
#7434 0 0000000000010182 fce7dee3 r 0000000000000000 0000000000000000  bge      x15, x14, . - 0x24
#7435 0 000000000001015e fec42783 r 000000000000000f 0000000000000008  lw       x15, -0x14(x8)
#7436 0 0000000000010162     85be r 000000000000000b 0000000000000008  c.mv     x11, x15
#7437 0 0000000000010164     67f1 r 000000000000000f 000000000001c000  c.lui    x15, 0x1c
#7438 0 0000000000010166 43078513 r 000000000000000a 000000000001c430  addi     x10, x15, 1072
#7439 0 000000000001016a 17c000ef r 0000000000000001 000000000001016e  jal      x1, . + 0x17c
#7440 0 00000000000102e6 7581b303 r 0000000000000006 000000000001e260  ld       x6, 0x758(x3)
#7441 0 00000000000102ea     711d r 0000000000000002 00000000fffffed0  c.addi16sp -0x6
#7442 0 00000000000102ec     f832 m 00000000ffffff00 0000000000000006  c.sdsp   x12, 0x30
#7443 0 00000000000102ee     fc36 m 00000000ffffff08 0000000000000006  c.sdsp   x13, 0x38
#7444 0 00000000000102f0     f42e m 00000000fffffef8 0000000000000008  c.sdsp   x11, 0x28
#7445 0 00000000000102f2     e0ba m 00000000ffffff10 0000000000000008  c.sdsp   x14, 0x40
#7446 0 00000000000102f4     e4be m 00000000ffffff18 000000000001c000  c.sdsp   x15, 0x48
#7447 0 00000000000102f6     e8c2 m 00000000ffffff20 0000000000000000  c.sdsp   x16, 0x50
#7448 0 00000000000102f8     ecc6 m 00000000ffffff28 0000000000000040  c.sdsp   x17, 0x58
#7449 0 00000000000102fa 01033583 r 000000000000000b 000000000001e848  ld       x11, 0x10(x6)
#7450 0 00000000000102fe     1034 r 000000000000000d 00000000fffffef8  c.addi4spn  x13, 0xa
#7451 0 0000000000010300     862a r 000000000000000c 000000000001c430  c.mv     x12, x10
#7452 0 0000000000010302     851a r 000000000000000a 000000000001e260  c.mv     x10, x6
#7453 0 0000000000010304     ec06 m 00000000fffffee8 000000000001016e  c.sdsp   x1, 0x18
#7454 0 0000000000010306     e436 m 00000000fffffed8 00000000fffffef8  c.sdsp   x13, 0x8
#7455 0 0000000000010308 00a000ef r 0000000000000001 000000000001030c  jal      x1, . + 0xa
#7456 0 0000000000010312 d8010113 r 0000000000000002 00000000fffffc50  addi     x2, x2, -640
#7457 0 0000000000010316 26113c23 m 00000000fffffec8 000000000001030c  sd       x1, 0x278(x2)
#7458 0 000000000001031a 27213023 m 00000000fffffeb0 0000000000000000  sd       x18, 0x260(x2)
#7459 0 000000000001031e 25413823 m 00000000fffffea0 0000000000000000  sd       x20, 0x250(x2)
#7460 0 0000000000010322 23913423 m 00000000fffffe78 0000000000000000  sd       x25, 0x228(x2)
#7461 0 0000000000010326     892e r 0000000000000012 000000000001e848  c.mv     x18, x11
#7462 0 0000000000010328     8cb2 r 0000000000000019 000000000001c430  c.mv     x25, x12
#7463 0 000000000001032a     e836 m 00000000fffffc60 00000000fffffef8  c.sdsp   x13, 0x10
#7464 0 000000000001032c 26813823 m 00000000fffffec0 00000000ffffff50  sd       x8, 0x270(x2)
#7465 0 0000000000010330 26913423 m 00000000fffffeb8 0000000000000000  sd       x9, 0x268(x2)
#7466 0 0000000000010334 25313c23 m 00000000fffffea8 0000000000000000  sd       x19, 0x258(x2)
#7467 0 0000000000010338 25513423 m 00000000fffffe98 0000000000000000  sd       x21, 0x248(x2)
#7468 0 000000000001033c 25613023 m 00000000fffffe90 0000000000000000  sd       x22, 0x240(x2)
#7469 0 0000000000010340 23713c23 m 00000000fffffe88 0000000000000000  sd       x23, 0x238(x2)
#7470 0 0000000000010344 23813823 m 00000000fffffe80 0000000000000000  sd       x24, 0x230(x2)
#7471 0 0000000000010348 23a13023 m 00000000fffffe70 0000000000000000  sd       x26, 0x220(x2)
#7472 0 000000000001034c 21b13c23 m 00000000fffffe68 0000000000000000  sd       x27, 0x218(x2)
#7473 0 0000000000010350     8a2a r 0000000000000014 000000000001e260  c.mv     x20, x10
#7474 0 0000000000010352 6fa040ef r 0000000000000001 0000000000010356  jal      x1, . + 0x46fa
#7475 0 0000000000014a4c e6018513 r 000000000000000a 000000000001eaa8  addi     x10, x3, -416
#7476 0 0000000000014a50     8082 r 0000000000000000 0000000000000000  c.jr     x1
#7477 0 0000000000010356     611c r 000000000000000f 000000000001c980  c.ld     x15, 0x0(x10)
#7478 0 0000000000010358     853e r 000000000000000a 000000000001c980  c.mv     x10, x15
#7479 0 000000000001035a     f8be m 00000000fffffcc0 000000000001c980  c.sdsp   x15, 0x70
#7480 0 000000000001035c 058060ef r 0000000000000001 0000000000010360  jal      x1, . + 0x6058
#7481 0 00000000000163b4 00757793 r 000000000000000f 0000000000000000  andi     x15, x10, 7
#7482 0 00000000000163b8     872a r 000000000000000e 000000000001c980  c.mv     x14, x10
#7483 0 00000000000163ba     eba9 r 0000000000000000 0000000000000000  c.bnez   x15, . + 0x52
#7484 0 00000000000163bc 7401b683 r 000000000000000d 7f7f7f7f7f7f7f7f  ld       x13, 0x740(x3)
#7485 0 00000000000163c0     55fd r 000000000000000b ffffffffffffffff  c.li     x11, -0x1
#7486 0 00000000000163c2     6310 r 000000000000000c 000000000000002e  c.ld     x12, 0x0(x14)
#7487 0 00000000000163c4     0721 r 000000000000000e 000000000001c988  c.addi   x14, 0x8
#7488 0 00000000000163c6 00d677b3 r 000000000000000f 000000000000002e  and      x15, x12, x13
#7489 0 00000000000163ca     97b6 r 000000000000000f 7f7f7f7f7f7f7fad  c.add    x15, x13
#7490 0 00000000000163cc     8fd1 r 000000000000000f 7f7f7f7f7f7f7faf  c.or     x15, x12
#7491 0 00000000000163ce     8fd5 r 000000000000000f 7f7f7f7f7f7f7fff  c.or     x15, x13
#7492 0 00000000000163d0 feb789e3 r 0000000000000000 0000000000000000  beq      x15, x11, . - 0xe
#7493 0 00000000000163d4 ff874683 r 000000000000000d 000000000000002e  lbu      x13, -0x8(x14)
#7494 0 00000000000163d8 40a707b3 r 000000000000000f 0000000000000008  sub      x15, x14, x10
#7495 0 00000000000163dc     c6a9 r 0000000000000000 0000000000000000  c.beqz   x13, . + 0x4a
#7496 0 00000000000163de ff974683 r 000000000000000d 0000000000000000  lbu      x13, -0x7(x14)
#7497 0 00000000000163e2     ce9d r 0000000000000000 0000000000000000  c.beqz   x13, . + 0x3e
#7498 0 0000000000016420 ff978513 r 000000000000000a 0000000000000001  addi     x10, x15, -7
#7499 0 0000000000016424     8082 r 0000000000000000 0000000000000000  c.jr     x1
#7500 0 0000000000010360     f4aa m 00000000fffffcb8 0000000000000001  c.sdsp   x10, 0x68
#7501 0 0000000000010362     e202 m 00000000fffffd50 0000000000000000  c.sdsp   x0, 0x100
#7502 0 0000000000010364     e602 m 00000000fffffd58 0000000000000000  c.sdsp   x0, 0x108
#7503 0 0000000000010366 000a0663 r 0000000000000000 0000000000000000  beq      x20, x0, . + 0xc
#7504 0 000000000001036a 050a2783 r 000000000000000f 0000000000000001  lw       x15, 0x50(x20)
#7505 0 000000000001036e 72078963 r 0000000000000000 0000000000000000  beq      x15, x0, . + 0x732
#7506 0 0000000000010372 01091703 r 000000000000000e 0000000000002889  lh       x14, 0x10(x18)
#7507 0 0000000000010376     6689 r 000000000000000d 0000000000002000  c.lui    x13, 0x2
#7508 0 0000000000010378 03071793 r 000000000000000f 2889000000000000  slli     x15, x14, 48
#7509 0 000000000001037c     93c1 r 000000000000000f 0000000000002889  c.srli   x15, 0x30
#7510 0 000000000001037e 00d7f633 r 000000000000000c 0000000000002000  and      x12, x15, x13
#7511 0 0000000000010382     e215 r 0000000000000000 0000000000000000  c.bnez   x12, . + 0x24
#7512 0 00000000000103a6 0087f713 r 000000000000000e 0000000000000008  andi     x14, x15, 8
#7513 0 00000000000103aa 26070a63 r 0000000000000000 0000000000000000  beq      x14, x0, . + 0x274
#7514 0 00000000000103ae 01893703 r 000000000000000e 0000000000020010  ld       x14, 0x18(x18)
#7515 0 00000000000103b2 26070663 r 0000000000000000 0000000000000000  beq      x14, x0, . + 0x26c
#7516 0 00000000000103b6     8be9 r 000000000000000f 0000000000000008  c.andi   x15, 0x1a
#7517 0 00000000000103b8     4729 r 000000000000000e 000000000000000a  c.li     x14, 0xa
#7518 0 00000000000103ba 26e78f63 r 0000000000000000 0000000000000000  beq      x15, x14, . + 0x27e
#7519 0 00000000000103be     67f1 r 000000000000000f 000000000001c000  c.lui    x15, 0x1c
#7520 0 00000000000103c0 6587b783 r 000000000000000f 3ffc000000000000  ld       x15, 0x658(x15)
#7521 0 00000000000103c4 19010b13 r 0000000000000016 00000000fffffde0  addi     x22, x2, 400
#7522 0 00000000000103c8     ea5a m 00000000fffffd60 00000000fffffde0  c.sdsp   x22, 0x110
#7523 0 00000000000103ca     ed3e m 00000000fffffce8 3ffc000000000000  c.sdsp   x15, 0x98
#7524 0 00000000000103cc     67f1 r 000000000000000f 000000000001c000  c.lui    x15, 0x1c
#7525 0 00000000000103ce 6387b783 r 000000000000000f 4003000000000000  ld       x15, 0x638(x15)
#7526 0 00000000000103d2     f202 m 00000000fffffd70 0000000000000000  c.sdsp   x0, 0x120
#7527 0 00000000000103d4 10012c23 m 00000000fffffd68 0000000000000000  sw       x0, 0x118(x2)
#7528 0 00000000000103d8     e93e m 00000000fffffce0 4003000000000000  c.sdsp   x15, 0x90
#7529 0 00000000000103da     67f1 r 000000000000000f 000000000001c000  c.lui    x15, 0x1c
#7530 0 00000000000103dc 6487b783 r 000000000000000f 3ffe000000000000  ld       x15, 0x648(x15)
#7531 0 00000000000103e0     f002 m 00000000fffffc70 0000000000000000  c.sdsp   x0, 0x20
#7532 0 00000000000103e2     f402 m 00000000fffffc78 0000000000000000  c.sdsp   x0, 0x28
#7533 0 00000000000103e4     f13e m 00000000fffffcf0 3ffe000000000000  c.sdsp   x15, 0xa0
#7534 0 00000000000103e6 000cc783 r 000000000000000f 0000000000000069  lbu      x15, 0x0(x25)
#7535 0 00000000000103ea     fc82 m 00000000fffffcc8 0000000000000000  c.sdsp   x0, 0x78
#7536 0 00000000000103ec     f082 m 00000000fffffcb0 0000000000000000  c.sdsp   x0, 0x60
#7537 0 00000000000103ee     e102 m 00000000fffffcd0 0000000000000000  c.sdsp   x0, 0x80
#7538 0 00000000000103f0     e502 m 00000000fffffcd8 0000000000000000  c.sdsp   x0, 0x88
#7539 0 00000000000103f2     e402 m 00000000fffffc58 0000000000000000  c.sdsp   x0, 0x8
#7540 0 00000000000103f4     835a r 0000000000000006 00000000fffffde0  c.mv     x6, x22
#7541 0 00000000000103f6 1c078563 r 0000000000000000 0000000000000000  beq      x15, x0, . + 0x1ca
#7542 0 00000000000103fa     8466 r 0000000000000008 000000000001c430  c.mv     x8, x25
#7543 0 00000000000103fc 02500713 r 000000000000000e 0000000000000025  addi     x14, x0, 37
#7544 0 0000000000010400 30e78363 r 0000000000000000 0000000000000000  beq      x15, x14, . + 0x306
#7545 0 0000000000010404 00144783 r 000000000000000f 0000000000000020  lbu      x15, 0x1(x8)
#7546 0 0000000000010408     0405 r 0000000000000008 000000000001c431  c.addi   x8, 0x1
#7547 0 000000000001040a     fbfd r 0000000000000000 0000000000000000  c.bnez   x15, . - 0xa
#7548 0 0000000000010400 30e78363 r 0000000000000000 0000000000000000  beq      x15, x14, . + 0x306
#7549 0 0000000000010404 00144783 r 000000000000000f 000000000000003d  lbu      x15, 0x1(x8)
#7550 0 0000000000010408     0405 r 0000000000000008 000000000001c432  c.addi   x8, 0x1
#7551 0 000000000001040a     fbfd r 0000000000000000 0000000000000000  c.bnez   x15, . - 0xa
#7552 0 0000000000010400 30e78363 r 0000000000000000 0000000000000000  beq      x15, x14, . + 0x306
#7553 0 0000000000010404 00144783 r 000000000000000f 0000000000000020  lbu      x15, 0x1(x8)
#7554 0 0000000000010408     0405 r 0000000000000008 000000000001c433  c.addi   x8, 0x1
#7555 0 000000000001040a     fbfd r 0000000000000000 0000000000000000  c.bnez   x15, . - 0xa
#7556 0 0000000000010400 30e78363 r 0000000000000000 0000000000000000  beq      x15, x14, . + 0x306
#7557 0 0000000000010404 00144783 r 000000000000000f 0000000000000025  lbu      x15, 0x1(x8)
#7558 0 0000000000010408     0405 r 0000000000000008 000000000001c434  c.addi   x8, 0x1
#7559 0 000000000001040a     fbfd r 0000000000000000 0000000000000000  c.bnez   x15, . - 0xa
#7560 0 0000000000010400 30e78363 r 0000000000000000 0000000000000000  beq      x15, x14, . + 0x306
#7561 0 0000000000010706 419404bb r 0000000000000009 0000000000000004  subw     x9, x8, x25
#7562 0 000000000001070a d00495e3 r 0000000000000000 0000000000000000  bne      x9, x0, . - 0x2f6
#7563 0 0000000000010414     7712 r 000000000000000e 0000000000000000  c.ldsp   x14, 0x120
#7564 0 0000000000010416 11812783 r 000000000000000f 0000000000000000  lw       x15, 0x118(x2)
#7565 0 000000000001041a 01933023 m 00000000fffffde0 000000000001c430  sd       x25, 0x0(x6)
#7566 0 000000000001041e     9726 r 000000000000000e 0000000000000004  c.add    x14, x9
#7567 0 0000000000010420     2785 r 000000000000000f 0000000000000001  c.addiw  x15, 0x1
#7568 0 0000000000010422 00933423 m 00000000fffffde8 0000000000000004  sd       x9, 0x8(x6)
#7569 0 0000000000010426     f23a m 00000000fffffd70 0000000000000004  c.sdsp   x14, 0x120
#7570 0 0000000000010428 10f12c23 m 00000000fffffd68 0000000000000001  sw       x15, 0x118(x2)
#7571 0 000000000001042c 0007871b r 000000000000000e 0000000000000001  addiw    x14, x15, 0
#7572 0 0000000000010430     479d r 000000000000000f 0000000000000007  c.li     x15, 0x7
#7573 0 0000000000010432     0341 r 0000000000000006 00000000fffffdf0  c.addi   x6, 0x10
#7574 0 0000000000010434 2ee7c063 r 0000000000000000 0000000000000000  blt      x15, x14, . + 0x2e0
#7575 0 0000000000010438     6722 r 000000000000000e 0000000000000000  c.ldsp   x14, 0x8
#7576 0 000000000001043a 00044783 r 000000000000000f 0000000000000025  lbu      x15, 0x0(x8)
#7577 0 000000000001043e     9f25 r 000000000000000e 0000000000000004  c.addw   x14, x9
#7578 0 0000000000010440     e43a m 00000000fffffc58 0000000000000004  c.sdsp   x14, 0x8
#7579 0 0000000000010442 16078f63 r 0000000000000000 0000000000000000  beq      x15, x0, . + 0x17e
#7580 0 0000000000010446     67f1 r 000000000000000f 000000000001c000  c.lui    x15, 0x1c
#7581 0 0000000000010448 00144e03 r 000000000000001c 0000000000000064  lbu      x28, 0x1(x8)
#7582 0 000000000001044c 0c010fa3 m 00000000fffffd2f 0000000000000000  sb       x0, 0xdf(x2)
#7583 0 0000000000010450     0405 r 0000000000000008 000000000001c435  c.addi   x8, 0x1
#7584 0 0000000000010452     5c7d r 0000000000000018 ffffffffffffffff  c.li     x24, -0x1
#7585 0 0000000000010454     4a81 r 0000000000000015 0000000000000000  c.li     x21, 0x0
#7586 0 0000000000010456     4481 r 0000000000000009 0000000000000000  c.li     x9, 0x0
#7587 0 0000000000010458 05a00993 r 0000000000000013 000000000000005a  addi     x19, x0, 90
#7588 0 000000000001045c 49878b93 r 0000000000000017 000000000001c498  addi     x23, x15, 1176
#7589 0 0000000000010460     4da5 r 000000000000001b 0000000000000009  c.li     x27, 0x9
#7590 0 0000000000010462     0405 r 0000000000000008 000000000001c436  c.addi   x8, 0x1
#7591 0 0000000000010464 000e0d1b r 000000000000001a 0000000000000064  addiw    x26, x28, 0
#7592 0 0000000000010468 02a00613 r 000000000000000c 000000000000002a  addi     x12, x0, 42
#7593 0 000000000001046c fe0d079b r 000000000000000f 0000000000000044  addiw    x15, x26, -32
#7594 0 0000000000010470 0007871b r 000000000000000e 0000000000000044  addiw    x14, x15, 0
#7595 0 0000000000010474 04e9e363 r 0000000000000000 0000000000000000  bltu     x19, x14, . + 0x46
#7596 0 0000000000010478 02079713 r 000000000000000e 0000004400000000  slli     x14, x15, 32
#7597 0 000000000001047c 01e75793 r 000000000000000f 0000000000000110  srli     x15, x14, 30
#7598 0 0000000000010480     97de r 000000000000000f 000000000001c5a8  c.add    x15, x23
#7599 0 0000000000010482     439c r 000000000000000f 0000000000010656  c.lw     x15, 0x0(x15)
#7600 0 0000000000010484     8782 r 0000000000000000 0000000000000000  c.jr     x15
#7601 0 0000000000010656     66c2 r 000000000000000d 00000000fffffef8  c.ldsp   x13, 0x10
#7602 0 0000000000010658 0204f793 r 000000000000000f 0000000000000000  andi     x15, x9, 32
#7603 0 000000000001065c 00868713 r 000000000000000e 00000000ffffff00  addi     x14, x13, 8
#7604 0 0000000000010660 3c078163 r 0000000000000000 0000000000000000  beq      x15, x0, . + 0x3c2
#7605 0 0000000000010a22 0104f793 r 000000000000000f 0000000000000000  andi     x15, x9, 16
#7606 0 0000000000010a26 7e079f63 r 0000000000000000 0000000000000000  bne      x15, x0, . + 0x7fe
#7607 0 0000000000010a2a 0404f793 r 000000000000000f 0000000000000000  andi     x15, x9, 64
#7608 0 0000000000010a2e 380788e3 r 0000000000000000 0000000000000000  beq      x15, x0, . + 0xb90
#7609 0 00000000000115be 2004f793 r 000000000000000f 0000000000000000  andi     x15, x9, 512
#7610 0 00000000000115c2 24078163 r 0000000000000000 0000000000000000  beq      x15, x0, . + 0x242
#7611 0 0000000000011804     67c2 r 000000000000000f 00000000fffffef8  c.ldsp   x15, 0x10
#7612 0 0000000000011806 0007a983 r 0000000000000013 0000000000000008  lw       x19, 0x0(x15)
#7613 0 000000000001180a     87ce r 000000000000000f 0000000000000008  c.mv     x15, x19
#7614 0 000000000001180c e5dfe06f r 0000000000000000 0000000000000000  j        . - 0x11a4
#7615 0 0000000000010668 3c07cb63 r 0000000000000000 0000000000000000  blt      x15, x0, . + 0x3d6
#7616 0 000000000001066c     57fd r 000000000000000f ffffffffffffffff  c.li     x15, -0x1
#7617 0 000000000001066e 3efc00e3 r 0000000000000000 0000000000000000  beq      x24, x15, . + 0xbe0
#7618 0 000000000001124e     e83a m 00000000fffffc60 00000000ffffff00  c.sdsp   x14, 0x10
#7619 0 0000000000011250     47a5 r 000000000000000f 0000000000000009  c.li     x15, 0x9
#7620 0 0000000000011252     8da6 r 000000000000001b 0000000000000000  c.mv     x27, x9
#7621 0 0000000000011254 cb37f8e3 r 0000000000000000 0000000000000000  bgeu     x15, x19, . - 0x350
#7622 0 0000000000010f04 0309899b r 0000000000000013 0000000000000038  addiw    x19, x19, 48
#7623 0 0000000000010f08 193105a3 m 00000000fffffddb 0000000000000038  sb       x19, 0x18b(x2)
#7624 0 0000000000010f0c     84ee r 0000000000000009 0000000000000000  c.mv     x9, x27
#7625 0 0000000000010f0e     4b85 r 0000000000000017 0000000000000001  c.li     x23, 0x1
#7626 0 0000000000010f10 18b10c93 r 0000000000000019 00000000fffffddb  addi     x25, x2, 395
#7627 0 0000000000010f14 f7aff06f r 0000000000000000 0000000000000000  j        . - 0x886
#7628 0 000000000001068e 0df14783 r 000000000000000f 0000000000000000  lbu      x15, 0xdf(x2)
#7629 0 0000000000010692 000b899b r 0000000000000013 0000000000000001  addiw    x19, x23, 0
#7630 0 0000000000010696 018bd463 r 0000000000000000 0000000000000000  bge      x23, x24, . + 0x8
#7631 0 000000000001069e     ec02 m 00000000fffffc68 0000000000000000  c.sdsp   x0, 0x18
#7632 0 00000000000106a0     e482 m 00000000fffffc98 0000000000000000  c.sdsp   x0, 0x48
#7633 0 00000000000106a2     ec82 m 00000000fffffca8 0000000000000000  c.sdsp   x0, 0x58
#7634 0 00000000000106a4     e882 m 00000000fffffca0 0000000000000000  c.sdsp   x0, 0x50
#7635 0 00000000000106a6 e20789e3 r 0000000000000000 0000000000000000  beq      x15, x0, . - 0x1ce
#7636 0 00000000000104d8 0024f293 r 0000000000000005 0000000000000000  andi     x5, x9, 2
#7637 0 00000000000104dc 00028363 r 0000000000000000 0000000000000000  beq      x5, x0, . + 0x6
#7638 0 00000000000104e2 0844fd93 r 000000000000001b 0000000000000000  andi     x27, x9, 132
#7639 0 00000000000104e6     7792 r 000000000000000f 0000000000000004  c.ldsp   x15, 0x120
#7640 0 00000000000104e8 000d9663 r 0000000000000000 0000000000000000  bne      x27, x0, . + 0xc
#7641 0 00000000000104ec 413a86bb r 000000000000000d ffffffffffffffff  subw     x13, x21, x19
#7642 0 00000000000104f0 22d044e3 r 0000000000000000 0000000000000000  blt      x0, x13, . + 0xa28
#7643 0 00000000000104f4 0df14703 r 000000000000000e 0000000000000000  lbu      x14, 0xdf(x2)
#7644 0 00000000000104f8     c70d r 0000000000000000 0000000000000000  c.beqz   x14, . + 0x2a
#7645 0 0000000000010522 02028563 r 0000000000000000 0000000000000000  beq      x5, x0, . + 0x2a
#7646 0 000000000001054c 08000713 r 000000000000000e 0000000000000080  addi     x14, x0, 128
#7647 0 0000000000010550 06ed8ae3 r 0000000000000000 0000000000000000  beq      x27, x14, . + 0x874
#7648 0 0000000000010554 417c0c3b r 0000000000000018 fffffffffffffffe  subw     x24, x24, x23
#7649 0 0000000000010558 0f804ee3 r 0000000000000000 0000000000000000  blt      x0, x24, . + 0x8fc
#7650 0 000000000001055c 1004f713 r 000000000000000e 0000000000000000  andi     x14, x9, 256
#7651 0 0000000000010560 78071b63 r 0000000000000000 0000000000000000  bne      x14, x0, . + 0x796
#7652 0 0000000000010564 11812703 r 000000000000000e 0000000000000001  lw       x14, 0x118(x2)
#7653 0 0000000000010568     97de r 000000000000000f 0000000000000005  c.add    x15, x23
#7654 0 000000000001056a 01933023 m 00000000fffffdf0 00000000fffffddb  sd       x25, 0x0(x6)
#7655 0 000000000001056e 0017069b r 000000000000000d 0000000000000002  addiw    x13, x14, 1
#7656 0 0000000000010572     8736 r 000000000000000e 0000000000000002  c.mv     x14, x13
#7657 0 0000000000010574 01733423 m 00000000fffffdf8 0000000000000001  sd       x23, 0x8(x6)
#7658 0 0000000000010578 10e12c23 m 00000000fffffd68 0000000000000002  sw       x14, 0x118(x2)
#7659 0 000000000001057c     f23e m 00000000fffffd70 0000000000000005  c.sdsp   x15, 0x120
#7660 0 000000000001057e     471d r 000000000000000e 0000000000000007  c.li     x14, 0x7
#7661 0 0000000000010580 46d74863 r 0000000000000000 0000000000000000  blt      x14, x13, . + 0x470
#7662 0 0000000000010584     0341 r 0000000000000006 00000000fffffe00  c.addi   x6, 0x10
#7663 0 0000000000010586     8891 r 0000000000000009 0000000000000000  c.andi   x9, 0x4
#7664 0 0000000000010588     c489 r 0000000000000000 0000000000000000  c.beqz   x9, . + 0xa
#7665 0 0000000000010592     8756 r 000000000000000e 0000000000000000  c.mv     x14, x21
#7666 0 0000000000010594 013ad363 r 0000000000000000 0000000000000000  bge      x21, x19, . + 0x6
#7667 0 0000000000010598     874e r 000000000000000e 0000000000000001  c.mv     x14, x19
#7668 0 000000000001059a     66a2 r 000000000000000d 0000000000000004  c.ldsp   x13, 0x8
#7669 0 000000000001059c     9f35 r 000000000000000e 0000000000000005  c.addw   x14, x13
#7670 0 000000000001059e     e43a m 00000000fffffc58 0000000000000005  c.sdsp   x14, 0x8
#7671 0 00000000000105a0 12079be3 r 0000000000000000 0000000000000000  bne      x15, x0, . + 0x936
#7672 0 0000000000010ed6     0a10 r 000000000000000c 00000000fffffd60  c.addi4spn  x12, 0x44
#7673 0 0000000000010ed8     85ca r 000000000000000b 000000000001e848  c.mv     x11, x18
#7674 0 0000000000010eda     8552 r 000000000000000a 000000000001e260  c.mv     x10, x20
#7675 0 0000000000010edc 18c070ef r 0000000000000001 0000000000010ee0  jal      x1, . + 0x718c
#7676 0 0000000000018068     6a18 r 000000000000000e 0000000000000005  c.ld     x14, 0x10(x12)
#7677 0 000000000001806a     c311 r 0000000000000000 0000000000000000  c.beqz   x14, . + 0x4
#7678 0 000000000001806c     bfa1 r 0000000000000000 0000000000000000  c.j      . - 0xa8
#7679 0 0000000000017fc4 0ac5a783 r 000000000000000f 0000000000000000  lw       x15, 0xac(x11)
#7680 0 0000000000017fc8     715d r 0000000000000002 00000000fffffc00  c.addi16sp -0x5
#7681 0 0000000000017fca     6709 r 000000000000000e 0000000000002000  c.lui    x14, 0x2
#7682 0 0000000000017fcc     ec56 m 00000000fffffc18 0000000000000000  c.sdsp   x21, 0x18
#7683 0 0000000000017fce     e486 m 00000000fffffc48 0000000000010ee0  c.sdsp   x1, 0x48
#7684 0 0000000000017fd0     e0a2 m 00000000fffffc40 000000000001c436  c.sdsp   x8, 0x40
#7685 0 0000000000017fd2     fc26 m 00000000fffffc38 0000000000000000  c.sdsp   x9, 0x38
#7686 0 0000000000017fd4     f84a m 00000000fffffc30 000000000001e848  c.sdsp   x18, 0x30
#7687 0 0000000000017fd6     f44e m 00000000fffffc28 0000000000000001  c.sdsp   x19, 0x28
#7688 0 0000000000017fd8     f052 m 00000000fffffc20 000000000001e260  c.sdsp   x20, 0x20
#7689 0 0000000000017fda     e85a m 00000000fffffc10 00000000fffffde0  c.sdsp   x22, 0x10
#7690 0 0000000000017fdc     e45e m 00000000fffffc08 0000000000000001  c.sdsp   x23, 0x8
#7691 0 0000000000017fde     8ff9 r 000000000000000f 0000000000000000  c.and    x15, x14
#7692 0 0000000000017fe0     8ab2 r 0000000000000015 00000000fffffd60  c.mv     x21, x12
#7693 0 0000000000017fe2     c3c1 r 0000000000000000 0000000000000000  c.beqz   x15, . + 0x80
#7694 0 0000000000018062 146010ef r 0000000000000001 0000000000018066  jal      x1, . + 0x1146
#7695 0 00000000000191a8     6a1c r 000000000000000f 0000000000000005  c.ld     x15, 0x10(x12)
#7696 0 00000000000191aa 1a078c63 r 0000000000000000 0000000000000000  beq      x15, x0, . + 0x1b8
#7697 0 00000000000191ae 0105d783 r 000000000000000f 0000000000002889  lhu      x15, 0x10(x11)
#7698 0 00000000000191b2     711d r 0000000000000002 00000000fffffba0  c.addi16sp -0x6
#7699 0 00000000000191b4     e8a2 m 00000000fffffbf0 000000000001c436  c.sdsp   x8, 0x50
#7700 0 00000000000191b6     f852 m 00000000fffffbd0 000000000001e260  c.sdsp   x20, 0x30
#7701 0 00000000000191b8     f456 m 00000000fffffbc8 00000000fffffd60  c.sdsp   x21, 0x28
#7702 0 00000000000191ba     ec86 m 00000000fffffbf8 0000000000018066  c.sdsp   x1, 0x58
#7703 0 00000000000191bc     e4a6 m 00000000fffffbe8 0000000000000000  c.sdsp   x9, 0x48
#7704 0 00000000000191be     e0ca m 00000000fffffbe0 000000000001e848  c.sdsp   x18, 0x40
#7705 0 00000000000191c0     fc4e m 00000000fffffbd8 0000000000000001  c.sdsp   x19, 0x38
#7706 0 00000000000191c2     f05a m 00000000fffffbc0 00000000fffffde0  c.sdsp   x22, 0x20
#7707 0 00000000000191c4     ec5e m 00000000fffffbb8 0000000000000001  c.sdsp   x23, 0x18
#7708 0 00000000000191c6     e862 m 00000000fffffbb0 fffffffffffffffe  c.sdsp   x24, 0x10
#7709 0 00000000000191c8     e466 m 00000000fffffba8 00000000fffffddb  c.sdsp   x25, 0x8
#7710 0 00000000000191ca     e06a m 00000000fffffba0 0000000000000064  c.sdsp   x26, 0x0
#7711 0 00000000000191cc 0087f713 r 000000000000000e 0000000000000008  andi     x14, x15, 8
#7712 0 00000000000191d0     8a32 r 0000000000000014 00000000fffffd60  c.mv     x20, x12
#7713 0 00000000000191d2     8aaa r 0000000000000015 000000000001e260  c.mv     x21, x10
#7714 0 00000000000191d4     842e r 0000000000000008 000000000001e848  c.mv     x8, x11
#7715 0 00000000000191d6     c325 r 0000000000000000 0000000000000000  c.beqz   x14, . + 0x60
#7716 0 00000000000191d8     6d98 r 000000000000000e 0000000000020010  c.ld     x14, 0x18(x11)
#7717 0 00000000000191da     cf31 r 0000000000000000 0000000000000000  c.beqz   x14, . + 0x5c
#7718 0 00000000000191dc 0027f713 r 000000000000000e 0000000000000000  andi     x14, x15, 2
#7719 0 00000000000191e0 000a3903 r 0000000000000012 00000000fffffde0  ld       x18, 0x0(x20)
#7720 0 00000000000191e4     c735 r 0000000000000000 0000000000000000  c.beqz   x14, . + 0x6c
#7721 0 0000000000019250 0017f713 r 000000000000000e 0000000000000001  andi     x14, x15, 1
#7722 0 0000000000019254     eb35 r 0000000000000000 0000000000000000  c.bnez   x14, . + 0x74
#7723 0 00000000000192c8     4981 r 0000000000000013 0000000000000000  c.li     x19, 0x0
#7724 0 00000000000192ca     4501 r 000000000000000a 0000000000000000  c.li     x10, 0x0
#7725 0 00000000000192cc     4c81 r 0000000000000019 0000000000000000  c.li     x25, 0x0
#7726 0 00000000000192ce     4c01 r 0000000000000018 0000000000000000  c.li     x24, 0x0
#7727 0 00000000000192d0 080c0b63 r 0000000000000000 0000000000000000  beq      x24, x0, . + 0x96
#7728 0 0000000000019366 00893c03 r 0000000000000018 0000000000000004  ld       x24, 0x8(x18)
#7729 0 000000000001936a 00093c83 r 0000000000000019 000000000001c430  ld       x25, 0x0(x18)
#7730 0 000000000001936e     0941 r 0000000000000012 00000000fffffdf0  c.addi   x18, 0x10
#7731 0 0000000000019370 fe0c0be3 r 0000000000000000 0000000000000000  beq      x24, x0, . - 0xa
#7732 0 0000000000019374     8662 r 000000000000000c 0000000000000004  c.mv     x12, x24
#7733 0 0000000000019376     45a9 r 000000000000000b 000000000000000a  c.li     x11, 0xa
#7734 0 0000000000019378     8566 r 000000000000000a 000000000001c430  c.mv     x10, x25
#7735 0 000000000001937a f7bfb0ef r 0000000000000001 000000000001937e  jal      x1, . - 0x4086
#7736 0 00000000000152f4 00757793 r 000000000000000f 0000000000000000  andi     x15, x10, 7
#7737 0 00000000000152f8 0ff5f693 r 000000000000000d 000000000000000a  andi     x13, x11, 255
#7738 0 00000000000152fc     c395 r 0000000000000000 0000000000000000  c.beqz   x15, . + 0x24
#7739 0 0000000000015320     87b2 r 000000000000000f 0000000000000004  c.mv     x15, x12
#7740 0 0000000000015322     471d r 000000000000000e 0000000000000007  c.li     x14, 0x7
#7741 0 0000000000015324 00f76f63 r 0000000000000000 0000000000000000  bltu     x14, x15, . + 0x1e
#7742 0 0000000000015328     e399 r 0000000000000000 0000000000000000  c.bnez   x15, . + 0x6
#7743 0 000000000001532e     97aa r 000000000000000f 000000000001c434  c.add    x15, x10
#7744 0 0000000000015330     a021 r 0000000000000000 0000000000000000  c.j      . + 0x8
#7745 0 0000000000015338 00054703 r 000000000000000e 0000000000000069  lbu      x14, 0x0(x10)
#7746 0 000000000001533c fed71be3 r 0000000000000000 0000000000000000  bne      x14, x13, . - 0xa
#7747 0 0000000000015332     0505 r 000000000000000a 000000000001c431  c.addi   x10, 0x1
#7748 0 0000000000015334 fea78be3 r 0000000000000000 0000000000000000  beq      x15, x10, . - 0xa
#7749 0 0000000000015338 00054703 r 000000000000000e 0000000000000020  lbu      x14, 0x0(x10)
#7750 0 000000000001533c fed71be3 r 0000000000000000 0000000000000000  bne      x14, x13, . - 0xa
#7751 0 0000000000015332     0505 r 000000000000000a 000000000001c432  c.addi   x10, 0x1
#7752 0 0000000000015334 fea78be3 r 0000000000000000 0000000000000000  beq      x15, x10, . - 0xa
#7753 0 0000000000015338 00054703 r 000000000000000e 000000000000003d  lbu      x14, 0x0(x10)
#7754 0 000000000001533c fed71be3 r 0000000000000000 0000000000000000  bne      x14, x13, . - 0xa
#7755 0 0000000000015332     0505 r 000000000000000a 000000000001c433  c.addi   x10, 0x1
#7756 0 0000000000015334 fea78be3 r 0000000000000000 0000000000000000  beq      x15, x10, . - 0xa
#7757 0 0000000000015338 00054703 r 000000000000000e 0000000000000020  lbu      x14, 0x0(x10)
#7758 0 000000000001533c fed71be3 r 0000000000000000 0000000000000000  bne      x14, x13, . - 0xa
#7759 0 0000000000015332     0505 r 000000000000000a 000000000001c434  c.addi   x10, 0x1
#7760 0 0000000000015334 fea78be3 r 0000000000000000 0000000000000000  beq      x15, x10, . - 0xa
#7761 0 000000000001532a     4501 r 000000000000000a 0000000000000000  c.li     x10, 0x0
#7762 0 000000000001532c     8082 r 0000000000000000 0000000000000000  c.jr     x1
#7763 0 000000000001937e 12050f63 r 0000000000000000 0000000000000000  beq      x10, x0, . + 0x13e
#7764 0 00000000000194bc 001c099b r 0000000000000013 0000000000000005  addiw    x19, x24, 1
#7765 0 00000000000194c0     bd19 r 0000000000000000 0000000000000000  c.j      . - 0x1ea
#7766 0 00000000000192d6     8bce r 0000000000000017 0000000000000005  c.mv     x23, x19
#7767 0 00000000000192d8 013c7363 r 0000000000000000 0000000000000000  bgeu     x24, x19, . + 0x6
#7768 0 00000000000192dc     8be2 r 0000000000000017 0000000000000004  c.mv     x23, x24
#7769 0 00000000000192de     6008 r 000000000000000a 0000000000020010  c.ld     x10, 0x0(x8)
#7770 0 00000000000192e0     6c1c r 000000000000000f 0000000000020010  c.ld     x15, 0x18(x8)
#7771 0 00000000000192e2     5014 r 000000000000000d 0000000000000400  c.lw     x13, 0x20(x8)
#7772 0 00000000000192e4     84de r 0000000000000009 0000000000000004  c.mv     x9, x23
#7773 0 00000000000192e6 00a7f763 r 0000000000000000 0000000000000000  bgeu     x15, x10, . + 0xe
#7774 0 00000000000192f4 18dbc463 r 0000000000000000 0000000000000000  blt      x23, x13, . + 0x188
#7775 0 000000000001947c     865e r 000000000000000c 0000000000000004  c.mv     x12, x23
#7776 0 000000000001947e     85e6 r 000000000000000b 000000000001c430  c.mv     x11, x25
#7777 0 0000000000019480 1ac000ef r 0000000000000001 0000000000019484  jal      x1, . + 0x1ac
#7778 0 000000000001962c 02a5f263 r 0000000000000000 0000000000000000  bgeu     x11, x10, . + 0x24
#7779 0 0000000000019630 00c587b3 r 000000000000000f 000000000001c434  add      x15, x11, x12
#7780 0 0000000000019634 00f57e63 r 0000000000000000 0000000000000000  bgeu     x10, x15, . + 0x1c
#7781 0 0000000000019650     47fd r 000000000000000f 000000000000001f  c.li     x15, 0x1f
#7782 0 0000000000019652 02c7e163 r 0000000000000000 0000000000000000  bltu     x15, x12, . + 0x22
#7783 0 0000000000019656     87aa r 000000000000000f 0000000000020010  c.mv     x15, x10
#7784 0 0000000000019658 fff60693 r 000000000000000d 0000000000000003  addi     x13, x12, -1
#7785 0 000000000001965c     c245 r 0000000000000000 0000000000000000  c.beqz   x12, . + 0xa0
#7786 0 000000000001965e     0685 r 000000000000000d 0000000000000004  c.addi   x13, 0x1
#7787 0 0000000000019660     96be r 000000000000000d 0000000000020014  c.add    x13, x15
#7788 0 0000000000019662 0005c703 r 000000000000000e 0000000000000069  lbu      x14, 0x0(x11)
#7789 0 0000000000019666     0785 r 000000000000000f 0000000000020011  c.addi   x15, 0x1
#7790 0 0000000000019668     0585 r 000000000000000b 000000000001c431  c.addi   x11, 0x1
#7791 0 000000000001966a fee78fa3 m 0000000000020010 0000000000000069  sb       x14, -0x1(x15)
#7792 0 000000000001966e fed79ae3 r 0000000000000000 0000000000000000  bne      x15, x13, . - 0xc
#7793 0 0000000000019662 0005c703 r 000000000000000e 0000000000000020  lbu      x14, 0x0(x11)
#7794 0 0000000000019666     0785 r 000000000000000f 0000000000020012  c.addi   x15, 0x1
#7795 0 0000000000019668     0585 r 000000000000000b 000000000001c432  c.addi   x11, 0x1
#7796 0 000000000001966a fee78fa3 m 0000000000020011 0000000000000020  sb       x14, -0x1(x15)
#7797 0 000000000001966e fed79ae3 r 0000000000000000 0000000000000000  bne      x15, x13, . - 0xc
#7798 0 0000000000019662 0005c703 r 000000000000000e 000000000000003d  lbu      x14, 0x0(x11)
#7799 0 0000000000019666     0785 r 000000000000000f 0000000000020013  c.addi   x15, 0x1
#7800 0 0000000000019668     0585 r 000000000000000b 000000000001c433  c.addi   x11, 0x1
#7801 0 000000000001966a fee78fa3 m 0000000000020012 000000000000003d  sb       x14, -0x1(x15)
#7802 0 000000000001966e fed79ae3 r 0000000000000000 0000000000000000  bne      x15, x13, . - 0xc
#7803 0 0000000000019662 0005c703 r 000000000000000e 0000000000000020  lbu      x14, 0x0(x11)
#7804 0 0000000000019666     0785 r 000000000000000f 0000000000020014  c.addi   x15, 0x1
#7805 0 0000000000019668     0585 r 000000000000000b 000000000001c434  c.addi   x11, 0x1
#7806 0 000000000001966a fee78fa3 m 0000000000020013 0000000000000020  sb       x14, -0x1(x15)
#7807 0 000000000001966e fed79ae3 r 0000000000000000 0000000000000000  bne      x15, x13, . - 0xc
#7808 0 0000000000019672     8082 r 0000000000000000 0000000000000000  c.jr     x1
#7809 0 0000000000019484     4454 r 000000000000000d 0000000000000000  c.lw     x13, 0xc(x8)
#7810 0 0000000000019486     6018 r 000000000000000e 0000000000020010  c.ld     x14, 0x0(x8)
#7811 0 0000000000019488 000b879b r 000000000000000f 0000000000000004  addiw    x15, x23, 0
#7812 0 000000000001948c 417686bb r 000000000000000d fffffffffffffffc  subw     x13, x13, x23
#7813 0 0000000000019490     975e r 000000000000000e 0000000000020014  c.add    x14, x23
#7814 0 0000000000019492     c454 m 000000000001e854 00000000fffffffc  c.sw     x13, 0xc(x8)
#7815 0 0000000000019494     e018 m 000000000001e848 0000000000020014  c.sd     x14, 0x0(x8)
#7816 0 0000000000019496     bd9d r 0000000000000000 0000000000000000  c.j      . - 0x18a
#7817 0 000000000001930c 40f989bb r 0000000000000013 0000000000000001  subw     x19, x19, x15
#7818 0 0000000000019310     4505 r 000000000000000a 0000000000000001  c.li     x10, 0x1
#7819 0 0000000000019312 02098b63 r 0000000000000000 0000000000000000  beq      x19, x0, . + 0x36
#7820 0 0000000000019316 010a3783 r 000000000000000f 0000000000000005  ld       x15, 0x10(x20)
#7821 0 000000000001931a     9ca6 r 0000000000000019 000000000001c434  c.add    x25, x9
#7822 0 000000000001931c 409c0c33 r 0000000000000018 0000000000000000  sub      x24, x24, x9
#7823 0 0000000000019320 409784b3 r 0000000000000009 0000000000000001  sub      x9, x15, x9
#7824 0 0000000000019324 009a3823 m 00000000fffffd70 0000000000000001  sd       x9, 0x10(x20)
#7825 0 0000000000019328     f4c5 r 0000000000000000 0000000000000000  c.bnez   x9, . - 0x58
#7826 0 00000000000192d0 080c0b63 r 0000000000000000 0000000000000000  beq      x24, x0, . + 0x96
#7827 0 0000000000019366 00893c03 r 0000000000000018 0000000000000001  ld       x24, 0x8(x18)
#7828 0 000000000001936a 00093c83 r 0000000000000019 00000000fffffddb  ld       x25, 0x0(x18)
#7829 0 000000000001936e     0941 r 0000000000000012 00000000fffffe00  c.addi   x18, 0x10
#7830 0 0000000000019370 fe0c0be3 r 0000000000000000 0000000000000000  beq      x24, x0, . - 0xa
#7831 0 0000000000019374     8662 r 000000000000000c 0000000000000001  c.mv     x12, x24
#7832 0 0000000000019376     45a9 r 000000000000000b 000000000000000a  c.li     x11, 0xa
#7833 0 0000000000019378     8566 r 000000000000000a 00000000fffffddb  c.mv     x10, x25
#7834 0 000000000001937a f7bfb0ef r 0000000000000001 000000000001937e  jal      x1, . - 0x4086
#7835 0 00000000000152f4 00757793 r 000000000000000f 0000000000000003  andi     x15, x10, 7
#7836 0 00000000000152f8 0ff5f693 r 000000000000000d 000000000000000a  andi     x13, x11, 255
#7837 0 00000000000152fc     c395 r 0000000000000000 0000000000000000  c.beqz   x15, . + 0x24
#7838 0 00000000000152fe fff60793 r 000000000000000f 0000000000000000  addi     x15, x12, -1
#7839 0 0000000000015302     c605 r 0000000000000000 0000000000000000  c.beqz   x12, . + 0x28
#7840 0 0000000000015304     567d r 000000000000000c ffffffffffffffff  c.li     x12, -0x1
#7841 0 0000000000015306     a801 r 0000000000000000 0000000000000000  c.j      . + 0x10
#7842 0 0000000000015316 00054703 r 000000000000000e 0000000000000038  lbu      x14, 0x0(x10)
#7843 0 000000000001531a fed717e3 r 0000000000000000 0000000000000000  bne      x14, x13, . - 0x12
#7844 0 0000000000015308     0505 r 000000000000000a 00000000fffffddc  c.addi   x10, 0x1
#7845 0 000000000001530a 00757713 r 000000000000000e 0000000000000004  andi     x14, x10, 7
#7846 0 000000000001530e     cb11 r 0000000000000000 0000000000000000  c.beqz   x14, . + 0x14
#7847 0 0000000000015310     17fd r 000000000000000f ffffffffffffffff  c.addi   x15, -0x1
#7848 0 0000000000015312 00c78c63 r 0000000000000000 0000000000000000  beq      x15, x12, . + 0x18
#7849 0 000000000001532a     4501 r 000000000000000a 0000000000000000  c.li     x10, 0x0
#7850 0 000000000001532c     8082 r 0000000000000000 0000000000000000  c.jr     x1
#7851 0 000000000001937e 12050f63 r 0000000000000000 0000000000000000  beq      x10, x0, . + 0x13e
#7852 0 00000000000194bc 001c099b r 0000000000000013 0000000000000002  addiw    x19, x24, 1
#7853 0 00000000000194c0     bd19 r 0000000000000000 0000000000000000  c.j      . - 0x1ea
#7854 0 00000000000192d6     8bce r 0000000000000017 0000000000000002  c.mv     x23, x19
#7855 0 00000000000192d8 013c7363 r 0000000000000000 0000000000000000  bgeu     x24, x19, . + 0x6
#7856 0 00000000000192dc     8be2 r 0000000000000017 0000000000000001  c.mv     x23, x24
#7857 0 00000000000192de     6008 r 000000000000000a 0000000000020014  c.ld     x10, 0x0(x8)
#7858 0 00000000000192e0     6c1c r 000000000000000f 0000000000020010  c.ld     x15, 0x18(x8)
#7859 0 00000000000192e2     5014 r 000000000000000d 0000000000000400  c.lw     x13, 0x20(x8)
#7860 0 00000000000192e4     84de r 0000000000000009 0000000000000001  c.mv     x9, x23
#7861 0 00000000000192e6 00a7f763 r 0000000000000000 0000000000000000  bgeu     x15, x10, . + 0xe
#7862 0 00000000000192ea     445c r 000000000000000f fffffffffffffffc  c.lw     x15, 0xc(x8)
#7863 0 00000000000192ec 00d78b3b r 0000000000000016 00000000000003fc  addw     x22, x15, x13
#7864 0 00000000000192f0 097b4d63 r 0000000000000000 0000000000000000  blt      x22, x23, . + 0x9a
#7865 0 00000000000192f4 18dbc463 r 0000000000000000 0000000000000000  blt      x23, x13, . + 0x188
#7866 0 000000000001947c     865e r 000000000000000c 0000000000000001  c.mv     x12, x23
#7867 0 000000000001947e     85e6 r 000000000000000b 00000000fffffddb  c.mv     x11, x25
#7868 0 0000000000019480 1ac000ef r 0000000000000001 0000000000019484  jal      x1, . + 0x1ac
#7869 0 000000000001962c 02a5f263 r 0000000000000000 0000000000000000  bgeu     x11, x10, . + 0x24
#7870 0 0000000000019650     47fd r 000000000000000f 000000000000001f  c.li     x15, 0x1f
#7871 0 0000000000019652 02c7e163 r 0000000000000000 0000000000000000  bltu     x15, x12, . + 0x22
#7872 0 0000000000019656     87aa r 000000000000000f 0000000000020014  c.mv     x15, x10
#7873 0 0000000000019658 fff60693 r 000000000000000d 0000000000000000  addi     x13, x12, -1
#7874 0 000000000001965c     c245 r 0000000000000000 0000000000000000  c.beqz   x12, . + 0xa0
#7875 0 000000000001965e     0685 r 000000000000000d 0000000000000001  c.addi   x13, 0x1
#7876 0 0000000000019660     96be r 000000000000000d 0000000000020015  c.add    x13, x15
#7877 0 0000000000019662 0005c703 r 000000000000000e 0000000000000038  lbu      x14, 0x0(x11)
#7878 0 0000000000019666     0785 r 000000000000000f 0000000000020015  c.addi   x15, 0x1
#7879 0 0000000000019668     0585 r 000000000000000b 00000000fffffddc  c.addi   x11, 0x1
#7880 0 000000000001966a fee78fa3 m 0000000000020014 0000000000000038  sb       x14, -0x1(x15)
#7881 0 000000000001966e fed79ae3 r 0000000000000000 0000000000000000  bne      x15, x13, . - 0xc
#7882 0 0000000000019672     8082 r 0000000000000000 0000000000000000  c.jr     x1
#7883 0 0000000000019484     4454 r 000000000000000d fffffffffffffffc  c.lw     x13, 0xc(x8)
#7884 0 0000000000019486     6018 r 000000000000000e 0000000000020014  c.ld     x14, 0x0(x8)
#7885 0 0000000000019488 000b879b r 000000000000000f 0000000000000001  addiw    x15, x23, 0
#7886 0 000000000001948c 417686bb r 000000000000000d fffffffffffffffb  subw     x13, x13, x23
#7887 0 0000000000019490     975e r 000000000000000e 0000000000020015  c.add    x14, x23
#7888 0 0000000000019492     c454 m 000000000001e854 00000000fffffffb  c.sw     x13, 0xc(x8)
#7889 0 0000000000019494     e018 m 000000000001e848 0000000000020015  c.sd     x14, 0x0(x8)
#7890 0 0000000000019496     bd9d r 0000000000000000 0000000000000000  c.j      . - 0x18a
#7891 0 000000000001930c 40f989bb r 0000000000000013 0000000000000001  subw     x19, x19, x15
#7892 0 0000000000019310     4505 r 000000000000000a 0000000000000001  c.li     x10, 0x1
#7893 0 0000000000019312 02098b63 r 0000000000000000 0000000000000000  beq      x19, x0, . + 0x36
#7894 0 0000000000019316 010a3783 r 000000000000000f 0000000000000001  ld       x15, 0x10(x20)
#7895 0 000000000001931a     9ca6 r 0000000000000019 00000000fffffddc  c.add    x25, x9
#7896 0 000000000001931c 409c0c33 r 0000000000000018 0000000000000000  sub      x24, x24, x9
#7897 0 0000000000019320 409784b3 r 0000000000000009 0000000000000000  sub      x9, x15, x9
#7898 0 0000000000019324 009a3823 m 00000000fffffd70 0000000000000000  sd       x9, 0x10(x20)
#7899 0 0000000000019328     f4c5 r 0000000000000000 0000000000000000  c.bnez   x9, . - 0x58
#7900 0 000000000001932a     4501 r 000000000000000a 0000000000000000  c.li     x10, 0x0
#7901 0 000000000001932c     60e6 r 0000000000000001 0000000000018066  c.ldsp   x1, 0x58
#7902 0 000000000001932e     6446 r 0000000000000008 000000000001c436  c.ldsp   x8, 0x50
#7903 0 0000000000019330     64a6 r 0000000000000009 0000000000000000  c.ldsp   x9, 0x48
#7904 0 0000000000019332     6906 r 0000000000000012 000000000001e848  c.ldsp   x18, 0x40
#7905 0 0000000000019334     79e2 r 0000000000000013 0000000000000001  c.ldsp   x19, 0x38
#7906 0 0000000000019336     7a42 r 0000000000000014 000000000001e260  c.ldsp   x20, 0x30
#7907 0 0000000000019338     7aa2 r 0000000000000015 00000000fffffd60  c.ldsp   x21, 0x28
#7908 0 000000000001933a     7b02 r 0000000000000016 00000000fffffde0  c.ldsp   x22, 0x20
#7909 0 000000000001933c     6be2 r 0000000000000017 0000000000000001  c.ldsp   x23, 0x18
#7910 0 000000000001933e     6c42 r 0000000000000018 fffffffffffffffe  c.ldsp   x24, 0x10
#7911 0 0000000000019340     6ca2 r 0000000000000019 00000000fffffddb  c.ldsp   x25, 0x8
#7912 0 0000000000019342     6d02 r 000000000000001a 0000000000000064  c.ldsp   x26, 0x0
#7913 0 0000000000019344     6125 r 0000000000000002 00000000fffffc00  c.addi16sp 0x6
#7914 0 0000000000019346     8082 r 0000000000000000 0000000000000000  c.jr     x1
#7915 0 0000000000018066     b7e1 r 0000000000000000 0000000000000000  c.j      . - 0x38
#7916 0 000000000001802e     60a6 r 0000000000000001 0000000000010ee0  c.ldsp   x1, 0x48
#7917 0 0000000000018030     6406 r 0000000000000008 000000000001c436  c.ldsp   x8, 0x40
#7918 0 0000000000018032 000ab823 m 00000000fffffd70 0000000000000000  sd       x0, 0x10(x21)
#7919 0 0000000000018036 000aa423 m 00000000fffffd68 0000000000000000  sw       x0, 0x8(x21)
#7920 0 000000000001803a     74e2 r 0000000000000009 0000000000000000  c.ldsp   x9, 0x38
#7921 0 000000000001803c     7942 r 0000000000000012 000000000001e848  c.ldsp   x18, 0x30
#7922 0 000000000001803e     79a2 r 0000000000000013 0000000000000001  c.ldsp   x19, 0x28
#7923 0 0000000000018040     7a02 r 0000000000000014 000000000001e260  c.ldsp   x20, 0x20
#7924 0 0000000000018042     6ae2 r 0000000000000015 0000000000000000  c.ldsp   x21, 0x18
#7925 0 0000000000018044     6b42 r 0000000000000016 00000000fffffde0  c.ldsp   x22, 0x10
#7926 0 0000000000018046     6ba2 r 0000000000000017 0000000000000001  c.ldsp   x23, 0x8
#7927 0 0000000000018048     6161 r 0000000000000002 00000000fffffc50  c.addi16sp 0x5
#7928 0 000000000001804a     8082 r 0000000000000000 0000000000000000  c.jr     x1
#7929 0 0000000000010ee0 ec050263 r 0000000000000000 0000000000000000  beq      x10, x0, . - 0x93c
#7930 0 00000000000105a4     67e2 r 000000000000000f 0000000000000000  c.ldsp   x15, 0x18
#7931 0 00000000000105a6 10012c23 m 00000000fffffd68 0000000000000000  sw       x0, 0x118(x2)
#7932 0 00000000000105aa     c789 r 0000000000000000 0000000000000000  c.beqz   x15, . + 0xa
#7933 0 00000000000105b4     835a r 0000000000000006 00000000fffffde0  c.mv     x6, x22
#7934 0 00000000000105b6     8ca2 r 0000000000000019 000000000001c436  c.mv     x25, x8
#7935 0 00000000000105b8 000cc783 r 000000000000000f 000000000000000a  lbu      x15, 0x0(x25)
#7936 0 00000000000105bc e2079fe3 r 0000000000000000 0000000000000000  bne      x15, x0, . - 0x1c2
#7937 0 00000000000103fa     8466 r 0000000000000008 000000000001c436  c.mv     x8, x25
#7938 0 00000000000103fc 02500713 r 000000000000000e 0000000000000025  addi     x14, x0, 37
#7939 0 0000000000010400 30e78363 r 0000000000000000 0000000000000000  beq      x15, x14, . + 0x306
#7940 0 0000000000010404 00144783 r 000000000000000f 0000000000000000  lbu      x15, 0x1(x8)
#7941 0 0000000000010408     0405 r 0000000000000008 000000000001c437  c.addi   x8, 0x1
#7942 0 000000000001040a     fbfd r 0000000000000000 0000000000000000  c.bnez   x15, . - 0xa
#7943 0 000000000001040c 419404bb r 0000000000000009 0000000000000001  subw     x9, x8, x25
#7944 0 0000000000010410 1a048863 r 0000000000000000 0000000000000000  beq      x9, x0, . + 0x1b0
#7945 0 0000000000010414     7712 r 000000000000000e 0000000000000000  c.ldsp   x14, 0x120
#7946 0 0000000000010416 11812783 r 000000000000000f 0000000000000000  lw       x15, 0x118(x2)
#7947 0 000000000001041a 01933023 m 00000000fffffde0 000000000001c436  sd       x25, 0x0(x6)
#7948 0 000000000001041e     9726 r 000000000000000e 0000000000000001  c.add    x14, x9
#7949 0 0000000000010420     2785 r 000000000000000f 0000000000000001  c.addiw  x15, 0x1
#7950 0 0000000000010422 00933423 m 00000000fffffde8 0000000000000001  sd       x9, 0x8(x6)
#7951 0 0000000000010426     f23a m 00000000fffffd70 0000000000000001  c.sdsp   x14, 0x120
#7952 0 0000000000010428 10f12c23 m 00000000fffffd68 0000000000000001  sw       x15, 0x118(x2)
#7953 0 000000000001042c 0007871b r 000000000000000e 0000000000000001  addiw    x14, x15, 0
#7954 0 0000000000010430     479d r 000000000000000f 0000000000000007  c.li     x15, 0x7
#7955 0 0000000000010432     0341 r 0000000000000006 00000000fffffdf0  c.addi   x6, 0x10
#7956 0 0000000000010434 2ee7c063 r 0000000000000000 0000000000000000  blt      x15, x14, . + 0x2e0
#7957 0 0000000000010438     6722 r 000000000000000e 0000000000000005  c.ldsp   x14, 0x8
#7958 0 000000000001043a 00044783 r 000000000000000f 0000000000000000  lbu      x15, 0x0(x8)
#7959 0 000000000001043e     9f25 r 000000000000000e 0000000000000006  c.addw   x14, x9
#7960 0 0000000000010440     e43a m 00000000fffffc58 0000000000000006  c.sdsp   x14, 0x8
#7961 0 0000000000010442 16078f63 r 0000000000000000 0000000000000000  beq      x15, x0, . + 0x17e
#7962 0 00000000000105c0     7792 r 000000000000000f 0000000000000001  c.ldsp   x15, 0x120
#7963 0 00000000000105c2     c399 r 0000000000000000 0000000000000000  c.beqz   x15, . + 0x6
#7964 0 00000000000105c4 2620106f r 0000000000000000 0000000000000000  j        . + 0x1262
#7965 0 0000000000011826     0a10 r 000000000000000c 00000000fffffd60  c.addi4spn  x12, 0x44
#7966 0 0000000000011828     85ca r 000000000000000b 000000000001e848  c.mv     x11, x18
#7967 0 000000000001182a     8552 r 000000000000000a 000000000001e260  c.mv     x10, x20
#7968 0 000000000001182c 03d060ef r 0000000000000001 0000000000011830  jal      x1, . + 0x683c
#7969 0 0000000000018068     6a18 r 000000000000000e 0000000000000001  c.ld     x14, 0x10(x12)
#7970 0 000000000001806a     c311 r 0000000000000000 0000000000000000  c.beqz   x14, . + 0x4
#7971 0 000000000001806c     bfa1 r 0000000000000000 0000000000000000  c.j      . - 0xa8
#7972 0 0000000000017fc4 0ac5a783 r 000000000000000f 0000000000000000  lw       x15, 0xac(x11)
#7973 0 0000000000017fc8     715d r 0000000000000002 00000000fffffc00  c.addi16sp -0x5
#7974 0 0000000000017fca     6709 r 000000000000000e 0000000000002000  c.lui    x14, 0x2
#7975 0 0000000000017fcc     ec56 m 00000000fffffc18 0000000000000000  c.sdsp   x21, 0x18
#7976 0 0000000000017fce     e486 m 00000000fffffc48 0000000000011830  c.sdsp   x1, 0x48
#7977 0 0000000000017fd0     e0a2 m 00000000fffffc40 000000000001c437  c.sdsp   x8, 0x40
#7978 0 0000000000017fd2     fc26 m 00000000fffffc38 0000000000000001  c.sdsp   x9, 0x38
#7979 0 0000000000017fd4     f84a m 00000000fffffc30 000000000001e848  c.sdsp   x18, 0x30
#7980 0 0000000000017fd6     f44e m 00000000fffffc28 0000000000000001  c.sdsp   x19, 0x28
#7981 0 0000000000017fd8     f052 m 00000000fffffc20 000000000001e260  c.sdsp   x20, 0x20
#7982 0 0000000000017fda     e85a m 00000000fffffc10 00000000fffffde0  c.sdsp   x22, 0x10
#7983 0 0000000000017fdc     e45e m 00000000fffffc08 0000000000000001  c.sdsp   x23, 0x8
#7984 0 0000000000017fde     8ff9 r 000000000000000f 0000000000000000  c.and    x15, x14
#7985 0 0000000000017fe0     8ab2 r 0000000000000015 00000000fffffd60  c.mv     x21, x12
#7986 0 0000000000017fe2     c3c1 r 0000000000000000 0000000000000000  c.beqz   x15, . + 0x80
#7987 0 0000000000018062 146010ef r 0000000000000001 0000000000018066  jal      x1, . + 0x1146
#7988 0 00000000000191a8     6a1c r 000000000000000f 0000000000000001  c.ld     x15, 0x10(x12)
#7989 0 00000000000191aa 1a078c63 r 0000000000000000 0000000000000000  beq      x15, x0, . + 0x1b8
#7990 0 00000000000191ae 0105d783 r 000000000000000f 0000000000002889  lhu      x15, 0x10(x11)
#7991 0 00000000000191b2     711d r 0000000000000002 00000000fffffba0  c.addi16sp -0x6
#7992 0 00000000000191b4     e8a2 m 00000000fffffbf0 000000000001c437  c.sdsp   x8, 0x50
#7993 0 00000000000191b6     f852 m 00000000fffffbd0 000000000001e260  c.sdsp   x20, 0x30
#7994 0 00000000000191b8     f456 m 00000000fffffbc8 00000000fffffd60  c.sdsp   x21, 0x28
#7995 0 00000000000191ba     ec86 m 00000000fffffbf8 0000000000018066  c.sdsp   x1, 0x58
#7996 0 00000000000191bc     e4a6 m 00000000fffffbe8 0000000000000001  c.sdsp   x9, 0x48
#7997 0 00000000000191be     e0ca m 00000000fffffbe0 000000000001e848  c.sdsp   x18, 0x40
#7998 0 00000000000191c0     fc4e m 00000000fffffbd8 0000000000000001  c.sdsp   x19, 0x38
#7999 0 00000000000191c2     f05a m 00000000fffffbc0 00000000fffffde0  c.sdsp   x22, 0x20
#8000 0 00000000000191c4     ec5e m 00000000fffffbb8 0000000000000001  c.sdsp   x23, 0x18
#8001 0 00000000000191c6     e862 m 00000000fffffbb0 fffffffffffffffe  c.sdsp   x24, 0x10
#8002 0 00000000000191c8     e466 m 00000000fffffba8 000000000001c436  c.sdsp   x25, 0x8
#8003 0 00000000000191ca     e06a m 00000000fffffba0 0000000000000064  c.sdsp   x26, 0x0
#8004 0 00000000000191cc 0087f713 r 000000000000000e 0000000000000008  andi     x14, x15, 8
#8005 0 00000000000191d0     8a32 r 0000000000000014 00000000fffffd60  c.mv     x20, x12
#8006 0 00000000000191d2     8aaa r 0000000000000015 000000000001e260  c.mv     x21, x10
#8007 0 00000000000191d4     842e r 0000000000000008 000000000001e848  c.mv     x8, x11
#8008 0 00000000000191d6     c325 r 0000000000000000 0000000000000000  c.beqz   x14, . + 0x60
#8009 0 00000000000191d8     6d98 r 000000000000000e 0000000000020010  c.ld     x14, 0x18(x11)
#8010 0 00000000000191da     cf31 r 0000000000000000 0000000000000000  c.beqz   x14, . + 0x5c
#8011 0 00000000000191dc 0027f713 r 000000000000000e 0000000000000000  andi     x14, x15, 2
#8012 0 00000000000191e0 000a3903 r 0000000000000012 00000000fffffde0  ld       x18, 0x0(x20)
#8013 0 00000000000191e4     c735 r 0000000000000000 0000000000000000  c.beqz   x14, . + 0x6c
#8014 0 0000000000019250 0017f713 r 000000000000000e 0000000000000001  andi     x14, x15, 1
#8015 0 0000000000019254     eb35 r 0000000000000000 0000000000000000  c.bnez   x14, . + 0x74
#8016 0 00000000000192c8     4981 r 0000000000000013 0000000000000000  c.li     x19, 0x0
#8017 0 00000000000192ca     4501 r 000000000000000a 0000000000000000  c.li     x10, 0x0
#8018 0 00000000000192cc     4c81 r 0000000000000019 0000000000000000  c.li     x25, 0x0
#8019 0 00000000000192ce     4c01 r 0000000000000018 0000000000000000  c.li     x24, 0x0
#8020 0 00000000000192d0 080c0b63 r 0000000000000000 0000000000000000  beq      x24, x0, . + 0x96
#8021 0 0000000000019366 00893c03 r 0000000000000018 0000000000000001  ld       x24, 0x8(x18)
#8022 0 000000000001936a 00093c83 r 0000000000000019 000000000001c436  ld       x25, 0x0(x18)
#8023 0 000000000001936e     0941 r 0000000000000012 00000000fffffdf0  c.addi   x18, 0x10
#8024 0 0000000000019370 fe0c0be3 r 0000000000000000 0000000000000000  beq      x24, x0, . - 0xa
#8025 0 0000000000019374     8662 r 000000000000000c 0000000000000001  c.mv     x12, x24
#8026 0 0000000000019376     45a9 r 000000000000000b 000000000000000a  c.li     x11, 0xa
#8027 0 0000000000019378     8566 r 000000000000000a 000000000001c436  c.mv     x10, x25
#8028 0 000000000001937a f7bfb0ef r 0000000000000001 000000000001937e  jal      x1, . - 0x4086
#8029 0 00000000000152f4 00757793 r 000000000000000f 0000000000000006  andi     x15, x10, 7
#8030 0 00000000000152f8 0ff5f693 r 000000000000000d 000000000000000a  andi     x13, x11, 255
#8031 0 00000000000152fc     c395 r 0000000000000000 0000000000000000  c.beqz   x15, . + 0x24
#8032 0 00000000000152fe fff60793 r 000000000000000f 0000000000000000  addi     x15, x12, -1
#8033 0 0000000000015302     c605 r 0000000000000000 0000000000000000  c.beqz   x12, . + 0x28
#8034 0 0000000000015304     567d r 000000000000000c ffffffffffffffff  c.li     x12, -0x1
#8035 0 0000000000015306     a801 r 0000000000000000 0000000000000000  c.j      . + 0x10
#8036 0 0000000000015316 00054703 r 000000000000000e 000000000000000a  lbu      x14, 0x0(x10)
#8037 0 000000000001531a fed717e3 r 0000000000000000 0000000000000000  bne      x14, x13, . - 0x12
#8038 0 000000000001531e     8082 r 0000000000000000 0000000000000000  c.jr     x1
#8039 0 000000000001937e 12050f63 r 0000000000000000 0000000000000000  beq      x10, x0, . + 0x13e
#8040 0 0000000000019382     0505 r 000000000000000a 000000000001c437  c.addi   x10, 0x1
#8041 0 0000000000019384 419509bb r 0000000000000013 0000000000000001  subw     x19, x10, x25
#8042 0 0000000000019388     b7b9 r 0000000000000000 0000000000000000  c.j      . - 0xb2
#8043 0 00000000000192d6     8bce r 0000000000000017 0000000000000001  c.mv     x23, x19
#8044 0 00000000000192d8 013c7363 r 0000000000000000 0000000000000000  bgeu     x24, x19, . + 0x6
#8045 0 00000000000192de     6008 r 000000000000000a 0000000000020015  c.ld     x10, 0x0(x8)
#8046 0 00000000000192e0     6c1c r 000000000000000f 0000000000020010  c.ld     x15, 0x18(x8)
#8047 0 00000000000192e2     5014 r 000000000000000d 0000000000000400  c.lw     x13, 0x20(x8)
#8048 0 00000000000192e4     84de r 0000000000000009 0000000000000001  c.mv     x9, x23
#8049 0 00000000000192e6 00a7f763 r 0000000000000000 0000000000000000  bgeu     x15, x10, . + 0xe
#8050 0 00000000000192ea     445c r 000000000000000f fffffffffffffffb  c.lw     x15, 0xc(x8)
#8051 0 00000000000192ec 00d78b3b r 0000000000000016 00000000000003fb  addw     x22, x15, x13
#8052 0 00000000000192f0 097b4d63 r 0000000000000000 0000000000000000  blt      x22, x23, . + 0x9a
#8053 0 00000000000192f4 18dbc463 r 0000000000000000 0000000000000000  blt      x23, x13, . + 0x188
#8054 0 000000000001947c     865e r 000000000000000c 0000000000000001  c.mv     x12, x23
#8055 0 000000000001947e     85e6 r 000000000000000b 000000000001c436  c.mv     x11, x25
#8056 0 0000000000019480 1ac000ef r 0000000000000001 0000000000019484  jal      x1, . + 0x1ac
#8057 0 000000000001962c 02a5f263 r 0000000000000000 0000000000000000  bgeu     x11, x10, . + 0x24
#8058 0 0000000000019630 00c587b3 r 000000000000000f 000000000001c437  add      x15, x11, x12
#8059 0 0000000000019634 00f57e63 r 0000000000000000 0000000000000000  bgeu     x10, x15, . + 0x1c
#8060 0 0000000000019650     47fd r 000000000000000f 000000000000001f  c.li     x15, 0x1f
#8061 0 0000000000019652 02c7e163 r 0000000000000000 0000000000000000  bltu     x15, x12, . + 0x22
#8062 0 0000000000019656     87aa r 000000000000000f 0000000000020015  c.mv     x15, x10
#8063 0 0000000000019658 fff60693 r 000000000000000d 0000000000000000  addi     x13, x12, -1
#8064 0 000000000001965c     c245 r 0000000000000000 0000000000000000  c.beqz   x12, . + 0xa0
#8065 0 000000000001965e     0685 r 000000000000000d 0000000000000001  c.addi   x13, 0x1
#8066 0 0000000000019660     96be r 000000000000000d 0000000000020016  c.add    x13, x15
#8067 0 0000000000019662 0005c703 r 000000000000000e 000000000000000a  lbu      x14, 0x0(x11)
#8068 0 0000000000019666     0785 r 000000000000000f 0000000000020016  c.addi   x15, 0x1
#8069 0 0000000000019668     0585 r 000000000000000b 000000000001c437  c.addi   x11, 0x1
#8070 0 000000000001966a fee78fa3 m 0000000000020015 000000000000000a  sb       x14, -0x1(x15)
#8071 0 000000000001966e fed79ae3 r 0000000000000000 0000000000000000  bne      x15, x13, . - 0xc
#8072 0 0000000000019672     8082 r 0000000000000000 0000000000000000  c.jr     x1
#8073 0 0000000000019484     4454 r 000000000000000d fffffffffffffffb  c.lw     x13, 0xc(x8)
#8074 0 0000000000019486     6018 r 000000000000000e 0000000000020015  c.ld     x14, 0x0(x8)
#8075 0 0000000000019488 000b879b r 000000000000000f 0000000000000001  addiw    x15, x23, 0
#8076 0 000000000001948c 417686bb r 000000000000000d fffffffffffffffa  subw     x13, x13, x23
#8077 0 0000000000019490     975e r 000000000000000e 0000000000020016  c.add    x14, x23
#8078 0 0000000000019492     c454 m 000000000001e854 00000000fffffffa  c.sw     x13, 0xc(x8)
#8079 0 0000000000019494     e018 m 000000000001e848 0000000000020016  c.sd     x14, 0x0(x8)
#8080 0 0000000000019496     bd9d r 0000000000000000 0000000000000000  c.j      . - 0x18a
#8081 0 000000000001930c 40f989bb r 0000000000000013 0000000000000000  subw     x19, x19, x15
#8082 0 0000000000019310     4505 r 000000000000000a 0000000000000001  c.li     x10, 0x1
#8083 0 0000000000019312 02098b63 r 0000000000000000 0000000000000000  beq      x19, x0, . + 0x36
#8084 0 0000000000019348     85a2 r 000000000000000b 000000000001e848  c.mv     x11, x8
#8085 0 000000000001934a     8556 r 000000000000000a 000000000001e260  c.mv     x10, x21
#8086 0 000000000001934c f0ff80ef r 0000000000000001 0000000000019350  jal      x1, . - 0x70f2
#8087 0 000000000001225a     1101 r 0000000000000002 00000000fffffb80  c.addi   x2, -0x20
#8088 0 000000000001225c     e822 m 00000000fffffb90 000000000001e848  c.sdsp   x8, 0x10
#8089 0 000000000001225e     ec06 m 00000000fffffb98 0000000000019350  c.sdsp   x1, 0x18
#8090 0 0000000000012260     842a r 0000000000000008 000000000001e260  c.mv     x8, x10
#8091 0 0000000000012262     c119 r 0000000000000000 0000000000000000  c.beqz   x10, . + 0x6
#8092 0 0000000000012264     493c r 000000000000000f 0000000000000001  c.lw     x15, 0x50(x10)
#8093 0 0000000000012266     cb89 r 0000000000000000 0000000000000000  c.beqz   x15, . + 0x12
#8094 0 0000000000012268 01059783 r 000000000000000f 0000000000002889  lh       x15, 0x10(x11)
#8095 0 000000000001226c     ef89 r 0000000000000000 0000000000000000  c.bnez   x15, . + 0x1a
#8096 0 0000000000012286     8522 r 000000000000000a 000000000001e260  c.mv     x10, x8
#8097 0 0000000000012288     6442 r 0000000000000008 000000000001e848  c.ldsp   x8, 0x10
#8098 0 000000000001228a     60e2 r 0000000000000001 0000000000019350  c.ldsp   x1, 0x18
#8099 0 000000000001228c     6105 r 0000000000000002 00000000fffffba0  c.addi16sp 0x2
#8100 0 000000000001228e     bd2d r 0000000000000000 0000000000000000  c.j      . - 0x1c6
#8101 0 00000000000120c8 01059783 r 000000000000000f 0000000000002889  lh       x15, 0x10(x11)
#8102 0 00000000000120cc     7179 r 0000000000000002 00000000fffffb70  c.addi16sp -0x3
#8103 0 00000000000120ce     f022 m 00000000fffffb90 000000000001e848  c.sdsp   x8, 0x20
#8104 0 00000000000120d0     e44e m 00000000fffffb78 0000000000000000  c.sdsp   x19, 0x8
#8105 0 00000000000120d2     f406 m 00000000fffffb98 0000000000019350  c.sdsp   x1, 0x28
#8106 0 00000000000120d4     ec26 m 00000000fffffb88 0000000000000001  c.sdsp   x9, 0x18
#8107 0 00000000000120d6     e84a m 00000000fffffb80 00000000fffffdf0  c.sdsp   x18, 0x10
#8108 0 00000000000120d8 0087f693 r 000000000000000d 0000000000000008  andi     x13, x15, 8
#8109 0 00000000000120dc     842e r 0000000000000008 000000000001e848  c.mv     x8, x11
#8110 0 00000000000120de     89aa r 0000000000000013 000000000001e260  c.mv     x19, x10
#8111 0 00000000000120e0     ead5 r 0000000000000000 0000000000000000  c.bnez   x13, . + 0xb4
#8112 0 0000000000012194 0185b903 r 0000000000000012 0000000000020010  ld       x18, 0x18(x11)
#8113 0 0000000000012198 fe0906e3 r 0000000000000000 0000000000000000  beq      x18, x0, . - 0x14
#8114 0 000000000001219c     6184 r 0000000000000009 0000000000020016  c.ld     x9, 0x0(x11)
#8115 0 000000000001219e 03079713 r 000000000000000e 2889000000000000  slli     x14, x15, 48
#8116 0 00000000000121a2     9341 r 000000000000000e 0000000000002889  c.srli   x14, 0x30
#8117 0 00000000000121a4     8b0d r 000000000000000e 0000000000000001  c.andi   x14, 0x3
#8118 0 00000000000121a6 0125b023 m 000000000001e848 0000000000020010  sd       x18, 0x0(x11)
#8119 0 00000000000121aa 412484bb r 0000000000000009 0000000000000006  subw     x9, x9, x18
#8120 0 00000000000121ae     4781 r 000000000000000f 0000000000000000  c.li     x15, 0x0
#8121 0 00000000000121b0     e311 r 0000000000000000 0000000000000000  c.bnez   x14, . + 0x4
#8122 0 00000000000121b4     c45c m 000000000001e854 0000000000000000  c.sw     x15, 0xc(x8)
#8123 0 00000000000121b6 00904663 r 0000000000000000 0000000000000000  blt      x0, x9, . + 0xc
#8124 0 00000000000121c2     603c r 000000000000000f 0000000000016190  c.ld     x15, 0x40(x8)
#8125 0 00000000000121c4     780c r 000000000000000b 000000000001e848  c.ld     x11, 0x30(x8)
#8126 0 00000000000121c6     86a6 r 000000000000000d 0000000000000006  c.mv     x13, x9
#8127 0 00000000000121c8     864a r 000000000000000c 0000000000020010  c.mv     x12, x18
#8128 0 00000000000121ca     854e r 000000000000000a 000000000001e260  c.mv     x10, x19
#8129 0 00000000000121cc     9782 r 0000000000000001 00000000000121ce  c.jalr   x15
#8130 0 0000000000016190 01059783 r 000000000000000f 0000000000002889  lh       x15, 0x10(x11)
#8131 0 0000000000016194     7179 r 0000000000000002 00000000fffffb40  c.addi16sp -0x3
#8132 0 0000000000016196     f022 m 00000000fffffb60 000000000001e848  c.sdsp   x8, 0x20
#8133 0 0000000000016198     ec26 m 00000000fffffb58 0000000000000006  c.sdsp   x9, 0x18
#8134 0 000000000001619a     e84a m 00000000fffffb50 0000000000020010  c.sdsp   x18, 0x10
#8135 0 000000000001619c     e44e m 00000000fffffb48 000000000001e260  c.sdsp   x19, 0x8
#8136 0 000000000001619e     f406 m 00000000fffffb68 00000000000121ce  c.sdsp   x1, 0x28
#8137 0 00000000000161a0 1007f713 r 000000000000000e 0000000000000000  andi     x14, x15, 256
#8138 0 00000000000161a4     842e r 0000000000000008 000000000001e848  c.mv     x8, x11
#8139 0 00000000000161a6     84aa r 0000000000000009 000000000001e260  c.mv     x9, x10
#8140 0 00000000000161a8 01259583 r 000000000000000b 0000000000000001  lh       x11, 0x12(x11)
#8141 0 00000000000161ac     8932 r 0000000000000012 0000000000020010  c.mv     x18, x12
#8142 0 00000000000161ae     89b6 r 0000000000000013 0000000000000006  c.mv     x19, x13
#8143 0 00000000000161b0     e30d r 0000000000000000 0000000000000000  c.bnez   x14, . + 0x22
#8144 0 00000000000161b2     777d r 000000000000000e fffffffffffff000  c.lui    x14, 0xfffff
#8145 0 00000000000161b4     177d r 000000000000000e ffffffffffffefff  c.addi   x14, -0x1
#8146 0 00000000000161b6     8ff9 r 000000000000000f 0000000000002889  c.and    x15, x14
#8147 0 00000000000161b8 00f41823 m 000000000001e858 0000000000002889  sh       x15, 0x10(x8)
#8148 0 00000000000161bc     7402 r 0000000000000008 000000000001e848  c.ldsp   x8, 0x20
#8149 0 00000000000161be     70a2 r 0000000000000001 00000000000121ce  c.ldsp   x1, 0x28
#8150 0 00000000000161c0     86ce r 000000000000000d 0000000000000006  c.mv     x13, x19
#8151 0 00000000000161c2     864a r 000000000000000c 0000000000020010  c.mv     x12, x18
#8152 0 00000000000161c4     69a2 r 0000000000000013 000000000001e260  c.ldsp   x19, 0x8
#8153 0 00000000000161c6     6942 r 0000000000000012 0000000000020010  c.ldsp   x18, 0x10
#8154 0 00000000000161c8     8526 r 000000000000000a 000000000001e260  c.mv     x10, x9
#8155 0 00000000000161ca     64e2 r 0000000000000009 0000000000000006  c.ldsp   x9, 0x18
#8156 0 00000000000161cc     6145 r 0000000000000002 00000000fffffb70  c.addi16sp 0x3
#8157 0 00000000000161ce 3a70206f r 0000000000000000 0000000000000000  j        . + 0x2ba6
#8158 0 0000000000018d74     1101 r 0000000000000002 00000000fffffb50  c.addi   x2, -0x20
#8159 0 0000000000018d76     872e r 000000000000000e 0000000000000001  c.mv     x14, x11
#8160 0 0000000000018d78     e822 m 00000000fffffb60 000000000001e848  c.sdsp   x8, 0x10
#8161 0 0000000000018d7a     e426 m 00000000fffffb58 0000000000000006  c.sdsp   x9, 0x8
#8162 0 0000000000018d7c     85b2 r 000000000000000b 0000000000020010  c.mv     x11, x12
#8163 0 0000000000018d7e     842a r 0000000000000008 000000000001e260  c.mv     x8, x10
#8164 0 0000000000018d80     8636 r 000000000000000c 0000000000000006  c.mv     x12, x13
#8165 0 0000000000018d82     853a r 000000000000000a 0000000000000001  c.mv     x10, x14
#8166 0 0000000000018d84     ec06 m 00000000fffffb68 00000000000121ce  c.sdsp   x1, 0x18
#8167 0 0000000000018d86 7801a823 m 000000000001f3d8 0000000000000000  sw       x0, 0x790(x3)
#8168 0 0000000000018d8a 208020ef r 0000000000000001 0000000000018d8e  jal      x1, . + 0x2208
#8169 0 000000000001af92     1141 r 0000000000000002 00000000fffffb40  c.addi   x2, -0x10
#8170 0 000000000001af94     e406 m 00000000fffffb48 0000000000018d8e  c.sdsp   x1, 0x8
#8171 0 000000000001af96     e022 m 00000000fffffb40 000000000001e260  c.sdsp   x8, 0x0
#8172 0 000000000001af98 04000893 r 0000000000000011 0000000000000040  addi     x17, x0, 64
#8173 0 000000000001af9c 00000073 r 000000000000000a 0000000000000006  ecall    
#8174 0 000000000001afa0     842a r 0000000000000008 0000000000000006  c.mv     x8, x10
#8175 0 000000000001afa2 00054763 r 0000000000000000 0000000000000000  blt      x10, x0, . + 0xe
#8176 0 000000000001afa6     60a2 r 0000000000000001 0000000000018d8e  c.ldsp   x1, 0x8
#8177 0 000000000001afa8     8522 r 000000000000000a 0000000000000006  c.mv     x10, x8
#8178 0 000000000001afaa     6402 r 0000000000000008 000000000001e260  c.ldsp   x8, 0x0
#8179 0 000000000001afac     0141 r 0000000000000002 00000000fffffb50  c.addi   x2, 0x10
#8180 0 000000000001afae     8082 r 0000000000000000 0000000000000000  c.jr     x1
#8181 0 0000000000018d8e     57fd r 000000000000000f ffffffffffffffff  c.li     x15, -0x1
#8182 0 0000000000018d90 00f50763 r 0000000000000000 0000000000000000  beq      x10, x15, . + 0xe
#8183 0 0000000000018d94     60e2 r 0000000000000001 00000000000121ce  c.ldsp   x1, 0x18
#8184 0 0000000000018d96     6442 r 0000000000000008 000000000001e848  c.ldsp   x8, 0x10
#8185 0 0000000000018d98     64a2 r 0000000000000009 0000000000000006  c.ldsp   x9, 0x8
#8186 0 0000000000018d9a     6105 r 0000000000000002 00000000fffffb70  c.addi16sp 0x2
#8187 0 0000000000018d9c     8082 r 0000000000000000 0000000000000000  c.jr     x1
#8188 0 00000000000121ce     9c89 r 0000000000000009 0000000000000000  c.subw   x9, x10
#8189 0 00000000000121d0 fea046e3 r 0000000000000000 0000000000000000  blt      x0, x10, . - 0x14
#8190 0 00000000000121bc     992a r 0000000000000012 0000000000020016  c.add    x18, x10
#8191 0 00000000000121be fc9053e3 r 0000000000000000 0000000000000000  bge      x0, x9, . - 0x3a
#8192 0 0000000000012184     4501 r 000000000000000a 0000000000000000  c.li     x10, 0x0
#8193 0 0000000000012186     70a2 r 0000000000000001 0000000000019350  c.ldsp   x1, 0x28
#8194 0 0000000000012188     7402 r 0000000000000008 000000000001e848  c.ldsp   x8, 0x20
#8195 0 000000000001218a     64e2 r 0000000000000009 0000000000000001  c.ldsp   x9, 0x18
#8196 0 000000000001218c     6942 r 0000000000000012 00000000fffffdf0  c.ldsp   x18, 0x10
#8197 0 000000000001218e     69a2 r 0000000000000013 0000000000000000  c.ldsp   x19, 0x8
#8198 0 0000000000012190     6145 r 0000000000000002 00000000fffffba0  c.addi16sp 0x3
#8199 0 0000000000012192     8082 r 0000000000000000 0000000000000000  c.jr     x1
#8200 0 0000000000019350     d179 r 0000000000000000 0000000000000000  c.beqz   x10, . - 0x3a
#8201 0 0000000000019316 010a3783 r 000000000000000f 0000000000000001  ld       x15, 0x10(x20)
#8202 0 000000000001931a     9ca6 r 0000000000000019 000000000001c437  c.add    x25, x9
#8203 0 000000000001931c 409c0c33 r 0000000000000018 0000000000000000  sub      x24, x24, x9
#8204 0 0000000000019320 409784b3 r 0000000000000009 0000000000000000  sub      x9, x15, x9
#8205 0 0000000000019324 009a3823 m 00000000fffffd70 0000000000000000  sd       x9, 0x10(x20)
#8206 0 0000000000019328     f4c5 r 0000000000000000 0000000000000000  c.bnez   x9, . - 0x58
#8207 0 000000000001932a     4501 r 000000000000000a 0000000000000000  c.li     x10, 0x0
#8208 0 000000000001932c     60e6 r 0000000000000001 0000000000018066  c.ldsp   x1, 0x58
#8209 0 000000000001932e     6446 r 0000000000000008 000000000001c437  c.ldsp   x8, 0x50
#8210 0 0000000000019330     64a6 r 0000000000000009 0000000000000001  c.ldsp   x9, 0x48
#8211 0 0000000000019332     6906 r 0000000000000012 000000000001e848  c.ldsp   x18, 0x40
#8212 0 0000000000019334     79e2 r 0000000000000013 0000000000000001  c.ldsp   x19, 0x38
#8213 0 0000000000019336     7a42 r 0000000000000014 000000000001e260  c.ldsp   x20, 0x30
#8214 0 0000000000019338     7aa2 r 0000000000000015 00000000fffffd60  c.ldsp   x21, 0x28
#8215 0 000000000001933a     7b02 r 0000000000000016 00000000fffffde0  c.ldsp   x22, 0x20
#8216 0 000000000001933c     6be2 r 0000000000000017 0000000000000001  c.ldsp   x23, 0x18
#8217 0 000000000001933e     6c42 r 0000000000000018 fffffffffffffffe  c.ldsp   x24, 0x10
#8218 0 0000000000019340     6ca2 r 0000000000000019 000000000001c436  c.ldsp   x25, 0x8
#8219 0 0000000000019342     6d02 r 000000000000001a 0000000000000064  c.ldsp   x26, 0x0
#8220 0 0000000000019344     6125 r 0000000000000002 00000000fffffc00  c.addi16sp 0x6
#8221 0 0000000000019346     8082 r 0000000000000000 0000000000000000  c.jr     x1
#8222 0 0000000000018066     b7e1 r 0000000000000000 0000000000000000  c.j      . - 0x38
#8223 0 000000000001802e     60a6 r 0000000000000001 0000000000011830  c.ldsp   x1, 0x48
#8224 0 0000000000018030     6406 r 0000000000000008 000000000001c437  c.ldsp   x8, 0x40
#8225 0 0000000000018032 000ab823 m 00000000fffffd70 0000000000000000  sd       x0, 0x10(x21)
#8226 0 0000000000018036 000aa423 m 00000000fffffd68 0000000000000000  sw       x0, 0x8(x21)
#8227 0 000000000001803a     74e2 r 0000000000000009 0000000000000001  c.ldsp   x9, 0x38
#8228 0 000000000001803c     7942 r 0000000000000012 000000000001e848  c.ldsp   x18, 0x30
#8229 0 000000000001803e     79a2 r 0000000000000013 0000000000000001  c.ldsp   x19, 0x28
#8230 0 0000000000018040     7a02 r 0000000000000014 000000000001e260  c.ldsp   x20, 0x20
#8231 0 0000000000018042     6ae2 r 0000000000000015 0000000000000000  c.ldsp   x21, 0x18
#8232 0 0000000000018044     6b42 r 0000000000000016 00000000fffffde0  c.ldsp   x22, 0x10
#8233 0 0000000000018046     6ba2 r 0000000000000017 0000000000000001  c.ldsp   x23, 0x8
#8234 0 0000000000018048     6161 r 0000000000000002 00000000fffffc50  c.addi16sp 0x5
#8235 0 000000000001804a     8082 r 0000000000000000 0000000000000000  c.jr     x1
#8236 0 0000000000011830 d99fe06f r 0000000000000000 0000000000000000  j        . - 0x1268
#8237 0 00000000000105c8 01095783 r 000000000000000f 0000000000002889  lhu      x15, 0x10(x18)
#8238 0 00000000000105cc 0407f793 r 000000000000000f 0000000000000000  andi     x15, x15, 64
#8239 0 00000000000105d0     c399 r 0000000000000000 0000000000000000  c.beqz   x15, . + 0x6
#8240 0 00000000000105d6 27813083 r 0000000000000001 000000000001030c  ld       x1, 0x278(x2)
#8241 0 00000000000105da 27013403 r 0000000000000008 00000000ffffff50  ld       x8, 0x270(x2)
#8242 0 00000000000105de     6522 r 000000000000000a 0000000000000006  c.ldsp   x10, 0x8
#8243 0 00000000000105e0 26813483 r 0000000000000009 0000000000000000  ld       x9, 0x268(x2)
#8244 0 00000000000105e4 26013903 r 0000000000000012 0000000000000000  ld       x18, 0x260(x2)
#8245 0 00000000000105e8 25813983 r 0000000000000013 0000000000000000  ld       x19, 0x258(x2)
#8246 0 00000000000105ec 25013a03 r 0000000000000014 0000000000000000  ld       x20, 0x250(x2)
#8247 0 00000000000105f0 24813a83 r 0000000000000015 0000000000000000  ld       x21, 0x248(x2)
#8248 0 00000000000105f4 24013b03 r 0000000000000016 0000000000000000  ld       x22, 0x240(x2)
#8249 0 00000000000105f8 23813b83 r 0000000000000017 0000000000000000  ld       x23, 0x238(x2)
#8250 0 00000000000105fc 23013c03 r 0000000000000018 0000000000000000  ld       x24, 0x230(x2)
#8251 0 0000000000010600 22813c83 r 0000000000000019 0000000000000000  ld       x25, 0x228(x2)
#8252 0 0000000000010604 22013d03 r 000000000000001a 0000000000000000  ld       x26, 0x220(x2)
#8253 0 0000000000010608 21813d83 r 000000000000001b 0000000000000000  ld       x27, 0x218(x2)
#8254 0 000000000001060c 28010113 r 0000000000000002 00000000fffffed0  addi     x2, x2, 640
#8255 0 0000000000010610     8082 r 0000000000000000 0000000000000000  c.jr     x1
#8256 0 000000000001030c     60e2 r 0000000000000001 000000000001016e  c.ldsp   x1, 0x18
#8257 0 000000000001030e     6125 r 0000000000000002 00000000ffffff30  c.addi16sp 0x6
#8258 0 0000000000010310     8082 r 0000000000000000 0000000000000000  c.jr     x1
#8259 0 000000000001016e fec42783 r 000000000000000f 0000000000000008  lw       x15, -0x14(x8)
#8260 0 0000000000010172     2785 r 000000000000000f 0000000000000009  c.addiw  x15, 0x1
#8261 0 0000000000010174 fef42623 m 00000000ffffff3c 0000000000000009  sw       x15, -0x14(x8)
#8262 0 0000000000010178 fec42783 r 000000000000000f 0000000000000009  lw       x15, -0x14(x8)
#8263 0 000000000001017c 0007871b r 000000000000000e 0000000000000009  addiw    x14, x15, 0
#8264 0 0000000000010180     47a5 r 000000000000000f 0000000000000009  c.li     x15, 0x9
#8265 0 0000000000010182 fce7dee3 r 0000000000000000 0000000000000000  bge      x15, x14, . - 0x24
#8266 0 000000000001015e fec42783 r 000000000000000f 0000000000000009  lw       x15, -0x14(x8)
#8267 0 0000000000010162     85be r 000000000000000b 0000000000000009  c.mv     x11, x15
#8268 0 0000000000010164     67f1 r 000000000000000f 000000000001c000  c.lui    x15, 0x1c
#8269 0 0000000000010166 43078513 r 000000000000000a 000000000001c430  addi     x10, x15, 1072
#8270 0 000000000001016a 17c000ef r 0000000000000001 000000000001016e  jal      x1, . + 0x17c
#8271 0 00000000000102e6 7581b303 r 0000000000000006 000000000001e260  ld       x6, 0x758(x3)
#8272 0 00000000000102ea     711d r 0000000000000002 00000000fffffed0  c.addi16sp -0x6
#8273 0 00000000000102ec     f832 m 00000000ffffff00 0000000000000006  c.sdsp   x12, 0x30
#8274 0 00000000000102ee     fc36 m 00000000ffffff08 0000000000000006  c.sdsp   x13, 0x38
#8275 0 00000000000102f0     f42e m 00000000fffffef8 0000000000000009  c.sdsp   x11, 0x28
#8276 0 00000000000102f2     e0ba m 00000000ffffff10 0000000000000009  c.sdsp   x14, 0x40
#8277 0 00000000000102f4     e4be m 00000000ffffff18 000000000001c000  c.sdsp   x15, 0x48
#8278 0 00000000000102f6     e8c2 m 00000000ffffff20 0000000000000000  c.sdsp   x16, 0x50
#8279 0 00000000000102f8     ecc6 m 00000000ffffff28 0000000000000040  c.sdsp   x17, 0x58
#8280 0 00000000000102fa 01033583 r 000000000000000b 000000000001e848  ld       x11, 0x10(x6)
#8281 0 00000000000102fe     1034 r 000000000000000d 00000000fffffef8  c.addi4spn  x13, 0xa
#8282 0 0000000000010300     862a r 000000000000000c 000000000001c430  c.mv     x12, x10
#8283 0 0000000000010302     851a r 000000000000000a 000000000001e260  c.mv     x10, x6
#8284 0 0000000000010304     ec06 m 00000000fffffee8 000000000001016e  c.sdsp   x1, 0x18
#8285 0 0000000000010306     e436 m 00000000fffffed8 00000000fffffef8  c.sdsp   x13, 0x8
#8286 0 0000000000010308 00a000ef r 0000000000000001 000000000001030c  jal      x1, . + 0xa
#8287 0 0000000000010312 d8010113 r 0000000000000002 00000000fffffc50  addi     x2, x2, -640
#8288 0 0000000000010316 26113c23 m 00000000fffffec8 000000000001030c  sd       x1, 0x278(x2)
#8289 0 000000000001031a 27213023 m 00000000fffffeb0 0000000000000000  sd       x18, 0x260(x2)
#8290 0 000000000001031e 25413823 m 00000000fffffea0 0000000000000000  sd       x20, 0x250(x2)
#8291 0 0000000000010322 23913423 m 00000000fffffe78 0000000000000000  sd       x25, 0x228(x2)
#8292 0 0000000000010326     892e r 0000000000000012 000000000001e848  c.mv     x18, x11
#8293 0 0000000000010328     8cb2 r 0000000000000019 000000000001c430  c.mv     x25, x12
#8294 0 000000000001032a     e836 m 00000000fffffc60 00000000fffffef8  c.sdsp   x13, 0x10
#8295 0 000000000001032c 26813823 m 00000000fffffec0 00000000ffffff50  sd       x8, 0x270(x2)
#8296 0 0000000000010330 26913423 m 00000000fffffeb8 0000000000000000  sd       x9, 0x268(x2)
#8297 0 0000000000010334 25313c23 m 00000000fffffea8 0000000000000000  sd       x19, 0x258(x2)
#8298 0 0000000000010338 25513423 m 00000000fffffe98 0000000000000000  sd       x21, 0x248(x2)
#8299 0 000000000001033c 25613023 m 00000000fffffe90 0000000000000000  sd       x22, 0x240(x2)
#8300 0 0000000000010340 23713c23 m 00000000fffffe88 0000000000000000  sd       x23, 0x238(x2)
#8301 0 0000000000010344 23813823 m 00000000fffffe80 0000000000000000  sd       x24, 0x230(x2)
#8302 0 0000000000010348 23a13023 m 00000000fffffe70 0000000000000000  sd       x26, 0x220(x2)
#8303 0 000000000001034c 21b13c23 m 00000000fffffe68 0000000000000000  sd       x27, 0x218(x2)
#8304 0 0000000000010350     8a2a r 0000000000000014 000000000001e260  c.mv     x20, x10
#8305 0 0000000000010352 6fa040ef r 0000000000000001 0000000000010356  jal      x1, . + 0x46fa
#8306 0 0000000000014a4c e6018513 r 000000000000000a 000000000001eaa8  addi     x10, x3, -416
#8307 0 0000000000014a50     8082 r 0000000000000000 0000000000000000  c.jr     x1
#8308 0 0000000000010356     611c r 000000000000000f 000000000001c980  c.ld     x15, 0x0(x10)
#8309 0 0000000000010358     853e r 000000000000000a 000000000001c980  c.mv     x10, x15
#8310 0 000000000001035a     f8be m 00000000fffffcc0 000000000001c980  c.sdsp   x15, 0x70
#8311 0 000000000001035c 058060ef r 0000000000000001 0000000000010360  jal      x1, . + 0x6058
#8312 0 00000000000163b4 00757793 r 000000000000000f 0000000000000000  andi     x15, x10, 7
#8313 0 00000000000163b8     872a r 000000000000000e 000000000001c980  c.mv     x14, x10
#8314 0 00000000000163ba     eba9 r 0000000000000000 0000000000000000  c.bnez   x15, . + 0x52
#8315 0 00000000000163bc 7401b683 r 000000000000000d 7f7f7f7f7f7f7f7f  ld       x13, 0x740(x3)
#8316 0 00000000000163c0     55fd r 000000000000000b ffffffffffffffff  c.li     x11, -0x1
#8317 0 00000000000163c2     6310 r 000000000000000c 000000000000002e  c.ld     x12, 0x0(x14)
#8318 0 00000000000163c4     0721 r 000000000000000e 000000000001c988  c.addi   x14, 0x8
#8319 0 00000000000163c6 00d677b3 r 000000000000000f 000000000000002e  and      x15, x12, x13
#8320 0 00000000000163ca     97b6 r 000000000000000f 7f7f7f7f7f7f7fad  c.add    x15, x13
#8321 0 00000000000163cc     8fd1 r 000000000000000f 7f7f7f7f7f7f7faf  c.or     x15, x12
#8322 0 00000000000163ce     8fd5 r 000000000000000f 7f7f7f7f7f7f7fff  c.or     x15, x13
#8323 0 00000000000163d0 feb789e3 r 0000000000000000 0000000000000000  beq      x15, x11, . - 0xe
#8324 0 00000000000163d4 ff874683 r 000000000000000d 000000000000002e  lbu      x13, -0x8(x14)
#8325 0 00000000000163d8 40a707b3 r 000000000000000f 0000000000000008  sub      x15, x14, x10
#8326 0 00000000000163dc     c6a9 r 0000000000000000 0000000000000000  c.beqz   x13, . + 0x4a
#8327 0 00000000000163de ff974683 r 000000000000000d 0000000000000000  lbu      x13, -0x7(x14)
#8328 0 00000000000163e2     ce9d r 0000000000000000 0000000000000000  c.beqz   x13, . + 0x3e
#8329 0 0000000000016420 ff978513 r 000000000000000a 0000000000000001  addi     x10, x15, -7
#8330 0 0000000000016424     8082 r 0000000000000000 0000000000000000  c.jr     x1
#8331 0 0000000000010360     f4aa m 00000000fffffcb8 0000000000000001  c.sdsp   x10, 0x68
#8332 0 0000000000010362     e202 m 00000000fffffd50 0000000000000000  c.sdsp   x0, 0x100
#8333 0 0000000000010364     e602 m 00000000fffffd58 0000000000000000  c.sdsp   x0, 0x108
#8334 0 0000000000010366 000a0663 r 0000000000000000 0000000000000000  beq      x20, x0, . + 0xc
#8335 0 000000000001036a 050a2783 r 000000000000000f 0000000000000001  lw       x15, 0x50(x20)
#8336 0 000000000001036e 72078963 r 0000000000000000 0000000000000000  beq      x15, x0, . + 0x732
#8337 0 0000000000010372 01091703 r 000000000000000e 0000000000002889  lh       x14, 0x10(x18)
#8338 0 0000000000010376     6689 r 000000000000000d 0000000000002000  c.lui    x13, 0x2
#8339 0 0000000000010378 03071793 r 000000000000000f 2889000000000000  slli     x15, x14, 48
#8340 0 000000000001037c     93c1 r 000000000000000f 0000000000002889  c.srli   x15, 0x30
#8341 0 000000000001037e 00d7f633 r 000000000000000c 0000000000002000  and      x12, x15, x13
#8342 0 0000000000010382     e215 r 0000000000000000 0000000000000000  c.bnez   x12, . + 0x24
#8343 0 00000000000103a6 0087f713 r 000000000000000e 0000000000000008  andi     x14, x15, 8
#8344 0 00000000000103aa 26070a63 r 0000000000000000 0000000000000000  beq      x14, x0, . + 0x274
#8345 0 00000000000103ae 01893703 r 000000000000000e 0000000000020010  ld       x14, 0x18(x18)
#8346 0 00000000000103b2 26070663 r 0000000000000000 0000000000000000  beq      x14, x0, . + 0x26c
#8347 0 00000000000103b6     8be9 r 000000000000000f 0000000000000008  c.andi   x15, 0x1a
#8348 0 00000000000103b8     4729 r 000000000000000e 000000000000000a  c.li     x14, 0xa
#8349 0 00000000000103ba 26e78f63 r 0000000000000000 0000000000000000  beq      x15, x14, . + 0x27e
#8350 0 00000000000103be     67f1 r 000000000000000f 000000000001c000  c.lui    x15, 0x1c
#8351 0 00000000000103c0 6587b783 r 000000000000000f 3ffc000000000000  ld       x15, 0x658(x15)
#8352 0 00000000000103c4 19010b13 r 0000000000000016 00000000fffffde0  addi     x22, x2, 400
#8353 0 00000000000103c8     ea5a m 00000000fffffd60 00000000fffffde0  c.sdsp   x22, 0x110
#8354 0 00000000000103ca     ed3e m 00000000fffffce8 3ffc000000000000  c.sdsp   x15, 0x98
#8355 0 00000000000103cc     67f1 r 000000000000000f 000000000001c000  c.lui    x15, 0x1c
#8356 0 00000000000103ce 6387b783 r 000000000000000f 4003000000000000  ld       x15, 0x638(x15)
#8357 0 00000000000103d2     f202 m 00000000fffffd70 0000000000000000  c.sdsp   x0, 0x120
#8358 0 00000000000103d4 10012c23 m 00000000fffffd68 0000000000000000  sw       x0, 0x118(x2)
#8359 0 00000000000103d8     e93e m 00000000fffffce0 4003000000000000  c.sdsp   x15, 0x90
#8360 0 00000000000103da     67f1 r 000000000000000f 000000000001c000  c.lui    x15, 0x1c
#8361 0 00000000000103dc 6487b783 r 000000000000000f 3ffe000000000000  ld       x15, 0x648(x15)
#8362 0 00000000000103e0     f002 m 00000000fffffc70 0000000000000000  c.sdsp   x0, 0x20
#8363 0 00000000000103e2     f402 m 00000000fffffc78 0000000000000000  c.sdsp   x0, 0x28
#8364 0 00000000000103e4     f13e m 00000000fffffcf0 3ffe000000000000  c.sdsp   x15, 0xa0
#8365 0 00000000000103e6 000cc783 r 000000000000000f 0000000000000069  lbu      x15, 0x0(x25)
#8366 0 00000000000103ea     fc82 m 00000000fffffcc8 0000000000000000  c.sdsp   x0, 0x78
#8367 0 00000000000103ec     f082 m 00000000fffffcb0 0000000000000000  c.sdsp   x0, 0x60
#8368 0 00000000000103ee     e102 m 00000000fffffcd0 0000000000000000  c.sdsp   x0, 0x80
#8369 0 00000000000103f0     e502 m 00000000fffffcd8 0000000000000000  c.sdsp   x0, 0x88
#8370 0 00000000000103f2     e402 m 00000000fffffc58 0000000000000000  c.sdsp   x0, 0x8
#8371 0 00000000000103f4     835a r 0000000000000006 00000000fffffde0  c.mv     x6, x22
#8372 0 00000000000103f6 1c078563 r 0000000000000000 0000000000000000  beq      x15, x0, . + 0x1ca
#8373 0 00000000000103fa     8466 r 0000000000000008 000000000001c430  c.mv     x8, x25
#8374 0 00000000000103fc 02500713 r 000000000000000e 0000000000000025  addi     x14, x0, 37
#8375 0 0000000000010400 30e78363 r 0000000000000000 0000000000000000  beq      x15, x14, . + 0x306
#8376 0 0000000000010404 00144783 r 000000000000000f 0000000000000020  lbu      x15, 0x1(x8)
#8377 0 0000000000010408     0405 r 0000000000000008 000000000001c431  c.addi   x8, 0x1
#8378 0 000000000001040a     fbfd r 0000000000000000 0000000000000000  c.bnez   x15, . - 0xa
#8379 0 0000000000010400 30e78363 r 0000000000000000 0000000000000000  beq      x15, x14, . + 0x306
#8380 0 0000000000010404 00144783 r 000000000000000f 000000000000003d  lbu      x15, 0x1(x8)
#8381 0 0000000000010408     0405 r 0000000000000008 000000000001c432  c.addi   x8, 0x1
#8382 0 000000000001040a     fbfd r 0000000000000000 0000000000000000  c.bnez   x15, . - 0xa
#8383 0 0000000000010400 30e78363 r 0000000000000000 0000000000000000  beq      x15, x14, . + 0x306
#8384 0 0000000000010404 00144783 r 000000000000000f 0000000000000020  lbu      x15, 0x1(x8)
#8385 0 0000000000010408     0405 r 0000000000000008 000000000001c433  c.addi   x8, 0x1
#8386 0 000000000001040a     fbfd r 0000000000000000 0000000000000000  c.bnez   x15, . - 0xa
#8387 0 0000000000010400 30e78363 r 0000000000000000 0000000000000000  beq      x15, x14, . + 0x306
#8388 0 0000000000010404 00144783 r 000000000000000f 0000000000000025  lbu      x15, 0x1(x8)
#8389 0 0000000000010408     0405 r 0000000000000008 000000000001c434  c.addi   x8, 0x1
#8390 0 000000000001040a     fbfd r 0000000000000000 0000000000000000  c.bnez   x15, . - 0xa
#8391 0 0000000000010400 30e78363 r 0000000000000000 0000000000000000  beq      x15, x14, . + 0x306
#8392 0 0000000000010706 419404bb r 0000000000000009 0000000000000004  subw     x9, x8, x25
#8393 0 000000000001070a d00495e3 r 0000000000000000 0000000000000000  bne      x9, x0, . - 0x2f6
#8394 0 0000000000010414     7712 r 000000000000000e 0000000000000000  c.ldsp   x14, 0x120
#8395 0 0000000000010416 11812783 r 000000000000000f 0000000000000000  lw       x15, 0x118(x2)
#8396 0 000000000001041a 01933023 m 00000000fffffde0 000000000001c430  sd       x25, 0x0(x6)
#8397 0 000000000001041e     9726 r 000000000000000e 0000000000000004  c.add    x14, x9
#8398 0 0000000000010420     2785 r 000000000000000f 0000000000000001  c.addiw  x15, 0x1
#8399 0 0000000000010422 00933423 m 00000000fffffde8 0000000000000004  sd       x9, 0x8(x6)
#8400 0 0000000000010426     f23a m 00000000fffffd70 0000000000000004  c.sdsp   x14, 0x120
#8401 0 0000000000010428 10f12c23 m 00000000fffffd68 0000000000000001  sw       x15, 0x118(x2)
#8402 0 000000000001042c 0007871b r 000000000000000e 0000000000000001  addiw    x14, x15, 0
#8403 0 0000000000010430     479d r 000000000000000f 0000000000000007  c.li     x15, 0x7
#8404 0 0000000000010432     0341 r 0000000000000006 00000000fffffdf0  c.addi   x6, 0x10
#8405 0 0000000000010434 2ee7c063 r 0000000000000000 0000000000000000  blt      x15, x14, . + 0x2e0
#8406 0 0000000000010438     6722 r 000000000000000e 0000000000000000  c.ldsp   x14, 0x8
#8407 0 000000000001043a 00044783 r 000000000000000f 0000000000000025  lbu      x15, 0x0(x8)
#8408 0 000000000001043e     9f25 r 000000000000000e 0000000000000004  c.addw   x14, x9
#8409 0 0000000000010440     e43a m 00000000fffffc58 0000000000000004  c.sdsp   x14, 0x8
#8410 0 0000000000010442 16078f63 r 0000000000000000 0000000000000000  beq      x15, x0, . + 0x17e
#8411 0 0000000000010446     67f1 r 000000000000000f 000000000001c000  c.lui    x15, 0x1c
#8412 0 0000000000010448 00144e03 r 000000000000001c 0000000000000064  lbu      x28, 0x1(x8)
#8413 0 000000000001044c 0c010fa3 m 00000000fffffd2f 0000000000000000  sb       x0, 0xdf(x2)
#8414 0 0000000000010450     0405 r 0000000000000008 000000000001c435  c.addi   x8, 0x1
#8415 0 0000000000010452     5c7d r 0000000000000018 ffffffffffffffff  c.li     x24, -0x1
#8416 0 0000000000010454     4a81 r 0000000000000015 0000000000000000  c.li     x21, 0x0
#8417 0 0000000000010456     4481 r 0000000000000009 0000000000000000  c.li     x9, 0x0
#8418 0 0000000000010458 05a00993 r 0000000000000013 000000000000005a  addi     x19, x0, 90
#8419 0 000000000001045c 49878b93 r 0000000000000017 000000000001c498  addi     x23, x15, 1176
#8420 0 0000000000010460     4da5 r 000000000000001b 0000000000000009  c.li     x27, 0x9
#8421 0 0000000000010462     0405 r 0000000000000008 000000000001c436  c.addi   x8, 0x1
#8422 0 0000000000010464 000e0d1b r 000000000000001a 0000000000000064  addiw    x26, x28, 0
#8423 0 0000000000010468 02a00613 r 000000000000000c 000000000000002a  addi     x12, x0, 42
#8424 0 000000000001046c fe0d079b r 000000000000000f 0000000000000044  addiw    x15, x26, -32
#8425 0 0000000000010470 0007871b r 000000000000000e 0000000000000044  addiw    x14, x15, 0
#8426 0 0000000000010474 04e9e363 r 0000000000000000 0000000000000000  bltu     x19, x14, . + 0x46
#8427 0 0000000000010478 02079713 r 000000000000000e 0000004400000000  slli     x14, x15, 32
#8428 0 000000000001047c 01e75793 r 000000000000000f 0000000000000110  srli     x15, x14, 30
#8429 0 0000000000010480     97de r 000000000000000f 000000000001c5a8  c.add    x15, x23
#8430 0 0000000000010482     439c r 000000000000000f 0000000000010656  c.lw     x15, 0x0(x15)
#8431 0 0000000000010484     8782 r 0000000000000000 0000000000000000  c.jr     x15
#8432 0 0000000000010656     66c2 r 000000000000000d 00000000fffffef8  c.ldsp   x13, 0x10
#8433 0 0000000000010658 0204f793 r 000000000000000f 0000000000000000  andi     x15, x9, 32
#8434 0 000000000001065c 00868713 r 000000000000000e 00000000ffffff00  addi     x14, x13, 8
#8435 0 0000000000010660 3c078163 r 0000000000000000 0000000000000000  beq      x15, x0, . + 0x3c2
#8436 0 0000000000010a22 0104f793 r 000000000000000f 0000000000000000  andi     x15, x9, 16
#8437 0 0000000000010a26 7e079f63 r 0000000000000000 0000000000000000  bne      x15, x0, . + 0x7fe
#8438 0 0000000000010a2a 0404f793 r 000000000000000f 0000000000000000  andi     x15, x9, 64
#8439 0 0000000000010a2e 380788e3 r 0000000000000000 0000000000000000  beq      x15, x0, . + 0xb90
#8440 0 00000000000115be 2004f793 r 000000000000000f 0000000000000000  andi     x15, x9, 512
#8441 0 00000000000115c2 24078163 r 0000000000000000 0000000000000000  beq      x15, x0, . + 0x242
#8442 0 0000000000011804     67c2 r 000000000000000f 00000000fffffef8  c.ldsp   x15, 0x10
#8443 0 0000000000011806 0007a983 r 0000000000000013 0000000000000009  lw       x19, 0x0(x15)
#8444 0 000000000001180a     87ce r 000000000000000f 0000000000000009  c.mv     x15, x19
#8445 0 000000000001180c e5dfe06f r 0000000000000000 0000000000000000  j        . - 0x11a4
#8446 0 0000000000010668 3c07cb63 r 0000000000000000 0000000000000000  blt      x15, x0, . + 0x3d6
#8447 0 000000000001066c     57fd r 000000000000000f ffffffffffffffff  c.li     x15, -0x1
#8448 0 000000000001066e 3efc00e3 r 0000000000000000 0000000000000000  beq      x24, x15, . + 0xbe0
#8449 0 000000000001124e     e83a m 00000000fffffc60 00000000ffffff00  c.sdsp   x14, 0x10
#8450 0 0000000000011250     47a5 r 000000000000000f 0000000000000009  c.li     x15, 0x9
#8451 0 0000000000011252     8da6 r 000000000000001b 0000000000000000  c.mv     x27, x9
#8452 0 0000000000011254 cb37f8e3 r 0000000000000000 0000000000000000  bgeu     x15, x19, . - 0x350
#8453 0 0000000000010f04 0309899b r 0000000000000013 0000000000000039  addiw    x19, x19, 48
#8454 0 0000000000010f08 193105a3 m 00000000fffffddb 0000000000000039  sb       x19, 0x18b(x2)
#8455 0 0000000000010f0c     84ee r 0000000000000009 0000000000000000  c.mv     x9, x27
#8456 0 0000000000010f0e     4b85 r 0000000000000017 0000000000000001  c.li     x23, 0x1
#8457 0 0000000000010f10 18b10c93 r 0000000000000019 00000000fffffddb  addi     x25, x2, 395
#8458 0 0000000000010f14 f7aff06f r 0000000000000000 0000000000000000  j        . - 0x886
#8459 0 000000000001068e 0df14783 r 000000000000000f 0000000000000000  lbu      x15, 0xdf(x2)
#8460 0 0000000000010692 000b899b r 0000000000000013 0000000000000001  addiw    x19, x23, 0
#8461 0 0000000000010696 018bd463 r 0000000000000000 0000000000000000  bge      x23, x24, . + 0x8
#8462 0 000000000001069e     ec02 m 00000000fffffc68 0000000000000000  c.sdsp   x0, 0x18
#8463 0 00000000000106a0     e482 m 00000000fffffc98 0000000000000000  c.sdsp   x0, 0x48
#8464 0 00000000000106a2     ec82 m 00000000fffffca8 0000000000000000  c.sdsp   x0, 0x58
#8465 0 00000000000106a4     e882 m 00000000fffffca0 0000000000000000  c.sdsp   x0, 0x50
#8466 0 00000000000106a6 e20789e3 r 0000000000000000 0000000000000000  beq      x15, x0, . - 0x1ce
#8467 0 00000000000104d8 0024f293 r 0000000000000005 0000000000000000  andi     x5, x9, 2
#8468 0 00000000000104dc 00028363 r 0000000000000000 0000000000000000  beq      x5, x0, . + 0x6
#8469 0 00000000000104e2 0844fd93 r 000000000000001b 0000000000000000  andi     x27, x9, 132
#8470 0 00000000000104e6     7792 r 000000000000000f 0000000000000004  c.ldsp   x15, 0x120
#8471 0 00000000000104e8 000d9663 r 0000000000000000 0000000000000000  bne      x27, x0, . + 0xc
#8472 0 00000000000104ec 413a86bb r 000000000000000d ffffffffffffffff  subw     x13, x21, x19
#8473 0 00000000000104f0 22d044e3 r 0000000000000000 0000000000000000  blt      x0, x13, . + 0xa28
#8474 0 00000000000104f4 0df14703 r 000000000000000e 0000000000000000  lbu      x14, 0xdf(x2)
#8475 0 00000000000104f8     c70d r 0000000000000000 0000000000000000  c.beqz   x14, . + 0x2a
#8476 0 0000000000010522 02028563 r 0000000000000000 0000000000000000  beq      x5, x0, . + 0x2a
#8477 0 000000000001054c 08000713 r 000000000000000e 0000000000000080  addi     x14, x0, 128
#8478 0 0000000000010550 06ed8ae3 r 0000000000000000 0000000000000000  beq      x27, x14, . + 0x874
#8479 0 0000000000010554 417c0c3b r 0000000000000018 fffffffffffffffe  subw     x24, x24, x23
#8480 0 0000000000010558 0f804ee3 r 0000000000000000 0000000000000000  blt      x0, x24, . + 0x8fc
#8481 0 000000000001055c 1004f713 r 000000000000000e 0000000000000000  andi     x14, x9, 256
#8482 0 0000000000010560 78071b63 r 0000000000000000 0000000000000000  bne      x14, x0, . + 0x796
#8483 0 0000000000010564 11812703 r 000000000000000e 0000000000000001  lw       x14, 0x118(x2)
#8484 0 0000000000010568     97de r 000000000000000f 0000000000000005  c.add    x15, x23
#8485 0 000000000001056a 01933023 m 00000000fffffdf0 00000000fffffddb  sd       x25, 0x0(x6)
#8486 0 000000000001056e 0017069b r 000000000000000d 0000000000000002  addiw    x13, x14, 1
#8487 0 0000000000010572     8736 r 000000000000000e 0000000000000002  c.mv     x14, x13
#8488 0 0000000000010574 01733423 m 00000000fffffdf8 0000000000000001  sd       x23, 0x8(x6)
#8489 0 0000000000010578 10e12c23 m 00000000fffffd68 0000000000000002  sw       x14, 0x118(x2)
#8490 0 000000000001057c     f23e m 00000000fffffd70 0000000000000005  c.sdsp   x15, 0x120
#8491 0 000000000001057e     471d r 000000000000000e 0000000000000007  c.li     x14, 0x7
#8492 0 0000000000010580 46d74863 r 0000000000000000 0000000000000000  blt      x14, x13, . + 0x470
#8493 0 0000000000010584     0341 r 0000000000000006 00000000fffffe00  c.addi   x6, 0x10
#8494 0 0000000000010586     8891 r 0000000000000009 0000000000000000  c.andi   x9, 0x4
#8495 0 0000000000010588     c489 r 0000000000000000 0000000000000000  c.beqz   x9, . + 0xa
#8496 0 0000000000010592     8756 r 000000000000000e 0000000000000000  c.mv     x14, x21
#8497 0 0000000000010594 013ad363 r 0000000000000000 0000000000000000  bge      x21, x19, . + 0x6
#8498 0 0000000000010598     874e r 000000000000000e 0000000000000001  c.mv     x14, x19
#8499 0 000000000001059a     66a2 r 000000000000000d 0000000000000004  c.ldsp   x13, 0x8
#8500 0 000000000001059c     9f35 r 000000000000000e 0000000000000005  c.addw   x14, x13
#8501 0 000000000001059e     e43a m 00000000fffffc58 0000000000000005  c.sdsp   x14, 0x8
#8502 0 00000000000105a0 12079be3 r 0000000000000000 0000000000000000  bne      x15, x0, . + 0x936
#8503 0 0000000000010ed6     0a10 r 000000000000000c 00000000fffffd60  c.addi4spn  x12, 0x44
#8504 0 0000000000010ed8     85ca r 000000000000000b 000000000001e848  c.mv     x11, x18
#8505 0 0000000000010eda     8552 r 000000000000000a 000000000001e260  c.mv     x10, x20
#8506 0 0000000000010edc 18c070ef r 0000000000000001 0000000000010ee0  jal      x1, . + 0x718c
#8507 0 0000000000018068     6a18 r 000000000000000e 0000000000000005  c.ld     x14, 0x10(x12)
#8508 0 000000000001806a     c311 r 0000000000000000 0000000000000000  c.beqz   x14, . + 0x4
#8509 0 000000000001806c     bfa1 r 0000000000000000 0000000000000000  c.j      . - 0xa8
#8510 0 0000000000017fc4 0ac5a783 r 000000000000000f 0000000000000000  lw       x15, 0xac(x11)
#8511 0 0000000000017fc8     715d r 0000000000000002 00000000fffffc00  c.addi16sp -0x5
#8512 0 0000000000017fca     6709 r 000000000000000e 0000000000002000  c.lui    x14, 0x2
#8513 0 0000000000017fcc     ec56 m 00000000fffffc18 0000000000000000  c.sdsp   x21, 0x18
#8514 0 0000000000017fce     e486 m 00000000fffffc48 0000000000010ee0  c.sdsp   x1, 0x48
#8515 0 0000000000017fd0     e0a2 m 00000000fffffc40 000000000001c436  c.sdsp   x8, 0x40
#8516 0 0000000000017fd2     fc26 m 00000000fffffc38 0000000000000000  c.sdsp   x9, 0x38
#8517 0 0000000000017fd4     f84a m 00000000fffffc30 000000000001e848  c.sdsp   x18, 0x30
#8518 0 0000000000017fd6     f44e m 00000000fffffc28 0000000000000001  c.sdsp   x19, 0x28
#8519 0 0000000000017fd8     f052 m 00000000fffffc20 000000000001e260  c.sdsp   x20, 0x20
#8520 0 0000000000017fda     e85a m 00000000fffffc10 00000000fffffde0  c.sdsp   x22, 0x10
#8521 0 0000000000017fdc     e45e m 00000000fffffc08 0000000000000001  c.sdsp   x23, 0x8
#8522 0 0000000000017fde     8ff9 r 000000000000000f 0000000000000000  c.and    x15, x14
#8523 0 0000000000017fe0     8ab2 r 0000000000000015 00000000fffffd60  c.mv     x21, x12
#8524 0 0000000000017fe2     c3c1 r 0000000000000000 0000000000000000  c.beqz   x15, . + 0x80
#8525 0 0000000000018062 146010ef r 0000000000000001 0000000000018066  jal      x1, . + 0x1146
#8526 0 00000000000191a8     6a1c r 000000000000000f 0000000000000005  c.ld     x15, 0x10(x12)
#8527 0 00000000000191aa 1a078c63 r 0000000000000000 0000000000000000  beq      x15, x0, . + 0x1b8
#8528 0 00000000000191ae 0105d783 r 000000000000000f 0000000000002889  lhu      x15, 0x10(x11)
#8529 0 00000000000191b2     711d r 0000000000000002 00000000fffffba0  c.addi16sp -0x6
#8530 0 00000000000191b4     e8a2 m 00000000fffffbf0 000000000001c436  c.sdsp   x8, 0x50
#8531 0 00000000000191b6     f852 m 00000000fffffbd0 000000000001e260  c.sdsp   x20, 0x30
#8532 0 00000000000191b8     f456 m 00000000fffffbc8 00000000fffffd60  c.sdsp   x21, 0x28
#8533 0 00000000000191ba     ec86 m 00000000fffffbf8 0000000000018066  c.sdsp   x1, 0x58
#8534 0 00000000000191bc     e4a6 m 00000000fffffbe8 0000000000000000  c.sdsp   x9, 0x48
#8535 0 00000000000191be     e0ca m 00000000fffffbe0 000000000001e848  c.sdsp   x18, 0x40
#8536 0 00000000000191c0     fc4e m 00000000fffffbd8 0000000000000001  c.sdsp   x19, 0x38
#8537 0 00000000000191c2     f05a m 00000000fffffbc0 00000000fffffde0  c.sdsp   x22, 0x20
#8538 0 00000000000191c4     ec5e m 00000000fffffbb8 0000000000000001  c.sdsp   x23, 0x18
#8539 0 00000000000191c6     e862 m 00000000fffffbb0 fffffffffffffffe  c.sdsp   x24, 0x10
#8540 0 00000000000191c8     e466 m 00000000fffffba8 00000000fffffddb  c.sdsp   x25, 0x8
#8541 0 00000000000191ca     e06a m 00000000fffffba0 0000000000000064  c.sdsp   x26, 0x0
#8542 0 00000000000191cc 0087f713 r 000000000000000e 0000000000000008  andi     x14, x15, 8
#8543 0 00000000000191d0     8a32 r 0000000000000014 00000000fffffd60  c.mv     x20, x12
#8544 0 00000000000191d2     8aaa r 0000000000000015 000000000001e260  c.mv     x21, x10
#8545 0 00000000000191d4     842e r 0000000000000008 000000000001e848  c.mv     x8, x11
#8546 0 00000000000191d6     c325 r 0000000000000000 0000000000000000  c.beqz   x14, . + 0x60
#8547 0 00000000000191d8     6d98 r 000000000000000e 0000000000020010  c.ld     x14, 0x18(x11)
#8548 0 00000000000191da     cf31 r 0000000000000000 0000000000000000  c.beqz   x14, . + 0x5c
#8549 0 00000000000191dc 0027f713 r 000000000000000e 0000000000000000  andi     x14, x15, 2
#8550 0 00000000000191e0 000a3903 r 0000000000000012 00000000fffffde0  ld       x18, 0x0(x20)
#8551 0 00000000000191e4     c735 r 0000000000000000 0000000000000000  c.beqz   x14, . + 0x6c
#8552 0 0000000000019250 0017f713 r 000000000000000e 0000000000000001  andi     x14, x15, 1
#8553 0 0000000000019254     eb35 r 0000000000000000 0000000000000000  c.bnez   x14, . + 0x74
#8554 0 00000000000192c8     4981 r 0000000000000013 0000000000000000  c.li     x19, 0x0
#8555 0 00000000000192ca     4501 r 000000000000000a 0000000000000000  c.li     x10, 0x0
#8556 0 00000000000192cc     4c81 r 0000000000000019 0000000000000000  c.li     x25, 0x0
#8557 0 00000000000192ce     4c01 r 0000000000000018 0000000000000000  c.li     x24, 0x0
#8558 0 00000000000192d0 080c0b63 r 0000000000000000 0000000000000000  beq      x24, x0, . + 0x96
#8559 0 0000000000019366 00893c03 r 0000000000000018 0000000000000004  ld       x24, 0x8(x18)
#8560 0 000000000001936a 00093c83 r 0000000000000019 000000000001c430  ld       x25, 0x0(x18)
#8561 0 000000000001936e     0941 r 0000000000000012 00000000fffffdf0  c.addi   x18, 0x10
#8562 0 0000000000019370 fe0c0be3 r 0000000000000000 0000000000000000  beq      x24, x0, . - 0xa
#8563 0 0000000000019374     8662 r 000000000000000c 0000000000000004  c.mv     x12, x24
#8564 0 0000000000019376     45a9 r 000000000000000b 000000000000000a  c.li     x11, 0xa
#8565 0 0000000000019378     8566 r 000000000000000a 000000000001c430  c.mv     x10, x25
#8566 0 000000000001937a f7bfb0ef r 0000000000000001 000000000001937e  jal      x1, . - 0x4086
#8567 0 00000000000152f4 00757793 r 000000000000000f 0000000000000000  andi     x15, x10, 7
#8568 0 00000000000152f8 0ff5f693 r 000000000000000d 000000000000000a  andi     x13, x11, 255
#8569 0 00000000000152fc     c395 r 0000000000000000 0000000000000000  c.beqz   x15, . + 0x24
#8570 0 0000000000015320     87b2 r 000000000000000f 0000000000000004  c.mv     x15, x12
#8571 0 0000000000015322     471d r 000000000000000e 0000000000000007  c.li     x14, 0x7
#8572 0 0000000000015324 00f76f63 r 0000000000000000 0000000000000000  bltu     x14, x15, . + 0x1e
#8573 0 0000000000015328     e399 r 0000000000000000 0000000000000000  c.bnez   x15, . + 0x6
#8574 0 000000000001532e     97aa r 000000000000000f 000000000001c434  c.add    x15, x10
#8575 0 0000000000015330     a021 r 0000000000000000 0000000000000000  c.j      . + 0x8
#8576 0 0000000000015338 00054703 r 000000000000000e 0000000000000069  lbu      x14, 0x0(x10)
#8577 0 000000000001533c fed71be3 r 0000000000000000 0000000000000000  bne      x14, x13, . - 0xa
#8578 0 0000000000015332     0505 r 000000000000000a 000000000001c431  c.addi   x10, 0x1
#8579 0 0000000000015334 fea78be3 r 0000000000000000 0000000000000000  beq      x15, x10, . - 0xa
#8580 0 0000000000015338 00054703 r 000000000000000e 0000000000000020  lbu      x14, 0x0(x10)
#8581 0 000000000001533c fed71be3 r 0000000000000000 0000000000000000  bne      x14, x13, . - 0xa
#8582 0 0000000000015332     0505 r 000000000000000a 000000000001c432  c.addi   x10, 0x1
#8583 0 0000000000015334 fea78be3 r 0000000000000000 0000000000000000  beq      x15, x10, . - 0xa
#8584 0 0000000000015338 00054703 r 000000000000000e 000000000000003d  lbu      x14, 0x0(x10)
#8585 0 000000000001533c fed71be3 r 0000000000000000 0000000000000000  bne      x14, x13, . - 0xa
#8586 0 0000000000015332     0505 r 000000000000000a 000000000001c433  c.addi   x10, 0x1
#8587 0 0000000000015334 fea78be3 r 0000000000000000 0000000000000000  beq      x15, x10, . - 0xa
#8588 0 0000000000015338 00054703 r 000000000000000e 0000000000000020  lbu      x14, 0x0(x10)
#8589 0 000000000001533c fed71be3 r 0000000000000000 0000000000000000  bne      x14, x13, . - 0xa
#8590 0 0000000000015332     0505 r 000000000000000a 000000000001c434  c.addi   x10, 0x1
#8591 0 0000000000015334 fea78be3 r 0000000000000000 0000000000000000  beq      x15, x10, . - 0xa
#8592 0 000000000001532a     4501 r 000000000000000a 0000000000000000  c.li     x10, 0x0
#8593 0 000000000001532c     8082 r 0000000000000000 0000000000000000  c.jr     x1
#8594 0 000000000001937e 12050f63 r 0000000000000000 0000000000000000  beq      x10, x0, . + 0x13e
#8595 0 00000000000194bc 001c099b r 0000000000000013 0000000000000005  addiw    x19, x24, 1
#8596 0 00000000000194c0     bd19 r 0000000000000000 0000000000000000  c.j      . - 0x1ea
#8597 0 00000000000192d6     8bce r 0000000000000017 0000000000000005  c.mv     x23, x19
#8598 0 00000000000192d8 013c7363 r 0000000000000000 0000000000000000  bgeu     x24, x19, . + 0x6
#8599 0 00000000000192dc     8be2 r 0000000000000017 0000000000000004  c.mv     x23, x24
#8600 0 00000000000192de     6008 r 000000000000000a 0000000000020010  c.ld     x10, 0x0(x8)
#8601 0 00000000000192e0     6c1c r 000000000000000f 0000000000020010  c.ld     x15, 0x18(x8)
#8602 0 00000000000192e2     5014 r 000000000000000d 0000000000000400  c.lw     x13, 0x20(x8)
#8603 0 00000000000192e4     84de r 0000000000000009 0000000000000004  c.mv     x9, x23
#8604 0 00000000000192e6 00a7f763 r 0000000000000000 0000000000000000  bgeu     x15, x10, . + 0xe
#8605 0 00000000000192f4 18dbc463 r 0000000000000000 0000000000000000  blt      x23, x13, . + 0x188
#8606 0 000000000001947c     865e r 000000000000000c 0000000000000004  c.mv     x12, x23
#8607 0 000000000001947e     85e6 r 000000000000000b 000000000001c430  c.mv     x11, x25
#8608 0 0000000000019480 1ac000ef r 0000000000000001 0000000000019484  jal      x1, . + 0x1ac
#8609 0 000000000001962c 02a5f263 r 0000000000000000 0000000000000000  bgeu     x11, x10, . + 0x24
#8610 0 0000000000019630 00c587b3 r 000000000000000f 000000000001c434  add      x15, x11, x12
#8611 0 0000000000019634 00f57e63 r 0000000000000000 0000000000000000  bgeu     x10, x15, . + 0x1c
#8612 0 0000000000019650     47fd r 000000000000000f 000000000000001f  c.li     x15, 0x1f
#8613 0 0000000000019652 02c7e163 r 0000000000000000 0000000000000000  bltu     x15, x12, . + 0x22
#8614 0 0000000000019656     87aa r 000000000000000f 0000000000020010  c.mv     x15, x10
#8615 0 0000000000019658 fff60693 r 000000000000000d 0000000000000003  addi     x13, x12, -1
#8616 0 000000000001965c     c245 r 0000000000000000 0000000000000000  c.beqz   x12, . + 0xa0
#8617 0 000000000001965e     0685 r 000000000000000d 0000000000000004  c.addi   x13, 0x1
#8618 0 0000000000019660     96be r 000000000000000d 0000000000020014  c.add    x13, x15
#8619 0 0000000000019662 0005c703 r 000000000000000e 0000000000000069  lbu      x14, 0x0(x11)
#8620 0 0000000000019666     0785 r 000000000000000f 0000000000020011  c.addi   x15, 0x1
#8621 0 0000000000019668     0585 r 000000000000000b 000000000001c431  c.addi   x11, 0x1
#8622 0 000000000001966a fee78fa3 m 0000000000020010 0000000000000069  sb       x14, -0x1(x15)
#8623 0 000000000001966e fed79ae3 r 0000000000000000 0000000000000000  bne      x15, x13, . - 0xc
#8624 0 0000000000019662 0005c703 r 000000000000000e 0000000000000020  lbu      x14, 0x0(x11)
#8625 0 0000000000019666     0785 r 000000000000000f 0000000000020012  c.addi   x15, 0x1
#8626 0 0000000000019668     0585 r 000000000000000b 000000000001c432  c.addi   x11, 0x1
#8627 0 000000000001966a fee78fa3 m 0000000000020011 0000000000000020  sb       x14, -0x1(x15)
#8628 0 000000000001966e fed79ae3 r 0000000000000000 0000000000000000  bne      x15, x13, . - 0xc
#8629 0 0000000000019662 0005c703 r 000000000000000e 000000000000003d  lbu      x14, 0x0(x11)
#8630 0 0000000000019666     0785 r 000000000000000f 0000000000020013  c.addi   x15, 0x1
#8631 0 0000000000019668     0585 r 000000000000000b 000000000001c433  c.addi   x11, 0x1
#8632 0 000000000001966a fee78fa3 m 0000000000020012 000000000000003d  sb       x14, -0x1(x15)
#8633 0 000000000001966e fed79ae3 r 0000000000000000 0000000000000000  bne      x15, x13, . - 0xc
#8634 0 0000000000019662 0005c703 r 000000000000000e 0000000000000020  lbu      x14, 0x0(x11)
#8635 0 0000000000019666     0785 r 000000000000000f 0000000000020014  c.addi   x15, 0x1
#8636 0 0000000000019668     0585 r 000000000000000b 000000000001c434  c.addi   x11, 0x1
#8637 0 000000000001966a fee78fa3 m 0000000000020013 0000000000000020  sb       x14, -0x1(x15)
#8638 0 000000000001966e fed79ae3 r 0000000000000000 0000000000000000  bne      x15, x13, . - 0xc
#8639 0 0000000000019672     8082 r 0000000000000000 0000000000000000  c.jr     x1
#8640 0 0000000000019484     4454 r 000000000000000d 0000000000000000  c.lw     x13, 0xc(x8)
#8641 0 0000000000019486     6018 r 000000000000000e 0000000000020010  c.ld     x14, 0x0(x8)
#8642 0 0000000000019488 000b879b r 000000000000000f 0000000000000004  addiw    x15, x23, 0
#8643 0 000000000001948c 417686bb r 000000000000000d fffffffffffffffc  subw     x13, x13, x23
#8644 0 0000000000019490     975e r 000000000000000e 0000000000020014  c.add    x14, x23
#8645 0 0000000000019492     c454 m 000000000001e854 00000000fffffffc  c.sw     x13, 0xc(x8)
#8646 0 0000000000019494     e018 m 000000000001e848 0000000000020014  c.sd     x14, 0x0(x8)
#8647 0 0000000000019496     bd9d r 0000000000000000 0000000000000000  c.j      . - 0x18a
#8648 0 000000000001930c 40f989bb r 0000000000000013 0000000000000001  subw     x19, x19, x15
#8649 0 0000000000019310     4505 r 000000000000000a 0000000000000001  c.li     x10, 0x1
#8650 0 0000000000019312 02098b63 r 0000000000000000 0000000000000000  beq      x19, x0, . + 0x36
#8651 0 0000000000019316 010a3783 r 000000000000000f 0000000000000005  ld       x15, 0x10(x20)
#8652 0 000000000001931a     9ca6 r 0000000000000019 000000000001c434  c.add    x25, x9
#8653 0 000000000001931c 409c0c33 r 0000000000000018 0000000000000000  sub      x24, x24, x9
#8654 0 0000000000019320 409784b3 r 0000000000000009 0000000000000001  sub      x9, x15, x9
#8655 0 0000000000019324 009a3823 m 00000000fffffd70 0000000000000001  sd       x9, 0x10(x20)
#8656 0 0000000000019328     f4c5 r 0000000000000000 0000000000000000  c.bnez   x9, . - 0x58
#8657 0 00000000000192d0 080c0b63 r 0000000000000000 0000000000000000  beq      x24, x0, . + 0x96
#8658 0 0000000000019366 00893c03 r 0000000000000018 0000000000000001  ld       x24, 0x8(x18)
#8659 0 000000000001936a 00093c83 r 0000000000000019 00000000fffffddb  ld       x25, 0x0(x18)
#8660 0 000000000001936e     0941 r 0000000000000012 00000000fffffe00  c.addi   x18, 0x10
#8661 0 0000000000019370 fe0c0be3 r 0000000000000000 0000000000000000  beq      x24, x0, . - 0xa
#8662 0 0000000000019374     8662 r 000000000000000c 0000000000000001  c.mv     x12, x24
#8663 0 0000000000019376     45a9 r 000000000000000b 000000000000000a  c.li     x11, 0xa
#8664 0 0000000000019378     8566 r 000000000000000a 00000000fffffddb  c.mv     x10, x25
#8665 0 000000000001937a f7bfb0ef r 0000000000000001 000000000001937e  jal      x1, . - 0x4086
#8666 0 00000000000152f4 00757793 r 000000000000000f 0000000000000003  andi     x15, x10, 7
#8667 0 00000000000152f8 0ff5f693 r 000000000000000d 000000000000000a  andi     x13, x11, 255
#8668 0 00000000000152fc     c395 r 0000000000000000 0000000000000000  c.beqz   x15, . + 0x24
#8669 0 00000000000152fe fff60793 r 000000000000000f 0000000000000000  addi     x15, x12, -1
#8670 0 0000000000015302     c605 r 0000000000000000 0000000000000000  c.beqz   x12, . + 0x28
#8671 0 0000000000015304     567d r 000000000000000c ffffffffffffffff  c.li     x12, -0x1
#8672 0 0000000000015306     a801 r 0000000000000000 0000000000000000  c.j      . + 0x10
#8673 0 0000000000015316 00054703 r 000000000000000e 0000000000000039  lbu      x14, 0x0(x10)
#8674 0 000000000001531a fed717e3 r 0000000000000000 0000000000000000  bne      x14, x13, . - 0x12
#8675 0 0000000000015308     0505 r 000000000000000a 00000000fffffddc  c.addi   x10, 0x1
#8676 0 000000000001530a 00757713 r 000000000000000e 0000000000000004  andi     x14, x10, 7
#8677 0 000000000001530e     cb11 r 0000000000000000 0000000000000000  c.beqz   x14, . + 0x14
#8678 0 0000000000015310     17fd r 000000000000000f ffffffffffffffff  c.addi   x15, -0x1
#8679 0 0000000000015312 00c78c63 r 0000000000000000 0000000000000000  beq      x15, x12, . + 0x18
#8680 0 000000000001532a     4501 r 000000000000000a 0000000000000000  c.li     x10, 0x0
#8681 0 000000000001532c     8082 r 0000000000000000 0000000000000000  c.jr     x1
#8682 0 000000000001937e 12050f63 r 0000000000000000 0000000000000000  beq      x10, x0, . + 0x13e
#8683 0 00000000000194bc 001c099b r 0000000000000013 0000000000000002  addiw    x19, x24, 1
#8684 0 00000000000194c0     bd19 r 0000000000000000 0000000000000000  c.j      . - 0x1ea
#8685 0 00000000000192d6     8bce r 0000000000000017 0000000000000002  c.mv     x23, x19
#8686 0 00000000000192d8 013c7363 r 0000000000000000 0000000000000000  bgeu     x24, x19, . + 0x6
#8687 0 00000000000192dc     8be2 r 0000000000000017 0000000000000001  c.mv     x23, x24
#8688 0 00000000000192de     6008 r 000000000000000a 0000000000020014  c.ld     x10, 0x0(x8)
#8689 0 00000000000192e0     6c1c r 000000000000000f 0000000000020010  c.ld     x15, 0x18(x8)
#8690 0 00000000000192e2     5014 r 000000000000000d 0000000000000400  c.lw     x13, 0x20(x8)
#8691 0 00000000000192e4     84de r 0000000000000009 0000000000000001  c.mv     x9, x23
#8692 0 00000000000192e6 00a7f763 r 0000000000000000 0000000000000000  bgeu     x15, x10, . + 0xe
#8693 0 00000000000192ea     445c r 000000000000000f fffffffffffffffc  c.lw     x15, 0xc(x8)
#8694 0 00000000000192ec 00d78b3b r 0000000000000016 00000000000003fc  addw     x22, x15, x13
#8695 0 00000000000192f0 097b4d63 r 0000000000000000 0000000000000000  blt      x22, x23, . + 0x9a
#8696 0 00000000000192f4 18dbc463 r 0000000000000000 0000000000000000  blt      x23, x13, . + 0x188
#8697 0 000000000001947c     865e r 000000000000000c 0000000000000001  c.mv     x12, x23
#8698 0 000000000001947e     85e6 r 000000000000000b 00000000fffffddb  c.mv     x11, x25
#8699 0 0000000000019480 1ac000ef r 0000000000000001 0000000000019484  jal      x1, . + 0x1ac
#8700 0 000000000001962c 02a5f263 r 0000000000000000 0000000000000000  bgeu     x11, x10, . + 0x24
#8701 0 0000000000019650     47fd r 000000000000000f 000000000000001f  c.li     x15, 0x1f
#8702 0 0000000000019652 02c7e163 r 0000000000000000 0000000000000000  bltu     x15, x12, . + 0x22
#8703 0 0000000000019656     87aa r 000000000000000f 0000000000020014  c.mv     x15, x10
#8704 0 0000000000019658 fff60693 r 000000000000000d 0000000000000000  addi     x13, x12, -1
#8705 0 000000000001965c     c245 r 0000000000000000 0000000000000000  c.beqz   x12, . + 0xa0
#8706 0 000000000001965e     0685 r 000000000000000d 0000000000000001  c.addi   x13, 0x1
#8707 0 0000000000019660     96be r 000000000000000d 0000000000020015  c.add    x13, x15
#8708 0 0000000000019662 0005c703 r 000000000000000e 0000000000000039  lbu      x14, 0x0(x11)
#8709 0 0000000000019666     0785 r 000000000000000f 0000000000020015  c.addi   x15, 0x1
#8710 0 0000000000019668     0585 r 000000000000000b 00000000fffffddc  c.addi   x11, 0x1
#8711 0 000000000001966a fee78fa3 m 0000000000020014 0000000000000039  sb       x14, -0x1(x15)
#8712 0 000000000001966e fed79ae3 r 0000000000000000 0000000000000000  bne      x15, x13, . - 0xc
#8713 0 0000000000019672     8082 r 0000000000000000 0000000000000000  c.jr     x1
#8714 0 0000000000019484     4454 r 000000000000000d fffffffffffffffc  c.lw     x13, 0xc(x8)
#8715 0 0000000000019486     6018 r 000000000000000e 0000000000020014  c.ld     x14, 0x0(x8)
#8716 0 0000000000019488 000b879b r 000000000000000f 0000000000000001  addiw    x15, x23, 0
#8717 0 000000000001948c 417686bb r 000000000000000d fffffffffffffffb  subw     x13, x13, x23
#8718 0 0000000000019490     975e r 000000000000000e 0000000000020015  c.add    x14, x23
#8719 0 0000000000019492     c454 m 000000000001e854 00000000fffffffb  c.sw     x13, 0xc(x8)
#8720 0 0000000000019494     e018 m 000000000001e848 0000000000020015  c.sd     x14, 0x0(x8)
#8721 0 0000000000019496     bd9d r 0000000000000000 0000000000000000  c.j      . - 0x18a
#8722 0 000000000001930c 40f989bb r 0000000000000013 0000000000000001  subw     x19, x19, x15
#8723 0 0000000000019310     4505 r 000000000000000a 0000000000000001  c.li     x10, 0x1
#8724 0 0000000000019312 02098b63 r 0000000000000000 0000000000000000  beq      x19, x0, . + 0x36
#8725 0 0000000000019316 010a3783 r 000000000000000f 0000000000000001  ld       x15, 0x10(x20)
#8726 0 000000000001931a     9ca6 r 0000000000000019 00000000fffffddc  c.add    x25, x9
#8727 0 000000000001931c 409c0c33 r 0000000000000018 0000000000000000  sub      x24, x24, x9
#8728 0 0000000000019320 409784b3 r 0000000000000009 0000000000000000  sub      x9, x15, x9
#8729 0 0000000000019324 009a3823 m 00000000fffffd70 0000000000000000  sd       x9, 0x10(x20)
#8730 0 0000000000019328     f4c5 r 0000000000000000 0000000000000000  c.bnez   x9, . - 0x58
#8731 0 000000000001932a     4501 r 000000000000000a 0000000000000000  c.li     x10, 0x0
#8732 0 000000000001932c     60e6 r 0000000000000001 0000000000018066  c.ldsp   x1, 0x58
#8733 0 000000000001932e     6446 r 0000000000000008 000000000001c436  c.ldsp   x8, 0x50
#8734 0 0000000000019330     64a6 r 0000000000000009 0000000000000000  c.ldsp   x9, 0x48
#8735 0 0000000000019332     6906 r 0000000000000012 000000000001e848  c.ldsp   x18, 0x40
#8736 0 0000000000019334     79e2 r 0000000000000013 0000000000000001  c.ldsp   x19, 0x38
#8737 0 0000000000019336     7a42 r 0000000000000014 000000000001e260  c.ldsp   x20, 0x30
#8738 0 0000000000019338     7aa2 r 0000000000000015 00000000fffffd60  c.ldsp   x21, 0x28
#8739 0 000000000001933a     7b02 r 0000000000000016 00000000fffffde0  c.ldsp   x22, 0x20
#8740 0 000000000001933c     6be2 r 0000000000000017 0000000000000001  c.ldsp   x23, 0x18
#8741 0 000000000001933e     6c42 r 0000000000000018 fffffffffffffffe  c.ldsp   x24, 0x10
#8742 0 0000000000019340     6ca2 r 0000000000000019 00000000fffffddb  c.ldsp   x25, 0x8
#8743 0 0000000000019342     6d02 r 000000000000001a 0000000000000064  c.ldsp   x26, 0x0
#8744 0 0000000000019344     6125 r 0000000000000002 00000000fffffc00  c.addi16sp 0x6
#8745 0 0000000000019346     8082 r 0000000000000000 0000000000000000  c.jr     x1
#8746 0 0000000000018066     b7e1 r 0000000000000000 0000000000000000  c.j      . - 0x38
#8747 0 000000000001802e     60a6 r 0000000000000001 0000000000010ee0  c.ldsp   x1, 0x48
#8748 0 0000000000018030     6406 r 0000000000000008 000000000001c436  c.ldsp   x8, 0x40
#8749 0 0000000000018032 000ab823 m 00000000fffffd70 0000000000000000  sd       x0, 0x10(x21)
#8750 0 0000000000018036 000aa423 m 00000000fffffd68 0000000000000000  sw       x0, 0x8(x21)
#8751 0 000000000001803a     74e2 r 0000000000000009 0000000000000000  c.ldsp   x9, 0x38
#8752 0 000000000001803c     7942 r 0000000000000012 000000000001e848  c.ldsp   x18, 0x30
#8753 0 000000000001803e     79a2 r 0000000000000013 0000000000000001  c.ldsp   x19, 0x28
#8754 0 0000000000018040     7a02 r 0000000000000014 000000000001e260  c.ldsp   x20, 0x20
#8755 0 0000000000018042     6ae2 r 0000000000000015 0000000000000000  c.ldsp   x21, 0x18
#8756 0 0000000000018044     6b42 r 0000000000000016 00000000fffffde0  c.ldsp   x22, 0x10
#8757 0 0000000000018046     6ba2 r 0000000000000017 0000000000000001  c.ldsp   x23, 0x8
#8758 0 0000000000018048     6161 r 0000000000000002 00000000fffffc50  c.addi16sp 0x5
#8759 0 000000000001804a     8082 r 0000000000000000 0000000000000000  c.jr     x1
#8760 0 0000000000010ee0 ec050263 r 0000000000000000 0000000000000000  beq      x10, x0, . - 0x93c
#8761 0 00000000000105a4     67e2 r 000000000000000f 0000000000000000  c.ldsp   x15, 0x18
#8762 0 00000000000105a6 10012c23 m 00000000fffffd68 0000000000000000  sw       x0, 0x118(x2)
#8763 0 00000000000105aa     c789 r 0000000000000000 0000000000000000  c.beqz   x15, . + 0xa
#8764 0 00000000000105b4     835a r 0000000000000006 00000000fffffde0  c.mv     x6, x22
#8765 0 00000000000105b6     8ca2 r 0000000000000019 000000000001c436  c.mv     x25, x8
#8766 0 00000000000105b8 000cc783 r 000000000000000f 000000000000000a  lbu      x15, 0x0(x25)
#8767 0 00000000000105bc e2079fe3 r 0000000000000000 0000000000000000  bne      x15, x0, . - 0x1c2
#8768 0 00000000000103fa     8466 r 0000000000000008 000000000001c436  c.mv     x8, x25
#8769 0 00000000000103fc 02500713 r 000000000000000e 0000000000000025  addi     x14, x0, 37
#8770 0 0000000000010400 30e78363 r 0000000000000000 0000000000000000  beq      x15, x14, . + 0x306
#8771 0 0000000000010404 00144783 r 000000000000000f 0000000000000000  lbu      x15, 0x1(x8)
#8772 0 0000000000010408     0405 r 0000000000000008 000000000001c437  c.addi   x8, 0x1
#8773 0 000000000001040a     fbfd r 0000000000000000 0000000000000000  c.bnez   x15, . - 0xa
#8774 0 000000000001040c 419404bb r 0000000000000009 0000000000000001  subw     x9, x8, x25
#8775 0 0000000000010410 1a048863 r 0000000000000000 0000000000000000  beq      x9, x0, . + 0x1b0
#8776 0 0000000000010414     7712 r 000000000000000e 0000000000000000  c.ldsp   x14, 0x120
#8777 0 0000000000010416 11812783 r 000000000000000f 0000000000000000  lw       x15, 0x118(x2)
#8778 0 000000000001041a 01933023 m 00000000fffffde0 000000000001c436  sd       x25, 0x0(x6)
#8779 0 000000000001041e     9726 r 000000000000000e 0000000000000001  c.add    x14, x9
#8780 0 0000000000010420     2785 r 000000000000000f 0000000000000001  c.addiw  x15, 0x1
#8781 0 0000000000010422 00933423 m 00000000fffffde8 0000000000000001  sd       x9, 0x8(x6)
#8782 0 0000000000010426     f23a m 00000000fffffd70 0000000000000001  c.sdsp   x14, 0x120
#8783 0 0000000000010428 10f12c23 m 00000000fffffd68 0000000000000001  sw       x15, 0x118(x2)
#8784 0 000000000001042c 0007871b r 000000000000000e 0000000000000001  addiw    x14, x15, 0
#8785 0 0000000000010430     479d r 000000000000000f 0000000000000007  c.li     x15, 0x7
#8786 0 0000000000010432     0341 r 0000000000000006 00000000fffffdf0  c.addi   x6, 0x10
#8787 0 0000000000010434 2ee7c063 r 0000000000000000 0000000000000000  blt      x15, x14, . + 0x2e0
#8788 0 0000000000010438     6722 r 000000000000000e 0000000000000005  c.ldsp   x14, 0x8
#8789 0 000000000001043a 00044783 r 000000000000000f 0000000000000000  lbu      x15, 0x0(x8)
#8790 0 000000000001043e     9f25 r 000000000000000e 0000000000000006  c.addw   x14, x9
#8791 0 0000000000010440     e43a m 00000000fffffc58 0000000000000006  c.sdsp   x14, 0x8
#8792 0 0000000000010442 16078f63 r 0000000000000000 0000000000000000  beq      x15, x0, . + 0x17e
#8793 0 00000000000105c0     7792 r 000000000000000f 0000000000000001  c.ldsp   x15, 0x120
#8794 0 00000000000105c2     c399 r 0000000000000000 0000000000000000  c.beqz   x15, . + 0x6
#8795 0 00000000000105c4 2620106f r 0000000000000000 0000000000000000  j        . + 0x1262
#8796 0 0000000000011826     0a10 r 000000000000000c 00000000fffffd60  c.addi4spn  x12, 0x44
#8797 0 0000000000011828     85ca r 000000000000000b 000000000001e848  c.mv     x11, x18
#8798 0 000000000001182a     8552 r 000000000000000a 000000000001e260  c.mv     x10, x20
#8799 0 000000000001182c 03d060ef r 0000000000000001 0000000000011830  jal      x1, . + 0x683c
#8800 0 0000000000018068     6a18 r 000000000000000e 0000000000000001  c.ld     x14, 0x10(x12)
#8801 0 000000000001806a     c311 r 0000000000000000 0000000000000000  c.beqz   x14, . + 0x4
#8802 0 000000000001806c     bfa1 r 0000000000000000 0000000000000000  c.j      . - 0xa8
#8803 0 0000000000017fc4 0ac5a783 r 000000000000000f 0000000000000000  lw       x15, 0xac(x11)
#8804 0 0000000000017fc8     715d r 0000000000000002 00000000fffffc00  c.addi16sp -0x5
#8805 0 0000000000017fca     6709 r 000000000000000e 0000000000002000  c.lui    x14, 0x2
#8806 0 0000000000017fcc     ec56 m 00000000fffffc18 0000000000000000  c.sdsp   x21, 0x18
#8807 0 0000000000017fce     e486 m 00000000fffffc48 0000000000011830  c.sdsp   x1, 0x48
#8808 0 0000000000017fd0     e0a2 m 00000000fffffc40 000000000001c437  c.sdsp   x8, 0x40
#8809 0 0000000000017fd2     fc26 m 00000000fffffc38 0000000000000001  c.sdsp   x9, 0x38
#8810 0 0000000000017fd4     f84a m 00000000fffffc30 000000000001e848  c.sdsp   x18, 0x30
#8811 0 0000000000017fd6     f44e m 00000000fffffc28 0000000000000001  c.sdsp   x19, 0x28
#8812 0 0000000000017fd8     f052 m 00000000fffffc20 000000000001e260  c.sdsp   x20, 0x20
#8813 0 0000000000017fda     e85a m 00000000fffffc10 00000000fffffde0  c.sdsp   x22, 0x10
#8814 0 0000000000017fdc     e45e m 00000000fffffc08 0000000000000001  c.sdsp   x23, 0x8
#8815 0 0000000000017fde     8ff9 r 000000000000000f 0000000000000000  c.and    x15, x14
#8816 0 0000000000017fe0     8ab2 r 0000000000000015 00000000fffffd60  c.mv     x21, x12
#8817 0 0000000000017fe2     c3c1 r 0000000000000000 0000000000000000  c.beqz   x15, . + 0x80
#8818 0 0000000000018062 146010ef r 0000000000000001 0000000000018066  jal      x1, . + 0x1146
#8819 0 00000000000191a8     6a1c r 000000000000000f 0000000000000001  c.ld     x15, 0x10(x12)
#8820 0 00000000000191aa 1a078c63 r 0000000000000000 0000000000000000  beq      x15, x0, . + 0x1b8
#8821 0 00000000000191ae 0105d783 r 000000000000000f 0000000000002889  lhu      x15, 0x10(x11)
#8822 0 00000000000191b2     711d r 0000000000000002 00000000fffffba0  c.addi16sp -0x6
#8823 0 00000000000191b4     e8a2 m 00000000fffffbf0 000000000001c437  c.sdsp   x8, 0x50
#8824 0 00000000000191b6     f852 m 00000000fffffbd0 000000000001e260  c.sdsp   x20, 0x30
#8825 0 00000000000191b8     f456 m 00000000fffffbc8 00000000fffffd60  c.sdsp   x21, 0x28
#8826 0 00000000000191ba     ec86 m 00000000fffffbf8 0000000000018066  c.sdsp   x1, 0x58
#8827 0 00000000000191bc     e4a6 m 00000000fffffbe8 0000000000000001  c.sdsp   x9, 0x48
#8828 0 00000000000191be     e0ca m 00000000fffffbe0 000000000001e848  c.sdsp   x18, 0x40
#8829 0 00000000000191c0     fc4e m 00000000fffffbd8 0000000000000001  c.sdsp   x19, 0x38
#8830 0 00000000000191c2     f05a m 00000000fffffbc0 00000000fffffde0  c.sdsp   x22, 0x20
#8831 0 00000000000191c4     ec5e m 00000000fffffbb8 0000000000000001  c.sdsp   x23, 0x18
#8832 0 00000000000191c6     e862 m 00000000fffffbb0 fffffffffffffffe  c.sdsp   x24, 0x10
#8833 0 00000000000191c8     e466 m 00000000fffffba8 000000000001c436  c.sdsp   x25, 0x8
#8834 0 00000000000191ca     e06a m 00000000fffffba0 0000000000000064  c.sdsp   x26, 0x0
#8835 0 00000000000191cc 0087f713 r 000000000000000e 0000000000000008  andi     x14, x15, 8
#8836 0 00000000000191d0     8a32 r 0000000000000014 00000000fffffd60  c.mv     x20, x12
#8837 0 00000000000191d2     8aaa r 0000000000000015 000000000001e260  c.mv     x21, x10
#8838 0 00000000000191d4     842e r 0000000000000008 000000000001e848  c.mv     x8, x11
#8839 0 00000000000191d6     c325 r 0000000000000000 0000000000000000  c.beqz   x14, . + 0x60
#8840 0 00000000000191d8     6d98 r 000000000000000e 0000000000020010  c.ld     x14, 0x18(x11)
#8841 0 00000000000191da     cf31 r 0000000000000000 0000000000000000  c.beqz   x14, . + 0x5c
#8842 0 00000000000191dc 0027f713 r 000000000000000e 0000000000000000  andi     x14, x15, 2
#8843 0 00000000000191e0 000a3903 r 0000000000000012 00000000fffffde0  ld       x18, 0x0(x20)
#8844 0 00000000000191e4     c735 r 0000000000000000 0000000000000000  c.beqz   x14, . + 0x6c
#8845 0 0000000000019250 0017f713 r 000000000000000e 0000000000000001  andi     x14, x15, 1
#8846 0 0000000000019254     eb35 r 0000000000000000 0000000000000000  c.bnez   x14, . + 0x74
#8847 0 00000000000192c8     4981 r 0000000000000013 0000000000000000  c.li     x19, 0x0
#8848 0 00000000000192ca     4501 r 000000000000000a 0000000000000000  c.li     x10, 0x0
#8849 0 00000000000192cc     4c81 r 0000000000000019 0000000000000000  c.li     x25, 0x0
#8850 0 00000000000192ce     4c01 r 0000000000000018 0000000000000000  c.li     x24, 0x0
#8851 0 00000000000192d0 080c0b63 r 0000000000000000 0000000000000000  beq      x24, x0, . + 0x96
#8852 0 0000000000019366 00893c03 r 0000000000000018 0000000000000001  ld       x24, 0x8(x18)
#8853 0 000000000001936a 00093c83 r 0000000000000019 000000000001c436  ld       x25, 0x0(x18)
#8854 0 000000000001936e     0941 r 0000000000000012 00000000fffffdf0  c.addi   x18, 0x10
#8855 0 0000000000019370 fe0c0be3 r 0000000000000000 0000000000000000  beq      x24, x0, . - 0xa
#8856 0 0000000000019374     8662 r 000000000000000c 0000000000000001  c.mv     x12, x24
#8857 0 0000000000019376     45a9 r 000000000000000b 000000000000000a  c.li     x11, 0xa
#8858 0 0000000000019378     8566 r 000000000000000a 000000000001c436  c.mv     x10, x25
#8859 0 000000000001937a f7bfb0ef r 0000000000000001 000000000001937e  jal      x1, . - 0x4086
#8860 0 00000000000152f4 00757793 r 000000000000000f 0000000000000006  andi     x15, x10, 7
#8861 0 00000000000152f8 0ff5f693 r 000000000000000d 000000000000000a  andi     x13, x11, 255
#8862 0 00000000000152fc     c395 r 0000000000000000 0000000000000000  c.beqz   x15, . + 0x24
#8863 0 00000000000152fe fff60793 r 000000000000000f 0000000000000000  addi     x15, x12, -1
#8864 0 0000000000015302     c605 r 0000000000000000 0000000000000000  c.beqz   x12, . + 0x28
#8865 0 0000000000015304     567d r 000000000000000c ffffffffffffffff  c.li     x12, -0x1
#8866 0 0000000000015306     a801 r 0000000000000000 0000000000000000  c.j      . + 0x10
#8867 0 0000000000015316 00054703 r 000000000000000e 000000000000000a  lbu      x14, 0x0(x10)
#8868 0 000000000001531a fed717e3 r 0000000000000000 0000000000000000  bne      x14, x13, . - 0x12
#8869 0 000000000001531e     8082 r 0000000000000000 0000000000000000  c.jr     x1
#8870 0 000000000001937e 12050f63 r 0000000000000000 0000000000000000  beq      x10, x0, . + 0x13e
#8871 0 0000000000019382     0505 r 000000000000000a 000000000001c437  c.addi   x10, 0x1
#8872 0 0000000000019384 419509bb r 0000000000000013 0000000000000001  subw     x19, x10, x25
#8873 0 0000000000019388     b7b9 r 0000000000000000 0000000000000000  c.j      . - 0xb2
#8874 0 00000000000192d6     8bce r 0000000000000017 0000000000000001  c.mv     x23, x19
#8875 0 00000000000192d8 013c7363 r 0000000000000000 0000000000000000  bgeu     x24, x19, . + 0x6
#8876 0 00000000000192de     6008 r 000000000000000a 0000000000020015  c.ld     x10, 0x0(x8)
#8877 0 00000000000192e0     6c1c r 000000000000000f 0000000000020010  c.ld     x15, 0x18(x8)
#8878 0 00000000000192e2     5014 r 000000000000000d 0000000000000400  c.lw     x13, 0x20(x8)
#8879 0 00000000000192e4     84de r 0000000000000009 0000000000000001  c.mv     x9, x23
#8880 0 00000000000192e6 00a7f763 r 0000000000000000 0000000000000000  bgeu     x15, x10, . + 0xe
#8881 0 00000000000192ea     445c r 000000000000000f fffffffffffffffb  c.lw     x15, 0xc(x8)
#8882 0 00000000000192ec 00d78b3b r 0000000000000016 00000000000003fb  addw     x22, x15, x13
#8883 0 00000000000192f0 097b4d63 r 0000000000000000 0000000000000000  blt      x22, x23, . + 0x9a
#8884 0 00000000000192f4 18dbc463 r 0000000000000000 0000000000000000  blt      x23, x13, . + 0x188
#8885 0 000000000001947c     865e r 000000000000000c 0000000000000001  c.mv     x12, x23
#8886 0 000000000001947e     85e6 r 000000000000000b 000000000001c436  c.mv     x11, x25
#8887 0 0000000000019480 1ac000ef r 0000000000000001 0000000000019484  jal      x1, . + 0x1ac
#8888 0 000000000001962c 02a5f263 r 0000000000000000 0000000000000000  bgeu     x11, x10, . + 0x24
#8889 0 0000000000019630 00c587b3 r 000000000000000f 000000000001c437  add      x15, x11, x12
#8890 0 0000000000019634 00f57e63 r 0000000000000000 0000000000000000  bgeu     x10, x15, . + 0x1c
#8891 0 0000000000019650     47fd r 000000000000000f 000000000000001f  c.li     x15, 0x1f
#8892 0 0000000000019652 02c7e163 r 0000000000000000 0000000000000000  bltu     x15, x12, . + 0x22
#8893 0 0000000000019656     87aa r 000000000000000f 0000000000020015  c.mv     x15, x10
#8894 0 0000000000019658 fff60693 r 000000000000000d 0000000000000000  addi     x13, x12, -1
#8895 0 000000000001965c     c245 r 0000000000000000 0000000000000000  c.beqz   x12, . + 0xa0
#8896 0 000000000001965e     0685 r 000000000000000d 0000000000000001  c.addi   x13, 0x1
#8897 0 0000000000019660     96be r 000000000000000d 0000000000020016  c.add    x13, x15
#8898 0 0000000000019662 0005c703 r 000000000000000e 000000000000000a  lbu      x14, 0x0(x11)
#8899 0 0000000000019666     0785 r 000000000000000f 0000000000020016  c.addi   x15, 0x1
#8900 0 0000000000019668     0585 r 000000000000000b 000000000001c437  c.addi   x11, 0x1
#8901 0 000000000001966a fee78fa3 m 0000000000020015 000000000000000a  sb       x14, -0x1(x15)
#8902 0 000000000001966e fed79ae3 r 0000000000000000 0000000000000000  bne      x15, x13, . - 0xc
#8903 0 0000000000019672     8082 r 0000000000000000 0000000000000000  c.jr     x1
#8904 0 0000000000019484     4454 r 000000000000000d fffffffffffffffb  c.lw     x13, 0xc(x8)
#8905 0 0000000000019486     6018 r 000000000000000e 0000000000020015  c.ld     x14, 0x0(x8)
#8906 0 0000000000019488 000b879b r 000000000000000f 0000000000000001  addiw    x15, x23, 0
#8907 0 000000000001948c 417686bb r 000000000000000d fffffffffffffffa  subw     x13, x13, x23
#8908 0 0000000000019490     975e r 000000000000000e 0000000000020016  c.add    x14, x23
#8909 0 0000000000019492     c454 m 000000000001e854 00000000fffffffa  c.sw     x13, 0xc(x8)
#8910 0 0000000000019494     e018 m 000000000001e848 0000000000020016  c.sd     x14, 0x0(x8)
#8911 0 0000000000019496     bd9d r 0000000000000000 0000000000000000  c.j      . - 0x18a
#8912 0 000000000001930c 40f989bb r 0000000000000013 0000000000000000  subw     x19, x19, x15
#8913 0 0000000000019310     4505 r 000000000000000a 0000000000000001  c.li     x10, 0x1
#8914 0 0000000000019312 02098b63 r 0000000000000000 0000000000000000  beq      x19, x0, . + 0x36
#8915 0 0000000000019348     85a2 r 000000000000000b 000000000001e848  c.mv     x11, x8
#8916 0 000000000001934a     8556 r 000000000000000a 000000000001e260  c.mv     x10, x21
#8917 0 000000000001934c f0ff80ef r 0000000000000001 0000000000019350  jal      x1, . - 0x70f2
#8918 0 000000000001225a     1101 r 0000000000000002 00000000fffffb80  c.addi   x2, -0x20
#8919 0 000000000001225c     e822 m 00000000fffffb90 000000000001e848  c.sdsp   x8, 0x10
#8920 0 000000000001225e     ec06 m 00000000fffffb98 0000000000019350  c.sdsp   x1, 0x18
#8921 0 0000000000012260     842a r 0000000000000008 000000000001e260  c.mv     x8, x10
#8922 0 0000000000012262     c119 r 0000000000000000 0000000000000000  c.beqz   x10, . + 0x6
#8923 0 0000000000012264     493c r 000000000000000f 0000000000000001  c.lw     x15, 0x50(x10)
#8924 0 0000000000012266     cb89 r 0000000000000000 0000000000000000  c.beqz   x15, . + 0x12
#8925 0 0000000000012268 01059783 r 000000000000000f 0000000000002889  lh       x15, 0x10(x11)
#8926 0 000000000001226c     ef89 r 0000000000000000 0000000000000000  c.bnez   x15, . + 0x1a
#8927 0 0000000000012286     8522 r 000000000000000a 000000000001e260  c.mv     x10, x8
#8928 0 0000000000012288     6442 r 0000000000000008 000000000001e848  c.ldsp   x8, 0x10
#8929 0 000000000001228a     60e2 r 0000000000000001 0000000000019350  c.ldsp   x1, 0x18
#8930 0 000000000001228c     6105 r 0000000000000002 00000000fffffba0  c.addi16sp 0x2
#8931 0 000000000001228e     bd2d r 0000000000000000 0000000000000000  c.j      . - 0x1c6
#8932 0 00000000000120c8 01059783 r 000000000000000f 0000000000002889  lh       x15, 0x10(x11)
#8933 0 00000000000120cc     7179 r 0000000000000002 00000000fffffb70  c.addi16sp -0x3
#8934 0 00000000000120ce     f022 m 00000000fffffb90 000000000001e848  c.sdsp   x8, 0x20
#8935 0 00000000000120d0     e44e m 00000000fffffb78 0000000000000000  c.sdsp   x19, 0x8
#8936 0 00000000000120d2     f406 m 00000000fffffb98 0000000000019350  c.sdsp   x1, 0x28
#8937 0 00000000000120d4     ec26 m 00000000fffffb88 0000000000000001  c.sdsp   x9, 0x18
#8938 0 00000000000120d6     e84a m 00000000fffffb80 00000000fffffdf0  c.sdsp   x18, 0x10
#8939 0 00000000000120d8 0087f693 r 000000000000000d 0000000000000008  andi     x13, x15, 8
#8940 0 00000000000120dc     842e r 0000000000000008 000000000001e848  c.mv     x8, x11
#8941 0 00000000000120de     89aa r 0000000000000013 000000000001e260  c.mv     x19, x10
#8942 0 00000000000120e0     ead5 r 0000000000000000 0000000000000000  c.bnez   x13, . + 0xb4
#8943 0 0000000000012194 0185b903 r 0000000000000012 0000000000020010  ld       x18, 0x18(x11)
#8944 0 0000000000012198 fe0906e3 r 0000000000000000 0000000000000000  beq      x18, x0, . - 0x14
#8945 0 000000000001219c     6184 r 0000000000000009 0000000000020016  c.ld     x9, 0x0(x11)
#8946 0 000000000001219e 03079713 r 000000000000000e 2889000000000000  slli     x14, x15, 48
#8947 0 00000000000121a2     9341 r 000000000000000e 0000000000002889  c.srli   x14, 0x30
#8948 0 00000000000121a4     8b0d r 000000000000000e 0000000000000001  c.andi   x14, 0x3
#8949 0 00000000000121a6 0125b023 m 000000000001e848 0000000000020010  sd       x18, 0x0(x11)
#8950 0 00000000000121aa 412484bb r 0000000000000009 0000000000000006  subw     x9, x9, x18
#8951 0 00000000000121ae     4781 r 000000000000000f 0000000000000000  c.li     x15, 0x0
#8952 0 00000000000121b0     e311 r 0000000000000000 0000000000000000  c.bnez   x14, . + 0x4
#8953 0 00000000000121b4     c45c m 000000000001e854 0000000000000000  c.sw     x15, 0xc(x8)
#8954 0 00000000000121b6 00904663 r 0000000000000000 0000000000000000  blt      x0, x9, . + 0xc
#8955 0 00000000000121c2     603c r 000000000000000f 0000000000016190  c.ld     x15, 0x40(x8)
#8956 0 00000000000121c4     780c r 000000000000000b 000000000001e848  c.ld     x11, 0x30(x8)
#8957 0 00000000000121c6     86a6 r 000000000000000d 0000000000000006  c.mv     x13, x9
#8958 0 00000000000121c8     864a r 000000000000000c 0000000000020010  c.mv     x12, x18
#8959 0 00000000000121ca     854e r 000000000000000a 000000000001e260  c.mv     x10, x19
#8960 0 00000000000121cc     9782 r 0000000000000001 00000000000121ce  c.jalr   x15
#8961 0 0000000000016190 01059783 r 000000000000000f 0000000000002889  lh       x15, 0x10(x11)
#8962 0 0000000000016194     7179 r 0000000000000002 00000000fffffb40  c.addi16sp -0x3
#8963 0 0000000000016196     f022 m 00000000fffffb60 000000000001e848  c.sdsp   x8, 0x20
#8964 0 0000000000016198     ec26 m 00000000fffffb58 0000000000000006  c.sdsp   x9, 0x18
#8965 0 000000000001619a     e84a m 00000000fffffb50 0000000000020010  c.sdsp   x18, 0x10
#8966 0 000000000001619c     e44e m 00000000fffffb48 000000000001e260  c.sdsp   x19, 0x8
#8967 0 000000000001619e     f406 m 00000000fffffb68 00000000000121ce  c.sdsp   x1, 0x28
#8968 0 00000000000161a0 1007f713 r 000000000000000e 0000000000000000  andi     x14, x15, 256
#8969 0 00000000000161a4     842e r 0000000000000008 000000000001e848  c.mv     x8, x11
#8970 0 00000000000161a6     84aa r 0000000000000009 000000000001e260  c.mv     x9, x10
#8971 0 00000000000161a8 01259583 r 000000000000000b 0000000000000001  lh       x11, 0x12(x11)
#8972 0 00000000000161ac     8932 r 0000000000000012 0000000000020010  c.mv     x18, x12
#8973 0 00000000000161ae     89b6 r 0000000000000013 0000000000000006  c.mv     x19, x13
#8974 0 00000000000161b0     e30d r 0000000000000000 0000000000000000  c.bnez   x14, . + 0x22
#8975 0 00000000000161b2     777d r 000000000000000e fffffffffffff000  c.lui    x14, 0xfffff
#8976 0 00000000000161b4     177d r 000000000000000e ffffffffffffefff  c.addi   x14, -0x1
#8977 0 00000000000161b6     8ff9 r 000000000000000f 0000000000002889  c.and    x15, x14
#8978 0 00000000000161b8 00f41823 m 000000000001e858 0000000000002889  sh       x15, 0x10(x8)
#8979 0 00000000000161bc     7402 r 0000000000000008 000000000001e848  c.ldsp   x8, 0x20
#8980 0 00000000000161be     70a2 r 0000000000000001 00000000000121ce  c.ldsp   x1, 0x28
#8981 0 00000000000161c0     86ce r 000000000000000d 0000000000000006  c.mv     x13, x19
#8982 0 00000000000161c2     864a r 000000000000000c 0000000000020010  c.mv     x12, x18
#8983 0 00000000000161c4     69a2 r 0000000000000013 000000000001e260  c.ldsp   x19, 0x8
#8984 0 00000000000161c6     6942 r 0000000000000012 0000000000020010  c.ldsp   x18, 0x10
#8985 0 00000000000161c8     8526 r 000000000000000a 000000000001e260  c.mv     x10, x9
#8986 0 00000000000161ca     64e2 r 0000000000000009 0000000000000006  c.ldsp   x9, 0x18
#8987 0 00000000000161cc     6145 r 0000000000000002 00000000fffffb70  c.addi16sp 0x3
#8988 0 00000000000161ce 3a70206f r 0000000000000000 0000000000000000  j        . + 0x2ba6
#8989 0 0000000000018d74     1101 r 0000000000000002 00000000fffffb50  c.addi   x2, -0x20
#8990 0 0000000000018d76     872e r 000000000000000e 0000000000000001  c.mv     x14, x11
#8991 0 0000000000018d78     e822 m 00000000fffffb60 000000000001e848  c.sdsp   x8, 0x10
#8992 0 0000000000018d7a     e426 m 00000000fffffb58 0000000000000006  c.sdsp   x9, 0x8
#8993 0 0000000000018d7c     85b2 r 000000000000000b 0000000000020010  c.mv     x11, x12
#8994 0 0000000000018d7e     842a r 0000000000000008 000000000001e260  c.mv     x8, x10
#8995 0 0000000000018d80     8636 r 000000000000000c 0000000000000006  c.mv     x12, x13
#8996 0 0000000000018d82     853a r 000000000000000a 0000000000000001  c.mv     x10, x14
#8997 0 0000000000018d84     ec06 m 00000000fffffb68 00000000000121ce  c.sdsp   x1, 0x18
#8998 0 0000000000018d86 7801a823 m 000000000001f3d8 0000000000000000  sw       x0, 0x790(x3)
#8999 0 0000000000018d8a 208020ef r 0000000000000001 0000000000018d8e  jal      x1, . + 0x2208
#9000 0 000000000001af92     1141 r 0000000000000002 00000000fffffb40  c.addi   x2, -0x10
#9001 0 000000000001af94     e406 m 00000000fffffb48 0000000000018d8e  c.sdsp   x1, 0x8
#9002 0 000000000001af96     e022 m 00000000fffffb40 000000000001e260  c.sdsp   x8, 0x0
#9003 0 000000000001af98 04000893 r 0000000000000011 0000000000000040  addi     x17, x0, 64
#9004 0 000000000001af9c 00000073 r 000000000000000a 0000000000000006  ecall    
#9005 0 000000000001afa0     842a r 0000000000000008 0000000000000006  c.mv     x8, x10
#9006 0 000000000001afa2 00054763 r 0000000000000000 0000000000000000  blt      x10, x0, . + 0xe
#9007 0 000000000001afa6     60a2 r 0000000000000001 0000000000018d8e  c.ldsp   x1, 0x8
#9008 0 000000000001afa8     8522 r 000000000000000a 0000000000000006  c.mv     x10, x8
#9009 0 000000000001afaa     6402 r 0000000000000008 000000000001e260  c.ldsp   x8, 0x0
#9010 0 000000000001afac     0141 r 0000000000000002 00000000fffffb50  c.addi   x2, 0x10
#9011 0 000000000001afae     8082 r 0000000000000000 0000000000000000  c.jr     x1
#9012 0 0000000000018d8e     57fd r 000000000000000f ffffffffffffffff  c.li     x15, -0x1
#9013 0 0000000000018d90 00f50763 r 0000000000000000 0000000000000000  beq      x10, x15, . + 0xe
#9014 0 0000000000018d94     60e2 r 0000000000000001 00000000000121ce  c.ldsp   x1, 0x18
#9015 0 0000000000018d96     6442 r 0000000000000008 000000000001e848  c.ldsp   x8, 0x10
#9016 0 0000000000018d98     64a2 r 0000000000000009 0000000000000006  c.ldsp   x9, 0x8
#9017 0 0000000000018d9a     6105 r 0000000000000002 00000000fffffb70  c.addi16sp 0x2
#9018 0 0000000000018d9c     8082 r 0000000000000000 0000000000000000  c.jr     x1
#9019 0 00000000000121ce     9c89 r 0000000000000009 0000000000000000  c.subw   x9, x10
#9020 0 00000000000121d0 fea046e3 r 0000000000000000 0000000000000000  blt      x0, x10, . - 0x14
#9021 0 00000000000121bc     992a r 0000000000000012 0000000000020016  c.add    x18, x10
#9022 0 00000000000121be fc9053e3 r 0000000000000000 0000000000000000  bge      x0, x9, . - 0x3a
#9023 0 0000000000012184     4501 r 000000000000000a 0000000000000000  c.li     x10, 0x0
#9024 0 0000000000012186     70a2 r 0000000000000001 0000000000019350  c.ldsp   x1, 0x28
#9025 0 0000000000012188     7402 r 0000000000000008 000000000001e848  c.ldsp   x8, 0x20
#9026 0 000000000001218a     64e2 r 0000000000000009 0000000000000001  c.ldsp   x9, 0x18
#9027 0 000000000001218c     6942 r 0000000000000012 00000000fffffdf0  c.ldsp   x18, 0x10
#9028 0 000000000001218e     69a2 r 0000000000000013 0000000000000000  c.ldsp   x19, 0x8
#9029 0 0000000000012190     6145 r 0000000000000002 00000000fffffba0  c.addi16sp 0x3
#9030 0 0000000000012192     8082 r 0000000000000000 0000000000000000  c.jr     x1
#9031 0 0000000000019350     d179 r 0000000000000000 0000000000000000  c.beqz   x10, . - 0x3a
#9032 0 0000000000019316 010a3783 r 000000000000000f 0000000000000001  ld       x15, 0x10(x20)
#9033 0 000000000001931a     9ca6 r 0000000000000019 000000000001c437  c.add    x25, x9
#9034 0 000000000001931c 409c0c33 r 0000000000000018 0000000000000000  sub      x24, x24, x9
#9035 0 0000000000019320 409784b3 r 0000000000000009 0000000000000000  sub      x9, x15, x9
#9036 0 0000000000019324 009a3823 m 00000000fffffd70 0000000000000000  sd       x9, 0x10(x20)
#9037 0 0000000000019328     f4c5 r 0000000000000000 0000000000000000  c.bnez   x9, . - 0x58
#9038 0 000000000001932a     4501 r 000000000000000a 0000000000000000  c.li     x10, 0x0
#9039 0 000000000001932c     60e6 r 0000000000000001 0000000000018066  c.ldsp   x1, 0x58
#9040 0 000000000001932e     6446 r 0000000000000008 000000000001c437  c.ldsp   x8, 0x50
#9041 0 0000000000019330     64a6 r 0000000000000009 0000000000000001  c.ldsp   x9, 0x48
#9042 0 0000000000019332     6906 r 0000000000000012 000000000001e848  c.ldsp   x18, 0x40
#9043 0 0000000000019334     79e2 r 0000000000000013 0000000000000001  c.ldsp   x19, 0x38
#9044 0 0000000000019336     7a42 r 0000000000000014 000000000001e260  c.ldsp   x20, 0x30
#9045 0 0000000000019338     7aa2 r 0000000000000015 00000000fffffd60  c.ldsp   x21, 0x28
#9046 0 000000000001933a     7b02 r 0000000000000016 00000000fffffde0  c.ldsp   x22, 0x20
#9047 0 000000000001933c     6be2 r 0000000000000017 0000000000000001  c.ldsp   x23, 0x18
#9048 0 000000000001933e     6c42 r 0000000000000018 fffffffffffffffe  c.ldsp   x24, 0x10
#9049 0 0000000000019340     6ca2 r 0000000000000019 000000000001c436  c.ldsp   x25, 0x8
#9050 0 0000000000019342     6d02 r 000000000000001a 0000000000000064  c.ldsp   x26, 0x0
#9051 0 0000000000019344     6125 r 0000000000000002 00000000fffffc00  c.addi16sp 0x6
#9052 0 0000000000019346     8082 r 0000000000000000 0000000000000000  c.jr     x1
#9053 0 0000000000018066     b7e1 r 0000000000000000 0000000000000000  c.j      . - 0x38
#9054 0 000000000001802e     60a6 r 0000000000000001 0000000000011830  c.ldsp   x1, 0x48
#9055 0 0000000000018030     6406 r 0000000000000008 000000000001c437  c.ldsp   x8, 0x40
#9056 0 0000000000018032 000ab823 m 00000000fffffd70 0000000000000000  sd       x0, 0x10(x21)
#9057 0 0000000000018036 000aa423 m 00000000fffffd68 0000000000000000  sw       x0, 0x8(x21)
#9058 0 000000000001803a     74e2 r 0000000000000009 0000000000000001  c.ldsp   x9, 0x38
#9059 0 000000000001803c     7942 r 0000000000000012 000000000001e848  c.ldsp   x18, 0x30
#9060 0 000000000001803e     79a2 r 0000000000000013 0000000000000001  c.ldsp   x19, 0x28
#9061 0 0000000000018040     7a02 r 0000000000000014 000000000001e260  c.ldsp   x20, 0x20
#9062 0 0000000000018042     6ae2 r 0000000000000015 0000000000000000  c.ldsp   x21, 0x18
#9063 0 0000000000018044     6b42 r 0000000000000016 00000000fffffde0  c.ldsp   x22, 0x10
#9064 0 0000000000018046     6ba2 r 0000000000000017 0000000000000001  c.ldsp   x23, 0x8
#9065 0 0000000000018048     6161 r 0000000000000002 00000000fffffc50  c.addi16sp 0x5
#9066 0 000000000001804a     8082 r 0000000000000000 0000000000000000  c.jr     x1
#9067 0 0000000000011830 d99fe06f r 0000000000000000 0000000000000000  j        . - 0x1268
#9068 0 00000000000105c8 01095783 r 000000000000000f 0000000000002889  lhu      x15, 0x10(x18)
#9069 0 00000000000105cc 0407f793 r 000000000000000f 0000000000000000  andi     x15, x15, 64
#9070 0 00000000000105d0     c399 r 0000000000000000 0000000000000000  c.beqz   x15, . + 0x6
#9071 0 00000000000105d6 27813083 r 0000000000000001 000000000001030c  ld       x1, 0x278(x2)
#9072 0 00000000000105da 27013403 r 0000000000000008 00000000ffffff50  ld       x8, 0x270(x2)
#9073 0 00000000000105de     6522 r 000000000000000a 0000000000000006  c.ldsp   x10, 0x8
#9074 0 00000000000105e0 26813483 r 0000000000000009 0000000000000000  ld       x9, 0x268(x2)
#9075 0 00000000000105e4 26013903 r 0000000000000012 0000000000000000  ld       x18, 0x260(x2)
#9076 0 00000000000105e8 25813983 r 0000000000000013 0000000000000000  ld       x19, 0x258(x2)
#9077 0 00000000000105ec 25013a03 r 0000000000000014 0000000000000000  ld       x20, 0x250(x2)
#9078 0 00000000000105f0 24813a83 r 0000000000000015 0000000000000000  ld       x21, 0x248(x2)
#9079 0 00000000000105f4 24013b03 r 0000000000000016 0000000000000000  ld       x22, 0x240(x2)
#9080 0 00000000000105f8 23813b83 r 0000000000000017 0000000000000000  ld       x23, 0x238(x2)
#9081 0 00000000000105fc 23013c03 r 0000000000000018 0000000000000000  ld       x24, 0x230(x2)
#9082 0 0000000000010600 22813c83 r 0000000000000019 0000000000000000  ld       x25, 0x228(x2)
#9083 0 0000000000010604 22013d03 r 000000000000001a 0000000000000000  ld       x26, 0x220(x2)
#9084 0 0000000000010608 21813d83 r 000000000000001b 0000000000000000  ld       x27, 0x218(x2)
#9085 0 000000000001060c 28010113 r 0000000000000002 00000000fffffed0  addi     x2, x2, 640
#9086 0 0000000000010610     8082 r 0000000000000000 0000000000000000  c.jr     x1
#9087 0 000000000001030c     60e2 r 0000000000000001 000000000001016e  c.ldsp   x1, 0x18
#9088 0 000000000001030e     6125 r 0000000000000002 00000000ffffff30  c.addi16sp 0x6
#9089 0 0000000000010310     8082 r 0000000000000000 0000000000000000  c.jr     x1
#9090 0 000000000001016e fec42783 r 000000000000000f 0000000000000009  lw       x15, -0x14(x8)
#9091 0 0000000000010172     2785 r 000000000000000f 000000000000000a  c.addiw  x15, 0x1
#9092 0 0000000000010174 fef42623 m 00000000ffffff3c 000000000000000a  sw       x15, -0x14(x8)
#9093 0 0000000000010178 fec42783 r 000000000000000f 000000000000000a  lw       x15, -0x14(x8)
#9094 0 000000000001017c 0007871b r 000000000000000e 000000000000000a  addiw    x14, x15, 0
#9095 0 0000000000010180     47a5 r 000000000000000f 0000000000000009  c.li     x15, 0x9
#9096 0 0000000000010182 fce7dee3 r 0000000000000000 0000000000000000  bge      x15, x14, . - 0x24
#9097 0 0000000000010186     4781 r 000000000000000f 0000000000000000  c.li     x15, 0x0
#9098 0 0000000000010188     853e r 000000000000000a 0000000000000000  c.mv     x10, x15
#9099 0 000000000001018a     60e2 r 0000000000000001 0000000000010102  c.ldsp   x1, 0x18
#9100 0 000000000001018c     6442 r 0000000000000008 0000000000000000  c.ldsp   x8, 0x10
#9101 0 000000000001018e     6105 r 0000000000000002 00000000ffffff50  c.addi16sp 0x2
#9102 0 0000000000010190     8082 r 0000000000000000 0000000000000000  c.jr     x1
#9103 0 0000000000010102     a841 r 0000000000000000 0000000000000000  c.j      . + 0x90
#9104 0 0000000000010192     1141 r 0000000000000002 00000000ffffff40  c.addi   x2, -0x10
#9105 0 0000000000010194     4581 r 000000000000000b 0000000000000000  c.li     x11, 0x0
#9106 0 0000000000010196     e022 m 00000000ffffff40 0000000000000000  c.sdsp   x8, 0x0
#9107 0 0000000000010198     e406 m 00000000ffffff48 0000000000010102  c.sdsp   x1, 0x8
#9108 0 000000000001019a     842a r 0000000000000008 0000000000000000  c.mv     x8, x10
#9109 0 000000000001019c 66b010ef r 0000000000000001 00000000000101a0  jal      x1, . + 0x1e6a
#9110 0 0000000000012006     715d r 0000000000000002 00000000fffffef0  c.addi16sp -0x5
#9111 0 0000000000012008     f052 m 00000000ffffff10 0000000000000000  c.sdsp   x20, 0x20
#9112 0 000000000001200a 7481ba03 r 0000000000000014 000000000001e260  ld       x20, 0x748(x3)
#9113 0 000000000001200e     f84a m 00000000ffffff20 0000000000000000  c.sdsp   x18, 0x30
#9114 0 0000000000012010     e486 m 00000000ffffff38 00000000000101a0  c.sdsp   x1, 0x48
#9115 0 0000000000012012 1f8a3903 r 0000000000000012 000000000001e460  ld       x18, 0x1f8(x20)
#9116 0 0000000000012016     e0a2 m 00000000ffffff30 0000000000000000  c.sdsp   x8, 0x40
#9117 0 0000000000012018     fc26 m 00000000ffffff28 0000000000000000  c.sdsp   x9, 0x38
#9118 0 000000000001201a     f44e m 00000000ffffff18 0000000000000000  c.sdsp   x19, 0x28
#9119 0 000000000001201c     ec56 m 00000000ffffff08 0000000000000000  c.sdsp   x21, 0x18
#9120 0 000000000001201e     e85a m 00000000ffffff00 0000000000000000  c.sdsp   x22, 0x10
#9121 0 0000000000012020     e45e m 00000000fffffef8 0000000000000000  c.sdsp   x23, 0x8
#9122 0 0000000000012022     e062 m 00000000fffffef0 0000000000000000  c.sdsp   x24, 0x0
#9123 0 0000000000012024 02090863 r 0000000000000000 0000000000000000  beq      x18, x0, . + 0x30
#9124 0 0000000000012028     8b2a r 0000000000000016 0000000000000000  c.mv     x22, x10
#9125 0 000000000001202a     8bae r 0000000000000017 0000000000000000  c.mv     x23, x11
#9126 0 000000000001202c     4a85 r 0000000000000015 0000000000000001  c.li     x21, 0x1
#9127 0 000000000001202e     59fd r 0000000000000013 ffffffffffffffff  c.li     x19, -0x1
#9128 0 0000000000012030 00892483 r 0000000000000009 0000000000000001  lw       x9, 0x8(x18)
#9129 0 0000000000012034 fff4841b r 0000000000000008 0000000000000000  addiw    x8, x9, -1
#9130 0 0000000000012038 00044e63 r 0000000000000000 0000000000000000  blt      x8, x0, . + 0x1c
#9131 0 000000000001203c     048e r 0000000000000009 0000000000000008  c.slli   x9, 3
#9132 0 000000000001203e     94ca r 0000000000000009 000000000001e468  c.add    x9, x18
#9133 0 0000000000012040 020b8663 r 0000000000000000 0000000000000000  beq      x23, x0, . + 0x2c
#9134 0 000000000001206c 00892783 r 000000000000000f 0000000000000001  lw       x15, 0x8(x18)
#9135 0 0000000000012070     6498 r 000000000000000e 000000000001255e  c.ld     x14, 0x8(x9)
#9136 0 0000000000012072     37fd r 000000000000000f 0000000000000000  c.addiw  x15, -0x1
#9137 0 0000000000012074 04878463 r 0000000000000000 0000000000000000  beq      x15, x8, . + 0x48
#9138 0 00000000000120bc 00892423 m 000000000001e468 0000000000000000  sw       x8, 0x8(x18)
#9139 0 00000000000120c0     bf75 r 0000000000000000 0000000000000000  c.j      . - 0x44
#9140 0 000000000001207c     db61 r 0000000000000000 0000000000000000  c.beqz   x14, . - 0x30
#9141 0 000000000001207e 31092783 r 000000000000000f 0000000000000000  lw       x15, 0x310(x18)
#9142 0 0000000000012082 008a96bb r 000000000000000d 0000000000000001  sllw     x13, x21, x8
#9143 0 0000000000012086 00892c03 r 0000000000000018 0000000000000000  lw       x24, 0x8(x18)
#9144 0 000000000001208a     8ff5 r 000000000000000f 0000000000000000  c.and    x15, x13
#9145 0 000000000001208c     2781 r 000000000000000f 0000000000000000  c.addiw  x15, 0x0
#9146 0 000000000001208e     ef89 r 0000000000000000 0000000000000000  c.bnez   x15, . + 0x1a
#9147 0 0000000000012090     9702 r 0000000000000001 0000000000012092  c.jalr   x14
#9148 0 000000000001255e     1101 r 0000000000000002 00000000fffffed0  c.addi   x2, -0x20
#9149 0 0000000000012560     e822 m 00000000fffffee0 0000000000000000  c.sdsp   x8, 0x10
#9150 0 0000000000012562     67f9 r 000000000000000f 000000000001e000  c.lui    x15, 0x1e
#9151 0 0000000000012564     6479 r 0000000000000008 000000000001e000  c.lui    x8, 0x1e
#9152 0 0000000000012566 25840413 r 0000000000000008 000000000001e258  addi     x8, x8, 600
#9153 0 000000000001256a 26078793 r 000000000000000f 000000000001e260  addi     x15, x15, 608
#9154 0 000000000001256e     8f81 r 000000000000000f 0000000000000008  c.sub    x15, x8
#9155 0 0000000000012570     e426 m 00000000fffffed8 000000000001e468  c.sdsp   x9, 0x8
#9156 0 0000000000012572     ec06 m 00000000fffffee8 0000000000012092  c.sdsp   x1, 0x18
#9157 0 0000000000012574 4037d493 r 0000000000000009 0000000000000001  srai     x9, x15, 3
#9158 0 0000000000012578     c881 r 0000000000000000 0000000000000000  c.beqz   x9, . + 0x10
#9159 0 000000000001257a     17e1 r 000000000000000f 0000000000000000  c.addi   x15, -0x8
#9160 0 000000000001257c     943e r 0000000000000008 000000000001e258  c.add    x8, x15
#9161 0 000000000001257e     601c r 000000000000000f 0000000000010104  c.ld     x15, 0x0(x8)
#9162 0 0000000000012580     14fd r 0000000000000009 0000000000000000  c.addi   x9, -0x1
#9163 0 0000000000012582     1461 r 0000000000000008 000000000001e250  c.addi   x8, -0x8
#9164 0 0000000000012584     9782 r 0000000000000001 0000000000012586  c.jalr   x15
#9165 0 0000000000010104 7a01c703 r 000000000000000e 0000000000000000  lbu      x14, 0x7a0(x3)
#9166 0 0000000000010108     e715 r 0000000000000000 0000000000000000  c.bnez   x14, . + 0x2c
#9167 0 000000000001010a     1141 r 0000000000000002 00000000fffffec0  c.addi   x2, -0x10
#9168 0 000000000001010c     e022 m 00000000fffffec0 000000000001e250  c.sdsp   x8, 0x0
#9169 0 000000000001010e     843e r 0000000000000008 0000000000010104  c.mv     x8, x15
#9170 0 0000000000010110     e406 m 00000000fffffec8 0000000000012586  c.sdsp   x1, 0x8
#9171 0 0000000000010112 00000793 r 000000000000000f 0000000000000000  addi     x15, x0, 0
#9172 0 0000000000010116     cb81 r 0000000000000000 0000000000000000  c.beqz   x15, . + 0x10
#9173 0 0000000000010126     4785 r 000000000000000f 0000000000000001  c.li     x15, 0x1
#9174 0 0000000000010128     60a2 r 0000000000000001 0000000000012586  c.ldsp   x1, 0x8
#9175 0 000000000001012a 7af18023 m 000000000001f3e8 0000000000000001  sb       x15, 0x7a0(x3)
#9176 0 000000000001012e     6402 r 0000000000000008 000000000001e250  c.ldsp   x8, 0x0
#9177 0 0000000000010130     0141 r 0000000000000002 00000000fffffed0  c.addi   x2, 0x10
#9178 0 0000000000010132     8082 r 0000000000000000 0000000000000000  c.jr     x1
#9179 0 0000000000012586     fce5 r 0000000000000000 0000000000000000  c.bnez   x9, . - 0x8
#9180 0 0000000000012588     60e2 r 0000000000000001 0000000000012092  c.ldsp   x1, 0x18
#9181 0 000000000001258a     6442 r 0000000000000008 0000000000000000  c.ldsp   x8, 0x10
#9182 0 000000000001258c     64a2 r 0000000000000009 000000000001e468  c.ldsp   x9, 0x8
#9183 0 000000000001258e     6105 r 0000000000000002 00000000fffffef0  c.addi16sp 0x2
#9184 0 0000000000012590     8082 r 0000000000000000 0000000000000000  c.jr     x1
#9185 0 0000000000012092 00892703 r 000000000000000e 0000000000000000  lw       x14, 0x8(x18)
#9186 0 0000000000012096 1f8a3783 r 000000000000000f 000000000001e460  ld       x15, 0x1f8(x20)
#9187 0 000000000001209a 01871463 r 0000000000000000 0000000000000000  bne      x14, x24, . + 0x8
#9188 0 000000000001209e fb2787e3 r 0000000000000000 0000000000000000  beq      x15, x18, . - 0x52
#9189 0 000000000001204c     347d r 0000000000000008 ffffffffffffffff  c.addiw  x8, -0x1
#9190 0 000000000001204e     14e1 r 0000000000000009 000000000001e460  c.addi   x9, -0x8
#9191 0 0000000000012050 ff3418e3 r 0000000000000000 0000000000000000  bne      x8, x19, . - 0x10
#9192 0 0000000000012054     60a6 r 0000000000000001 00000000000101a0  c.ldsp   x1, 0x48
#9193 0 0000000000012056     6406 r 0000000000000008 0000000000000000  c.ldsp   x8, 0x40
#9194 0 0000000000012058     74e2 r 0000000000000009 0000000000000000  c.ldsp   x9, 0x38
#9195 0 000000000001205a     7942 r 0000000000000012 0000000000000000  c.ldsp   x18, 0x30
#9196 0 000000000001205c     79a2 r 0000000000000013 0000000000000000  c.ldsp   x19, 0x28
#9197 0 000000000001205e     7a02 r 0000000000000014 0000000000000000  c.ldsp   x20, 0x20
#9198 0 0000000000012060     6ae2 r 0000000000000015 0000000000000000  c.ldsp   x21, 0x18
#9199 0 0000000000012062     6b42 r 0000000000000016 0000000000000000  c.ldsp   x22, 0x10
#9200 0 0000000000012064     6ba2 r 0000000000000017 0000000000000000  c.ldsp   x23, 0x8
#9201 0 0000000000012066     6c02 r 0000000000000018 0000000000000000  c.ldsp   x24, 0x0
#9202 0 0000000000012068     6161 r 0000000000000002 00000000ffffff40  c.addi16sp 0x5
#9203 0 000000000001206a     8082 r 0000000000000000 0000000000000000  c.jr     x1
#9204 0 00000000000101a0 7481b503 r 000000000000000a 000000000001e260  ld       x10, 0x748(x3)
#9205 0 00000000000101a4     6d3c r 000000000000000f 00000000000122de  c.ld     x15, 0x58(x10)
#9206 0 00000000000101a6     c391 r 0000000000000000 0000000000000000  c.beqz   x15, . + 0x4
#9207 0 00000000000101a8     9782 r 0000000000000001 00000000000101aa  c.jalr   x15
#9208 0 00000000000122de     65e5 r 000000000000000b 0000000000019000  c.lui    x11, 0x19
#9209 0 00000000000122e0 f6c58593 r 000000000000000b 0000000000018f6c  addi     x11, x11, -148
#9210 0 00000000000122e4     ada1 r 0000000000000000 0000000000000000  c.j      . + 0x658
#9211 0 000000000001293c     715d r 0000000000000002 00000000fffffef0  c.addi16sp -0x5
#9212 0 000000000001293e     f84a m 00000000ffffff20 0000000000000000  c.sdsp   x18, 0x30
#9213 0 0000000000012940     f44e m 00000000ffffff18 0000000000000000  c.sdsp   x19, 0x28
#9214 0 0000000000012942     f052 m 00000000ffffff10 0000000000000000  c.sdsp   x20, 0x20
#9215 0 0000000000012944     ec56 m 00000000ffffff08 0000000000000000  c.sdsp   x21, 0x18
#9216 0 0000000000012946     e85a m 00000000ffffff00 0000000000000000  c.sdsp   x22, 0x10
#9217 0 0000000000012948     e45e m 00000000fffffef8 0000000000000000  c.sdsp   x23, 0x8
#9218 0 000000000001294a     e062 m 00000000fffffef0 0000000000000000  c.sdsp   x24, 0x0
#9219 0 000000000001294c     e486 m 00000000ffffff38 00000000000101aa  c.sdsp   x1, 0x48
#9220 0 000000000001294e     e0a2 m 00000000ffffff30 0000000000000000  c.sdsp   x8, 0x40
#9221 0 0000000000012950     fc26 m 00000000ffffff28 0000000000000000  c.sdsp   x9, 0x38
#9222 0 0000000000012952     8c2a r 0000000000000018 000000000001e260  c.mv     x24, x10
#9223 0 0000000000012954     8a2e r 0000000000000014 0000000000018f6c  c.mv     x20, x11
#9224 0 0000000000012956 52050913 r 0000000000000012 000000000001e780  addi     x18, x10, 1312
#9225 0 000000000001295a     4b01 r 0000000000000016 0000000000000000  c.li     x22, 0x0
#9226 0 000000000001295c 0b000a93 r 0000000000000015 00000000000000b0  addi     x21, x0, 176
#9227 0 0000000000012960     4b85 r 0000000000000017 0000000000000001  c.li     x23, 0x1
#9228 0 0000000000012962     59fd r 0000000000000013 ffffffffffffffff  c.li     x19, -0x1
#9229 0 0000000000012964 00892783 r 000000000000000f 0000000000000003  lw       x15, 0x8(x18)
#9230 0 0000000000012968 01093403 r 0000000000000008 000000000001e798  ld       x8, 0x10(x18)
#9231 0 000000000001296c 02f05c63 r 0000000000000000 0000000000000000  bge      x0, x15, . + 0x38
#9232 0 0000000000012970 fff7849b r 0000000000000009 0000000000000002  addiw    x9, x15, -1
#9233 0 0000000000012974     1482 r 0000000000000009 0000000200000000  c.slli   x9, 32
#9234 0 0000000000012976     9081 r 0000000000000009 0000000000000002  c.srli   x9, 0x20
#9235 0 0000000000012978     0485 r 0000000000000009 0000000000000003  c.addi   x9, 0x1
#9236 0 000000000001297a 035484b3 r 0000000000000009 0000000000000210  mul      x9, x9, x21
#9237 0 000000000001297e     94a2 r 0000000000000009 000000000001e9a8  c.add    x9, x8
#9238 0 0000000000012980 01045783 r 000000000000000f 0000000000000004  lhu      x15, 0x10(x8)
#9239 0 0000000000012984 00fbfc63 r 0000000000000000 0000000000000000  bgeu     x23, x15, . + 0x18
#9240 0 0000000000012988 01241783 r 000000000000000f 0000000000000000  lh       x15, 0x12(x8)
#9241 0 000000000001298c     85a2 r 000000000000000b 000000000001e798  c.mv     x11, x8
#9242 0 000000000001298e     8562 r 000000000000000a 000000000001e260  c.mv     x10, x24
#9243 0 0000000000012990 01378663 r 0000000000000000 0000000000000000  beq      x15, x19, . + 0xc
#9244 0 0000000000012994     9a02 r 0000000000000001 0000000000012996  c.jalr   x20
#9245 0 0000000000018f6c     cd8d r 0000000000000000 0000000000000000  c.beqz   x11, . + 0x3a
#9246 0 0000000000018f6e     1101 r 0000000000000002 00000000fffffed0  c.addi   x2, -0x20
#9247 0 0000000000018f70     e822 m 00000000fffffee0 000000000001e798  c.sdsp   x8, 0x10
#9248 0 0000000000018f72     ec06 m 00000000fffffee8 0000000000012996  c.sdsp   x1, 0x18
#9249 0 0000000000018f74     842a r 0000000000000008 000000000001e260  c.mv     x8, x10
#9250 0 0000000000018f76     c119 r 0000000000000000 0000000000000000  c.beqz   x10, . + 0x6
#9251 0 0000000000018f78     493c r 000000000000000f 0000000000000001  c.lw     x15, 0x50(x10)
#9252 0 0000000000018f7a     cf91 r 0000000000000000 0000000000000000  c.beqz   x15, . + 0x1c
#9253 0 0000000000018f7c 01059783 r 000000000000000f 0000000000000004  lh       x15, 0x10(x11)
#9254 0 0000000000018f80     e791 r 0000000000000000 0000000000000000  c.bnez   x15, . + 0xc
#9255 0 0000000000018f8c     8522 r 000000000000000a 000000000001e260  c.mv     x10, x8
#9256 0 0000000000018f8e     6442 r 0000000000000008 000000000001e798  c.ldsp   x8, 0x10
#9257 0 0000000000018f90     60e2 r 0000000000000001 0000000000012996  c.ldsp   x1, 0x18
#9258 0 0000000000018f92     6105 r 0000000000000002 00000000fffffef0  c.addi16sp 0x2
#9259 0 0000000000018f94     bfa1 r 0000000000000000 0000000000000000  c.j      . - 0xa8
#9260 0 0000000000018eec     1101 r 0000000000000002 00000000fffffed0  c.addi   x2, -0x20
#9261 0 0000000000018eee     e822 m 00000000fffffee0 000000000001e798  c.sdsp   x8, 0x10
#9262 0 0000000000018ef0     e426 m 00000000fffffed8 000000000001e9a8  c.sdsp   x9, 0x8
#9263 0 0000000000018ef2     e04a m 00000000fffffed0 000000000001e780  c.sdsp   x18, 0x0
#9264 0 0000000000018ef4     842e r 0000000000000008 000000000001e798  c.mv     x8, x11
#9265 0 0000000000018ef6     ec06 m 00000000fffffee8 0000000000012996  c.sdsp   x1, 0x18
#9266 0 0000000000018ef8     84aa r 0000000000000009 000000000001e260  c.mv     x9, x10
#9267 0 0000000000018efa 9cef90ef r 0000000000000001 0000000000018efe  jal      x1, . - 0x6e32
#9268 0 00000000000120c8 01059783 r 000000000000000f 0000000000000004  lh       x15, 0x10(x11)
#9269 0 00000000000120cc     7179 r 0000000000000002 00000000fffffea0  c.addi16sp -0x3
#9270 0 00000000000120ce     f022 m 00000000fffffec0 000000000001e798  c.sdsp   x8, 0x20
#9271 0 00000000000120d0     e44e m 00000000fffffea8 ffffffffffffffff  c.sdsp   x19, 0x8
#9272 0 00000000000120d2     f406 m 00000000fffffec8 0000000000018efe  c.sdsp   x1, 0x28
#9273 0 00000000000120d4     ec26 m 00000000fffffeb8 000000000001e260  c.sdsp   x9, 0x18
#9274 0 00000000000120d6     e84a m 00000000fffffeb0 000000000001e780  c.sdsp   x18, 0x10
#9275 0 00000000000120d8 0087f693 r 000000000000000d 0000000000000000  andi     x13, x15, 8
#9276 0 00000000000120dc     842e r 0000000000000008 000000000001e798  c.mv     x8, x11
#9277 0 00000000000120de     89aa r 0000000000000013 000000000001e260  c.mv     x19, x10
#9278 0 00000000000120e0     ead5 r 0000000000000000 0000000000000000  c.bnez   x13, . + 0xb4
#9279 0 00000000000120e2     6705 r 000000000000000e 0000000000001000  c.lui    x14, 0x1
#9280 0 00000000000120e4 80070713 r 000000000000000e 0000000000000800  addi     x14, x14, -2048
#9281 0 00000000000120e8     4594 r 000000000000000d 0000000000000000  c.lw     x13, 0x8(x11)
#9282 0 00000000000120ea     8fd9 r 000000000000000f 0000000000000804  c.or     x15, x14
#9283 0 00000000000120ec 00f59823 m 000000000001e7a8 0000000000000804  sh       x15, 0x10(x11)
#9284 0 00000000000120f0 10d05063 r 0000000000000000 0000000000000000  bge      x0, x13, . + 0x100
#9285 0 00000000000121f0     59b8 r 000000000000000e 0000000000000000  c.lw     x14, 0x70(x11)
#9286 0 00000000000121f2 f0e041e3 r 0000000000000000 0000000000000000  blt      x0, x14, . - 0xfe
#9287 0 00000000000121f6     b779 r 0000000000000000 0000000000000000  c.j      . - 0x72
#9288 0 0000000000012184     4501 r 000000000000000a 0000000000000000  c.li     x10, 0x0
#9289 0 0000000000012186     70a2 r 0000000000000001 0000000000018efe  c.ldsp   x1, 0x28
#9290 0 0000000000012188     7402 r 0000000000000008 000000000001e798  c.ldsp   x8, 0x20
#9291 0 000000000001218a     64e2 r 0000000000000009 000000000001e260  c.ldsp   x9, 0x18
#9292 0 000000000001218c     6942 r 0000000000000012 000000000001e780  c.ldsp   x18, 0x10
#9293 0 000000000001218e     69a2 r 0000000000000013 ffffffffffffffff  c.ldsp   x19, 0x8
#9294 0 0000000000012190     6145 r 0000000000000002 00000000fffffed0  c.addi16sp 0x3
#9295 0 0000000000012192     8082 r 0000000000000000 0000000000000000  c.jr     x1
#9296 0 0000000000018efe     683c r 000000000000000f 0000000000016226  c.ld     x15, 0x50(x8)
#9297 0 0000000000018f00     892a r 0000000000000012 0000000000000000  c.mv     x18, x10
#9298 0 0000000000018f02     c791 r 0000000000000000 0000000000000000  c.beqz   x15, . + 0xc
#9299 0 0000000000018f04     780c r 000000000000000b 000000000001e798  c.ld     x11, 0x30(x8)
#9300 0 0000000000018f06     8526 r 000000000000000a 000000000001e260  c.mv     x10, x9
#9301 0 0000000000018f08     9782 r 0000000000000001 0000000000018f0a  c.jalr   x15
#9302 0 0000000000016226 01259583 r 000000000000000b 0000000000000000  lh       x11, 0x12(x11)
#9303 0 000000000001622a 4870206f r 0000000000000000 0000000000000000  j        . + 0x2c86
#9304 0 0000000000018eb0     1101 r 0000000000000002 00000000fffffeb0  c.addi   x2, -0x20
#9305 0 0000000000018eb2     e822 m 00000000fffffec0 000000000001e798  c.sdsp   x8, 0x10
#9306 0 0000000000018eb4     e426 m 00000000fffffeb8 000000000001e260  c.sdsp   x9, 0x8
#9307 0 0000000000018eb6     842a r 0000000000000008 000000000001e260  c.mv     x8, x10
#9308 0 0000000000018eb8     852e r 000000000000000a 0000000000000000  c.mv     x10, x11
#9309 0 0000000000018eba     ec06 m 00000000fffffec8 0000000000018f0a  c.sdsp   x1, 0x18
#9310 0 0000000000018ebc 7801a823 m 000000000001f3d8 0000000000000000  sw       x0, 0x790(x3)
#9311 0 0000000000018ec0 75b010ef r 0000000000000001 0000000000018ec4  jal      x1, . + 0x1f5a
#9312 0 000000000001ae1a     1141 r 0000000000000002 00000000fffffea0  c.addi   x2, -0x10
#9313 0 000000000001ae1c     e406 m 00000000fffffea8 0000000000018ec4  c.sdsp   x1, 0x8
#9314 0 000000000001ae1e     e022 m 00000000fffffea0 000000000001e260  c.sdsp   x8, 0x0
#9315 0 000000000001ae20 03900893 r 0000000000000011 0000000000000039  addi     x17, x0, 57
#9316 0 000000000001ae24 00000073 r 000000000000000a 0000000000000000  ecall    
#9317 0 000000000001ae28     842a r 0000000000000008 0000000000000000  c.mv     x8, x10
#9318 0 000000000001ae2a 00054763 r 0000000000000000 0000000000000000  blt      x10, x0, . + 0xe
#9319 0 000000000001ae2e     2501 r 000000000000000a 0000000000000000  c.addiw  x10, 0x0
#9320 0 000000000001ae30     60a2 r 0000000000000001 0000000000018ec4  c.ldsp   x1, 0x8
#9321 0 000000000001ae32     6402 r 0000000000000008 000000000001e260  c.ldsp   x8, 0x0
#9322 0 000000000001ae34     0141 r 0000000000000002 00000000fffffeb0  c.addi   x2, 0x10
#9323 0 000000000001ae36     8082 r 0000000000000000 0000000000000000  c.jr     x1
#9324 0 0000000000018ec4     57fd r 000000000000000f ffffffffffffffff  c.li     x15, -0x1
#9325 0 0000000000018ec6 00f50763 r 0000000000000000 0000000000000000  beq      x10, x15, . + 0xe
#9326 0 0000000000018eca     60e2 r 0000000000000001 0000000000018f0a  c.ldsp   x1, 0x18
#9327 0 0000000000018ecc     6442 r 0000000000000008 000000000001e798  c.ldsp   x8, 0x10
#9328 0 0000000000018ece     64a2 r 0000000000000009 000000000001e260  c.ldsp   x9, 0x8
#9329 0 0000000000018ed0     6105 r 0000000000000002 00000000fffffed0  c.addi16sp 0x2
#9330 0 0000000000018ed2     8082 r 0000000000000000 0000000000000000  c.jr     x1
#9331 0 0000000000018f0a 04054663 r 0000000000000000 0000000000000000  blt      x10, x0, . + 0x4c
#9332 0 0000000000018f0e 01045783 r 000000000000000f 0000000000000804  lhu      x15, 0x10(x8)
#9333 0 0000000000018f12 0807f793 r 000000000000000f 0000000000000000  andi     x15, x15, 128
#9334 0 0000000000018f16     e7b1 r 0000000000000000 0000000000000000  c.bnez   x15, . + 0x4c
#9335 0 0000000000018f18     6c2c r 000000000000000b 0000000000000000  c.ld     x11, 0x58(x8)
#9336 0 0000000000018f1a     c991 r 0000000000000000 0000000000000000  c.beqz   x11, . + 0x14
#9337 0 0000000000018f2e     7c2c r 000000000000000b 0000000000000000  c.ld     x11, 0x78(x8)
#9338 0 0000000000018f30     c591 r 0000000000000000 0000000000000000  c.beqz   x11, . + 0xc
#9339 0 0000000000018f3c e02f90ef r 0000000000000001 0000000000018f40  jal      x1, . - 0x69fe
#9340 0 000000000001253e     8082 r 0000000000000000 0000000000000000  c.jr     x1
#9341 0 0000000000018f40 00041823 m 000000000001e7a8 0000000000000000  sh       x0, 0x10(x8)
#9342 0 0000000000018f44 dfcf90ef r 0000000000000001 0000000000018f48  jal      x1, . - 0x6a04
#9343 0 0000000000012540     8082 r 0000000000000000 0000000000000000  c.jr     x1
#9344 0 0000000000018f48     60e2 r 0000000000000001 0000000000012996  c.ldsp   x1, 0x18
#9345 0 0000000000018f4a     6442 r 0000000000000008 000000000001e798  c.ldsp   x8, 0x10
#9346 0 0000000000018f4c     64a2 r 0000000000000009 000000000001e9a8  c.ldsp   x9, 0x8
#9347 0 0000000000018f4e     854a r 000000000000000a 0000000000000000  c.mv     x10, x18
#9348 0 0000000000018f50     6902 r 0000000000000012 000000000001e780  c.ldsp   x18, 0x0
#9349 0 0000000000018f52     6105 r 0000000000000002 00000000fffffef0  c.addi16sp 0x2
#9350 0 0000000000018f54     8082 r 0000000000000000 0000000000000000  c.jr     x1
#9351 0 0000000000012996 01656b33 r 0000000000000016 0000000000000000  or       x22, x10, x22
#9352 0 000000000001299a     2b01 r 0000000000000016 0000000000000000  c.addiw  x22, 0x0
#9353 0 000000000001299c 0b040413 r 0000000000000008 000000000001e848  addi     x8, x8, 176
#9354 0 00000000000129a0 fe8490e3 r 0000000000000000 0000000000000000  bne      x9, x8, . - 0x20
#9355 0 0000000000012980 01045783 r 000000000000000f 0000000000002889  lhu      x15, 0x10(x8)
#9356 0 0000000000012984 00fbfc63 r 0000000000000000 0000000000000000  bgeu     x23, x15, . + 0x18
#9357 0 0000000000012988 01241783 r 000000000000000f 0000000000000001  lh       x15, 0x12(x8)
#9358 0 000000000001298c     85a2 r 000000000000000b 000000000001e848  c.mv     x11, x8
#9359 0 000000000001298e     8562 r 000000000000000a 000000000001e260  c.mv     x10, x24
#9360 0 0000000000012990 01378663 r 0000000000000000 0000000000000000  beq      x15, x19, . + 0xc
#9361 0 0000000000012994     9a02 r 0000000000000001 0000000000012996  c.jalr   x20
#9362 0 0000000000018f6c     cd8d r 0000000000000000 0000000000000000  c.beqz   x11, . + 0x3a
#9363 0 0000000000018f6e     1101 r 0000000000000002 00000000fffffed0  c.addi   x2, -0x20
#9364 0 0000000000018f70     e822 m 00000000fffffee0 000000000001e848  c.sdsp   x8, 0x10
#9365 0 0000000000018f72     ec06 m 00000000fffffee8 0000000000012996  c.sdsp   x1, 0x18
#9366 0 0000000000018f74     842a r 0000000000000008 000000000001e260  c.mv     x8, x10
#9367 0 0000000000018f76     c119 r 0000000000000000 0000000000000000  c.beqz   x10, . + 0x6
#9368 0 0000000000018f78     493c r 000000000000000f 0000000000000001  c.lw     x15, 0x50(x10)
#9369 0 0000000000018f7a     cf91 r 0000000000000000 0000000000000000  c.beqz   x15, . + 0x1c
#9370 0 0000000000018f7c 01059783 r 000000000000000f 0000000000002889  lh       x15, 0x10(x11)
#9371 0 0000000000018f80     e791 r 0000000000000000 0000000000000000  c.bnez   x15, . + 0xc
#9372 0 0000000000018f8c     8522 r 000000000000000a 000000000001e260  c.mv     x10, x8
#9373 0 0000000000018f8e     6442 r 0000000000000008 000000000001e848  c.ldsp   x8, 0x10
#9374 0 0000000000018f90     60e2 r 0000000000000001 0000000000012996  c.ldsp   x1, 0x18
#9375 0 0000000000018f92     6105 r 0000000000000002 00000000fffffef0  c.addi16sp 0x2
#9376 0 0000000000018f94     bfa1 r 0000000000000000 0000000000000000  c.j      . - 0xa8
#9377 0 0000000000018eec     1101 r 0000000000000002 00000000fffffed0  c.addi   x2, -0x20
#9378 0 0000000000018eee     e822 m 00000000fffffee0 000000000001e848  c.sdsp   x8, 0x10
#9379 0 0000000000018ef0     e426 m 00000000fffffed8 000000000001e9a8  c.sdsp   x9, 0x8
#9380 0 0000000000018ef2     e04a m 00000000fffffed0 000000000001e780  c.sdsp   x18, 0x0
#9381 0 0000000000018ef4     842e r 0000000000000008 000000000001e848  c.mv     x8, x11
#9382 0 0000000000018ef6     ec06 m 00000000fffffee8 0000000000012996  c.sdsp   x1, 0x18
#9383 0 0000000000018ef8     84aa r 0000000000000009 000000000001e260  c.mv     x9, x10
#9384 0 0000000000018efa 9cef90ef r 0000000000000001 0000000000018efe  jal      x1, . - 0x6e32
#9385 0 00000000000120c8 01059783 r 000000000000000f 0000000000002889  lh       x15, 0x10(x11)
#9386 0 00000000000120cc     7179 r 0000000000000002 00000000fffffea0  c.addi16sp -0x3
#9387 0 00000000000120ce     f022 m 00000000fffffec0 000000000001e848  c.sdsp   x8, 0x20
#9388 0 00000000000120d0     e44e m 00000000fffffea8 ffffffffffffffff  c.sdsp   x19, 0x8
#9389 0 00000000000120d2     f406 m 00000000fffffec8 0000000000018efe  c.sdsp   x1, 0x28
#9390 0 00000000000120d4     ec26 m 00000000fffffeb8 000000000001e260  c.sdsp   x9, 0x18
#9391 0 00000000000120d6     e84a m 00000000fffffeb0 000000000001e780  c.sdsp   x18, 0x10
#9392 0 00000000000120d8 0087f693 r 000000000000000d 0000000000000008  andi     x13, x15, 8
#9393 0 00000000000120dc     842e r 0000000000000008 000000000001e848  c.mv     x8, x11
#9394 0 00000000000120de     89aa r 0000000000000013 000000000001e260  c.mv     x19, x10
#9395 0 00000000000120e0     ead5 r 0000000000000000 0000000000000000  c.bnez   x13, . + 0xb4
#9396 0 0000000000012194 0185b903 r 0000000000000012 0000000000020010  ld       x18, 0x18(x11)
#9397 0 0000000000012198 fe0906e3 r 0000000000000000 0000000000000000  beq      x18, x0, . - 0x14
#9398 0 000000000001219c     6184 r 0000000000000009 0000000000020010  c.ld     x9, 0x0(x11)
#9399 0 000000000001219e 03079713 r 000000000000000e 2889000000000000  slli     x14, x15, 48
#9400 0 00000000000121a2     9341 r 000000000000000e 0000000000002889  c.srli   x14, 0x30
#9401 0 00000000000121a4     8b0d r 000000000000000e 0000000000000001  c.andi   x14, 0x3
#9402 0 00000000000121a6 0125b023 m 000000000001e848 0000000000020010  sd       x18, 0x0(x11)
#9403 0 00000000000121aa 412484bb r 0000000000000009 0000000000000000  subw     x9, x9, x18
#9404 0 00000000000121ae     4781 r 000000000000000f 0000000000000000  c.li     x15, 0x0
#9405 0 00000000000121b0     e311 r 0000000000000000 0000000000000000  c.bnez   x14, . + 0x4
#9406 0 00000000000121b4     c45c m 000000000001e854 0000000000000000  c.sw     x15, 0xc(x8)
#9407 0 00000000000121b6 00904663 r 0000000000000000 0000000000000000  blt      x0, x9, . + 0xc
#9408 0 00000000000121ba     b7e9 r 0000000000000000 0000000000000000  c.j      . - 0x36
#9409 0 0000000000012184     4501 r 000000000000000a 0000000000000000  c.li     x10, 0x0
#9410 0 0000000000012186     70a2 r 0000000000000001 0000000000018efe  c.ldsp   x1, 0x28
#9411 0 0000000000012188     7402 r 0000000000000008 000000000001e848  c.ldsp   x8, 0x20
#9412 0 000000000001218a     64e2 r 0000000000000009 000000000001e260  c.ldsp   x9, 0x18
#9413 0 000000000001218c     6942 r 0000000000000012 000000000001e780  c.ldsp   x18, 0x10
#9414 0 000000000001218e     69a2 r 0000000000000013 ffffffffffffffff  c.ldsp   x19, 0x8
#9415 0 0000000000012190     6145 r 0000000000000002 00000000fffffed0  c.addi16sp 0x3
#9416 0 0000000000012192     8082 r 0000000000000000 0000000000000000  c.jr     x1
#9417 0 0000000000018efe     683c r 000000000000000f 0000000000016226  c.ld     x15, 0x50(x8)
#9418 0 0000000000018f00     892a r 0000000000000012 0000000000000000  c.mv     x18, x10
#9419 0 0000000000018f02     c791 r 0000000000000000 0000000000000000  c.beqz   x15, . + 0xc
#9420 0 0000000000018f04     780c r 000000000000000b 000000000001e848  c.ld     x11, 0x30(x8)
#9421 0 0000000000018f06     8526 r 000000000000000a 000000000001e260  c.mv     x10, x9
#9422 0 0000000000018f08     9782 r 0000000000000001 0000000000018f0a  c.jalr   x15
#9423 0 0000000000016226 01259583 r 000000000000000b 0000000000000001  lh       x11, 0x12(x11)
#9424 0 000000000001622a 4870206f r 0000000000000000 0000000000000000  j        . + 0x2c86
#9425 0 0000000000018eb0     1101 r 0000000000000002 00000000fffffeb0  c.addi   x2, -0x20
#9426 0 0000000000018eb2     e822 m 00000000fffffec0 000000000001e848  c.sdsp   x8, 0x10
#9427 0 0000000000018eb4     e426 m 00000000fffffeb8 000000000001e260  c.sdsp   x9, 0x8
#9428 0 0000000000018eb6     842a r 0000000000000008 000000000001e260  c.mv     x8, x10
#9429 0 0000000000018eb8     852e r 000000000000000a 0000000000000001  c.mv     x10, x11
#9430 0 0000000000018eba     ec06 m 00000000fffffec8 0000000000018f0a  c.sdsp   x1, 0x18
#9431 0 0000000000018ebc 7801a823 m 000000000001f3d8 0000000000000000  sw       x0, 0x790(x3)
#9432 0 0000000000018ec0 75b010ef r 0000000000000001 0000000000018ec4  jal      x1, . + 0x1f5a
#9433 0 000000000001ae1a     1141 r 0000000000000002 00000000fffffea0  c.addi   x2, -0x10
#9434 0 000000000001ae1c     e406 m 00000000fffffea8 0000000000018ec4  c.sdsp   x1, 0x8
#9435 0 000000000001ae1e     e022 m 00000000fffffea0 000000000001e260  c.sdsp   x8, 0x0
#9436 0 000000000001ae20 03900893 r 0000000000000011 0000000000000039  addi     x17, x0, 57
#9437 0 000000000001ae24 00000073 r 000000000000000a 0000000000000000  ecall    
#9438 0 000000000001ae28     842a r 0000000000000008 0000000000000000  c.mv     x8, x10
#9439 0 000000000001ae2a 00054763 r 0000000000000000 0000000000000000  blt      x10, x0, . + 0xe
#9440 0 000000000001ae2e     2501 r 000000000000000a 0000000000000000  c.addiw  x10, 0x0
#9441 0 000000000001ae30     60a2 r 0000000000000001 0000000000018ec4  c.ldsp   x1, 0x8
#9442 0 000000000001ae32     6402 r 0000000000000008 000000000001e260  c.ldsp   x8, 0x0
#9443 0 000000000001ae34     0141 r 0000000000000002 00000000fffffeb0  c.addi   x2, 0x10
#9444 0 000000000001ae36     8082 r 0000000000000000 0000000000000000  c.jr     x1
#9445 0 0000000000018ec4     57fd r 000000000000000f ffffffffffffffff  c.li     x15, -0x1
#9446 0 0000000000018ec6 00f50763 r 0000000000000000 0000000000000000  beq      x10, x15, . + 0xe
#9447 0 0000000000018eca     60e2 r 0000000000000001 0000000000018f0a  c.ldsp   x1, 0x18
#9448 0 0000000000018ecc     6442 r 0000000000000008 000000000001e848  c.ldsp   x8, 0x10
#9449 0 0000000000018ece     64a2 r 0000000000000009 000000000001e260  c.ldsp   x9, 0x8
#9450 0 0000000000018ed0     6105 r 0000000000000002 00000000fffffed0  c.addi16sp 0x2
#9451 0 0000000000018ed2     8082 r 0000000000000000 0000000000000000  c.jr     x1
#9452 0 0000000000018f0a 04054663 r 0000000000000000 0000000000000000  blt      x10, x0, . + 0x4c
#9453 0 0000000000018f0e 01045783 r 000000000000000f 0000000000002889  lhu      x15, 0x10(x8)
#9454 0 0000000000018f12 0807f793 r 000000000000000f 0000000000000080  andi     x15, x15, 128
#9455 0 0000000000018f16     e7b1 r 0000000000000000 0000000000000000  c.bnez   x15, . + 0x4c
#9456 0 0000000000018f62     6c0c r 000000000000000b 0000000000020010  c.ld     x11, 0x18(x8)
#9457 0 0000000000018f64     8526 r 000000000000000a 000000000001e260  c.mv     x10, x9
#9458 0 0000000000018f66 f02f90ef r 0000000000000001 0000000000018f6a  jal      x1, . - 0x68fe
#9459 0 0000000000012668     c9e5 r 0000000000000000 0000000000000000  c.beqz   x11, . + 0xf0
#9460 0 000000000001266a     1101 r 0000000000000002 00000000fffffeb0  c.addi   x2, -0x20
#9461 0 000000000001266c     e822 m 00000000fffffec0 000000000001e848  c.sdsp   x8, 0x10
#9462 0 000000000001266e     e426 m 00000000fffffeb8 000000000001e260  c.sdsp   x9, 0x8
#9463 0 0000000000012670     842e r 0000000000000008 0000000000020010  c.mv     x8, x11
#9464 0 0000000000012672     84aa r 0000000000000009 000000000001e260  c.mv     x9, x10
#9465 0 0000000000012674     ec06 m 00000000fffffec8 0000000000018f6a  c.sdsp   x1, 0x18
#9466 0 0000000000012676 50d020ef r 0000000000000001 000000000001267a  jal      x1, . + 0x2d0c
#9467 0 0000000000015382     8082 r 0000000000000000 0000000000000000  c.jr     x1
#9468 0 000000000001267a ff843503 r 000000000000000a 0000000000000411  ld       x10, -0x8(x8)
#9469 0 000000000001267e ff040713 r 000000000000000e 0000000000020000  addi     x14, x8, -16
#9470 0 0000000000012682 0001f5b7 r 000000000000000b 000000000001f000  lui      x11, 0x1f
#9471 0 0000000000012686 ffe57793 r 000000000000000f 0000000000000410  andi     x15, x10, -2
#9472 0 000000000001268a 00f70633 r 000000000000000c 0000000000020410  add      x12, x14, x15
#9473 0 000000000001268e b5058593 r 000000000000000b 000000000001eb50  addi     x11, x11, -1200
#9474 0 0000000000012692     6614 r 000000000000000d 0000000000000bf1  c.ld     x13, 0x8(x12)
#9475 0 0000000000012694 0105b803 r 0000000000000010 0000000000020410  ld       x16, 0x10(x11)
#9476 0 0000000000012698     9af1 r 000000000000000d 0000000000000bf0  c.andi   x13, -0x4
#9477 0 000000000001269a 14c80263 r 0000000000000000 0000000000000000  beq      x16, x12, . + 0x144
#9478 0 00000000000127de     8905 r 000000000000000a 0000000000000001  c.andi   x10, 0x1
#9479 0 00000000000127e0     97b6 r 000000000000000f 0000000000001000  c.add    x15, x13
#9480 0 00000000000127e2     e909 r 0000000000000000 0000000000000000  c.bnez   x10, . + 0x12
#9481 0 00000000000127f4 0017e613 r 000000000000000c 0000000000001001  ori      x12, x15, 1
#9482 0 00000000000127f8 7681b683 r 000000000000000d 0000000000020000  ld       x13, 0x768(x3)
#9483 0 00000000000127fc     e710 m 0000000000020008 0000000000001001  c.sd     x12, 0x8(x14)
#9484 0 00000000000127fe     e998 m 000000000001eb60 0000000000020000  c.sd     x14, 0x10(x11)
#9485 0 0000000000012800 f0d7ede3 r 0000000000000000 0000000000000000  bltu     x15, x13, . - 0xe6
#9486 0 000000000001271a     6442 r 0000000000000008 000000000001e848  c.ldsp   x8, 0x10
#9487 0 000000000001271c     60e2 r 0000000000000001 0000000000018f6a  c.ldsp   x1, 0x18
#9488 0 000000000001271e     8526 r 000000000000000a 000000000001e260  c.mv     x10, x9
#9489 0 0000000000012720     64a2 r 0000000000000009 000000000001e260  c.ldsp   x9, 0x8
#9490 0 0000000000012722     6105 r 0000000000000002 00000000fffffed0  c.addi16sp 0x2
#9491 0 0000000000012724 4610206f r 0000000000000000 0000000000000000  j        . + 0x2c60
#9492 0 0000000000015384     8082 r 0000000000000000 0000000000000000  c.jr     x1
#9493 0 0000000000018f6a     b77d r 0000000000000000 0000000000000000  c.j      . - 0x52
#9494 0 0000000000018f18     6c2c r 000000000000000b 0000000000000000  c.ld     x11, 0x58(x8)
#9495 0 0000000000018f1a     c991 r 0000000000000000 0000000000000000  c.beqz   x11, . + 0x14
#9496 0 0000000000018f2e     7c2c r 000000000000000b 0000000000000000  c.ld     x11, 0x78(x8)
#9497 0 0000000000018f30     c591 r 0000000000000000 0000000000000000  c.beqz   x11, . + 0xc
#9498 0 0000000000018f3c e02f90ef r 0000000000000001 0000000000018f40  jal      x1, . - 0x69fe
#9499 0 000000000001253e     8082 r 0000000000000000 0000000000000000  c.jr     x1
#9500 0 0000000000018f40 00041823 m 000000000001e858 0000000000000000  sh       x0, 0x10(x8)
#9501 0 0000000000018f44 dfcf90ef r 0000000000000001 0000000000018f48  jal      x1, . - 0x6a04
#9502 0 0000000000012540     8082 r 0000000000000000 0000000000000000  c.jr     x1
#9503 0 0000000000018f48     60e2 r 0000000000000001 0000000000012996  c.ldsp   x1, 0x18
#9504 0 0000000000018f4a     6442 r 0000000000000008 000000000001e848  c.ldsp   x8, 0x10
#9505 0 0000000000018f4c     64a2 r 0000000000000009 000000000001e9a8  c.ldsp   x9, 0x8
#9506 0 0000000000018f4e     854a r 000000000000000a 0000000000000000  c.mv     x10, x18
#9507 0 0000000000018f50     6902 r 0000000000000012 000000000001e780  c.ldsp   x18, 0x0
#9508 0 0000000000018f52     6105 r 0000000000000002 00000000fffffef0  c.addi16sp 0x2
#9509 0 0000000000018f54     8082 r 0000000000000000 0000000000000000  c.jr     x1
#9510 0 0000000000012996 01656b33 r 0000000000000016 0000000000000000  or       x22, x10, x22
#9511 0 000000000001299a     2b01 r 0000000000000016 0000000000000000  c.addiw  x22, 0x0
#9512 0 000000000001299c 0b040413 r 0000000000000008 000000000001e8f8  addi     x8, x8, 176
#9513 0 00000000000129a0 fe8490e3 r 0000000000000000 0000000000000000  bne      x9, x8, . - 0x20
#9514 0 0000000000012980 01045783 r 000000000000000f 0000000000000012  lhu      x15, 0x10(x8)
#9515 0 0000000000012984 00fbfc63 r 0000000000000000 0000000000000000  bgeu     x23, x15, . + 0x18
#9516 0 0000000000012988 01241783 r 000000000000000f 0000000000000002  lh       x15, 0x12(x8)
#9517 0 000000000001298c     85a2 r 000000000000000b 000000000001e8f8  c.mv     x11, x8
#9518 0 000000000001298e     8562 r 000000000000000a 000000000001e260  c.mv     x10, x24
#9519 0 0000000000012990 01378663 r 0000000000000000 0000000000000000  beq      x15, x19, . + 0xc
#9520 0 0000000000012994     9a02 r 0000000000000001 0000000000012996  c.jalr   x20
#9521 0 0000000000018f6c     cd8d r 0000000000000000 0000000000000000  c.beqz   x11, . + 0x3a
#9522 0 0000000000018f6e     1101 r 0000000000000002 00000000fffffed0  c.addi   x2, -0x20
#9523 0 0000000000018f70     e822 m 00000000fffffee0 000000000001e8f8  c.sdsp   x8, 0x10
#9524 0 0000000000018f72     ec06 m 00000000fffffee8 0000000000012996  c.sdsp   x1, 0x18
#9525 0 0000000000018f74     842a r 0000000000000008 000000000001e260  c.mv     x8, x10
#9526 0 0000000000018f76     c119 r 0000000000000000 0000000000000000  c.beqz   x10, . + 0x6
#9527 0 0000000000018f78     493c r 000000000000000f 0000000000000001  c.lw     x15, 0x50(x10)
#9528 0 0000000000018f7a     cf91 r 0000000000000000 0000000000000000  c.beqz   x15, . + 0x1c
#9529 0 0000000000018f7c 01059783 r 000000000000000f 0000000000000012  lh       x15, 0x10(x11)
#9530 0 0000000000018f80     e791 r 0000000000000000 0000000000000000  c.bnez   x15, . + 0xc
#9531 0 0000000000018f8c     8522 r 000000000000000a 000000000001e260  c.mv     x10, x8
#9532 0 0000000000018f8e     6442 r 0000000000000008 000000000001e8f8  c.ldsp   x8, 0x10
#9533 0 0000000000018f90     60e2 r 0000000000000001 0000000000012996  c.ldsp   x1, 0x18
#9534 0 0000000000018f92     6105 r 0000000000000002 00000000fffffef0  c.addi16sp 0x2
#9535 0 0000000000018f94     bfa1 r 0000000000000000 0000000000000000  c.j      . - 0xa8
#9536 0 0000000000018eec     1101 r 0000000000000002 00000000fffffed0  c.addi   x2, -0x20
#9537 0 0000000000018eee     e822 m 00000000fffffee0 000000000001e8f8  c.sdsp   x8, 0x10
#9538 0 0000000000018ef0     e426 m 00000000fffffed8 000000000001e9a8  c.sdsp   x9, 0x8
#9539 0 0000000000018ef2     e04a m 00000000fffffed0 000000000001e780  c.sdsp   x18, 0x0
#9540 0 0000000000018ef4     842e r 0000000000000008 000000000001e8f8  c.mv     x8, x11
#9541 0 0000000000018ef6     ec06 m 00000000fffffee8 0000000000012996  c.sdsp   x1, 0x18
#9542 0 0000000000018ef8     84aa r 0000000000000009 000000000001e260  c.mv     x9, x10
#9543 0 0000000000018efa 9cef90ef r 0000000000000001 0000000000018efe  jal      x1, . - 0x6e32
#9544 0 00000000000120c8 01059783 r 000000000000000f 0000000000000012  lh       x15, 0x10(x11)
#9545 0 00000000000120cc     7179 r 0000000000000002 00000000fffffea0  c.addi16sp -0x3
#9546 0 00000000000120ce     f022 m 00000000fffffec0 000000000001e8f8  c.sdsp   x8, 0x20
#9547 0 00000000000120d0     e44e m 00000000fffffea8 ffffffffffffffff  c.sdsp   x19, 0x8
#9548 0 00000000000120d2     f406 m 00000000fffffec8 0000000000018efe  c.sdsp   x1, 0x28
#9549 0 00000000000120d4     ec26 m 00000000fffffeb8 000000000001e260  c.sdsp   x9, 0x18
#9550 0 00000000000120d6     e84a m 00000000fffffeb0 000000000001e780  c.sdsp   x18, 0x10
#9551 0 00000000000120d8 0087f693 r 000000000000000d 0000000000000000  andi     x13, x15, 8
#9552 0 00000000000120dc     842e r 0000000000000008 000000000001e8f8  c.mv     x8, x11
#9553 0 00000000000120de     89aa r 0000000000000013 000000000001e260  c.mv     x19, x10
#9554 0 00000000000120e0     ead5 r 0000000000000000 0000000000000000  c.bnez   x13, . + 0xb4
#9555 0 00000000000120e2     6705 r 000000000000000e 0000000000001000  c.lui    x14, 0x1
#9556 0 00000000000120e4 80070713 r 000000000000000e 0000000000000800  addi     x14, x14, -2048
#9557 0 00000000000120e8     4594 r 000000000000000d 0000000000000000  c.lw     x13, 0x8(x11)
#9558 0 00000000000120ea     8fd9 r 000000000000000f 0000000000000812  c.or     x15, x14
#9559 0 00000000000120ec 00f59823 m 000000000001e908 0000000000000812  sh       x15, 0x10(x11)
#9560 0 00000000000120f0 10d05063 r 0000000000000000 0000000000000000  bge      x0, x13, . + 0x100
#9561 0 00000000000121f0     59b8 r 000000000000000e 0000000000000000  c.lw     x14, 0x70(x11)
#9562 0 00000000000121f2 f0e041e3 r 0000000000000000 0000000000000000  blt      x0, x14, . - 0xfe
#9563 0 00000000000121f6     b779 r 0000000000000000 0000000000000000  c.j      . - 0x72
#9564 0 0000000000012184     4501 r 000000000000000a 0000000000000000  c.li     x10, 0x0
#9565 0 0000000000012186     70a2 r 0000000000000001 0000000000018efe  c.ldsp   x1, 0x28
#9566 0 0000000000012188     7402 r 0000000000000008 000000000001e8f8  c.ldsp   x8, 0x20
#9567 0 000000000001218a     64e2 r 0000000000000009 000000000001e260  c.ldsp   x9, 0x18
#9568 0 000000000001218c     6942 r 0000000000000012 000000000001e780  c.ldsp   x18, 0x10
#9569 0 000000000001218e     69a2 r 0000000000000013 ffffffffffffffff  c.ldsp   x19, 0x8
#9570 0 0000000000012190     6145 r 0000000000000002 00000000fffffed0  c.addi16sp 0x3
#9571 0 0000000000012192     8082 r 0000000000000000 0000000000000000  c.jr     x1
#9572 0 0000000000018efe     683c r 000000000000000f 0000000000016226  c.ld     x15, 0x50(x8)
#9573 0 0000000000018f00     892a r 0000000000000012 0000000000000000  c.mv     x18, x10
#9574 0 0000000000018f02     c791 r 0000000000000000 0000000000000000  c.beqz   x15, . + 0xc
#9575 0 0000000000018f04     780c r 000000000000000b 000000000001e8f8  c.ld     x11, 0x30(x8)
#9576 0 0000000000018f06     8526 r 000000000000000a 000000000001e260  c.mv     x10, x9
#9577 0 0000000000018f08     9782 r 0000000000000001 0000000000018f0a  c.jalr   x15
#9578 0 0000000000016226 01259583 r 000000000000000b 0000000000000002  lh       x11, 0x12(x11)
#9579 0 000000000001622a 4870206f r 0000000000000000 0000000000000000  j        . + 0x2c86
#9580 0 0000000000018eb0     1101 r 0000000000000002 00000000fffffeb0  c.addi   x2, -0x20
#9581 0 0000000000018eb2     e822 m 00000000fffffec0 000000000001e8f8  c.sdsp   x8, 0x10
#9582 0 0000000000018eb4     e426 m 00000000fffffeb8 000000000001e260  c.sdsp   x9, 0x8
#9583 0 0000000000018eb6     842a r 0000000000000008 000000000001e260  c.mv     x8, x10
#9584 0 0000000000018eb8     852e r 000000000000000a 0000000000000002  c.mv     x10, x11
#9585 0 0000000000018eba     ec06 m 00000000fffffec8 0000000000018f0a  c.sdsp   x1, 0x18
#9586 0 0000000000018ebc 7801a823 m 000000000001f3d8 0000000000000000  sw       x0, 0x790(x3)
#9587 0 0000000000018ec0 75b010ef r 0000000000000001 0000000000018ec4  jal      x1, . + 0x1f5a
#9588 0 000000000001ae1a     1141 r 0000000000000002 00000000fffffea0  c.addi   x2, -0x10
#9589 0 000000000001ae1c     e406 m 00000000fffffea8 0000000000018ec4  c.sdsp   x1, 0x8
#9590 0 000000000001ae1e     e022 m 00000000fffffea0 000000000001e260  c.sdsp   x8, 0x0
#9591 0 000000000001ae20 03900893 r 0000000000000011 0000000000000039  addi     x17, x0, 57
#9592 0 000000000001ae24 00000073 r 000000000000000a 0000000000000000  ecall    
#9593 0 000000000001ae28     842a r 0000000000000008 0000000000000000  c.mv     x8, x10
#9594 0 000000000001ae2a 00054763 r 0000000000000000 0000000000000000  blt      x10, x0, . + 0xe
#9595 0 000000000001ae2e     2501 r 000000000000000a 0000000000000000  c.addiw  x10, 0x0
#9596 0 000000000001ae30     60a2 r 0000000000000001 0000000000018ec4  c.ldsp   x1, 0x8
#9597 0 000000000001ae32     6402 r 0000000000000008 000000000001e260  c.ldsp   x8, 0x0
#9598 0 000000000001ae34     0141 r 0000000000000002 00000000fffffeb0  c.addi   x2, 0x10
#9599 0 000000000001ae36     8082 r 0000000000000000 0000000000000000  c.jr     x1
#9600 0 0000000000018ec4     57fd r 000000000000000f ffffffffffffffff  c.li     x15, -0x1
#9601 0 0000000000018ec6 00f50763 r 0000000000000000 0000000000000000  beq      x10, x15, . + 0xe
#9602 0 0000000000018eca     60e2 r 0000000000000001 0000000000018f0a  c.ldsp   x1, 0x18
#9603 0 0000000000018ecc     6442 r 0000000000000008 000000000001e8f8  c.ldsp   x8, 0x10
#9604 0 0000000000018ece     64a2 r 0000000000000009 000000000001e260  c.ldsp   x9, 0x8
#9605 0 0000000000018ed0     6105 r 0000000000000002 00000000fffffed0  c.addi16sp 0x2
#9606 0 0000000000018ed2     8082 r 0000000000000000 0000000000000000  c.jr     x1
#9607 0 0000000000018f0a 04054663 r 0000000000000000 0000000000000000  blt      x10, x0, . + 0x4c
#9608 0 0000000000018f0e 01045783 r 000000000000000f 0000000000000812  lhu      x15, 0x10(x8)
#9609 0 0000000000018f12 0807f793 r 000000000000000f 0000000000000000  andi     x15, x15, 128
#9610 0 0000000000018f16     e7b1 r 0000000000000000 0000000000000000  c.bnez   x15, . + 0x4c
#9611 0 0000000000018f18     6c2c r 000000000000000b 0000000000000000  c.ld     x11, 0x58(x8)
#9612 0 0000000000018f1a     c991 r 0000000000000000 0000000000000000  c.beqz   x11, . + 0x14
#9613 0 0000000000018f2e     7c2c r 000000000000000b 0000000000000000  c.ld     x11, 0x78(x8)
#9614 0 0000000000018f30     c591 r 0000000000000000 0000000000000000  c.beqz   x11, . + 0xc
#9615 0 0000000000018f3c e02f90ef r 0000000000000001 0000000000018f40  jal      x1, . - 0x69fe
#9616 0 000000000001253e     8082 r 0000000000000000 0000000000000000  c.jr     x1
#9617 0 0000000000018f40 00041823 m 000000000001e908 0000000000000000  sh       x0, 0x10(x8)
#9618 0 0000000000018f44 dfcf90ef r 0000000000000001 0000000000018f48  jal      x1, . - 0x6a04
#9619 0 0000000000012540     8082 r 0000000000000000 0000000000000000  c.jr     x1
#9620 0 0000000000018f48     60e2 r 0000000000000001 0000000000012996  c.ldsp   x1, 0x18
#9621 0 0000000000018f4a     6442 r 0000000000000008 000000000001e8f8  c.ldsp   x8, 0x10
#9622 0 0000000000018f4c     64a2 r 0000000000000009 000000000001e9a8  c.ldsp   x9, 0x8
#9623 0 0000000000018f4e     854a r 000000000000000a 0000000000000000  c.mv     x10, x18
#9624 0 0000000000018f50     6902 r 0000000000000012 000000000001e780  c.ldsp   x18, 0x0
#9625 0 0000000000018f52     6105 r 0000000000000002 00000000fffffef0  c.addi16sp 0x2
#9626 0 0000000000018f54     8082 r 0000000000000000 0000000000000000  c.jr     x1
#9627 0 0000000000012996 01656b33 r 0000000000000016 0000000000000000  or       x22, x10, x22
#9628 0 000000000001299a     2b01 r 0000000000000016 0000000000000000  c.addiw  x22, 0x0
#9629 0 000000000001299c 0b040413 r 0000000000000008 000000000001e9a8  addi     x8, x8, 176
#9630 0 00000000000129a0 fe8490e3 r 0000000000000000 0000000000000000  bne      x9, x8, . - 0x20
#9631 0 00000000000129a4 00093903 r 0000000000000012 0000000000000000  ld       x18, 0x0(x18)
#9632 0 00000000000129a8 fa091ee3 r 0000000000000000 0000000000000000  bne      x18, x0, . - 0x44
#9633 0 00000000000129ac     60a6 r 0000000000000001 00000000000101aa  c.ldsp   x1, 0x48
#9634 0 00000000000129ae     6406 r 0000000000000008 0000000000000000  c.ldsp   x8, 0x40
#9635 0 00000000000129b0     74e2 r 0000000000000009 0000000000000000  c.ldsp   x9, 0x38
#9636 0 00000000000129b2     7942 r 0000000000000012 0000000000000000  c.ldsp   x18, 0x30
#9637 0 00000000000129b4     79a2 r 0000000000000013 0000000000000000  c.ldsp   x19, 0x28
#9638 0 00000000000129b6     7a02 r 0000000000000014 0000000000000000  c.ldsp   x20, 0x20
#9639 0 00000000000129b8     6ae2 r 0000000000000015 0000000000000000  c.ldsp   x21, 0x18
#9640 0 00000000000129ba     6ba2 r 0000000000000017 0000000000000000  c.ldsp   x23, 0x8
#9641 0 00000000000129bc     6c02 r 0000000000000018 0000000000000000  c.ldsp   x24, 0x0
#9642 0 00000000000129be     855a r 000000000000000a 0000000000000000  c.mv     x10, x22
#9643 0 00000000000129c0     6b42 r 0000000000000016 0000000000000000  c.ldsp   x22, 0x10
#9644 0 00000000000129c2     6161 r 0000000000000002 00000000ffffff40  c.addi16sp 0x5
#9645 0 00000000000129c4     8082 r 0000000000000000 0000000000000000  c.jr     x1
#9646 0 00000000000101aa     8522 r 000000000000000a 0000000000000000  c.mv     x10, x8
#9647 0 00000000000101ac 49b0a0ef r 0000000000000001 00000000000101b0  jal      x1, . + 0xac9a
#9648 0 000000000001ae46 05d00893 r 0000000000000011 000000000000005d  addi     x17, x0, 93
#9649 0 000000000001ae4a 00000073 r 0000000000000000 0000000000000000  ecall    
