#1 0 00000000000100c2 0000f197 r 0000000000000003 000000000001f0c2  auipc    x3, 0xf
#2 0 00000000000100c6 bb618193 r 0000000000000003 000000000001ec78  addi     x3, x3, -1098
#3 0 00000000000100ca 77018513 r 000000000000000a 000000000001f3e8  addi     x10, x3, 1904
#4 0 00000000000100ce 0000f617 r 000000000000000c 000000000001f0ce  auipc    x12, 0xf
#5 0 00000000000100d2 3aa60613 r 000000000000000c 000000000001f478  addi     x12, x12, 938
#6 0 00000000000100d6     8e09 r 000000000000000c 0000000000000090  c.sub    x12, x10
#7 0 00000000000100d8     4581 r 000000000000000b 0000000000000000  c.li     x11, 0x0
#8 0 00000000000100da 174000ef r 0000000000000001 00000000000100de  jal      x1, . + 0x174
#9 0 000000000001024e     433d r 0000000000000006 000000000000000f  c.li     x6, 0xf
#10 0 0000000000010250     872a r 000000000000000e 000000000001f3e8  c.mv     x14, x10
#11 0 0000000000010252 02c37163 r 0000000000000000 0000000000000000  bgeu     x6, x12, . + 0x22
#12 0 0000000000010256 00f77793 r 000000000000000f 0000000000000008  andi     x15, x14, 15
#13 0 000000000001025a     e3c1 r 0000000000000000 0000000000000000  c.bnez   x15, . + 0x80
#14 0 00000000000102da 00279693 r 000000000000000d 0000000000000020  slli     x13, x15, 2
#15 0 00000000000102de 00000297 r 0000000000000005 00000000000102de  auipc    x5, 0x0
#16 0 00000000000102e2     9696 r 000000000000000d 00000000000102fe  c.add    x13, x5
#17 0 00000000000102e4     8286 r 0000000000000005 00000000000100de  c.mv     x5, x1
#18 0 00000000000102e6 fa2680e7 r 0000000000000001 00000000000102ea  jalr     x1, -0x5e(x13)
#19 0 00000000000102a0 00b703a3 m 000000000001f3ef 0000000000000000  sb       x11, 0x7(x14)
#20 0 00000000000102a4 00b70323 m 000000000001f3ee 0000000000000000  sb       x11, 0x6(x14)
#21 0 00000000000102a8 00b702a3 m 000000000001f3ed 0000000000000000  sb       x11, 0x5(x14)
#22 0 00000000000102ac 00b70223 m 000000000001f3ec 0000000000000000  sb       x11, 0x4(x14)
#23 0 00000000000102b0 00b701a3 m 000000000001f3eb 0000000000000000  sb       x11, 0x3(x14)
#24 0 00000000000102b4 00b70123 m 000000000001f3ea 0000000000000000  sb       x11, 0x2(x14)
#25 0 00000000000102b8 00b700a3 m 000000000001f3e9 0000000000000000  sb       x11, 0x1(x14)
#26 0 00000000000102bc 00b70023 m 000000000001f3e8 0000000000000000  sb       x11, 0x0(x14)
#27 0 00000000000102c0     8082 r 0000000000000000 0000000000000000  c.jr     x1
#28 0 00000000000102ea     8096 r 0000000000000001 00000000000100de  c.mv     x1, x5
#29 0 00000000000102ec     17c1 r 000000000000000f fffffffffffffff8  c.addi   x15, -0x10
#30 0 00000000000102ee     8f1d r 000000000000000e 000000000001f3f0  c.sub    x14, x15
#31 0 00000000000102f0     963e r 000000000000000c 0000000000000088  c.add    x12, x15
#32 0 00000000000102f2 f8c371e3 r 0000000000000000 0000000000000000  bgeu     x6, x12, . - 0x7e
#33 0 00000000000102f6     b79d r 0000000000000000 0000000000000000  c.j      . - 0x9a
#34 0 000000000001025c     e1bd r 0000000000000000 0000000000000000  c.bnez   x11, . + 0x66
#35 0 000000000001025e ff067693 r 000000000000000d 0000000000000080  andi     x13, x12, -16
#36 0 0000000000010262     8a3d r 000000000000000c 0000000000000008  c.andi   x12, 0xf
#37 0 0000000000010264     96ba r 000000000000000d 000000000001f470  c.add    x13, x14
#38 0 0000000000010266     e30c m 000000000001f3f0 0000000000000000  c.sd     x11, 0x0(x14)
#39 0 0000000000010268     e70c m 000000000001f3f8 0000000000000000  c.sd     x11, 0x8(x14)
#40 0 000000000001026a     0741 r 000000000000000e 000000000001f400  c.addi   x14, 0x10
#41 0 000000000001026c fed76de3 r 0000000000000000 0000000000000000  bltu     x14, x13, . - 0x6
#42 0 0000000000010266     e30c m 000000000001f400 0000000000000000  c.sd     x11, 0x0(x14)
#43 0 0000000000010268     e70c m 000000000001f408 0000000000000000  c.sd     x11, 0x8(x14)
#44 0 000000000001026a     0741 r 000000000000000e 000000000001f410  c.addi   x14, 0x10
#45 0 000000000001026c fed76de3 r 0000000000000000 0000000000000000  bltu     x14, x13, . - 0x6
#46 0 0000000000010266     e30c m 000000000001f410 0000000000000000  c.sd     x11, 0x0(x14)
#47 0 0000000000010268     e70c m 000000000001f418 0000000000000000  c.sd     x11, 0x8(x14)
#48 0 000000000001026a     0741 r 000000000000000e 000000000001f420  c.addi   x14, 0x10
#49 0 000000000001026c fed76de3 r 0000000000000000 0000000000000000  bltu     x14, x13, . - 0x6
#50 0 0000000000010266     e30c m 000000000001f420 0000000000000000  c.sd     x11, 0x0(x14)
#51 0 0000000000010268     e70c m 000000000001f428 0000000000000000  c.sd     x11, 0x8(x14)
#52 0 000000000001026a     0741 r 000000000000000e 000000000001f430  c.addi   x14, 0x10
#53 0 000000000001026c fed76de3 r 0000000000000000 0000000000000000  bltu     x14, x13, . - 0x6
#54 0 0000000000010266     e30c m 000000000001f430 0000000000000000  c.sd     x11, 0x0(x14)
#55 0 0000000000010268     e70c m 000000000001f438 0000000000000000  c.sd     x11, 0x8(x14)
#56 0 000000000001026a     0741 r 000000000000000e 000000000001f440  c.addi   x14, 0x10
#57 0 000000000001026c fed76de3 r 0000000000000000 0000000000000000  bltu     x14, x13, . - 0x6
#58 0 0000000000010266     e30c m 000000000001f440 0000000000000000  c.sd     x11, 0x0(x14)
#59 0 0000000000010268     e70c m 000000000001f448 0000000000000000  c.sd     x11, 0x8(x14)
#60 0 000000000001026a     0741 r 000000000000000e 000000000001f450  c.addi   x14, 0x10
#61 0 000000000001026c fed76de3 r 0000000000000000 0000000000000000  bltu     x14, x13, . - 0x6
#62 0 0000000000010266     e30c m 000000000001f450 0000000000000000  c.sd     x11, 0x0(x14)
#63 0 0000000000010268     e70c m 000000000001f458 0000000000000000  c.sd     x11, 0x8(x14)
#64 0 000000000001026a     0741 r 000000000000000e 000000000001f460  c.addi   x14, 0x10
#65 0 000000000001026c fed76de3 r 0000000000000000 0000000000000000  bltu     x14, x13, . - 0x6
#66 0 0000000000010266     e30c m 000000000001f460 0000000000000000  c.sd     x11, 0x0(x14)
#67 0 0000000000010268     e70c m 000000000001f468 0000000000000000  c.sd     x11, 0x8(x14)
#68 0 000000000001026a     0741 r 000000000000000e 000000000001f470  c.addi   x14, 0x10
#69 0 000000000001026c fed76de3 r 0000000000000000 0000000000000000  bltu     x14, x13, . - 0x6
#70 0 0000000000010270     e211 r 0000000000000000 0000000000000000  c.bnez   x12, . + 0x4
#71 0 0000000000010274 40c306b3 r 000000000000000d 0000000000000007  sub      x13, x6, x12
#72 0 0000000000010278     068a r 000000000000000d 000000000000001c  c.slli   x13, 2
#73 0 000000000001027a 00000297 r 0000000000000005 000000000001027a  auipc    x5, 0x0
#74 0 000000000001027e     9696 r 000000000000000d 0000000000010296  c.add    x13, x5
#75 0 0000000000010280 00a68067 r 0000000000000000 0000000000000000  jalr     x0, 0xa(x13)
#76 0 00000000000102a0 00b703a3 m 000000000001f477 0000000000000000  sb       x11, 0x7(x14)
#77 0 00000000000102a4 00b70323 m 000000000001f476 0000000000000000  sb       x11, 0x6(x14)
#78 0 00000000000102a8 00b702a3 m 000000000001f475 0000000000000000  sb       x11, 0x5(x14)
#79 0 00000000000102ac 00b70223 m 000000000001f474 0000000000000000  sb       x11, 0x4(x14)
#80 0 00000000000102b0 00b701a3 m 000000000001f473 0000000000000000  sb       x11, 0x3(x14)
#81 0 00000000000102b4 00b70123 m 000000000001f472 0000000000000000  sb       x11, 0x2(x14)
#82 0 00000000000102b8 00b700a3 m 000000000001f471 0000000000000000  sb       x11, 0x1(x14)
#83 0 00000000000102bc 00b70023 m 000000000001f470 0000000000000000  sb       x11, 0x0(x14)
#84 0 00000000000102c0     8082 r 0000000000000000 0000000000000000  c.jr     x1
#85 0 00000000000100de 00009517 r 000000000000000a 00000000000190de  auipc    x10, 0x9
#86 0 00000000000100e2 d4e50513 r 000000000000000a 0000000000018e2c  addi     x10, x10, -690
#87 0 00000000000100e6     c519 r 0000000000000000 0000000000000000  c.beqz   x10, . + 0xe
#88 0 00000000000100e8 00002517 r 000000000000000a 00000000000120e8  auipc    x10, 0x2
#89 0 00000000000100ec 4aa50513 r 000000000000000a 0000000000012592  addi     x10, x10, 1194
#90 0 00000000000100f0 53d080ef r 0000000000000001 00000000000100f4  jal      x1, . + 0x8d3c
#91 0 0000000000018e2c     85aa r 000000000000000b 0000000000012592  c.mv     x11, x10
#92 0 0000000000018e2e     4681 r 000000000000000d 0000000000000000  c.li     x13, 0x0
#93 0 0000000000018e30     4601 r 000000000000000c 0000000000000000  c.li     x12, 0x0
#94 0 0000000000018e32     4501 r 000000000000000a 0000000000000000  c.li     x10, 0x0
#95 0 0000000000018e34 4170106f r 0000000000000000 0000000000000000  j        . + 0x1c16
#96 0 000000000001aa4a 7481b703 r 000000000000000e 000000000001e290  ld       x14, 0x748(x3)
#97 0 000000000001aa4e 1f873783 r 000000000000000f 0000000000000000  ld       x15, 0x1f8(x14)
#98 0 000000000001aa52     c3b1 r 0000000000000000 0000000000000000  c.beqz   x15, . + 0x44
#99 0 000000000001aa96 20070793 r 000000000000000f 000000000001e490  addi     x15, x14, 512
#100 0 000000000001aa9a 1ef73c23 m 000000000001e488 000000000001e490  sd       x15, 0x1f8(x14)
#101 0 000000000001aa9e     bf5d r 0000000000000000 0000000000000000  c.j      . - 0x4a
#102 0 000000000001aa54     4798 r 000000000000000e 0000000000000000  c.lw     x14, 0x8(x15)
#103 0 000000000001aa56     487d r 0000000000000010 000000000000001f  c.li     x16, 0x1f
#104 0 000000000001aa58 06e84263 r 0000000000000000 0000000000000000  blt      x16, x14, . + 0x64
#105 0 000000000001aa5c     c505 r 0000000000000000 0000000000000000  c.beqz   x10, . + 0x28
#106 0 000000000001aa84 00270693 r 000000000000000d 0000000000000002  addi     x13, x14, 2
#107 0 000000000001aa88     068e r 000000000000000d 0000000000000010  c.slli   x13, 3
#108 0 000000000001aa8a     2705 r 000000000000000e 0000000000000001  c.addiw  x14, 0x1
#109 0 000000000001aa8c     c798 m 000000000001e498 0000000000000001  c.sw     x14, 0x8(x15)
#110 0 000000000001aa8e     97b6 r 000000000000000f 000000000001e4a0  c.add    x15, x13
#111 0 000000000001aa90     e38c m 000000000001e4a0 0000000000012592  c.sd     x11, 0x0(x15)
#112 0 000000000001aa92     4501 r 000000000000000a 0000000000000000  c.li     x10, 0x0
#113 0 000000000001aa94     8082 r 0000000000000000 0000000000000000  c.jr     x1
#114 0 00000000000100f4 0f0000ef r 0000000000000001 00000000000100f8  jal      x1, . + 0xf0
#115 0 00000000000101e4     1101 r 0000000000000002 00000000ffffff30  c.addi   x2, -0x20
#116 0 00000000000101e6     e822 m 00000000ffffff40 0000000000000000  c.sdsp   x8, 0x10
#117 0 00000000000101e8     e04a m 00000000ffffff30 0000000000000000  c.sdsp   x18, 0x0
#118 0 00000000000101ea     6479 r 0000000000000008 000000000001e000  c.lui    x8, 0x1e
#119 0 00000000000101ec     6979 r 0000000000000012 000000000001e000  c.lui    x18, 0x1e
#120 0 00000000000101ee 27440793 r 000000000000000f 000000000001e274  addi     x15, x8, 628
#121 0 00000000000101f2 27490913 r 0000000000000012 000000000001e274  addi     x18, x18, 628
#122 0 00000000000101f6 40f90933 r 0000000000000012 0000000000000000  sub      x18, x18, x15
#123 0 00000000000101fa     ec06 m 00000000ffffff48 00000000000100f8  c.sdsp   x1, 0x18
#124 0 00000000000101fc     e426 m 00000000ffffff38 0000000000000000  c.sdsp   x9, 0x8
#125 0 00000000000101fe 40395913 r 0000000000000012 0000000000000000  srai     x18, x18, 3
#126 0 0000000000010202 00090b63 r 0000000000000000 0000000000000000  beq      x18, x0, . + 0x16
#127 0 0000000000010218     6479 r 0000000000000008 000000000001e000  c.lui    x8, 0x1e
#128 0 000000000001021a     6979 r 0000000000000012 000000000001e000  c.lui    x18, 0x1e
#129 0 000000000001021c 27840793 r 000000000000000f 000000000001e278  addi     x15, x8, 632
#130 0 0000000000010220 28890913 r 0000000000000012 000000000001e288  addi     x18, x18, 648
#131 0 0000000000010224 40f90933 r 0000000000000012 0000000000000010  sub      x18, x18, x15
#132 0 0000000000010228 40395913 r 0000000000000012 0000000000000002  srai     x18, x18, 3
#133 0 000000000001022c 00090b63 r 0000000000000000 0000000000000000  beq      x18, x0, . + 0x16
#134 0 0000000000010230 27840413 r 0000000000000008 000000000001e278  addi     x8, x8, 632
#135 0 0000000000010234     4481 r 0000000000000009 0000000000000000  c.li     x9, 0x0
#136 0 0000000000010236     601c r 000000000000000f 00000000000100b0  c.ld     x15, 0x0(x8)
#137 0 0000000000010238     0485 r 0000000000000009 0000000000000001  c.addi   x9, 0x1
#138 0 000000000001023a     0421 r 0000000000000008 000000000001e280  c.addi   x8, 0x8
#139 0 000000000001023c     9782 r 0000000000000001 000000000001023e  c.jalr   x15
#140 0 00000000000100b0 00000793 r 000000000000000f 0000000000000000  addi     x15, x0, 0
#141 0 00000000000100b4     c791 r 0000000000000000 0000000000000000  c.beqz   x15, . + 0xc
#142 0 00000000000100c0     8082 r 0000000000000000 0000000000000000  c.jr     x1
#143 0 000000000001023e fe991ce3 r 0000000000000000 0000000000000000  bne      x18, x9, . - 0x8
#144 0 0000000000010236     601c r 000000000000000f 0000000000010136  c.ld     x15, 0x0(x8)
#145 0 0000000000010238     0485 r 0000000000000009 0000000000000002  c.addi   x9, 0x1
#146 0 000000000001023a     0421 r 0000000000000008 000000000001e288  c.addi   x8, 0x8
#147 0 000000000001023c     9782 r 0000000000000001 000000000001023e  c.jalr   x15
#148 0 0000000000010136 00000793 r 000000000000000f 0000000000000000  addi     x15, x0, 0
#149 0 000000000001013a     cb91 r 0000000000000000 0000000000000000  c.beqz   x15, . + 0x14
#150 0 000000000001014e     8082 r 0000000000000000 0000000000000000  c.jr     x1
#151 0 000000000001023e fe991ce3 r 0000000000000000 0000000000000000  bne      x18, x9, . - 0x8
#152 0 0000000000010242     60e2 r 0000000000000001 00000000000100f8  c.ldsp   x1, 0x18
#153 0 0000000000010244     6442 r 0000000000000008 0000000000000000  c.ldsp   x8, 0x10
#154 0 0000000000010246     64a2 r 0000000000000009 0000000000000000  c.ldsp   x9, 0x8
#155 0 0000000000010248     6902 r 0000000000000012 0000000000000000  c.ldsp   x18, 0x0
#156 0 000000000001024a     6105 r 0000000000000002 00000000ffffff50  c.addi16sp 0x2
#157 0 000000000001024c     8082 r 0000000000000000 0000000000000000  c.jr     x1
#158 0 00000000000100f8     4502 r 000000000000000a 0000000000000001  c.lwsp   x10, 0x0
#159 0 00000000000100fa     002c r 000000000000000b 00000000ffffff58  c.addi4spn  x11, 0x2
#160 0 00000000000100fc     4601 r 000000000000000c 0000000000000000  c.li     x12, 0x0
#161 0 00000000000100fe 052000ef r 0000000000000001 0000000000010102  jal      x1, . + 0x52
#162 0 0000000000010150     7165 r 0000000000000002 00000000fffffdc0  c.addi16sp -0x19
#163 0 0000000000010152     e706 m 00000000ffffff48 0000000000010102  c.sdsp   x1, 0x188
#164 0 0000000000010154     e322 m 00000000ffffff40 0000000000000000  c.sdsp   x8, 0x180
#165 0 0000000000010156     0b00 r 0000000000000008 00000000ffffff50  c.addi4spn  x8, 0x64
#166 0 0000000000010158 81010113 r 0000000000000002 00000000fffff5d0  addi     x2, x2, -2032
#167 0 000000000001015c e5840793 r 000000000000000f 00000000fffffda8  addi     x15, x8, -424
#168 0 0000000000010160 19000713 r 000000000000000e 0000000000000190  addi     x14, x0, 400
#169 0 0000000000010164     863a r 000000000000000c 0000000000000190  c.mv     x12, x14
#170 0 0000000000010166     4581 r 000000000000000b 0000000000000000  c.li     x11, 0x0
#171 0 0000000000010168     853e r 000000000000000a 00000000fffffda8  c.mv     x10, x15
#172 0 000000000001016a 0e4000ef r 0000000000000001 000000000001016e  jal      x1, . + 0xe4
#173 0 000000000001024e     433d r 0000000000000006 000000000000000f  c.li     x6, 0xf
#174 0 0000000000010250     872a r 000000000000000e 00000000fffffda8  c.mv     x14, x10
#175 0 0000000000010252 02c37163 r 0000000000000000 0000000000000000  bgeu     x6, x12, . + 0x22
#176 0 0000000000010256 00f77793 r 000000000000000f 0000000000000008  andi     x15, x14, 15
#177 0 000000000001025a     e3c1 r 0000000000000000 0000000000000000  c.bnez   x15, . + 0x80
#178 0 00000000000102da 00279693 r 000000000000000d 0000000000000020  slli     x13, x15, 2
#179 0 00000000000102de 00000297 r 0000000000000005 00000000000102de  auipc    x5, 0x0
#180 0 00000000000102e2     9696 r 000000000000000d 00000000000102fe  c.add    x13, x5
#181 0 00000000000102e4     8286 r 0000000000000005 000000000001016e  c.mv     x5, x1
#182 0 00000000000102e6 fa2680e7 r 0000000000000001 00000000000102ea  jalr     x1, -0x5e(x13)
#183 0 00000000000102a0 00b703a3 m 00000000fffffdaf 0000000000000000  sb       x11, 0x7(x14)
#184 0 00000000000102a4 00b70323 m 00000000fffffdae 0000000000000000  sb       x11, 0x6(x14)
#185 0 00000000000102a8 00b702a3 m 00000000fffffdad 0000000000000000  sb       x11, 0x5(x14)
#186 0 00000000000102ac 00b70223 m 00000000fffffdac 0000000000000000  sb       x11, 0x4(x14)
#187 0 00000000000102b0 00b701a3 m 00000000fffffdab 0000000000000000  sb       x11, 0x3(x14)
#188 0 00000000000102b4 00b70123 m 00000000fffffdaa 0000000000000000  sb       x11, 0x2(x14)
#189 0 00000000000102b8 00b700a3 m 00000000fffffda9 0000000000000000  sb       x11, 0x1(x14)
#190 0 00000000000102bc 00b70023 m 00000000fffffda8 0000000000000000  sb       x11, 0x0(x14)
#191 0 00000000000102c0     8082 r 0000000000000000 0000000000000000  c.jr     x1
#192 0 00000000000102ea     8096 r 0000000000000001 000000000001016e  c.mv     x1, x5
#193 0 00000000000102ec     17c1 r 000000000000000f fffffffffffffff8  c.addi   x15, -0x10
#194 0 00000000000102ee     8f1d r 000000000000000e 00000000fffffdb0  c.sub    x14, x15
#195 0 00000000000102f0     963e r 000000000000000c 0000000000000188  c.add    x12, x15
#196 0 00000000000102f2 f8c371e3 r 0000000000000000 0000000000000000  bgeu     x6, x12, . - 0x7e
#197 0 00000000000102f6     b79d r 0000000000000000 0000000000000000  c.j      . - 0x9a
#198 0 000000000001025c     e1bd r 0000000000000000 0000000000000000  c.bnez   x11, . + 0x66
#199 0 000000000001025e ff067693 r 000000000000000d 0000000000000180  andi     x13, x12, -16
#200 0 0000000000010262     8a3d r 000000000000000c 0000000000000008  c.andi   x12, 0xf
#201 0 0000000000010264     96ba r 000000000000000d 00000000ffffff30  c.add    x13, x14
#202 0 0000000000010266     e30c m 00000000fffffdb0 0000000000000000  c.sd     x11, 0x0(x14)
#203 0 0000000000010268     e70c m 00000000fffffdb8 0000000000000000  c.sd     x11, 0x8(x14)
#204 0 000000000001026a     0741 r 000000000000000e 00000000fffffdc0  c.addi   x14, 0x10
#205 0 000000000001026c fed76de3 r 0000000000000000 0000000000000000  bltu     x14, x13, . - 0x6
#206 0 0000000000010266     e30c m 00000000fffffdc0 0000000000000000  c.sd     x11, 0x0(x14)
#207 0 0000000000010268     e70c m 00000000fffffdc8 0000000000000000  c.sd     x11, 0x8(x14)
#208 0 000000000001026a     0741 r 000000000000000e 00000000fffffdd0  c.addi   x14, 0x10
#209 0 000000000001026c fed76de3 r 0000000000000000 0000000000000000  bltu     x14, x13, . - 0x6
#210 0 0000000000010266     e30c m 00000000fffffdd0 0000000000000000  c.sd     x11, 0x0(x14)
#211 0 0000000000010268     e70c m 00000000fffffdd8 0000000000000000  c.sd     x11, 0x8(x14)
#212 0 000000000001026a     0741 r 000000000000000e 00000000fffffde0  c.addi   x14, 0x10
#213 0 000000000001026c fed76de3 r 0000000000000000 0000000000000000  bltu     x14, x13, . - 0x6
#214 0 0000000000010266     e30c m 00000000fffffde0 0000000000000000  c.sd     x11, 0x0(x14)
#215 0 0000000000010268     e70c m 00000000fffffde8 0000000000000000  c.sd     x11, 0x8(x14)
#216 0 000000000001026a     0741 r 000000000000000e 00000000fffffdf0  c.addi   x14, 0x10
#217 0 000000000001026c fed76de3 r 0000000000000000 0000000000000000  bltu     x14, x13, . - 0x6
#218 0 0000000000010266     e30c m 00000000fffffdf0 0000000000000000  c.sd     x11, 0x0(x14)
#219 0 0000000000010268     e70c m 00000000fffffdf8 0000000000000000  c.sd     x11, 0x8(x14)
#220 0 000000000001026a     0741 r 000000000000000e 00000000fffffe00  c.addi   x14, 0x10
#221 0 000000000001026c fed76de3 r 0000000000000000 0000000000000000  bltu     x14, x13, . - 0x6
#222 0 0000000000010266     e30c m 00000000fffffe00 0000000000000000  c.sd     x11, 0x0(x14)
#223 0 0000000000010268     e70c m 00000000fffffe08 0000000000000000  c.sd     x11, 0x8(x14)
#224 0 000000000001026a     0741 r 000000000000000e 00000000fffffe10  c.addi   x14, 0x10
#225 0 000000000001026c fed76de3 r 0000000000000000 0000000000000000  bltu     x14, x13, . - 0x6
#226 0 0000000000010266     e30c m 00000000fffffe10 0000000000000000  c.sd     x11, 0x0(x14)
#227 0 0000000000010268     e70c m 00000000fffffe18 0000000000000000  c.sd     x11, 0x8(x14)
#228 0 000000000001026a     0741 r 000000000000000e 00000000fffffe20  c.addi   x14, 0x10
#229 0 000000000001026c fed76de3 r 0000000000000000 0000000000000000  bltu     x14, x13, . - 0x6
#230 0 0000000000010266     e30c m 00000000fffffe20 0000000000000000  c.sd     x11, 0x0(x14)
#231 0 0000000000010268     e70c m 00000000fffffe28 0000000000000000  c.sd     x11, 0x8(x14)
#232 0 000000000001026a     0741 r 000000000000000e 00000000fffffe30  c.addi   x14, 0x10
#233 0 000000000001026c fed76de3 r 0000000000000000 0000000000000000  bltu     x14, x13, . - 0x6
#234 0 0000000000010266     e30c m 00000000fffffe30 0000000000000000  c.sd     x11, 0x0(x14)
#235 0 0000000000010268     e70c m 00000000fffffe38 0000000000000000  c.sd     x11, 0x8(x14)
#236 0 000000000001026a     0741 r 000000000000000e 00000000fffffe40  c.addi   x14, 0x10
#237 0 000000000001026c fed76de3 r 0000000000000000 0000000000000000  bltu     x14, x13, . - 0x6
#238 0 0000000000010266     e30c m 00000000fffffe40 0000000000000000  c.sd     x11, 0x0(x14)
#239 0 0000000000010268     e70c m 00000000fffffe48 0000000000000000  c.sd     x11, 0x8(x14)
#240 0 000000000001026a     0741 r 000000000000000e 00000000fffffe50  c.addi   x14, 0x10
#241 0 000000000001026c fed76de3 r 0000000000000000 0000000000000000  bltu     x14, x13, . - 0x6
#242 0 0000000000010266     e30c m 00000000fffffe50 0000000000000000  c.sd     x11, 0x0(x14)
#243 0 0000000000010268     e70c m 00000000fffffe58 0000000000000000  c.sd     x11, 0x8(x14)
#244 0 000000000001026a     0741 r 000000000000000e 00000000fffffe60  c.addi   x14, 0x10
#245 0 000000000001026c fed76de3 r 0000000000000000 0000000000000000  bltu     x14, x13, . - 0x6
#246 0 0000000000010266     e30c m 00000000fffffe60 0000000000000000  c.sd     x11, 0x0(x14)
#247 0 0000000000010268     e70c m 00000000fffffe68 0000000000000000  c.sd     x11, 0x8(x14)
#248 0 000000000001026a     0741 r 000000000000000e 00000000fffffe70  c.addi   x14, 0x10
#249 0 000000000001026c fed76de3 r 0000000000000000 0000000000000000  bltu     x14, x13, . - 0x6
#250 0 0000000000010266     e30c m 00000000fffffe70 0000000000000000  c.sd     x11, 0x0(x14)
#251 0 0000000000010268     e70c m 00000000fffffe78 0000000000000000  c.sd     x11, 0x8(x14)
#252 0 000000000001026a     0741 r 000000000000000e 00000000fffffe80  c.addi   x14, 0x10
#253 0 000000000001026c fed76de3 r 0000000000000000 0000000000000000  bltu     x14, x13, . - 0x6
#254 0 0000000000010266     e30c m 00000000fffffe80 0000000000000000  c.sd     x11, 0x0(x14)
#255 0 0000000000010268     e70c m 00000000fffffe88 0000000000000000  c.sd     x11, 0x8(x14)
#256 0 000000000001026a     0741 r 000000000000000e 00000000fffffe90  c.addi   x14, 0x10
#257 0 000000000001026c fed76de3 r 0000000000000000 0000000000000000  bltu     x14, x13, . - 0x6
#258 0 0000000000010266     e30c m 00000000fffffe90 0000000000000000  c.sd     x11, 0x0(x14)
#259 0 0000000000010268     e70c m 00000000fffffe98 0000000000000000  c.sd     x11, 0x8(x14)
#260 0 000000000001026a     0741 r 000000000000000e 00000000fffffea0  c.addi   x14, 0x10
#261 0 000000000001026c fed76de3 r 0000000000000000 0000000000000000  bltu     x14, x13, . - 0x6
#262 0 0000000000010266     e30c m 00000000fffffea0 0000000000000000  c.sd     x11, 0x0(x14)
#263 0 0000000000010268     e70c m 00000000fffffea8 0000000000000000  c.sd     x11, 0x8(x14)
#264 0 000000000001026a     0741 r 000000000000000e 00000000fffffeb0  c.addi   x14, 0x10
#265 0 000000000001026c fed76de3 r 0000000000000000 0000000000000000  bltu     x14, x13, . - 0x6
#266 0 0000000000010266     e30c m 00000000fffffeb0 0000000000000000  c.sd     x11, 0x0(x14)
#267 0 0000000000010268     e70c m 00000000fffffeb8 0000000000000000  c.sd     x11, 0x8(x14)
#268 0 000000000001026a     0741 r 000000000000000e 00000000fffffec0  c.addi   x14, 0x10
#269 0 000000000001026c fed76de3 r 0000000000000000 0000000000000000  bltu     x14, x13, . - 0x6
#270 0 0000000000010266     e30c m 00000000fffffec0 0000000000000000  c.sd     x11, 0x0(x14)
#271 0 0000000000010268     e70c m 00000000fffffec8 0000000000000000  c.sd     x11, 0x8(x14)
#272 0 000000000001026a     0741 r 000000000000000e 00000000fffffed0  c.addi   x14, 0x10
#273 0 000000000001026c fed76de3 r 0000000000000000 0000000000000000  bltu     x14, x13, . - 0x6
#274 0 0000000000010266     e30c m 00000000fffffed0 0000000000000000  c.sd     x11, 0x0(x14)
#275 0 0000000000010268     e70c m 00000000fffffed8 0000000000000000  c.sd     x11, 0x8(x14)
#276 0 000000000001026a     0741 r 000000000000000e 00000000fffffee0  c.addi   x14, 0x10
#277 0 000000000001026c fed76de3 r 0000000000000000 0000000000000000  bltu     x14, x13, . - 0x6
#278 0 0000000000010266     e30c m 00000000fffffee0 0000000000000000  c.sd     x11, 0x0(x14)
#279 0 0000000000010268     e70c m 00000000fffffee8 0000000000000000  c.sd     x11, 0x8(x14)
#280 0 000000000001026a     0741 r 000000000000000e 00000000fffffef0  c.addi   x14, 0x10
#281 0 000000000001026c fed76de3 r 0000000000000000 0000000000000000  bltu     x14, x13, . - 0x6
#282 0 0000000000010266     e30c m 00000000fffffef0 0000000000000000  c.sd     x11, 0x0(x14)
#283 0 0000000000010268     e70c m 00000000fffffef8 0000000000000000  c.sd     x11, 0x8(x14)
#284 0 000000000001026a     0741 r 000000000000000e 00000000ffffff00  c.addi   x14, 0x10
#285 0 000000000001026c fed76de3 r 0000000000000000 0000000000000000  bltu     x14, x13, . - 0x6
#286 0 0000000000010266     e30c m 00000000ffffff00 0000000000000000  c.sd     x11, 0x0(x14)
#287 0 0000000000010268     e70c m 00000000ffffff08 0000000000000000  c.sd     x11, 0x8(x14)
#288 0 000000000001026a     0741 r 000000000000000e 00000000ffffff10  c.addi   x14, 0x10
#289 0 000000000001026c fed76de3 r 0000000000000000 0000000000000000  bltu     x14, x13, . - 0x6
#290 0 0000000000010266     e30c m 00000000ffffff10 0000000000000000  c.sd     x11, 0x0(x14)
#291 0 0000000000010268     e70c m 00000000ffffff18 0000000000000000  c.sd     x11, 0x8(x14)
#292 0 000000000001026a     0741 r 000000000000000e 00000000ffffff20  c.addi   x14, 0x10
#293 0 000000000001026c fed76de3 r 0000000000000000 0000000000000000  bltu     x14, x13, . - 0x6
#294 0 0000000000010266     e30c m 00000000ffffff20 0000000000000000  c.sd     x11, 0x0(x14)
#295 0 0000000000010268     e70c m 00000000ffffff28 0000000000000000  c.sd     x11, 0x8(x14)
#296 0 000000000001026a     0741 r 000000000000000e 00000000ffffff30  c.addi   x14, 0x10
#297 0 000000000001026c fed76de3 r 0000000000000000 0000000000000000  bltu     x14, x13, . - 0x6
#298 0 0000000000010270     e211 r 0000000000000000 0000000000000000  c.bnez   x12, . + 0x4
#299 0 0000000000010274 40c306b3 r 000000000000000d 0000000000000007  sub      x13, x6, x12
#300 0 0000000000010278     068a r 000000000000000d 000000000000001c  c.slli   x13, 2
#301 0 000000000001027a 00000297 r 0000000000000005 000000000001027a  auipc    x5, 0x0
#302 0 000000000001027e     9696 r 000000000000000d 0000000000010296  c.add    x13, x5
#303 0 0000000000010280 00a68067 r 0000000000000000 0000000000000000  jalr     x0, 0xa(x13)
#304 0 00000000000102a0 00b703a3 m 00000000ffffff37 0000000000000000  sb       x11, 0x7(x14)
#305 0 00000000000102a4 00b70323 m 00000000ffffff36 0000000000000000  sb       x11, 0x6(x14)
#306 0 00000000000102a8 00b702a3 m 00000000ffffff35 0000000000000000  sb       x11, 0x5(x14)
#307 0 00000000000102ac 00b70223 m 00000000ffffff34 0000000000000000  sb       x11, 0x4(x14)
#308 0 00000000000102b0 00b701a3 m 00000000ffffff33 0000000000000000  sb       x11, 0x3(x14)
#309 0 00000000000102b4 00b70123 m 00000000ffffff32 0000000000000000  sb       x11, 0x2(x14)
#310 0 00000000000102b8 00b700a3 m 00000000ffffff31 0000000000000000  sb       x11, 0x1(x14)
#311 0 00000000000102bc 00b70023 m 00000000ffffff30 0000000000000000  sb       x11, 0x0(x14)
#312 0 00000000000102c0     8082 r 0000000000000000 0000000000000000  c.jr     x1
#313 0 000000000001016e fe042623 m 00000000ffffff3c 0000000000000000  sw       x0, -0x14(x8)
#314 0 0000000000010172     a831 r 0000000000000000 0000000000000000  c.j      . + 0x1c
#315 0 000000000001018e fec42783 r 000000000000000f 0000000000000000  lw       x15, -0x14(x8)
#316 0 0000000000010192 0007871b r 000000000000000e 0000000000000000  addiw    x14, x15, 0
#317 0 0000000000010196     47a5 r 000000000000000f 0000000000000009  c.li     x15, 0x9
#318 0 0000000000010198 fce7dee3 r 0000000000000000 0000000000000000  bge      x15, x14, . - 0x24
#319 0 0000000000010174 fec42783 r 000000000000000f 0000000000000000  lw       x15, -0x14(x8)
#320 0 0000000000010178     85be r 000000000000000b 0000000000000000  c.mv     x11, x15
#321 0 000000000001017a     67f1 r 000000000000000f 000000000001c000  c.lui    x15, 0x1c
#322 0 000000000001017c 46078513 r 000000000000000a 000000000001c460  addi     x10, x15, 1120
#323 0 0000000000010180 19a000ef r 0000000000000001 0000000000010184  jal      x1, . + 0x19a
#324 0 000000000001031a 7581b303 r 0000000000000006 000000000001e290  ld       x6, 0x758(x3)
#325 0 000000000001031e     711d r 0000000000000002 00000000fffff570  c.addi16sp -0x6
#326 0 0000000000010320     f832 m 00000000fffff5a0 0000000000000008  c.sdsp   x12, 0x30
#327 0 0000000000010322     fc36 m 00000000fffff5a8 0000000000010296  c.sdsp   x13, 0x38
#328 0 0000000000010324     f42e m 00000000fffff598 0000000000000000  c.sdsp   x11, 0x28
#329 0 0000000000010326     e0ba m 00000000fffff5b0 0000000000000000  c.sdsp   x14, 0x40
#330 0 0000000000010328     e4be m 00000000fffff5b8 000000000001c000  c.sdsp   x15, 0x48
#331 0 000000000001032a     e8c2 m 00000000fffff5c0 000000000000001f  c.sdsp   x16, 0x50
#332 0 000000000001032c     ecc6 m 00000000fffff5c8 0000000000000000  c.sdsp   x17, 0x58
#333 0 000000000001032e 01033583 r 000000000000000b 000000000001e878  ld       x11, 0x10(x6)
#334 0 0000000000010332     1034 r 000000000000000d 00000000fffff598  c.addi4spn  x13, 0xa
#335 0 0000000000010334     862a r 000000000000000c 000000000001c460  c.mv     x12, x10
#336 0 0000000000010336     851a r 000000000000000a 000000000001e290  c.mv     x10, x6
#337 0 0000000000010338     ec06 m 00000000fffff588 0000000000010184  c.sdsp   x1, 0x18
#338 0 000000000001033a     e436 m 00000000fffff578 00000000fffff598  c.sdsp   x13, 0x8
#339 0 000000000001033c 00a000ef r 0000000000000001 0000000000010340  jal      x1, . + 0xa
#340 0 0000000000010346 d8010113 r 0000000000000002 00000000fffff2f0  addi     x2, x2, -640
#341 0 000000000001034a 26113c23 m 00000000fffff568 0000000000010340  sd       x1, 0x278(x2)
#342 0 000000000001034e 27213023 m 00000000fffff550 0000000000000000  sd       x18, 0x260(x2)
#343 0 0000000000010352 25413823 m 00000000fffff540 0000000000000000  sd       x20, 0x250(x2)
#344 0 0000000000010356 23913423 m 00000000fffff518 0000000000000000  sd       x25, 0x228(x2)
#345 0 000000000001035a     892e r 0000000000000012 000000000001e878  c.mv     x18, x11
#346 0 000000000001035c     8cb2 r 0000000000000019 000000000001c460  c.mv     x25, x12
#347 0 000000000001035e     e836 m 00000000fffff300 00000000fffff598  c.sdsp   x13, 0x10
#348 0 0000000000010360 26813823 m 00000000fffff560 00000000ffffff50  sd       x8, 0x270(x2)
#349 0 0000000000010364 26913423 m 00000000fffff558 0000000000000000  sd       x9, 0x268(x2)
#350 0 0000000000010368 25313c23 m 00000000fffff548 0000000000000000  sd       x19, 0x258(x2)
#351 0 000000000001036c 25513423 m 00000000fffff538 0000000000000000  sd       x21, 0x248(x2)
#352 0 0000000000010370 25613023 m 00000000fffff530 0000000000000000  sd       x22, 0x240(x2)
#353 0 0000000000010374 23713c23 m 00000000fffff528 0000000000000000  sd       x23, 0x238(x2)
#354 0 0000000000010378 23813823 m 00000000fffff520 0000000000000000  sd       x24, 0x230(x2)
#355 0 000000000001037c 23a13023 m 00000000fffff510 0000000000000000  sd       x26, 0x220(x2)
#356 0 0000000000010380 21b13c23 m 00000000fffff508 0000000000000000  sd       x27, 0x218(x2)
#357 0 0000000000010384     8a2a r 0000000000000014 000000000001e290  c.mv     x20, x10
#358 0 0000000000010386 6fa040ef r 0000000000000001 000000000001038a  jal      x1, . + 0x46fa
#359 0 0000000000014a80 e6018513 r 000000000000000a 000000000001ead8  addi     x10, x3, -416
#360 0 0000000000014a84     8082 r 0000000000000000 0000000000000000  c.jr     x1
#361 0 000000000001038a     611c r 000000000000000f 000000000001c9b0  c.ld     x15, 0x0(x10)
#362 0 000000000001038c     853e r 000000000000000a 000000000001c9b0  c.mv     x10, x15
#363 0 000000000001038e     f8be m 00000000fffff360 000000000001c9b0  c.sdsp   x15, 0x70
#364 0 0000000000010390 058060ef r 0000000000000001 0000000000010394  jal      x1, . + 0x6058
#365 0 00000000000163e8 00757793 r 000000000000000f 0000000000000000  andi     x15, x10, 7
#366 0 00000000000163ec     872a r 000000000000000e 000000000001c9b0  c.mv     x14, x10
#367 0 00000000000163ee     eba9 r 0000000000000000 0000000000000000  c.bnez   x15, . + 0x52
#368 0 00000000000163f0 7401b683 r 000000000000000d 7f7f7f7f7f7f7f7f  ld       x13, 0x740(x3)
#369 0 00000000000163f4     55fd r 000000000000000b ffffffffffffffff  c.li     x11, -0x1
#370 0 00000000000163f6     6310 r 000000000000000c 000000000000002e  c.ld     x12, 0x0(x14)
#371 0 00000000000163f8     0721 r 000000000000000e 000000000001c9b8  c.addi   x14, 0x8
#372 0 00000000000163fa 00d677b3 r 000000000000000f 000000000000002e  and      x15, x12, x13
#373 0 00000000000163fe     97b6 r 000000000000000f 7f7f7f7f7f7f7fad  c.add    x15, x13
#374 0 0000000000016400     8fd1 r 000000000000000f 7f7f7f7f7f7f7faf  c.or     x15, x12
#375 0 0000000000016402     8fd5 r 000000000000000f 7f7f7f7f7f7f7fff  c.or     x15, x13
#376 0 0000000000016404 feb789e3 r 0000000000000000 0000000000000000  beq      x15, x11, . - 0xe
#377 0 0000000000016408 ff874683 r 000000000000000d 000000000000002e  lbu      x13, -0x8(x14)
#378 0 000000000001640c 40a707b3 r 000000000000000f 0000000000000008  sub      x15, x14, x10
#379 0 0000000000016410     c6a9 r 0000000000000000 0000000000000000  c.beqz   x13, . + 0x4a
#380 0 0000000000016412 ff974683 r 000000000000000d 0000000000000000  lbu      x13, -0x7(x14)
#381 0 0000000000016416     ce9d r 0000000000000000 0000000000000000  c.beqz   x13, . + 0x3e
#382 0 0000000000016454 ff978513 r 000000000000000a 0000000000000001  addi     x10, x15, -7
#383 0 0000000000016458     8082 r 0000000000000000 0000000000000000  c.jr     x1
#384 0 0000000000010394     f4aa m 00000000fffff358 0000000000000001  c.sdsp   x10, 0x68
#385 0 0000000000010396     e202 m 00000000fffff3f0 0000000000000000  c.sdsp   x0, 0x100
#386 0 0000000000010398     e602 m 00000000fffff3f8 0000000000000000  c.sdsp   x0, 0x108
#387 0 000000000001039a 000a0663 r 0000000000000000 0000000000000000  beq      x20, x0, . + 0xc
#388 0 000000000001039e 050a2783 r 000000000000000f 0000000000000000  lw       x15, 0x50(x20)
#389 0 00000000000103a2 72078963 r 0000000000000000 0000000000000000  beq      x15, x0, . + 0x732
#390 0 0000000000010ad4     8552 r 000000000000000a 000000000001e290  c.mv     x10, x20
#391 0 0000000000010ad6 295010ef r 0000000000000001 0000000000010ada  jal      x1, . + 0x1a94
#392 0 000000000001256a     493c r 000000000000000f 0000000000000000  c.lw     x15, 0x50(x10)
#393 0 000000000001256c     c391 r 0000000000000000 0000000000000000  c.beqz   x15, . + 0x4
#394 0 0000000000012570     b37d r 0000000000000000 0000000000000000  c.j      . - 0x252
#395 0 000000000001231e     7139 r 0000000000000002 00000000fffff2b0  c.addi16sp -0x4
#396 0 0000000000012320     67c9 r 000000000000000f 0000000000012000  c.lui    x15, 0x12
#397 0 0000000000012322     fc06 m 00000000fffff2e8 0000000000010ada  c.sdsp   x1, 0x38
#398 0 0000000000012324     f822 m 00000000fffff2e0 00000000ffffff50  c.sdsp   x8, 0x30
#399 0 0000000000012326     f426 m 00000000fffff2d8 0000000000000000  c.sdsp   x9, 0x28
#400 0 0000000000012328     f04a m 00000000fffff2d0 000000000001e878  c.sdsp   x18, 0x20
#401 0 000000000001232a     ec4e m 00000000fffff2c8 0000000000000000  c.sdsp   x19, 0x18
#402 0 000000000001232c     e852 m 00000000fffff2c0 000000000001e290  c.sdsp   x20, 0x10
#403 0 000000000001232e     e456 m 00000000fffff2b8 0000000000000000  c.sdsp   x21, 0x8
#404 0 0000000000012330     e05a m 00000000fffff2b0 0000000000000000  c.sdsp   x22, 0x0
#405 0 0000000000012332     6500 r 0000000000000008 000000000001e7c8  c.ld     x8, 0x8(x10)
#406 0 0000000000012334 31278793 r 000000000000000f 0000000000012312  addi     x15, x15, 786
#407 0 0000000000012338     ed3c m 000000000001e2e8 0000000000012312  c.sd     x15, 0x58(x10)
#408 0 000000000001233a 53850713 r 000000000000000e 000000000001e7c8  addi     x14, x10, 1336
#409 0 000000000001233e     478d r 000000000000000f 0000000000000003  c.li     x15, 0x3
#410 0 0000000000012340 52e53823 m 000000000001e7c0 000000000001e7c8  sd       x14, 0x530(x10)
#411 0 0000000000012344 52f52423 m 000000000001e7b8 0000000000000003  sw       x15, 0x528(x10)
#412 0 0000000000012348 52053023 m 000000000001e7b0 0000000000000000  sd       x0, 0x520(x10)
#413 0 000000000001234c     4791 r 000000000000000f 0000000000000004  c.li     x15, 0x4
#414 0 000000000001234e     892a r 0000000000000012 000000000001e290  c.mv     x18, x10
#415 0 0000000000012350     c81c m 000000000001e7d8 0000000000000004  c.sw     x15, 0x10(x8)
#416 0 0000000000012352     4621 r 000000000000000c 0000000000000008  c.li     x12, 0x8
#417 0 0000000000012354     4581 r 000000000000000b 0000000000000000  c.li     x11, 0x0
#418 0 0000000000012356 0a042623 m 000000000001e874 0000000000000000  sw       x0, 0xac(x8)
#419 0 000000000001235a 00043023 m 000000000001e7c8 0000000000000000  sd       x0, 0x0(x8)
#420 0 000000000001235e 00043423 m 000000000001e7d0 0000000000000000  sd       x0, 0x8(x8)
#421 0 0000000000012362 00043c23 m 000000000001e7e0 0000000000000000  sd       x0, 0x18(x8)
#422 0 0000000000012366 02042023 m 000000000001e7e8 0000000000000000  sw       x0, 0x20(x8)
#423 0 000000000001236a 02042423 m 000000000001e7f0 0000000000000000  sw       x0, 0x28(x8)
#424 0 000000000001236e 0a440513 r 000000000000000a 000000000001e86c  addi     x10, x8, 164
#425 0 0000000000012372 eddfd0ef r 0000000000000001 0000000000012376  jal      x1, . - 0x2124
#426 0 000000000001024e     433d r 0000000000000006 000000000000000f  c.li     x6, 0xf
#427 0 0000000000010250     872a r 000000000000000e 000000000001e86c  c.mv     x14, x10
#428 0 0000000000010252 02c37163 r 0000000000000000 0000000000000000  bgeu     x6, x12, . + 0x22
#429 0 0000000000010274 40c306b3 r 000000000000000d 0000000000000007  sub      x13, x6, x12
#430 0 0000000000010278     068a r 000000000000000d 000000000000001c  c.slli   x13, 2
#431 0 000000000001027a 00000297 r 0000000000000005 000000000001027a  auipc    x5, 0x0
#432 0 000000000001027e     9696 r 000000000000000d 0000000000010296  c.add    x13, x5
#433 0 0000000000010280 00a68067 r 0000000000000000 0000000000000000  jalr     x0, 0xa(x13)
#434 0 00000000000102a0 00b703a3 m 000000000001e873 0000000000000000  sb       x11, 0x7(x14)
#435 0 00000000000102a4 00b70323 m 000000000001e872 0000000000000000  sb       x11, 0x6(x14)
#436 0 00000000000102a8 00b702a3 m 000000000001e871 0000000000000000  sb       x11, 0x5(x14)
#437 0 00000000000102ac 00b70223 m 000000000001e870 0000000000000000  sb       x11, 0x4(x14)
#438 0 00000000000102b0 00b701a3 m 000000000001e86f 0000000000000000  sb       x11, 0x3(x14)
#439 0 00000000000102b4 00b70123 m 000000000001e86e 0000000000000000  sb       x11, 0x2(x14)
#440 0 00000000000102b8 00b700a3 m 000000000001e86d 0000000000000000  sb       x11, 0x1(x14)
#441 0 00000000000102bc 00b70023 m 000000000001e86c 0000000000000000  sb       x11, 0x0(x14)
#442 0 00000000000102c0     8082 r 0000000000000000 0000000000000000  c.jr     x1
#443 0 0000000000012376     6b59 r 0000000000000016 0000000000016000  c.lui    x22, 0x16
#444 0 0000000000012378 01093483 r 0000000000000009 000000000001e878  ld       x9, 0x10(x18)
#445 0 000000000001237c     6ad9 r 0000000000000015 0000000000016000  c.lui    x21, 0x16
#446 0 000000000001237e     6a59 r 0000000000000014 0000000000016000  c.lui    x20, 0x16
#447 0 0000000000012380     69d9 r 0000000000000013 0000000000016000  c.lui    x19, 0x16
#448 0 0000000000012382 188b0b13 r 0000000000000016 0000000000016188  addi     x22, x22, 392
#449 0 0000000000012386 1c4a8a93 r 0000000000000015 00000000000161c4  addi     x21, x21, 452
#450 0 000000000001238a 218a0a13 r 0000000000000014 0000000000016218  addi     x20, x20, 536
#451 0 000000000001238e 25a98993 r 0000000000000013 000000000001625a  addi     x19, x19, 602
#452 0 0000000000012392     67c1 r 000000000000000f 0000000000010000  c.lui    x15, 0x10
#453 0 0000000000012394 03643c23 m 000000000001e800 0000000000016188  sd       x22, 0x38(x8)
#454 0 0000000000012398 05543023 m 000000000001e808 00000000000161c4  sd       x21, 0x40(x8)
#455 0 000000000001239c 05443423 m 000000000001e810 0000000000016218  sd       x20, 0x48(x8)
#456 0 00000000000123a0 05343823 m 000000000001e818 000000000001625a  sd       x19, 0x50(x8)
#457 0 00000000000123a4     f800 m 000000000001e7f8 000000000001e7c8  c.sd     x8, 0x30(x8)
#458 0 00000000000123a6     07a5 r 000000000000000f 0000000000010009  c.addi   x15, 0x9
#459 0 00000000000123a8     c89c m 000000000001e888 0000000000010009  c.sw     x15, 0x10(x9)
#460 0 00000000000123aa     4621 r 000000000000000c 0000000000000008  c.li     x12, 0x8
#461 0 00000000000123ac     4581 r 000000000000000b 0000000000000000  c.li     x11, 0x0
#462 0 00000000000123ae 0a04a623 m 000000000001e924 0000000000000000  sw       x0, 0xac(x9)
#463 0 00000000000123b2 0004b023 m 000000000001e878 0000000000000000  sd       x0, 0x0(x9)
#464 0 00000000000123b6 0004b423 m 000000000001e880 0000000000000000  sd       x0, 0x8(x9)
#465 0 00000000000123ba 0004bc23 m 000000000001e890 0000000000000000  sd       x0, 0x18(x9)
#466 0 00000000000123be 0204a023 m 000000000001e898 0000000000000000  sw       x0, 0x20(x9)
#467 0 00000000000123c2 0204a423 m 000000000001e8a0 0000000000000000  sw       x0, 0x28(x9)
#468 0 00000000000123c6 0a448513 r 000000000000000a 000000000001e91c  addi     x10, x9, 164
#469 0 00000000000123ca e85fd0ef r 0000000000000001 00000000000123ce  jal      x1, . - 0x217c
#470 0 000000000001024e     433d r 0000000000000006 000000000000000f  c.li     x6, 0xf
#471 0 0000000000010250     872a r 000000000000000e 000000000001e91c  c.mv     x14, x10
#472 0 0000000000010252 02c37163 r 0000000000000000 0000000000000000  bgeu     x6, x12, . + 0x22
#473 0 0000000000010274 40c306b3 r 000000000000000d 0000000000000007  sub      x13, x6, x12
#474 0 0000000000010278     068a r 000000000000000d 000000000000001c  c.slli   x13, 2
#475 0 000000000001027a 00000297 r 0000000000000005 000000000001027a  auipc    x5, 0x0
#476 0 000000000001027e     9696 r 000000000000000d 0000000000010296  c.add    x13, x5
#477 0 0000000000010280 00a68067 r 0000000000000000 0000000000000000  jalr     x0, 0xa(x13)
#478 0 00000000000102a0 00b703a3 m 000000000001e923 0000000000000000  sb       x11, 0x7(x14)
#479 0 00000000000102a4 00b70323 m 000000000001e922 0000000000000000  sb       x11, 0x6(x14)
#480 0 00000000000102a8 00b702a3 m 000000000001e921 0000000000000000  sb       x11, 0x5(x14)
#481 0 00000000000102ac 00b70223 m 000000000001e920 0000000000000000  sb       x11, 0x4(x14)
#482 0 00000000000102b0 00b701a3 m 000000000001e91f 0000000000000000  sb       x11, 0x3(x14)
#483 0 00000000000102b4 00b70123 m 000000000001e91e 0000000000000000  sb       x11, 0x2(x14)
#484 0 00000000000102b8 00b700a3 m 000000000001e91d 0000000000000000  sb       x11, 0x1(x14)
#485 0 00000000000102bc 00b70023 m 000000000001e91c 0000000000000000  sb       x11, 0x0(x14)
#486 0 00000000000102c0     8082 r 0000000000000000 0000000000000000  c.jr     x1
#487 0 00000000000123ce 01893403 r 0000000000000008 000000000001e928  ld       x8, 0x18(x18)
#488 0 00000000000123d2 000207b7 r 000000000000000f 0000000000020000  lui      x15, 0x20
#489 0 00000000000123d6 0364bc23 m 000000000001e8b0 0000000000016188  sd       x22, 0x38(x9)
#490 0 00000000000123da 0554b023 m 000000000001e8b8 00000000000161c4  sd       x21, 0x40(x9)
#491 0 00000000000123de 0544b423 m 000000000001e8c0 0000000000016218  sd       x20, 0x48(x9)
#492 0 00000000000123e2 0534b823 m 000000000001e8c8 000000000001625a  sd       x19, 0x50(x9)
#493 0 00000000000123e6     f884 m 000000000001e8a8 000000000001e878  c.sd     x9, 0x30(x9)
#494 0 00000000000123e8     07c9 r 000000000000000f 0000000000020012  c.addi   x15, 0x12
#495 0 00000000000123ea     c81c m 000000000001e938 0000000000020012  c.sw     x15, 0x10(x8)
#496 0 00000000000123ec 0a042623 m 000000000001e9d4 0000000000000000  sw       x0, 0xac(x8)
#497 0 00000000000123f0 00043023 m 000000000001e928 0000000000000000  sd       x0, 0x0(x8)
#498 0 00000000000123f4 00043423 m 000000000001e930 0000000000000000  sd       x0, 0x8(x8)
#499 0 00000000000123f8 00043c23 m 000000000001e940 0000000000000000  sd       x0, 0x18(x8)
#500 0 00000000000123fc 02042023 m 000000000001e948 0000000000000000  sw       x0, 0x20(x8)
#501 0 0000000000012400 02042423 m 000000000001e950 0000000000000000  sw       x0, 0x28(x8)
#502 0 0000000000012404 0a440513 r 000000000000000a 000000000001e9cc  addi     x10, x8, 164
#503 0 0000000000012408     4621 r 000000000000000c 0000000000000008  c.li     x12, 0x8
#504 0 000000000001240a     4581 r 000000000000000b 0000000000000000  c.li     x11, 0x0
#505 0 000000000001240c e43fd0ef r 0000000000000001 0000000000012410  jal      x1, . - 0x21be
#506 0 000000000001024e     433d r 0000000000000006 000000000000000f  c.li     x6, 0xf
#507 0 0000000000010250     872a r 000000000000000e 000000000001e9cc  c.mv     x14, x10
#508 0 0000000000010252 02c37163 r 0000000000000000 0000000000000000  bgeu     x6, x12, . + 0x22
#509 0 0000000000010274 40c306b3 r 000000000000000d 0000000000000007  sub      x13, x6, x12
#510 0 0000000000010278     068a r 000000000000000d 000000000000001c  c.slli   x13, 2
#511 0 000000000001027a 00000297 r 0000000000000005 000000000001027a  auipc    x5, 0x0
#512 0 000000000001027e     9696 r 000000000000000d 0000000000010296  c.add    x13, x5
#513 0 0000000000010280 00a68067 r 0000000000000000 0000000000000000  jalr     x0, 0xa(x13)
#514 0 00000000000102a0 00b703a3 m 000000000001e9d3 0000000000000000  sb       x11, 0x7(x14)
#515 0 00000000000102a4 00b70323 m 000000000001e9d2 0000000000000000  sb       x11, 0x6(x14)
#516 0 00000000000102a8 00b702a3 m 000000000001e9d1 0000000000000000  sb       x11, 0x5(x14)
#517 0 00000000000102ac 00b70223 m 000000000001e9d0 0000000000000000  sb       x11, 0x4(x14)
#518 0 00000000000102b0 00b701a3 m 000000000001e9cf 0000000000000000  sb       x11, 0x3(x14)
#519 0 00000000000102b4 00b70123 m 000000000001e9ce 0000000000000000  sb       x11, 0x2(x14)
#520 0 00000000000102b8 00b700a3 m 000000000001e9cd 0000000000000000  sb       x11, 0x1(x14)
#521 0 00000000000102bc 00b70023 m 000000000001e9cc 0000000000000000  sb       x11, 0x0(x14)
#522 0 00000000000102c0     8082 r 0000000000000000 0000000000000000  c.jr     x1
#523 0 0000000000012410     70e2 r 0000000000000001 0000000000010ada  c.ldsp   x1, 0x38
#524 0 0000000000012412 03643c23 m 000000000001e960 0000000000016188  sd       x22, 0x38(x8)
#525 0 0000000000012416 05543023 m 000000000001e968 00000000000161c4  sd       x21, 0x40(x8)
#526 0 000000000001241a 05443423 m 000000000001e970 0000000000016218  sd       x20, 0x48(x8)
#527 0 000000000001241e 05343823 m 000000000001e978 000000000001625a  sd       x19, 0x50(x8)
#528 0 0000000000012422     f800 m 000000000001e958 000000000001e928  c.sd     x8, 0x30(x8)
#529 0 0000000000012424     7442 r 0000000000000008 00000000ffffff50  c.ldsp   x8, 0x30
#530 0 0000000000012426     4785 r 000000000000000f 0000000000000001  c.li     x15, 0x1
#531 0 0000000000012428 04f92823 m 000000000001e2e0 0000000000000001  sw       x15, 0x50(x18)
#532 0 000000000001242c     74a2 r 0000000000000009 0000000000000000  c.ldsp   x9, 0x28
#533 0 000000000001242e     7902 r 0000000000000012 000000000001e878  c.ldsp   x18, 0x20
#534 0 0000000000012430     69e2 r 0000000000000013 0000000000000000  c.ldsp   x19, 0x18
#535 0 0000000000012432     6a42 r 0000000000000014 000000000001e290  c.ldsp   x20, 0x10
#536 0 0000000000012434     6aa2 r 0000000000000015 0000000000000000  c.ldsp   x21, 0x8
#537 0 0000000000012436     6b02 r 0000000000000016 0000000000000000  c.ldsp   x22, 0x0
#538 0 0000000000012438     6121 r 0000000000000002 00000000fffff2f0  c.addi16sp 0x4
#539 0 000000000001243a     8082 r 0000000000000000 0000000000000000  c.jr     x1
#540 0 0000000000010ada     b0f1 r 0000000000000000 0000000000000000  c.j      . - 0x734
#541 0 00000000000103a6 01091703 r 000000000000000e 0000000000000009  lh       x14, 0x10(x18)
#542 0 00000000000103aa     6689 r 000000000000000d 0000000000002000  c.lui    x13, 0x2
#543 0 00000000000103ac 03071793 r 000000000000000f 0009000000000000  slli     x15, x14, 48
#544 0 00000000000103b0     93c1 r 000000000000000f 0000000000000009  c.srli   x15, 0x30
#545 0 00000000000103b2 00d7f633 r 000000000000000c 0000000000000000  and      x12, x15, x13
#546 0 00000000000103b6     e215 r 0000000000000000 0000000000000000  c.bnez   x12, . + 0x24
#547 0 00000000000103b8 0ac92603 r 000000000000000c 0000000000000000  lw       x12, 0xac(x18)
#548 0 00000000000103bc 00d767b3 r 000000000000000f 0000000000002009  or       x15, x14, x13
#549 0 00000000000103c0 0107979b r 000000000000000f 0000000020090000  slliw    x15, x15, 16
#550 0 00000000000103c4     7779 r 000000000000000e ffffffffffffe000  c.lui    x14, 0xffffe
#551 0 00000000000103c6 4107d79b r 000000000000000f 0000000000002009  sraiw    x15, x15, 16
#552 0 00000000000103ca     177d r 000000000000000e ffffffffffffdfff  c.addi   x14, -0x1
#553 0 00000000000103cc     8f71 r 000000000000000e 0000000000000000  c.and    x14, x12
#554 0 00000000000103ce 00f91823 m 000000000001e888 0000000000002009  sh       x15, 0x10(x18)
#555 0 00000000000103d2     17c2 r 000000000000000f 2009000000000000  c.slli   x15, 48
#556 0 00000000000103d4 0ae92623 m 000000000001e924 0000000000000000  sw       x14, 0xac(x18)
#557 0 00000000000103d8     93c1 r 000000000000000f 0000000000002009  c.srli   x15, 0x30
#558 0 00000000000103da 0087f713 r 000000000000000e 0000000000000008  andi     x14, x15, 8
#559 0 00000000000103de 26070a63 r 0000000000000000 0000000000000000  beq      x14, x0, . + 0x274
#560 0 00000000000103e2 01893703 r 000000000000000e 0000000000000000  ld       x14, 0x18(x18)
#561 0 00000000000103e6 26070663 r 0000000000000000 0000000000000000  beq      x14, x0, . + 0x26c
#562 0 0000000000010652     85ca r 000000000000000b 000000000001e878  c.mv     x11, x18
#563 0 0000000000010654     8552 r 000000000000000a 000000000001e290  c.mv     x10, x20
#564 0 0000000000010656 0ed010ef r 0000000000000001 000000000001065a  jal      x1, . + 0x18ec
#565 0 0000000000011f42 7581b783 r 000000000000000f 000000000001e290  ld       x15, 0x758(x3)
#566 0 0000000000011f46     1101 r 0000000000000002 00000000fffff2d0  c.addi   x2, -0x20
#567 0 0000000000011f48     e822 m 00000000fffff2e0 00000000ffffff50  c.sdsp   x8, 0x10
#568 0 0000000000011f4a     e426 m 00000000fffff2d8 0000000000000000  c.sdsp   x9, 0x8
#569 0 0000000000011f4c     ec06 m 00000000fffff2e8 000000000001065a  c.sdsp   x1, 0x18
#570 0 0000000000011f4e     84aa r 0000000000000009 000000000001e290  c.mv     x9, x10
#571 0 0000000000011f50     842e r 0000000000000008 000000000001e878  c.mv     x8, x11
#572 0 0000000000011f52     c399 r 0000000000000000 0000000000000000  c.beqz   x15, . + 0x6
#573 0 0000000000011f54     4bb8 r 000000000000000e 0000000000000001  c.lw     x14, 0x50(x15)
#574 0 0000000000011f56     cf21 r 0000000000000000 0000000000000000  c.beqz   x14, . + 0x58
#575 0 0000000000011f58 01041703 r 000000000000000e 0000000000002009  lh       x14, 0x10(x8)
#576 0 0000000000011f5c 03071793 r 000000000000000f 2009000000000000  slli     x15, x14, 48
#577 0 0000000000011f60 00877693 r 000000000000000d 0000000000000008  andi     x13, x14, 8
#578 0 0000000000011f64     93c1 r 000000000000000f 0000000000002009  c.srli   x15, 0x30
#579 0 0000000000011f66     ceb9 r 0000000000000000 0000000000000000  c.beqz   x13, . + 0x5e
#580 0 0000000000011f68     6c14 r 000000000000000d 0000000000000000  c.ld     x13, 0x18(x8)
#581 0 0000000000011f6a     cabd r 0000000000000000 0000000000000000  c.beqz   x13, . + 0x76
#582 0 0000000000011fe0 2807f613 r 000000000000000c 0000000000000000  andi     x12, x15, 640
#583 0 0000000000011fe4 20000593 r 000000000000000b 0000000000000200  addi     x11, x0, 512
#584 0 0000000000011fe8 f8b602e3 r 0000000000000000 0000000000000000  beq      x12, x11, . - 0x7c
#585 0 0000000000011fec     85a2 r 000000000000000b 000000000001e878  c.mv     x11, x8
#586 0 0000000000011fee     8526 r 000000000000000a 000000000001e290  c.mv     x10, x9
#587 0 0000000000011ff0 33b020ef r 0000000000000001 0000000000011ff4  jal      x1, . + 0x2b3a
#588 0 0000000000014b2a 0105d783 r 000000000000000f 0000000000002009  lhu      x15, 0x10(x11)
#589 0 0000000000014b2e     7135 r 0000000000000002 00000000fffff230  c.addi16sp -0xa
#590 0 0000000000014b30     e922 m 00000000fffff2c0 000000000001e878  c.sdsp   x8, 0x90
#591 0 0000000000014b32     ed06 m 00000000fffff2c8 0000000000011ff4  c.sdsp   x1, 0x98
#592 0 0000000000014b34     e526 m 00000000fffff2b8 000000000001e290  c.sdsp   x9, 0x88
#593 0 0000000000014b36     e14a m 00000000fffff2b0 000000000001e878  c.sdsp   x18, 0x80
#594 0 0000000000014b38     fcce m 00000000fffff2a8 0000000000000000  c.sdsp   x19, 0x78
#595 0 0000000000014b3a     f8d2 m 00000000fffff2a0 000000000001e290  c.sdsp   x20, 0x70
#596 0 0000000000014b3c 0027f713 r 000000000000000e 0000000000000000  andi     x14, x15, 2
#597 0 0000000000014b40     842e r 0000000000000008 000000000001e878  c.mv     x8, x11
#598 0 0000000000014b42     cf19 r 0000000000000000 0000000000000000  c.beqz   x14, . + 0x1e
#599 0 0000000000014b60 01259583 r 000000000000000b 0000000000000001  lh       x11, 0x12(x11)
#600 0 0000000000014b64     84aa r 0000000000000009 000000000001e290  c.mv     x9, x10
#601 0 0000000000014b66 0605c863 r 0000000000000000 0000000000000000  blt      x11, x0, . + 0x70
#602 0 0000000000014b6a     0030 r 000000000000000c 00000000fffff238  c.addi4spn  x12, 0x2
#603 0 0000000000014b6c 636040ef r 0000000000000001 0000000000014b70  jal      x1, . + 0x4636
#604 0 00000000000191a2     1101 r 0000000000000002 00000000fffff210  c.addi   x2, -0x20
#605 0 00000000000191a4     872e r 000000000000000e 0000000000000001  c.mv     x14, x11
#606 0 00000000000191a6     e822 m 00000000fffff220 000000000001e878  c.sdsp   x8, 0x10
#607 0 00000000000191a8     e426 m 00000000fffff218 000000000001e290  c.sdsp   x9, 0x8
#608 0 00000000000191aa     842a r 0000000000000008 000000000001e290  c.mv     x8, x10
#609 0 00000000000191ac     85b2 r 000000000000000b 00000000fffff238  c.mv     x11, x12
#610 0 00000000000191ae     853a r 000000000000000a 0000000000000001  c.mv     x10, x14
#611 0 00000000000191b0     ec06 m 00000000fffff228 0000000000014b70  c.sdsp   x1, 0x18
#612 0 00000000000191b2 7801a823 m 000000000001f408 0000000000000000  sw       x0, 0x790(x3)
#613 0 00000000000191b6 4e7010ef r 0000000000000001 00000000000191ba  jal      x1, . + 0x1ce6
#614 0 000000000001ae9c     7135 r 0000000000000002 00000000fffff170  c.addi16sp -0xa
#615 0 000000000001ae9e     e526 m 00000000fffff1f8 000000000001e290  c.sdsp   x9, 0x88
#616 0 000000000001aea0     ed06 m 00000000fffff208 00000000000191ba  c.sdsp   x1, 0x98
#617 0 000000000001aea2     84ae r 0000000000000009 00000000fffff238  c.mv     x9, x11
#618 0 000000000001aea4     e922 m 00000000fffff200 000000000001e290  c.sdsp   x8, 0x90
#619 0 000000000001aea6 05000893 r 0000000000000011 0000000000000050  addi     x17, x0, 80
#620 0 000000000001aeaa     858a r 000000000000000b 00000000fffff170  c.mv     x11, x2
#621 0 000000000001aeac 00000073 r 000000000000000a 0000000000000000  ecall    
#622 0 000000000001aeb0     842a r 0000000000000008 0000000000000000  c.mv     x8, x10
#623 0 000000000001aeb2 00054e63 r 0000000000000000 0000000000000000  blt      x10, x0, . + 0x1c
#624 0 000000000001aeb6 0005041b r 0000000000000008 0000000000000000  addiw    x8, x10, 0
#625 0 000000000001aeba     8526 r 000000000000000a 00000000fffff238  c.mv     x10, x9
#626 0 000000000001aebc     858a r 000000000000000b 00000000fffff170  c.mv     x11, x2
#627 0 000000000001aebe 134000ef r 0000000000000001 000000000001aec2  jal      x1, . + 0x134
#628 0 000000000001aff2 0005b383 r 0000000000000007 0000000000000015  ld       x7, 0x0(x11)
#629 0 000000000001aff6 0085b283 r 0000000000000005 000000000000000b  ld       x5, 0x8(x11)
#630 0 000000000001affa 0105af83 r 000000000000001f 0000000000002190  lw       x31, 0x10(x11)
#631 0 000000000001affe 0145af03 r 000000000000001e 0000000000000001  lw       x30, 0x14(x11)
#632 0 000000000001b002 0185ae83 r 000000000000001d 00000000000003e8  lw       x29, 0x18(x11)
#633 0 000000000001b006 01c5ae03 r 000000000000001c 0000000000000005  lw       x28, 0x1c(x11)
#634 0 000000000001b00a 0205b303 r 0000000000000006 0000000000008808  ld       x6, 0x20(x11)
#635 0 000000000001b00e 0305b883 r 0000000000000011 0000000000000000  ld       x17, 0x30(x11)
#636 0 000000000001b012 0405b803 r 0000000000000010 0000000000000000  ld       x16, 0x40(x11)
#637 0 000000000001b016     5d90 r 000000000000000c 0000000000000400  c.lw     x12, 0x38(x11)
#638 0 000000000001b018     65b4 r 000000000000000d 0000000062a1c593  c.ld     x13, 0x48(x11)
#639 0 000000000001b01a     6db8 r 000000000000000e 0000000062a1c593  c.ld     x14, 0x58(x11)
#640 0 000000000001b01c     75bc r 000000000000000f 0000000062a180a5  c.ld     x15, 0x68(x11)
#641 0 000000000001b01e 00751023 m 00000000fffff238 0000000000000015  sh       x7, 0x0(x10)
#642 0 000000000001b022 00551123 m 00000000fffff23a 000000000000000b  sh       x5, 0x2(x10)
#643 0 000000000001b026 01f52223 m 00000000fffff23c 0000000000002190  sw       x31, 0x4(x10)
#644 0 000000000001b02a 01e51423 m 00000000fffff240 0000000000000001  sh       x30, 0x8(x10)
#645 0 000000000001b02e 01d51523 m 00000000fffff242 00000000000003e8  sh       x29, 0xa(x10)
#646 0 000000000001b032 01c51623 m 00000000fffff244 0000000000000005  sh       x28, 0xc(x10)
#647 0 000000000001b036 00651723 m 00000000fffff246 0000000000008808  sh       x6, 0xe(x10)
#648 0 000000000001b03a 01153823 m 00000000fffff248 0000000000000000  sd       x17, 0x10(x10)
#649 0 000000000001b03e 05053823 m 00000000fffff288 0000000000000000  sd       x16, 0x50(x10)
#650 0 000000000001b042     e530 m 00000000fffff280 0000000000000400  c.sd     x12, 0x48(x10)
#651 0 000000000001b044     ed14 m 00000000fffff250 0000000062a1c593  c.sd     x13, 0x18(x10)
#652 0 000000000001b046     f518 m 00000000fffff260 0000000062a1c593  c.sd     x14, 0x28(x10)
#653 0 000000000001b048     fd1c m 00000000fffff270 0000000062a180a5  c.sd     x15, 0x38(x10)
#654 0 000000000001b04a     8082 r 0000000000000000 0000000000000000  c.jr     x1
#655 0 000000000001aec2     60ea r 0000000000000001 00000000000191ba  c.ldsp   x1, 0x98
#656 0 000000000001aec4     8522 r 000000000000000a 0000000000000000  c.mv     x10, x8
#657 0 000000000001aec6     644a r 0000000000000008 000000000001e290  c.ldsp   x8, 0x90
#658 0 000000000001aec8     64aa r 0000000000000009 000000000001e290  c.ldsp   x9, 0x88
#659 0 000000000001aeca     610d r 0000000000000002 00000000fffff210  c.addi16sp 0xa
#660 0 000000000001aecc     8082 r 0000000000000000 0000000000000000  c.jr     x1
#661 0 00000000000191ba     57fd r 000000000000000f ffffffffffffffff  c.li     x15, -0x1
#662 0 00000000000191bc 00f50763 r 0000000000000000 0000000000000000  beq      x10, x15, . + 0xe
#663 0 00000000000191c0     60e2 r 0000000000000001 0000000000014b70  c.ldsp   x1, 0x18
#664 0 00000000000191c2     6442 r 0000000000000008 000000000001e878  c.ldsp   x8, 0x10
#665 0 00000000000191c4     64a2 r 0000000000000009 000000000001e290  c.ldsp   x9, 0x8
#666 0 00000000000191c6     6105 r 0000000000000002 00000000fffff230  c.addi16sp 0x2
#667 0 00000000000191c8     8082 r 0000000000000000 0000000000000000  c.jr     x1
#668 0 0000000000014b70 06054163 r 0000000000000000 0000000000000000  blt      x10, x0, . + 0x62
#669 0 0000000000014b74     4932 r 0000000000000012 0000000000002190  c.lwsp   x18, 0xc
#670 0 0000000000014b76     67bd r 000000000000000f 000000000000f000  c.lui    x15, 0xf
#671 0 0000000000014b78 40000a13 r 0000000000000014 0000000000000400  addi     x20, x0, 1024
#672 0 0000000000014b7c 00f97933 r 0000000000000012 0000000000002000  and      x18, x18, x15
#673 0 0000000000014b80     6789 r 000000000000000f 0000000000002000  c.lui    x15, 0x2
#674 0 0000000000014b82 40f90933 r 0000000000000012 0000000000000000  sub      x18, x18, x15
#675 0 0000000000014b86     6785 r 000000000000000f 0000000000001000  c.lui    x15, 0x1
#676 0 0000000000014b88 00193913 r 0000000000000012 0000000000000001  sltiu    x18, x18, 1
#677 0 0000000000014b8c 80078993 r 0000000000000013 0000000000000800  addi     x19, x15, -2048
#678 0 0000000000014b90     85d2 r 000000000000000b 0000000000000400  c.mv     x11, x20
#679 0 0000000000014b92     8526 r 000000000000000a 000000000001e290  c.mv     x10, x9
#680 0 0000000000014b94 12c000ef r 0000000000000001 0000000000014b98  jal      x1, . + 0x12c
#681 0 0000000000014cc0     711d r 0000000000000002 00000000fffff1d0  c.addi16sp -0x6
#682 0 0000000000014cc2     e4a6 m 00000000fffff218 000000000001e290  c.sdsp   x9, 0x48
#683 0 0000000000014cc4     e0ca m 00000000fffff210 0000000000000001  c.sdsp   x18, 0x40
#684 0 0000000000014cc6     ec86 m 00000000fffff228 0000000000014b98  c.sdsp   x1, 0x58
#685 0 0000000000014cc8     e8a2 m 00000000fffff220 000000000001e878  c.sdsp   x8, 0x50
#686 0 0000000000014cca     fc4e m 00000000fffff208 0000000000000800  c.sdsp   x19, 0x38
#687 0 0000000000014ccc     f852 m 00000000fffff200 0000000000000400  c.sdsp   x20, 0x30
#688 0 0000000000014cce     f456 m 00000000fffff1f8 0000000000000000  c.sdsp   x21, 0x28
#689 0 0000000000014cd0     f05a m 00000000fffff1f0 0000000000000000  c.sdsp   x22, 0x20
#690 0 0000000000014cd2     ec5e m 00000000fffff1e8 0000000000000000  c.sdsp   x23, 0x18
#691 0 0000000000014cd4     e862 m 00000000fffff1e0 0000000000000000  c.sdsp   x24, 0x10
#692 0 0000000000014cd6     e466 m 00000000fffff1d8 000000000001c460  c.sdsp   x25, 0x8
#693 0 0000000000014cd8 01758493 r 0000000000000009 0000000000000417  addi     x9, x11, 23
#694 0 0000000000014cdc 02e00793 r 000000000000000f 000000000000002e  addi     x15, x0, 46
#695 0 0000000000014ce0     892a r 0000000000000012 000000000001e290  c.mv     x18, x10
#696 0 0000000000014ce2 0497e863 r 0000000000000000 0000000000000000  bltu     x15, x9, . + 0x50
#697 0 0000000000014d32 800007b7 r 000000000000000f ffffffff80000000  lui      x15, -0x80000
#698 0 0000000000014d36     98c1 r 0000000000000009 0000000000000410  c.andi   x9, -0x10
#699 0 0000000000014d38 fff7c793 r 000000000000000f 000000007fffffff  xori     x15, x15, -1
#700 0 0000000000014d3c 1897eb63 r 0000000000000000 0000000000000000  bltu     x15, x9, . + 0x196
#701 0 0000000000014d40 18b4e963 r 0000000000000000 0000000000000000  bltu     x9, x11, . + 0x192
#702 0 0000000000014d44 672000ef r 0000000000000001 0000000000014d48  jal      x1, . + 0x672
#703 0 00000000000153b6     8082 r 0000000000000000 0000000000000000  c.jr     x1
#704 0 0000000000014d48 1f700793 r 000000000000000f 00000000000001f7  addi     x15, x0, 503
#705 0 0000000000014d4c 3a97f363 r 0000000000000000 0000000000000000  bgeu     x15, x9, . + 0x3a6
#706 0 0000000000014d50 0094d793 r 000000000000000f 0000000000000002  srli     x15, x9, 9
#707 0 0000000000014d54 26078f63 r 0000000000000000 0000000000000000  beq      x15, x0, . + 0x27e
#708 0 0000000000014d58     4711 r 000000000000000e 0000000000000004  c.li     x14, 0x4
#709 0 0000000000014d5a 30f76363 r 0000000000000000 0000000000000000  bltu     x14, x15, . + 0x306
#710 0 0000000000014d5e 0064d793 r 000000000000000f 0000000000000010  srli     x15, x9, 6
#711 0 0000000000014d62 0397861b r 000000000000000c 0000000000000049  addiw    x12, x15, 57
#712 0 0000000000014d66 0016169b r 000000000000000d 0000000000000092  slliw    x13, x12, 1
#713 0 0000000000014d6a 0387851b r 000000000000000a 0000000000000048  addiw    x10, x15, 56
#714 0 0000000000014d6e     068e r 000000000000000d 0000000000000490  c.slli   x13, 3
#715 0 0000000000014d70 0001f9b7 r 0000000000000013 000000000001f000  lui      x19, 0x1f
#716 0 0000000000014d74 b8098993 r 0000000000000013 000000000001eb80  addi     x19, x19, -1152
#717 0 0000000000014d78     96ce r 000000000000000d 000000000001f010  c.add    x13, x19
#718 0 0000000000014d7a     6680 r 0000000000000008 000000000001f000  c.ld     x8, 0x8(x13)
#719 0 0000000000014d7c     16c1 r 000000000000000d 000000000001f000  c.addi   x13, -0x10
#720 0 0000000000014d7e 16868f63 r 0000000000000000 0000000000000000  beq      x13, x8, . + 0x17e
#721 0 0000000000014efc 0209b403 r 0000000000000008 000000000001eb90  ld       x8, 0x20(x19)
#722 0 0000000000014f00 0001f837 r 0000000000000010 000000000001f000  lui      x16, 0x1f
#723 0 0000000000014f04 b9080813 r 0000000000000010 000000000001eb90  addi     x16, x16, -1136
#724 0 0000000000014f08 eb0403e3 r 0000000000000000 0000000000000000  beq      x8, x16, . - 0x15a
#725 0 0000000000014dae 0089b783 r 000000000000000f 0000000000000000  ld       x15, 0x8(x19)
#726 0 0000000000014db2 4026571b r 000000000000000e 0000000000000012  sraiw    x14, x12, 2
#727 0 0000000000014db6     4585 r 000000000000000b 0000000000000001  c.li     x11, 0x1
#728 0 0000000000014db8 00e595b3 r 000000000000000b 0000000000040000  sll      x11, x11, x14
#729 0 0000000000014dbc 1ab7f863 r 0000000000000000 0000000000000000  bgeu     x15, x11, . + 0x1b0
#730 0 0000000000014dc0 0109b403 r 0000000000000008 000000000001eb80  ld       x8, 0x10(x19)
#731 0 0000000000014dc4 00843a03 r 0000000000000014 0000000000000000  ld       x20, 0x8(x8)
#732 0 0000000000014dc8 ffca7a93 r 0000000000000015 0000000000000000  andi     x21, x20, -4
#733 0 0000000000014dcc 009ae763 r 0000000000000000 0000000000000000  bltu     x21, x9, . + 0xe
#734 0 0000000000014dda 7881ba03 r 0000000000000014 0000000000000000  ld       x20, 0x788(x3)
#735 0 0000000000014dde 7601b703 r 000000000000000e ffffffffffffffff  ld       x14, 0x760(x3)
#736 0 0000000000014de2     57fd r 000000000000000f ffffffffffffffff  c.li     x15, -0x1
#737 0 0000000000014de4 01540c33 r 0000000000000018 000000000001eb80  add      x24, x8, x21
#738 0 0000000000014de8     9a26 r 0000000000000014 0000000000000410  c.add    x20, x9
#739 0 0000000000014dea 3af70263 r 0000000000000000 0000000000000000  beq      x14, x15, . + 0x3a4
#740 0 000000000001518e 020a0a13 r 0000000000000014 0000000000000430  addi     x20, x20, 32
#741 0 0000000000015192     b1a5 r 0000000000000000 0000000000000000  c.j      . - 0x398
#742 0 0000000000014dfa     85d2 r 000000000000000b 0000000000000430  c.mv     x11, x20
#743 0 0000000000014dfc     854a r 000000000000000a 000000000001e290  c.mv     x10, x18
#744 0 0000000000014dfe 24c010ef r 0000000000000001 0000000000014e02  jal      x1, . + 0x124c
#745 0 000000000001604a     1101 r 0000000000000002 00000000fffff1b0  c.addi   x2, -0x20
#746 0 000000000001604c     e822 m 00000000fffff1c0 000000000001eb80  c.sdsp   x8, 0x10
#747 0 000000000001604e     e426 m 00000000fffff1b8 0000000000000410  c.sdsp   x9, 0x8
#748 0 0000000000016050     842a r 0000000000000008 000000000001e290  c.mv     x8, x10
#749 0 0000000000016052     852e r 000000000000000a 0000000000000430  c.mv     x10, x11
#750 0 0000000000016054     ec06 m 00000000fffff1c8 0000000000014e02  c.sdsp   x1, 0x18
#751 0 0000000000016056 7801a823 m 000000000001f408 0000000000000000  sw       x0, 0x790(x3)
#752 0 000000000001605a 719040ef r 0000000000000001 000000000001605e  jal      x1, . + 0x4f18
#753 0 000000000001af72 7981b703 r 000000000000000e 0000000000000000  ld       x14, 0x798(x3)
#754 0 000000000001af76     1141 r 0000000000000002 00000000fffff1a0  c.addi   x2, -0x10
#755 0 000000000001af78     e406 m 00000000fffff1a8 000000000001605e  c.sdsp   x1, 0x8
#756 0 000000000001af7a     87aa r 000000000000000f 0000000000000430  c.mv     x15, x10
#757 0 000000000001af7c     ef01 r 0000000000000000 0000000000000000  c.bnez   x14, . + 0x18
#758 0 000000000001af7e 0d600893 r 0000000000000011 00000000000000d6  addi     x17, x0, 214
#759 0 000000000001af82     4501 r 000000000000000a 0000000000000000  c.li     x10, 0x0
#760 0 000000000001af84 00000073 r 000000000000000a 0000000000020000  ecall    
#761 0 000000000001af88     567d r 000000000000000c ffffffffffffffff  c.li     x12, -0x1
#762 0 000000000001af8a     872a r 000000000000000e 0000000000020000  c.mv     x14, x10
#763 0 000000000001af8c 02c50563 r 0000000000000000 0000000000000000  beq      x10, x12, . + 0x2a
#764 0 000000000001af90 78a1bc23 m 000000000001f410 0000000000020000  sd       x10, 0x798(x3)
#765 0 000000000001af94 0d600893 r 0000000000000011 00000000000000d6  addi     x17, x0, 214
#766 0 000000000001af98 00e78533 r 000000000000000a 0000000000020430  add      x10, x15, x14
#767 0 000000000001af9c 00000073 r 000000000000000a 0000000000020430  ecall    
#768 0 000000000001afa0 7981b703 r 000000000000000e 0000000000020000  ld       x14, 0x798(x3)
#769 0 000000000001afa4     97ba r 000000000000000f 0000000000020430  c.add    x15, x14
#770 0 000000000001afa6 00f51863 r 0000000000000000 0000000000000000  bne      x10, x15, . + 0x10
#771 0 000000000001afaa     60a2 r 0000000000000001 000000000001605e  c.ldsp   x1, 0x8
#772 0 000000000001afac 78a1bc23 m 000000000001f410 0000000000020430  sd       x10, 0x798(x3)
#773 0 000000000001afb0     853a r 000000000000000a 0000000000020000  c.mv     x10, x14
#774 0 000000000001afb2     0141 r 0000000000000002 00000000fffff1b0  c.addi   x2, 0x10
#775 0 000000000001afb4     8082 r 0000000000000000 0000000000000000  c.jr     x1
#776 0 000000000001605e     57fd r 000000000000000f ffffffffffffffff  c.li     x15, -0x1
#777 0 0000000000016060 00f50763 r 0000000000000000 0000000000000000  beq      x10, x15, . + 0xe
#778 0 0000000000016064     60e2 r 0000000000000001 0000000000014e02  c.ldsp   x1, 0x18
#779 0 0000000000016066     6442 r 0000000000000008 000000000001eb80  c.ldsp   x8, 0x10
#780 0 0000000000016068     64a2 r 0000000000000009 0000000000000410  c.ldsp   x9, 0x8
#781 0 000000000001606a     6105 r 0000000000000002 00000000fffff1d0  c.addi16sp 0x2
#782 0 000000000001606c     8082 r 0000000000000000 0000000000000000  c.jr     x1
#783 0 0000000000014e02     57fd r 000000000000000f ffffffffffffffff  c.li     x15, -0x1
#784 0 0000000000014e04     8b2a r 0000000000000016 0000000000020000  c.mv     x22, x10
#785 0 0000000000014e06 30f50b63 r 0000000000000000 0000000000000000  beq      x10, x15, . + 0x316
#786 0 0000000000014e0a 31856763 r 0000000000000000 0000000000000000  bltu     x10, x24, . + 0x30e
#787 0 0000000000014e0e 7d818b93 r 0000000000000017 000000000001f450  addi     x23, x3, 2008
#788 0 0000000000014e12 000ba703 r 000000000000000e 0000000000000000  lw       x14, 0x0(x23)
#789 0 0000000000014e16 014707bb r 000000000000000f 0000000000000430  addw     x15, x14, x20
#790 0 0000000000014e1a 00fba023 m 000000000001f450 0000000000000430  sw       x15, 0x0(x23)
#791 0 0000000000014e1e     86be r 000000000000000d 0000000000000430  c.mv     x13, x15
#792 0 0000000000014e20 40ac0063 r 0000000000000000 0000000000000000  beq      x24, x10, . + 0x400
#793 0 0000000000014e24 7601b703 r 000000000000000e ffffffffffffffff  ld       x14, 0x760(x3)
#794 0 0000000000014e28     57fd r 000000000000000f ffffffffffffffff  c.li     x15, -0x1
#795 0 0000000000014e2a 40f70763 r 0000000000000000 0000000000000000  beq      x14, x15, . + 0x40e
#796 0 0000000000015238 7761b023 m 000000000001f3d8 0000000000020000  sd       x22, 0x760(x3)
#797 0 000000000001523c     bef5 r 0000000000000000 0000000000000000  c.j      . - 0x404
#798 0 0000000000014e38 00fb7c13 r 0000000000000018 0000000000000000  andi     x24, x22, 15
#799 0 0000000000014e3c 360c0763 r 0000000000000000 0000000000000000  beq      x24, x0, . + 0x36e
#800 0 00000000000151aa 014b0c33 r 0000000000000018 0000000000020430  add      x24, x22, x20
#801 0 00000000000151ae 41800c33 r 0000000000000018 fffffffffffdfbd0  sub      x24, x0, x24
#802 0 00000000000151b2     1c52 r 0000000000000018 bd00000000000000  c.slli   x24, 52
#803 0 00000000000151b4 034c5c13 r 0000000000000018 0000000000000bd0  srli     x24, x24, 52
#804 0 00000000000151b8     85e2 r 000000000000000b 0000000000000bd0  c.mv     x11, x24
#805 0 00000000000151ba     854a r 000000000000000a 000000000001e290  c.mv     x10, x18
#806 0 00000000000151bc 68f000ef r 0000000000000001 00000000000151c0  jal      x1, . + 0xe8e
#807 0 000000000001604a     1101 r 0000000000000002 00000000fffff1b0  c.addi   x2, -0x20
#808 0 000000000001604c     e822 m 00000000fffff1c0 000000000001eb80  c.sdsp   x8, 0x10
#809 0 000000000001604e     e426 m 00000000fffff1b8 0000000000000410  c.sdsp   x9, 0x8
#810 0 0000000000016050     842a r 0000000000000008 000000000001e290  c.mv     x8, x10
#811 0 0000000000016052     852e r 000000000000000a 0000000000000bd0  c.mv     x10, x11
#812 0 0000000000016054     ec06 m 00000000fffff1c8 00000000000151c0  c.sdsp   x1, 0x18
#813 0 0000000000016056 7801a823 m 000000000001f408 0000000000000000  sw       x0, 0x790(x3)
#814 0 000000000001605a 719040ef r 0000000000000001 000000000001605e  jal      x1, . + 0x4f18
#815 0 000000000001af72 7981b703 r 000000000000000e 0000000000020430  ld       x14, 0x798(x3)
#816 0 000000000001af76     1141 r 0000000000000002 00000000fffff1a0  c.addi   x2, -0x10
#817 0 000000000001af78     e406 m 00000000fffff1a8 000000000001605e  c.sdsp   x1, 0x8
#818 0 000000000001af7a     87aa r 000000000000000f 0000000000000bd0  c.mv     x15, x10
#819 0 000000000001af7c     ef01 r 0000000000000000 0000000000000000  c.bnez   x14, . + 0x18
#820 0 000000000001af94 0d600893 r 0000000000000011 00000000000000d6  addi     x17, x0, 214
#821 0 000000000001af98 00e78533 r 000000000000000a 0000000000021000  add      x10, x15, x14
#822 0 000000000001af9c 00000073 r 000000000000000a 0000000000021000  ecall    
#823 0 000000000001afa0 7981b703 r 000000000000000e 0000000000020430  ld       x14, 0x798(x3)
#824 0 000000000001afa4     97ba r 000000000000000f 0000000000021000  c.add    x15, x14
#825 0 000000000001afa6 00f51863 r 0000000000000000 0000000000000000  bne      x10, x15, . + 0x10
#826 0 000000000001afaa     60a2 r 0000000000000001 000000000001605e  c.ldsp   x1, 0x8
#827 0 000000000001afac 78a1bc23 m 000000000001f410 0000000000021000  sd       x10, 0x798(x3)
#828 0 000000000001afb0     853a r 000000000000000a 0000000000020430  c.mv     x10, x14
#829 0 000000000001afb2     0141 r 0000000000000002 00000000fffff1b0  c.addi   x2, 0x10
#830 0 000000000001afb4     8082 r 0000000000000000 0000000000000000  c.jr     x1
#831 0 000000000001605e     57fd r 000000000000000f ffffffffffffffff  c.li     x15, -0x1
#832 0 0000000000016060 00f50763 r 0000000000000000 0000000000000000  beq      x10, x15, . + 0xe
#833 0 0000000000016064     60e2 r 0000000000000001 00000000000151c0  c.ldsp   x1, 0x18
#834 0 0000000000016066     6442 r 0000000000000008 000000000001eb80  c.ldsp   x8, 0x10
#835 0 0000000000016068     64a2 r 0000000000000009 0000000000000410  c.ldsp   x9, 0x8
#836 0 000000000001606a     6105 r 0000000000000002 00000000fffff1d0  c.addi16sp 0x2
#837 0 000000000001606c     8082 r 0000000000000000 0000000000000000  c.jr     x1
#838 0 00000000000151c0     57fd r 000000000000000f ffffffffffffffff  c.li     x15, -0x1
#839 0 00000000000151c2     4701 r 000000000000000e 0000000000000000  c.li     x14, 0x0
#840 0 00000000000151c4 caf509e3 r 0000000000000000 0000000000000000  beq      x10, x15, . - 0x34e
#841 0 00000000000151c8 41650533 r 000000000000000a 0000000000000430  sub      x10, x10, x22
#842 0 00000000000151cc 000c071b r 000000000000000e 0000000000000bd0  addiw    x14, x24, 0
#843 0 00000000000151d0 01850a33 r 0000000000000014 0000000000001000  add      x20, x10, x24
#844 0 00000000000151d4     b14d r 0000000000000000 0000000000000000  c.j      . - 0x35e
#845 0 0000000000014e76 000ba783 r 000000000000000f 0000000000000430  lw       x15, 0x0(x23)
#846 0 0000000000014e7a 0169b823 m 000000000001eb90 0000000000020000  sd       x22, 0x10(x19)
#847 0 0000000000014e7e 001a6a13 r 0000000000000014 0000000000001001  ori      x20, x20, 1
#848 0 0000000000014e82     9fb9 r 000000000000000f 0000000000001000  c.addw   x15, x14
#849 0 0000000000014e84 00fba023 m 000000000001f450 0000000000001000  sw       x15, 0x0(x23)
#850 0 0000000000014e88 014b3423 m 0000000000020008 0000000000001001  sd       x20, 0x8(x22)
#851 0 0000000000014e8c 3b340963 r 0000000000000000 0000000000000000  beq      x8, x19, . + 0x3b2
#852 0 000000000001523e     845a r 0000000000000008 0000000000020000  c.mv     x8, x22
#853 0 0000000000015240     b9a5 r 0000000000000000 0000000000000000  c.j      . - 0x388
#854 0 0000000000014eb8 7801b683 r 000000000000000d 0000000000000000  ld       x13, 0x780(x3)
#855 0 0000000000014ebc 00f6f463 r 0000000000000000 0000000000000000  bgeu     x13, x15, . + 0x8
#856 0 0000000000014ec0 78f1b023 m 000000000001f3f8 0000000000001000  sd       x15, 0x780(x3)
#857 0 0000000000014ec4 7781b683 r 000000000000000d 0000000000000000  ld       x13, 0x778(x3)
#858 0 0000000000014ec8 24f6fe63 r 0000000000000000 0000000000000000  bgeu     x13, x15, . + 0x25c
#859 0 0000000000014ecc 76f1bc23 m 000000000001f3f0 0000000000001000  sd       x15, 0x778(x3)
#860 0 0000000000014ed0     ac91 r 0000000000000000 0000000000000000  c.j      . + 0x254
#861 0 0000000000015124 ffca7a13 r 0000000000000014 0000000000001000  andi     x20, x20, -4
#862 0 0000000000015128 409a07b3 r 000000000000000f 0000000000000bf0  sub      x15, x20, x9
#863 0 000000000001512c 009a6563 r 0000000000000000 0000000000000000  bltu     x20, x9, . + 0xa
#864 0 0000000000015130     477d r 000000000000000e 000000000000001f  c.li     x14, 0x1f
#865 0 0000000000015132 ecf742e3 r 0000000000000000 0000000000000000  blt      x14, x15, . - 0x13c
#866 0 0000000000014ff6 0014e713 r 000000000000000e 0000000000000411  ori      x14, x9, 1
#867 0 0000000000014ffa     e418 m 0000000000020008 0000000000000411  c.sd     x14, 0x8(x8)
#868 0 0000000000014ffc     94a2 r 0000000000000009 0000000000020410  c.add    x9, x8
#869 0 0000000000014ffe 0099b823 m 000000000001eb90 0000000000020410  sd       x9, 0x10(x19)
#870 0 0000000000015002 0017e793 r 000000000000000f 0000000000000bf1  ori      x15, x15, 1
#871 0 0000000000015006     854a r 000000000000000a 000000000001e290  c.mv     x10, x18
#872 0 0000000000015008     e49c m 0000000000020418 0000000000000bf1  c.sd     x15, 0x8(x9)
#873 0 000000000001500a 3ae000ef r 0000000000000001 000000000001500e  jal      x1, . + 0x3ae
#874 0 00000000000153b8     8082 r 0000000000000000 0000000000000000  c.jr     x1
#875 0 000000000001500e 01040513 r 000000000000000a 0000000000020010  addi     x10, x8, 16
#876 0 0000000000015012     b5e1 r 0000000000000000 0000000000000000  c.j      . - 0x138
#877 0 0000000000014eda     60e6 r 0000000000000001 0000000000014b98  c.ldsp   x1, 0x58
#878 0 0000000000014edc     6446 r 0000000000000008 000000000001e878  c.ldsp   x8, 0x50
#879 0 0000000000014ede     64a6 r 0000000000000009 000000000001e290  c.ldsp   x9, 0x48
#880 0 0000000000014ee0     6906 r 0000000000000012 0000000000000001  c.ldsp   x18, 0x40
#881 0 0000000000014ee2     79e2 r 0000000000000013 0000000000000800  c.ldsp   x19, 0x38
#882 0 0000000000014ee4     7a42 r 0000000000000014 0000000000000400  c.ldsp   x20, 0x30
#883 0 0000000000014ee6     7aa2 r 0000000000000015 0000000000000000  c.ldsp   x21, 0x28
#884 0 0000000000014ee8     7b02 r 0000000000000016 0000000000000000  c.ldsp   x22, 0x20
#885 0 0000000000014eea     6be2 r 0000000000000017 0000000000000000  c.ldsp   x23, 0x18
#886 0 0000000000014eec     6c42 r 0000000000000018 0000000000000000  c.ldsp   x24, 0x10
#887 0 0000000000014eee     6ca2 r 0000000000000019 000000000001c460  c.ldsp   x25, 0x8
#888 0 0000000000014ef0     6125 r 0000000000000002 00000000fffff230  c.addi16sp 0x6
#889 0 0000000000014ef2     8082 r 0000000000000000 0000000000000000  c.jr     x1
#890 0 0000000000014b98 01041783 r 000000000000000f 0000000000002009  lh       x15, 0x10(x8)
#891 0 0000000000014b9c     c939 r 0000000000000000 0000000000000000  c.beqz   x10, . + 0x56
#892 0 0000000000014b9e     6749 r 000000000000000e 0000000000012000  c.lui    x14, 0x12
#893 0 0000000000014ba0 31270713 r 000000000000000e 0000000000012312  addi     x14, x14, 786
#894 0 0000000000014ba4     ecb8 m 000000000001e2e8 0000000000012312  c.sd     x14, 0x58(x9)
#895 0 0000000000014ba6 0807e793 r 000000000000000f 0000000000002089  ori      x15, x15, 128
#896 0 0000000000014baa 00f41823 m 000000000001e888 0000000000002089  sh       x15, 0x10(x8)
#897 0 0000000000014bae     e008 m 000000000001e878 0000000000020010  c.sd     x10, 0x0(x8)
#898 0 0000000000014bb0     ec08 m 000000000001e890 0000000000020010  c.sd     x10, 0x18(x8)
#899 0 0000000000014bb2 03442023 m 000000000001e898 0000000000000400  sw       x20, 0x20(x8)
#900 0 0000000000014bb6 06091163 r 0000000000000000 0000000000000000  bne      x18, x0, . + 0x62
#901 0 0000000000014c18 01241583 r 000000000000000b 0000000000000001  lh       x11, 0x12(x8)
#902 0 0000000000014c1c     8526 r 000000000000000a 000000000001e290  c.mv     x10, x9
#903 0 0000000000014c1e 0e9040ef r 0000000000000001 0000000000014c22  jal      x1, . + 0x48e8
#904 0 0000000000019506     1101 r 0000000000000002 00000000fffff210  c.addi   x2, -0x20
#905 0 0000000000019508     e822 m 00000000fffff220 000000000001e878  c.sdsp   x8, 0x10
#906 0 000000000001950a     e426 m 00000000fffff218 000000000001e290  c.sdsp   x9, 0x8
#907 0 000000000001950c     842a r 0000000000000008 000000000001e290  c.mv     x8, x10
#908 0 000000000001950e     852e r 000000000000000a 0000000000000001  c.mv     x10, x11
#909 0 0000000000019510     ec06 m 00000000fffff228 0000000000014c22  c.sdsp   x1, 0x18
#910 0 0000000000019512 7801a823 m 000000000001f408 0000000000000000  sw       x0, 0x790(x3)
#911 0 0000000000019516 1cb010ef r 0000000000000001 000000000001951a  jal      x1, . + 0x19ca
#912 0 000000000001aee0     7119 r 0000000000000002 00000000fffff190  c.addi16sp -0x8
#913 0 000000000001aee2     002c r 000000000000000b 00000000fffff198  c.addi4spn  x11, 0x2
#914 0 000000000001aee4     fc86 m 00000000fffff208 000000000001951a  c.sdsp   x1, 0x78
#915 0 000000000001aee6 fb7ff0ef r 0000000000000001 000000000001aeea  jal      x1, . - 0x4a
#916 0 000000000001ae9c     7135 r 0000000000000002 00000000fffff0f0  c.addi16sp -0xa
#917 0 000000000001ae9e     e526 m 00000000fffff178 000000000001e290  c.sdsp   x9, 0x88
#918 0 000000000001aea0     ed06 m 00000000fffff188 000000000001aeea  c.sdsp   x1, 0x98
#919 0 000000000001aea2     84ae r 0000000000000009 00000000fffff198  c.mv     x9, x11
#920 0 000000000001aea4     e922 m 00000000fffff180 000000000001e290  c.sdsp   x8, 0x90
#921 0 000000000001aea6 05000893 r 0000000000000011 0000000000000050  addi     x17, x0, 80
#922 0 000000000001aeaa     858a r 000000000000000b 00000000fffff0f0  c.mv     x11, x2
#923 0 000000000001aeac 00000073 r 000000000000000a 0000000000000000  ecall    
#924 0 000000000001aeb0     842a r 0000000000000008 0000000000000000  c.mv     x8, x10
#925 0 000000000001aeb2 00054e63 r 0000000000000000 0000000000000000  blt      x10, x0, . + 0x1c
#926 0 000000000001aeb6 0005041b r 0000000000000008 0000000000000000  addiw    x8, x10, 0
#927 0 000000000001aeba     8526 r 000000000000000a 00000000fffff198  c.mv     x10, x9
#928 0 000000000001aebc     858a r 000000000000000b 00000000fffff0f0  c.mv     x11, x2
#929 0 000000000001aebe 134000ef r 0000000000000001 000000000001aec2  jal      x1, . + 0x134
#930 0 000000000001aff2 0005b383 r 0000000000000007 0000000000000015  ld       x7, 0x0(x11)
#931 0 000000000001aff6 0085b283 r 0000000000000005 000000000000000b  ld       x5, 0x8(x11)
#932 0 000000000001affa 0105af83 r 000000000000001f 0000000000002190  lw       x31, 0x10(x11)
#933 0 000000000001affe 0145af03 r 000000000000001e 0000000000000001  lw       x30, 0x14(x11)
#934 0 000000000001b002 0185ae83 r 000000000000001d 00000000000003e8  lw       x29, 0x18(x11)
#935 0 000000000001b006 01c5ae03 r 000000000000001c 0000000000000005  lw       x28, 0x1c(x11)
#936 0 000000000001b00a 0205b303 r 0000000000000006 0000000000008808  ld       x6, 0x20(x11)
#937 0 000000000001b00e 0305b883 r 0000000000000011 0000000000000000  ld       x17, 0x30(x11)
#938 0 000000000001b012 0405b803 r 0000000000000010 0000000000000000  ld       x16, 0x40(x11)
#939 0 000000000001b016     5d90 r 000000000000000c 0000000000000400  c.lw     x12, 0x38(x11)
#940 0 000000000001b018     65b4 r 000000000000000d 0000000062a1c593  c.ld     x13, 0x48(x11)
#941 0 000000000001b01a     6db8 r 000000000000000e 0000000062a1c593  c.ld     x14, 0x58(x11)
#942 0 000000000001b01c     75bc r 000000000000000f 0000000062a180a5  c.ld     x15, 0x68(x11)
#943 0 000000000001b01e 00751023 m 00000000fffff198 0000000000000015  sh       x7, 0x0(x10)
#944 0 000000000001b022 00551123 m 00000000fffff19a 000000000000000b  sh       x5, 0x2(x10)
#945 0 000000000001b026 01f52223 m 00000000fffff19c 0000000000002190  sw       x31, 0x4(x10)
#946 0 000000000001b02a 01e51423 m 00000000fffff1a0 0000000000000001  sh       x30, 0x8(x10)
#947 0 000000000001b02e 01d51523 m 00000000fffff1a2 00000000000003e8  sh       x29, 0xa(x10)
#948 0 000000000001b032 01c51623 m 00000000fffff1a4 0000000000000005  sh       x28, 0xc(x10)
#949 0 000000000001b036 00651723 m 00000000fffff1a6 0000000000008808  sh       x6, 0xe(x10)
#950 0 000000000001b03a 01153823 m 00000000fffff1a8 0000000000000000  sd       x17, 0x10(x10)
#951 0 000000000001b03e 05053823 m 00000000fffff1e8 0000000000000000  sd       x16, 0x50(x10)
#952 0 000000000001b042     e530 m 00000000fffff1e0 0000000000000400  c.sd     x12, 0x48(x10)
#953 0 000000000001b044     ed14 m 00000000fffff1b0 0000000062a1c593  c.sd     x13, 0x18(x10)
#954 0 000000000001b046     f518 m 00000000fffff1c0 0000000062a1c593  c.sd     x14, 0x28(x10)
#955 0 000000000001b048     fd1c m 00000000fffff1d0 0000000062a180a5  c.sd     x15, 0x38(x10)
#956 0 000000000001b04a     8082 r 0000000000000000 0000000000000000  c.jr     x1
#957 0 000000000001aec2     60ea r 0000000000000001 000000000001aeea  c.ldsp   x1, 0x98
#958 0 000000000001aec4     8522 r 000000000000000a 0000000000000000  c.mv     x10, x8
#959 0 000000000001aec6     644a r 0000000000000008 000000000001e290  c.ldsp   x8, 0x90
#960 0 000000000001aec8     64aa r 0000000000000009 000000000001e290  c.ldsp   x9, 0x88
#961 0 000000000001aeca     610d r 0000000000000002 00000000fffff190  c.addi16sp 0xa
#962 0 000000000001aecc     8082 r 0000000000000000 0000000000000000  c.jr     x1
#963 0 000000000001aeea     57fd r 000000000000000f ffffffffffffffff  c.li     x15, -0x1
#964 0 000000000001aeec 00f50963 r 0000000000000000 0000000000000000  beq      x10, x15, . + 0x12
#965 0 000000000001aef0     4532 r 000000000000000a 0000000000002190  c.lwsp   x10, 0xc
#966 0 000000000001aef2     70e6 r 0000000000000001 000000000001951a  c.ldsp   x1, 0x78
#967 0 000000000001aef4 40d5551b r 000000000000000a 0000000000000001  sraiw    x10, x10, 13
#968 0 000000000001aef8     8905 r 000000000000000a 0000000000000001  c.andi   x10, 0x1
#969 0 000000000001aefa     6109 r 0000000000000002 00000000fffff210  c.addi16sp 0x8
#970 0 000000000001aefc     8082 r 0000000000000000 0000000000000000  c.jr     x1
#971 0 000000000001951a     57fd r 000000000000000f ffffffffffffffff  c.li     x15, -0x1
#972 0 000000000001951c 00f50763 r 0000000000000000 0000000000000000  beq      x10, x15, . + 0xe
#973 0 0000000000019520     60e2 r 0000000000000001 0000000000014c22  c.ldsp   x1, 0x18
#974 0 0000000000019522     6442 r 0000000000000008 000000000001e878  c.ldsp   x8, 0x10
#975 0 0000000000019524     64a2 r 0000000000000009 000000000001e290  c.ldsp   x9, 0x8
#976 0 0000000000019526     6105 r 0000000000000002 00000000fffff230  c.addi16sp 0x2
#977 0 0000000000019528     8082 r 0000000000000000 0000000000000000  c.jr     x1
#978 0 0000000000014c22     e501 r 0000000000000000 0000000000000000  c.bnez   x10, . + 0x8
#979 0 0000000000014c2a 01045783 r 000000000000000f 0000000000002089  lhu      x15, 0x10(x8)
#980 0 0000000000014c2e     9bf1 r 000000000000000f 0000000000002088  c.andi   x15, -0x4
#981 0 0000000000014c30 0017e793 r 000000000000000f 0000000000002089  ori      x15, x15, 1
#982 0 0000000000014c34 0107979b r 000000000000000f 0000000020890000  slliw    x15, x15, 16
#983 0 0000000000014c38 4107d79b r 000000000000000f 0000000000002089  sraiw    x15, x15, 16
#984 0 0000000000014c3c     bfbd r 0000000000000000 0000000000000000  c.j      . - 0x82
#985 0 0000000000014bba 0137e7b3 r 000000000000000f 0000000000002889  or       x15, x15, x19
#986 0 0000000000014bbe     60ea r 0000000000000001 0000000000011ff4  c.ldsp   x1, 0x98
#987 0 0000000000014bc0 00f41823 m 000000000001e888 0000000000002889  sh       x15, 0x10(x8)
#988 0 0000000000014bc4     644a r 0000000000000008 000000000001e878  c.ldsp   x8, 0x90
#989 0 0000000000014bc6     64aa r 0000000000000009 000000000001e290  c.ldsp   x9, 0x88
#990 0 0000000000014bc8     690a r 0000000000000012 000000000001e878  c.ldsp   x18, 0x80
#991 0 0000000000014bca     79e6 r 0000000000000013 0000000000000000  c.ldsp   x19, 0x78
#992 0 0000000000014bcc     7a46 r 0000000000000014 000000000001e290  c.ldsp   x20, 0x70
#993 0 0000000000014bce     610d r 0000000000000002 00000000fffff2d0  c.addi16sp 0xa
#994 0 0000000000014bd0     8082 r 0000000000000000 0000000000000000  c.jr     x1
#995 0 0000000000011ff4 01041703 r 000000000000000e 0000000000002889  lh       x14, 0x10(x8)
#996 0 0000000000011ff8     6c14 r 000000000000000d 0000000000020010  c.ld     x13, 0x18(x8)
#997 0 0000000000011ffa 03071793 r 000000000000000f 2889000000000000  slli     x15, x14, 48
#998 0 0000000000011ffe     93c1 r 000000000000000f 0000000000002889  c.srli   x15, 0x30
#999 0 0000000000012000     b7b5 r 0000000000000000 0000000000000000  c.j      . - 0x94
#1000 0 0000000000011f6c 0017f613 r 000000000000000c 0000000000000001  andi     x12, x15, 1
#1001 0 0000000000011f70     ce11 r 0000000000000000 0000000000000000  c.beqz   x12, . + 0x1c
#1002 0 0000000000011f72     5010 r 000000000000000c 0000000000000400  c.lw     x12, 0x20(x8)
#1003 0 0000000000011f74 00042623 m 000000000001e884 0000000000000000  sw       x0, 0xc(x8)
#1004 0 0000000000011f78     4501 r 000000000000000a 0000000000000000  c.li     x10, 0x0
#1005 0 0000000000011f7a 40c0063b r 000000000000000c fffffffffffffc00  subw     x12, x0, x12
#1006 0 0000000000011f7e     d410 m 000000000001e8a0 00000000fffffc00  c.sw     x12, 0x28(x8)
#1007 0 0000000000011f80     ce91 r 0000000000000000 0000000000000000  c.beqz   x13, . + 0x1c
#1008 0 0000000000011f82     60e2 r 0000000000000001 000000000001065a  c.ldsp   x1, 0x18
#1009 0 0000000000011f84     6442 r 0000000000000008 00000000ffffff50  c.ldsp   x8, 0x10
#1010 0 0000000000011f86     64a2 r 0000000000000009 0000000000000000  c.ldsp   x9, 0x8
#1011 0 0000000000011f88     6105 r 0000000000000002 00000000fffff2f0  c.addi16sp 0x2
#1012 0 0000000000011f8a     8082 r 0000000000000000 0000000000000000  c.jr     x1
#1013 0 000000000001065a     c119 r 0000000000000000 0000000000000000  c.beqz   x10, . + 0x6
#1014 0 0000000000010660 01095783 r 000000000000000f 0000000000002889  lhu      x15, 0x10(x18)
#1015 0 0000000000010664     4729 r 000000000000000e 000000000000000a  c.li     x14, 0xa
#1016 0 0000000000010666     8be9 r 000000000000000f 0000000000000008  c.andi   x15, 0x1a
#1017 0 0000000000010668 d8e795e3 r 0000000000000000 0000000000000000  bne      x15, x14, . - 0x276
#1018 0 00000000000103f2     67f1 r 000000000000000f 000000000001c000  c.lui    x15, 0x1c
#1019 0 00000000000103f4 6887b783 r 000000000000000f 3ffc000000000000  ld       x15, 0x688(x15)
#1020 0 00000000000103f8 19010b13 r 0000000000000016 00000000fffff480  addi     x22, x2, 400
#1021 0 00000000000103fc     ea5a m 00000000fffff400 00000000fffff480  c.sdsp   x22, 0x110
#1022 0 00000000000103fe     ed3e m 00000000fffff388 3ffc000000000000  c.sdsp   x15, 0x98
#1023 0 0000000000010400     67f1 r 000000000000000f 000000000001c000  c.lui    x15, 0x1c
#1024 0 0000000000010402 6687b783 r 000000000000000f 4003000000000000  ld       x15, 0x668(x15)
#1025 0 0000000000010406     f202 m 00000000fffff410 0000000000000000  c.sdsp   x0, 0x120
#1026 0 0000000000010408 10012c23 m 00000000fffff408 0000000000000000  sw       x0, 0x118(x2)
#1027 0 000000000001040c     e93e m 00000000fffff380 4003000000000000  c.sdsp   x15, 0x90
#1028 0 000000000001040e     67f1 r 000000000000000f 000000000001c000  c.lui    x15, 0x1c
#1029 0 0000000000010410 6787b783 r 000000000000000f 3ffe000000000000  ld       x15, 0x678(x15)
#1030 0 0000000000010414     f002 m 00000000fffff310 0000000000000000  c.sdsp   x0, 0x20
#1031 0 0000000000010416     f402 m 00000000fffff318 0000000000000000  c.sdsp   x0, 0x28
#1032 0 0000000000010418     f13e m 00000000fffff390 3ffe000000000000  c.sdsp   x15, 0xa0
#1033 0 000000000001041a 000cc783 r 000000000000000f 0000000000000069  lbu      x15, 0x0(x25)
#1034 0 000000000001041e     fc82 m 00000000fffff368 0000000000000000  c.sdsp   x0, 0x78
#1035 0 0000000000010420     f082 m 00000000fffff350 0000000000000000  c.sdsp   x0, 0x60
#1036 0 0000000000010422     e102 m 00000000fffff370 0000000000000000  c.sdsp   x0, 0x80
#1037 0 0000000000010424     e502 m 00000000fffff378 0000000000000000  c.sdsp   x0, 0x88
#1038 0 0000000000010426     e402 m 00000000fffff2f8 0000000000000000  c.sdsp   x0, 0x8
#1039 0 0000000000010428     835a r 0000000000000006 00000000fffff480  c.mv     x6, x22
#1040 0 000000000001042a 1c078563 r 0000000000000000 0000000000000000  beq      x15, x0, . + 0x1ca
#1041 0 000000000001042e     8466 r 0000000000000008 000000000001c460  c.mv     x8, x25
#1042 0 0000000000010430 02500713 r 000000000000000e 0000000000000025  addi     x14, x0, 37
#1043 0 0000000000010434 30e78363 r 0000000000000000 0000000000000000  beq      x15, x14, . + 0x306
#1044 0 0000000000010438 00144783 r 000000000000000f 0000000000000020  lbu      x15, 0x1(x8)
#1045 0 000000000001043c     0405 r 0000000000000008 000000000001c461  c.addi   x8, 0x1
#1046 0 000000000001043e     fbfd r 0000000000000000 0000000000000000  c.bnez   x15, . - 0xa
#1047 0 0000000000010434 30e78363 r 0000000000000000 0000000000000000  beq      x15, x14, . + 0x306
#1048 0 0000000000010438 00144783 r 000000000000000f 000000000000003d  lbu      x15, 0x1(x8)
#1049 0 000000000001043c     0405 r 0000000000000008 000000000001c462  c.addi   x8, 0x1
#1050 0 000000000001043e     fbfd r 0000000000000000 0000000000000000  c.bnez   x15, . - 0xa
#1051 0 0000000000010434 30e78363 r 0000000000000000 0000000000000000  beq      x15, x14, . + 0x306
#1052 0 0000000000010438 00144783 r 000000000000000f 0000000000000020  lbu      x15, 0x1(x8)
#1053 0 000000000001043c     0405 r 0000000000000008 000000000001c463  c.addi   x8, 0x1
#1054 0 000000000001043e     fbfd r 0000000000000000 0000000000000000  c.bnez   x15, . - 0xa
#1055 0 0000000000010434 30e78363 r 0000000000000000 0000000000000000  beq      x15, x14, . + 0x306
#1056 0 0000000000010438 00144783 r 000000000000000f 0000000000000025  lbu      x15, 0x1(x8)
#1057 0 000000000001043c     0405 r 0000000000000008 000000000001c464  c.addi   x8, 0x1
#1058 0 000000000001043e     fbfd r 0000000000000000 0000000000000000  c.bnez   x15, . - 0xa
#1059 0 0000000000010434 30e78363 r 0000000000000000 0000000000000000  beq      x15, x14, . + 0x306
#1060 0 000000000001073a 419404bb r 0000000000000009 0000000000000004  subw     x9, x8, x25
#1061 0 000000000001073e d00495e3 r 0000000000000000 0000000000000000  bne      x9, x0, . - 0x2f6
#1062 0 0000000000010448     7712 r 000000000000000e 0000000000000000  c.ldsp   x14, 0x120
#1063 0 000000000001044a 11812783 r 000000000000000f 0000000000000000  lw       x15, 0x118(x2)
#1064 0 000000000001044e 01933023 m 00000000fffff480 000000000001c460  sd       x25, 0x0(x6)
#1065 0 0000000000010452     9726 r 000000000000000e 0000000000000004  c.add    x14, x9
#1066 0 0000000000010454     2785 r 000000000000000f 0000000000000001  c.addiw  x15, 0x1
#1067 0 0000000000010456 00933423 m 00000000fffff488 0000000000000004  sd       x9, 0x8(x6)
#1068 0 000000000001045a     f23a m 00000000fffff410 0000000000000004  c.sdsp   x14, 0x120
#1069 0 000000000001045c 10f12c23 m 00000000fffff408 0000000000000001  sw       x15, 0x118(x2)
#1070 0 0000000000010460 0007871b r 000000000000000e 0000000000000001  addiw    x14, x15, 0
#1071 0 0000000000010464     479d r 000000000000000f 0000000000000007  c.li     x15, 0x7
#1072 0 0000000000010466     0341 r 0000000000000006 00000000fffff490  c.addi   x6, 0x10
#1073 0 0000000000010468 2ee7c063 r 0000000000000000 0000000000000000  blt      x15, x14, . + 0x2e0
#1074 0 000000000001046c     6722 r 000000000000000e 0000000000000000  c.ldsp   x14, 0x8
#1075 0 000000000001046e 00044783 r 000000000000000f 0000000000000025  lbu      x15, 0x0(x8)
#1076 0 0000000000010472     9f25 r 000000000000000e 0000000000000004  c.addw   x14, x9
#1077 0 0000000000010474     e43a m 00000000fffff2f8 0000000000000004  c.sdsp   x14, 0x8
#1078 0 0000000000010476 16078f63 r 0000000000000000 0000000000000000  beq      x15, x0, . + 0x17e
#1079 0 000000000001047a     67f1 r 000000000000000f 000000000001c000  c.lui    x15, 0x1c
#1080 0 000000000001047c 00144e03 r 000000000000001c 0000000000000064  lbu      x28, 0x1(x8)
#1081 0 0000000000010480 0c010fa3 m 00000000fffff3cf 0000000000000000  sb       x0, 0xdf(x2)
#1082 0 0000000000010484     0405 r 0000000000000008 000000000001c465  c.addi   x8, 0x1
#1083 0 0000000000010486     5c7d r 0000000000000018 ffffffffffffffff  c.li     x24, -0x1
#1084 0 0000000000010488     4a81 r 0000000000000015 0000000000000000  c.li     x21, 0x0
#1085 0 000000000001048a     4481 r 0000000000000009 0000000000000000  c.li     x9, 0x0
#1086 0 000000000001048c 05a00993 r 0000000000000013 000000000000005a  addi     x19, x0, 90
#1087 0 0000000000010490 4c878b93 r 0000000000000017 000000000001c4c8  addi     x23, x15, 1224
#1088 0 0000000000010494     4da5 r 000000000000001b 0000000000000009  c.li     x27, 0x9
#1089 0 0000000000010496     0405 r 0000000000000008 000000000001c466  c.addi   x8, 0x1
#1090 0 0000000000010498 000e0d1b r 000000000000001a 0000000000000064  addiw    x26, x28, 0
#1091 0 000000000001049c 02a00613 r 000000000000000c 000000000000002a  addi     x12, x0, 42
#1092 0 00000000000104a0 fe0d079b r 000000000000000f 0000000000000044  addiw    x15, x26, -32
#1093 0 00000000000104a4 0007871b r 000000000000000e 0000000000000044  addiw    x14, x15, 0
#1094 0 00000000000104a8 04e9e363 r 0000000000000000 0000000000000000  bltu     x19, x14, . + 0x46
#1095 0 00000000000104ac 02079713 r 000000000000000e 0000004400000000  slli     x14, x15, 32
#1096 0 00000000000104b0 01e75793 r 000000000000000f 0000000000000110  srli     x15, x14, 30
#1097 0 00000000000104b4     97de r 000000000000000f 000000000001c5d8  c.add    x15, x23
#1098 0 00000000000104b6     439c r 000000000000000f 000000000001068a  c.lw     x15, 0x0(x15)
#1099 0 00000000000104b8     8782 r 0000000000000000 0000000000000000  c.jr     x15
#1100 0 000000000001068a     66c2 r 000000000000000d 00000000fffff598  c.ldsp   x13, 0x10
#1101 0 000000000001068c 0204f793 r 000000000000000f 0000000000000000  andi     x15, x9, 32
#1102 0 0000000000010690 00868713 r 000000000000000e 00000000fffff5a0  addi     x14, x13, 8
#1103 0 0000000000010694 3c078163 r 0000000000000000 0000000000000000  beq      x15, x0, . + 0x3c2
#1104 0 0000000000010a56 0104f793 r 000000000000000f 0000000000000000  andi     x15, x9, 16
#1105 0 0000000000010a5a 7e079f63 r 0000000000000000 0000000000000000  bne      x15, x0, . + 0x7fe
#1106 0 0000000000010a5e 0404f793 r 000000000000000f 0000000000000000  andi     x15, x9, 64
#1107 0 0000000000010a62 380788e3 r 0000000000000000 0000000000000000  beq      x15, x0, . + 0xb90
#1108 0 00000000000115f2 2004f793 r 000000000000000f 0000000000000000  andi     x15, x9, 512
#1109 0 00000000000115f6 24078163 r 0000000000000000 0000000000000000  beq      x15, x0, . + 0x242
#1110 0 0000000000011838     67c2 r 000000000000000f 00000000fffff598  c.ldsp   x15, 0x10
#1111 0 000000000001183a 0007a983 r 0000000000000013 0000000000000000  lw       x19, 0x0(x15)
#1112 0 000000000001183e     87ce r 000000000000000f 0000000000000000  c.mv     x15, x19
#1113 0 0000000000011840 e5dfe06f r 0000000000000000 0000000000000000  j        . - 0x11a4
#1114 0 000000000001069c 3c07cb63 r 0000000000000000 0000000000000000  blt      x15, x0, . + 0x3d6
#1115 0 00000000000106a0     57fd r 000000000000000f ffffffffffffffff  c.li     x15, -0x1
#1116 0 00000000000106a2 3efc00e3 r 0000000000000000 0000000000000000  beq      x24, x15, . + 0xbe0
#1117 0 0000000000011282     e83a m 00000000fffff300 00000000fffff5a0  c.sdsp   x14, 0x10
#1118 0 0000000000011284     47a5 r 000000000000000f 0000000000000009  c.li     x15, 0x9
#1119 0 0000000000011286     8da6 r 000000000000001b 0000000000000000  c.mv     x27, x9
#1120 0 0000000000011288 cb37f8e3 r 0000000000000000 0000000000000000  bgeu     x15, x19, . - 0x350
#1121 0 0000000000010f38 0309899b r 0000000000000013 0000000000000030  addiw    x19, x19, 48
#1122 0 0000000000010f3c 193105a3 m 00000000fffff47b 0000000000000030  sb       x19, 0x18b(x2)
#1123 0 0000000000010f40     84ee r 0000000000000009 0000000000000000  c.mv     x9, x27
#1124 0 0000000000010f42     4b85 r 0000000000000017 0000000000000001  c.li     x23, 0x1
#1125 0 0000000000010f44 18b10c93 r 0000000000000019 00000000fffff47b  addi     x25, x2, 395
#1126 0 0000000000010f48 f7aff06f r 0000000000000000 0000000000000000  j        . - 0x886
#1127 0 00000000000106c2 0df14783 r 000000000000000f 0000000000000000  lbu      x15, 0xdf(x2)
#1128 0 00000000000106c6 000b899b r 0000000000000013 0000000000000001  addiw    x19, x23, 0
#1129 0 00000000000106ca 018bd463 r 0000000000000000 0000000000000000  bge      x23, x24, . + 0x8
#1130 0 00000000000106d2     ec02 m 00000000fffff308 0000000000000000  c.sdsp   x0, 0x18
#1131 0 00000000000106d4     e482 m 00000000fffff338 0000000000000000  c.sdsp   x0, 0x48
#1132 0 00000000000106d6     ec82 m 00000000fffff348 0000000000000000  c.sdsp   x0, 0x58
#1133 0 00000000000106d8     e882 m 00000000fffff340 0000000000000000  c.sdsp   x0, 0x50
#1134 0 00000000000106da e20789e3 r 0000000000000000 0000000000000000  beq      x15, x0, . - 0x1ce
#1135 0 000000000001050c 0024f293 r 0000000000000005 0000000000000000  andi     x5, x9, 2
#1136 0 0000000000010510 00028363 r 0000000000000000 0000000000000000  beq      x5, x0, . + 0x6
#1137 0 0000000000010516 0844fd93 r 000000000000001b 0000000000000000  andi     x27, x9, 132
#1138 0 000000000001051a     7792 r 000000000000000f 0000000000000004  c.ldsp   x15, 0x120
#1139 0 000000000001051c 000d9663 r 0000000000000000 0000000000000000  bne      x27, x0, . + 0xc
#1140 0 0000000000010520 413a86bb r 000000000000000d ffffffffffffffff  subw     x13, x21, x19
#1141 0 0000000000010524 22d044e3 r 0000000000000000 0000000000000000  blt      x0, x13, . + 0xa28
#1142 0 0000000000010528 0df14703 r 000000000000000e 0000000000000000  lbu      x14, 0xdf(x2)
#1143 0 000000000001052c     c70d r 0000000000000000 0000000000000000  c.beqz   x14, . + 0x2a
#1144 0 0000000000010556 02028563 r 0000000000000000 0000000000000000  beq      x5, x0, . + 0x2a
#1145 0 0000000000010580 08000713 r 000000000000000e 0000000000000080  addi     x14, x0, 128
#1146 0 0000000000010584 06ed8ae3 r 0000000000000000 0000000000000000  beq      x27, x14, . + 0x874
#1147 0 0000000000010588 417c0c3b r 0000000000000018 fffffffffffffffe  subw     x24, x24, x23
#1148 0 000000000001058c 0f804ee3 r 0000000000000000 0000000000000000  blt      x0, x24, . + 0x8fc
#1149 0 0000000000010590 1004f713 r 000000000000000e 0000000000000000  andi     x14, x9, 256
#1150 0 0000000000010594 78071b63 r 0000000000000000 0000000000000000  bne      x14, x0, . + 0x796
#1151 0 0000000000010598 11812703 r 000000000000000e 0000000000000001  lw       x14, 0x118(x2)
#1152 0 000000000001059c     97de r 000000000000000f 0000000000000005  c.add    x15, x23
#1153 0 000000000001059e 01933023 m 00000000fffff490 00000000fffff47b  sd       x25, 0x0(x6)
#1154 0 00000000000105a2 0017069b r 000000000000000d 0000000000000002  addiw    x13, x14, 1
#1155 0 00000000000105a6     8736 r 000000000000000e 0000000000000002  c.mv     x14, x13
#1156 0 00000000000105a8 01733423 m 00000000fffff498 0000000000000001  sd       x23, 0x8(x6)
#1157 0 00000000000105ac 10e12c23 m 00000000fffff408 0000000000000002  sw       x14, 0x118(x2)
#1158 0 00000000000105b0     f23e m 00000000fffff410 0000000000000005  c.sdsp   x15, 0x120
#1159 0 00000000000105b2     471d r 000000000000000e 0000000000000007  c.li     x14, 0x7
#1160 0 00000000000105b4 46d74863 r 0000000000000000 0000000000000000  blt      x14, x13, . + 0x470
#1161 0 00000000000105b8     0341 r 0000000000000006 00000000fffff4a0  c.addi   x6, 0x10
#1162 0 00000000000105ba     8891 r 0000000000000009 0000000000000000  c.andi   x9, 0x4
#1163 0 00000000000105bc     c489 r 0000000000000000 0000000000000000  c.beqz   x9, . + 0xa
#1164 0 00000000000105c6     8756 r 000000000000000e 0000000000000000  c.mv     x14, x21
#1165 0 00000000000105c8 013ad363 r 0000000000000000 0000000000000000  bge      x21, x19, . + 0x6
#1166 0 00000000000105cc     874e r 000000000000000e 0000000000000001  c.mv     x14, x19
#1167 0 00000000000105ce     66a2 r 000000000000000d 0000000000000004  c.ldsp   x13, 0x8
#1168 0 00000000000105d0     9f35 r 000000000000000e 0000000000000005  c.addw   x14, x13
#1169 0 00000000000105d2     e43a m 00000000fffff2f8 0000000000000005  c.sdsp   x14, 0x8
#1170 0 00000000000105d4 12079be3 r 0000000000000000 0000000000000000  bne      x15, x0, . + 0x936
#1171 0 0000000000010f0a     0a10 r 000000000000000c 00000000fffff400  c.addi4spn  x12, 0x44
#1172 0 0000000000010f0c     85ca r 000000000000000b 000000000001e878  c.mv     x11, x18
#1173 0 0000000000010f0e     8552 r 000000000000000a 000000000001e290  c.mv     x10, x20
#1174 0 0000000000010f10 18c070ef r 0000000000000001 0000000000010f14  jal      x1, . + 0x718c
#1175 0 000000000001809c     6a18 r 000000000000000e 0000000000000005  c.ld     x14, 0x10(x12)
#1176 0 000000000001809e     c311 r 0000000000000000 0000000000000000  c.beqz   x14, . + 0x4
#1177 0 00000000000180a0     bfa1 r 0000000000000000 0000000000000000  c.j      . - 0xa8
#1178 0 0000000000017ff8 0ac5a783 r 000000000000000f 0000000000000000  lw       x15, 0xac(x11)
#1179 0 0000000000017ffc     715d r 0000000000000002 00000000fffff2a0  c.addi16sp -0x5
#1180 0 0000000000017ffe     6709 r 000000000000000e 0000000000002000  c.lui    x14, 0x2
#1181 0 0000000000018000     ec56 m 00000000fffff2b8 0000000000000000  c.sdsp   x21, 0x18
#1182 0 0000000000018002     e486 m 00000000fffff2e8 0000000000010f14  c.sdsp   x1, 0x48
#1183 0 0000000000018004     e0a2 m 00000000fffff2e0 000000000001c466  c.sdsp   x8, 0x40
#1184 0 0000000000018006     fc26 m 00000000fffff2d8 0000000000000000  c.sdsp   x9, 0x38
#1185 0 0000000000018008     f84a m 00000000fffff2d0 000000000001e878  c.sdsp   x18, 0x30
#1186 0 000000000001800a     f44e m 00000000fffff2c8 0000000000000001  c.sdsp   x19, 0x28
#1187 0 000000000001800c     f052 m 00000000fffff2c0 000000000001e290  c.sdsp   x20, 0x20
#1188 0 000000000001800e     e85a m 00000000fffff2b0 00000000fffff480  c.sdsp   x22, 0x10
#1189 0 0000000000018010     e45e m 00000000fffff2a8 0000000000000001  c.sdsp   x23, 0x8
#1190 0 0000000000018012     8ff9 r 000000000000000f 0000000000000000  c.and    x15, x14
#1191 0 0000000000018014     8ab2 r 0000000000000015 00000000fffff400  c.mv     x21, x12
#1192 0 0000000000018016     c3c1 r 0000000000000000 0000000000000000  c.beqz   x15, . + 0x80
#1193 0 0000000000018096 146010ef r 0000000000000001 000000000001809a  jal      x1, . + 0x1146
#1194 0 00000000000191dc     6a1c r 000000000000000f 0000000000000005  c.ld     x15, 0x10(x12)
#1195 0 00000000000191de 1a078c63 r 0000000000000000 0000000000000000  beq      x15, x0, . + 0x1b8
#1196 0 00000000000191e2 0105d783 r 000000000000000f 0000000000002889  lhu      x15, 0x10(x11)
#1197 0 00000000000191e6     711d r 0000000000000002 00000000fffff240  c.addi16sp -0x6
#1198 0 00000000000191e8     e8a2 m 00000000fffff290 000000000001c466  c.sdsp   x8, 0x50
#1199 0 00000000000191ea     f852 m 00000000fffff270 000000000001e290  c.sdsp   x20, 0x30
#1200 0 00000000000191ec     f456 m 00000000fffff268 00000000fffff400  c.sdsp   x21, 0x28
#1201 0 00000000000191ee     ec86 m 00000000fffff298 000000000001809a  c.sdsp   x1, 0x58
#1202 0 00000000000191f0     e4a6 m 00000000fffff288 0000000000000000  c.sdsp   x9, 0x48
#1203 0 00000000000191f2     e0ca m 00000000fffff280 000000000001e878  c.sdsp   x18, 0x40
#1204 0 00000000000191f4     fc4e m 00000000fffff278 0000000000000001  c.sdsp   x19, 0x38
#1205 0 00000000000191f6     f05a m 00000000fffff260 00000000fffff480  c.sdsp   x22, 0x20
#1206 0 00000000000191f8     ec5e m 00000000fffff258 0000000000000001  c.sdsp   x23, 0x18
#1207 0 00000000000191fa     e862 m 00000000fffff250 fffffffffffffffe  c.sdsp   x24, 0x10
#1208 0 00000000000191fc     e466 m 00000000fffff248 00000000fffff47b  c.sdsp   x25, 0x8
#1209 0 00000000000191fe     e06a m 00000000fffff240 0000000000000064  c.sdsp   x26, 0x0
#1210 0 0000000000019200 0087f713 r 000000000000000e 0000000000000008  andi     x14, x15, 8
#1211 0 0000000000019204     8a32 r 0000000000000014 00000000fffff400  c.mv     x20, x12
#1212 0 0000000000019206     8aaa r 0000000000000015 000000000001e290  c.mv     x21, x10
#1213 0 0000000000019208     842e r 0000000000000008 000000000001e878  c.mv     x8, x11
#1214 0 000000000001920a     c325 r 0000000000000000 0000000000000000  c.beqz   x14, . + 0x60
#1215 0 000000000001920c     6d98 r 000000000000000e 0000000000020010  c.ld     x14, 0x18(x11)
#1216 0 000000000001920e     cf31 r 0000000000000000 0000000000000000  c.beqz   x14, . + 0x5c
#1217 0 0000000000019210 0027f713 r 000000000000000e 0000000000000000  andi     x14, x15, 2
#1218 0 0000000000019214 000a3903 r 0000000000000012 00000000fffff480  ld       x18, 0x0(x20)
#1219 0 0000000000019218     c735 r 0000000000000000 0000000000000000  c.beqz   x14, . + 0x6c
#1220 0 0000000000019284 0017f713 r 000000000000000e 0000000000000001  andi     x14, x15, 1
#1221 0 0000000000019288     eb35 r 0000000000000000 0000000000000000  c.bnez   x14, . + 0x74
#1222 0 00000000000192fc     4981 r 0000000000000013 0000000000000000  c.li     x19, 0x0
#1223 0 00000000000192fe     4501 r 000000000000000a 0000000000000000  c.li     x10, 0x0
#1224 0 0000000000019300     4c81 r 0000000000000019 0000000000000000  c.li     x25, 0x0
#1225 0 0000000000019302     4c01 r 0000000000000018 0000000000000000  c.li     x24, 0x0
#1226 0 0000000000019304 080c0b63 r 0000000000000000 0000000000000000  beq      x24, x0, . + 0x96
#1227 0 000000000001939a 00893c03 r 0000000000000018 0000000000000004  ld       x24, 0x8(x18)
#1228 0 000000000001939e 00093c83 r 0000000000000019 000000000001c460  ld       x25, 0x0(x18)
#1229 0 00000000000193a2     0941 r 0000000000000012 00000000fffff490  c.addi   x18, 0x10
#1230 0 00000000000193a4 fe0c0be3 r 0000000000000000 0000000000000000  beq      x24, x0, . - 0xa
#1231 0 00000000000193a8     8662 r 000000000000000c 0000000000000004  c.mv     x12, x24
#1232 0 00000000000193aa     45a9 r 000000000000000b 000000000000000a  c.li     x11, 0xa
#1233 0 00000000000193ac     8566 r 000000000000000a 000000000001c460  c.mv     x10, x25
#1234 0 00000000000193ae f7bfb0ef r 0000000000000001 00000000000193b2  jal      x1, . - 0x4086
#1235 0 0000000000015328 00757793 r 000000000000000f 0000000000000000  andi     x15, x10, 7
#1236 0 000000000001532c 0ff5f693 r 000000000000000d 000000000000000a  andi     x13, x11, 255
#1237 0 0000000000015330     c395 r 0000000000000000 0000000000000000  c.beqz   x15, . + 0x24
#1238 0 0000000000015354     87b2 r 000000000000000f 0000000000000004  c.mv     x15, x12
#1239 0 0000000000015356     471d r 000000000000000e 0000000000000007  c.li     x14, 0x7
#1240 0 0000000000015358 00f76f63 r 0000000000000000 0000000000000000  bltu     x14, x15, . + 0x1e
#1241 0 000000000001535c     e399 r 0000000000000000 0000000000000000  c.bnez   x15, . + 0x6
#1242 0 0000000000015362     97aa r 000000000000000f 000000000001c464  c.add    x15, x10
#1243 0 0000000000015364     a021 r 0000000000000000 0000000000000000  c.j      . + 0x8
#1244 0 000000000001536c 00054703 r 000000000000000e 0000000000000069  lbu      x14, 0x0(x10)
#1245 0 0000000000015370 fed71be3 r 0000000000000000 0000000000000000  bne      x14, x13, . - 0xa
#1246 0 0000000000015366     0505 r 000000000000000a 000000000001c461  c.addi   x10, 0x1
#1247 0 0000000000015368 fea78be3 r 0000000000000000 0000000000000000  beq      x15, x10, . - 0xa
#1248 0 000000000001536c 00054703 r 000000000000000e 0000000000000020  lbu      x14, 0x0(x10)
#1249 0 0000000000015370 fed71be3 r 0000000000000000 0000000000000000  bne      x14, x13, . - 0xa
#1250 0 0000000000015366     0505 r 000000000000000a 000000000001c462  c.addi   x10, 0x1
#1251 0 0000000000015368 fea78be3 r 0000000000000000 0000000000000000  beq      x15, x10, . - 0xa
#1252 0 000000000001536c 00054703 r 000000000000000e 000000000000003d  lbu      x14, 0x0(x10)
#1253 0 0000000000015370 fed71be3 r 0000000000000000 0000000000000000  bne      x14, x13, . - 0xa
#1254 0 0000000000015366     0505 r 000000000000000a 000000000001c463  c.addi   x10, 0x1
#1255 0 0000000000015368 fea78be3 r 0000000000000000 0000000000000000  beq      x15, x10, . - 0xa
#1256 0 000000000001536c 00054703 r 000000000000000e 0000000000000020  lbu      x14, 0x0(x10)
#1257 0 0000000000015370 fed71be3 r 0000000000000000 0000000000000000  bne      x14, x13, . - 0xa
#1258 0 0000000000015366     0505 r 000000000000000a 000000000001c464  c.addi   x10, 0x1
#1259 0 0000000000015368 fea78be3 r 0000000000000000 0000000000000000  beq      x15, x10, . - 0xa
#1260 0 000000000001535e     4501 r 000000000000000a 0000000000000000  c.li     x10, 0x0
#1261 0 0000000000015360     8082 r 0000000000000000 0000000000000000  c.jr     x1
#1262 0 00000000000193b2 12050f63 r 0000000000000000 0000000000000000  beq      x10, x0, . + 0x13e
#1263 0 00000000000194f0 001c099b r 0000000000000013 0000000000000005  addiw    x19, x24, 1
#1264 0 00000000000194f4     bd19 r 0000000000000000 0000000000000000  c.j      . - 0x1ea
#1265 0 000000000001930a     8bce r 0000000000000017 0000000000000005  c.mv     x23, x19
#1266 0 000000000001930c 013c7363 r 0000000000000000 0000000000000000  bgeu     x24, x19, . + 0x6
#1267 0 0000000000019310     8be2 r 0000000000000017 0000000000000004  c.mv     x23, x24
#1268 0 0000000000019312     6008 r 000000000000000a 0000000000020010  c.ld     x10, 0x0(x8)
#1269 0 0000000000019314     6c1c r 000000000000000f 0000000000020010  c.ld     x15, 0x18(x8)
#1270 0 0000000000019316     5014 r 000000000000000d 0000000000000400  c.lw     x13, 0x20(x8)
#1271 0 0000000000019318     84de r 0000000000000009 0000000000000004  c.mv     x9, x23
#1272 0 000000000001931a 00a7f763 r 0000000000000000 0000000000000000  bgeu     x15, x10, . + 0xe
#1273 0 0000000000019328 18dbc463 r 0000000000000000 0000000000000000  blt      x23, x13, . + 0x188
#1274 0 00000000000194b0     865e r 000000000000000c 0000000000000004  c.mv     x12, x23
#1275 0 00000000000194b2     85e6 r 000000000000000b 000000000001c460  c.mv     x11, x25
#1276 0 00000000000194b4 1ac000ef r 0000000000000001 00000000000194b8  jal      x1, . + 0x1ac
#1277 0 0000000000019660 02a5f263 r 0000000000000000 0000000000000000  bgeu     x11, x10, . + 0x24
#1278 0 0000000000019664 00c587b3 r 000000000000000f 000000000001c464  add      x15, x11, x12
#1279 0 0000000000019668 00f57e63 r 0000000000000000 0000000000000000  bgeu     x10, x15, . + 0x1c
#1280 0 0000000000019684     47fd r 000000000000000f 000000000000001f  c.li     x15, 0x1f
#1281 0 0000000000019686 02c7e163 r 0000000000000000 0000000000000000  bltu     x15, x12, . + 0x22
#1282 0 000000000001968a     87aa r 000000000000000f 0000000000020010  c.mv     x15, x10
#1283 0 000000000001968c fff60693 r 000000000000000d 0000000000000003  addi     x13, x12, -1
#1284 0 0000000000019690     c245 r 0000000000000000 0000000000000000  c.beqz   x12, . + 0xa0
#1285 0 0000000000019692     0685 r 000000000000000d 0000000000000004  c.addi   x13, 0x1
#1286 0 0000000000019694     96be r 000000000000000d 0000000000020014  c.add    x13, x15
#1287 0 0000000000019696 0005c703 r 000000000000000e 0000000000000069  lbu      x14, 0x0(x11)
#1288 0 000000000001969a     0785 r 000000000000000f 0000000000020011  c.addi   x15, 0x1
#1289 0 000000000001969c     0585 r 000000000000000b 000000000001c461  c.addi   x11, 0x1
#1290 0 000000000001969e fee78fa3 m 0000000000020010 0000000000000069  sb       x14, -0x1(x15)
#1291 0 00000000000196a2 fed79ae3 r 0000000000000000 0000000000000000  bne      x15, x13, . - 0xc
#1292 0 0000000000019696 0005c703 r 000000000000000e 0000000000000020  lbu      x14, 0x0(x11)
#1293 0 000000000001969a     0785 r 000000000000000f 0000000000020012  c.addi   x15, 0x1
#1294 0 000000000001969c     0585 r 000000000000000b 000000000001c462  c.addi   x11, 0x1
#1295 0 000000000001969e fee78fa3 m 0000000000020011 0000000000000020  sb       x14, -0x1(x15)
#1296 0 00000000000196a2 fed79ae3 r 0000000000000000 0000000000000000  bne      x15, x13, . - 0xc
#1297 0 0000000000019696 0005c703 r 000000000000000e 000000000000003d  lbu      x14, 0x0(x11)
#1298 0 000000000001969a     0785 r 000000000000000f 0000000000020013  c.addi   x15, 0x1
#1299 0 000000000001969c     0585 r 000000000000000b 000000000001c463  c.addi   x11, 0x1
#1300 0 000000000001969e fee78fa3 m 0000000000020012 000000000000003d  sb       x14, -0x1(x15)
#1301 0 00000000000196a2 fed79ae3 r 0000000000000000 0000000000000000  bne      x15, x13, . - 0xc
#1302 0 0000000000019696 0005c703 r 000000000000000e 0000000000000020  lbu      x14, 0x0(x11)
#1303 0 000000000001969a     0785 r 000000000000000f 0000000000020014  c.addi   x15, 0x1
#1304 0 000000000001969c     0585 r 000000000000000b 000000000001c464  c.addi   x11, 0x1
#1305 0 000000000001969e fee78fa3 m 0000000000020013 0000000000000020  sb       x14, -0x1(x15)
#1306 0 00000000000196a2 fed79ae3 r 0000000000000000 0000000000000000  bne      x15, x13, . - 0xc
#1307 0 00000000000196a6     8082 r 0000000000000000 0000000000000000  c.jr     x1
#1308 0 00000000000194b8     4454 r 000000000000000d 0000000000000000  c.lw     x13, 0xc(x8)
#1309 0 00000000000194ba     6018 r 000000000000000e 0000000000020010  c.ld     x14, 0x0(x8)
#1310 0 00000000000194bc 000b879b r 000000000000000f 0000000000000004  addiw    x15, x23, 0
#1311 0 00000000000194c0 417686bb r 000000000000000d fffffffffffffffc  subw     x13, x13, x23
#1312 0 00000000000194c4     975e r 000000000000000e 0000000000020014  c.add    x14, x23
#1313 0 00000000000194c6     c454 m 000000000001e884 00000000fffffffc  c.sw     x13, 0xc(x8)
#1314 0 00000000000194c8     e018 m 000000000001e878 0000000000020014  c.sd     x14, 0x0(x8)
#1315 0 00000000000194ca     bd9d r 0000000000000000 0000000000000000  c.j      . - 0x18a
#1316 0 0000000000019340 40f989bb r 0000000000000013 0000000000000001  subw     x19, x19, x15
#1317 0 0000000000019344     4505 r 000000000000000a 0000000000000001  c.li     x10, 0x1
#1318 0 0000000000019346 02098b63 r 0000000000000000 0000000000000000  beq      x19, x0, . + 0x36
#1319 0 000000000001934a 010a3783 r 000000000000000f 0000000000000005  ld       x15, 0x10(x20)
#1320 0 000000000001934e     9ca6 r 0000000000000019 000000000001c464  c.add    x25, x9
#1321 0 0000000000019350 409c0c33 r 0000000000000018 0000000000000000  sub      x24, x24, x9
#1322 0 0000000000019354 409784b3 r 0000000000000009 0000000000000001  sub      x9, x15, x9
#1323 0 0000000000019358 009a3823 m 00000000fffff410 0000000000000001  sd       x9, 0x10(x20)
#1324 0 000000000001935c     f4c5 r 0000000000000000 0000000000000000  c.bnez   x9, . - 0x58
#1325 0 0000000000019304 080c0b63 r 0000000000000000 0000000000000000  beq      x24, x0, . + 0x96
#1326 0 000000000001939a 00893c03 r 0000000000000018 0000000000000001  ld       x24, 0x8(x18)
#1327 0 000000000001939e 00093c83 r 0000000000000019 00000000fffff47b  ld       x25, 0x0(x18)
#1328 0 00000000000193a2     0941 r 0000000000000012 00000000fffff4a0  c.addi   x18, 0x10
#1329 0 00000000000193a4 fe0c0be3 r 0000000000000000 0000000000000000  beq      x24, x0, . - 0xa
#1330 0 00000000000193a8     8662 r 000000000000000c 0000000000000001  c.mv     x12, x24
#1331 0 00000000000193aa     45a9 r 000000000000000b 000000000000000a  c.li     x11, 0xa
#1332 0 00000000000193ac     8566 r 000000000000000a 00000000fffff47b  c.mv     x10, x25
#1333 0 00000000000193ae f7bfb0ef r 0000000000000001 00000000000193b2  jal      x1, . - 0x4086
#1334 0 0000000000015328 00757793 r 000000000000000f 0000000000000003  andi     x15, x10, 7
#1335 0 000000000001532c 0ff5f693 r 000000000000000d 000000000000000a  andi     x13, x11, 255
#1336 0 0000000000015330     c395 r 0000000000000000 0000000000000000  c.beqz   x15, . + 0x24
#1337 0 0000000000015332 fff60793 r 000000000000000f 0000000000000000  addi     x15, x12, -1
#1338 0 0000000000015336     c605 r 0000000000000000 0000000000000000  c.beqz   x12, . + 0x28
#1339 0 0000000000015338     567d r 000000000000000c ffffffffffffffff  c.li     x12, -0x1
#1340 0 000000000001533a     a801 r 0000000000000000 0000000000000000  c.j      . + 0x10
#1341 0 000000000001534a 00054703 r 000000000000000e 0000000000000030  lbu      x14, 0x0(x10)
#1342 0 000000000001534e fed717e3 r 0000000000000000 0000000000000000  bne      x14, x13, . - 0x12
#1343 0 000000000001533c     0505 r 000000000000000a 00000000fffff47c  c.addi   x10, 0x1
#1344 0 000000000001533e 00757713 r 000000000000000e 0000000000000004  andi     x14, x10, 7
#1345 0 0000000000015342     cb11 r 0000000000000000 0000000000000000  c.beqz   x14, . + 0x14
#1346 0 0000000000015344     17fd r 000000000000000f ffffffffffffffff  c.addi   x15, -0x1
#1347 0 0000000000015346 00c78c63 r 0000000000000000 0000000000000000  beq      x15, x12, . + 0x18
#1348 0 000000000001535e     4501 r 000000000000000a 0000000000000000  c.li     x10, 0x0
#1349 0 0000000000015360     8082 r 0000000000000000 0000000000000000  c.jr     x1
#1350 0 00000000000193b2 12050f63 r 0000000000000000 0000000000000000  beq      x10, x0, . + 0x13e
#1351 0 00000000000194f0 001c099b r 0000000000000013 0000000000000002  addiw    x19, x24, 1
#1352 0 00000000000194f4     bd19 r 0000000000000000 0000000000000000  c.j      . - 0x1ea
#1353 0 000000000001930a     8bce r 0000000000000017 0000000000000002  c.mv     x23, x19
#1354 0 000000000001930c 013c7363 r 0000000000000000 0000000000000000  bgeu     x24, x19, . + 0x6
#1355 0 0000000000019310     8be2 r 0000000000000017 0000000000000001  c.mv     x23, x24
#1356 0 0000000000019312     6008 r 000000000000000a 0000000000020014  c.ld     x10, 0x0(x8)
#1357 0 0000000000019314     6c1c r 000000000000000f 0000000000020010  c.ld     x15, 0x18(x8)
#1358 0 0000000000019316     5014 r 000000000000000d 0000000000000400  c.lw     x13, 0x20(x8)
#1359 0 0000000000019318     84de r 0000000000000009 0000000000000001  c.mv     x9, x23
#1360 0 000000000001931a 00a7f763 r 0000000000000000 0000000000000000  bgeu     x15, x10, . + 0xe
#1361 0 000000000001931e     445c r 000000000000000f fffffffffffffffc  c.lw     x15, 0xc(x8)
#1362 0 0000000000019320 00d78b3b r 0000000000000016 00000000000003fc  addw     x22, x15, x13
#1363 0 0000000000019324 097b4d63 r 0000000000000000 0000000000000000  blt      x22, x23, . + 0x9a
#1364 0 0000000000019328 18dbc463 r 0000000000000000 0000000000000000  blt      x23, x13, . + 0x188
#1365 0 00000000000194b0     865e r 000000000000000c 0000000000000001  c.mv     x12, x23
#1366 0 00000000000194b2     85e6 r 000000000000000b 00000000fffff47b  c.mv     x11, x25
#1367 0 00000000000194b4 1ac000ef r 0000000000000001 00000000000194b8  jal      x1, . + 0x1ac
#1368 0 0000000000019660 02a5f263 r 0000000000000000 0000000000000000  bgeu     x11, x10, . + 0x24
#1369 0 0000000000019684     47fd r 000000000000000f 000000000000001f  c.li     x15, 0x1f
#1370 0 0000000000019686 02c7e163 r 0000000000000000 0000000000000000  bltu     x15, x12, . + 0x22
#1371 0 000000000001968a     87aa r 000000000000000f 0000000000020014  c.mv     x15, x10
#1372 0 000000000001968c fff60693 r 000000000000000d 0000000000000000  addi     x13, x12, -1
#1373 0 0000000000019690     c245 r 0000000000000000 0000000000000000  c.beqz   x12, . + 0xa0
#1374 0 0000000000019692     0685 r 000000000000000d 0000000000000001  c.addi   x13, 0x1
#1375 0 0000000000019694     96be r 000000000000000d 0000000000020015  c.add    x13, x15
#1376 0 0000000000019696 0005c703 r 000000000000000e 0000000000000030  lbu      x14, 0x0(x11)
#1377 0 000000000001969a     0785 r 000000000000000f 0000000000020015  c.addi   x15, 0x1
#1378 0 000000000001969c     0585 r 000000000000000b 00000000fffff47c  c.addi   x11, 0x1
#1379 0 000000000001969e fee78fa3 m 0000000000020014 0000000000000030  sb       x14, -0x1(x15)
#1380 0 00000000000196a2 fed79ae3 r 0000000000000000 0000000000000000  bne      x15, x13, . - 0xc
#1381 0 00000000000196a6     8082 r 0000000000000000 0000000000000000  c.jr     x1
#1382 0 00000000000194b8     4454 r 000000000000000d fffffffffffffffc  c.lw     x13, 0xc(x8)
#1383 0 00000000000194ba     6018 r 000000000000000e 0000000000020014  c.ld     x14, 0x0(x8)
#1384 0 00000000000194bc 000b879b r 000000000000000f 0000000000000001  addiw    x15, x23, 0
#1385 0 00000000000194c0 417686bb r 000000000000000d fffffffffffffffb  subw     x13, x13, x23
#1386 0 00000000000194c4     975e r 000000000000000e 0000000000020015  c.add    x14, x23
#1387 0 00000000000194c6     c454 m 000000000001e884 00000000fffffffb  c.sw     x13, 0xc(x8)
#1388 0 00000000000194c8     e018 m 000000000001e878 0000000000020015  c.sd     x14, 0x0(x8)
#1389 0 00000000000194ca     bd9d r 0000000000000000 0000000000000000  c.j      . - 0x18a
#1390 0 0000000000019340 40f989bb r 0000000000000013 0000000000000001  subw     x19, x19, x15
#1391 0 0000000000019344     4505 r 000000000000000a 0000000000000001  c.li     x10, 0x1
#1392 0 0000000000019346 02098b63 r 0000000000000000 0000000000000000  beq      x19, x0, . + 0x36
#1393 0 000000000001934a 010a3783 r 000000000000000f 0000000000000001  ld       x15, 0x10(x20)
#1394 0 000000000001934e     9ca6 r 0000000000000019 00000000fffff47c  c.add    x25, x9
#1395 0 0000000000019350 409c0c33 r 0000000000000018 0000000000000000  sub      x24, x24, x9
#1396 0 0000000000019354 409784b3 r 0000000000000009 0000000000000000  sub      x9, x15, x9
#1397 0 0000000000019358 009a3823 m 00000000fffff410 0000000000000000  sd       x9, 0x10(x20)
#1398 0 000000000001935c     f4c5 r 0000000000000000 0000000000000000  c.bnez   x9, . - 0x58
#1399 0 000000000001935e     4501 r 000000000000000a 0000000000000000  c.li     x10, 0x0
#1400 0 0000000000019360     60e6 r 0000000000000001 000000000001809a  c.ldsp   x1, 0x58
#1401 0 0000000000019362     6446 r 0000000000000008 000000000001c466  c.ldsp   x8, 0x50
#1402 0 0000000000019364     64a6 r 0000000000000009 0000000000000000  c.ldsp   x9, 0x48
#1403 0 0000000000019366     6906 r 0000000000000012 000000000001e878  c.ldsp   x18, 0x40
#1404 0 0000000000019368     79e2 r 0000000000000013 0000000000000001  c.ldsp   x19, 0x38
#1405 0 000000000001936a     7a42 r 0000000000000014 000000000001e290  c.ldsp   x20, 0x30
#1406 0 000000000001936c     7aa2 r 0000000000000015 00000000fffff400  c.ldsp   x21, 0x28
#1407 0 000000000001936e     7b02 r 0000000000000016 00000000fffff480  c.ldsp   x22, 0x20
#1408 0 0000000000019370     6be2 r 0000000000000017 0000000000000001  c.ldsp   x23, 0x18
#1409 0 0000000000019372     6c42 r 0000000000000018 fffffffffffffffe  c.ldsp   x24, 0x10
#1410 0 0000000000019374     6ca2 r 0000000000000019 00000000fffff47b  c.ldsp   x25, 0x8
#1411 0 0000000000019376     6d02 r 000000000000001a 0000000000000064  c.ldsp   x26, 0x0
#1412 0 0000000000019378     6125 r 0000000000000002 00000000fffff2a0  c.addi16sp 0x6
#1413 0 000000000001937a     8082 r 0000000000000000 0000000000000000  c.jr     x1
#1414 0 000000000001809a     b7e1 r 0000000000000000 0000000000000000  c.j      . - 0x38
#1415 0 0000000000018062     60a6 r 0000000000000001 0000000000010f14  c.ldsp   x1, 0x48
#1416 0 0000000000018064     6406 r 0000000000000008 000000000001c466  c.ldsp   x8, 0x40
#1417 0 0000000000018066 000ab823 m 00000000fffff410 0000000000000000  sd       x0, 0x10(x21)
#1418 0 000000000001806a 000aa423 m 00000000fffff408 0000000000000000  sw       x0, 0x8(x21)
#1419 0 000000000001806e     74e2 r 0000000000000009 0000000000000000  c.ldsp   x9, 0x38
#1420 0 0000000000018070     7942 r 0000000000000012 000000000001e878  c.ldsp   x18, 0x30
#1421 0 0000000000018072     79a2 r 0000000000000013 0000000000000001  c.ldsp   x19, 0x28
#1422 0 0000000000018074     7a02 r 0000000000000014 000000000001e290  c.ldsp   x20, 0x20
#1423 0 0000000000018076     6ae2 r 0000000000000015 0000000000000000  c.ldsp   x21, 0x18
#1424 0 0000000000018078     6b42 r 0000000000000016 00000000fffff480  c.ldsp   x22, 0x10
#1425 0 000000000001807a     6ba2 r 0000000000000017 0000000000000001  c.ldsp   x23, 0x8
#1426 0 000000000001807c     6161 r 0000000000000002 00000000fffff2f0  c.addi16sp 0x5
#1427 0 000000000001807e     8082 r 0000000000000000 0000000000000000  c.jr     x1
#1428 0 0000000000010f14 ec050263 r 0000000000000000 0000000000000000  beq      x10, x0, . - 0x93c
#1429 0 00000000000105d8     67e2 r 000000000000000f 0000000000000000  c.ldsp   x15, 0x18
#1430 0 00000000000105da 10012c23 m 00000000fffff408 0000000000000000  sw       x0, 0x118(x2)
#1431 0 00000000000105de     c789 r 0000000000000000 0000000000000000  c.beqz   x15, . + 0xa
#1432 0 00000000000105e8     835a r 0000000000000006 00000000fffff480  c.mv     x6, x22
#1433 0 00000000000105ea     8ca2 r 0000000000000019 000000000001c466  c.mv     x25, x8
#1434 0 00000000000105ec 000cc783 r 000000000000000f 000000000000000a  lbu      x15, 0x0(x25)
#1435 0 00000000000105f0 e2079fe3 r 0000000000000000 0000000000000000  bne      x15, x0, . - 0x1c2
#1436 0 000000000001042e     8466 r 0000000000000008 000000000001c466  c.mv     x8, x25
#1437 0 0000000000010430 02500713 r 000000000000000e 0000000000000025  addi     x14, x0, 37
#1438 0 0000000000010434 30e78363 r 0000000000000000 0000000000000000  beq      x15, x14, . + 0x306
#1439 0 0000000000010438 00144783 r 000000000000000f 0000000000000000  lbu      x15, 0x1(x8)
#1440 0 000000000001043c     0405 r 0000000000000008 000000000001c467  c.addi   x8, 0x1
#1441 0 000000000001043e     fbfd r 0000000000000000 0000000000000000  c.bnez   x15, . - 0xa
#1442 0 0000000000010440 419404bb r 0000000000000009 0000000000000001  subw     x9, x8, x25
#1443 0 0000000000010444 1a048863 r 0000000000000000 0000000000000000  beq      x9, x0, . + 0x1b0
#1444 0 0000000000010448     7712 r 000000000000000e 0000000000000000  c.ldsp   x14, 0x120
#1445 0 000000000001044a 11812783 r 000000000000000f 0000000000000000  lw       x15, 0x118(x2)
#1446 0 000000000001044e 01933023 m 00000000fffff480 000000000001c466  sd       x25, 0x0(x6)
#1447 0 0000000000010452     9726 r 000000000000000e 0000000000000001  c.add    x14, x9
#1448 0 0000000000010454     2785 r 000000000000000f 0000000000000001  c.addiw  x15, 0x1
#1449 0 0000000000010456 00933423 m 00000000fffff488 0000000000000001  sd       x9, 0x8(x6)
#1450 0 000000000001045a     f23a m 00000000fffff410 0000000000000001  c.sdsp   x14, 0x120
#1451 0 000000000001045c 10f12c23 m 00000000fffff408 0000000000000001  sw       x15, 0x118(x2)
#1452 0 0000000000010460 0007871b r 000000000000000e 0000000000000001  addiw    x14, x15, 0
#1453 0 0000000000010464     479d r 000000000000000f 0000000000000007  c.li     x15, 0x7
#1454 0 0000000000010466     0341 r 0000000000000006 00000000fffff490  c.addi   x6, 0x10
#1455 0 0000000000010468 2ee7c063 r 0000000000000000 0000000000000000  blt      x15, x14, . + 0x2e0
#1456 0 000000000001046c     6722 r 000000000000000e 0000000000000005  c.ldsp   x14, 0x8
#1457 0 000000000001046e 00044783 r 000000000000000f 0000000000000000  lbu      x15, 0x0(x8)
#1458 0 0000000000010472     9f25 r 000000000000000e 0000000000000006  c.addw   x14, x9
#1459 0 0000000000010474     e43a m 00000000fffff2f8 0000000000000006  c.sdsp   x14, 0x8
#1460 0 0000000000010476 16078f63 r 0000000000000000 0000000000000000  beq      x15, x0, . + 0x17e
#1461 0 00000000000105f4     7792 r 000000000000000f 0000000000000001  c.ldsp   x15, 0x120
#1462 0 00000000000105f6     c399 r 0000000000000000 0000000000000000  c.beqz   x15, . + 0x6
#1463 0 00000000000105f8 2620106f r 0000000000000000 0000000000000000  j        . + 0x1262
#1464 0 000000000001185a     0a10 r 000000000000000c 00000000fffff400  c.addi4spn  x12, 0x44
#1465 0 000000000001185c     85ca r 000000000000000b 000000000001e878  c.mv     x11, x18
#1466 0 000000000001185e     8552 r 000000000000000a 000000000001e290  c.mv     x10, x20
#1467 0 0000000000011860 03d060ef r 0000000000000001 0000000000011864  jal      x1, . + 0x683c
#1468 0 000000000001809c     6a18 r 000000000000000e 0000000000000001  c.ld     x14, 0x10(x12)
#1469 0 000000000001809e     c311 r 0000000000000000 0000000000000000  c.beqz   x14, . + 0x4
#1470 0 00000000000180a0     bfa1 r 0000000000000000 0000000000000000  c.j      . - 0xa8
#1471 0 0000000000017ff8 0ac5a783 r 000000000000000f 0000000000000000  lw       x15, 0xac(x11)
#1472 0 0000000000017ffc     715d r 0000000000000002 00000000fffff2a0  c.addi16sp -0x5
#1473 0 0000000000017ffe     6709 r 000000000000000e 0000000000002000  c.lui    x14, 0x2
#1474 0 0000000000018000     ec56 m 00000000fffff2b8 0000000000000000  c.sdsp   x21, 0x18
#1475 0 0000000000018002     e486 m 00000000fffff2e8 0000000000011864  c.sdsp   x1, 0x48
#1476 0 0000000000018004     e0a2 m 00000000fffff2e0 000000000001c467  c.sdsp   x8, 0x40
#1477 0 0000000000018006     fc26 m 00000000fffff2d8 0000000000000001  c.sdsp   x9, 0x38
#1478 0 0000000000018008     f84a m 00000000fffff2d0 000000000001e878  c.sdsp   x18, 0x30
#1479 0 000000000001800a     f44e m 00000000fffff2c8 0000000000000001  c.sdsp   x19, 0x28
#1480 0 000000000001800c     f052 m 00000000fffff2c0 000000000001e290  c.sdsp   x20, 0x20
#1481 0 000000000001800e     e85a m 00000000fffff2b0 00000000fffff480  c.sdsp   x22, 0x10
#1482 0 0000000000018010     e45e m 00000000fffff2a8 0000000000000001  c.sdsp   x23, 0x8
#1483 0 0000000000018012     8ff9 r 000000000000000f 0000000000000000  c.and    x15, x14
#1484 0 0000000000018014     8ab2 r 0000000000000015 00000000fffff400  c.mv     x21, x12
#1485 0 0000000000018016     c3c1 r 0000000000000000 0000000000000000  c.beqz   x15, . + 0x80
#1486 0 0000000000018096 146010ef r 0000000000000001 000000000001809a  jal      x1, . + 0x1146
#1487 0 00000000000191dc     6a1c r 000000000000000f 0000000000000001  c.ld     x15, 0x10(x12)
#1488 0 00000000000191de 1a078c63 r 0000000000000000 0000000000000000  beq      x15, x0, . + 0x1b8
#1489 0 00000000000191e2 0105d783 r 000000000000000f 0000000000002889  lhu      x15, 0x10(x11)
#1490 0 00000000000191e6     711d r 0000000000000002 00000000fffff240  c.addi16sp -0x6
#1491 0 00000000000191e8     e8a2 m 00000000fffff290 000000000001c467  c.sdsp   x8, 0x50
#1492 0 00000000000191ea     f852 m 00000000fffff270 000000000001e290  c.sdsp   x20, 0x30
#1493 0 00000000000191ec     f456 m 00000000fffff268 00000000fffff400  c.sdsp   x21, 0x28
#1494 0 00000000000191ee     ec86 m 00000000fffff298 000000000001809a  c.sdsp   x1, 0x58
#1495 0 00000000000191f0     e4a6 m 00000000fffff288 0000000000000001  c.sdsp   x9, 0x48
#1496 0 00000000000191f2     e0ca m 00000000fffff280 000000000001e878  c.sdsp   x18, 0x40
#1497 0 00000000000191f4     fc4e m 00000000fffff278 0000000000000001  c.sdsp   x19, 0x38
#1498 0 00000000000191f6     f05a m 00000000fffff260 00000000fffff480  c.sdsp   x22, 0x20
#1499 0 00000000000191f8     ec5e m 00000000fffff258 0000000000000001  c.sdsp   x23, 0x18
#1500 0 00000000000191fa     e862 m 00000000fffff250 fffffffffffffffe  c.sdsp   x24, 0x10
#1501 0 00000000000191fc     e466 m 00000000fffff248 000000000001c466  c.sdsp   x25, 0x8
#1502 0 00000000000191fe     e06a m 00000000fffff240 0000000000000064  c.sdsp   x26, 0x0
#1503 0 0000000000019200 0087f713 r 000000000000000e 0000000000000008  andi     x14, x15, 8
#1504 0 0000000000019204     8a32 r 0000000000000014 00000000fffff400  c.mv     x20, x12
#1505 0 0000000000019206     8aaa r 0000000000000015 000000000001e290  c.mv     x21, x10
#1506 0 0000000000019208     842e r 0000000000000008 000000000001e878  c.mv     x8, x11
#1507 0 000000000001920a     c325 r 0000000000000000 0000000000000000  c.beqz   x14, . + 0x60
#1508 0 000000000001920c     6d98 r 000000000000000e 0000000000020010  c.ld     x14, 0x18(x11)
#1509 0 000000000001920e     cf31 r 0000000000000000 0000000000000000  c.beqz   x14, . + 0x5c
#1510 0 0000000000019210 0027f713 r 000000000000000e 0000000000000000  andi     x14, x15, 2
#1511 0 0000000000019214 000a3903 r 0000000000000012 00000000fffff480  ld       x18, 0x0(x20)
#1512 0 0000000000019218     c735 r 0000000000000000 0000000000000000  c.beqz   x14, . + 0x6c
#1513 0 0000000000019284 0017f713 r 000000000000000e 0000000000000001  andi     x14, x15, 1
#1514 0 0000000000019288     eb35 r 0000000000000000 0000000000000000  c.bnez   x14, . + 0x74
#1515 0 00000000000192fc     4981 r 0000000000000013 0000000000000000  c.li     x19, 0x0
#1516 0 00000000000192fe     4501 r 000000000000000a 0000000000000000  c.li     x10, 0x0
#1517 0 0000000000019300     4c81 r 0000000000000019 0000000000000000  c.li     x25, 0x0
#1518 0 0000000000019302     4c01 r 0000000000000018 0000000000000000  c.li     x24, 0x0
#1519 0 0000000000019304 080c0b63 r 0000000000000000 0000000000000000  beq      x24, x0, . + 0x96
#1520 0 000000000001939a 00893c03 r 0000000000000018 0000000000000001  ld       x24, 0x8(x18)
#1521 0 000000000001939e 00093c83 r 0000000000000019 000000000001c466  ld       x25, 0x0(x18)
#1522 0 00000000000193a2     0941 r 0000000000000012 00000000fffff490  c.addi   x18, 0x10
#1523 0 00000000000193a4 fe0c0be3 r 0000000000000000 0000000000000000  beq      x24, x0, . - 0xa
#1524 0 00000000000193a8     8662 r 000000000000000c 0000000000000001  c.mv     x12, x24
#1525 0 00000000000193aa     45a9 r 000000000000000b 000000000000000a  c.li     x11, 0xa
#1526 0 00000000000193ac     8566 r 000000000000000a 000000000001c466  c.mv     x10, x25
#1527 0 00000000000193ae f7bfb0ef r 0000000000000001 00000000000193b2  jal      x1, . - 0x4086
#1528 0 0000000000015328 00757793 r 000000000000000f 0000000000000006  andi     x15, x10, 7
#1529 0 000000000001532c 0ff5f693 r 000000000000000d 000000000000000a  andi     x13, x11, 255
#1530 0 0000000000015330     c395 r 0000000000000000 0000000000000000  c.beqz   x15, . + 0x24
#1531 0 0000000000015332 fff60793 r 000000000000000f 0000000000000000  addi     x15, x12, -1
#1532 0 0000000000015336     c605 r 0000000000000000 0000000000000000  c.beqz   x12, . + 0x28
#1533 0 0000000000015338     567d r 000000000000000c ffffffffffffffff  c.li     x12, -0x1
#1534 0 000000000001533a     a801 r 0000000000000000 0000000000000000  c.j      . + 0x10
#1535 0 000000000001534a 00054703 r 000000000000000e 000000000000000a  lbu      x14, 0x0(x10)
#1536 0 000000000001534e fed717e3 r 0000000000000000 0000000000000000  bne      x14, x13, . - 0x12
#1537 0 0000000000015352     8082 r 0000000000000000 0000000000000000  c.jr     x1
#1538 0 00000000000193b2 12050f63 r 0000000000000000 0000000000000000  beq      x10, x0, . + 0x13e
#1539 0 00000000000193b6     0505 r 000000000000000a 000000000001c467  c.addi   x10, 0x1
#1540 0 00000000000193b8 419509bb r 0000000000000013 0000000000000001  subw     x19, x10, x25
#1541 0 00000000000193bc     b7b9 r 0000000000000000 0000000000000000  c.j      . - 0xb2
#1542 0 000000000001930a     8bce r 0000000000000017 0000000000000001  c.mv     x23, x19
#1543 0 000000000001930c 013c7363 r 0000000000000000 0000000000000000  bgeu     x24, x19, . + 0x6
#1544 0 0000000000019312     6008 r 000000000000000a 0000000000020015  c.ld     x10, 0x0(x8)
#1545 0 0000000000019314     6c1c r 000000000000000f 0000000000020010  c.ld     x15, 0x18(x8)
#1546 0 0000000000019316     5014 r 000000000000000d 0000000000000400  c.lw     x13, 0x20(x8)
#1547 0 0000000000019318     84de r 0000000000000009 0000000000000001  c.mv     x9, x23
#1548 0 000000000001931a 00a7f763 r 0000000000000000 0000000000000000  bgeu     x15, x10, . + 0xe
#1549 0 000000000001931e     445c r 000000000000000f fffffffffffffffb  c.lw     x15, 0xc(x8)
#1550 0 0000000000019320 00d78b3b r 0000000000000016 00000000000003fb  addw     x22, x15, x13
#1551 0 0000000000019324 097b4d63 r 0000000000000000 0000000000000000  blt      x22, x23, . + 0x9a
#1552 0 0000000000019328 18dbc463 r 0000000000000000 0000000000000000  blt      x23, x13, . + 0x188
#1553 0 00000000000194b0     865e r 000000000000000c 0000000000000001  c.mv     x12, x23
#1554 0 00000000000194b2     85e6 r 000000000000000b 000000000001c466  c.mv     x11, x25
#1555 0 00000000000194b4 1ac000ef r 0000000000000001 00000000000194b8  jal      x1, . + 0x1ac
#1556 0 0000000000019660 02a5f263 r 0000000000000000 0000000000000000  bgeu     x11, x10, . + 0x24
#1557 0 0000000000019664 00c587b3 r 000000000000000f 000000000001c467  add      x15, x11, x12
#1558 0 0000000000019668 00f57e63 r 0000000000000000 0000000000000000  bgeu     x10, x15, . + 0x1c
#1559 0 0000000000019684     47fd r 000000000000000f 000000000000001f  c.li     x15, 0x1f
#1560 0 0000000000019686 02c7e163 r 0000000000000000 0000000000000000  bltu     x15, x12, . + 0x22
#1561 0 000000000001968a     87aa r 000000000000000f 0000000000020015  c.mv     x15, x10
#1562 0 000000000001968c fff60693 r 000000000000000d 0000000000000000  addi     x13, x12, -1
#1563 0 0000000000019690     c245 r 0000000000000000 0000000000000000  c.beqz   x12, . + 0xa0
#1564 0 0000000000019692     0685 r 000000000000000d 0000000000000001  c.addi   x13, 0x1
#1565 0 0000000000019694     96be r 000000000000000d 0000000000020016  c.add    x13, x15
#1566 0 0000000000019696 0005c703 r 000000000000000e 000000000000000a  lbu      x14, 0x0(x11)
#1567 0 000000000001969a     0785 r 000000000000000f 0000000000020016  c.addi   x15, 0x1
#1568 0 000000000001969c     0585 r 000000000000000b 000000000001c467  c.addi   x11, 0x1
#1569 0 000000000001969e fee78fa3 m 0000000000020015 000000000000000a  sb       x14, -0x1(x15)
#1570 0 00000000000196a2 fed79ae3 r 0000000000000000 0000000000000000  bne      x15, x13, . - 0xc
#1571 0 00000000000196a6     8082 r 0000000000000000 0000000000000000  c.jr     x1
#1572 0 00000000000194b8     4454 r 000000000000000d fffffffffffffffb  c.lw     x13, 0xc(x8)
#1573 0 00000000000194ba     6018 r 000000000000000e 0000000000020015  c.ld     x14, 0x0(x8)
#1574 0 00000000000194bc 000b879b r 000000000000000f 0000000000000001  addiw    x15, x23, 0
#1575 0 00000000000194c0 417686bb r 000000000000000d fffffffffffffffa  subw     x13, x13, x23
#1576 0 00000000000194c4     975e r 000000000000000e 0000000000020016  c.add    x14, x23
#1577 0 00000000000194c6     c454 m 000000000001e884 00000000fffffffa  c.sw     x13, 0xc(x8)
#1578 0 00000000000194c8     e018 m 000000000001e878 0000000000020016  c.sd     x14, 0x0(x8)
#1579 0 00000000000194ca     bd9d r 0000000000000000 0000000000000000  c.j      . - 0x18a
#1580 0 0000000000019340 40f989bb r 0000000000000013 0000000000000000  subw     x19, x19, x15
#1581 0 0000000000019344     4505 r 000000000000000a 0000000000000001  c.li     x10, 0x1
#1582 0 0000000000019346 02098b63 r 0000000000000000 0000000000000000  beq      x19, x0, . + 0x36
#1583 0 000000000001937c     85a2 r 000000000000000b 000000000001e878  c.mv     x11, x8
#1584 0 000000000001937e     8556 r 000000000000000a 000000000001e290  c.mv     x10, x21
#1585 0 0000000000019380 f0ff80ef r 0000000000000001 0000000000019384  jal      x1, . - 0x70f2
#1586 0 000000000001228e     1101 r 0000000000000002 00000000fffff220  c.addi   x2, -0x20
#1587 0 0000000000012290     e822 m 00000000fffff230 000000000001e878  c.sdsp   x8, 0x10
#1588 0 0000000000012292     ec06 m 00000000fffff238 0000000000019384  c.sdsp   x1, 0x18
#1589 0 0000000000012294     842a r 0000000000000008 000000000001e290  c.mv     x8, x10
#1590 0 0000000000012296     c119 r 0000000000000000 0000000000000000  c.beqz   x10, . + 0x6
#1591 0 0000000000012298     493c r 000000000000000f 0000000000000001  c.lw     x15, 0x50(x10)
#1592 0 000000000001229a     cb89 r 0000000000000000 0000000000000000  c.beqz   x15, . + 0x12
#1593 0 000000000001229c 01059783 r 000000000000000f 0000000000002889  lh       x15, 0x10(x11)
#1594 0 00000000000122a0     ef89 r 0000000000000000 0000000000000000  c.bnez   x15, . + 0x1a
#1595 0 00000000000122ba     8522 r 000000000000000a 000000000001e290  c.mv     x10, x8
#1596 0 00000000000122bc     6442 r 0000000000000008 000000000001e878  c.ldsp   x8, 0x10
#1597 0 00000000000122be     60e2 r 0000000000000001 0000000000019384  c.ldsp   x1, 0x18
#1598 0 00000000000122c0     6105 r 0000000000000002 00000000fffff240  c.addi16sp 0x2
#1599 0 00000000000122c2     bd2d r 0000000000000000 0000000000000000  c.j      . - 0x1c6
#1600 0 00000000000120fc 01059783 r 000000000000000f 0000000000002889  lh       x15, 0x10(x11)
#1601 0 0000000000012100     7179 r 0000000000000002 00000000fffff210  c.addi16sp -0x3
#1602 0 0000000000012102     f022 m 00000000fffff230 000000000001e878  c.sdsp   x8, 0x20
#1603 0 0000000000012104     e44e m 00000000fffff218 0000000000000000  c.sdsp   x19, 0x8
#1604 0 0000000000012106     f406 m 00000000fffff238 0000000000019384  c.sdsp   x1, 0x28
#1605 0 0000000000012108     ec26 m 00000000fffff228 0000000000000001  c.sdsp   x9, 0x18
#1606 0 000000000001210a     e84a m 00000000fffff220 00000000fffff490  c.sdsp   x18, 0x10
#1607 0 000000000001210c 0087f693 r 000000000000000d 0000000000000008  andi     x13, x15, 8
#1608 0 0000000000012110     842e r 0000000000000008 000000000001e878  c.mv     x8, x11
#1609 0 0000000000012112     89aa r 0000000000000013 000000000001e290  c.mv     x19, x10
#1610 0 0000000000012114     ead5 r 0000000000000000 0000000000000000  c.bnez   x13, . + 0xb4
#1611 0 00000000000121c8 0185b903 r 0000000000000012 0000000000020010  ld       x18, 0x18(x11)
#1612 0 00000000000121cc fe0906e3 r 0000000000000000 0000000000000000  beq      x18, x0, . - 0x14
#1613 0 00000000000121d0     6184 r 0000000000000009 0000000000020016  c.ld     x9, 0x0(x11)
#1614 0 00000000000121d2 03079713 r 000000000000000e 2889000000000000  slli     x14, x15, 48
#1615 0 00000000000121d6     9341 r 000000000000000e 0000000000002889  c.srli   x14, 0x30
#1616 0 00000000000121d8     8b0d r 000000000000000e 0000000000000001  c.andi   x14, 0x3
#1617 0 00000000000121da 0125b023 m 000000000001e878 0000000000020010  sd       x18, 0x0(x11)
#1618 0 00000000000121de 412484bb r 0000000000000009 0000000000000006  subw     x9, x9, x18
#1619 0 00000000000121e2     4781 r 000000000000000f 0000000000000000  c.li     x15, 0x0
#1620 0 00000000000121e4     e311 r 0000000000000000 0000000000000000  c.bnez   x14, . + 0x4
#1621 0 00000000000121e8     c45c m 000000000001e884 0000000000000000  c.sw     x15, 0xc(x8)
#1622 0 00000000000121ea 00904663 r 0000000000000000 0000000000000000  blt      x0, x9, . + 0xc
#1623 0 00000000000121f6     603c r 000000000000000f 00000000000161c4  c.ld     x15, 0x40(x8)
#1624 0 00000000000121f8     780c r 000000000000000b 000000000001e878  c.ld     x11, 0x30(x8)
#1625 0 00000000000121fa     86a6 r 000000000000000d 0000000000000006  c.mv     x13, x9
#1626 0 00000000000121fc     864a r 000000000000000c 0000000000020010  c.mv     x12, x18
#1627 0 00000000000121fe     854e r 000000000000000a 000000000001e290  c.mv     x10, x19
#1628 0 0000000000012200     9782 r 0000000000000001 0000000000012202  c.jalr   x15
#1629 0 00000000000161c4 01059783 r 000000000000000f 0000000000002889  lh       x15, 0x10(x11)
#1630 0 00000000000161c8     7179 r 0000000000000002 00000000fffff1e0  c.addi16sp -0x3
#1631 0 00000000000161ca     f022 m 00000000fffff200 000000000001e878  c.sdsp   x8, 0x20
#1632 0 00000000000161cc     ec26 m 00000000fffff1f8 0000000000000006  c.sdsp   x9, 0x18
#1633 0 00000000000161ce     e84a m 00000000fffff1f0 0000000000020010  c.sdsp   x18, 0x10
#1634 0 00000000000161d0     e44e m 00000000fffff1e8 000000000001e290  c.sdsp   x19, 0x8
#1635 0 00000000000161d2     f406 m 00000000fffff208 0000000000012202  c.sdsp   x1, 0x28
#1636 0 00000000000161d4 1007f713 r 000000000000000e 0000000000000000  andi     x14, x15, 256
#1637 0 00000000000161d8     842e r 0000000000000008 000000000001e878  c.mv     x8, x11
#1638 0 00000000000161da     84aa r 0000000000000009 000000000001e290  c.mv     x9, x10
#1639 0 00000000000161dc 01259583 r 000000000000000b 0000000000000001  lh       x11, 0x12(x11)
#1640 0 00000000000161e0     8932 r 0000000000000012 0000000000020010  c.mv     x18, x12
#1641 0 00000000000161e2     89b6 r 0000000000000013 0000000000000006  c.mv     x19, x13
#1642 0 00000000000161e4     e30d r 0000000000000000 0000000000000000  c.bnez   x14, . + 0x22
#1643 0 00000000000161e6     777d r 000000000000000e fffffffffffff000  c.lui    x14, 0xfffff
#1644 0 00000000000161e8     177d r 000000000000000e ffffffffffffefff  c.addi   x14, -0x1
#1645 0 00000000000161ea     8ff9 r 000000000000000f 0000000000002889  c.and    x15, x14
#1646 0 00000000000161ec 00f41823 m 000000000001e888 0000000000002889  sh       x15, 0x10(x8)
#1647 0 00000000000161f0     7402 r 0000000000000008 000000000001e878  c.ldsp   x8, 0x20
#1648 0 00000000000161f2     70a2 r 0000000000000001 0000000000012202  c.ldsp   x1, 0x28
#1649 0 00000000000161f4     86ce r 000000000000000d 0000000000000006  c.mv     x13, x19
#1650 0 00000000000161f6     864a r 000000000000000c 0000000000020010  c.mv     x12, x18
#1651 0 00000000000161f8     69a2 r 0000000000000013 000000000001e290  c.ldsp   x19, 0x8
#1652 0 00000000000161fa     6942 r 0000000000000012 0000000000020010  c.ldsp   x18, 0x10
#1653 0 00000000000161fc     8526 r 000000000000000a 000000000001e290  c.mv     x10, x9
#1654 0 00000000000161fe     64e2 r 0000000000000009 0000000000000006  c.ldsp   x9, 0x18
#1655 0 0000000000016200     6145 r 0000000000000002 00000000fffff210  c.addi16sp 0x3
#1656 0 0000000000016202 3a70206f r 0000000000000000 0000000000000000  j        . + 0x2ba6
#1657 0 0000000000018da8     1101 r 0000000000000002 00000000fffff1f0  c.addi   x2, -0x20
#1658 0 0000000000018daa     872e r 000000000000000e 0000000000000001  c.mv     x14, x11
#1659 0 0000000000018dac     e822 m 00000000fffff200 000000000001e878  c.sdsp   x8, 0x10
#1660 0 0000000000018dae     e426 m 00000000fffff1f8 0000000000000006  c.sdsp   x9, 0x8
#1661 0 0000000000018db0     85b2 r 000000000000000b 0000000000020010  c.mv     x11, x12
#1662 0 0000000000018db2     842a r 0000000000000008 000000000001e290  c.mv     x8, x10
#1663 0 0000000000018db4     8636 r 000000000000000c 0000000000000006  c.mv     x12, x13
#1664 0 0000000000018db6     853a r 000000000000000a 0000000000000001  c.mv     x10, x14
#1665 0 0000000000018db8     ec06 m 00000000fffff208 0000000000012202  c.sdsp   x1, 0x18
#1666 0 0000000000018dba 7801a823 m 000000000001f408 0000000000000000  sw       x0, 0x790(x3)
#1667 0 0000000000018dbe 208020ef r 0000000000000001 0000000000018dc2  jal      x1, . + 0x2208
#1668 0 000000000001afc6     1141 r 0000000000000002 00000000fffff1e0  c.addi   x2, -0x10
#1669 0 000000000001afc8     e406 m 00000000fffff1e8 0000000000018dc2  c.sdsp   x1, 0x8
#1670 0 000000000001afca     e022 m 00000000fffff1e0 000000000001e290  c.sdsp   x8, 0x0
#1671 0 000000000001afcc 04000893 r 0000000000000011 0000000000000040  addi     x17, x0, 64
#1672 0 000000000001afd0 00000073 r 000000000000000a 0000000000000006  ecall    
#1673 0 000000000001afd4     842a r 0000000000000008 0000000000000006  c.mv     x8, x10
#1674 0 000000000001afd6 00054763 r 0000000000000000 0000000000000000  blt      x10, x0, . + 0xe
#1675 0 000000000001afda     60a2 r 0000000000000001 0000000000018dc2  c.ldsp   x1, 0x8
#1676 0 000000000001afdc     8522 r 000000000000000a 0000000000000006  c.mv     x10, x8
#1677 0 000000000001afde     6402 r 0000000000000008 000000000001e290  c.ldsp   x8, 0x0
#1678 0 000000000001afe0     0141 r 0000000000000002 00000000fffff1f0  c.addi   x2, 0x10
#1679 0 000000000001afe2     8082 r 0000000000000000 0000000000000000  c.jr     x1
#1680 0 0000000000018dc2     57fd r 000000000000000f ffffffffffffffff  c.li     x15, -0x1
#1681 0 0000000000018dc4 00f50763 r 0000000000000000 0000000000000000  beq      x10, x15, . + 0xe
#1682 0 0000000000018dc8     60e2 r 0000000000000001 0000000000012202  c.ldsp   x1, 0x18
#1683 0 0000000000018dca     6442 r 0000000000000008 000000000001e878  c.ldsp   x8, 0x10
#1684 0 0000000000018dcc     64a2 r 0000000000000009 0000000000000006  c.ldsp   x9, 0x8
#1685 0 0000000000018dce     6105 r 0000000000000002 00000000fffff210  c.addi16sp 0x2
#1686 0 0000000000018dd0     8082 r 0000000000000000 0000000000000000  c.jr     x1
#1687 0 0000000000012202     9c89 r 0000000000000009 0000000000000000  c.subw   x9, x10
#1688 0 0000000000012204 fea046e3 r 0000000000000000 0000000000000000  blt      x0, x10, . - 0x14
#1689 0 00000000000121f0     992a r 0000000000000012 0000000000020016  c.add    x18, x10
#1690 0 00000000000121f2 fc9053e3 r 0000000000000000 0000000000000000  bge      x0, x9, . - 0x3a
#1691 0 00000000000121b8     4501 r 000000000000000a 0000000000000000  c.li     x10, 0x0
#1692 0 00000000000121ba     70a2 r 0000000000000001 0000000000019384  c.ldsp   x1, 0x28
#1693 0 00000000000121bc     7402 r 0000000000000008 000000000001e878  c.ldsp   x8, 0x20
#1694 0 00000000000121be     64e2 r 0000000000000009 0000000000000001  c.ldsp   x9, 0x18
#1695 0 00000000000121c0     6942 r 0000000000000012 00000000fffff490  c.ldsp   x18, 0x10
#1696 0 00000000000121c2     69a2 r 0000000000000013 0000000000000000  c.ldsp   x19, 0x8
#1697 0 00000000000121c4     6145 r 0000000000000002 00000000fffff240  c.addi16sp 0x3
#1698 0 00000000000121c6     8082 r 0000000000000000 0000000000000000  c.jr     x1
#1699 0 0000000000019384     d179 r 0000000000000000 0000000000000000  c.beqz   x10, . - 0x3a
#1700 0 000000000001934a 010a3783 r 000000000000000f 0000000000000001  ld       x15, 0x10(x20)
#1701 0 000000000001934e     9ca6 r 0000000000000019 000000000001c467  c.add    x25, x9
#1702 0 0000000000019350 409c0c33 r 0000000000000018 0000000000000000  sub      x24, x24, x9
#1703 0 0000000000019354 409784b3 r 0000000000000009 0000000000000000  sub      x9, x15, x9
#1704 0 0000000000019358 009a3823 m 00000000fffff410 0000000000000000  sd       x9, 0x10(x20)
#1705 0 000000000001935c     f4c5 r 0000000000000000 0000000000000000  c.bnez   x9, . - 0x58
#1706 0 000000000001935e     4501 r 000000000000000a 0000000000000000  c.li     x10, 0x0
#1707 0 0000000000019360     60e6 r 0000000000000001 000000000001809a  c.ldsp   x1, 0x58
#1708 0 0000000000019362     6446 r 0000000000000008 000000000001c467  c.ldsp   x8, 0x50
#1709 0 0000000000019364     64a6 r 0000000000000009 0000000000000001  c.ldsp   x9, 0x48
#1710 0 0000000000019366     6906 r 0000000000000012 000000000001e878  c.ldsp   x18, 0x40
#1711 0 0000000000019368     79e2 r 0000000000000013 0000000000000001  c.ldsp   x19, 0x38
#1712 0 000000000001936a     7a42 r 0000000000000014 000000000001e290  c.ldsp   x20, 0x30
#1713 0 000000000001936c     7aa2 r 0000000000000015 00000000fffff400  c.ldsp   x21, 0x28
#1714 0 000000000001936e     7b02 r 0000000000000016 00000000fffff480  c.ldsp   x22, 0x20
#1715 0 0000000000019370     6be2 r 0000000000000017 0000000000000001  c.ldsp   x23, 0x18
#1716 0 0000000000019372     6c42 r 0000000000000018 fffffffffffffffe  c.ldsp   x24, 0x10
#1717 0 0000000000019374     6ca2 r 0000000000000019 000000000001c466  c.ldsp   x25, 0x8
#1718 0 0000000000019376     6d02 r 000000000000001a 0000000000000064  c.ldsp   x26, 0x0
#1719 0 0000000000019378     6125 r 0000000000000002 00000000fffff2a0  c.addi16sp 0x6
#1720 0 000000000001937a     8082 r 0000000000000000 0000000000000000  c.jr     x1
#1721 0 000000000001809a     b7e1 r 0000000000000000 0000000000000000  c.j      . - 0x38
#1722 0 0000000000018062     60a6 r 0000000000000001 0000000000011864  c.ldsp   x1, 0x48
#1723 0 0000000000018064     6406 r 0000000000000008 000000000001c467  c.ldsp   x8, 0x40
#1724 0 0000000000018066 000ab823 m 00000000fffff410 0000000000000000  sd       x0, 0x10(x21)
#1725 0 000000000001806a 000aa423 m 00000000fffff408 0000000000000000  sw       x0, 0x8(x21)
#1726 0 000000000001806e     74e2 r 0000000000000009 0000000000000001  c.ldsp   x9, 0x38
#1727 0 0000000000018070     7942 r 0000000000000012 000000000001e878  c.ldsp   x18, 0x30
#1728 0 0000000000018072     79a2 r 0000000000000013 0000000000000001  c.ldsp   x19, 0x28
#1729 0 0000000000018074     7a02 r 0000000000000014 000000000001e290  c.ldsp   x20, 0x20
#1730 0 0000000000018076     6ae2 r 0000000000000015 0000000000000000  c.ldsp   x21, 0x18
#1731 0 0000000000018078     6b42 r 0000000000000016 00000000fffff480  c.ldsp   x22, 0x10
#1732 0 000000000001807a     6ba2 r 0000000000000017 0000000000000001  c.ldsp   x23, 0x8
#1733 0 000000000001807c     6161 r 0000000000000002 00000000fffff2f0  c.addi16sp 0x5
#1734 0 000000000001807e     8082 r 0000000000000000 0000000000000000  c.jr     x1
#1735 0 0000000000011864 d99fe06f r 0000000000000000 0000000000000000  j        . - 0x1268
#1736 0 00000000000105fc 01095783 r 000000000000000f 0000000000002889  lhu      x15, 0x10(x18)
#1737 0 0000000000010600 0407f793 r 000000000000000f 0000000000000000  andi     x15, x15, 64
#1738 0 0000000000010604     c399 r 0000000000000000 0000000000000000  c.beqz   x15, . + 0x6
#1739 0 000000000001060a 27813083 r 0000000000000001 0000000000010340  ld       x1, 0x278(x2)
#1740 0 000000000001060e 27013403 r 0000000000000008 00000000ffffff50  ld       x8, 0x270(x2)
#1741 0 0000000000010612     6522 r 000000000000000a 0000000000000006  c.ldsp   x10, 0x8
#1742 0 0000000000010614 26813483 r 0000000000000009 0000000000000000  ld       x9, 0x268(x2)
#1743 0 0000000000010618 26013903 r 0000000000000012 0000000000000000  ld       x18, 0x260(x2)
#1744 0 000000000001061c 25813983 r 0000000000000013 0000000000000000  ld       x19, 0x258(x2)
#1745 0 0000000000010620 25013a03 r 0000000000000014 0000000000000000  ld       x20, 0x250(x2)
#1746 0 0000000000010624 24813a83 r 0000000000000015 0000000000000000  ld       x21, 0x248(x2)
#1747 0 0000000000010628 24013b03 r 0000000000000016 0000000000000000  ld       x22, 0x240(x2)
#1748 0 000000000001062c 23813b83 r 0000000000000017 0000000000000000  ld       x23, 0x238(x2)
#1749 0 0000000000010630 23013c03 r 0000000000000018 0000000000000000  ld       x24, 0x230(x2)
#1750 0 0000000000010634 22813c83 r 0000000000000019 0000000000000000  ld       x25, 0x228(x2)
#1751 0 0000000000010638 22013d03 r 000000000000001a 0000000000000000  ld       x26, 0x220(x2)
#1752 0 000000000001063c 21813d83 r 000000000000001b 0000000000000000  ld       x27, 0x218(x2)
#1753 0 0000000000010640 28010113 r 0000000000000002 00000000fffff570  addi     x2, x2, 640
#1754 0 0000000000010644     8082 r 0000000000000000 0000000000000000  c.jr     x1
#1755 0 0000000000010340     60e2 r 0000000000000001 0000000000010184  c.ldsp   x1, 0x18
#1756 0 0000000000010342     6125 r 0000000000000002 00000000fffff5d0  c.addi16sp 0x6
#1757 0 0000000000010344     8082 r 0000000000000000 0000000000000000  c.jr     x1
#1758 0 0000000000010184 fec42783 r 000000000000000f 0000000000000000  lw       x15, -0x14(x8)
#1759 0 0000000000010188     2785 r 000000000000000f 0000000000000001  c.addiw  x15, 0x1
#1760 0 000000000001018a fef42623 m 00000000ffffff3c 0000000000000001  sw       x15, -0x14(x8)
#1761 0 000000000001018e fec42783 r 000000000000000f 0000000000000001  lw       x15, -0x14(x8)
#1762 0 0000000000010192 0007871b r 000000000000000e 0000000000000001  addiw    x14, x15, 0
#1763 0 0000000000010196     47a5 r 000000000000000f 0000000000000009  c.li     x15, 0x9
#1764 0 0000000000010198 fce7dee3 r 0000000000000000 0000000000000000  bge      x15, x14, . - 0x24
#1765 0 0000000000010174 fec42783 r 000000000000000f 0000000000000001  lw       x15, -0x14(x8)
#1766 0 0000000000010178     85be r 000000000000000b 0000000000000001  c.mv     x11, x15
#1767 0 000000000001017a     67f1 r 000000000000000f 000000000001c000  c.lui    x15, 0x1c
#1768 0 000000000001017c 46078513 r 000000000000000a 000000000001c460  addi     x10, x15, 1120
#1769 0 0000000000010180 19a000ef r 0000000000000001 0000000000010184  jal      x1, . + 0x19a
#1770 0 000000000001031a 7581b303 r 0000000000000006 000000000001e290  ld       x6, 0x758(x3)
#1771 0 000000000001031e     711d r 0000000000000002 00000000fffff570  c.addi16sp -0x6
#1772 0 0000000000010320     f832 m 00000000fffff5a0 0000000000000006  c.sdsp   x12, 0x30
#1773 0 0000000000010322     fc36 m 00000000fffff5a8 0000000000000006  c.sdsp   x13, 0x38
#1774 0 0000000000010324     f42e m 00000000fffff598 0000000000000001  c.sdsp   x11, 0x28
#1775 0 0000000000010326     e0ba m 00000000fffff5b0 0000000000000001  c.sdsp   x14, 0x40
#1776 0 0000000000010328     e4be m 00000000fffff5b8 000000000001c000  c.sdsp   x15, 0x48
#1777 0 000000000001032a     e8c2 m 00000000fffff5c0 0000000000000000  c.sdsp   x16, 0x50
#1778 0 000000000001032c     ecc6 m 00000000fffff5c8 0000000000000040  c.sdsp   x17, 0x58
#1779 0 000000000001032e 01033583 r 000000000000000b 000000000001e878  ld       x11, 0x10(x6)
#1780 0 0000000000010332     1034 r 000000000000000d 00000000fffff598  c.addi4spn  x13, 0xa
#1781 0 0000000000010334     862a r 000000000000000c 000000000001c460  c.mv     x12, x10
#1782 0 0000000000010336     851a r 000000000000000a 000000000001e290  c.mv     x10, x6
#1783 0 0000000000010338     ec06 m 00000000fffff588 0000000000010184  c.sdsp   x1, 0x18
#1784 0 000000000001033a     e436 m 00000000fffff578 00000000fffff598  c.sdsp   x13, 0x8
#1785 0 000000000001033c 00a000ef r 0000000000000001 0000000000010340  jal      x1, . + 0xa
#1786 0 0000000000010346 d8010113 r 0000000000000002 00000000fffff2f0  addi     x2, x2, -640
#1787 0 000000000001034a 26113c23 m 00000000fffff568 0000000000010340  sd       x1, 0x278(x2)
#1788 0 000000000001034e 27213023 m 00000000fffff550 0000000000000000  sd       x18, 0x260(x2)
#1789 0 0000000000010352 25413823 m 00000000fffff540 0000000000000000  sd       x20, 0x250(x2)
#1790 0 0000000000010356 23913423 m 00000000fffff518 0000000000000000  sd       x25, 0x228(x2)
#1791 0 000000000001035a     892e r 0000000000000012 000000000001e878  c.mv     x18, x11
#1792 0 000000000001035c     8cb2 r 0000000000000019 000000000001c460  c.mv     x25, x12
#1793 0 000000000001035e     e836 m 00000000fffff300 00000000fffff598  c.sdsp   x13, 0x10
#1794 0 0000000000010360 26813823 m 00000000fffff560 00000000ffffff50  sd       x8, 0x270(x2)
#1795 0 0000000000010364 26913423 m 00000000fffff558 0000000000000000  sd       x9, 0x268(x2)
#1796 0 0000000000010368 25313c23 m 00000000fffff548 0000000000000000  sd       x19, 0x258(x2)
#1797 0 000000000001036c 25513423 m 00000000fffff538 0000000000000000  sd       x21, 0x248(x2)
#1798 0 0000000000010370 25613023 m 00000000fffff530 0000000000000000  sd       x22, 0x240(x2)
#1799 0 0000000000010374 23713c23 m 00000000fffff528 0000000000000000  sd       x23, 0x238(x2)
#1800 0 0000000000010378 23813823 m 00000000fffff520 0000000000000000  sd       x24, 0x230(x2)
#1801 0 000000000001037c 23a13023 m 00000000fffff510 0000000000000000  sd       x26, 0x220(x2)
#1802 0 0000000000010380 21b13c23 m 00000000fffff508 0000000000000000  sd       x27, 0x218(x2)
#1803 0 0000000000010384     8a2a r 0000000000000014 000000000001e290  c.mv     x20, x10
#1804 0 0000000000010386 6fa040ef r 0000000000000001 000000000001038a  jal      x1, . + 0x46fa
#1805 0 0000000000014a80 e6018513 r 000000000000000a 000000000001ead8  addi     x10, x3, -416
#1806 0 0000000000014a84     8082 r 0000000000000000 0000000000000000  c.jr     x1
#1807 0 000000000001038a     611c r 000000000000000f 000000000001c9b0  c.ld     x15, 0x0(x10)
#1808 0 000000000001038c     853e r 000000000000000a 000000000001c9b0  c.mv     x10, x15
#1809 0 000000000001038e     f8be m 00000000fffff360 000000000001c9b0  c.sdsp   x15, 0x70
#1810 0 0000000000010390 058060ef r 0000000000000001 0000000000010394  jal      x1, . + 0x6058
#1811 0 00000000000163e8 00757793 r 000000000000000f 0000000000000000  andi     x15, x10, 7
#1812 0 00000000000163ec     872a r 000000000000000e 000000000001c9b0  c.mv     x14, x10
#1813 0 00000000000163ee     eba9 r 0000000000000000 0000000000000000  c.bnez   x15, . + 0x52
#1814 0 00000000000163f0 7401b683 r 000000000000000d 7f7f7f7f7f7f7f7f  ld       x13, 0x740(x3)
#1815 0 00000000000163f4     55fd r 000000000000000b ffffffffffffffff  c.li     x11, -0x1
#1816 0 00000000000163f6     6310 r 000000000000000c 000000000000002e  c.ld     x12, 0x0(x14)
#1817 0 00000000000163f8     0721 r 000000000000000e 000000000001c9b8  c.addi   x14, 0x8
#1818 0 00000000000163fa 00d677b3 r 000000000000000f 000000000000002e  and      x15, x12, x13
#1819 0 00000000000163fe     97b6 r 000000000000000f 7f7f7f7f7f7f7fad  c.add    x15, x13
#1820 0 0000000000016400     8fd1 r 000000000000000f 7f7f7f7f7f7f7faf  c.or     x15, x12
#1821 0 0000000000016402     8fd5 r 000000000000000f 7f7f7f7f7f7f7fff  c.or     x15, x13
#1822 0 0000000000016404 feb789e3 r 0000000000000000 0000000000000000  beq      x15, x11, . - 0xe
#1823 0 0000000000016408 ff874683 r 000000000000000d 000000000000002e  lbu      x13, -0x8(x14)
#1824 0 000000000001640c 40a707b3 r 000000000000000f 0000000000000008  sub      x15, x14, x10
#1825 0 0000000000016410     c6a9 r 0000000000000000 0000000000000000  c.beqz   x13, . + 0x4a
#1826 0 0000000000016412 ff974683 r 000000000000000d 0000000000000000  lbu      x13, -0x7(x14)
#1827 0 0000000000016416     ce9d r 0000000000000000 0000000000000000  c.beqz   x13, . + 0x3e
#1828 0 0000000000016454 ff978513 r 000000000000000a 0000000000000001  addi     x10, x15, -7
#1829 0 0000000000016458     8082 r 0000000000000000 0000000000000000  c.jr     x1
#1830 0 0000000000010394     f4aa m 00000000fffff358 0000000000000001  c.sdsp   x10, 0x68
#1831 0 0000000000010396     e202 m 00000000fffff3f0 0000000000000000  c.sdsp   x0, 0x100
#1832 0 0000000000010398     e602 m 00000000fffff3f8 0000000000000000  c.sdsp   x0, 0x108
#1833 0 000000000001039a 000a0663 r 0000000000000000 0000000000000000  beq      x20, x0, . + 0xc
#1834 0 000000000001039e 050a2783 r 000000000000000f 0000000000000001  lw       x15, 0x50(x20)
#1835 0 00000000000103a2 72078963 r 0000000000000000 0000000000000000  beq      x15, x0, . + 0x732
#1836 0 00000000000103a6 01091703 r 000000000000000e 0000000000002889  lh       x14, 0x10(x18)
#1837 0 00000000000103aa     6689 r 000000000000000d 0000000000002000  c.lui    x13, 0x2
#1838 0 00000000000103ac 03071793 r 000000000000000f 2889000000000000  slli     x15, x14, 48
#1839 0 00000000000103b0     93c1 r 000000000000000f 0000000000002889  c.srli   x15, 0x30
#1840 0 00000000000103b2 00d7f633 r 000000000000000c 0000000000002000  and      x12, x15, x13
#1841 0 00000000000103b6     e215 r 0000000000000000 0000000000000000  c.bnez   x12, . + 0x24
#1842 0 00000000000103da 0087f713 r 000000000000000e 0000000000000008  andi     x14, x15, 8
#1843 0 00000000000103de 26070a63 r 0000000000000000 0000000000000000  beq      x14, x0, . + 0x274
#1844 0 00000000000103e2 01893703 r 000000000000000e 0000000000020010  ld       x14, 0x18(x18)
#1845 0 00000000000103e6 26070663 r 0000000000000000 0000000000000000  beq      x14, x0, . + 0x26c
#1846 0 00000000000103ea     8be9 r 000000000000000f 0000000000000008  c.andi   x15, 0x1a
#1847 0 00000000000103ec     4729 r 000000000000000e 000000000000000a  c.li     x14, 0xa
#1848 0 00000000000103ee 26e78f63 r 0000000000000000 0000000000000000  beq      x15, x14, . + 0x27e
#1849 0 00000000000103f2     67f1 r 000000000000000f 000000000001c000  c.lui    x15, 0x1c
#1850 0 00000000000103f4 6887b783 r 000000000000000f 3ffc000000000000  ld       x15, 0x688(x15)
#1851 0 00000000000103f8 19010b13 r 0000000000000016 00000000fffff480  addi     x22, x2, 400
#1852 0 00000000000103fc     ea5a m 00000000fffff400 00000000fffff480  c.sdsp   x22, 0x110
#1853 0 00000000000103fe     ed3e m 00000000fffff388 3ffc000000000000  c.sdsp   x15, 0x98
#1854 0 0000000000010400     67f1 r 000000000000000f 000000000001c000  c.lui    x15, 0x1c
#1855 0 0000000000010402 6687b783 r 000000000000000f 4003000000000000  ld       x15, 0x668(x15)
#1856 0 0000000000010406     f202 m 00000000fffff410 0000000000000000  c.sdsp   x0, 0x120
#1857 0 0000000000010408 10012c23 m 00000000fffff408 0000000000000000  sw       x0, 0x118(x2)
#1858 0 000000000001040c     e93e m 00000000fffff380 4003000000000000  c.sdsp   x15, 0x90
#1859 0 000000000001040e     67f1 r 000000000000000f 000000000001c000  c.lui    x15, 0x1c
#1860 0 0000000000010410 6787b783 r 000000000000000f 3ffe000000000000  ld       x15, 0x678(x15)
#1861 0 0000000000010414     f002 m 00000000fffff310 0000000000000000  c.sdsp   x0, 0x20
#1862 0 0000000000010416     f402 m 00000000fffff318 0000000000000000  c.sdsp   x0, 0x28
#1863 0 0000000000010418     f13e m 00000000fffff390 3ffe000000000000  c.sdsp   x15, 0xa0
#1864 0 000000000001041a 000cc783 r 000000000000000f 0000000000000069  lbu      x15, 0x0(x25)
#1865 0 000000000001041e     fc82 m 00000000fffff368 0000000000000000  c.sdsp   x0, 0x78
#1866 0 0000000000010420     f082 m 00000000fffff350 0000000000000000  c.sdsp   x0, 0x60
#1867 0 0000000000010422     e102 m 00000000fffff370 0000000000000000  c.sdsp   x0, 0x80
#1868 0 0000000000010424     e502 m 00000000fffff378 0000000000000000  c.sdsp   x0, 0x88
#1869 0 0000000000010426     e402 m 00000000fffff2f8 0000000000000000  c.sdsp   x0, 0x8
#1870 0 0000000000010428     835a r 0000000000000006 00000000fffff480  c.mv     x6, x22
#1871 0 000000000001042a 1c078563 r 0000000000000000 0000000000000000  beq      x15, x0, . + 0x1ca
#1872 0 000000000001042e     8466 r 0000000000000008 000000000001c460  c.mv     x8, x25
#1873 0 0000000000010430 02500713 r 000000000000000e 0000000000000025  addi     x14, x0, 37
#1874 0 0000000000010434 30e78363 r 0000000000000000 0000000000000000  beq      x15, x14, . + 0x306
#1875 0 0000000000010438 00144783 r 000000000000000f 0000000000000020  lbu      x15, 0x1(x8)
#1876 0 000000000001043c     0405 r 0000000000000008 000000000001c461  c.addi   x8, 0x1
#1877 0 000000000001043e     fbfd r 0000000000000000 0000000000000000  c.bnez   x15, . - 0xa
#1878 0 0000000000010434 30e78363 r 0000000000000000 0000000000000000  beq      x15, x14, . + 0x306
#1879 0 0000000000010438 00144783 r 000000000000000f 000000000000003d  lbu      x15, 0x1(x8)
#1880 0 000000000001043c     0405 r 0000000000000008 000000000001c462  c.addi   x8, 0x1
#1881 0 000000000001043e     fbfd r 0000000000000000 0000000000000000  c.bnez   x15, . - 0xa
#1882 0 0000000000010434 30e78363 r 0000000000000000 0000000000000000  beq      x15, x14, . + 0x306
#1883 0 0000000000010438 00144783 r 000000000000000f 0000000000000020  lbu      x15, 0x1(x8)
#1884 0 000000000001043c     0405 r 0000000000000008 000000000001c463  c.addi   x8, 0x1
#1885 0 000000000001043e     fbfd r 0000000000000000 0000000000000000  c.bnez   x15, . - 0xa
#1886 0 0000000000010434 30e78363 r 0000000000000000 0000000000000000  beq      x15, x14, . + 0x306
#1887 0 0000000000010438 00144783 r 000000000000000f 0000000000000025  lbu      x15, 0x1(x8)
#1888 0 000000000001043c     0405 r 0000000000000008 000000000001c464  c.addi   x8, 0x1
#1889 0 000000000001043e     fbfd r 0000000000000000 0000000000000000  c.bnez   x15, . - 0xa
#1890 0 0000000000010434 30e78363 r 0000000000000000 0000000000000000  beq      x15, x14, . + 0x306
#1891 0 000000000001073a 419404bb r 0000000000000009 0000000000000004  subw     x9, x8, x25
#1892 0 000000000001073e d00495e3 r 0000000000000000 0000000000000000  bne      x9, x0, . - 0x2f6
#1893 0 0000000000010448     7712 r 000000000000000e 0000000000000000  c.ldsp   x14, 0x120
#1894 0 000000000001044a 11812783 r 000000000000000f 0000000000000000  lw       x15, 0x118(x2)
#1895 0 000000000001044e 01933023 m 00000000fffff480 000000000001c460  sd       x25, 0x0(x6)
#1896 0 0000000000010452     9726 r 000000000000000e 0000000000000004  c.add    x14, x9
#1897 0 0000000000010454     2785 r 000000000000000f 0000000000000001  c.addiw  x15, 0x1
#1898 0 0000000000010456 00933423 m 00000000fffff488 0000000000000004  sd       x9, 0x8(x6)
#1899 0 000000000001045a     f23a m 00000000fffff410 0000000000000004  c.sdsp   x14, 0x120
#1900 0 000000000001045c 10f12c23 m 00000000fffff408 0000000000000001  sw       x15, 0x118(x2)
#1901 0 0000000000010460 0007871b r 000000000000000e 0000000000000001  addiw    x14, x15, 0
#1902 0 0000000000010464     479d r 000000000000000f 0000000000000007  c.li     x15, 0x7
#1903 0 0000000000010466     0341 r 0000000000000006 00000000fffff490  c.addi   x6, 0x10
#1904 0 0000000000010468 2ee7c063 r 0000000000000000 0000000000000000  blt      x15, x14, . + 0x2e0
#1905 0 000000000001046c     6722 r 000000000000000e 0000000000000000  c.ldsp   x14, 0x8
#1906 0 000000000001046e 00044783 r 000000000000000f 0000000000000025  lbu      x15, 0x0(x8)
#1907 0 0000000000010472     9f25 r 000000000000000e 0000000000000004  c.addw   x14, x9
#1908 0 0000000000010474     e43a m 00000000fffff2f8 0000000000000004  c.sdsp   x14, 0x8
#1909 0 0000000000010476 16078f63 r 0000000000000000 0000000000000000  beq      x15, x0, . + 0x17e
#1910 0 000000000001047a     67f1 r 000000000000000f 000000000001c000  c.lui    x15, 0x1c
#1911 0 000000000001047c 00144e03 r 000000000000001c 0000000000000064  lbu      x28, 0x1(x8)
#1912 0 0000000000010480 0c010fa3 m 00000000fffff3cf 0000000000000000  sb       x0, 0xdf(x2)
#1913 0 0000000000010484     0405 r 0000000000000008 000000000001c465  c.addi   x8, 0x1
#1914 0 0000000000010486     5c7d r 0000000000000018 ffffffffffffffff  c.li     x24, -0x1
#1915 0 0000000000010488     4a81 r 0000000000000015 0000000000000000  c.li     x21, 0x0
#1916 0 000000000001048a     4481 r 0000000000000009 0000000000000000  c.li     x9, 0x0
#1917 0 000000000001048c 05a00993 r 0000000000000013 000000000000005a  addi     x19, x0, 90
#1918 0 0000000000010490 4c878b93 r 0000000000000017 000000000001c4c8  addi     x23, x15, 1224
#1919 0 0000000000010494     4da5 r 000000000000001b 0000000000000009  c.li     x27, 0x9
#1920 0 0000000000010496     0405 r 0000000000000008 000000000001c466  c.addi   x8, 0x1
#1921 0 0000000000010498 000e0d1b r 000000000000001a 0000000000000064  addiw    x26, x28, 0
#1922 0 000000000001049c 02a00613 r 000000000000000c 000000000000002a  addi     x12, x0, 42
#1923 0 00000000000104a0 fe0d079b r 000000000000000f 0000000000000044  addiw    x15, x26, -32
#1924 0 00000000000104a4 0007871b r 000000000000000e 0000000000000044  addiw    x14, x15, 0
#1925 0 00000000000104a8 04e9e363 r 0000000000000000 0000000000000000  bltu     x19, x14, . + 0x46
#1926 0 00000000000104ac 02079713 r 000000000000000e 0000004400000000  slli     x14, x15, 32
#1927 0 00000000000104b0 01e75793 r 000000000000000f 0000000000000110  srli     x15, x14, 30
#1928 0 00000000000104b4     97de r 000000000000000f 000000000001c5d8  c.add    x15, x23
#1929 0 00000000000104b6     439c r 000000000000000f 000000000001068a  c.lw     x15, 0x0(x15)
#1930 0 00000000000104b8     8782 r 0000000000000000 0000000000000000  c.jr     x15
#1931 0 000000000001068a     66c2 r 000000000000000d 00000000fffff598  c.ldsp   x13, 0x10
#1932 0 000000000001068c 0204f793 r 000000000000000f 0000000000000000  andi     x15, x9, 32
#1933 0 0000000000010690 00868713 r 000000000000000e 00000000fffff5a0  addi     x14, x13, 8
#1934 0 0000000000010694 3c078163 r 0000000000000000 0000000000000000  beq      x15, x0, . + 0x3c2
#1935 0 0000000000010a56 0104f793 r 000000000000000f 0000000000000000  andi     x15, x9, 16
#1936 0 0000000000010a5a 7e079f63 r 0000000000000000 0000000000000000  bne      x15, x0, . + 0x7fe
#1937 0 0000000000010a5e 0404f793 r 000000000000000f 0000000000000000  andi     x15, x9, 64
#1938 0 0000000000010a62 380788e3 r 0000000000000000 0000000000000000  beq      x15, x0, . + 0xb90
#1939 0 00000000000115f2 2004f793 r 000000000000000f 0000000000000000  andi     x15, x9, 512
#1940 0 00000000000115f6 24078163 r 0000000000000000 0000000000000000  beq      x15, x0, . + 0x242
#1941 0 0000000000011838     67c2 r 000000000000000f 00000000fffff598  c.ldsp   x15, 0x10
#1942 0 000000000001183a 0007a983 r 0000000000000013 0000000000000001  lw       x19, 0x0(x15)
#1943 0 000000000001183e     87ce r 000000000000000f 0000000000000001  c.mv     x15, x19
#1944 0 0000000000011840 e5dfe06f r 0000000000000000 0000000000000000  j        . - 0x11a4
#1945 0 000000000001069c 3c07cb63 r 0000000000000000 0000000000000000  blt      x15, x0, . + 0x3d6
#1946 0 00000000000106a0     57fd r 000000000000000f ffffffffffffffff  c.li     x15, -0x1
#1947 0 00000000000106a2 3efc00e3 r 0000000000000000 0000000000000000  beq      x24, x15, . + 0xbe0
#1948 0 0000000000011282     e83a m 00000000fffff300 00000000fffff5a0  c.sdsp   x14, 0x10
#1949 0 0000000000011284     47a5 r 000000000000000f 0000000000000009  c.li     x15, 0x9
#1950 0 0000000000011286     8da6 r 000000000000001b 0000000000000000  c.mv     x27, x9
#1951 0 0000000000011288 cb37f8e3 r 0000000000000000 0000000000000000  bgeu     x15, x19, . - 0x350
#1952 0 0000000000010f38 0309899b r 0000000000000013 0000000000000031  addiw    x19, x19, 48
#1953 0 0000000000010f3c 193105a3 m 00000000fffff47b 0000000000000031  sb       x19, 0x18b(x2)
#1954 0 0000000000010f40     84ee r 0000000000000009 0000000000000000  c.mv     x9, x27
#1955 0 0000000000010f42     4b85 r 0000000000000017 0000000000000001  c.li     x23, 0x1
#1956 0 0000000000010f44 18b10c93 r 0000000000000019 00000000fffff47b  addi     x25, x2, 395
#1957 0 0000000000010f48 f7aff06f r 0000000000000000 0000000000000000  j        . - 0x886
#1958 0 00000000000106c2 0df14783 r 000000000000000f 0000000000000000  lbu      x15, 0xdf(x2)
#1959 0 00000000000106c6 000b899b r 0000000000000013 0000000000000001  addiw    x19, x23, 0
#1960 0 00000000000106ca 018bd463 r 0000000000000000 0000000000000000  bge      x23, x24, . + 0x8
#1961 0 00000000000106d2     ec02 m 00000000fffff308 0000000000000000  c.sdsp   x0, 0x18
#1962 0 00000000000106d4     e482 m 00000000fffff338 0000000000000000  c.sdsp   x0, 0x48
#1963 0 00000000000106d6     ec82 m 00000000fffff348 0000000000000000  c.sdsp   x0, 0x58
#1964 0 00000000000106d8     e882 m 00000000fffff340 0000000000000000  c.sdsp   x0, 0x50
#1965 0 00000000000106da e20789e3 r 0000000000000000 0000000000000000  beq      x15, x0, . - 0x1ce
#1966 0 000000000001050c 0024f293 r 0000000000000005 0000000000000000  andi     x5, x9, 2
#1967 0 0000000000010510 00028363 r 0000000000000000 0000000000000000  beq      x5, x0, . + 0x6
#1968 0 0000000000010516 0844fd93 r 000000000000001b 0000000000000000  andi     x27, x9, 132
#1969 0 000000000001051a     7792 r 000000000000000f 0000000000000004  c.ldsp   x15, 0x120
#1970 0 000000000001051c 000d9663 r 0000000000000000 0000000000000000  bne      x27, x0, . + 0xc
#1971 0 0000000000010520 413a86bb r 000000000000000d ffffffffffffffff  subw     x13, x21, x19
#1972 0 0000000000010524 22d044e3 r 0000000000000000 0000000000000000  blt      x0, x13, . + 0xa28
#1973 0 0000000000010528 0df14703 r 000000000000000e 0000000000000000  lbu      x14, 0xdf(x2)
#1974 0 000000000001052c     c70d r 0000000000000000 0000000000000000  c.beqz   x14, . + 0x2a
#1975 0 0000000000010556 02028563 r 0000000000000000 0000000000000000  beq      x5, x0, . + 0x2a
#1976 0 0000000000010580 08000713 r 000000000000000e 0000000000000080  addi     x14, x0, 128
#1977 0 0000000000010584 06ed8ae3 r 0000000000000000 0000000000000000  beq      x27, x14, . + 0x874
#1978 0 0000000000010588 417c0c3b r 0000000000000018 fffffffffffffffe  subw     x24, x24, x23
#1979 0 000000000001058c 0f804ee3 r 0000000000000000 0000000000000000  blt      x0, x24, . + 0x8fc
#1980 0 0000000000010590 1004f713 r 000000000000000e 0000000000000000  andi     x14, x9, 256
#1981 0 0000000000010594 78071b63 r 0000000000000000 0000000000000000  bne      x14, x0, . + 0x796
#1982 0 0000000000010598 11812703 r 000000000000000e 0000000000000001  lw       x14, 0x118(x2)
#1983 0 000000000001059c     97de r 000000000000000f 0000000000000005  c.add    x15, x23
#1984 0 000000000001059e 01933023 m 00000000fffff490 00000000fffff47b  sd       x25, 0x0(x6)
#1985 0 00000000000105a2 0017069b r 000000000000000d 0000000000000002  addiw    x13, x14, 1
#1986 0 00000000000105a6     8736 r 000000000000000e 0000000000000002  c.mv     x14, x13
#1987 0 00000000000105a8 01733423 m 00000000fffff498 0000000000000001  sd       x23, 0x8(x6)
#1988 0 00000000000105ac 10e12c23 m 00000000fffff408 0000000000000002  sw       x14, 0x118(x2)
#1989 0 00000000000105b0     f23e m 00000000fffff410 0000000000000005  c.sdsp   x15, 0x120
#1990 0 00000000000105b2     471d r 000000000000000e 0000000000000007  c.li     x14, 0x7
#1991 0 00000000000105b4 46d74863 r 0000000000000000 0000000000000000  blt      x14, x13, . + 0x470
#1992 0 00000000000105b8     0341 r 0000000000000006 00000000fffff4a0  c.addi   x6, 0x10
#1993 0 00000000000105ba     8891 r 0000000000000009 0000000000000000  c.andi   x9, 0x4
#1994 0 00000000000105bc     c489 r 0000000000000000 0000000000000000  c.beqz   x9, . + 0xa
#1995 0 00000000000105c6     8756 r 000000000000000e 0000000000000000  c.mv     x14, x21
#1996 0 00000000000105c8 013ad363 r 0000000000000000 0000000000000000  bge      x21, x19, . + 0x6
#1997 0 00000000000105cc     874e r 000000000000000e 0000000000000001  c.mv     x14, x19
#1998 0 00000000000105ce     66a2 r 000000000000000d 0000000000000004  c.ldsp   x13, 0x8
#1999 0 00000000000105d0     9f35 r 000000000000000e 0000000000000005  c.addw   x14, x13
#2000 0 00000000000105d2     e43a m 00000000fffff2f8 0000000000000005  c.sdsp   x14, 0x8
#2001 0 00000000000105d4 12079be3 r 0000000000000000 0000000000000000  bne      x15, x0, . + 0x936
#2002 0 0000000000010f0a     0a10 r 000000000000000c 00000000fffff400  c.addi4spn  x12, 0x44
#2003 0 0000000000010f0c     85ca r 000000000000000b 000000000001e878  c.mv     x11, x18
#2004 0 0000000000010f0e     8552 r 000000000000000a 000000000001e290  c.mv     x10, x20
#2005 0 0000000000010f10 18c070ef r 0000000000000001 0000000000010f14  jal      x1, . + 0x718c
#2006 0 000000000001809c     6a18 r 000000000000000e 0000000000000005  c.ld     x14, 0x10(x12)
#2007 0 000000000001809e     c311 r 0000000000000000 0000000000000000  c.beqz   x14, . + 0x4
#2008 0 00000000000180a0     bfa1 r 0000000000000000 0000000000000000  c.j      . - 0xa8
#2009 0 0000000000017ff8 0ac5a783 r 000000000000000f 0000000000000000  lw       x15, 0xac(x11)
#2010 0 0000000000017ffc     715d r 0000000000000002 00000000fffff2a0  c.addi16sp -0x5
#2011 0 0000000000017ffe     6709 r 000000000000000e 0000000000002000  c.lui    x14, 0x2
#2012 0 0000000000018000     ec56 m 00000000fffff2b8 0000000000000000  c.sdsp   x21, 0x18
#2013 0 0000000000018002     e486 m 00000000fffff2e8 0000000000010f14  c.sdsp   x1, 0x48
#2014 0 0000000000018004     e0a2 m 00000000fffff2e0 000000000001c466  c.sdsp   x8, 0x40
#2015 0 0000000000018006     fc26 m 00000000fffff2d8 0000000000000000  c.sdsp   x9, 0x38
#2016 0 0000000000018008     f84a m 00000000fffff2d0 000000000001e878  c.sdsp   x18, 0x30
#2017 0 000000000001800a     f44e m 00000000fffff2c8 0000000000000001  c.sdsp   x19, 0x28
#2018 0 000000000001800c     f052 m 00000000fffff2c0 000000000001e290  c.sdsp   x20, 0x20
#2019 0 000000000001800e     e85a m 00000000fffff2b0 00000000fffff480  c.sdsp   x22, 0x10
#2020 0 0000000000018010     e45e m 00000000fffff2a8 0000000000000001  c.sdsp   x23, 0x8
#2021 0 0000000000018012     8ff9 r 000000000000000f 0000000000000000  c.and    x15, x14
#2022 0 0000000000018014     8ab2 r 0000000000000015 00000000fffff400  c.mv     x21, x12
#2023 0 0000000000018016     c3c1 r 0000000000000000 0000000000000000  c.beqz   x15, . + 0x80
#2024 0 0000000000018096 146010ef r 0000000000000001 000000000001809a  jal      x1, . + 0x1146
#2025 0 00000000000191dc     6a1c r 000000000000000f 0000000000000005  c.ld     x15, 0x10(x12)
#2026 0 00000000000191de 1a078c63 r 0000000000000000 0000000000000000  beq      x15, x0, . + 0x1b8
#2027 0 00000000000191e2 0105d783 r 000000000000000f 0000000000002889  lhu      x15, 0x10(x11)
#2028 0 00000000000191e6     711d r 0000000000000002 00000000fffff240  c.addi16sp -0x6
#2029 0 00000000000191e8     e8a2 m 00000000fffff290 000000000001c466  c.sdsp   x8, 0x50
#2030 0 00000000000191ea     f852 m 00000000fffff270 000000000001e290  c.sdsp   x20, 0x30
#2031 0 00000000000191ec     f456 m 00000000fffff268 00000000fffff400  c.sdsp   x21, 0x28
#2032 0 00000000000191ee     ec86 m 00000000fffff298 000000000001809a  c.sdsp   x1, 0x58
#2033 0 00000000000191f0     e4a6 m 00000000fffff288 0000000000000000  c.sdsp   x9, 0x48
#2034 0 00000000000191f2     e0ca m 00000000fffff280 000000000001e878  c.sdsp   x18, 0x40
#2035 0 00000000000191f4     fc4e m 00000000fffff278 0000000000000001  c.sdsp   x19, 0x38
#2036 0 00000000000191f6     f05a m 00000000fffff260 00000000fffff480  c.sdsp   x22, 0x20
#2037 0 00000000000191f8     ec5e m 00000000fffff258 0000000000000001  c.sdsp   x23, 0x18
#2038 0 00000000000191fa     e862 m 00000000fffff250 fffffffffffffffe  c.sdsp   x24, 0x10
#2039 0 00000000000191fc     e466 m 00000000fffff248 00000000fffff47b  c.sdsp   x25, 0x8
#2040 0 00000000000191fe     e06a m 00000000fffff240 0000000000000064  c.sdsp   x26, 0x0
#2041 0 0000000000019200 0087f713 r 000000000000000e 0000000000000008  andi     x14, x15, 8
#2042 0 0000000000019204     8a32 r 0000000000000014 00000000fffff400  c.mv     x20, x12
#2043 0 0000000000019206     8aaa r 0000000000000015 000000000001e290  c.mv     x21, x10
#2044 0 0000000000019208     842e r 0000000000000008 000000000001e878  c.mv     x8, x11
#2045 0 000000000001920a     c325 r 0000000000000000 0000000000000000  c.beqz   x14, . + 0x60
#2046 0 000000000001920c     6d98 r 000000000000000e 0000000000020010  c.ld     x14, 0x18(x11)
#2047 0 000000000001920e     cf31 r 0000000000000000 0000000000000000  c.beqz   x14, . + 0x5c
#2048 0 0000000000019210 0027f713 r 000000000000000e 0000000000000000  andi     x14, x15, 2
#2049 0 0000000000019214 000a3903 r 0000000000000012 00000000fffff480  ld       x18, 0x0(x20)
#2050 0 0000000000019218     c735 r 0000000000000000 0000000000000000  c.beqz   x14, . + 0x6c
#2051 0 0000000000019284 0017f713 r 000000000000000e 0000000000000001  andi     x14, x15, 1
#2052 0 0000000000019288     eb35 r 0000000000000000 0000000000000000  c.bnez   x14, . + 0x74
#2053 0 00000000000192fc     4981 r 0000000000000013 0000000000000000  c.li     x19, 0x0
#2054 0 00000000000192fe     4501 r 000000000000000a 0000000000000000  c.li     x10, 0x0
#2055 0 0000000000019300     4c81 r 0000000000000019 0000000000000000  c.li     x25, 0x0
#2056 0 0000000000019302     4c01 r 0000000000000018 0000000000000000  c.li     x24, 0x0
#2057 0 0000000000019304 080c0b63 r 0000000000000000 0000000000000000  beq      x24, x0, . + 0x96
#2058 0 000000000001939a 00893c03 r 0000000000000018 0000000000000004  ld       x24, 0x8(x18)
#2059 0 000000000001939e 00093c83 r 0000000000000019 000000000001c460  ld       x25, 0x0(x18)
#2060 0 00000000000193a2     0941 r 0000000000000012 00000000fffff490  c.addi   x18, 0x10
#2061 0 00000000000193a4 fe0c0be3 r 0000000000000000 0000000000000000  beq      x24, x0, . - 0xa
#2062 0 00000000000193a8     8662 r 000000000000000c 0000000000000004  c.mv     x12, x24
#2063 0 00000000000193aa     45a9 r 000000000000000b 000000000000000a  c.li     x11, 0xa
#2064 0 00000000000193ac     8566 r 000000000000000a 000000000001c460  c.mv     x10, x25
#2065 0 00000000000193ae f7bfb0ef r 0000000000000001 00000000000193b2  jal      x1, . - 0x4086
#2066 0 0000000000015328 00757793 r 000000000000000f 0000000000000000  andi     x15, x10, 7
#2067 0 000000000001532c 0ff5f693 r 000000000000000d 000000000000000a  andi     x13, x11, 255
#2068 0 0000000000015330     c395 r 0000000000000000 0000000000000000  c.beqz   x15, . + 0x24
#2069 0 0000000000015354     87b2 r 000000000000000f 0000000000000004  c.mv     x15, x12
#2070 0 0000000000015356     471d r 000000000000000e 0000000000000007  c.li     x14, 0x7
#2071 0 0000000000015358 00f76f63 r 0000000000000000 0000000000000000  bltu     x14, x15, . + 0x1e
#2072 0 000000000001535c     e399 r 0000000000000000 0000000000000000  c.bnez   x15, . + 0x6
#2073 0 0000000000015362     97aa r 000000000000000f 000000000001c464  c.add    x15, x10
#2074 0 0000000000015364     a021 r 0000000000000000 0000000000000000  c.j      . + 0x8
#2075 0 000000000001536c 00054703 r 000000000000000e 0000000000000069  lbu      x14, 0x0(x10)
#2076 0 0000000000015370 fed71be3 r 0000000000000000 0000000000000000  bne      x14, x13, . - 0xa
#2077 0 0000000000015366     0505 r 000000000000000a 000000000001c461  c.addi   x10, 0x1
#2078 0 0000000000015368 fea78be3 r 0000000000000000 0000000000000000  beq      x15, x10, . - 0xa
#2079 0 000000000001536c 00054703 r 000000000000000e 0000000000000020  lbu      x14, 0x0(x10)
#2080 0 0000000000015370 fed71be3 r 0000000000000000 0000000000000000  bne      x14, x13, . - 0xa
#2081 0 0000000000015366     0505 r 000000000000000a 000000000001c462  c.addi   x10, 0x1
#2082 0 0000000000015368 fea78be3 r 0000000000000000 0000000000000000  beq      x15, x10, . - 0xa
#2083 0 000000000001536c 00054703 r 000000000000000e 000000000000003d  lbu      x14, 0x0(x10)
#2084 0 0000000000015370 fed71be3 r 0000000000000000 0000000000000000  bne      x14, x13, . - 0xa
#2085 0 0000000000015366     0505 r 000000000000000a 000000000001c463  c.addi   x10, 0x1
#2086 0 0000000000015368 fea78be3 r 0000000000000000 0000000000000000  beq      x15, x10, . - 0xa
#2087 0 000000000001536c 00054703 r 000000000000000e 0000000000000020  lbu      x14, 0x0(x10)
#2088 0 0000000000015370 fed71be3 r 0000000000000000 0000000000000000  bne      x14, x13, . - 0xa
#2089 0 0000000000015366     0505 r 000000000000000a 000000000001c464  c.addi   x10, 0x1
#2090 0 0000000000015368 fea78be3 r 0000000000000000 0000000000000000  beq      x15, x10, . - 0xa
#2091 0 000000000001535e     4501 r 000000000000000a 0000000000000000  c.li     x10, 0x0
#2092 0 0000000000015360     8082 r 0000000000000000 0000000000000000  c.jr     x1
#2093 0 00000000000193b2 12050f63 r 0000000000000000 0000000000000000  beq      x10, x0, . + 0x13e
#2094 0 00000000000194f0 001c099b r 0000000000000013 0000000000000005  addiw    x19, x24, 1
#2095 0 00000000000194f4     bd19 r 0000000000000000 0000000000000000  c.j      . - 0x1ea
#2096 0 000000000001930a     8bce r 0000000000000017 0000000000000005  c.mv     x23, x19
#2097 0 000000000001930c 013c7363 r 0000000000000000 0000000000000000  bgeu     x24, x19, . + 0x6
#2098 0 0000000000019310     8be2 r 0000000000000017 0000000000000004  c.mv     x23, x24
#2099 0 0000000000019312     6008 r 000000000000000a 0000000000020010  c.ld     x10, 0x0(x8)
#2100 0 0000000000019314     6c1c r 000000000000000f 0000000000020010  c.ld     x15, 0x18(x8)
#2101 0 0000000000019316     5014 r 000000000000000d 0000000000000400  c.lw     x13, 0x20(x8)
#2102 0 0000000000019318     84de r 0000000000000009 0000000000000004  c.mv     x9, x23
#2103 0 000000000001931a 00a7f763 r 0000000000000000 0000000000000000  bgeu     x15, x10, . + 0xe
#2104 0 0000000000019328 18dbc463 r 0000000000000000 0000000000000000  blt      x23, x13, . + 0x188
#2105 0 00000000000194b0     865e r 000000000000000c 0000000000000004  c.mv     x12, x23
#2106 0 00000000000194b2     85e6 r 000000000000000b 000000000001c460  c.mv     x11, x25
#2107 0 00000000000194b4 1ac000ef r 0000000000000001 00000000000194b8  jal      x1, . + 0x1ac
#2108 0 0000000000019660 02a5f263 r 0000000000000000 0000000000000000  bgeu     x11, x10, . + 0x24
#2109 0 0000000000019664 00c587b3 r 000000000000000f 000000000001c464  add      x15, x11, x12
#2110 0 0000000000019668 00f57e63 r 0000000000000000 0000000000000000  bgeu     x10, x15, . + 0x1c
#2111 0 0000000000019684     47fd r 000000000000000f 000000000000001f  c.li     x15, 0x1f
#2112 0 0000000000019686 02c7e163 r 0000000000000000 0000000000000000  bltu     x15, x12, . + 0x22
#2113 0 000000000001968a     87aa r 000000000000000f 0000000000020010  c.mv     x15, x10
#2114 0 000000000001968c fff60693 r 000000000000000d 0000000000000003  addi     x13, x12, -1
#2115 0 0000000000019690     c245 r 0000000000000000 0000000000000000  c.beqz   x12, . + 0xa0
#2116 0 0000000000019692     0685 r 000000000000000d 0000000000000004  c.addi   x13, 0x1
#2117 0 0000000000019694     96be r 000000000000000d 0000000000020014  c.add    x13, x15
#2118 0 0000000000019696 0005c703 r 000000000000000e 0000000000000069  lbu      x14, 0x0(x11)
#2119 0 000000000001969a     0785 r 000000000000000f 0000000000020011  c.addi   x15, 0x1
#2120 0 000000000001969c     0585 r 000000000000000b 000000000001c461  c.addi   x11, 0x1
#2121 0 000000000001969e fee78fa3 m 0000000000020010 0000000000000069  sb       x14, -0x1(x15)
#2122 0 00000000000196a2 fed79ae3 r 0000000000000000 0000000000000000  bne      x15, x13, . - 0xc
#2123 0 0000000000019696 0005c703 r 000000000000000e 0000000000000020  lbu      x14, 0x0(x11)
#2124 0 000000000001969a     0785 r 000000000000000f 0000000000020012  c.addi   x15, 0x1
#2125 0 000000000001969c     0585 r 000000000000000b 000000000001c462  c.addi   x11, 0x1
#2126 0 000000000001969e fee78fa3 m 0000000000020011 0000000000000020  sb       x14, -0x1(x15)
#2127 0 00000000000196a2 fed79ae3 r 0000000000000000 0000000000000000  bne      x15, x13, . - 0xc
#2128 0 0000000000019696 0005c703 r 000000000000000e 000000000000003d  lbu      x14, 0x0(x11)
#2129 0 000000000001969a     0785 r 000000000000000f 0000000000020013  c.addi   x15, 0x1
#2130 0 000000000001969c     0585 r 000000000000000b 000000000001c463  c.addi   x11, 0x1
#2131 0 000000000001969e fee78fa3 m 0000000000020012 000000000000003d  sb       x14, -0x1(x15)
#2132 0 00000000000196a2 fed79ae3 r 0000000000000000 0000000000000000  bne      x15, x13, . - 0xc
#2133 0 0000000000019696 0005c703 r 000000000000000e 0000000000000020  lbu      x14, 0x0(x11)
#2134 0 000000000001969a     0785 r 000000000000000f 0000000000020014  c.addi   x15, 0x1
#2135 0 000000000001969c     0585 r 000000000000000b 000000000001c464  c.addi   x11, 0x1
#2136 0 000000000001969e fee78fa3 m 0000000000020013 0000000000000020  sb       x14, -0x1(x15)
#2137 0 00000000000196a2 fed79ae3 r 0000000000000000 0000000000000000  bne      x15, x13, . - 0xc
#2138 0 00000000000196a6     8082 r 0000000000000000 0000000000000000  c.jr     x1
#2139 0 00000000000194b8     4454 r 000000000000000d 0000000000000000  c.lw     x13, 0xc(x8)
#2140 0 00000000000194ba     6018 r 000000000000000e 0000000000020010  c.ld     x14, 0x0(x8)
#2141 0 00000000000194bc 000b879b r 000000000000000f 0000000000000004  addiw    x15, x23, 0
#2142 0 00000000000194c0 417686bb r 000000000000000d fffffffffffffffc  subw     x13, x13, x23
#2143 0 00000000000194c4     975e r 000000000000000e 0000000000020014  c.add    x14, x23
#2144 0 00000000000194c6     c454 m 000000000001e884 00000000fffffffc  c.sw     x13, 0xc(x8)
#2145 0 00000000000194c8     e018 m 000000000001e878 0000000000020014  c.sd     x14, 0x0(x8)
#2146 0 00000000000194ca     bd9d r 0000000000000000 0000000000000000  c.j      . - 0x18a
#2147 0 0000000000019340 40f989bb r 0000000000000013 0000000000000001  subw     x19, x19, x15
#2148 0 0000000000019344     4505 r 000000000000000a 0000000000000001  c.li     x10, 0x1
#2149 0 0000000000019346 02098b63 r 0000000000000000 0000000000000000  beq      x19, x0, . + 0x36
#2150 0 000000000001934a 010a3783 r 000000000000000f 0000000000000005  ld       x15, 0x10(x20)
#2151 0 000000000001934e     9ca6 r 0000000000000019 000000000001c464  c.add    x25, x9
#2152 0 0000000000019350 409c0c33 r 0000000000000018 0000000000000000  sub      x24, x24, x9
#2153 0 0000000000019354 409784b3 r 0000000000000009 0000000000000001  sub      x9, x15, x9
#2154 0 0000000000019358 009a3823 m 00000000fffff410 0000000000000001  sd       x9, 0x10(x20)
#2155 0 000000000001935c     f4c5 r 0000000000000000 0000000000000000  c.bnez   x9, . - 0x58
#2156 0 0000000000019304 080c0b63 r 0000000000000000 0000000000000000  beq      x24, x0, . + 0x96
#2157 0 000000000001939a 00893c03 r 0000000000000018 0000000000000001  ld       x24, 0x8(x18)
#2158 0 000000000001939e 00093c83 r 0000000000000019 00000000fffff47b  ld       x25, 0x0(x18)
#2159 0 00000000000193a2     0941 r 0000000000000012 00000000fffff4a0  c.addi   x18, 0x10
#2160 0 00000000000193a4 fe0c0be3 r 0000000000000000 0000000000000000  beq      x24, x0, . - 0xa
#2161 0 00000000000193a8     8662 r 000000000000000c 0000000000000001  c.mv     x12, x24
#2162 0 00000000000193aa     45a9 r 000000000000000b 000000000000000a  c.li     x11, 0xa
#2163 0 00000000000193ac     8566 r 000000000000000a 00000000fffff47b  c.mv     x10, x25
#2164 0 00000000000193ae f7bfb0ef r 0000000000000001 00000000000193b2  jal      x1, . - 0x4086
#2165 0 0000000000015328 00757793 r 000000000000000f 0000000000000003  andi     x15, x10, 7
#2166 0 000000000001532c 0ff5f693 r 000000000000000d 000000000000000a  andi     x13, x11, 255
#2167 0 0000000000015330     c395 r 0000000000000000 0000000000000000  c.beqz   x15, . + 0x24
#2168 0 0000000000015332 fff60793 r 000000000000000f 0000000000000000  addi     x15, x12, -1
#2169 0 0000000000015336     c605 r 0000000000000000 0000000000000000  c.beqz   x12, . + 0x28
#2170 0 0000000000015338     567d r 000000000000000c ffffffffffffffff  c.li     x12, -0x1
#2171 0 000000000001533a     a801 r 0000000000000000 0000000000000000  c.j      . + 0x10
#2172 0 000000000001534a 00054703 r 000000000000000e 0000000000000031  lbu      x14, 0x0(x10)
#2173 0 000000000001534e fed717e3 r 0000000000000000 0000000000000000  bne      x14, x13, . - 0x12
#2174 0 000000000001533c     0505 r 000000000000000a 00000000fffff47c  c.addi   x10, 0x1
#2175 0 000000000001533e 00757713 r 000000000000000e 0000000000000004  andi     x14, x10, 7
#2176 0 0000000000015342     cb11 r 0000000000000000 0000000000000000  c.beqz   x14, . + 0x14
#2177 0 0000000000015344     17fd r 000000000000000f ffffffffffffffff  c.addi   x15, -0x1
#2178 0 0000000000015346 00c78c63 r 0000000000000000 0000000000000000  beq      x15, x12, . + 0x18
#2179 0 000000000001535e     4501 r 000000000000000a 0000000000000000  c.li     x10, 0x0
#2180 0 0000000000015360     8082 r 0000000000000000 0000000000000000  c.jr     x1
#2181 0 00000000000193b2 12050f63 r 0000000000000000 0000000000000000  beq      x10, x0, . + 0x13e
#2182 0 00000000000194f0 001c099b r 0000000000000013 0000000000000002  addiw    x19, x24, 1
#2183 0 00000000000194f4     bd19 r 0000000000000000 0000000000000000  c.j      . - 0x1ea
#2184 0 000000000001930a     8bce r 0000000000000017 0000000000000002  c.mv     x23, x19
#2185 0 000000000001930c 013c7363 r 0000000000000000 0000000000000000  bgeu     x24, x19, . + 0x6
#2186 0 0000000000019310     8be2 r 0000000000000017 0000000000000001  c.mv     x23, x24
#2187 0 0000000000019312     6008 r 000000000000000a 0000000000020014  c.ld     x10, 0x0(x8)
#2188 0 0000000000019314     6c1c r 000000000000000f 0000000000020010  c.ld     x15, 0x18(x8)
#2189 0 0000000000019316     5014 r 000000000000000d 0000000000000400  c.lw     x13, 0x20(x8)
#2190 0 0000000000019318     84de r 0000000000000009 0000000000000001  c.mv     x9, x23
#2191 0 000000000001931a 00a7f763 r 0000000000000000 0000000000000000  bgeu     x15, x10, . + 0xe
#2192 0 000000000001931e     445c r 000000000000000f fffffffffffffffc  c.lw     x15, 0xc(x8)
#2193 0 0000000000019320 00d78b3b r 0000000000000016 00000000000003fc  addw     x22, x15, x13
#2194 0 0000000000019324 097b4d63 r 0000000000000000 0000000000000000  blt      x22, x23, . + 0x9a
#2195 0 0000000000019328 18dbc463 r 0000000000000000 0000000000000000  blt      x23, x13, . + 0x188
#2196 0 00000000000194b0     865e r 000000000000000c 0000000000000001  c.mv     x12, x23
#2197 0 00000000000194b2     85e6 r 000000000000000b 00000000fffff47b  c.mv     x11, x25
#2198 0 00000000000194b4 1ac000ef r 0000000000000001 00000000000194b8  jal      x1, . + 0x1ac
#2199 0 0000000000019660 02a5f263 r 0000000000000000 0000000000000000  bgeu     x11, x10, . + 0x24
#2200 0 0000000000019684     47fd r 000000000000000f 000000000000001f  c.li     x15, 0x1f
#2201 0 0000000000019686 02c7e163 r 0000000000000000 0000000000000000  bltu     x15, x12, . + 0x22
#2202 0 000000000001968a     87aa r 000000000000000f 0000000000020014  c.mv     x15, x10
#2203 0 000000000001968c fff60693 r 000000000000000d 0000000000000000  addi     x13, x12, -1
#2204 0 0000000000019690     c245 r 0000000000000000 0000000000000000  c.beqz   x12, . + 0xa0
#2205 0 0000000000019692     0685 r 000000000000000d 0000000000000001  c.addi   x13, 0x1
#2206 0 0000000000019694     96be r 000000000000000d 0000000000020015  c.add    x13, x15
#2207 0 0000000000019696 0005c703 r 000000000000000e 0000000000000031  lbu      x14, 0x0(x11)
#2208 0 000000000001969a     0785 r 000000000000000f 0000000000020015  c.addi   x15, 0x1
#2209 0 000000000001969c     0585 r 000000000000000b 00000000fffff47c  c.addi   x11, 0x1
#2210 0 000000000001969e fee78fa3 m 0000000000020014 0000000000000031  sb       x14, -0x1(x15)
#2211 0 00000000000196a2 fed79ae3 r 0000000000000000 0000000000000000  bne      x15, x13, . - 0xc
#2212 0 00000000000196a6     8082 r 0000000000000000 0000000000000000  c.jr     x1
#2213 0 00000000000194b8     4454 r 000000000000000d fffffffffffffffc  c.lw     x13, 0xc(x8)
#2214 0 00000000000194ba     6018 r 000000000000000e 0000000000020014  c.ld     x14, 0x0(x8)
#2215 0 00000000000194bc 000b879b r 000000000000000f 0000000000000001  addiw    x15, x23, 0
#2216 0 00000000000194c0 417686bb r 000000000000000d fffffffffffffffb  subw     x13, x13, x23
#2217 0 00000000000194c4     975e r 000000000000000e 0000000000020015  c.add    x14, x23
#2218 0 00000000000194c6     c454 m 000000000001e884 00000000fffffffb  c.sw     x13, 0xc(x8)
#2219 0 00000000000194c8     e018 m 000000000001e878 0000000000020015  c.sd     x14, 0x0(x8)
#2220 0 00000000000194ca     bd9d r 0000000000000000 0000000000000000  c.j      . - 0x18a
#2221 0 0000000000019340 40f989bb r 0000000000000013 0000000000000001  subw     x19, x19, x15
#2222 0 0000000000019344     4505 r 000000000000000a 0000000000000001  c.li     x10, 0x1
#2223 0 0000000000019346 02098b63 r 0000000000000000 0000000000000000  beq      x19, x0, . + 0x36
#2224 0 000000000001934a 010a3783 r 000000000000000f 0000000000000001  ld       x15, 0x10(x20)
#2225 0 000000000001934e     9ca6 r 0000000000000019 00000000fffff47c  c.add    x25, x9
#2226 0 0000000000019350 409c0c33 r 0000000000000018 0000000000000000  sub      x24, x24, x9
#2227 0 0000000000019354 409784b3 r 0000000000000009 0000000000000000  sub      x9, x15, x9
#2228 0 0000000000019358 009a3823 m 00000000fffff410 0000000000000000  sd       x9, 0x10(x20)
#2229 0 000000000001935c     f4c5 r 0000000000000000 0000000000000000  c.bnez   x9, . - 0x58
#2230 0 000000000001935e     4501 r 000000000000000a 0000000000000000  c.li     x10, 0x0
#2231 0 0000000000019360     60e6 r 0000000000000001 000000000001809a  c.ldsp   x1, 0x58
#2232 0 0000000000019362     6446 r 0000000000000008 000000000001c466  c.ldsp   x8, 0x50
#2233 0 0000000000019364     64a6 r 0000000000000009 0000000000000000  c.ldsp   x9, 0x48
#2234 0 0000000000019366     6906 r 0000000000000012 000000000001e878  c.ldsp   x18, 0x40
#2235 0 0000000000019368     79e2 r 0000000000000013 0000000000000001  c.ldsp   x19, 0x38
#2236 0 000000000001936a     7a42 r 0000000000000014 000000000001e290  c.ldsp   x20, 0x30
#2237 0 000000000001936c     7aa2 r 0000000000000015 00000000fffff400  c.ldsp   x21, 0x28
#2238 0 000000000001936e     7b02 r 0000000000000016 00000000fffff480  c.ldsp   x22, 0x20
#2239 0 0000000000019370     6be2 r 0000000000000017 0000000000000001  c.ldsp   x23, 0x18
#2240 0 0000000000019372     6c42 r 0000000000000018 fffffffffffffffe  c.ldsp   x24, 0x10
#2241 0 0000000000019374     6ca2 r 0000000000000019 00000000fffff47b  c.ldsp   x25, 0x8
#2242 0 0000000000019376     6d02 r 000000000000001a 0000000000000064  c.ldsp   x26, 0x0
#2243 0 0000000000019378     6125 r 0000000000000002 00000000fffff2a0  c.addi16sp 0x6
#2244 0 000000000001937a     8082 r 0000000000000000 0000000000000000  c.jr     x1
#2245 0 000000000001809a     b7e1 r 0000000000000000 0000000000000000  c.j      . - 0x38
#2246 0 0000000000018062     60a6 r 0000000000000001 0000000000010f14  c.ldsp   x1, 0x48
#2247 0 0000000000018064     6406 r 0000000000000008 000000000001c466  c.ldsp   x8, 0x40
#2248 0 0000000000018066 000ab823 m 00000000fffff410 0000000000000000  sd       x0, 0x10(x21)
#2249 0 000000000001806a 000aa423 m 00000000fffff408 0000000000000000  sw       x0, 0x8(x21)
#2250 0 000000000001806e     74e2 r 0000000000000009 0000000000000000  c.ldsp   x9, 0x38
#2251 0 0000000000018070     7942 r 0000000000000012 000000000001e878  c.ldsp   x18, 0x30
#2252 0 0000000000018072     79a2 r 0000000000000013 0000000000000001  c.ldsp   x19, 0x28
#2253 0 0000000000018074     7a02 r 0000000000000014 000000000001e290  c.ldsp   x20, 0x20
#2254 0 0000000000018076     6ae2 r 0000000000000015 0000000000000000  c.ldsp   x21, 0x18
#2255 0 0000000000018078     6b42 r 0000000000000016 00000000fffff480  c.ldsp   x22, 0x10
#2256 0 000000000001807a     6ba2 r 0000000000000017 0000000000000001  c.ldsp   x23, 0x8
#2257 0 000000000001807c     6161 r 0000000000000002 00000000fffff2f0  c.addi16sp 0x5
#2258 0 000000000001807e     8082 r 0000000000000000 0000000000000000  c.jr     x1
#2259 0 0000000000010f14 ec050263 r 0000000000000000 0000000000000000  beq      x10, x0, . - 0x93c
#2260 0 00000000000105d8     67e2 r 000000000000000f 0000000000000000  c.ldsp   x15, 0x18
#2261 0 00000000000105da 10012c23 m 00000000fffff408 0000000000000000  sw       x0, 0x118(x2)
#2262 0 00000000000105de     c789 r 0000000000000000 0000000000000000  c.beqz   x15, . + 0xa
#2263 0 00000000000105e8     835a r 0000000000000006 00000000fffff480  c.mv     x6, x22
#2264 0 00000000000105ea     8ca2 r 0000000000000019 000000000001c466  c.mv     x25, x8
#2265 0 00000000000105ec 000cc783 r 000000000000000f 000000000000000a  lbu      x15, 0x0(x25)
#2266 0 00000000000105f0 e2079fe3 r 0000000000000000 0000000000000000  bne      x15, x0, . - 0x1c2
#2267 0 000000000001042e     8466 r 0000000000000008 000000000001c466  c.mv     x8, x25
#2268 0 0000000000010430 02500713 r 000000000000000e 0000000000000025  addi     x14, x0, 37
#2269 0 0000000000010434 30e78363 r 0000000000000000 0000000000000000  beq      x15, x14, . + 0x306
#2270 0 0000000000010438 00144783 r 000000000000000f 0000000000000000  lbu      x15, 0x1(x8)
#2271 0 000000000001043c     0405 r 0000000000000008 000000000001c467  c.addi   x8, 0x1
#2272 0 000000000001043e     fbfd r 0000000000000000 0000000000000000  c.bnez   x15, . - 0xa
#2273 0 0000000000010440 419404bb r 0000000000000009 0000000000000001  subw     x9, x8, x25
#2274 0 0000000000010444 1a048863 r 0000000000000000 0000000000000000  beq      x9, x0, . + 0x1b0
#2275 0 0000000000010448     7712 r 000000000000000e 0000000000000000  c.ldsp   x14, 0x120
#2276 0 000000000001044a 11812783 r 000000000000000f 0000000000000000  lw       x15, 0x118(x2)
#2277 0 000000000001044e 01933023 m 00000000fffff480 000000000001c466  sd       x25, 0x0(x6)
#2278 0 0000000000010452     9726 r 000000000000000e 0000000000000001  c.add    x14, x9
#2279 0 0000000000010454     2785 r 000000000000000f 0000000000000001  c.addiw  x15, 0x1
#2280 0 0000000000010456 00933423 m 00000000fffff488 0000000000000001  sd       x9, 0x8(x6)
#2281 0 000000000001045a     f23a m 00000000fffff410 0000000000000001  c.sdsp   x14, 0x120
#2282 0 000000000001045c 10f12c23 m 00000000fffff408 0000000000000001  sw       x15, 0x118(x2)
#2283 0 0000000000010460 0007871b r 000000000000000e 0000000000000001  addiw    x14, x15, 0
#2284 0 0000000000010464     479d r 000000000000000f 0000000000000007  c.li     x15, 0x7
#2285 0 0000000000010466     0341 r 0000000000000006 00000000fffff490  c.addi   x6, 0x10
#2286 0 0000000000010468 2ee7c063 r 0000000000000000 0000000000000000  blt      x15, x14, . + 0x2e0
#2287 0 000000000001046c     6722 r 000000000000000e 0000000000000005  c.ldsp   x14, 0x8
#2288 0 000000000001046e 00044783 r 000000000000000f 0000000000000000  lbu      x15, 0x0(x8)
#2289 0 0000000000010472     9f25 r 000000000000000e 0000000000000006  c.addw   x14, x9
#2290 0 0000000000010474     e43a m 00000000fffff2f8 0000000000000006  c.sdsp   x14, 0x8
#2291 0 0000000000010476 16078f63 r 0000000000000000 0000000000000000  beq      x15, x0, . + 0x17e
#2292 0 00000000000105f4     7792 r 000000000000000f 0000000000000001  c.ldsp   x15, 0x120
#2293 0 00000000000105f6     c399 r 0000000000000000 0000000000000000  c.beqz   x15, . + 0x6
#2294 0 00000000000105f8 2620106f r 0000000000000000 0000000000000000  j        . + 0x1262
#2295 0 000000000001185a     0a10 r 000000000000000c 00000000fffff400  c.addi4spn  x12, 0x44
#2296 0 000000000001185c     85ca r 000000000000000b 000000000001e878  c.mv     x11, x18
#2297 0 000000000001185e     8552 r 000000000000000a 000000000001e290  c.mv     x10, x20
#2298 0 0000000000011860 03d060ef r 0000000000000001 0000000000011864  jal      x1, . + 0x683c
#2299 0 000000000001809c     6a18 r 000000000000000e 0000000000000001  c.ld     x14, 0x10(x12)
#2300 0 000000000001809e     c311 r 0000000000000000 0000000000000000  c.beqz   x14, . + 0x4
#2301 0 00000000000180a0     bfa1 r 0000000000000000 0000000000000000  c.j      . - 0xa8
#2302 0 0000000000017ff8 0ac5a783 r 000000000000000f 0000000000000000  lw       x15, 0xac(x11)
#2303 0 0000000000017ffc     715d r 0000000000000002 00000000fffff2a0  c.addi16sp -0x5
#2304 0 0000000000017ffe     6709 r 000000000000000e 0000000000002000  c.lui    x14, 0x2
#2305 0 0000000000018000     ec56 m 00000000fffff2b8 0000000000000000  c.sdsp   x21, 0x18
#2306 0 0000000000018002     e486 m 00000000fffff2e8 0000000000011864  c.sdsp   x1, 0x48
#2307 0 0000000000018004     e0a2 m 00000000fffff2e0 000000000001c467  c.sdsp   x8, 0x40
#2308 0 0000000000018006     fc26 m 00000000fffff2d8 0000000000000001  c.sdsp   x9, 0x38
#2309 0 0000000000018008     f84a m 00000000fffff2d0 000000000001e878  c.sdsp   x18, 0x30
#2310 0 000000000001800a     f44e m 00000000fffff2c8 0000000000000001  c.sdsp   x19, 0x28
#2311 0 000000000001800c     f052 m 00000000fffff2c0 000000000001e290  c.sdsp   x20, 0x20
#2312 0 000000000001800e     e85a m 00000000fffff2b0 00000000fffff480  c.sdsp   x22, 0x10
#2313 0 0000000000018010     e45e m 00000000fffff2a8 0000000000000001  c.sdsp   x23, 0x8
#2314 0 0000000000018012     8ff9 r 000000000000000f 0000000000000000  c.and    x15, x14
#2315 0 0000000000018014     8ab2 r 0000000000000015 00000000fffff400  c.mv     x21, x12
#2316 0 0000000000018016     c3c1 r 0000000000000000 0000000000000000  c.beqz   x15, . + 0x80
#2317 0 0000000000018096 146010ef r 0000000000000001 000000000001809a  jal      x1, . + 0x1146
#2318 0 00000000000191dc     6a1c r 000000000000000f 0000000000000001  c.ld     x15, 0x10(x12)
#2319 0 00000000000191de 1a078c63 r 0000000000000000 0000000000000000  beq      x15, x0, . + 0x1b8
#2320 0 00000000000191e2 0105d783 r 000000000000000f 0000000000002889  lhu      x15, 0x10(x11)
#2321 0 00000000000191e6     711d r 0000000000000002 00000000fffff240  c.addi16sp -0x6
#2322 0 00000000000191e8     e8a2 m 00000000fffff290 000000000001c467  c.sdsp   x8, 0x50
#2323 0 00000000000191ea     f852 m 00000000fffff270 000000000001e290  c.sdsp   x20, 0x30
#2324 0 00000000000191ec     f456 m 00000000fffff268 00000000fffff400  c.sdsp   x21, 0x28
#2325 0 00000000000191ee     ec86 m 00000000fffff298 000000000001809a  c.sdsp   x1, 0x58
#2326 0 00000000000191f0     e4a6 m 00000000fffff288 0000000000000001  c.sdsp   x9, 0x48
#2327 0 00000000000191f2     e0ca m 00000000fffff280 000000000001e878  c.sdsp   x18, 0x40
#2328 0 00000000000191f4     fc4e m 00000000fffff278 0000000000000001  c.sdsp   x19, 0x38
#2329 0 00000000000191f6     f05a m 00000000fffff260 00000000fffff480  c.sdsp   x22, 0x20
#2330 0 00000000000191f8     ec5e m 00000000fffff258 0000000000000001  c.sdsp   x23, 0x18
#2331 0 00000000000191fa     e862 m 00000000fffff250 fffffffffffffffe  c.sdsp   x24, 0x10
#2332 0 00000000000191fc     e466 m 00000000fffff248 000000000001c466  c.sdsp   x25, 0x8
#2333 0 00000000000191fe     e06a m 00000000fffff240 0000000000000064  c.sdsp   x26, 0x0
#2334 0 0000000000019200 0087f713 r 000000000000000e 0000000000000008  andi     x14, x15, 8
#2335 0 0000000000019204     8a32 r 0000000000000014 00000000fffff400  c.mv     x20, x12
#2336 0 0000000000019206     8aaa r 0000000000000015 000000000001e290  c.mv     x21, x10
#2337 0 0000000000019208     842e r 0000000000000008 000000000001e878  c.mv     x8, x11
#2338 0 000000000001920a     c325 r 0000000000000000 0000000000000000  c.beqz   x14, . + 0x60
#2339 0 000000000001920c     6d98 r 000000000000000e 0000000000020010  c.ld     x14, 0x18(x11)
#2340 0 000000000001920e     cf31 r 0000000000000000 0000000000000000  c.beqz   x14, . + 0x5c
#2341 0 0000000000019210 0027f713 r 000000000000000e 0000000000000000  andi     x14, x15, 2
#2342 0 0000000000019214 000a3903 r 0000000000000012 00000000fffff480  ld       x18, 0x0(x20)
#2343 0 0000000000019218     c735 r 0000000000000000 0000000000000000  c.beqz   x14, . + 0x6c
#2344 0 0000000000019284 0017f713 r 000000000000000e 0000000000000001  andi     x14, x15, 1
#2345 0 0000000000019288     eb35 r 0000000000000000 0000000000000000  c.bnez   x14, . + 0x74
#2346 0 00000000000192fc     4981 r 0000000000000013 0000000000000000  c.li     x19, 0x0
#2347 0 00000000000192fe     4501 r 000000000000000a 0000000000000000  c.li     x10, 0x0
#2348 0 0000000000019300     4c81 r 0000000000000019 0000000000000000  c.li     x25, 0x0
#2349 0 0000000000019302     4c01 r 0000000000000018 0000000000000000  c.li     x24, 0x0
#2350 0 0000000000019304 080c0b63 r 0000000000000000 0000000000000000  beq      x24, x0, . + 0x96
#2351 0 000000000001939a 00893c03 r 0000000000000018 0000000000000001  ld       x24, 0x8(x18)
#2352 0 000000000001939e 00093c83 r 0000000000000019 000000000001c466  ld       x25, 0x0(x18)
#2353 0 00000000000193a2     0941 r 0000000000000012 00000000fffff490  c.addi   x18, 0x10
#2354 0 00000000000193a4 fe0c0be3 r 0000000000000000 0000000000000000  beq      x24, x0, . - 0xa
#2355 0 00000000000193a8     8662 r 000000000000000c 0000000000000001  c.mv     x12, x24
#2356 0 00000000000193aa     45a9 r 000000000000000b 000000000000000a  c.li     x11, 0xa
#2357 0 00000000000193ac     8566 r 000000000000000a 000000000001c466  c.mv     x10, x25
#2358 0 00000000000193ae f7bfb0ef r 0000000000000001 00000000000193b2  jal      x1, . - 0x4086
#2359 0 0000000000015328 00757793 r 000000000000000f 0000000000000006  andi     x15, x10, 7
#2360 0 000000000001532c 0ff5f693 r 000000000000000d 000000000000000a  andi     x13, x11, 255
#2361 0 0000000000015330     c395 r 0000000000000000 0000000000000000  c.beqz   x15, . + 0x24
#2362 0 0000000000015332 fff60793 r 000000000000000f 0000000000000000  addi     x15, x12, -1
#2363 0 0000000000015336     c605 r 0000000000000000 0000000000000000  c.beqz   x12, . + 0x28
#2364 0 0000000000015338     567d r 000000000000000c ffffffffffffffff  c.li     x12, -0x1
#2365 0 000000000001533a     a801 r 0000000000000000 0000000000000000  c.j      . + 0x10
#2366 0 000000000001534a 00054703 r 000000000000000e 000000000000000a  lbu      x14, 0x0(x10)
#2367 0 000000000001534e fed717e3 r 0000000000000000 0000000000000000  bne      x14, x13, . - 0x12
#2368 0 0000000000015352     8082 r 0000000000000000 0000000000000000  c.jr     x1
#2369 0 00000000000193b2 12050f63 r 0000000000000000 0000000000000000  beq      x10, x0, . + 0x13e
#2370 0 00000000000193b6     0505 r 000000000000000a 000000000001c467  c.addi   x10, 0x1
#2371 0 00000000000193b8 419509bb r 0000000000000013 0000000000000001  subw     x19, x10, x25
#2372 0 00000000000193bc     b7b9 r 0000000000000000 0000000000000000  c.j      . - 0xb2
#2373 0 000000000001930a     8bce r 0000000000000017 0000000000000001  c.mv     x23, x19
#2374 0 000000000001930c 013c7363 r 0000000000000000 0000000000000000  bgeu     x24, x19, . + 0x6
#2375 0 0000000000019312     6008 r 000000000000000a 0000000000020015  c.ld     x10, 0x0(x8)
#2376 0 0000000000019314     6c1c r 000000000000000f 0000000000020010  c.ld     x15, 0x18(x8)
#2377 0 0000000000019316     5014 r 000000000000000d 0000000000000400  c.lw     x13, 0x20(x8)
#2378 0 0000000000019318     84de r 0000000000000009 0000000000000001  c.mv     x9, x23
#2379 0 000000000001931a 00a7f763 r 0000000000000000 0000000000000000  bgeu     x15, x10, . + 0xe
#2380 0 000000000001931e     445c r 000000000000000f fffffffffffffffb  c.lw     x15, 0xc(x8)
#2381 0 0000000000019320 00d78b3b r 0000000000000016 00000000000003fb  addw     x22, x15, x13
#2382 0 0000000000019324 097b4d63 r 0000000000000000 0000000000000000  blt      x22, x23, . + 0x9a
#2383 0 0000000000019328 18dbc463 r 0000000000000000 0000000000000000  blt      x23, x13, . + 0x188
#2384 0 00000000000194b0     865e r 000000000000000c 0000000000000001  c.mv     x12, x23
#2385 0 00000000000194b2     85e6 r 000000000000000b 000000000001c466  c.mv     x11, x25
#2386 0 00000000000194b4 1ac000ef r 0000000000000001 00000000000194b8  jal      x1, . + 0x1ac
#2387 0 0000000000019660 02a5f263 r 0000000000000000 0000000000000000  bgeu     x11, x10, . + 0x24
#2388 0 0000000000019664 00c587b3 r 000000000000000f 000000000001c467  add      x15, x11, x12
#2389 0 0000000000019668 00f57e63 r 0000000000000000 0000000000000000  bgeu     x10, x15, . + 0x1c
#2390 0 0000000000019684     47fd r 000000000000000f 000000000000001f  c.li     x15, 0x1f
#2391 0 0000000000019686 02c7e163 r 0000000000000000 0000000000000000  bltu     x15, x12, . + 0x22
#2392 0 000000000001968a     87aa r 000000000000000f 0000000000020015  c.mv     x15, x10
#2393 0 000000000001968c fff60693 r 000000000000000d 0000000000000000  addi     x13, x12, -1
#2394 0 0000000000019690     c245 r 0000000000000000 0000000000000000  c.beqz   x12, . + 0xa0
#2395 0 0000000000019692     0685 r 000000000000000d 0000000000000001  c.addi   x13, 0x1
#2396 0 0000000000019694     96be r 000000000000000d 0000000000020016  c.add    x13, x15
#2397 0 0000000000019696 0005c703 r 000000000000000e 000000000000000a  lbu      x14, 0x0(x11)
#2398 0 000000000001969a     0785 r 000000000000000f 0000000000020016  c.addi   x15, 0x1
#2399 0 000000000001969c     0585 r 000000000000000b 000000000001c467  c.addi   x11, 0x1
#2400 0 000000000001969e fee78fa3 m 0000000000020015 000000000000000a  sb       x14, -0x1(x15)
#2401 0 00000000000196a2 fed79ae3 r 0000000000000000 0000000000000000  bne      x15, x13, . - 0xc
#2402 0 00000000000196a6     8082 r 0000000000000000 0000000000000000  c.jr     x1
#2403 0 00000000000194b8     4454 r 000000000000000d fffffffffffffffb  c.lw     x13, 0xc(x8)
#2404 0 00000000000194ba     6018 r 000000000000000e 0000000000020015  c.ld     x14, 0x0(x8)
#2405 0 00000000000194bc 000b879b r 000000000000000f 0000000000000001  addiw    x15, x23, 0
#2406 0 00000000000194c0 417686bb r 000000000000000d fffffffffffffffa  subw     x13, x13, x23
#2407 0 00000000000194c4     975e r 000000000000000e 0000000000020016  c.add    x14, x23
#2408 0 00000000000194c6     c454 m 000000000001e884 00000000fffffffa  c.sw     x13, 0xc(x8)
#2409 0 00000000000194c8     e018 m 000000000001e878 0000000000020016  c.sd     x14, 0x0(x8)
#2410 0 00000000000194ca     bd9d r 0000000000000000 0000000000000000  c.j      . - 0x18a
#2411 0 0000000000019340 40f989bb r 0000000000000013 0000000000000000  subw     x19, x19, x15
#2412 0 0000000000019344     4505 r 000000000000000a 0000000000000001  c.li     x10, 0x1
#2413 0 0000000000019346 02098b63 r 0000000000000000 0000000000000000  beq      x19, x0, . + 0x36
#2414 0 000000000001937c     85a2 r 000000000000000b 000000000001e878  c.mv     x11, x8
#2415 0 000000000001937e     8556 r 000000000000000a 000000000001e290  c.mv     x10, x21
#2416 0 0000000000019380 f0ff80ef r 0000000000000001 0000000000019384  jal      x1, . - 0x70f2
#2417 0 000000000001228e     1101 r 0000000000000002 00000000fffff220  c.addi   x2, -0x20
#2418 0 0000000000012290     e822 m 00000000fffff230 000000000001e878  c.sdsp   x8, 0x10
#2419 0 0000000000012292     ec06 m 00000000fffff238 0000000000019384  c.sdsp   x1, 0x18
#2420 0 0000000000012294     842a r 0000000000000008 000000000001e290  c.mv     x8, x10
#2421 0 0000000000012296     c119 r 0000000000000000 0000000000000000  c.beqz   x10, . + 0x6
#2422 0 0000000000012298     493c r 000000000000000f 0000000000000001  c.lw     x15, 0x50(x10)
#2423 0 000000000001229a     cb89 r 0000000000000000 0000000000000000  c.beqz   x15, . + 0x12
#2424 0 000000000001229c 01059783 r 000000000000000f 0000000000002889  lh       x15, 0x10(x11)
#2425 0 00000000000122a0     ef89 r 0000000000000000 0000000000000000  c.bnez   x15, . + 0x1a
#2426 0 00000000000122ba     8522 r 000000000000000a 000000000001e290  c.mv     x10, x8
#2427 0 00000000000122bc     6442 r 0000000000000008 000000000001e878  c.ldsp   x8, 0x10
#2428 0 00000000000122be     60e2 r 0000000000000001 0000000000019384  c.ldsp   x1, 0x18
#2429 0 00000000000122c0     6105 r 0000000000000002 00000000fffff240  c.addi16sp 0x2
#2430 0 00000000000122c2     bd2d r 0000000000000000 0000000000000000  c.j      . - 0x1c6
#2431 0 00000000000120fc 01059783 r 000000000000000f 0000000000002889  lh       x15, 0x10(x11)
#2432 0 0000000000012100     7179 r 0000000000000002 00000000fffff210  c.addi16sp -0x3
#2433 0 0000000000012102     f022 m 00000000fffff230 000000000001e878  c.sdsp   x8, 0x20
#2434 0 0000000000012104     e44e m 00000000fffff218 0000000000000000  c.sdsp   x19, 0x8
#2435 0 0000000000012106     f406 m 00000000fffff238 0000000000019384  c.sdsp   x1, 0x28
#2436 0 0000000000012108     ec26 m 00000000fffff228 0000000000000001  c.sdsp   x9, 0x18
#2437 0 000000000001210a     e84a m 00000000fffff220 00000000fffff490  c.sdsp   x18, 0x10
#2438 0 000000000001210c 0087f693 r 000000000000000d 0000000000000008  andi     x13, x15, 8
#2439 0 0000000000012110     842e r 0000000000000008 000000000001e878  c.mv     x8, x11
#2440 0 0000000000012112     89aa r 0000000000000013 000000000001e290  c.mv     x19, x10
#2441 0 0000000000012114     ead5 r 0000000000000000 0000000000000000  c.bnez   x13, . + 0xb4
#2442 0 00000000000121c8 0185b903 r 0000000000000012 0000000000020010  ld       x18, 0x18(x11)
#2443 0 00000000000121cc fe0906e3 r 0000000000000000 0000000000000000  beq      x18, x0, . - 0x14
#2444 0 00000000000121d0     6184 r 0000000000000009 0000000000020016  c.ld     x9, 0x0(x11)
#2445 0 00000000000121d2 03079713 r 000000000000000e 2889000000000000  slli     x14, x15, 48
#2446 0 00000000000121d6     9341 r 000000000000000e 0000000000002889  c.srli   x14, 0x30
#2447 0 00000000000121d8     8b0d r 000000000000000e 0000000000000001  c.andi   x14, 0x3
#2448 0 00000000000121da 0125b023 m 000000000001e878 0000000000020010  sd       x18, 0x0(x11)
#2449 0 00000000000121de 412484bb r 0000000000000009 0000000000000006  subw     x9, x9, x18
#2450 0 00000000000121e2     4781 r 000000000000000f 0000000000000000  c.li     x15, 0x0
#2451 0 00000000000121e4     e311 r 0000000000000000 0000000000000000  c.bnez   x14, . + 0x4
#2452 0 00000000000121e8     c45c m 000000000001e884 0000000000000000  c.sw     x15, 0xc(x8)
#2453 0 00000000000121ea 00904663 r 0000000000000000 0000000000000000  blt      x0, x9, . + 0xc
#2454 0 00000000000121f6     603c r 000000000000000f 00000000000161c4  c.ld     x15, 0x40(x8)
#2455 0 00000000000121f8     780c r 000000000000000b 000000000001e878  c.ld     x11, 0x30(x8)
#2456 0 00000000000121fa     86a6 r 000000000000000d 0000000000000006  c.mv     x13, x9
#2457 0 00000000000121fc     864a r 000000000000000c 0000000000020010  c.mv     x12, x18
#2458 0 00000000000121fe     854e r 000000000000000a 000000000001e290  c.mv     x10, x19
#2459 0 0000000000012200     9782 r 0000000000000001 0000000000012202  c.jalr   x15
#2460 0 00000000000161c4 01059783 r 000000000000000f 0000000000002889  lh       x15, 0x10(x11)
#2461 0 00000000000161c8     7179 r 0000000000000002 00000000fffff1e0  c.addi16sp -0x3
#2462 0 00000000000161ca     f022 m 00000000fffff200 000000000001e878  c.sdsp   x8, 0x20
#2463 0 00000000000161cc     ec26 m 00000000fffff1f8 0000000000000006  c.sdsp   x9, 0x18
#2464 0 00000000000161ce     e84a m 00000000fffff1f0 0000000000020010  c.sdsp   x18, 0x10
#2465 0 00000000000161d0     e44e m 00000000fffff1e8 000000000001e290  c.sdsp   x19, 0x8
#2466 0 00000000000161d2     f406 m 00000000fffff208 0000000000012202  c.sdsp   x1, 0x28
#2467 0 00000000000161d4 1007f713 r 000000000000000e 0000000000000000  andi     x14, x15, 256
#2468 0 00000000000161d8     842e r 0000000000000008 000000000001e878  c.mv     x8, x11
#2469 0 00000000000161da     84aa r 0000000000000009 000000000001e290  c.mv     x9, x10
#2470 0 00000000000161dc 01259583 r 000000000000000b 0000000000000001  lh       x11, 0x12(x11)
#2471 0 00000000000161e0     8932 r 0000000000000012 0000000000020010  c.mv     x18, x12
#2472 0 00000000000161e2     89b6 r 0000000000000013 0000000000000006  c.mv     x19, x13
#2473 0 00000000000161e4     e30d r 0000000000000000 0000000000000000  c.bnez   x14, . + 0x22
#2474 0 00000000000161e6     777d r 000000000000000e fffffffffffff000  c.lui    x14, 0xfffff
#2475 0 00000000000161e8     177d r 000000000000000e ffffffffffffefff  c.addi   x14, -0x1
#2476 0 00000000000161ea     8ff9 r 000000000000000f 0000000000002889  c.and    x15, x14
#2477 0 00000000000161ec 00f41823 m 000000000001e888 0000000000002889  sh       x15, 0x10(x8)
#2478 0 00000000000161f0     7402 r 0000000000000008 000000000001e878  c.ldsp   x8, 0x20
#2479 0 00000000000161f2     70a2 r 0000000000000001 0000000000012202  c.ldsp   x1, 0x28
#2480 0 00000000000161f4     86ce r 000000000000000d 0000000000000006  c.mv     x13, x19
#2481 0 00000000000161f6     864a r 000000000000000c 0000000000020010  c.mv     x12, x18
#2482 0 00000000000161f8     69a2 r 0000000000000013 000000000001e290  c.ldsp   x19, 0x8
#2483 0 00000000000161fa     6942 r 0000000000000012 0000000000020010  c.ldsp   x18, 0x10
#2484 0 00000000000161fc     8526 r 000000000000000a 000000000001e290  c.mv     x10, x9
#2485 0 00000000000161fe     64e2 r 0000000000000009 0000000000000006  c.ldsp   x9, 0x18
#2486 0 0000000000016200     6145 r 0000000000000002 00000000fffff210  c.addi16sp 0x3
#2487 0 0000000000016202 3a70206f r 0000000000000000 0000000000000000  j        . + 0x2ba6
#2488 0 0000000000018da8     1101 r 0000000000000002 00000000fffff1f0  c.addi   x2, -0x20
#2489 0 0000000000018daa     872e r 000000000000000e 0000000000000001  c.mv     x14, x11
#2490 0 0000000000018dac     e822 m 00000000fffff200 000000000001e878  c.sdsp   x8, 0x10
#2491 0 0000000000018dae     e426 m 00000000fffff1f8 0000000000000006  c.sdsp   x9, 0x8
#2492 0 0000000000018db0     85b2 r 000000000000000b 0000000000020010  c.mv     x11, x12
#2493 0 0000000000018db2     842a r 0000000000000008 000000000001e290  c.mv     x8, x10
#2494 0 0000000000018db4     8636 r 000000000000000c 0000000000000006  c.mv     x12, x13
#2495 0 0000000000018db6     853a r 000000000000000a 0000000000000001  c.mv     x10, x14
#2496 0 0000000000018db8     ec06 m 00000000fffff208 0000000000012202  c.sdsp   x1, 0x18
#2497 0 0000000000018dba 7801a823 m 000000000001f408 0000000000000000  sw       x0, 0x790(x3)
#2498 0 0000000000018dbe 208020ef r 0000000000000001 0000000000018dc2  jal      x1, . + 0x2208
#2499 0 000000000001afc6     1141 r 0000000000000002 00000000fffff1e0  c.addi   x2, -0x10
#2500 0 000000000001afc8     e406 m 00000000fffff1e8 0000000000018dc2  c.sdsp   x1, 0x8
#2501 0 000000000001afca     e022 m 00000000fffff1e0 000000000001e290  c.sdsp   x8, 0x0
#2502 0 000000000001afcc 04000893 r 0000000000000011 0000000000000040  addi     x17, x0, 64
#2503 0 000000000001afd0 00000073 r 000000000000000a 0000000000000006  ecall    
#2504 0 000000000001afd4     842a r 0000000000000008 0000000000000006  c.mv     x8, x10
#2505 0 000000000001afd6 00054763 r 0000000000000000 0000000000000000  blt      x10, x0, . + 0xe
#2506 0 000000000001afda     60a2 r 0000000000000001 0000000000018dc2  c.ldsp   x1, 0x8
#2507 0 000000000001afdc     8522 r 000000000000000a 0000000000000006  c.mv     x10, x8
#2508 0 000000000001afde     6402 r 0000000000000008 000000000001e290  c.ldsp   x8, 0x0
#2509 0 000000000001afe0     0141 r 0000000000000002 00000000fffff1f0  c.addi   x2, 0x10
#2510 0 000000000001afe2     8082 r 0000000000000000 0000000000000000  c.jr     x1
#2511 0 0000000000018dc2     57fd r 000000000000000f ffffffffffffffff  c.li     x15, -0x1
#2512 0 0000000000018dc4 00f50763 r 0000000000000000 0000000000000000  beq      x10, x15, . + 0xe
#2513 0 0000000000018dc8     60e2 r 0000000000000001 0000000000012202  c.ldsp   x1, 0x18
#2514 0 0000000000018dca     6442 r 0000000000000008 000000000001e878  c.ldsp   x8, 0x10
#2515 0 0000000000018dcc     64a2 r 0000000000000009 0000000000000006  c.ldsp   x9, 0x8
#2516 0 0000000000018dce     6105 r 0000000000000002 00000000fffff210  c.addi16sp 0x2
#2517 0 0000000000018dd0     8082 r 0000000000000000 0000000000000000  c.jr     x1
#2518 0 0000000000012202     9c89 r 0000000000000009 0000000000000000  c.subw   x9, x10
#2519 0 0000000000012204 fea046e3 r 0000000000000000 0000000000000000  blt      x0, x10, . - 0x14
#2520 0 00000000000121f0     992a r 0000000000000012 0000000000020016  c.add    x18, x10
#2521 0 00000000000121f2 fc9053e3 r 0000000000000000 0000000000000000  bge      x0, x9, . - 0x3a
#2522 0 00000000000121b8     4501 r 000000000000000a 0000000000000000  c.li     x10, 0x0
#2523 0 00000000000121ba     70a2 r 0000000000000001 0000000000019384  c.ldsp   x1, 0x28
#2524 0 00000000000121bc     7402 r 0000000000000008 000000000001e878  c.ldsp   x8, 0x20
#2525 0 00000000000121be     64e2 r 0000000000000009 0000000000000001  c.ldsp   x9, 0x18
#2526 0 00000000000121c0     6942 r 0000000000000012 00000000fffff490  c.ldsp   x18, 0x10
#2527 0 00000000000121c2     69a2 r 0000000000000013 0000000000000000  c.ldsp   x19, 0x8
#2528 0 00000000000121c4     6145 r 0000000000000002 00000000fffff240  c.addi16sp 0x3
#2529 0 00000000000121c6     8082 r 0000000000000000 0000000000000000  c.jr     x1
#2530 0 0000000000019384     d179 r 0000000000000000 0000000000000000  c.beqz   x10, . - 0x3a
#2531 0 000000000001934a 010a3783 r 000000000000000f 0000000000000001  ld       x15, 0x10(x20)
#2532 0 000000000001934e     9ca6 r 0000000000000019 000000000001c467  c.add    x25, x9
#2533 0 0000000000019350 409c0c33 r 0000000000000018 0000000000000000  sub      x24, x24, x9
#2534 0 0000000000019354 409784b3 r 0000000000000009 0000000000000000  sub      x9, x15, x9
#2535 0 0000000000019358 009a3823 m 00000000fffff410 0000000000000000  sd       x9, 0x10(x20)
#2536 0 000000000001935c     f4c5 r 0000000000000000 0000000000000000  c.bnez   x9, . - 0x58
#2537 0 000000000001935e     4501 r 000000000000000a 0000000000000000  c.li     x10, 0x0
#2538 0 0000000000019360     60e6 r 0000000000000001 000000000001809a  c.ldsp   x1, 0x58
#2539 0 0000000000019362     6446 r 0000000000000008 000000000001c467  c.ldsp   x8, 0x50
#2540 0 0000000000019364     64a6 r 0000000000000009 0000000000000001  c.ldsp   x9, 0x48
#2541 0 0000000000019366     6906 r 0000000000000012 000000000001e878  c.ldsp   x18, 0x40
#2542 0 0000000000019368     79e2 r 0000000000000013 0000000000000001  c.ldsp   x19, 0x38
#2543 0 000000000001936a     7a42 r 0000000000000014 000000000001e290  c.ldsp   x20, 0x30
#2544 0 000000000001936c     7aa2 r 0000000000000015 00000000fffff400  c.ldsp   x21, 0x28
#2545 0 000000000001936e     7b02 r 0000000000000016 00000000fffff480  c.ldsp   x22, 0x20
#2546 0 0000000000019370     6be2 r 0000000000000017 0000000000000001  c.ldsp   x23, 0x18
#2547 0 0000000000019372     6c42 r 0000000000000018 fffffffffffffffe  c.ldsp   x24, 0x10
#2548 0 0000000000019374     6ca2 r 0000000000000019 000000000001c466  c.ldsp   x25, 0x8
#2549 0 0000000000019376     6d02 r 000000000000001a 0000000000000064  c.ldsp   x26, 0x0
#2550 0 0000000000019378     6125 r 0000000000000002 00000000fffff2a0  c.addi16sp 0x6
#2551 0 000000000001937a     8082 r 0000000000000000 0000000000000000  c.jr     x1
#2552 0 000000000001809a     b7e1 r 0000000000000000 0000000000000000  c.j      . - 0x38
#2553 0 0000000000018062     60a6 r 0000000000000001 0000000000011864  c.ldsp   x1, 0x48
#2554 0 0000000000018064     6406 r 0000000000000008 000000000001c467  c.ldsp   x8, 0x40
#2555 0 0000000000018066 000ab823 m 00000000fffff410 0000000000000000  sd       x0, 0x10(x21)
#2556 0 000000000001806a 000aa423 m 00000000fffff408 0000000000000000  sw       x0, 0x8(x21)
#2557 0 000000000001806e     74e2 r 0000000000000009 0000000000000001  c.ldsp   x9, 0x38
#2558 0 0000000000018070     7942 r 0000000000000012 000000000001e878  c.ldsp   x18, 0x30
#2559 0 0000000000018072     79a2 r 0000000000000013 0000000000000001  c.ldsp   x19, 0x28
#2560 0 0000000000018074     7a02 r 0000000000000014 000000000001e290  c.ldsp   x20, 0x20
#2561 0 0000000000018076     6ae2 r 0000000000000015 0000000000000000  c.ldsp   x21, 0x18
#2562 0 0000000000018078     6b42 r 0000000000000016 00000000fffff480  c.ldsp   x22, 0x10
#2563 0 000000000001807a     6ba2 r 0000000000000017 0000000000000001  c.ldsp   x23, 0x8
#2564 0 000000000001807c     6161 r 0000000000000002 00000000fffff2f0  c.addi16sp 0x5
#2565 0 000000000001807e     8082 r 0000000000000000 0000000000000000  c.jr     x1
#2566 0 0000000000011864 d99fe06f r 0000000000000000 0000000000000000  j        . - 0x1268
#2567 0 00000000000105fc 01095783 r 000000000000000f 0000000000002889  lhu      x15, 0x10(x18)
#2568 0 0000000000010600 0407f793 r 000000000000000f 0000000000000000  andi     x15, x15, 64
#2569 0 0000000000010604     c399 r 0000000000000000 0000000000000000  c.beqz   x15, . + 0x6
#2570 0 000000000001060a 27813083 r 0000000000000001 0000000000010340  ld       x1, 0x278(x2)
#2571 0 000000000001060e 27013403 r 0000000000000008 00000000ffffff50  ld       x8, 0x270(x2)
#2572 0 0000000000010612     6522 r 000000000000000a 0000000000000006  c.ldsp   x10, 0x8
#2573 0 0000000000010614 26813483 r 0000000000000009 0000000000000000  ld       x9, 0x268(x2)
#2574 0 0000000000010618 26013903 r 0000000000000012 0000000000000000  ld       x18, 0x260(x2)
#2575 0 000000000001061c 25813983 r 0000000000000013 0000000000000000  ld       x19, 0x258(x2)
#2576 0 0000000000010620 25013a03 r 0000000000000014 0000000000000000  ld       x20, 0x250(x2)
#2577 0 0000000000010624 24813a83 r 0000000000000015 0000000000000000  ld       x21, 0x248(x2)
#2578 0 0000000000010628 24013b03 r 0000000000000016 0000000000000000  ld       x22, 0x240(x2)
#2579 0 000000000001062c 23813b83 r 0000000000000017 0000000000000000  ld       x23, 0x238(x2)
#2580 0 0000000000010630 23013c03 r 0000000000000018 0000000000000000  ld       x24, 0x230(x2)
#2581 0 0000000000010634 22813c83 r 0000000000000019 0000000000000000  ld       x25, 0x228(x2)
#2582 0 0000000000010638 22013d03 r 000000000000001a 0000000000000000  ld       x26, 0x220(x2)
#2583 0 000000000001063c 21813d83 r 000000000000001b 0000000000000000  ld       x27, 0x218(x2)
#2584 0 0000000000010640 28010113 r 0000000000000002 00000000fffff570  addi     x2, x2, 640
#2585 0 0000000000010644     8082 r 0000000000000000 0000000000000000  c.jr     x1
#2586 0 0000000000010340     60e2 r 0000000000000001 0000000000010184  c.ldsp   x1, 0x18
#2587 0 0000000000010342     6125 r 0000000000000002 00000000fffff5d0  c.addi16sp 0x6
#2588 0 0000000000010344     8082 r 0000000000000000 0000000000000000  c.jr     x1
#2589 0 0000000000010184 fec42783 r 000000000000000f 0000000000000001  lw       x15, -0x14(x8)
#2590 0 0000000000010188     2785 r 000000000000000f 0000000000000002  c.addiw  x15, 0x1
#2591 0 000000000001018a fef42623 m 00000000ffffff3c 0000000000000002  sw       x15, -0x14(x8)
#2592 0 000000000001018e fec42783 r 000000000000000f 0000000000000002  lw       x15, -0x14(x8)
#2593 0 0000000000010192 0007871b r 000000000000000e 0000000000000002  addiw    x14, x15, 0
#2594 0 0000000000010196     47a5 r 000000000000000f 0000000000000009  c.li     x15, 0x9
#2595 0 0000000000010198 fce7dee3 r 0000000000000000 0000000000000000  bge      x15, x14, . - 0x24
#2596 0 0000000000010174 fec42783 r 000000000000000f 0000000000000002  lw       x15, -0x14(x8)
#2597 0 0000000000010178     85be r 000000000000000b 0000000000000002  c.mv     x11, x15
#2598 0 000000000001017a     67f1 r 000000000000000f 000000000001c000  c.lui    x15, 0x1c
#2599 0 000000000001017c 46078513 r 000000000000000a 000000000001c460  addi     x10, x15, 1120
#2600 0 0000000000010180 19a000ef r 0000000000000001 0000000000010184  jal      x1, . + 0x19a
#2601 0 000000000001031a 7581b303 r 0000000000000006 000000000001e290  ld       x6, 0x758(x3)
#2602 0 000000000001031e     711d r 0000000000000002 00000000fffff570  c.addi16sp -0x6
#2603 0 0000000000010320     f832 m 00000000fffff5a0 0000000000000006  c.sdsp   x12, 0x30
#2604 0 0000000000010322     fc36 m 00000000fffff5a8 0000000000000006  c.sdsp   x13, 0x38
#2605 0 0000000000010324     f42e m 00000000fffff598 0000000000000002  c.sdsp   x11, 0x28
#2606 0 0000000000010326     e0ba m 00000000fffff5b0 0000000000000002  c.sdsp   x14, 0x40
#2607 0 0000000000010328     e4be m 00000000fffff5b8 000000000001c000  c.sdsp   x15, 0x48
#2608 0 000000000001032a     e8c2 m 00000000fffff5c0 0000000000000000  c.sdsp   x16, 0x50
#2609 0 000000000001032c     ecc6 m 00000000fffff5c8 0000000000000040  c.sdsp   x17, 0x58
#2610 0 000000000001032e 01033583 r 000000000000000b 000000000001e878  ld       x11, 0x10(x6)
#2611 0 0000000000010332     1034 r 000000000000000d 00000000fffff598  c.addi4spn  x13, 0xa
#2612 0 0000000000010334     862a r 000000000000000c 000000000001c460  c.mv     x12, x10
#2613 0 0000000000010336     851a r 000000000000000a 000000000001e290  c.mv     x10, x6
#2614 0 0000000000010338     ec06 m 00000000fffff588 0000000000010184  c.sdsp   x1, 0x18
#2615 0 000000000001033a     e436 m 00000000fffff578 00000000fffff598  c.sdsp   x13, 0x8
#2616 0 000000000001033c 00a000ef r 0000000000000001 0000000000010340  jal      x1, . + 0xa
#2617 0 0000000000010346 d8010113 r 0000000000000002 00000000fffff2f0  addi     x2, x2, -640
#2618 0 000000000001034a 26113c23 m 00000000fffff568 0000000000010340  sd       x1, 0x278(x2)
#2619 0 000000000001034e 27213023 m 00000000fffff550 0000000000000000  sd       x18, 0x260(x2)
#2620 0 0000000000010352 25413823 m 00000000fffff540 0000000000000000  sd       x20, 0x250(x2)
#2621 0 0000000000010356 23913423 m 00000000fffff518 0000000000000000  sd       x25, 0x228(x2)
#2622 0 000000000001035a     892e r 0000000000000012 000000000001e878  c.mv     x18, x11
#2623 0 000000000001035c     8cb2 r 0000000000000019 000000000001c460  c.mv     x25, x12
#2624 0 000000000001035e     e836 m 00000000fffff300 00000000fffff598  c.sdsp   x13, 0x10
#2625 0 0000000000010360 26813823 m 00000000fffff560 00000000ffffff50  sd       x8, 0x270(x2)
#2626 0 0000000000010364 26913423 m 00000000fffff558 0000000000000000  sd       x9, 0x268(x2)
#2627 0 0000000000010368 25313c23 m 00000000fffff548 0000000000000000  sd       x19, 0x258(x2)
#2628 0 000000000001036c 25513423 m 00000000fffff538 0000000000000000  sd       x21, 0x248(x2)
#2629 0 0000000000010370 25613023 m 00000000fffff530 0000000000000000  sd       x22, 0x240(x2)
#2630 0 0000000000010374 23713c23 m 00000000fffff528 0000000000000000  sd       x23, 0x238(x2)
#2631 0 0000000000010378 23813823 m 00000000fffff520 0000000000000000  sd       x24, 0x230(x2)
#2632 0 000000000001037c 23a13023 m 00000000fffff510 0000000000000000  sd       x26, 0x220(x2)
#2633 0 0000000000010380 21b13c23 m 00000000fffff508 0000000000000000  sd       x27, 0x218(x2)
#2634 0 0000000000010384     8a2a r 0000000000000014 000000000001e290  c.mv     x20, x10
#2635 0 0000000000010386 6fa040ef r 0000000000000001 000000000001038a  jal      x1, . + 0x46fa
#2636 0 0000000000014a80 e6018513 r 000000000000000a 000000000001ead8  addi     x10, x3, -416
#2637 0 0000000000014a84     8082 r 0000000000000000 0000000000000000  c.jr     x1
#2638 0 000000000001038a     611c r 000000000000000f 000000000001c9b0  c.ld     x15, 0x0(x10)
#2639 0 000000000001038c     853e r 000000000000000a 000000000001c9b0  c.mv     x10, x15
#2640 0 000000000001038e     f8be m 00000000fffff360 000000000001c9b0  c.sdsp   x15, 0x70
#2641 0 0000000000010390 058060ef r 0000000000000001 0000000000010394  jal      x1, . + 0x6058
#2642 0 00000000000163e8 00757793 r 000000000000000f 0000000000000000  andi     x15, x10, 7
#2643 0 00000000000163ec     872a r 000000000000000e 000000000001c9b0  c.mv     x14, x10
#2644 0 00000000000163ee     eba9 r 0000000000000000 0000000000000000  c.bnez   x15, . + 0x52
#2645 0 00000000000163f0 7401b683 r 000000000000000d 7f7f7f7f7f7f7f7f  ld       x13, 0x740(x3)
#2646 0 00000000000163f4     55fd r 000000000000000b ffffffffffffffff  c.li     x11, -0x1
#2647 0 00000000000163f6     6310 r 000000000000000c 000000000000002e  c.ld     x12, 0x0(x14)
#2648 0 00000000000163f8     0721 r 000000000000000e 000000000001c9b8  c.addi   x14, 0x8
#2649 0 00000000000163fa 00d677b3 r 000000000000000f 000000000000002e  and      x15, x12, x13
#2650 0 00000000000163fe     97b6 r 000000000000000f 7f7f7f7f7f7f7fad  c.add    x15, x13
#2651 0 0000000000016400     8fd1 r 000000000000000f 7f7f7f7f7f7f7faf  c.or     x15, x12
#2652 0 0000000000016402     8fd5 r 000000000000000f 7f7f7f7f7f7f7fff  c.or     x15, x13
#2653 0 0000000000016404 feb789e3 r 0000000000000000 0000000000000000  beq      x15, x11, . - 0xe
#2654 0 0000000000016408 ff874683 r 000000000000000d 000000000000002e  lbu      x13, -0x8(x14)
#2655 0 000000000001640c 40a707b3 r 000000000000000f 0000000000000008  sub      x15, x14, x10
#2656 0 0000000000016410     c6a9 r 0000000000000000 0000000000000000  c.beqz   x13, . + 0x4a
#2657 0 0000000000016412 ff974683 r 000000000000000d 0000000000000000  lbu      x13, -0x7(x14)
#2658 0 0000000000016416     ce9d r 0000000000000000 0000000000000000  c.beqz   x13, . + 0x3e
#2659 0 0000000000016454 ff978513 r 000000000000000a 0000000000000001  addi     x10, x15, -7
#2660 0 0000000000016458     8082 r 0000000000000000 0000000000000000  c.jr     x1
#2661 0 0000000000010394     f4aa m 00000000fffff358 0000000000000001  c.sdsp   x10, 0x68
#2662 0 0000000000010396     e202 m 00000000fffff3f0 0000000000000000  c.sdsp   x0, 0x100
#2663 0 0000000000010398     e602 m 00000000fffff3f8 0000000000000000  c.sdsp   x0, 0x108
#2664 0 000000000001039a 000a0663 r 0000000000000000 0000000000000000  beq      x20, x0, . + 0xc
#2665 0 000000000001039e 050a2783 r 000000000000000f 0000000000000001  lw       x15, 0x50(x20)
#2666 0 00000000000103a2 72078963 r 0000000000000000 0000000000000000  beq      x15, x0, . + 0x732
#2667 0 00000000000103a6 01091703 r 000000000000000e 0000000000002889  lh       x14, 0x10(x18)
#2668 0 00000000000103aa     6689 r 000000000000000d 0000000000002000  c.lui    x13, 0x2
#2669 0 00000000000103ac 03071793 r 000000000000000f 2889000000000000  slli     x15, x14, 48
#2670 0 00000000000103b0     93c1 r 000000000000000f 0000000000002889  c.srli   x15, 0x30
#2671 0 00000000000103b2 00d7f633 r 000000000000000c 0000000000002000  and      x12, x15, x13
#2672 0 00000000000103b6     e215 r 0000000000000000 0000000000000000  c.bnez   x12, . + 0x24
#2673 0 00000000000103da 0087f713 r 000000000000000e 0000000000000008  andi     x14, x15, 8
#2674 0 00000000000103de 26070a63 r 0000000000000000 0000000000000000  beq      x14, x0, . + 0x274
#2675 0 00000000000103e2 01893703 r 000000000000000e 0000000000020010  ld       x14, 0x18(x18)
#2676 0 00000000000103e6 26070663 r 0000000000000000 0000000000000000  beq      x14, x0, . + 0x26c
#2677 0 00000000000103ea     8be9 r 000000000000000f 0000000000000008  c.andi   x15, 0x1a
#2678 0 00000000000103ec     4729 r 000000000000000e 000000000000000a  c.li     x14, 0xa
#2679 0 00000000000103ee 26e78f63 r 0000000000000000 0000000000000000  beq      x15, x14, . + 0x27e
#2680 0 00000000000103f2     67f1 r 000000000000000f 000000000001c000  c.lui    x15, 0x1c
#2681 0 00000000000103f4 6887b783 r 000000000000000f 3ffc000000000000  ld       x15, 0x688(x15)
#2682 0 00000000000103f8 19010b13 r 0000000000000016 00000000fffff480  addi     x22, x2, 400
#2683 0 00000000000103fc     ea5a m 00000000fffff400 00000000fffff480  c.sdsp   x22, 0x110
#2684 0 00000000000103fe     ed3e m 00000000fffff388 3ffc000000000000  c.sdsp   x15, 0x98
#2685 0 0000000000010400     67f1 r 000000000000000f 000000000001c000  c.lui    x15, 0x1c
#2686 0 0000000000010402 6687b783 r 000000000000000f 4003000000000000  ld       x15, 0x668(x15)
#2687 0 0000000000010406     f202 m 00000000fffff410 0000000000000000  c.sdsp   x0, 0x120
#2688 0 0000000000010408 10012c23 m 00000000fffff408 0000000000000000  sw       x0, 0x118(x2)
#2689 0 000000000001040c     e93e m 00000000fffff380 4003000000000000  c.sdsp   x15, 0x90
#2690 0 000000000001040e     67f1 r 000000000000000f 000000000001c000  c.lui    x15, 0x1c
#2691 0 0000000000010410 6787b783 r 000000000000000f 3ffe000000000000  ld       x15, 0x678(x15)
#2692 0 0000000000010414     f002 m 00000000fffff310 0000000000000000  c.sdsp   x0, 0x20
#2693 0 0000000000010416     f402 m 00000000fffff318 0000000000000000  c.sdsp   x0, 0x28
#2694 0 0000000000010418     f13e m 00000000fffff390 3ffe000000000000  c.sdsp   x15, 0xa0
#2695 0 000000000001041a 000cc783 r 000000000000000f 0000000000000069  lbu      x15, 0x0(x25)
#2696 0 000000000001041e     fc82 m 00000000fffff368 0000000000000000  c.sdsp   x0, 0x78
#2697 0 0000000000010420     f082 m 00000000fffff350 0000000000000000  c.sdsp   x0, 0x60
#2698 0 0000000000010422     e102 m 00000000fffff370 0000000000000000  c.sdsp   x0, 0x80
#2699 0 0000000000010424     e502 m 00000000fffff378 0000000000000000  c.sdsp   x0, 0x88
#2700 0 0000000000010426     e402 m 00000000fffff2f8 0000000000000000  c.sdsp   x0, 0x8
#2701 0 0000000000010428     835a r 0000000000000006 00000000fffff480  c.mv     x6, x22
#2702 0 000000000001042a 1c078563 r 0000000000000000 0000000000000000  beq      x15, x0, . + 0x1ca
#2703 0 000000000001042e     8466 r 0000000000000008 000000000001c460  c.mv     x8, x25
#2704 0 0000000000010430 02500713 r 000000000000000e 0000000000000025  addi     x14, x0, 37
#2705 0 0000000000010434 30e78363 r 0000000000000000 0000000000000000  beq      x15, x14, . + 0x306
#2706 0 0000000000010438 00144783 r 000000000000000f 0000000000000020  lbu      x15, 0x1(x8)
#2707 0 000000000001043c     0405 r 0000000000000008 000000000001c461  c.addi   x8, 0x1
#2708 0 000000000001043e     fbfd r 0000000000000000 0000000000000000  c.bnez   x15, . - 0xa
#2709 0 0000000000010434 30e78363 r 0000000000000000 0000000000000000  beq      x15, x14, . + 0x306
#2710 0 0000000000010438 00144783 r 000000000000000f 000000000000003d  lbu      x15, 0x1(x8)
#2711 0 000000000001043c     0405 r 0000000000000008 000000000001c462  c.addi   x8, 0x1
#2712 0 000000000001043e     fbfd r 0000000000000000 0000000000000000  c.bnez   x15, . - 0xa
#2713 0 0000000000010434 30e78363 r 0000000000000000 0000000000000000  beq      x15, x14, . + 0x306
#2714 0 0000000000010438 00144783 r 000000000000000f 0000000000000020  lbu      x15, 0x1(x8)
#2715 0 000000000001043c     0405 r 0000000000000008 000000000001c463  c.addi   x8, 0x1
#2716 0 000000000001043e     fbfd r 0000000000000000 0000000000000000  c.bnez   x15, . - 0xa
#2717 0 0000000000010434 30e78363 r 0000000000000000 0000000000000000  beq      x15, x14, . + 0x306
#2718 0 0000000000010438 00144783 r 000000000000000f 0000000000000025  lbu      x15, 0x1(x8)
#2719 0 000000000001043c     0405 r 0000000000000008 000000000001c464  c.addi   x8, 0x1
#2720 0 000000000001043e     fbfd r 0000000000000000 0000000000000000  c.bnez   x15, . - 0xa
#2721 0 0000000000010434 30e78363 r 0000000000000000 0000000000000000  beq      x15, x14, . + 0x306
#2722 0 000000000001073a 419404bb r 0000000000000009 0000000000000004  subw     x9, x8, x25
#2723 0 000000000001073e d00495e3 r 0000000000000000 0000000000000000  bne      x9, x0, . - 0x2f6
#2724 0 0000000000010448     7712 r 000000000000000e 0000000000000000  c.ldsp   x14, 0x120
#2725 0 000000000001044a 11812783 r 000000000000000f 0000000000000000  lw       x15, 0x118(x2)
#2726 0 000000000001044e 01933023 m 00000000fffff480 000000000001c460  sd       x25, 0x0(x6)
#2727 0 0000000000010452     9726 r 000000000000000e 0000000000000004  c.add    x14, x9
#2728 0 0000000000010454     2785 r 000000000000000f 0000000000000001  c.addiw  x15, 0x1
#2729 0 0000000000010456 00933423 m 00000000fffff488 0000000000000004  sd       x9, 0x8(x6)
#2730 0 000000000001045a     f23a m 00000000fffff410 0000000000000004  c.sdsp   x14, 0x120
#2731 0 000000000001045c 10f12c23 m 00000000fffff408 0000000000000001  sw       x15, 0x118(x2)
#2732 0 0000000000010460 0007871b r 000000000000000e 0000000000000001  addiw    x14, x15, 0
#2733 0 0000000000010464     479d r 000000000000000f 0000000000000007  c.li     x15, 0x7
#2734 0 0000000000010466     0341 r 0000000000000006 00000000fffff490  c.addi   x6, 0x10
#2735 0 0000000000010468 2ee7c063 r 0000000000000000 0000000000000000  blt      x15, x14, . + 0x2e0
#2736 0 000000000001046c     6722 r 000000000000000e 0000000000000000  c.ldsp   x14, 0x8
#2737 0 000000000001046e 00044783 r 000000000000000f 0000000000000025  lbu      x15, 0x0(x8)
#2738 0 0000000000010472     9f25 r 000000000000000e 0000000000000004  c.addw   x14, x9
#2739 0 0000000000010474     e43a m 00000000fffff2f8 0000000000000004  c.sdsp   x14, 0x8
#2740 0 0000000000010476 16078f63 r 0000000000000000 0000000000000000  beq      x15, x0, . + 0x17e
#2741 0 000000000001047a     67f1 r 000000000000000f 000000000001c000  c.lui    x15, 0x1c
#2742 0 000000000001047c 00144e03 r 000000000000001c 0000000000000064  lbu      x28, 0x1(x8)
#2743 0 0000000000010480 0c010fa3 m 00000000fffff3cf 0000000000000000  sb       x0, 0xdf(x2)
#2744 0 0000000000010484     0405 r 0000000000000008 000000000001c465  c.addi   x8, 0x1
#2745 0 0000000000010486     5c7d r 0000000000000018 ffffffffffffffff  c.li     x24, -0x1
#2746 0 0000000000010488     4a81 r 0000000000000015 0000000000000000  c.li     x21, 0x0
#2747 0 000000000001048a     4481 r 0000000000000009 0000000000000000  c.li     x9, 0x0
#2748 0 000000000001048c 05a00993 r 0000000000000013 000000000000005a  addi     x19, x0, 90
#2749 0 0000000000010490 4c878b93 r 0000000000000017 000000000001c4c8  addi     x23, x15, 1224
#2750 0 0000000000010494     4da5 r 000000000000001b 0000000000000009  c.li     x27, 0x9
#2751 0 0000000000010496     0405 r 0000000000000008 000000000001c466  c.addi   x8, 0x1
#2752 0 0000000000010498 000e0d1b r 000000000000001a 0000000000000064  addiw    x26, x28, 0
#2753 0 000000000001049c 02a00613 r 000000000000000c 000000000000002a  addi     x12, x0, 42
#2754 0 00000000000104a0 fe0d079b r 000000000000000f 0000000000000044  addiw    x15, x26, -32
#2755 0 00000000000104a4 0007871b r 000000000000000e 0000000000000044  addiw    x14, x15, 0
#2756 0 00000000000104a8 04e9e363 r 0000000000000000 0000000000000000  bltu     x19, x14, . + 0x46
#2757 0 00000000000104ac 02079713 r 000000000000000e 0000004400000000  slli     x14, x15, 32
#2758 0 00000000000104b0 01e75793 r 000000000000000f 0000000000000110  srli     x15, x14, 30
#2759 0 00000000000104b4     97de r 000000000000000f 000000000001c5d8  c.add    x15, x23
#2760 0 00000000000104b6     439c r 000000000000000f 000000000001068a  c.lw     x15, 0x0(x15)
#2761 0 00000000000104b8     8782 r 0000000000000000 0000000000000000  c.jr     x15
#2762 0 000000000001068a     66c2 r 000000000000000d 00000000fffff598  c.ldsp   x13, 0x10
#2763 0 000000000001068c 0204f793 r 000000000000000f 0000000000000000  andi     x15, x9, 32
#2764 0 0000000000010690 00868713 r 000000000000000e 00000000fffff5a0  addi     x14, x13, 8
#2765 0 0000000000010694 3c078163 r 0000000000000000 0000000000000000  beq      x15, x0, . + 0x3c2
#2766 0 0000000000010a56 0104f793 r 000000000000000f 0000000000000000  andi     x15, x9, 16
#2767 0 0000000000010a5a 7e079f63 r 0000000000000000 0000000000000000  bne      x15, x0, . + 0x7fe
#2768 0 0000000000010a5e 0404f793 r 000000000000000f 0000000000000000  andi     x15, x9, 64
#2769 0 0000000000010a62 380788e3 r 0000000000000000 0000000000000000  beq      x15, x0, . + 0xb90
#2770 0 00000000000115f2 2004f793 r 000000000000000f 0000000000000000  andi     x15, x9, 512
#2771 0 00000000000115f6 24078163 r 0000000000000000 0000000000000000  beq      x15, x0, . + 0x242
#2772 0 0000000000011838     67c2 r 000000000000000f 00000000fffff598  c.ldsp   x15, 0x10
#2773 0 000000000001183a 0007a983 r 0000000000000013 0000000000000002  lw       x19, 0x0(x15)
#2774 0 000000000001183e     87ce r 000000000000000f 0000000000000002  c.mv     x15, x19
#2775 0 0000000000011840 e5dfe06f r 0000000000000000 0000000000000000  j        . - 0x11a4
#2776 0 000000000001069c 3c07cb63 r 0000000000000000 0000000000000000  blt      x15, x0, . + 0x3d6
#2777 0 00000000000106a0     57fd r 000000000000000f ffffffffffffffff  c.li     x15, -0x1
#2778 0 00000000000106a2 3efc00e3 r 0000000000000000 0000000000000000  beq      x24, x15, . + 0xbe0
#2779 0 0000000000011282     e83a m 00000000fffff300 00000000fffff5a0  c.sdsp   x14, 0x10
#2780 0 0000000000011284     47a5 r 000000000000000f 0000000000000009  c.li     x15, 0x9
#2781 0 0000000000011286     8da6 r 000000000000001b 0000000000000000  c.mv     x27, x9
#2782 0 0000000000011288 cb37f8e3 r 0000000000000000 0000000000000000  bgeu     x15, x19, . - 0x350
#2783 0 0000000000010f38 0309899b r 0000000000000013 0000000000000032  addiw    x19, x19, 48
#2784 0 0000000000010f3c 193105a3 m 00000000fffff47b 0000000000000032  sb       x19, 0x18b(x2)
#2785 0 0000000000010f40     84ee r 0000000000000009 0000000000000000  c.mv     x9, x27
#2786 0 0000000000010f42     4b85 r 0000000000000017 0000000000000001  c.li     x23, 0x1
#2787 0 0000000000010f44 18b10c93 r 0000000000000019 00000000fffff47b  addi     x25, x2, 395
#2788 0 0000000000010f48 f7aff06f r 0000000000000000 0000000000000000  j        . - 0x886
#2789 0 00000000000106c2 0df14783 r 000000000000000f 0000000000000000  lbu      x15, 0xdf(x2)
#2790 0 00000000000106c6 000b899b r 0000000000000013 0000000000000001  addiw    x19, x23, 0
#2791 0 00000000000106ca 018bd463 r 0000000000000000 0000000000000000  bge      x23, x24, . + 0x8
#2792 0 00000000000106d2     ec02 m 00000000fffff308 0000000000000000  c.sdsp   x0, 0x18
#2793 0 00000000000106d4     e482 m 00000000fffff338 0000000000000000  c.sdsp   x0, 0x48
#2794 0 00000000000106d6     ec82 m 00000000fffff348 0000000000000000  c.sdsp   x0, 0x58
#2795 0 00000000000106d8     e882 m 00000000fffff340 0000000000000000  c.sdsp   x0, 0x50
#2796 0 00000000000106da e20789e3 r 0000000000000000 0000000000000000  beq      x15, x0, . - 0x1ce
#2797 0 000000000001050c 0024f293 r 0000000000000005 0000000000000000  andi     x5, x9, 2
#2798 0 0000000000010510 00028363 r 0000000000000000 0000000000000000  beq      x5, x0, . + 0x6
#2799 0 0000000000010516 0844fd93 r 000000000000001b 0000000000000000  andi     x27, x9, 132
#2800 0 000000000001051a     7792 r 000000000000000f 0000000000000004  c.ldsp   x15, 0x120
#2801 0 000000000001051c 000d9663 r 0000000000000000 0000000000000000  bne      x27, x0, . + 0xc
#2802 0 0000000000010520 413a86bb r 000000000000000d ffffffffffffffff  subw     x13, x21, x19
#2803 0 0000000000010524 22d044e3 r 0000000000000000 0000000000000000  blt      x0, x13, . + 0xa28
#2804 0 0000000000010528 0df14703 r 000000000000000e 0000000000000000  lbu      x14, 0xdf(x2)
#2805 0 000000000001052c     c70d r 0000000000000000 0000000000000000  c.beqz   x14, . + 0x2a
#2806 0 0000000000010556 02028563 r 0000000000000000 0000000000000000  beq      x5, x0, . + 0x2a
#2807 0 0000000000010580 08000713 r 000000000000000e 0000000000000080  addi     x14, x0, 128
#2808 0 0000000000010584 06ed8ae3 r 0000000000000000 0000000000000000  beq      x27, x14, . + 0x874
#2809 0 0000000000010588 417c0c3b r 0000000000000018 fffffffffffffffe  subw     x24, x24, x23
#2810 0 000000000001058c 0f804ee3 r 0000000000000000 0000000000000000  blt      x0, x24, . + 0x8fc
#2811 0 0000000000010590 1004f713 r 000000000000000e 0000000000000000  andi     x14, x9, 256
#2812 0 0000000000010594 78071b63 r 0000000000000000 0000000000000000  bne      x14, x0, . + 0x796
#2813 0 0000000000010598 11812703 r 000000000000000e 0000000000000001  lw       x14, 0x118(x2)
#2814 0 000000000001059c     97de r 000000000000000f 0000000000000005  c.add    x15, x23
#2815 0 000000000001059e 01933023 m 00000000fffff490 00000000fffff47b  sd       x25, 0x0(x6)
#2816 0 00000000000105a2 0017069b r 000000000000000d 0000000000000002  addiw    x13, x14, 1
#2817 0 00000000000105a6     8736 r 000000000000000e 0000000000000002  c.mv     x14, x13
#2818 0 00000000000105a8 01733423 m 00000000fffff498 0000000000000001  sd       x23, 0x8(x6)
#2819 0 00000000000105ac 10e12c23 m 00000000fffff408 0000000000000002  sw       x14, 0x118(x2)
#2820 0 00000000000105b0     f23e m 00000000fffff410 0000000000000005  c.sdsp   x15, 0x120
#2821 0 00000000000105b2     471d r 000000000000000e 0000000000000007  c.li     x14, 0x7
#2822 0 00000000000105b4 46d74863 r 0000000000000000 0000000000000000  blt      x14, x13, . + 0x470
#2823 0 00000000000105b8     0341 r 0000000000000006 00000000fffff4a0  c.addi   x6, 0x10
#2824 0 00000000000105ba     8891 r 0000000000000009 0000000000000000  c.andi   x9, 0x4
#2825 0 00000000000105bc     c489 r 0000000000000000 0000000000000000  c.beqz   x9, . + 0xa
#2826 0 00000000000105c6     8756 r 000000000000000e 0000000000000000  c.mv     x14, x21
#2827 0 00000000000105c8 013ad363 r 0000000000000000 0000000000000000  bge      x21, x19, . + 0x6
#2828 0 00000000000105cc     874e r 000000000000000e 0000000000000001  c.mv     x14, x19
#2829 0 00000000000105ce     66a2 r 000000000000000d 0000000000000004  c.ldsp   x13, 0x8
#2830 0 00000000000105d0     9f35 r 000000000000000e 0000000000000005  c.addw   x14, x13
#2831 0 00000000000105d2     e43a m 00000000fffff2f8 0000000000000005  c.sdsp   x14, 0x8
#2832 0 00000000000105d4 12079be3 r 0000000000000000 0000000000000000  bne      x15, x0, . + 0x936
#2833 0 0000000000010f0a     0a10 r 000000000000000c 00000000fffff400  c.addi4spn  x12, 0x44
#2834 0 0000000000010f0c     85ca r 000000000000000b 000000000001e878  c.mv     x11, x18
#2835 0 0000000000010f0e     8552 r 000000000000000a 000000000001e290  c.mv     x10, x20
#2836 0 0000000000010f10 18c070ef r 0000000000000001 0000000000010f14  jal      x1, . + 0x718c
#2837 0 000000000001809c     6a18 r 000000000000000e 0000000000000005  c.ld     x14, 0x10(x12)
#2838 0 000000000001809e     c311 r 0000000000000000 0000000000000000  c.beqz   x14, . + 0x4
#2839 0 00000000000180a0     bfa1 r 0000000000000000 0000000000000000  c.j      . - 0xa8
#2840 0 0000000000017ff8 0ac5a783 r 000000000000000f 0000000000000000  lw       x15, 0xac(x11)
#2841 0 0000000000017ffc     715d r 0000000000000002 00000000fffff2a0  c.addi16sp -0x5
#2842 0 0000000000017ffe     6709 r 000000000000000e 0000000000002000  c.lui    x14, 0x2
#2843 0 0000000000018000     ec56 m 00000000fffff2b8 0000000000000000  c.sdsp   x21, 0x18
#2844 0 0000000000018002     e486 m 00000000fffff2e8 0000000000010f14  c.sdsp   x1, 0x48
#2845 0 0000000000018004     e0a2 m 00000000fffff2e0 000000000001c466  c.sdsp   x8, 0x40
#2846 0 0000000000018006     fc26 m 00000000fffff2d8 0000000000000000  c.sdsp   x9, 0x38
#2847 0 0000000000018008     f84a m 00000000fffff2d0 000000000001e878  c.sdsp   x18, 0x30
#2848 0 000000000001800a     f44e m 00000000fffff2c8 0000000000000001  c.sdsp   x19, 0x28
#2849 0 000000000001800c     f052 m 00000000fffff2c0 000000000001e290  c.sdsp   x20, 0x20
#2850 0 000000000001800e     e85a m 00000000fffff2b0 00000000fffff480  c.sdsp   x22, 0x10
#2851 0 0000000000018010     e45e m 00000000fffff2a8 0000000000000001  c.sdsp   x23, 0x8
#2852 0 0000000000018012     8ff9 r 000000000000000f 0000000000000000  c.and    x15, x14
#2853 0 0000000000018014     8ab2 r 0000000000000015 00000000fffff400  c.mv     x21, x12
#2854 0 0000000000018016     c3c1 r 0000000000000000 0000000000000000  c.beqz   x15, . + 0x80
#2855 0 0000000000018096 146010ef r 0000000000000001 000000000001809a  jal      x1, . + 0x1146
#2856 0 00000000000191dc     6a1c r 000000000000000f 0000000000000005  c.ld     x15, 0x10(x12)
#2857 0 00000000000191de 1a078c63 r 0000000000000000 0000000000000000  beq      x15, x0, . + 0x1b8
#2858 0 00000000000191e2 0105d783 r 000000000000000f 0000000000002889  lhu      x15, 0x10(x11)
#2859 0 00000000000191e6     711d r 0000000000000002 00000000fffff240  c.addi16sp -0x6
#2860 0 00000000000191e8     e8a2 m 00000000fffff290 000000000001c466  c.sdsp   x8, 0x50
#2861 0 00000000000191ea     f852 m 00000000fffff270 000000000001e290  c.sdsp   x20, 0x30
#2862 0 00000000000191ec     f456 m 00000000fffff268 00000000fffff400  c.sdsp   x21, 0x28
#2863 0 00000000000191ee     ec86 m 00000000fffff298 000000000001809a  c.sdsp   x1, 0x58
#2864 0 00000000000191f0     e4a6 m 00000000fffff288 0000000000000000  c.sdsp   x9, 0x48
#2865 0 00000000000191f2     e0ca m 00000000fffff280 000000000001e878  c.sdsp   x18, 0x40
#2866 0 00000000000191f4     fc4e m 00000000fffff278 0000000000000001  c.sdsp   x19, 0x38
#2867 0 00000000000191f6     f05a m 00000000fffff260 00000000fffff480  c.sdsp   x22, 0x20
#2868 0 00000000000191f8     ec5e m 00000000fffff258 0000000000000001  c.sdsp   x23, 0x18
#2869 0 00000000000191fa     e862 m 00000000fffff250 fffffffffffffffe  c.sdsp   x24, 0x10
#2870 0 00000000000191fc     e466 m 00000000fffff248 00000000fffff47b  c.sdsp   x25, 0x8
#2871 0 00000000000191fe     e06a m 00000000fffff240 0000000000000064  c.sdsp   x26, 0x0
#2872 0 0000000000019200 0087f713 r 000000000000000e 0000000000000008  andi     x14, x15, 8
#2873 0 0000000000019204     8a32 r 0000000000000014 00000000fffff400  c.mv     x20, x12
#2874 0 0000000000019206     8aaa r 0000000000000015 000000000001e290  c.mv     x21, x10
#2875 0 0000000000019208     842e r 0000000000000008 000000000001e878  c.mv     x8, x11
#2876 0 000000000001920a     c325 r 0000000000000000 0000000000000000  c.beqz   x14, . + 0x60
#2877 0 000000000001920c     6d98 r 000000000000000e 0000000000020010  c.ld     x14, 0x18(x11)
#2878 0 000000000001920e     cf31 r 0000000000000000 0000000000000000  c.beqz   x14, . + 0x5c
#2879 0 0000000000019210 0027f713 r 000000000000000e 0000000000000000  andi     x14, x15, 2
#2880 0 0000000000019214 000a3903 r 0000000000000012 00000000fffff480  ld       x18, 0x0(x20)
#2881 0 0000000000019218     c735 r 0000000000000000 0000000000000000  c.beqz   x14, . + 0x6c
#2882 0 0000000000019284 0017f713 r 000000000000000e 0000000000000001  andi     x14, x15, 1
#2883 0 0000000000019288     eb35 r 0000000000000000 0000000000000000  c.bnez   x14, . + 0x74
#2884 0 00000000000192fc     4981 r 0000000000000013 0000000000000000  c.li     x19, 0x0
#2885 0 00000000000192fe     4501 r 000000000000000a 0000000000000000  c.li     x10, 0x0
#2886 0 0000000000019300     4c81 r 0000000000000019 0000000000000000  c.li     x25, 0x0
#2887 0 0000000000019302     4c01 r 0000000000000018 0000000000000000  c.li     x24, 0x0
#2888 0 0000000000019304 080c0b63 r 0000000000000000 0000000000000000  beq      x24, x0, . + 0x96
#2889 0 000000000001939a 00893c03 r 0000000000000018 0000000000000004  ld       x24, 0x8(x18)
#2890 0 000000000001939e 00093c83 r 0000000000000019 000000000001c460  ld       x25, 0x0(x18)
#2891 0 00000000000193a2     0941 r 0000000000000012 00000000fffff490  c.addi   x18, 0x10
#2892 0 00000000000193a4 fe0c0be3 r 0000000000000000 0000000000000000  beq      x24, x0, . - 0xa
#2893 0 00000000000193a8     8662 r 000000000000000c 0000000000000004  c.mv     x12, x24
#2894 0 00000000000193aa     45a9 r 000000000000000b 000000000000000a  c.li     x11, 0xa
#2895 0 00000000000193ac     8566 r 000000000000000a 000000000001c460  c.mv     x10, x25
#2896 0 00000000000193ae f7bfb0ef r 0000000000000001 00000000000193b2  jal      x1, . - 0x4086
#2897 0 0000000000015328 00757793 r 000000000000000f 0000000000000000  andi     x15, x10, 7
#2898 0 000000000001532c 0ff5f693 r 000000000000000d 000000000000000a  andi     x13, x11, 255
#2899 0 0000000000015330     c395 r 0000000000000000 0000000000000000  c.beqz   x15, . + 0x24
#2900 0 0000000000015354     87b2 r 000000000000000f 0000000000000004  c.mv     x15, x12
#2901 0 0000000000015356     471d r 000000000000000e 0000000000000007  c.li     x14, 0x7
#2902 0 0000000000015358 00f76f63 r 0000000000000000 0000000000000000  bltu     x14, x15, . + 0x1e
#2903 0 000000000001535c     e399 r 0000000000000000 0000000000000000  c.bnez   x15, . + 0x6
#2904 0 0000000000015362     97aa r 000000000000000f 000000000001c464  c.add    x15, x10
#2905 0 0000000000015364     a021 r 0000000000000000 0000000000000000  c.j      . + 0x8
#2906 0 000000000001536c 00054703 r 000000000000000e 0000000000000069  lbu      x14, 0x0(x10)
#2907 0 0000000000015370 fed71be3 r 0000000000000000 0000000000000000  bne      x14, x13, . - 0xa
#2908 0 0000000000015366     0505 r 000000000000000a 000000000001c461  c.addi   x10, 0x1
#2909 0 0000000000015368 fea78be3 r 0000000000000000 0000000000000000  beq      x15, x10, . - 0xa
#2910 0 000000000001536c 00054703 r 000000000000000e 0000000000000020  lbu      x14, 0x0(x10)
#2911 0 0000000000015370 fed71be3 r 0000000000000000 0000000000000000  bne      x14, x13, . - 0xa
#2912 0 0000000000015366     0505 r 000000000000000a 000000000001c462  c.addi   x10, 0x1
#2913 0 0000000000015368 fea78be3 r 0000000000000000 0000000000000000  beq      x15, x10, . - 0xa
#2914 0 000000000001536c 00054703 r 000000000000000e 000000000000003d  lbu      x14, 0x0(x10)
#2915 0 0000000000015370 fed71be3 r 0000000000000000 0000000000000000  bne      x14, x13, . - 0xa
#2916 0 0000000000015366     0505 r 000000000000000a 000000000001c463  c.addi   x10, 0x1
#2917 0 0000000000015368 fea78be3 r 0000000000000000 0000000000000000  beq      x15, x10, . - 0xa
#2918 0 000000000001536c 00054703 r 000000000000000e 0000000000000020  lbu      x14, 0x0(x10)
#2919 0 0000000000015370 fed71be3 r 0000000000000000 0000000000000000  bne      x14, x13, . - 0xa
#2920 0 0000000000015366     0505 r 000000000000000a 000000000001c464  c.addi   x10, 0x1
#2921 0 0000000000015368 fea78be3 r 0000000000000000 0000000000000000  beq      x15, x10, . - 0xa
#2922 0 000000000001535e     4501 r 000000000000000a 0000000000000000  c.li     x10, 0x0
#2923 0 0000000000015360     8082 r 0000000000000000 0000000000000000  c.jr     x1
#2924 0 00000000000193b2 12050f63 r 0000000000000000 0000000000000000  beq      x10, x0, . + 0x13e
#2925 0 00000000000194f0 001c099b r 0000000000000013 0000000000000005  addiw    x19, x24, 1
#2926 0 00000000000194f4     bd19 r 0000000000000000 0000000000000000  c.j      . - 0x1ea
#2927 0 000000000001930a     8bce r 0000000000000017 0000000000000005  c.mv     x23, x19
#2928 0 000000000001930c 013c7363 r 0000000000000000 0000000000000000  bgeu     x24, x19, . + 0x6
#2929 0 0000000000019310     8be2 r 0000000000000017 0000000000000004  c.mv     x23, x24
#2930 0 0000000000019312     6008 r 000000000000000a 0000000000020010  c.ld     x10, 0x0(x8)
#2931 0 0000000000019314     6c1c r 000000000000000f 0000000000020010  c.ld     x15, 0x18(x8)
#2932 0 0000000000019316     5014 r 000000000000000d 0000000000000400  c.lw     x13, 0x20(x8)
#2933 0 0000000000019318     84de r 0000000000000009 0000000000000004  c.mv     x9, x23
#2934 0 000000000001931a 00a7f763 r 0000000000000000 0000000000000000  bgeu     x15, x10, . + 0xe
#2935 0 0000000000019328 18dbc463 r 0000000000000000 0000000000000000  blt      x23, x13, . + 0x188
#2936 0 00000000000194b0     865e r 000000000000000c 0000000000000004  c.mv     x12, x23
#2937 0 00000000000194b2     85e6 r 000000000000000b 000000000001c460  c.mv     x11, x25
#2938 0 00000000000194b4 1ac000ef r 0000000000000001 00000000000194b8  jal      x1, . + 0x1ac
#2939 0 0000000000019660 02a5f263 r 0000000000000000 0000000000000000  bgeu     x11, x10, . + 0x24
#2940 0 0000000000019664 00c587b3 r 000000000000000f 000000000001c464  add      x15, x11, x12
#2941 0 0000000000019668 00f57e63 r 0000000000000000 0000000000000000  bgeu     x10, x15, . + 0x1c
#2942 0 0000000000019684     47fd r 000000000000000f 000000000000001f  c.li     x15, 0x1f
#2943 0 0000000000019686 02c7e163 r 0000000000000000 0000000000000000  bltu     x15, x12, . + 0x22
#2944 0 000000000001968a     87aa r 000000000000000f 0000000000020010  c.mv     x15, x10
#2945 0 000000000001968c fff60693 r 000000000000000d 0000000000000003  addi     x13, x12, -1
#2946 0 0000000000019690     c245 r 0000000000000000 0000000000000000  c.beqz   x12, . + 0xa0
#2947 0 0000000000019692     0685 r 000000000000000d 0000000000000004  c.addi   x13, 0x1
#2948 0 0000000000019694     96be r 000000000000000d 0000000000020014  c.add    x13, x15
#2949 0 0000000000019696 0005c703 r 000000000000000e 0000000000000069  lbu      x14, 0x0(x11)
#2950 0 000000000001969a     0785 r 000000000000000f 0000000000020011  c.addi   x15, 0x1
#2951 0 000000000001969c     0585 r 000000000000000b 000000000001c461  c.addi   x11, 0x1
#2952 0 000000000001969e fee78fa3 m 0000000000020010 0000000000000069  sb       x14, -0x1(x15)
#2953 0 00000000000196a2 fed79ae3 r 0000000000000000 0000000000000000  bne      x15, x13, . - 0xc
#2954 0 0000000000019696 0005c703 r 000000000000000e 0000000000000020  lbu      x14, 0x0(x11)
#2955 0 000000000001969a     0785 r 000000000000000f 0000000000020012  c.addi   x15, 0x1
#2956 0 000000000001969c     0585 r 000000000000000b 000000000001c462  c.addi   x11, 0x1
#2957 0 000000000001969e fee78fa3 m 0000000000020011 0000000000000020  sb       x14, -0x1(x15)
#2958 0 00000000000196a2 fed79ae3 r 0000000000000000 0000000000000000  bne      x15, x13, . - 0xc
#2959 0 0000000000019696 0005c703 r 000000000000000e 000000000000003d  lbu      x14, 0x0(x11)
#2960 0 000000000001969a     0785 r 000000000000000f 0000000000020013  c.addi   x15, 0x1
#2961 0 000000000001969c     0585 r 000000000000000b 000000000001c463  c.addi   x11, 0x1
#2962 0 000000000001969e fee78fa3 m 0000000000020012 000000000000003d  sb       x14, -0x1(x15)
#2963 0 00000000000196a2 fed79ae3 r 0000000000000000 0000000000000000  bne      x15, x13, . - 0xc
#2964 0 0000000000019696 0005c703 r 000000000000000e 0000000000000020  lbu      x14, 0x0(x11)
#2965 0 000000000001969a     0785 r 000000000000000f 0000000000020014  c.addi   x15, 0x1
#2966 0 000000000001969c     0585 r 000000000000000b 000000000001c464  c.addi   x11, 0x1
#2967 0 000000000001969e fee78fa3 m 0000000000020013 0000000000000020  sb       x14, -0x1(x15)
#2968 0 00000000000196a2 fed79ae3 r 0000000000000000 0000000000000000  bne      x15, x13, . - 0xc
#2969 0 00000000000196a6     8082 r 0000000000000000 0000000000000000  c.jr     x1
#2970 0 00000000000194b8     4454 r 000000000000000d 0000000000000000  c.lw     x13, 0xc(x8)
#2971 0 00000000000194ba     6018 r 000000000000000e 0000000000020010  c.ld     x14, 0x0(x8)
#2972 0 00000000000194bc 000b879b r 000000000000000f 0000000000000004  addiw    x15, x23, 0
#2973 0 00000000000194c0 417686bb r 000000000000000d fffffffffffffffc  subw     x13, x13, x23
#2974 0 00000000000194c4     975e r 000000000000000e 0000000000020014  c.add    x14, x23
#2975 0 00000000000194c6     c454 m 000000000001e884 00000000fffffffc  c.sw     x13, 0xc(x8)
#2976 0 00000000000194c8     e018 m 000000000001e878 0000000000020014  c.sd     x14, 0x0(x8)
#2977 0 00000000000194ca     bd9d r 0000000000000000 0000000000000000  c.j      . - 0x18a
#2978 0 0000000000019340 40f989bb r 0000000000000013 0000000000000001  subw     x19, x19, x15
#2979 0 0000000000019344     4505 r 000000000000000a 0000000000000001  c.li     x10, 0x1
#2980 0 0000000000019346 02098b63 r 0000000000000000 0000000000000000  beq      x19, x0, . + 0x36
#2981 0 000000000001934a 010a3783 r 000000000000000f 0000000000000005  ld       x15, 0x10(x20)
#2982 0 000000000001934e     9ca6 r 0000000000000019 000000000001c464  c.add    x25, x9
#2983 0 0000000000019350 409c0c33 r 0000000000000018 0000000000000000  sub      x24, x24, x9
#2984 0 0000000000019354 409784b3 r 0000000000000009 0000000000000001  sub      x9, x15, x9
#2985 0 0000000000019358 009a3823 m 00000000fffff410 0000000000000001  sd       x9, 0x10(x20)
#2986 0 000000000001935c     f4c5 r 0000000000000000 0000000000000000  c.bnez   x9, . - 0x58
#2987 0 0000000000019304 080c0b63 r 0000000000000000 0000000000000000  beq      x24, x0, . + 0x96
#2988 0 000000000001939a 00893c03 r 0000000000000018 0000000000000001  ld       x24, 0x8(x18)
#2989 0 000000000001939e 00093c83 r 0000000000000019 00000000fffff47b  ld       x25, 0x0(x18)
#2990 0 00000000000193a2     0941 r 0000000000000012 00000000fffff4a0  c.addi   x18, 0x10
#2991 0 00000000000193a4 fe0c0be3 r 0000000000000000 0000000000000000  beq      x24, x0, . - 0xa
#2992 0 00000000000193a8     8662 r 000000000000000c 0000000000000001  c.mv     x12, x24
#2993 0 00000000000193aa     45a9 r 000000000000000b 000000000000000a  c.li     x11, 0xa
#2994 0 00000000000193ac     8566 r 000000000000000a 00000000fffff47b  c.mv     x10, x25
#2995 0 00000000000193ae f7bfb0ef r 0000000000000001 00000000000193b2  jal      x1, . - 0x4086
#2996 0 0000000000015328 00757793 r 000000000000000f 0000000000000003  andi     x15, x10, 7
#2997 0 000000000001532c 0ff5f693 r 000000000000000d 000000000000000a  andi     x13, x11, 255
#2998 0 0000000000015330     c395 r 0000000000000000 0000000000000000  c.beqz   x15, . + 0x24
#2999 0 0000000000015332 fff60793 r 000000000000000f 0000000000000000  addi     x15, x12, -1
#3000 0 0000000000015336     c605 r 0000000000000000 0000000000000000  c.beqz   x12, . + 0x28
#3001 0 0000000000015338     567d r 000000000000000c ffffffffffffffff  c.li     x12, -0x1
#3002 0 000000000001533a     a801 r 0000000000000000 0000000000000000  c.j      . + 0x10
#3003 0 000000000001534a 00054703 r 000000000000000e 0000000000000032  lbu      x14, 0x0(x10)
#3004 0 000000000001534e fed717e3 r 0000000000000000 0000000000000000  bne      x14, x13, . - 0x12
#3005 0 000000000001533c     0505 r 000000000000000a 00000000fffff47c  c.addi   x10, 0x1
#3006 0 000000000001533e 00757713 r 000000000000000e 0000000000000004  andi     x14, x10, 7
#3007 0 0000000000015342     cb11 r 0000000000000000 0000000000000000  c.beqz   x14, . + 0x14
#3008 0 0000000000015344     17fd r 000000000000000f ffffffffffffffff  c.addi   x15, -0x1
#3009 0 0000000000015346 00c78c63 r 0000000000000000 0000000000000000  beq      x15, x12, . + 0x18
#3010 0 000000000001535e     4501 r 000000000000000a 0000000000000000  c.li     x10, 0x0
#3011 0 0000000000015360     8082 r 0000000000000000 0000000000000000  c.jr     x1
#3012 0 00000000000193b2 12050f63 r 0000000000000000 0000000000000000  beq      x10, x0, . + 0x13e
#3013 0 00000000000194f0 001c099b r 0000000000000013 0000000000000002  addiw    x19, x24, 1
#3014 0 00000000000194f4     bd19 r 0000000000000000 0000000000000000  c.j      . - 0x1ea
#3015 0 000000000001930a     8bce r 0000000000000017 0000000000000002  c.mv     x23, x19
#3016 0 000000000001930c 013c7363 r 0000000000000000 0000000000000000  bgeu     x24, x19, . + 0x6
#3017 0 0000000000019310     8be2 r 0000000000000017 0000000000000001  c.mv     x23, x24
#3018 0 0000000000019312     6008 r 000000000000000a 0000000000020014  c.ld     x10, 0x0(x8)
#3019 0 0000000000019314     6c1c r 000000000000000f 0000000000020010  c.ld     x15, 0x18(x8)
#3020 0 0000000000019316     5014 r 000000000000000d 0000000000000400  c.lw     x13, 0x20(x8)
#3021 0 0000000000019318     84de r 0000000000000009 0000000000000001  c.mv     x9, x23
#3022 0 000000000001931a 00a7f763 r 0000000000000000 0000000000000000  bgeu     x15, x10, . + 0xe
#3023 0 000000000001931e     445c r 000000000000000f fffffffffffffffc  c.lw     x15, 0xc(x8)
#3024 0 0000000000019320 00d78b3b r 0000000000000016 00000000000003fc  addw     x22, x15, x13
#3025 0 0000000000019324 097b4d63 r 0000000000000000 0000000000000000  blt      x22, x23, . + 0x9a
#3026 0 0000000000019328 18dbc463 r 0000000000000000 0000000000000000  blt      x23, x13, . + 0x188
#3027 0 00000000000194b0     865e r 000000000000000c 0000000000000001  c.mv     x12, x23
#3028 0 00000000000194b2     85e6 r 000000000000000b 00000000fffff47b  c.mv     x11, x25
#3029 0 00000000000194b4 1ac000ef r 0000000000000001 00000000000194b8  jal      x1, . + 0x1ac
#3030 0 0000000000019660 02a5f263 r 0000000000000000 0000000000000000  bgeu     x11, x10, . + 0x24
#3031 0 0000000000019684     47fd r 000000000000000f 000000000000001f  c.li     x15, 0x1f
#3032 0 0000000000019686 02c7e163 r 0000000000000000 0000000000000000  bltu     x15, x12, . + 0x22
#3033 0 000000000001968a     87aa r 000000000000000f 0000000000020014  c.mv     x15, x10
#3034 0 000000000001968c fff60693 r 000000000000000d 0000000000000000  addi     x13, x12, -1
#3035 0 0000000000019690     c245 r 0000000000000000 0000000000000000  c.beqz   x12, . + 0xa0
#3036 0 0000000000019692     0685 r 000000000000000d 0000000000000001  c.addi   x13, 0x1
#3037 0 0000000000019694     96be r 000000000000000d 0000000000020015  c.add    x13, x15
#3038 0 0000000000019696 0005c703 r 000000000000000e 0000000000000032  lbu      x14, 0x0(x11)
#3039 0 000000000001969a     0785 r 000000000000000f 0000000000020015  c.addi   x15, 0x1
#3040 0 000000000001969c     0585 r 000000000000000b 00000000fffff47c  c.addi   x11, 0x1
#3041 0 000000000001969e fee78fa3 m 0000000000020014 0000000000000032  sb       x14, -0x1(x15)
#3042 0 00000000000196a2 fed79ae3 r 0000000000000000 0000000000000000  bne      x15, x13, . - 0xc
#3043 0 00000000000196a6     8082 r 0000000000000000 0000000000000000  c.jr     x1
#3044 0 00000000000194b8     4454 r 000000000000000d fffffffffffffffc  c.lw     x13, 0xc(x8)
#3045 0 00000000000194ba     6018 r 000000000000000e 0000000000020014  c.ld     x14, 0x0(x8)
#3046 0 00000000000194bc 000b879b r 000000000000000f 0000000000000001  addiw    x15, x23, 0
#3047 0 00000000000194c0 417686bb r 000000000000000d fffffffffffffffb  subw     x13, x13, x23
#3048 0 00000000000194c4     975e r 000000000000000e 0000000000020015  c.add    x14, x23
#3049 0 00000000000194c6     c454 m 000000000001e884 00000000fffffffb  c.sw     x13, 0xc(x8)
#3050 0 00000000000194c8     e018 m 000000000001e878 0000000000020015  c.sd     x14, 0x0(x8)
#3051 0 00000000000194ca     bd9d r 0000000000000000 0000000000000000  c.j      . - 0x18a
#3052 0 0000000000019340 40f989bb r 0000000000000013 0000000000000001  subw     x19, x19, x15
#3053 0 0000000000019344     4505 r 000000000000000a 0000000000000001  c.li     x10, 0x1
#3054 0 0000000000019346 02098b63 r 0000000000000000 0000000000000000  beq      x19, x0, . + 0x36
#3055 0 000000000001934a 010a3783 r 000000000000000f 0000000000000001  ld       x15, 0x10(x20)
#3056 0 000000000001934e     9ca6 r 0000000000000019 00000000fffff47c  c.add    x25, x9
#3057 0 0000000000019350 409c0c33 r 0000000000000018 0000000000000000  sub      x24, x24, x9
#3058 0 0000000000019354 409784b3 r 0000000000000009 0000000000000000  sub      x9, x15, x9
#3059 0 0000000000019358 009a3823 m 00000000fffff410 0000000000000000  sd       x9, 0x10(x20)
#3060 0 000000000001935c     f4c5 r 0000000000000000 0000000000000000  c.bnez   x9, . - 0x58
#3061 0 000000000001935e     4501 r 000000000000000a 0000000000000000  c.li     x10, 0x0
#3062 0 0000000000019360     60e6 r 0000000000000001 000000000001809a  c.ldsp   x1, 0x58
#3063 0 0000000000019362     6446 r 0000000000000008 000000000001c466  c.ldsp   x8, 0x50
#3064 0 0000000000019364     64a6 r 0000000000000009 0000000000000000  c.ldsp   x9, 0x48
#3065 0 0000000000019366     6906 r 0000000000000012 000000000001e878  c.ldsp   x18, 0x40
#3066 0 0000000000019368     79e2 r 0000000000000013 0000000000000001  c.ldsp   x19, 0x38
#3067 0 000000000001936a     7a42 r 0000000000000014 000000000001e290  c.ldsp   x20, 0x30
#3068 0 000000000001936c     7aa2 r 0000000000000015 00000000fffff400  c.ldsp   x21, 0x28
#3069 0 000000000001936e     7b02 r 0000000000000016 00000000fffff480  c.ldsp   x22, 0x20
#3070 0 0000000000019370     6be2 r 0000000000000017 0000000000000001  c.ldsp   x23, 0x18
#3071 0 0000000000019372     6c42 r 0000000000000018 fffffffffffffffe  c.ldsp   x24, 0x10
#3072 0 0000000000019374     6ca2 r 0000000000000019 00000000fffff47b  c.ldsp   x25, 0x8
#3073 0 0000000000019376     6d02 r 000000000000001a 0000000000000064  c.ldsp   x26, 0x0
#3074 0 0000000000019378     6125 r 0000000000000002 00000000fffff2a0  c.addi16sp 0x6
#3075 0 000000000001937a     8082 r 0000000000000000 0000000000000000  c.jr     x1
#3076 0 000000000001809a     b7e1 r 0000000000000000 0000000000000000  c.j      . - 0x38
#3077 0 0000000000018062     60a6 r 0000000000000001 0000000000010f14  c.ldsp   x1, 0x48
#3078 0 0000000000018064     6406 r 0000000000000008 000000000001c466  c.ldsp   x8, 0x40
#3079 0 0000000000018066 000ab823 m 00000000fffff410 0000000000000000  sd       x0, 0x10(x21)
#3080 0 000000000001806a 000aa423 m 00000000fffff408 0000000000000000  sw       x0, 0x8(x21)
#3081 0 000000000001806e     74e2 r 0000000000000009 0000000000000000  c.ldsp   x9, 0x38
#3082 0 0000000000018070     7942 r 0000000000000012 000000000001e878  c.ldsp   x18, 0x30
#3083 0 0000000000018072     79a2 r 0000000000000013 0000000000000001  c.ldsp   x19, 0x28
#3084 0 0000000000018074     7a02 r 0000000000000014 000000000001e290  c.ldsp   x20, 0x20
#3085 0 0000000000018076     6ae2 r 0000000000000015 0000000000000000  c.ldsp   x21, 0x18
#3086 0 0000000000018078     6b42 r 0000000000000016 00000000fffff480  c.ldsp   x22, 0x10
#3087 0 000000000001807a     6ba2 r 0000000000000017 0000000000000001  c.ldsp   x23, 0x8
#3088 0 000000000001807c     6161 r 0000000000000002 00000000fffff2f0  c.addi16sp 0x5
#3089 0 000000000001807e     8082 r 0000000000000000 0000000000000000  c.jr     x1
#3090 0 0000000000010f14 ec050263 r 0000000000000000 0000000000000000  beq      x10, x0, . - 0x93c
#3091 0 00000000000105d8     67e2 r 000000000000000f 0000000000000000  c.ldsp   x15, 0x18
#3092 0 00000000000105da 10012c23 m 00000000fffff408 0000000000000000  sw       x0, 0x118(x2)
#3093 0 00000000000105de     c789 r 0000000000000000 0000000000000000  c.beqz   x15, . + 0xa
#3094 0 00000000000105e8     835a r 0000000000000006 00000000fffff480  c.mv     x6, x22
#3095 0 00000000000105ea     8ca2 r 0000000000000019 000000000001c466  c.mv     x25, x8
#3096 0 00000000000105ec 000cc783 r 000000000000000f 000000000000000a  lbu      x15, 0x0(x25)
#3097 0 00000000000105f0 e2079fe3 r 0000000000000000 0000000000000000  bne      x15, x0, . - 0x1c2
#3098 0 000000000001042e     8466 r 0000000000000008 000000000001c466  c.mv     x8, x25
#3099 0 0000000000010430 02500713 r 000000000000000e 0000000000000025  addi     x14, x0, 37
#3100 0 0000000000010434 30e78363 r 0000000000000000 0000000000000000  beq      x15, x14, . + 0x306
#3101 0 0000000000010438 00144783 r 000000000000000f 0000000000000000  lbu      x15, 0x1(x8)
#3102 0 000000000001043c     0405 r 0000000000000008 000000000001c467  c.addi   x8, 0x1
#3103 0 000000000001043e     fbfd r 0000000000000000 0000000000000000  c.bnez   x15, . - 0xa
#3104 0 0000000000010440 419404bb r 0000000000000009 0000000000000001  subw     x9, x8, x25
#3105 0 0000000000010444 1a048863 r 0000000000000000 0000000000000000  beq      x9, x0, . + 0x1b0
#3106 0 0000000000010448     7712 r 000000000000000e 0000000000000000  c.ldsp   x14, 0x120
#3107 0 000000000001044a 11812783 r 000000000000000f 0000000000000000  lw       x15, 0x118(x2)
#3108 0 000000000001044e 01933023 m 00000000fffff480 000000000001c466  sd       x25, 0x0(x6)
#3109 0 0000000000010452     9726 r 000000000000000e 0000000000000001  c.add    x14, x9
#3110 0 0000000000010454     2785 r 000000000000000f 0000000000000001  c.addiw  x15, 0x1
#3111 0 0000000000010456 00933423 m 00000000fffff488 0000000000000001  sd       x9, 0x8(x6)
#3112 0 000000000001045a     f23a m 00000000fffff410 0000000000000001  c.sdsp   x14, 0x120
#3113 0 000000000001045c 10f12c23 m 00000000fffff408 0000000000000001  sw       x15, 0x118(x2)
#3114 0 0000000000010460 0007871b r 000000000000000e 0000000000000001  addiw    x14, x15, 0
#3115 0 0000000000010464     479d r 000000000000000f 0000000000000007  c.li     x15, 0x7
#3116 0 0000000000010466     0341 r 0000000000000006 00000000fffff490  c.addi   x6, 0x10
#3117 0 0000000000010468 2ee7c063 r 0000000000000000 0000000000000000  blt      x15, x14, . + 0x2e0
#3118 0 000000000001046c     6722 r 000000000000000e 0000000000000005  c.ldsp   x14, 0x8
#3119 0 000000000001046e 00044783 r 000000000000000f 0000000000000000  lbu      x15, 0x0(x8)
#3120 0 0000000000010472     9f25 r 000000000000000e 0000000000000006  c.addw   x14, x9
#3121 0 0000000000010474     e43a m 00000000fffff2f8 0000000000000006  c.sdsp   x14, 0x8
#3122 0 0000000000010476 16078f63 r 0000000000000000 0000000000000000  beq      x15, x0, . + 0x17e
#3123 0 00000000000105f4     7792 r 000000000000000f 0000000000000001  c.ldsp   x15, 0x120
#3124 0 00000000000105f6     c399 r 0000000000000000 0000000000000000  c.beqz   x15, . + 0x6
#3125 0 00000000000105f8 2620106f r 0000000000000000 0000000000000000  j        . + 0x1262
#3126 0 000000000001185a     0a10 r 000000000000000c 00000000fffff400  c.addi4spn  x12, 0x44
#3127 0 000000000001185c     85ca r 000000000000000b 000000000001e878  c.mv     x11, x18
#3128 0 000000000001185e     8552 r 000000000000000a 000000000001e290  c.mv     x10, x20
#3129 0 0000000000011860 03d060ef r 0000000000000001 0000000000011864  jal      x1, . + 0x683c
#3130 0 000000000001809c     6a18 r 000000000000000e 0000000000000001  c.ld     x14, 0x10(x12)
#3131 0 000000000001809e     c311 r 0000000000000000 0000000000000000  c.beqz   x14, . + 0x4
#3132 0 00000000000180a0     bfa1 r 0000000000000000 0000000000000000  c.j      . - 0xa8
#3133 0 0000000000017ff8 0ac5a783 r 000000000000000f 0000000000000000  lw       x15, 0xac(x11)
#3134 0 0000000000017ffc     715d r 0000000000000002 00000000fffff2a0  c.addi16sp -0x5
#3135 0 0000000000017ffe     6709 r 000000000000000e 0000000000002000  c.lui    x14, 0x2
#3136 0 0000000000018000     ec56 m 00000000fffff2b8 0000000000000000  c.sdsp   x21, 0x18
#3137 0 0000000000018002     e486 m 00000000fffff2e8 0000000000011864  c.sdsp   x1, 0x48
#3138 0 0000000000018004     e0a2 m 00000000fffff2e0 000000000001c467  c.sdsp   x8, 0x40
#3139 0 0000000000018006     fc26 m 00000000fffff2d8 0000000000000001  c.sdsp   x9, 0x38
#3140 0 0000000000018008     f84a m 00000000fffff2d0 000000000001e878  c.sdsp   x18, 0x30
#3141 0 000000000001800a     f44e m 00000000fffff2c8 0000000000000001  c.sdsp   x19, 0x28
#3142 0 000000000001800c     f052 m 00000000fffff2c0 000000000001e290  c.sdsp   x20, 0x20
#3143 0 000000000001800e     e85a m 00000000fffff2b0 00000000fffff480  c.sdsp   x22, 0x10
#3144 0 0000000000018010     e45e m 00000000fffff2a8 0000000000000001  c.sdsp   x23, 0x8
#3145 0 0000000000018012     8ff9 r 000000000000000f 0000000000000000  c.and    x15, x14
#3146 0 0000000000018014     8ab2 r 0000000000000015 00000000fffff400  c.mv     x21, x12
#3147 0 0000000000018016     c3c1 r 0000000000000000 0000000000000000  c.beqz   x15, . + 0x80
#3148 0 0000000000018096 146010ef r 0000000000000001 000000000001809a  jal      x1, . + 0x1146
#3149 0 00000000000191dc     6a1c r 000000000000000f 0000000000000001  c.ld     x15, 0x10(x12)
#3150 0 00000000000191de 1a078c63 r 0000000000000000 0000000000000000  beq      x15, x0, . + 0x1b8
#3151 0 00000000000191e2 0105d783 r 000000000000000f 0000000000002889  lhu      x15, 0x10(x11)
#3152 0 00000000000191e6     711d r 0000000000000002 00000000fffff240  c.addi16sp -0x6
#3153 0 00000000000191e8     e8a2 m 00000000fffff290 000000000001c467  c.sdsp   x8, 0x50
#3154 0 00000000000191ea     f852 m 00000000fffff270 000000000001e290  c.sdsp   x20, 0x30
#3155 0 00000000000191ec     f456 m 00000000fffff268 00000000fffff400  c.sdsp   x21, 0x28
#3156 0 00000000000191ee     ec86 m 00000000fffff298 000000000001809a  c.sdsp   x1, 0x58
#3157 0 00000000000191f0     e4a6 m 00000000fffff288 0000000000000001  c.sdsp   x9, 0x48
#3158 0 00000000000191f2     e0ca m 00000000fffff280 000000000001e878  c.sdsp   x18, 0x40
#3159 0 00000000000191f4     fc4e m 00000000fffff278 0000000000000001  c.sdsp   x19, 0x38
#3160 0 00000000000191f6     f05a m 00000000fffff260 00000000fffff480  c.sdsp   x22, 0x20
#3161 0 00000000000191f8     ec5e m 00000000fffff258 0000000000000001  c.sdsp   x23, 0x18
#3162 0 00000000000191fa     e862 m 00000000fffff250 fffffffffffffffe  c.sdsp   x24, 0x10
#3163 0 00000000000191fc     e466 m 00000000fffff248 000000000001c466  c.sdsp   x25, 0x8
#3164 0 00000000000191fe     e06a m 00000000fffff240 0000000000000064  c.sdsp   x26, 0x0
#3165 0 0000000000019200 0087f713 r 000000000000000e 0000000000000008  andi     x14, x15, 8
#3166 0 0000000000019204     8a32 r 0000000000000014 00000000fffff400  c.mv     x20, x12
#3167 0 0000000000019206     8aaa r 0000000000000015 000000000001e290  c.mv     x21, x10
#3168 0 0000000000019208     842e r 0000000000000008 000000000001e878  c.mv     x8, x11
#3169 0 000000000001920a     c325 r 0000000000000000 0000000000000000  c.beqz   x14, . + 0x60
#3170 0 000000000001920c     6d98 r 000000000000000e 0000000000020010  c.ld     x14, 0x18(x11)
#3171 0 000000000001920e     cf31 r 0000000000000000 0000000000000000  c.beqz   x14, . + 0x5c
#3172 0 0000000000019210 0027f713 r 000000000000000e 0000000000000000  andi     x14, x15, 2
#3173 0 0000000000019214 000a3903 r 0000000000000012 00000000fffff480  ld       x18, 0x0(x20)
#3174 0 0000000000019218     c735 r 0000000000000000 0000000000000000  c.beqz   x14, . + 0x6c
#3175 0 0000000000019284 0017f713 r 000000000000000e 0000000000000001  andi     x14, x15, 1
#3176 0 0000000000019288     eb35 r 0000000000000000 0000000000000000  c.bnez   x14, . + 0x74
#3177 0 00000000000192fc     4981 r 0000000000000013 0000000000000000  c.li     x19, 0x0
#3178 0 00000000000192fe     4501 r 000000000000000a 0000000000000000  c.li     x10, 0x0
#3179 0 0000000000019300     4c81 r 0000000000000019 0000000000000000  c.li     x25, 0x0
#3180 0 0000000000019302     4c01 r 0000000000000018 0000000000000000  c.li     x24, 0x0
#3181 0 0000000000019304 080c0b63 r 0000000000000000 0000000000000000  beq      x24, x0, . + 0x96
#3182 0 000000000001939a 00893c03 r 0000000000000018 0000000000000001  ld       x24, 0x8(x18)
#3183 0 000000000001939e 00093c83 r 0000000000000019 000000000001c466  ld       x25, 0x0(x18)
#3184 0 00000000000193a2     0941 r 0000000000000012 00000000fffff490  c.addi   x18, 0x10
#3185 0 00000000000193a4 fe0c0be3 r 0000000000000000 0000000000000000  beq      x24, x0, . - 0xa
#3186 0 00000000000193a8     8662 r 000000000000000c 0000000000000001  c.mv     x12, x24
#3187 0 00000000000193aa     45a9 r 000000000000000b 000000000000000a  c.li     x11, 0xa
#3188 0 00000000000193ac     8566 r 000000000000000a 000000000001c466  c.mv     x10, x25
#3189 0 00000000000193ae f7bfb0ef r 0000000000000001 00000000000193b2  jal      x1, . - 0x4086
#3190 0 0000000000015328 00757793 r 000000000000000f 0000000000000006  andi     x15, x10, 7
#3191 0 000000000001532c 0ff5f693 r 000000000000000d 000000000000000a  andi     x13, x11, 255
#3192 0 0000000000015330     c395 r 0000000000000000 0000000000000000  c.beqz   x15, . + 0x24
#3193 0 0000000000015332 fff60793 r 000000000000000f 0000000000000000  addi     x15, x12, -1
#3194 0 0000000000015336     c605 r 0000000000000000 0000000000000000  c.beqz   x12, . + 0x28
#3195 0 0000000000015338     567d r 000000000000000c ffffffffffffffff  c.li     x12, -0x1
#3196 0 000000000001533a     a801 r 0000000000000000 0000000000000000  c.j      . + 0x10
#3197 0 000000000001534a 00054703 r 000000000000000e 000000000000000a  lbu      x14, 0x0(x10)
#3198 0 000000000001534e fed717e3 r 0000000000000000 0000000000000000  bne      x14, x13, . - 0x12
#3199 0 0000000000015352     8082 r 0000000000000000 0000000000000000  c.jr     x1
#3200 0 00000000000193b2 12050f63 r 0000000000000000 0000000000000000  beq      x10, x0, . + 0x13e
#3201 0 00000000000193b6     0505 r 000000000000000a 000000000001c467  c.addi   x10, 0x1
#3202 0 00000000000193b8 419509bb r 0000000000000013 0000000000000001  subw     x19, x10, x25
#3203 0 00000000000193bc     b7b9 r 0000000000000000 0000000000000000  c.j      . - 0xb2
#3204 0 000000000001930a     8bce r 0000000000000017 0000000000000001  c.mv     x23, x19
#3205 0 000000000001930c 013c7363 r 0000000000000000 0000000000000000  bgeu     x24, x19, . + 0x6
#3206 0 0000000000019312     6008 r 000000000000000a 0000000000020015  c.ld     x10, 0x0(x8)
#3207 0 0000000000019314     6c1c r 000000000000000f 0000000000020010  c.ld     x15, 0x18(x8)
#3208 0 0000000000019316     5014 r 000000000000000d 0000000000000400  c.lw     x13, 0x20(x8)
#3209 0 0000000000019318     84de r 0000000000000009 0000000000000001  c.mv     x9, x23
#3210 0 000000000001931a 00a7f763 r 0000000000000000 0000000000000000  bgeu     x15, x10, . + 0xe
#3211 0 000000000001931e     445c r 000000000000000f fffffffffffffffb  c.lw     x15, 0xc(x8)
#3212 0 0000000000019320 00d78b3b r 0000000000000016 00000000000003fb  addw     x22, x15, x13
#3213 0 0000000000019324 097b4d63 r 0000000000000000 0000000000000000  blt      x22, x23, . + 0x9a
#3214 0 0000000000019328 18dbc463 r 0000000000000000 0000000000000000  blt      x23, x13, . + 0x188
#3215 0 00000000000194b0     865e r 000000000000000c 0000000000000001  c.mv     x12, x23
#3216 0 00000000000194b2     85e6 r 000000000000000b 000000000001c466  c.mv     x11, x25
#3217 0 00000000000194b4 1ac000ef r 0000000000000001 00000000000194b8  jal      x1, . + 0x1ac
#3218 0 0000000000019660 02a5f263 r 0000000000000000 0000000000000000  bgeu     x11, x10, . + 0x24
#3219 0 0000000000019664 00c587b3 r 000000000000000f 000000000001c467  add      x15, x11, x12
#3220 0 0000000000019668 00f57e63 r 0000000000000000 0000000000000000  bgeu     x10, x15, . + 0x1c
#3221 0 0000000000019684     47fd r 000000000000000f 000000000000001f  c.li     x15, 0x1f
#3222 0 0000000000019686 02c7e163 r 0000000000000000 0000000000000000  bltu     x15, x12, . + 0x22
#3223 0 000000000001968a     87aa r 000000000000000f 0000000000020015  c.mv     x15, x10
#3224 0 000000000001968c fff60693 r 000000000000000d 0000000000000000  addi     x13, x12, -1
#3225 0 0000000000019690     c245 r 0000000000000000 0000000000000000  c.beqz   x12, . + 0xa0
#3226 0 0000000000019692     0685 r 000000000000000d 0000000000000001  c.addi   x13, 0x1
#3227 0 0000000000019694     96be r 000000000000000d 0000000000020016  c.add    x13, x15
#3228 0 0000000000019696 0005c703 r 000000000000000e 000000000000000a  lbu      x14, 0x0(x11)
#3229 0 000000000001969a     0785 r 000000000000000f 0000000000020016  c.addi   x15, 0x1
#3230 0 000000000001969c     0585 r 000000000000000b 000000000001c467  c.addi   x11, 0x1
#3231 0 000000000001969e fee78fa3 m 0000000000020015 000000000000000a  sb       x14, -0x1(x15)
#3232 0 00000000000196a2 fed79ae3 r 0000000000000000 0000000000000000  bne      x15, x13, . - 0xc
#3233 0 00000000000196a6     8082 r 0000000000000000 0000000000000000  c.jr     x1
#3234 0 00000000000194b8     4454 r 000000000000000d fffffffffffffffb  c.lw     x13, 0xc(x8)
#3235 0 00000000000194ba     6018 r 000000000000000e 0000000000020015  c.ld     x14, 0x0(x8)
#3236 0 00000000000194bc 000b879b r 000000000000000f 0000000000000001  addiw    x15, x23, 0
#3237 0 00000000000194c0 417686bb r 000000000000000d fffffffffffffffa  subw     x13, x13, x23
#3238 0 00000000000194c4     975e r 000000000000000e 0000000000020016  c.add    x14, x23
#3239 0 00000000000194c6     c454 m 000000000001e884 00000000fffffffa  c.sw     x13, 0xc(x8)
#3240 0 00000000000194c8     e018 m 000000000001e878 0000000000020016  c.sd     x14, 0x0(x8)
#3241 0 00000000000194ca     bd9d r 0000000000000000 0000000000000000  c.j      . - 0x18a
#3242 0 0000000000019340 40f989bb r 0000000000000013 0000000000000000  subw     x19, x19, x15
#3243 0 0000000000019344     4505 r 000000000000000a 0000000000000001  c.li     x10, 0x1
#3244 0 0000000000019346 02098b63 r 0000000000000000 0000000000000000  beq      x19, x0, . + 0x36
#3245 0 000000000001937c     85a2 r 000000000000000b 000000000001e878  c.mv     x11, x8
#3246 0 000000000001937e     8556 r 000000000000000a 000000000001e290  c.mv     x10, x21
#3247 0 0000000000019380 f0ff80ef r 0000000000000001 0000000000019384  jal      x1, . - 0x70f2
#3248 0 000000000001228e     1101 r 0000000000000002 00000000fffff220  c.addi   x2, -0x20
#3249 0 0000000000012290     e822 m 00000000fffff230 000000000001e878  c.sdsp   x8, 0x10
#3250 0 0000000000012292     ec06 m 00000000fffff238 0000000000019384  c.sdsp   x1, 0x18
#3251 0 0000000000012294     842a r 0000000000000008 000000000001e290  c.mv     x8, x10
#3252 0 0000000000012296     c119 r 0000000000000000 0000000000000000  c.beqz   x10, . + 0x6
#3253 0 0000000000012298     493c r 000000000000000f 0000000000000001  c.lw     x15, 0x50(x10)
#3254 0 000000000001229a     cb89 r 0000000000000000 0000000000000000  c.beqz   x15, . + 0x12
#3255 0 000000000001229c 01059783 r 000000000000000f 0000000000002889  lh       x15, 0x10(x11)
#3256 0 00000000000122a0     ef89 r 0000000000000000 0000000000000000  c.bnez   x15, . + 0x1a
#3257 0 00000000000122ba     8522 r 000000000000000a 000000000001e290  c.mv     x10, x8
#3258 0 00000000000122bc     6442 r 0000000000000008 000000000001e878  c.ldsp   x8, 0x10
#3259 0 00000000000122be     60e2 r 0000000000000001 0000000000019384  c.ldsp   x1, 0x18
#3260 0 00000000000122c0     6105 r 0000000000000002 00000000fffff240  c.addi16sp 0x2
#3261 0 00000000000122c2     bd2d r 0000000000000000 0000000000000000  c.j      . - 0x1c6
#3262 0 00000000000120fc 01059783 r 000000000000000f 0000000000002889  lh       x15, 0x10(x11)
#3263 0 0000000000012100     7179 r 0000000000000002 00000000fffff210  c.addi16sp -0x3
#3264 0 0000000000012102     f022 m 00000000fffff230 000000000001e878  c.sdsp   x8, 0x20
#3265 0 0000000000012104     e44e m 00000000fffff218 0000000000000000  c.sdsp   x19, 0x8
#3266 0 0000000000012106     f406 m 00000000fffff238 0000000000019384  c.sdsp   x1, 0x28
#3267 0 0000000000012108     ec26 m 00000000fffff228 0000000000000001  c.sdsp   x9, 0x18
#3268 0 000000000001210a     e84a m 00000000fffff220 00000000fffff490  c.sdsp   x18, 0x10
#3269 0 000000000001210c 0087f693 r 000000000000000d 0000000000000008  andi     x13, x15, 8
#3270 0 0000000000012110     842e r 0000000000000008 000000000001e878  c.mv     x8, x11
#3271 0 0000000000012112     89aa r 0000000000000013 000000000001e290  c.mv     x19, x10
#3272 0 0000000000012114     ead5 r 0000000000000000 0000000000000000  c.bnez   x13, . + 0xb4
#3273 0 00000000000121c8 0185b903 r 0000000000000012 0000000000020010  ld       x18, 0x18(x11)
#3274 0 00000000000121cc fe0906e3 r 0000000000000000 0000000000000000  beq      x18, x0, . - 0x14
#3275 0 00000000000121d0     6184 r 0000000000000009 0000000000020016  c.ld     x9, 0x0(x11)
#3276 0 00000000000121d2 03079713 r 000000000000000e 2889000000000000  slli     x14, x15, 48
#3277 0 00000000000121d6     9341 r 000000000000000e 0000000000002889  c.srli   x14, 0x30
#3278 0 00000000000121d8     8b0d r 000000000000000e 0000000000000001  c.andi   x14, 0x3
#3279 0 00000000000121da 0125b023 m 000000000001e878 0000000000020010  sd       x18, 0x0(x11)
#3280 0 00000000000121de 412484bb r 0000000000000009 0000000000000006  subw     x9, x9, x18
#3281 0 00000000000121e2     4781 r 000000000000000f 0000000000000000  c.li     x15, 0x0
#3282 0 00000000000121e4     e311 r 0000000000000000 0000000000000000  c.bnez   x14, . + 0x4
#3283 0 00000000000121e8     c45c m 000000000001e884 0000000000000000  c.sw     x15, 0xc(x8)
#3284 0 00000000000121ea 00904663 r 0000000000000000 0000000000000000  blt      x0, x9, . + 0xc
#3285 0 00000000000121f6     603c r 000000000000000f 00000000000161c4  c.ld     x15, 0x40(x8)
#3286 0 00000000000121f8     780c r 000000000000000b 000000000001e878  c.ld     x11, 0x30(x8)
#3287 0 00000000000121fa     86a6 r 000000000000000d 0000000000000006  c.mv     x13, x9
#3288 0 00000000000121fc     864a r 000000000000000c 0000000000020010  c.mv     x12, x18
#3289 0 00000000000121fe     854e r 000000000000000a 000000000001e290  c.mv     x10, x19
#3290 0 0000000000012200     9782 r 0000000000000001 0000000000012202  c.jalr   x15
#3291 0 00000000000161c4 01059783 r 000000000000000f 0000000000002889  lh       x15, 0x10(x11)
#3292 0 00000000000161c8     7179 r 0000000000000002 00000000fffff1e0  c.addi16sp -0x3
#3293 0 00000000000161ca     f022 m 00000000fffff200 000000000001e878  c.sdsp   x8, 0x20
#3294 0 00000000000161cc     ec26 m 00000000fffff1f8 0000000000000006  c.sdsp   x9, 0x18
#3295 0 00000000000161ce     e84a m 00000000fffff1f0 0000000000020010  c.sdsp   x18, 0x10
#3296 0 00000000000161d0     e44e m 00000000fffff1e8 000000000001e290  c.sdsp   x19, 0x8
#3297 0 00000000000161d2     f406 m 00000000fffff208 0000000000012202  c.sdsp   x1, 0x28
#3298 0 00000000000161d4 1007f713 r 000000000000000e 0000000000000000  andi     x14, x15, 256
#3299 0 00000000000161d8     842e r 0000000000000008 000000000001e878  c.mv     x8, x11
#3300 0 00000000000161da     84aa r 0000000000000009 000000000001e290  c.mv     x9, x10
#3301 0 00000000000161dc 01259583 r 000000000000000b 0000000000000001  lh       x11, 0x12(x11)
#3302 0 00000000000161e0     8932 r 0000000000000012 0000000000020010  c.mv     x18, x12
#3303 0 00000000000161e2     89b6 r 0000000000000013 0000000000000006  c.mv     x19, x13
#3304 0 00000000000161e4     e30d r 0000000000000000 0000000000000000  c.bnez   x14, . + 0x22
#3305 0 00000000000161e6     777d r 000000000000000e fffffffffffff000  c.lui    x14, 0xfffff
#3306 0 00000000000161e8     177d r 000000000000000e ffffffffffffefff  c.addi   x14, -0x1
#3307 0 00000000000161ea     8ff9 r 000000000000000f 0000000000002889  c.and    x15, x14
#3308 0 00000000000161ec 00f41823 m 000000000001e888 0000000000002889  sh       x15, 0x10(x8)
#3309 0 00000000000161f0     7402 r 0000000000000008 000000000001e878  c.ldsp   x8, 0x20
#3310 0 00000000000161f2     70a2 r 0000000000000001 0000000000012202  c.ldsp   x1, 0x28
#3311 0 00000000000161f4     86ce r 000000000000000d 0000000000000006  c.mv     x13, x19
#3312 0 00000000000161f6     864a r 000000000000000c 0000000000020010  c.mv     x12, x18
#3313 0 00000000000161f8     69a2 r 0000000000000013 000000000001e290  c.ldsp   x19, 0x8
#3314 0 00000000000161fa     6942 r 0000000000000012 0000000000020010  c.ldsp   x18, 0x10
#3315 0 00000000000161fc     8526 r 000000000000000a 000000000001e290  c.mv     x10, x9
#3316 0 00000000000161fe     64e2 r 0000000000000009 0000000000000006  c.ldsp   x9, 0x18
#3317 0 0000000000016200     6145 r 0000000000000002 00000000fffff210  c.addi16sp 0x3
#3318 0 0000000000016202 3a70206f r 0000000000000000 0000000000000000  j        . + 0x2ba6
#3319 0 0000000000018da8     1101 r 0000000000000002 00000000fffff1f0  c.addi   x2, -0x20
#3320 0 0000000000018daa     872e r 000000000000000e 0000000000000001  c.mv     x14, x11
#3321 0 0000000000018dac     e822 m 00000000fffff200 000000000001e878  c.sdsp   x8, 0x10
#3322 0 0000000000018dae     e426 m 00000000fffff1f8 0000000000000006  c.sdsp   x9, 0x8
#3323 0 0000000000018db0     85b2 r 000000000000000b 0000000000020010  c.mv     x11, x12
#3324 0 0000000000018db2     842a r 0000000000000008 000000000001e290  c.mv     x8, x10
#3325 0 0000000000018db4     8636 r 000000000000000c 0000000000000006  c.mv     x12, x13
#3326 0 0000000000018db6     853a r 000000000000000a 0000000000000001  c.mv     x10, x14
#3327 0 0000000000018db8     ec06 m 00000000fffff208 0000000000012202  c.sdsp   x1, 0x18
#3328 0 0000000000018dba 7801a823 m 000000000001f408 0000000000000000  sw       x0, 0x790(x3)
#3329 0 0000000000018dbe 208020ef r 0000000000000001 0000000000018dc2  jal      x1, . + 0x2208
#3330 0 000000000001afc6     1141 r 0000000000000002 00000000fffff1e0  c.addi   x2, -0x10
#3331 0 000000000001afc8     e406 m 00000000fffff1e8 0000000000018dc2  c.sdsp   x1, 0x8
#3332 0 000000000001afca     e022 m 00000000fffff1e0 000000000001e290  c.sdsp   x8, 0x0
#3333 0 000000000001afcc 04000893 r 0000000000000011 0000000000000040  addi     x17, x0, 64
#3334 0 000000000001afd0 00000073 r 000000000000000a 0000000000000006  ecall    
#3335 0 000000000001afd4     842a r 0000000000000008 0000000000000006  c.mv     x8, x10
#3336 0 000000000001afd6 00054763 r 0000000000000000 0000000000000000  blt      x10, x0, . + 0xe
#3337 0 000000000001afda     60a2 r 0000000000000001 0000000000018dc2  c.ldsp   x1, 0x8
#3338 0 000000000001afdc     8522 r 000000000000000a 0000000000000006  c.mv     x10, x8
#3339 0 000000000001afde     6402 r 0000000000000008 000000000001e290  c.ldsp   x8, 0x0
#3340 0 000000000001afe0     0141 r 0000000000000002 00000000fffff1f0  c.addi   x2, 0x10
#3341 0 000000000001afe2     8082 r 0000000000000000 0000000000000000  c.jr     x1
#3342 0 0000000000018dc2     57fd r 000000000000000f ffffffffffffffff  c.li     x15, -0x1
#3343 0 0000000000018dc4 00f50763 r 0000000000000000 0000000000000000  beq      x10, x15, . + 0xe
#3344 0 0000000000018dc8     60e2 r 0000000000000001 0000000000012202  c.ldsp   x1, 0x18
#3345 0 0000000000018dca     6442 r 0000000000000008 000000000001e878  c.ldsp   x8, 0x10
#3346 0 0000000000018dcc     64a2 r 0000000000000009 0000000000000006  c.ldsp   x9, 0x8
#3347 0 0000000000018dce     6105 r 0000000000000002 00000000fffff210  c.addi16sp 0x2
#3348 0 0000000000018dd0     8082 r 0000000000000000 0000000000000000  c.jr     x1
#3349 0 0000000000012202     9c89 r 0000000000000009 0000000000000000  c.subw   x9, x10
#3350 0 0000000000012204 fea046e3 r 0000000000000000 0000000000000000  blt      x0, x10, . - 0x14
#3351 0 00000000000121f0     992a r 0000000000000012 0000000000020016  c.add    x18, x10
#3352 0 00000000000121f2 fc9053e3 r 0000000000000000 0000000000000000  bge      x0, x9, . - 0x3a
#3353 0 00000000000121b8     4501 r 000000000000000a 0000000000000000  c.li     x10, 0x0
#3354 0 00000000000121ba     70a2 r 0000000000000001 0000000000019384  c.ldsp   x1, 0x28
#3355 0 00000000000121bc     7402 r 0000000000000008 000000000001e878  c.ldsp   x8, 0x20
#3356 0 00000000000121be     64e2 r 0000000000000009 0000000000000001  c.ldsp   x9, 0x18
#3357 0 00000000000121c0     6942 r 0000000000000012 00000000fffff490  c.ldsp   x18, 0x10
#3358 0 00000000000121c2     69a2 r 0000000000000013 0000000000000000  c.ldsp   x19, 0x8
#3359 0 00000000000121c4     6145 r 0000000000000002 00000000fffff240  c.addi16sp 0x3
#3360 0 00000000000121c6     8082 r 0000000000000000 0000000000000000  c.jr     x1
#3361 0 0000000000019384     d179 r 0000000000000000 0000000000000000  c.beqz   x10, . - 0x3a
#3362 0 000000000001934a 010a3783 r 000000000000000f 0000000000000001  ld       x15, 0x10(x20)
#3363 0 000000000001934e     9ca6 r 0000000000000019 000000000001c467  c.add    x25, x9
#3364 0 0000000000019350 409c0c33 r 0000000000000018 0000000000000000  sub      x24, x24, x9
#3365 0 0000000000019354 409784b3 r 0000000000000009 0000000000000000  sub      x9, x15, x9
#3366 0 0000000000019358 009a3823 m 00000000fffff410 0000000000000000  sd       x9, 0x10(x20)
#3367 0 000000000001935c     f4c5 r 0000000000000000 0000000000000000  c.bnez   x9, . - 0x58
#3368 0 000000000001935e     4501 r 000000000000000a 0000000000000000  c.li     x10, 0x0
#3369 0 0000000000019360     60e6 r 0000000000000001 000000000001809a  c.ldsp   x1, 0x58
#3370 0 0000000000019362     6446 r 0000000000000008 000000000001c467  c.ldsp   x8, 0x50
#3371 0 0000000000019364     64a6 r 0000000000000009 0000000000000001  c.ldsp   x9, 0x48
#3372 0 0000000000019366     6906 r 0000000000000012 000000000001e878  c.ldsp   x18, 0x40
#3373 0 0000000000019368     79e2 r 0000000000000013 0000000000000001  c.ldsp   x19, 0x38
#3374 0 000000000001936a     7a42 r 0000000000000014 000000000001e290  c.ldsp   x20, 0x30
#3375 0 000000000001936c     7aa2 r 0000000000000015 00000000fffff400  c.ldsp   x21, 0x28
#3376 0 000000000001936e     7b02 r 0000000000000016 00000000fffff480  c.ldsp   x22, 0x20
#3377 0 0000000000019370     6be2 r 0000000000000017 0000000000000001  c.ldsp   x23, 0x18
#3378 0 0000000000019372     6c42 r 0000000000000018 fffffffffffffffe  c.ldsp   x24, 0x10
#3379 0 0000000000019374     6ca2 r 0000000000000019 000000000001c466  c.ldsp   x25, 0x8
#3380 0 0000000000019376     6d02 r 000000000000001a 0000000000000064  c.ldsp   x26, 0x0
#3381 0 0000000000019378     6125 r 0000000000000002 00000000fffff2a0  c.addi16sp 0x6
#3382 0 000000000001937a     8082 r 0000000000000000 0000000000000000  c.jr     x1
#3383 0 000000000001809a     b7e1 r 0000000000000000 0000000000000000  c.j      . - 0x38
#3384 0 0000000000018062     60a6 r 0000000000000001 0000000000011864  c.ldsp   x1, 0x48
#3385 0 0000000000018064     6406 r 0000000000000008 000000000001c467  c.ldsp   x8, 0x40
#3386 0 0000000000018066 000ab823 m 00000000fffff410 0000000000000000  sd       x0, 0x10(x21)
#3387 0 000000000001806a 000aa423 m 00000000fffff408 0000000000000000  sw       x0, 0x8(x21)
#3388 0 000000000001806e     74e2 r 0000000000000009 0000000000000001  c.ldsp   x9, 0x38
#3389 0 0000000000018070     7942 r 0000000000000012 000000000001e878  c.ldsp   x18, 0x30
#3390 0 0000000000018072     79a2 r 0000000000000013 0000000000000001  c.ldsp   x19, 0x28
#3391 0 0000000000018074     7a02 r 0000000000000014 000000000001e290  c.ldsp   x20, 0x20
#3392 0 0000000000018076     6ae2 r 0000000000000015 0000000000000000  c.ldsp   x21, 0x18
#3393 0 0000000000018078     6b42 r 0000000000000016 00000000fffff480  c.ldsp   x22, 0x10
#3394 0 000000000001807a     6ba2 r 0000000000000017 0000000000000001  c.ldsp   x23, 0x8
#3395 0 000000000001807c     6161 r 0000000000000002 00000000fffff2f0  c.addi16sp 0x5
#3396 0 000000000001807e     8082 r 0000000000000000 0000000000000000  c.jr     x1
#3397 0 0000000000011864 d99fe06f r 0000000000000000 0000000000000000  j        . - 0x1268
#3398 0 00000000000105fc 01095783 r 000000000000000f 0000000000002889  lhu      x15, 0x10(x18)
#3399 0 0000000000010600 0407f793 r 000000000000000f 0000000000000000  andi     x15, x15, 64
#3400 0 0000000000010604     c399 r 0000000000000000 0000000000000000  c.beqz   x15, . + 0x6
#3401 0 000000000001060a 27813083 r 0000000000000001 0000000000010340  ld       x1, 0x278(x2)
#3402 0 000000000001060e 27013403 r 0000000000000008 00000000ffffff50  ld       x8, 0x270(x2)
#3403 0 0000000000010612     6522 r 000000000000000a 0000000000000006  c.ldsp   x10, 0x8
#3404 0 0000000000010614 26813483 r 0000000000000009 0000000000000000  ld       x9, 0x268(x2)
#3405 0 0000000000010618 26013903 r 0000000000000012 0000000000000000  ld       x18, 0x260(x2)
#3406 0 000000000001061c 25813983 r 0000000000000013 0000000000000000  ld       x19, 0x258(x2)
#3407 0 0000000000010620 25013a03 r 0000000000000014 0000000000000000  ld       x20, 0x250(x2)
#3408 0 0000000000010624 24813a83 r 0000000000000015 0000000000000000  ld       x21, 0x248(x2)
#3409 0 0000000000010628 24013b03 r 0000000000000016 0000000000000000  ld       x22, 0x240(x2)
#3410 0 000000000001062c 23813b83 r 0000000000000017 0000000000000000  ld       x23, 0x238(x2)
#3411 0 0000000000010630 23013c03 r 0000000000000018 0000000000000000  ld       x24, 0x230(x2)
#3412 0 0000000000010634 22813c83 r 0000000000000019 0000000000000000  ld       x25, 0x228(x2)
#3413 0 0000000000010638 22013d03 r 000000000000001a 0000000000000000  ld       x26, 0x220(x2)
#3414 0 000000000001063c 21813d83 r 000000000000001b 0000000000000000  ld       x27, 0x218(x2)
#3415 0 0000000000010640 28010113 r 0000000000000002 00000000fffff570  addi     x2, x2, 640
#3416 0 0000000000010644     8082 r 0000000000000000 0000000000000000  c.jr     x1
#3417 0 0000000000010340     60e2 r 0000000000000001 0000000000010184  c.ldsp   x1, 0x18
#3418 0 0000000000010342     6125 r 0000000000000002 00000000fffff5d0  c.addi16sp 0x6
#3419 0 0000000000010344     8082 r 0000000000000000 0000000000000000  c.jr     x1
#3420 0 0000000000010184 fec42783 r 000000000000000f 0000000000000002  lw       x15, -0x14(x8)
#3421 0 0000000000010188     2785 r 000000000000000f 0000000000000003  c.addiw  x15, 0x1
#3422 0 000000000001018a fef42623 m 00000000ffffff3c 0000000000000003  sw       x15, -0x14(x8)
#3423 0 000000000001018e fec42783 r 000000000000000f 0000000000000003  lw       x15, -0x14(x8)
#3424 0 0000000000010192 0007871b r 000000000000000e 0000000000000003  addiw    x14, x15, 0
#3425 0 0000000000010196     47a5 r 000000000000000f 0000000000000009  c.li     x15, 0x9
#3426 0 0000000000010198 fce7dee3 r 0000000000000000 0000000000000000  bge      x15, x14, . - 0x24
#3427 0 0000000000010174 fec42783 r 000000000000000f 0000000000000003  lw       x15, -0x14(x8)
#3428 0 0000000000010178     85be r 000000000000000b 0000000000000003  c.mv     x11, x15
#3429 0 000000000001017a     67f1 r 000000000000000f 000000000001c000  c.lui    x15, 0x1c
#3430 0 000000000001017c 46078513 r 000000000000000a 000000000001c460  addi     x10, x15, 1120
#3431 0 0000000000010180 19a000ef r 0000000000000001 0000000000010184  jal      x1, . + 0x19a
#3432 0 000000000001031a 7581b303 r 0000000000000006 000000000001e290  ld       x6, 0x758(x3)
#3433 0 000000000001031e     711d r 0000000000000002 00000000fffff570  c.addi16sp -0x6
#3434 0 0000000000010320     f832 m 00000000fffff5a0 0000000000000006  c.sdsp   x12, 0x30
#3435 0 0000000000010322     fc36 m 00000000fffff5a8 0000000000000006  c.sdsp   x13, 0x38
#3436 0 0000000000010324     f42e m 00000000fffff598 0000000000000003  c.sdsp   x11, 0x28
#3437 0 0000000000010326     e0ba m 00000000fffff5b0 0000000000000003  c.sdsp   x14, 0x40
#3438 0 0000000000010328     e4be m 00000000fffff5b8 000000000001c000  c.sdsp   x15, 0x48
#3439 0 000000000001032a     e8c2 m 00000000fffff5c0 0000000000000000  c.sdsp   x16, 0x50
#3440 0 000000000001032c     ecc6 m 00000000fffff5c8 0000000000000040  c.sdsp   x17, 0x58
#3441 0 000000000001032e 01033583 r 000000000000000b 000000000001e878  ld       x11, 0x10(x6)
#3442 0 0000000000010332     1034 r 000000000000000d 00000000fffff598  c.addi4spn  x13, 0xa
#3443 0 0000000000010334     862a r 000000000000000c 000000000001c460  c.mv     x12, x10
#3444 0 0000000000010336     851a r 000000000000000a 000000000001e290  c.mv     x10, x6
#3445 0 0000000000010338     ec06 m 00000000fffff588 0000000000010184  c.sdsp   x1, 0x18
#3446 0 000000000001033a     e436 m 00000000fffff578 00000000fffff598  c.sdsp   x13, 0x8
#3447 0 000000000001033c 00a000ef r 0000000000000001 0000000000010340  jal      x1, . + 0xa
#3448 0 0000000000010346 d8010113 r 0000000000000002 00000000fffff2f0  addi     x2, x2, -640
#3449 0 000000000001034a 26113c23 m 00000000fffff568 0000000000010340  sd       x1, 0x278(x2)
#3450 0 000000000001034e 27213023 m 00000000fffff550 0000000000000000  sd       x18, 0x260(x2)
#3451 0 0000000000010352 25413823 m 00000000fffff540 0000000000000000  sd       x20, 0x250(x2)
#3452 0 0000000000010356 23913423 m 00000000fffff518 0000000000000000  sd       x25, 0x228(x2)
#3453 0 000000000001035a     892e r 0000000000000012 000000000001e878  c.mv     x18, x11
#3454 0 000000000001035c     8cb2 r 0000000000000019 000000000001c460  c.mv     x25, x12
#3455 0 000000000001035e     e836 m 00000000fffff300 00000000fffff598  c.sdsp   x13, 0x10
#3456 0 0000000000010360 26813823 m 00000000fffff560 00000000ffffff50  sd       x8, 0x270(x2)
#3457 0 0000000000010364 26913423 m 00000000fffff558 0000000000000000  sd       x9, 0x268(x2)
#3458 0 0000000000010368 25313c23 m 00000000fffff548 0000000000000000  sd       x19, 0x258(x2)
#3459 0 000000000001036c 25513423 m 00000000fffff538 0000000000000000  sd       x21, 0x248(x2)
#3460 0 0000000000010370 25613023 m 00000000fffff530 0000000000000000  sd       x22, 0x240(x2)
#3461 0 0000000000010374 23713c23 m 00000000fffff528 0000000000000000  sd       x23, 0x238(x2)
#3462 0 0000000000010378 23813823 m 00000000fffff520 0000000000000000  sd       x24, 0x230(x2)
#3463 0 000000000001037c 23a13023 m 00000000fffff510 0000000000000000  sd       x26, 0x220(x2)
#3464 0 0000000000010380 21b13c23 m 00000000fffff508 0000000000000000  sd       x27, 0x218(x2)
#3465 0 0000000000010384     8a2a r 0000000000000014 000000000001e290  c.mv     x20, x10
#3466 0 0000000000010386 6fa040ef r 0000000000000001 000000000001038a  jal      x1, . + 0x46fa
#3467 0 0000000000014a80 e6018513 r 000000000000000a 000000000001ead8  addi     x10, x3, -416
#3468 0 0000000000014a84     8082 r 0000000000000000 0000000000000000  c.jr     x1
#3469 0 000000000001038a     611c r 000000000000000f 000000000001c9b0  c.ld     x15, 0x0(x10)
#3470 0 000000000001038c     853e r 000000000000000a 000000000001c9b0  c.mv     x10, x15
#3471 0 000000000001038e     f8be m 00000000fffff360 000000000001c9b0  c.sdsp   x15, 0x70
#3472 0 0000000000010390 058060ef r 0000000000000001 0000000000010394  jal      x1, . + 0x6058
#3473 0 00000000000163e8 00757793 r 000000000000000f 0000000000000000  andi     x15, x10, 7
#3474 0 00000000000163ec     872a r 000000000000000e 000000000001c9b0  c.mv     x14, x10
#3475 0 00000000000163ee     eba9 r 0000000000000000 0000000000000000  c.bnez   x15, . + 0x52
#3476 0 00000000000163f0 7401b683 r 000000000000000d 7f7f7f7f7f7f7f7f  ld       x13, 0x740(x3)
#3477 0 00000000000163f4     55fd r 000000000000000b ffffffffffffffff  c.li     x11, -0x1
#3478 0 00000000000163f6     6310 r 000000000000000c 000000000000002e  c.ld     x12, 0x0(x14)
#3479 0 00000000000163f8     0721 r 000000000000000e 000000000001c9b8  c.addi   x14, 0x8
#3480 0 00000000000163fa 00d677b3 r 000000000000000f 000000000000002e  and      x15, x12, x13
#3481 0 00000000000163fe     97b6 r 000000000000000f 7f7f7f7f7f7f7fad  c.add    x15, x13
#3482 0 0000000000016400     8fd1 r 000000000000000f 7f7f7f7f7f7f7faf  c.or     x15, x12
#3483 0 0000000000016402     8fd5 r 000000000000000f 7f7f7f7f7f7f7fff  c.or     x15, x13
#3484 0 0000000000016404 feb789e3 r 0000000000000000 0000000000000000  beq      x15, x11, . - 0xe
#3485 0 0000000000016408 ff874683 r 000000000000000d 000000000000002e  lbu      x13, -0x8(x14)
#3486 0 000000000001640c 40a707b3 r 000000000000000f 0000000000000008  sub      x15, x14, x10
#3487 0 0000000000016410     c6a9 r 0000000000000000 0000000000000000  c.beqz   x13, . + 0x4a
#3488 0 0000000000016412 ff974683 r 000000000000000d 0000000000000000  lbu      x13, -0x7(x14)
#3489 0 0000000000016416     ce9d r 0000000000000000 0000000000000000  c.beqz   x13, . + 0x3e
#3490 0 0000000000016454 ff978513 r 000000000000000a 0000000000000001  addi     x10, x15, -7
#3491 0 0000000000016458     8082 r 0000000000000000 0000000000000000  c.jr     x1
#3492 0 0000000000010394     f4aa m 00000000fffff358 0000000000000001  c.sdsp   x10, 0x68
#3493 0 0000000000010396     e202 m 00000000fffff3f0 0000000000000000  c.sdsp   x0, 0x100
#3494 0 0000000000010398     e602 m 00000000fffff3f8 0000000000000000  c.sdsp   x0, 0x108
#3495 0 000000000001039a 000a0663 r 0000000000000000 0000000000000000  beq      x20, x0, . + 0xc
#3496 0 000000000001039e 050a2783 r 000000000000000f 0000000000000001  lw       x15, 0x50(x20)
#3497 0 00000000000103a2 72078963 r 0000000000000000 0000000000000000  beq      x15, x0, . + 0x732
#3498 0 00000000000103a6 01091703 r 000000000000000e 0000000000002889  lh       x14, 0x10(x18)
#3499 0 00000000000103aa     6689 r 000000000000000d 0000000000002000  c.lui    x13, 0x2
#3500 0 00000000000103ac 03071793 r 000000000000000f 2889000000000000  slli     x15, x14, 48
#3501 0 00000000000103b0     93c1 r 000000000000000f 0000000000002889  c.srli   x15, 0x30
#3502 0 00000000000103b2 00d7f633 r 000000000000000c 0000000000002000  and      x12, x15, x13
#3503 0 00000000000103b6     e215 r 0000000000000000 0000000000000000  c.bnez   x12, . + 0x24
#3504 0 00000000000103da 0087f713 r 000000000000000e 0000000000000008  andi     x14, x15, 8
#3505 0 00000000000103de 26070a63 r 0000000000000000 0000000000000000  beq      x14, x0, . + 0x274
#3506 0 00000000000103e2 01893703 r 000000000000000e 0000000000020010  ld       x14, 0x18(x18)
#3507 0 00000000000103e6 26070663 r 0000000000000000 0000000000000000  beq      x14, x0, . + 0x26c
#3508 0 00000000000103ea     8be9 r 000000000000000f 0000000000000008  c.andi   x15, 0x1a
#3509 0 00000000000103ec     4729 r 000000000000000e 000000000000000a  c.li     x14, 0xa
#3510 0 00000000000103ee 26e78f63 r 0000000000000000 0000000000000000  beq      x15, x14, . + 0x27e
#3511 0 00000000000103f2     67f1 r 000000000000000f 000000000001c000  c.lui    x15, 0x1c
#3512 0 00000000000103f4 6887b783 r 000000000000000f 3ffc000000000000  ld       x15, 0x688(x15)
#3513 0 00000000000103f8 19010b13 r 0000000000000016 00000000fffff480  addi     x22, x2, 400
#3514 0 00000000000103fc     ea5a m 00000000fffff400 00000000fffff480  c.sdsp   x22, 0x110
#3515 0 00000000000103fe     ed3e m 00000000fffff388 3ffc000000000000  c.sdsp   x15, 0x98
#3516 0 0000000000010400     67f1 r 000000000000000f 000000000001c000  c.lui    x15, 0x1c
#3517 0 0000000000010402 6687b783 r 000000000000000f 4003000000000000  ld       x15, 0x668(x15)
#3518 0 0000000000010406     f202 m 00000000fffff410 0000000000000000  c.sdsp   x0, 0x120
#3519 0 0000000000010408 10012c23 m 00000000fffff408 0000000000000000  sw       x0, 0x118(x2)
#3520 0 000000000001040c     e93e m 00000000fffff380 4003000000000000  c.sdsp   x15, 0x90
#3521 0 000000000001040e     67f1 r 000000000000000f 000000000001c000  c.lui    x15, 0x1c
#3522 0 0000000000010410 6787b783 r 000000000000000f 3ffe000000000000  ld       x15, 0x678(x15)
#3523 0 0000000000010414     f002 m 00000000fffff310 0000000000000000  c.sdsp   x0, 0x20
#3524 0 0000000000010416     f402 m 00000000fffff318 0000000000000000  c.sdsp   x0, 0x28
#3525 0 0000000000010418     f13e m 00000000fffff390 3ffe000000000000  c.sdsp   x15, 0xa0
#3526 0 000000000001041a 000cc783 r 000000000000000f 0000000000000069  lbu      x15, 0x0(x25)
#3527 0 000000000001041e     fc82 m 00000000fffff368 0000000000000000  c.sdsp   x0, 0x78
#3528 0 0000000000010420     f082 m 00000000fffff350 0000000000000000  c.sdsp   x0, 0x60
#3529 0 0000000000010422     e102 m 00000000fffff370 0000000000000000  c.sdsp   x0, 0x80
#3530 0 0000000000010424     e502 m 00000000fffff378 0000000000000000  c.sdsp   x0, 0x88
#3531 0 0000000000010426     e402 m 00000000fffff2f8 0000000000000000  c.sdsp   x0, 0x8
#3532 0 0000000000010428     835a r 0000000000000006 00000000fffff480  c.mv     x6, x22
#3533 0 000000000001042a 1c078563 r 0000000000000000 0000000000000000  beq      x15, x0, . + 0x1ca
#3534 0 000000000001042e     8466 r 0000000000000008 000000000001c460  c.mv     x8, x25
#3535 0 0000000000010430 02500713 r 000000000000000e 0000000000000025  addi     x14, x0, 37
#3536 0 0000000000010434 30e78363 r 0000000000000000 0000000000000000  beq      x15, x14, . + 0x306
#3537 0 0000000000010438 00144783 r 000000000000000f 0000000000000020  lbu      x15, 0x1(x8)
#3538 0 000000000001043c     0405 r 0000000000000008 000000000001c461  c.addi   x8, 0x1
#3539 0 000000000001043e     fbfd r 0000000000000000 0000000000000000  c.bnez   x15, . - 0xa
#3540 0 0000000000010434 30e78363 r 0000000000000000 0000000000000000  beq      x15, x14, . + 0x306
#3541 0 0000000000010438 00144783 r 000000000000000f 000000000000003d  lbu      x15, 0x1(x8)
#3542 0 000000000001043c     0405 r 0000000000000008 000000000001c462  c.addi   x8, 0x1
#3543 0 000000000001043e     fbfd r 0000000000000000 0000000000000000  c.bnez   x15, . - 0xa
#3544 0 0000000000010434 30e78363 r 0000000000000000 0000000000000000  beq      x15, x14, . + 0x306
#3545 0 0000000000010438 00144783 r 000000000000000f 0000000000000020  lbu      x15, 0x1(x8)
#3546 0 000000000001043c     0405 r 0000000000000008 000000000001c463  c.addi   x8, 0x1
#3547 0 000000000001043e     fbfd r 0000000000000000 0000000000000000  c.bnez   x15, . - 0xa
#3548 0 0000000000010434 30e78363 r 0000000000000000 0000000000000000  beq      x15, x14, . + 0x306
#3549 0 0000000000010438 00144783 r 000000000000000f 0000000000000025  lbu      x15, 0x1(x8)
#3550 0 000000000001043c     0405 r 0000000000000008 000000000001c464  c.addi   x8, 0x1
#3551 0 000000000001043e     fbfd r 0000000000000000 0000000000000000  c.bnez   x15, . - 0xa
#3552 0 0000000000010434 30e78363 r 0000000000000000 0000000000000000  beq      x15, x14, . + 0x306
#3553 0 000000000001073a 419404bb r 0000000000000009 0000000000000004  subw     x9, x8, x25
#3554 0 000000000001073e d00495e3 r 0000000000000000 0000000000000000  bne      x9, x0, . - 0x2f6
#3555 0 0000000000010448     7712 r 000000000000000e 0000000000000000  c.ldsp   x14, 0x120
#3556 0 000000000001044a 11812783 r 000000000000000f 0000000000000000  lw       x15, 0x118(x2)
#3557 0 000000000001044e 01933023 m 00000000fffff480 000000000001c460  sd       x25, 0x0(x6)
#3558 0 0000000000010452     9726 r 000000000000000e 0000000000000004  c.add    x14, x9
#3559 0 0000000000010454     2785 r 000000000000000f 0000000000000001  c.addiw  x15, 0x1
#3560 0 0000000000010456 00933423 m 00000000fffff488 0000000000000004  sd       x9, 0x8(x6)
#3561 0 000000000001045a     f23a m 00000000fffff410 0000000000000004  c.sdsp   x14, 0x120
#3562 0 000000000001045c 10f12c23 m 00000000fffff408 0000000000000001  sw       x15, 0x118(x2)
#3563 0 0000000000010460 0007871b r 000000000000000e 0000000000000001  addiw    x14, x15, 0
#3564 0 0000000000010464     479d r 000000000000000f 0000000000000007  c.li     x15, 0x7
#3565 0 0000000000010466     0341 r 0000000000000006 00000000fffff490  c.addi   x6, 0x10
#3566 0 0000000000010468 2ee7c063 r 0000000000000000 0000000000000000  blt      x15, x14, . + 0x2e0
#3567 0 000000000001046c     6722 r 000000000000000e 0000000000000000  c.ldsp   x14, 0x8
#3568 0 000000000001046e 00044783 r 000000000000000f 0000000000000025  lbu      x15, 0x0(x8)
#3569 0 0000000000010472     9f25 r 000000000000000e 0000000000000004  c.addw   x14, x9
#3570 0 0000000000010474     e43a m 00000000fffff2f8 0000000000000004  c.sdsp   x14, 0x8
#3571 0 0000000000010476 16078f63 r 0000000000000000 0000000000000000  beq      x15, x0, . + 0x17e
#3572 0 000000000001047a     67f1 r 000000000000000f 000000000001c000  c.lui    x15, 0x1c
#3573 0 000000000001047c 00144e03 r 000000000000001c 0000000000000064  lbu      x28, 0x1(x8)
#3574 0 0000000000010480 0c010fa3 m 00000000fffff3cf 0000000000000000  sb       x0, 0xdf(x2)
#3575 0 0000000000010484     0405 r 0000000000000008 000000000001c465  c.addi   x8, 0x1
#3576 0 0000000000010486     5c7d r 0000000000000018 ffffffffffffffff  c.li     x24, -0x1
#3577 0 0000000000010488     4a81 r 0000000000000015 0000000000000000  c.li     x21, 0x0
#3578 0 000000000001048a     4481 r 0000000000000009 0000000000000000  c.li     x9, 0x0
#3579 0 000000000001048c 05a00993 r 0000000000000013 000000000000005a  addi     x19, x0, 90
#3580 0 0000000000010490 4c878b93 r 0000000000000017 000000000001c4c8  addi     x23, x15, 1224
#3581 0 0000000000010494     4da5 r 000000000000001b 0000000000000009  c.li     x27, 0x9
#3582 0 0000000000010496     0405 r 0000000000000008 000000000001c466  c.addi   x8, 0x1
#3583 0 0000000000010498 000e0d1b r 000000000000001a 0000000000000064  addiw    x26, x28, 0
#3584 0 000000000001049c 02a00613 r 000000000000000c 000000000000002a  addi     x12, x0, 42
#3585 0 00000000000104a0 fe0d079b r 000000000000000f 0000000000000044  addiw    x15, x26, -32
#3586 0 00000000000104a4 0007871b r 000000000000000e 0000000000000044  addiw    x14, x15, 0
#3587 0 00000000000104a8 04e9e363 r 0000000000000000 0000000000000000  bltu     x19, x14, . + 0x46
#3588 0 00000000000104ac 02079713 r 000000000000000e 0000004400000000  slli     x14, x15, 32
#3589 0 00000000000104b0 01e75793 r 000000000000000f 0000000000000110  srli     x15, x14, 30
#3590 0 00000000000104b4     97de r 000000000000000f 000000000001c5d8  c.add    x15, x23
#3591 0 00000000000104b6     439c r 000000000000000f 000000000001068a  c.lw     x15, 0x0(x15)
#3592 0 00000000000104b8     8782 r 0000000000000000 0000000000000000  c.jr     x15
#3593 0 000000000001068a     66c2 r 000000000000000d 00000000fffff598  c.ldsp   x13, 0x10
#3594 0 000000000001068c 0204f793 r 000000000000000f 0000000000000000  andi     x15, x9, 32
#3595 0 0000000000010690 00868713 r 000000000000000e 00000000fffff5a0  addi     x14, x13, 8
#3596 0 0000000000010694 3c078163 r 0000000000000000 0000000000000000  beq      x15, x0, . + 0x3c2
#3597 0 0000000000010a56 0104f793 r 000000000000000f 0000000000000000  andi     x15, x9, 16
#3598 0 0000000000010a5a 7e079f63 r 0000000000000000 0000000000000000  bne      x15, x0, . + 0x7fe
#3599 0 0000000000010a5e 0404f793 r 000000000000000f 0000000000000000  andi     x15, x9, 64
#3600 0 0000000000010a62 380788e3 r 0000000000000000 0000000000000000  beq      x15, x0, . + 0xb90
#3601 0 00000000000115f2 2004f793 r 000000000000000f 0000000000000000  andi     x15, x9, 512
#3602 0 00000000000115f6 24078163 r 0000000000000000 0000000000000000  beq      x15, x0, . + 0x242
#3603 0 0000000000011838     67c2 r 000000000000000f 00000000fffff598  c.ldsp   x15, 0x10
#3604 0 000000000001183a 0007a983 r 0000000000000013 0000000000000003  lw       x19, 0x0(x15)
#3605 0 000000000001183e     87ce r 000000000000000f 0000000000000003  c.mv     x15, x19
#3606 0 0000000000011840 e5dfe06f r 0000000000000000 0000000000000000  j        . - 0x11a4
#3607 0 000000000001069c 3c07cb63 r 0000000000000000 0000000000000000  blt      x15, x0, . + 0x3d6
#3608 0 00000000000106a0     57fd r 000000000000000f ffffffffffffffff  c.li     x15, -0x1
#3609 0 00000000000106a2 3efc00e3 r 0000000000000000 0000000000000000  beq      x24, x15, . + 0xbe0
#3610 0 0000000000011282     e83a m 00000000fffff300 00000000fffff5a0  c.sdsp   x14, 0x10
#3611 0 0000000000011284     47a5 r 000000000000000f 0000000000000009  c.li     x15, 0x9
#3612 0 0000000000011286     8da6 r 000000000000001b 0000000000000000  c.mv     x27, x9
#3613 0 0000000000011288 cb37f8e3 r 0000000000000000 0000000000000000  bgeu     x15, x19, . - 0x350
#3614 0 0000000000010f38 0309899b r 0000000000000013 0000000000000033  addiw    x19, x19, 48
#3615 0 0000000000010f3c 193105a3 m 00000000fffff47b 0000000000000033  sb       x19, 0x18b(x2)
#3616 0 0000000000010f40     84ee r 0000000000000009 0000000000000000  c.mv     x9, x27
#3617 0 0000000000010f42     4b85 r 0000000000000017 0000000000000001  c.li     x23, 0x1
#3618 0 0000000000010f44 18b10c93 r 0000000000000019 00000000fffff47b  addi     x25, x2, 395
#3619 0 0000000000010f48 f7aff06f r 0000000000000000 0000000000000000  j        . - 0x886
#3620 0 00000000000106c2 0df14783 r 000000000000000f 0000000000000000  lbu      x15, 0xdf(x2)
#3621 0 00000000000106c6 000b899b r 0000000000000013 0000000000000001  addiw    x19, x23, 0
#3622 0 00000000000106ca 018bd463 r 0000000000000000 0000000000000000  bge      x23, x24, . + 0x8
#3623 0 00000000000106d2     ec02 m 00000000fffff308 0000000000000000  c.sdsp   x0, 0x18
#3624 0 00000000000106d4     e482 m 00000000fffff338 0000000000000000  c.sdsp   x0, 0x48
#3625 0 00000000000106d6     ec82 m 00000000fffff348 0000000000000000  c.sdsp   x0, 0x58
#3626 0 00000000000106d8     e882 m 00000000fffff340 0000000000000000  c.sdsp   x0, 0x50
#3627 0 00000000000106da e20789e3 r 0000000000000000 0000000000000000  beq      x15, x0, . - 0x1ce
#3628 0 000000000001050c 0024f293 r 0000000000000005 0000000000000000  andi     x5, x9, 2
#3629 0 0000000000010510 00028363 r 0000000000000000 0000000000000000  beq      x5, x0, . + 0x6
#3630 0 0000000000010516 0844fd93 r 000000000000001b 0000000000000000  andi     x27, x9, 132
#3631 0 000000000001051a     7792 r 000000000000000f 0000000000000004  c.ldsp   x15, 0x120
#3632 0 000000000001051c 000d9663 r 0000000000000000 0000000000000000  bne      x27, x0, . + 0xc
#3633 0 0000000000010520 413a86bb r 000000000000000d ffffffffffffffff  subw     x13, x21, x19
#3634 0 0000000000010524 22d044e3 r 0000000000000000 0000000000000000  blt      x0, x13, . + 0xa28
#3635 0 0000000000010528 0df14703 r 000000000000000e 0000000000000000  lbu      x14, 0xdf(x2)
#3636 0 000000000001052c     c70d r 0000000000000000 0000000000000000  c.beqz   x14, . + 0x2a
#3637 0 0000000000010556 02028563 r 0000000000000000 0000000000000000  beq      x5, x0, . + 0x2a
#3638 0 0000000000010580 08000713 r 000000000000000e 0000000000000080  addi     x14, x0, 128
#3639 0 0000000000010584 06ed8ae3 r 0000000000000000 0000000000000000  beq      x27, x14, . + 0x874
#3640 0 0000000000010588 417c0c3b r 0000000000000018 fffffffffffffffe  subw     x24, x24, x23
#3641 0 000000000001058c 0f804ee3 r 0000000000000000 0000000000000000  blt      x0, x24, . + 0x8fc
#3642 0 0000000000010590 1004f713 r 000000000000000e 0000000000000000  andi     x14, x9, 256
#3643 0 0000000000010594 78071b63 r 0000000000000000 0000000000000000  bne      x14, x0, . + 0x796
#3644 0 0000000000010598 11812703 r 000000000000000e 0000000000000001  lw       x14, 0x118(x2)
#3645 0 000000000001059c     97de r 000000000000000f 0000000000000005  c.add    x15, x23
#3646 0 000000000001059e 01933023 m 00000000fffff490 00000000fffff47b  sd       x25, 0x0(x6)
#3647 0 00000000000105a2 0017069b r 000000000000000d 0000000000000002  addiw    x13, x14, 1
#3648 0 00000000000105a6     8736 r 000000000000000e 0000000000000002  c.mv     x14, x13
#3649 0 00000000000105a8 01733423 m 00000000fffff498 0000000000000001  sd       x23, 0x8(x6)
#3650 0 00000000000105ac 10e12c23 m 00000000fffff408 0000000000000002  sw       x14, 0x118(x2)
#3651 0 00000000000105b0     f23e m 00000000fffff410 0000000000000005  c.sdsp   x15, 0x120
#3652 0 00000000000105b2     471d r 000000000000000e 0000000000000007  c.li     x14, 0x7
#3653 0 00000000000105b4 46d74863 r 0000000000000000 0000000000000000  blt      x14, x13, . + 0x470
#3654 0 00000000000105b8     0341 r 0000000000000006 00000000fffff4a0  c.addi   x6, 0x10
#3655 0 00000000000105ba     8891 r 0000000000000009 0000000000000000  c.andi   x9, 0x4
#3656 0 00000000000105bc     c489 r 0000000000000000 0000000000000000  c.beqz   x9, . + 0xa
#3657 0 00000000000105c6     8756 r 000000000000000e 0000000000000000  c.mv     x14, x21
#3658 0 00000000000105c8 013ad363 r 0000000000000000 0000000000000000  bge      x21, x19, . + 0x6
#3659 0 00000000000105cc     874e r 000000000000000e 0000000000000001  c.mv     x14, x19
#3660 0 00000000000105ce     66a2 r 000000000000000d 0000000000000004  c.ldsp   x13, 0x8
#3661 0 00000000000105d0     9f35 r 000000000000000e 0000000000000005  c.addw   x14, x13
#3662 0 00000000000105d2     e43a m 00000000fffff2f8 0000000000000005  c.sdsp   x14, 0x8
#3663 0 00000000000105d4 12079be3 r 0000000000000000 0000000000000000  bne      x15, x0, . + 0x936
#3664 0 0000000000010f0a     0a10 r 000000000000000c 00000000fffff400  c.addi4spn  x12, 0x44
#3665 0 0000000000010f0c     85ca r 000000000000000b 000000000001e878  c.mv     x11, x18
#3666 0 0000000000010f0e     8552 r 000000000000000a 000000000001e290  c.mv     x10, x20
#3667 0 0000000000010f10 18c070ef r 0000000000000001 0000000000010f14  jal      x1, . + 0x718c
#3668 0 000000000001809c     6a18 r 000000000000000e 0000000000000005  c.ld     x14, 0x10(x12)
#3669 0 000000000001809e     c311 r 0000000000000000 0000000000000000  c.beqz   x14, . + 0x4
#3670 0 00000000000180a0     bfa1 r 0000000000000000 0000000000000000  c.j      . - 0xa8
#3671 0 0000000000017ff8 0ac5a783 r 000000000000000f 0000000000000000  lw       x15, 0xac(x11)
#3672 0 0000000000017ffc     715d r 0000000000000002 00000000fffff2a0  c.addi16sp -0x5
#3673 0 0000000000017ffe     6709 r 000000000000000e 0000000000002000  c.lui    x14, 0x2
#3674 0 0000000000018000     ec56 m 00000000fffff2b8 0000000000000000  c.sdsp   x21, 0x18
#3675 0 0000000000018002     e486 m 00000000fffff2e8 0000000000010f14  c.sdsp   x1, 0x48
#3676 0 0000000000018004     e0a2 m 00000000fffff2e0 000000000001c466  c.sdsp   x8, 0x40
#3677 0 0000000000018006     fc26 m 00000000fffff2d8 0000000000000000  c.sdsp   x9, 0x38
#3678 0 0000000000018008     f84a m 00000000fffff2d0 000000000001e878  c.sdsp   x18, 0x30
#3679 0 000000000001800a     f44e m 00000000fffff2c8 0000000000000001  c.sdsp   x19, 0x28
#3680 0 000000000001800c     f052 m 00000000fffff2c0 000000000001e290  c.sdsp   x20, 0x20
#3681 0 000000000001800e     e85a m 00000000fffff2b0 00000000fffff480  c.sdsp   x22, 0x10
#3682 0 0000000000018010     e45e m 00000000fffff2a8 0000000000000001  c.sdsp   x23, 0x8
#3683 0 0000000000018012     8ff9 r 000000000000000f 0000000000000000  c.and    x15, x14
#3684 0 0000000000018014     8ab2 r 0000000000000015 00000000fffff400  c.mv     x21, x12
#3685 0 0000000000018016     c3c1 r 0000000000000000 0000000000000000  c.beqz   x15, . + 0x80
#3686 0 0000000000018096 146010ef r 0000000000000001 000000000001809a  jal      x1, . + 0x1146
#3687 0 00000000000191dc     6a1c r 000000000000000f 0000000000000005  c.ld     x15, 0x10(x12)
#3688 0 00000000000191de 1a078c63 r 0000000000000000 0000000000000000  beq      x15, x0, . + 0x1b8
#3689 0 00000000000191e2 0105d783 r 000000000000000f 0000000000002889  lhu      x15, 0x10(x11)
#3690 0 00000000000191e6     711d r 0000000000000002 00000000fffff240  c.addi16sp -0x6
#3691 0 00000000000191e8     e8a2 m 00000000fffff290 000000000001c466  c.sdsp   x8, 0x50
#3692 0 00000000000191ea     f852 m 00000000fffff270 000000000001e290  c.sdsp   x20, 0x30
#3693 0 00000000000191ec     f456 m 00000000fffff268 00000000fffff400  c.sdsp   x21, 0x28
#3694 0 00000000000191ee     ec86 m 00000000fffff298 000000000001809a  c.sdsp   x1, 0x58
#3695 0 00000000000191f0     e4a6 m 00000000fffff288 0000000000000000  c.sdsp   x9, 0x48
#3696 0 00000000000191f2     e0ca m 00000000fffff280 000000000001e878  c.sdsp   x18, 0x40
#3697 0 00000000000191f4     fc4e m 00000000fffff278 0000000000000001  c.sdsp   x19, 0x38
#3698 0 00000000000191f6     f05a m 00000000fffff260 00000000fffff480  c.sdsp   x22, 0x20
#3699 0 00000000000191f8     ec5e m 00000000fffff258 0000000000000001  c.sdsp   x23, 0x18
#3700 0 00000000000191fa     e862 m 00000000fffff250 fffffffffffffffe  c.sdsp   x24, 0x10
#3701 0 00000000000191fc     e466 m 00000000fffff248 00000000fffff47b  c.sdsp   x25, 0x8
#3702 0 00000000000191fe     e06a m 00000000fffff240 0000000000000064  c.sdsp   x26, 0x0
#3703 0 0000000000019200 0087f713 r 000000000000000e 0000000000000008  andi     x14, x15, 8
#3704 0 0000000000019204     8a32 r 0000000000000014 00000000fffff400  c.mv     x20, x12
#3705 0 0000000000019206     8aaa r 0000000000000015 000000000001e290  c.mv     x21, x10
#3706 0 0000000000019208     842e r 0000000000000008 000000000001e878  c.mv     x8, x11
#3707 0 000000000001920a     c325 r 0000000000000000 0000000000000000  c.beqz   x14, . + 0x60
#3708 0 000000000001920c     6d98 r 000000000000000e 0000000000020010  c.ld     x14, 0x18(x11)
#3709 0 000000000001920e     cf31 r 0000000000000000 0000000000000000  c.beqz   x14, . + 0x5c
#3710 0 0000000000019210 0027f713 r 000000000000000e 0000000000000000  andi     x14, x15, 2
#3711 0 0000000000019214 000a3903 r 0000000000000012 00000000fffff480  ld       x18, 0x0(x20)
#3712 0 0000000000019218     c735 r 0000000000000000 0000000000000000  c.beqz   x14, . + 0x6c
#3713 0 0000000000019284 0017f713 r 000000000000000e 0000000000000001  andi     x14, x15, 1
#3714 0 0000000000019288     eb35 r 0000000000000000 0000000000000000  c.bnez   x14, . + 0x74
#3715 0 00000000000192fc     4981 r 0000000000000013 0000000000000000  c.li     x19, 0x0
#3716 0 00000000000192fe     4501 r 000000000000000a 0000000000000000  c.li     x10, 0x0
#3717 0 0000000000019300     4c81 r 0000000000000019 0000000000000000  c.li     x25, 0x0
#3718 0 0000000000019302     4c01 r 0000000000000018 0000000000000000  c.li     x24, 0x0
#3719 0 0000000000019304 080c0b63 r 0000000000000000 0000000000000000  beq      x24, x0, . + 0x96
#3720 0 000000000001939a 00893c03 r 0000000000000018 0000000000000004  ld       x24, 0x8(x18)
#3721 0 000000000001939e 00093c83 r 0000000000000019 000000000001c460  ld       x25, 0x0(x18)
#3722 0 00000000000193a2     0941 r 0000000000000012 00000000fffff490  c.addi   x18, 0x10
#3723 0 00000000000193a4 fe0c0be3 r 0000000000000000 0000000000000000  beq      x24, x0, . - 0xa
#3724 0 00000000000193a8     8662 r 000000000000000c 0000000000000004  c.mv     x12, x24
#3725 0 00000000000193aa     45a9 r 000000000000000b 000000000000000a  c.li     x11, 0xa
#3726 0 00000000000193ac     8566 r 000000000000000a 000000000001c460  c.mv     x10, x25
#3727 0 00000000000193ae f7bfb0ef r 0000000000000001 00000000000193b2  jal      x1, . - 0x4086
#3728 0 0000000000015328 00757793 r 000000000000000f 0000000000000000  andi     x15, x10, 7
#3729 0 000000000001532c 0ff5f693 r 000000000000000d 000000000000000a  andi     x13, x11, 255
#3730 0 0000000000015330     c395 r 0000000000000000 0000000000000000  c.beqz   x15, . + 0x24
#3731 0 0000000000015354     87b2 r 000000000000000f 0000000000000004  c.mv     x15, x12
#3732 0 0000000000015356     471d r 000000000000000e 0000000000000007  c.li     x14, 0x7
#3733 0 0000000000015358 00f76f63 r 0000000000000000 0000000000000000  bltu     x14, x15, . + 0x1e
#3734 0 000000000001535c     e399 r 0000000000000000 0000000000000000  c.bnez   x15, . + 0x6
#3735 0 0000000000015362     97aa r 000000000000000f 000000000001c464  c.add    x15, x10
#3736 0 0000000000015364     a021 r 0000000000000000 0000000000000000  c.j      . + 0x8
#3737 0 000000000001536c 00054703 r 000000000000000e 0000000000000069  lbu      x14, 0x0(x10)
#3738 0 0000000000015370 fed71be3 r 0000000000000000 0000000000000000  bne      x14, x13, . - 0xa
#3739 0 0000000000015366     0505 r 000000000000000a 000000000001c461  c.addi   x10, 0x1
#3740 0 0000000000015368 fea78be3 r 0000000000000000 0000000000000000  beq      x15, x10, . - 0xa
#3741 0 000000000001536c 00054703 r 000000000000000e 0000000000000020  lbu      x14, 0x0(x10)
#3742 0 0000000000015370 fed71be3 r 0000000000000000 0000000000000000  bne      x14, x13, . - 0xa
#3743 0 0000000000015366     0505 r 000000000000000a 000000000001c462  c.addi   x10, 0x1
#3744 0 0000000000015368 fea78be3 r 0000000000000000 0000000000000000  beq      x15, x10, . - 0xa
#3745 0 000000000001536c 00054703 r 000000000000000e 000000000000003d  lbu      x14, 0x0(x10)
#3746 0 0000000000015370 fed71be3 r 0000000000000000 0000000000000000  bne      x14, x13, . - 0xa
#3747 0 0000000000015366     0505 r 000000000000000a 000000000001c463  c.addi   x10, 0x1
#3748 0 0000000000015368 fea78be3 r 0000000000000000 0000000000000000  beq      x15, x10, . - 0xa
#3749 0 000000000001536c 00054703 r 000000000000000e 0000000000000020  lbu      x14, 0x0(x10)
#3750 0 0000000000015370 fed71be3 r 0000000000000000 0000000000000000  bne      x14, x13, . - 0xa
#3751 0 0000000000015366     0505 r 000000000000000a 000000000001c464  c.addi   x10, 0x1
#3752 0 0000000000015368 fea78be3 r 0000000000000000 0000000000000000  beq      x15, x10, . - 0xa
#3753 0 000000000001535e     4501 r 000000000000000a 0000000000000000  c.li     x10, 0x0
#3754 0 0000000000015360     8082 r 0000000000000000 0000000000000000  c.jr     x1
#3755 0 00000000000193b2 12050f63 r 0000000000000000 0000000000000000  beq      x10, x0, . + 0x13e
#3756 0 00000000000194f0 001c099b r 0000000000000013 0000000000000005  addiw    x19, x24, 1
#3757 0 00000000000194f4     bd19 r 0000000000000000 0000000000000000  c.j      . - 0x1ea
#3758 0 000000000001930a     8bce r 0000000000000017 0000000000000005  c.mv     x23, x19
#3759 0 000000000001930c 013c7363 r 0000000000000000 0000000000000000  bgeu     x24, x19, . + 0x6
#3760 0 0000000000019310     8be2 r 0000000000000017 0000000000000004  c.mv     x23, x24
#3761 0 0000000000019312     6008 r 000000000000000a 0000000000020010  c.ld     x10, 0x0(x8)
#3762 0 0000000000019314     6c1c r 000000000000000f 0000000000020010  c.ld     x15, 0x18(x8)
#3763 0 0000000000019316     5014 r 000000000000000d 0000000000000400  c.lw     x13, 0x20(x8)
#3764 0 0000000000019318     84de r 0000000000000009 0000000000000004  c.mv     x9, x23
#3765 0 000000000001931a 00a7f763 r 0000000000000000 0000000000000000  bgeu     x15, x10, . + 0xe
#3766 0 0000000000019328 18dbc463 r 0000000000000000 0000000000000000  blt      x23, x13, . + 0x188
#3767 0 00000000000194b0     865e r 000000000000000c 0000000000000004  c.mv     x12, x23
#3768 0 00000000000194b2     85e6 r 000000000000000b 000000000001c460  c.mv     x11, x25
#3769 0 00000000000194b4 1ac000ef r 0000000000000001 00000000000194b8  jal      x1, . + 0x1ac
#3770 0 0000000000019660 02a5f263 r 0000000000000000 0000000000000000  bgeu     x11, x10, . + 0x24
#3771 0 0000000000019664 00c587b3 r 000000000000000f 000000000001c464  add      x15, x11, x12
#3772 0 0000000000019668 00f57e63 r 0000000000000000 0000000000000000  bgeu     x10, x15, . + 0x1c
#3773 0 0000000000019684     47fd r 000000000000000f 000000000000001f  c.li     x15, 0x1f
#3774 0 0000000000019686 02c7e163 r 0000000000000000 0000000000000000  bltu     x15, x12, . + 0x22
#3775 0 000000000001968a     87aa r 000000000000000f 0000000000020010  c.mv     x15, x10
#3776 0 000000000001968c fff60693 r 000000000000000d 0000000000000003  addi     x13, x12, -1
#3777 0 0000000000019690     c245 r 0000000000000000 0000000000000000  c.beqz   x12, . + 0xa0
#3778 0 0000000000019692     0685 r 000000000000000d 0000000000000004  c.addi   x13, 0x1
#3779 0 0000000000019694     96be r 000000000000000d 0000000000020014  c.add    x13, x15
#3780 0 0000000000019696 0005c703 r 000000000000000e 0000000000000069  lbu      x14, 0x0(x11)
#3781 0 000000000001969a     0785 r 000000000000000f 0000000000020011  c.addi   x15, 0x1
#3782 0 000000000001969c     0585 r 000000000000000b 000000000001c461  c.addi   x11, 0x1
#3783 0 000000000001969e fee78fa3 m 0000000000020010 0000000000000069  sb       x14, -0x1(x15)
#3784 0 00000000000196a2 fed79ae3 r 0000000000000000 0000000000000000  bne      x15, x13, . - 0xc
#3785 0 0000000000019696 0005c703 r 000000000000000e 0000000000000020  lbu      x14, 0x0(x11)
#3786 0 000000000001969a     0785 r 000000000000000f 0000000000020012  c.addi   x15, 0x1
#3787 0 000000000001969c     0585 r 000000000000000b 000000000001c462  c.addi   x11, 0x1
#3788 0 000000000001969e fee78fa3 m 0000000000020011 0000000000000020  sb       x14, -0x1(x15)
#3789 0 00000000000196a2 fed79ae3 r 0000000000000000 0000000000000000  bne      x15, x13, . - 0xc
#3790 0 0000000000019696 0005c703 r 000000000000000e 000000000000003d  lbu      x14, 0x0(x11)
#3791 0 000000000001969a     0785 r 000000000000000f 0000000000020013  c.addi   x15, 0x1
#3792 0 000000000001969c     0585 r 000000000000000b 000000000001c463  c.addi   x11, 0x1
#3793 0 000000000001969e fee78fa3 m 0000000000020012 000000000000003d  sb       x14, -0x1(x15)
#3794 0 00000000000196a2 fed79ae3 r 0000000000000000 0000000000000000  bne      x15, x13, . - 0xc
#3795 0 0000000000019696 0005c703 r 000000000000000e 0000000000000020  lbu      x14, 0x0(x11)
#3796 0 000000000001969a     0785 r 000000000000000f 0000000000020014  c.addi   x15, 0x1
#3797 0 000000000001969c     0585 r 000000000000000b 000000000001c464  c.addi   x11, 0x1
#3798 0 000000000001969e fee78fa3 m 0000000000020013 0000000000000020  sb       x14, -0x1(x15)
#3799 0 00000000000196a2 fed79ae3 r 0000000000000000 0000000000000000  bne      x15, x13, . - 0xc
#3800 0 00000000000196a6     8082 r 0000000000000000 0000000000000000  c.jr     x1
#3801 0 00000000000194b8     4454 r 000000000000000d 0000000000000000  c.lw     x13, 0xc(x8)
#3802 0 00000000000194ba     6018 r 000000000000000e 0000000000020010  c.ld     x14, 0x0(x8)
#3803 0 00000000000194bc 000b879b r 000000000000000f 0000000000000004  addiw    x15, x23, 0
#3804 0 00000000000194c0 417686bb r 000000000000000d fffffffffffffffc  subw     x13, x13, x23
#3805 0 00000000000194c4     975e r 000000000000000e 0000000000020014  c.add    x14, x23
#3806 0 00000000000194c6     c454 m 000000000001e884 00000000fffffffc  c.sw     x13, 0xc(x8)
#3807 0 00000000000194c8     e018 m 000000000001e878 0000000000020014  c.sd     x14, 0x0(x8)
#3808 0 00000000000194ca     bd9d r 0000000000000000 0000000000000000  c.j      . - 0x18a
#3809 0 0000000000019340 40f989bb r 0000000000000013 0000000000000001  subw     x19, x19, x15
#3810 0 0000000000019344     4505 r 000000000000000a 0000000000000001  c.li     x10, 0x1
#3811 0 0000000000019346 02098b63 r 0000000000000000 0000000000000000  beq      x19, x0, . + 0x36
#3812 0 000000000001934a 010a3783 r 000000000000000f 0000000000000005  ld       x15, 0x10(x20)
#3813 0 000000000001934e     9ca6 r 0000000000000019 000000000001c464  c.add    x25, x9
#3814 0 0000000000019350 409c0c33 r 0000000000000018 0000000000000000  sub      x24, x24, x9
#3815 0 0000000000019354 409784b3 r 0000000000000009 0000000000000001  sub      x9, x15, x9
#3816 0 0000000000019358 009a3823 m 00000000fffff410 0000000000000001  sd       x9, 0x10(x20)
#3817 0 000000000001935c     f4c5 r 0000000000000000 0000000000000000  c.bnez   x9, . - 0x58
#3818 0 0000000000019304 080c0b63 r 0000000000000000 0000000000000000  beq      x24, x0, . + 0x96
#3819 0 000000000001939a 00893c03 r 0000000000000018 0000000000000001  ld       x24, 0x8(x18)
#3820 0 000000000001939e 00093c83 r 0000000000000019 00000000fffff47b  ld       x25, 0x0(x18)
#3821 0 00000000000193a2     0941 r 0000000000000012 00000000fffff4a0  c.addi   x18, 0x10
#3822 0 00000000000193a4 fe0c0be3 r 0000000000000000 0000000000000000  beq      x24, x0, . - 0xa
#3823 0 00000000000193a8     8662 r 000000000000000c 0000000000000001  c.mv     x12, x24
#3824 0 00000000000193aa     45a9 r 000000000000000b 000000000000000a  c.li     x11, 0xa
#3825 0 00000000000193ac     8566 r 000000000000000a 00000000fffff47b  c.mv     x10, x25
#3826 0 00000000000193ae f7bfb0ef r 0000000000000001 00000000000193b2  jal      x1, . - 0x4086
#3827 0 0000000000015328 00757793 r 000000000000000f 0000000000000003  andi     x15, x10, 7
#3828 0 000000000001532c 0ff5f693 r 000000000000000d 000000000000000a  andi     x13, x11, 255
#3829 0 0000000000015330     c395 r 0000000000000000 0000000000000000  c.beqz   x15, . + 0x24
#3830 0 0000000000015332 fff60793 r 000000000000000f 0000000000000000  addi     x15, x12, -1
#3831 0 0000000000015336     c605 r 0000000000000000 0000000000000000  c.beqz   x12, . + 0x28
#3832 0 0000000000015338     567d r 000000000000000c ffffffffffffffff  c.li     x12, -0x1
#3833 0 000000000001533a     a801 r 0000000000000000 0000000000000000  c.j      . + 0x10
#3834 0 000000000001534a 00054703 r 000000000000000e 0000000000000033  lbu      x14, 0x0(x10)
#3835 0 000000000001534e fed717e3 r 0000000000000000 0000000000000000  bne      x14, x13, . - 0x12
#3836 0 000000000001533c     0505 r 000000000000000a 00000000fffff47c  c.addi   x10, 0x1
#3837 0 000000000001533e 00757713 r 000000000000000e 0000000000000004  andi     x14, x10, 7
#3838 0 0000000000015342     cb11 r 0000000000000000 0000000000000000  c.beqz   x14, . + 0x14
#3839 0 0000000000015344     17fd r 000000000000000f ffffffffffffffff  c.addi   x15, -0x1
#3840 0 0000000000015346 00c78c63 r 0000000000000000 0000000000000000  beq      x15, x12, . + 0x18
#3841 0 000000000001535e     4501 r 000000000000000a 0000000000000000  c.li     x10, 0x0
#3842 0 0000000000015360     8082 r 0000000000000000 0000000000000000  c.jr     x1
#3843 0 00000000000193b2 12050f63 r 0000000000000000 0000000000000000  beq      x10, x0, . + 0x13e
#3844 0 00000000000194f0 001c099b r 0000000000000013 0000000000000002  addiw    x19, x24, 1
#3845 0 00000000000194f4     bd19 r 0000000000000000 0000000000000000  c.j      . - 0x1ea
#3846 0 000000000001930a     8bce r 0000000000000017 0000000000000002  c.mv     x23, x19
#3847 0 000000000001930c 013c7363 r 0000000000000000 0000000000000000  bgeu     x24, x19, . + 0x6
#3848 0 0000000000019310     8be2 r 0000000000000017 0000000000000001  c.mv     x23, x24
#3849 0 0000000000019312     6008 r 000000000000000a 0000000000020014  c.ld     x10, 0x0(x8)
#3850 0 0000000000019314     6c1c r 000000000000000f 0000000000020010  c.ld     x15, 0x18(x8)
#3851 0 0000000000019316     5014 r 000000000000000d 0000000000000400  c.lw     x13, 0x20(x8)
#3852 0 0000000000019318     84de r 0000000000000009 0000000000000001  c.mv     x9, x23
#3853 0 000000000001931a 00a7f763 r 0000000000000000 0000000000000000  bgeu     x15, x10, . + 0xe
#3854 0 000000000001931e     445c r 000000000000000f fffffffffffffffc  c.lw     x15, 0xc(x8)
#3855 0 0000000000019320 00d78b3b r 0000000000000016 00000000000003fc  addw     x22, x15, x13
#3856 0 0000000000019324 097b4d63 r 0000000000000000 0000000000000000  blt      x22, x23, . + 0x9a
#3857 0 0000000000019328 18dbc463 r 0000000000000000 0000000000000000  blt      x23, x13, . + 0x188
#3858 0 00000000000194b0     865e r 000000000000000c 0000000000000001  c.mv     x12, x23
#3859 0 00000000000194b2     85e6 r 000000000000000b 00000000fffff47b  c.mv     x11, x25
#3860 0 00000000000194b4 1ac000ef r 0000000000000001 00000000000194b8  jal      x1, . + 0x1ac
#3861 0 0000000000019660 02a5f263 r 0000000000000000 0000000000000000  bgeu     x11, x10, . + 0x24
#3862 0 0000000000019684     47fd r 000000000000000f 000000000000001f  c.li     x15, 0x1f
#3863 0 0000000000019686 02c7e163 r 0000000000000000 0000000000000000  bltu     x15, x12, . + 0x22
#3864 0 000000000001968a     87aa r 000000000000000f 0000000000020014  c.mv     x15, x10
#3865 0 000000000001968c fff60693 r 000000000000000d 0000000000000000  addi     x13, x12, -1
#3866 0 0000000000019690     c245 r 0000000000000000 0000000000000000  c.beqz   x12, . + 0xa0
#3867 0 0000000000019692     0685 r 000000000000000d 0000000000000001  c.addi   x13, 0x1
#3868 0 0000000000019694     96be r 000000000000000d 0000000000020015  c.add    x13, x15
#3869 0 0000000000019696 0005c703 r 000000000000000e 0000000000000033  lbu      x14, 0x0(x11)
#3870 0 000000000001969a     0785 r 000000000000000f 0000000000020015  c.addi   x15, 0x1
#3871 0 000000000001969c     0585 r 000000000000000b 00000000fffff47c  c.addi   x11, 0x1
#3872 0 000000000001969e fee78fa3 m 0000000000020014 0000000000000033  sb       x14, -0x1(x15)
#3873 0 00000000000196a2 fed79ae3 r 0000000000000000 0000000000000000  bne      x15, x13, . - 0xc
#3874 0 00000000000196a6     8082 r 0000000000000000 0000000000000000  c.jr     x1
#3875 0 00000000000194b8     4454 r 000000000000000d fffffffffffffffc  c.lw     x13, 0xc(x8)
#3876 0 00000000000194ba     6018 r 000000000000000e 0000000000020014  c.ld     x14, 0x0(x8)
#3877 0 00000000000194bc 000b879b r 000000000000000f 0000000000000001  addiw    x15, x23, 0
#3878 0 00000000000194c0 417686bb r 000000000000000d fffffffffffffffb  subw     x13, x13, x23
#3879 0 00000000000194c4     975e r 000000000000000e 0000000000020015  c.add    x14, x23
#3880 0 00000000000194c6     c454 m 000000000001e884 00000000fffffffb  c.sw     x13, 0xc(x8)
#3881 0 00000000000194c8     e018 m 000000000001e878 0000000000020015  c.sd     x14, 0x0(x8)
#3882 0 00000000000194ca     bd9d r 0000000000000000 0000000000000000  c.j      . - 0x18a
#3883 0 0000000000019340 40f989bb r 0000000000000013 0000000000000001  subw     x19, x19, x15
#3884 0 0000000000019344     4505 r 000000000000000a 0000000000000001  c.li     x10, 0x1
#3885 0 0000000000019346 02098b63 r 0000000000000000 0000000000000000  beq      x19, x0, . + 0x36
#3886 0 000000000001934a 010a3783 r 000000000000000f 0000000000000001  ld       x15, 0x10(x20)
#3887 0 000000000001934e     9ca6 r 0000000000000019 00000000fffff47c  c.add    x25, x9
#3888 0 0000000000019350 409c0c33 r 0000000000000018 0000000000000000  sub      x24, x24, x9
#3889 0 0000000000019354 409784b3 r 0000000000000009 0000000000000000  sub      x9, x15, x9
#3890 0 0000000000019358 009a3823 m 00000000fffff410 0000000000000000  sd       x9, 0x10(x20)
#3891 0 000000000001935c     f4c5 r 0000000000000000 0000000000000000  c.bnez   x9, . - 0x58
#3892 0 000000000001935e     4501 r 000000000000000a 0000000000000000  c.li     x10, 0x0
#3893 0 0000000000019360     60e6 r 0000000000000001 000000000001809a  c.ldsp   x1, 0x58
#3894 0 0000000000019362     6446 r 0000000000000008 000000000001c466  c.ldsp   x8, 0x50
#3895 0 0000000000019364     64a6 r 0000000000000009 0000000000000000  c.ldsp   x9, 0x48
#3896 0 0000000000019366     6906 r 0000000000000012 000000000001e878  c.ldsp   x18, 0x40
#3897 0 0000000000019368     79e2 r 0000000000000013 0000000000000001  c.ldsp   x19, 0x38
#3898 0 000000000001936a     7a42 r 0000000000000014 000000000001e290  c.ldsp   x20, 0x30
#3899 0 000000000001936c     7aa2 r 0000000000000015 00000000fffff400  c.ldsp   x21, 0x28
#3900 0 000000000001936e     7b02 r 0000000000000016 00000000fffff480  c.ldsp   x22, 0x20
#3901 0 0000000000019370     6be2 r 0000000000000017 0000000000000001  c.ldsp   x23, 0x18
#3902 0 0000000000019372     6c42 r 0000000000000018 fffffffffffffffe  c.ldsp   x24, 0x10
#3903 0 0000000000019374     6ca2 r 0000000000000019 00000000fffff47b  c.ldsp   x25, 0x8
#3904 0 0000000000019376     6d02 r 000000000000001a 0000000000000064  c.ldsp   x26, 0x0
#3905 0 0000000000019378     6125 r 0000000000000002 00000000fffff2a0  c.addi16sp 0x6
#3906 0 000000000001937a     8082 r 0000000000000000 0000000000000000  c.jr     x1
#3907 0 000000000001809a     b7e1 r 0000000000000000 0000000000000000  c.j      . - 0x38
#3908 0 0000000000018062     60a6 r 0000000000000001 0000000000010f14  c.ldsp   x1, 0x48
#3909 0 0000000000018064     6406 r 0000000000000008 000000000001c466  c.ldsp   x8, 0x40
#3910 0 0000000000018066 000ab823 m 00000000fffff410 0000000000000000  sd       x0, 0x10(x21)
#3911 0 000000000001806a 000aa423 m 00000000fffff408 0000000000000000  sw       x0, 0x8(x21)
#3912 0 000000000001806e     74e2 r 0000000000000009 0000000000000000  c.ldsp   x9, 0x38
#3913 0 0000000000018070     7942 r 0000000000000012 000000000001e878  c.ldsp   x18, 0x30
#3914 0 0000000000018072     79a2 r 0000000000000013 0000000000000001  c.ldsp   x19, 0x28
#3915 0 0000000000018074     7a02 r 0000000000000014 000000000001e290  c.ldsp   x20, 0x20
#3916 0 0000000000018076     6ae2 r 0000000000000015 0000000000000000  c.ldsp   x21, 0x18
#3917 0 0000000000018078     6b42 r 0000000000000016 00000000fffff480  c.ldsp   x22, 0x10
#3918 0 000000000001807a     6ba2 r 0000000000000017 0000000000000001  c.ldsp   x23, 0x8
#3919 0 000000000001807c     6161 r 0000000000000002 00000000fffff2f0  c.addi16sp 0x5
#3920 0 000000000001807e     8082 r 0000000000000000 0000000000000000  c.jr     x1
#3921 0 0000000000010f14 ec050263 r 0000000000000000 0000000000000000  beq      x10, x0, . - 0x93c
#3922 0 00000000000105d8     67e2 r 000000000000000f 0000000000000000  c.ldsp   x15, 0x18
#3923 0 00000000000105da 10012c23 m 00000000fffff408 0000000000000000  sw       x0, 0x118(x2)
#3924 0 00000000000105de     c789 r 0000000000000000 0000000000000000  c.beqz   x15, . + 0xa
#3925 0 00000000000105e8     835a r 0000000000000006 00000000fffff480  c.mv     x6, x22
#3926 0 00000000000105ea     8ca2 r 0000000000000019 000000000001c466  c.mv     x25, x8
#3927 0 00000000000105ec 000cc783 r 000000000000000f 000000000000000a  lbu      x15, 0x0(x25)
#3928 0 00000000000105f0 e2079fe3 r 0000000000000000 0000000000000000  bne      x15, x0, . - 0x1c2
#3929 0 000000000001042e     8466 r 0000000000000008 000000000001c466  c.mv     x8, x25
#3930 0 0000000000010430 02500713 r 000000000000000e 0000000000000025  addi     x14, x0, 37
#3931 0 0000000000010434 30e78363 r 0000000000000000 0000000000000000  beq      x15, x14, . + 0x306
#3932 0 0000000000010438 00144783 r 000000000000000f 0000000000000000  lbu      x15, 0x1(x8)
#3933 0 000000000001043c     0405 r 0000000000000008 000000000001c467  c.addi   x8, 0x1
#3934 0 000000000001043e     fbfd r 0000000000000000 0000000000000000  c.bnez   x15, . - 0xa
#3935 0 0000000000010440 419404bb r 0000000000000009 0000000000000001  subw     x9, x8, x25
#3936 0 0000000000010444 1a048863 r 0000000000000000 0000000000000000  beq      x9, x0, . + 0x1b0
#3937 0 0000000000010448     7712 r 000000000000000e 0000000000000000  c.ldsp   x14, 0x120
#3938 0 000000000001044a 11812783 r 000000000000000f 0000000000000000  lw       x15, 0x118(x2)
#3939 0 000000000001044e 01933023 m 00000000fffff480 000000000001c466  sd       x25, 0x0(x6)
#3940 0 0000000000010452     9726 r 000000000000000e 0000000000000001  c.add    x14, x9
#3941 0 0000000000010454     2785 r 000000000000000f 0000000000000001  c.addiw  x15, 0x1
#3942 0 0000000000010456 00933423 m 00000000fffff488 0000000000000001  sd       x9, 0x8(x6)
#3943 0 000000000001045a     f23a m 00000000fffff410 0000000000000001  c.sdsp   x14, 0x120
#3944 0 000000000001045c 10f12c23 m 00000000fffff408 0000000000000001  sw       x15, 0x118(x2)
#3945 0 0000000000010460 0007871b r 000000000000000e 0000000000000001  addiw    x14, x15, 0
#3946 0 0000000000010464     479d r 000000000000000f 0000000000000007  c.li     x15, 0x7
#3947 0 0000000000010466     0341 r 0000000000000006 00000000fffff490  c.addi   x6, 0x10
#3948 0 0000000000010468 2ee7c063 r 0000000000000000 0000000000000000  blt      x15, x14, . + 0x2e0
#3949 0 000000000001046c     6722 r 000000000000000e 0000000000000005  c.ldsp   x14, 0x8
#3950 0 000000000001046e 00044783 r 000000000000000f 0000000000000000  lbu      x15, 0x0(x8)
#3951 0 0000000000010472     9f25 r 000000000000000e 0000000000000006  c.addw   x14, x9
#3952 0 0000000000010474     e43a m 00000000fffff2f8 0000000000000006  c.sdsp   x14, 0x8
#3953 0 0000000000010476 16078f63 r 0000000000000000 0000000000000000  beq      x15, x0, . + 0x17e
#3954 0 00000000000105f4     7792 r 000000000000000f 0000000000000001  c.ldsp   x15, 0x120
#3955 0 00000000000105f6     c399 r 0000000000000000 0000000000000000  c.beqz   x15, . + 0x6
#3956 0 00000000000105f8 2620106f r 0000000000000000 0000000000000000  j        . + 0x1262
#3957 0 000000000001185a     0a10 r 000000000000000c 00000000fffff400  c.addi4spn  x12, 0x44
#3958 0 000000000001185c     85ca r 000000000000000b 000000000001e878  c.mv     x11, x18
#3959 0 000000000001185e     8552 r 000000000000000a 000000000001e290  c.mv     x10, x20
#3960 0 0000000000011860 03d060ef r 0000000000000001 0000000000011864  jal      x1, . + 0x683c
#3961 0 000000000001809c     6a18 r 000000000000000e 0000000000000001  c.ld     x14, 0x10(x12)
#3962 0 000000000001809e     c311 r 0000000000000000 0000000000000000  c.beqz   x14, . + 0x4
#3963 0 00000000000180a0     bfa1 r 0000000000000000 0000000000000000  c.j      . - 0xa8
#3964 0 0000000000017ff8 0ac5a783 r 000000000000000f 0000000000000000  lw       x15, 0xac(x11)
#3965 0 0000000000017ffc     715d r 0000000000000002 00000000fffff2a0  c.addi16sp -0x5
#3966 0 0000000000017ffe     6709 r 000000000000000e 0000000000002000  c.lui    x14, 0x2
#3967 0 0000000000018000     ec56 m 00000000fffff2b8 0000000000000000  c.sdsp   x21, 0x18
#3968 0 0000000000018002     e486 m 00000000fffff2e8 0000000000011864  c.sdsp   x1, 0x48
#3969 0 0000000000018004     e0a2 m 00000000fffff2e0 000000000001c467  c.sdsp   x8, 0x40
#3970 0 0000000000018006     fc26 m 00000000fffff2d8 0000000000000001  c.sdsp   x9, 0x38
#3971 0 0000000000018008     f84a m 00000000fffff2d0 000000000001e878  c.sdsp   x18, 0x30
#3972 0 000000000001800a     f44e m 00000000fffff2c8 0000000000000001  c.sdsp   x19, 0x28
#3973 0 000000000001800c     f052 m 00000000fffff2c0 000000000001e290  c.sdsp   x20, 0x20
#3974 0 000000000001800e     e85a m 00000000fffff2b0 00000000fffff480  c.sdsp   x22, 0x10
#3975 0 0000000000018010     e45e m 00000000fffff2a8 0000000000000001  c.sdsp   x23, 0x8
#3976 0 0000000000018012     8ff9 r 000000000000000f 0000000000000000  c.and    x15, x14
#3977 0 0000000000018014     8ab2 r 0000000000000015 00000000fffff400  c.mv     x21, x12
#3978 0 0000000000018016     c3c1 r 0000000000000000 0000000000000000  c.beqz   x15, . + 0x80
#3979 0 0000000000018096 146010ef r 0000000000000001 000000000001809a  jal      x1, . + 0x1146
#3980 0 00000000000191dc     6a1c r 000000000000000f 0000000000000001  c.ld     x15, 0x10(x12)
#3981 0 00000000000191de 1a078c63 r 0000000000000000 0000000000000000  beq      x15, x0, . + 0x1b8
#3982 0 00000000000191e2 0105d783 r 000000000000000f 0000000000002889  lhu      x15, 0x10(x11)
#3983 0 00000000000191e6     711d r 0000000000000002 00000000fffff240  c.addi16sp -0x6
#3984 0 00000000000191e8     e8a2 m 00000000fffff290 000000000001c467  c.sdsp   x8, 0x50
#3985 0 00000000000191ea     f852 m 00000000fffff270 000000000001e290  c.sdsp   x20, 0x30
#3986 0 00000000000191ec     f456 m 00000000fffff268 00000000fffff400  c.sdsp   x21, 0x28
#3987 0 00000000000191ee     ec86 m 00000000fffff298 000000000001809a  c.sdsp   x1, 0x58
#3988 0 00000000000191f0     e4a6 m 00000000fffff288 0000000000000001  c.sdsp   x9, 0x48
#3989 0 00000000000191f2     e0ca m 00000000fffff280 000000000001e878  c.sdsp   x18, 0x40
#3990 0 00000000000191f4     fc4e m 00000000fffff278 0000000000000001  c.sdsp   x19, 0x38
#3991 0 00000000000191f6     f05a m 00000000fffff260 00000000fffff480  c.sdsp   x22, 0x20
#3992 0 00000000000191f8     ec5e m 00000000fffff258 0000000000000001  c.sdsp   x23, 0x18
#3993 0 00000000000191fa     e862 m 00000000fffff250 fffffffffffffffe  c.sdsp   x24, 0x10
#3994 0 00000000000191fc     e466 m 00000000fffff248 000000000001c466  c.sdsp   x25, 0x8
#3995 0 00000000000191fe     e06a m 00000000fffff240 0000000000000064  c.sdsp   x26, 0x0
#3996 0 0000000000019200 0087f713 r 000000000000000e 0000000000000008  andi     x14, x15, 8
#3997 0 0000000000019204     8a32 r 0000000000000014 00000000fffff400  c.mv     x20, x12
#3998 0 0000000000019206     8aaa r 0000000000000015 000000000001e290  c.mv     x21, x10
#3999 0 0000000000019208     842e r 0000000000000008 000000000001e878  c.mv     x8, x11
#4000 0 000000000001920a     c325 r 0000000000000000 0000000000000000  c.beqz   x14, . + 0x60
#4001 0 000000000001920c     6d98 r 000000000000000e 0000000000020010  c.ld     x14, 0x18(x11)
#4002 0 000000000001920e     cf31 r 0000000000000000 0000000000000000  c.beqz   x14, . + 0x5c
#4003 0 0000000000019210 0027f713 r 000000000000000e 0000000000000000  andi     x14, x15, 2
#4004 0 0000000000019214 000a3903 r 0000000000000012 00000000fffff480  ld       x18, 0x0(x20)
#4005 0 0000000000019218     c735 r 0000000000000000 0000000000000000  c.beqz   x14, . + 0x6c
#4006 0 0000000000019284 0017f713 r 000000000000000e 0000000000000001  andi     x14, x15, 1
#4007 0 0000000000019288     eb35 r 0000000000000000 0000000000000000  c.bnez   x14, . + 0x74
#4008 0 00000000000192fc     4981 r 0000000000000013 0000000000000000  c.li     x19, 0x0
#4009 0 00000000000192fe     4501 r 000000000000000a 0000000000000000  c.li     x10, 0x0
#4010 0 0000000000019300     4c81 r 0000000000000019 0000000000000000  c.li     x25, 0x0
#4011 0 0000000000019302     4c01 r 0000000000000018 0000000000000000  c.li     x24, 0x0
#4012 0 0000000000019304 080c0b63 r 0000000000000000 0000000000000000  beq      x24, x0, . + 0x96
#4013 0 000000000001939a 00893c03 r 0000000000000018 0000000000000001  ld       x24, 0x8(x18)
#4014 0 000000000001939e 00093c83 r 0000000000000019 000000000001c466  ld       x25, 0x0(x18)
#4015 0 00000000000193a2     0941 r 0000000000000012 00000000fffff490  c.addi   x18, 0x10
#4016 0 00000000000193a4 fe0c0be3 r 0000000000000000 0000000000000000  beq      x24, x0, . - 0xa
#4017 0 00000000000193a8     8662 r 000000000000000c 0000000000000001  c.mv     x12, x24
#4018 0 00000000000193aa     45a9 r 000000000000000b 000000000000000a  c.li     x11, 0xa
#4019 0 00000000000193ac     8566 r 000000000000000a 000000000001c466  c.mv     x10, x25
#4020 0 00000000000193ae f7bfb0ef r 0000000000000001 00000000000193b2  jal      x1, . - 0x4086
#4021 0 0000000000015328 00757793 r 000000000000000f 0000000000000006  andi     x15, x10, 7
#4022 0 000000000001532c 0ff5f693 r 000000000000000d 000000000000000a  andi     x13, x11, 255
#4023 0 0000000000015330     c395 r 0000000000000000 0000000000000000  c.beqz   x15, . + 0x24
#4024 0 0000000000015332 fff60793 r 000000000000000f 0000000000000000  addi     x15, x12, -1
#4025 0 0000000000015336     c605 r 0000000000000000 0000000000000000  c.beqz   x12, . + 0x28
#4026 0 0000000000015338     567d r 000000000000000c ffffffffffffffff  c.li     x12, -0x1
#4027 0 000000000001533a     a801 r 0000000000000000 0000000000000000  c.j      . + 0x10
#4028 0 000000000001534a 00054703 r 000000000000000e 000000000000000a  lbu      x14, 0x0(x10)
#4029 0 000000000001534e fed717e3 r 0000000000000000 0000000000000000  bne      x14, x13, . - 0x12
#4030 0 0000000000015352     8082 r 0000000000000000 0000000000000000  c.jr     x1
#4031 0 00000000000193b2 12050f63 r 0000000000000000 0000000000000000  beq      x10, x0, . + 0x13e
#4032 0 00000000000193b6     0505 r 000000000000000a 000000000001c467  c.addi   x10, 0x1
#4033 0 00000000000193b8 419509bb r 0000000000000013 0000000000000001  subw     x19, x10, x25
#4034 0 00000000000193bc     b7b9 r 0000000000000000 0000000000000000  c.j      . - 0xb2
#4035 0 000000000001930a     8bce r 0000000000000017 0000000000000001  c.mv     x23, x19
#4036 0 000000000001930c 013c7363 r 0000000000000000 0000000000000000  bgeu     x24, x19, . + 0x6
#4037 0 0000000000019312     6008 r 000000000000000a 0000000000020015  c.ld     x10, 0x0(x8)
#4038 0 0000000000019314     6c1c r 000000000000000f 0000000000020010  c.ld     x15, 0x18(x8)
#4039 0 0000000000019316     5014 r 000000000000000d 0000000000000400  c.lw     x13, 0x20(x8)
#4040 0 0000000000019318     84de r 0000000000000009 0000000000000001  c.mv     x9, x23
#4041 0 000000000001931a 00a7f763 r 0000000000000000 0000000000000000  bgeu     x15, x10, . + 0xe
#4042 0 000000000001931e     445c r 000000000000000f fffffffffffffffb  c.lw     x15, 0xc(x8)
#4043 0 0000000000019320 00d78b3b r 0000000000000016 00000000000003fb  addw     x22, x15, x13
#4044 0 0000000000019324 097b4d63 r 0000000000000000 0000000000000000  blt      x22, x23, . + 0x9a
#4045 0 0000000000019328 18dbc463 r 0000000000000000 0000000000000000  blt      x23, x13, . + 0x188
#4046 0 00000000000194b0     865e r 000000000000000c 0000000000000001  c.mv     x12, x23
#4047 0 00000000000194b2     85e6 r 000000000000000b 000000000001c466  c.mv     x11, x25
#4048 0 00000000000194b4 1ac000ef r 0000000000000001 00000000000194b8  jal      x1, . + 0x1ac
#4049 0 0000000000019660 02a5f263 r 0000000000000000 0000000000000000  bgeu     x11, x10, . + 0x24
#4050 0 0000000000019664 00c587b3 r 000000000000000f 000000000001c467  add      x15, x11, x12
#4051 0 0000000000019668 00f57e63 r 0000000000000000 0000000000000000  bgeu     x10, x15, . + 0x1c
#4052 0 0000000000019684     47fd r 000000000000000f 000000000000001f  c.li     x15, 0x1f
#4053 0 0000000000019686 02c7e163 r 0000000000000000 0000000000000000  bltu     x15, x12, . + 0x22
#4054 0 000000000001968a     87aa r 000000000000000f 0000000000020015  c.mv     x15, x10
#4055 0 000000000001968c fff60693 r 000000000000000d 0000000000000000  addi     x13, x12, -1
#4056 0 0000000000019690     c245 r 0000000000000000 0000000000000000  c.beqz   x12, . + 0xa0
#4057 0 0000000000019692     0685 r 000000000000000d 0000000000000001  c.addi   x13, 0x1
#4058 0 0000000000019694     96be r 000000000000000d 0000000000020016  c.add    x13, x15
#4059 0 0000000000019696 0005c703 r 000000000000000e 000000000000000a  lbu      x14, 0x0(x11)
#4060 0 000000000001969a     0785 r 000000000000000f 0000000000020016  c.addi   x15, 0x1
#4061 0 000000000001969c     0585 r 000000000000000b 000000000001c467  c.addi   x11, 0x1
#4062 0 000000000001969e fee78fa3 m 0000000000020015 000000000000000a  sb       x14, -0x1(x15)
#4063 0 00000000000196a2 fed79ae3 r 0000000000000000 0000000000000000  bne      x15, x13, . - 0xc
#4064 0 00000000000196a6     8082 r 0000000000000000 0000000000000000  c.jr     x1
#4065 0 00000000000194b8     4454 r 000000000000000d fffffffffffffffb  c.lw     x13, 0xc(x8)
#4066 0 00000000000194ba     6018 r 000000000000000e 0000000000020015  c.ld     x14, 0x0(x8)
#4067 0 00000000000194bc 000b879b r 000000000000000f 0000000000000001  addiw    x15, x23, 0
#4068 0 00000000000194c0 417686bb r 000000000000000d fffffffffffffffa  subw     x13, x13, x23
#4069 0 00000000000194c4     975e r 000000000000000e 0000000000020016  c.add    x14, x23
#4070 0 00000000000194c6     c454 m 000000000001e884 00000000fffffffa  c.sw     x13, 0xc(x8)
#4071 0 00000000000194c8     e018 m 000000000001e878 0000000000020016  c.sd     x14, 0x0(x8)
#4072 0 00000000000194ca     bd9d r 0000000000000000 0000000000000000  c.j      . - 0x18a
#4073 0 0000000000019340 40f989bb r 0000000000000013 0000000000000000  subw     x19, x19, x15
#4074 0 0000000000019344     4505 r 000000000000000a 0000000000000001  c.li     x10, 0x1
#4075 0 0000000000019346 02098b63 r 0000000000000000 0000000000000000  beq      x19, x0, . + 0x36
#4076 0 000000000001937c     85a2 r 000000000000000b 000000000001e878  c.mv     x11, x8
#4077 0 000000000001937e     8556 r 000000000000000a 000000000001e290  c.mv     x10, x21
#4078 0 0000000000019380 f0ff80ef r 0000000000000001 0000000000019384  jal      x1, . - 0x70f2
#4079 0 000000000001228e     1101 r 0000000000000002 00000000fffff220  c.addi   x2, -0x20
#4080 0 0000000000012290     e822 m 00000000fffff230 000000000001e878  c.sdsp   x8, 0x10
#4081 0 0000000000012292     ec06 m 00000000fffff238 0000000000019384  c.sdsp   x1, 0x18
#4082 0 0000000000012294     842a r 0000000000000008 000000000001e290  c.mv     x8, x10
#4083 0 0000000000012296     c119 r 0000000000000000 0000000000000000  c.beqz   x10, . + 0x6
#4084 0 0000000000012298     493c r 000000000000000f 0000000000000001  c.lw     x15, 0x50(x10)
#4085 0 000000000001229a     cb89 r 0000000000000000 0000000000000000  c.beqz   x15, . + 0x12
#4086 0 000000000001229c 01059783 r 000000000000000f 0000000000002889  lh       x15, 0x10(x11)
#4087 0 00000000000122a0     ef89 r 0000000000000000 0000000000000000  c.bnez   x15, . + 0x1a
#4088 0 00000000000122ba     8522 r 000000000000000a 000000000001e290  c.mv     x10, x8
#4089 0 00000000000122bc     6442 r 0000000000000008 000000000001e878  c.ldsp   x8, 0x10
#4090 0 00000000000122be     60e2 r 0000000000000001 0000000000019384  c.ldsp   x1, 0x18
#4091 0 00000000000122c0     6105 r 0000000000000002 00000000fffff240  c.addi16sp 0x2
#4092 0 00000000000122c2     bd2d r 0000000000000000 0000000000000000  c.j      . - 0x1c6
#4093 0 00000000000120fc 01059783 r 000000000000000f 0000000000002889  lh       x15, 0x10(x11)
#4094 0 0000000000012100     7179 r 0000000000000002 00000000fffff210  c.addi16sp -0x3
#4095 0 0000000000012102     f022 m 00000000fffff230 000000000001e878  c.sdsp   x8, 0x20
#4096 0 0000000000012104     e44e m 00000000fffff218 0000000000000000  c.sdsp   x19, 0x8
#4097 0 0000000000012106     f406 m 00000000fffff238 0000000000019384  c.sdsp   x1, 0x28
#4098 0 0000000000012108     ec26 m 00000000fffff228 0000000000000001  c.sdsp   x9, 0x18
#4099 0 000000000001210a     e84a m 00000000fffff220 00000000fffff490  c.sdsp   x18, 0x10
#4100 0 000000000001210c 0087f693 r 000000000000000d 0000000000000008  andi     x13, x15, 8
#4101 0 0000000000012110     842e r 0000000000000008 000000000001e878  c.mv     x8, x11
#4102 0 0000000000012112     89aa r 0000000000000013 000000000001e290  c.mv     x19, x10
#4103 0 0000000000012114     ead5 r 0000000000000000 0000000000000000  c.bnez   x13, . + 0xb4
#4104 0 00000000000121c8 0185b903 r 0000000000000012 0000000000020010  ld       x18, 0x18(x11)
#4105 0 00000000000121cc fe0906e3 r 0000000000000000 0000000000000000  beq      x18, x0, . - 0x14
#4106 0 00000000000121d0     6184 r 0000000000000009 0000000000020016  c.ld     x9, 0x0(x11)
#4107 0 00000000000121d2 03079713 r 000000000000000e 2889000000000000  slli     x14, x15, 48
#4108 0 00000000000121d6     9341 r 000000000000000e 0000000000002889  c.srli   x14, 0x30
#4109 0 00000000000121d8     8b0d r 000000000000000e 0000000000000001  c.andi   x14, 0x3
#4110 0 00000000000121da 0125b023 m 000000000001e878 0000000000020010  sd       x18, 0x0(x11)
#4111 0 00000000000121de 412484bb r 0000000000000009 0000000000000006  subw     x9, x9, x18
#4112 0 00000000000121e2     4781 r 000000000000000f 0000000000000000  c.li     x15, 0x0
#4113 0 00000000000121e4     e311 r 0000000000000000 0000000000000000  c.bnez   x14, . + 0x4
#4114 0 00000000000121e8     c45c m 000000000001e884 0000000000000000  c.sw     x15, 0xc(x8)
#4115 0 00000000000121ea 00904663 r 0000000000000000 0000000000000000  blt      x0, x9, . + 0xc
#4116 0 00000000000121f6     603c r 000000000000000f 00000000000161c4  c.ld     x15, 0x40(x8)
#4117 0 00000000000121f8     780c r 000000000000000b 000000000001e878  c.ld     x11, 0x30(x8)
#4118 0 00000000000121fa     86a6 r 000000000000000d 0000000000000006  c.mv     x13, x9
#4119 0 00000000000121fc     864a r 000000000000000c 0000000000020010  c.mv     x12, x18
#4120 0 00000000000121fe     854e r 000000000000000a 000000000001e290  c.mv     x10, x19
#4121 0 0000000000012200     9782 r 0000000000000001 0000000000012202  c.jalr   x15
#4122 0 00000000000161c4 01059783 r 000000000000000f 0000000000002889  lh       x15, 0x10(x11)
#4123 0 00000000000161c8     7179 r 0000000000000002 00000000fffff1e0  c.addi16sp -0x3
#4124 0 00000000000161ca     f022 m 00000000fffff200 000000000001e878  c.sdsp   x8, 0x20
#4125 0 00000000000161cc     ec26 m 00000000fffff1f8 0000000000000006  c.sdsp   x9, 0x18
#4126 0 00000000000161ce     e84a m 00000000fffff1f0 0000000000020010  c.sdsp   x18, 0x10
#4127 0 00000000000161d0     e44e m 00000000fffff1e8 000000000001e290  c.sdsp   x19, 0x8
#4128 0 00000000000161d2     f406 m 00000000fffff208 0000000000012202  c.sdsp   x1, 0x28
#4129 0 00000000000161d4 1007f713 r 000000000000000e 0000000000000000  andi     x14, x15, 256
#4130 0 00000000000161d8     842e r 0000000000000008 000000000001e878  c.mv     x8, x11
#4131 0 00000000000161da     84aa r 0000000000000009 000000000001e290  c.mv     x9, x10
#4132 0 00000000000161dc 01259583 r 000000000000000b 0000000000000001  lh       x11, 0x12(x11)
#4133 0 00000000000161e0     8932 r 0000000000000012 0000000000020010  c.mv     x18, x12
#4134 0 00000000000161e2     89b6 r 0000000000000013 0000000000000006  c.mv     x19, x13
#4135 0 00000000000161e4     e30d r 0000000000000000 0000000000000000  c.bnez   x14, . + 0x22
#4136 0 00000000000161e6     777d r 000000000000000e fffffffffffff000  c.lui    x14, 0xfffff
#4137 0 00000000000161e8     177d r 000000000000000e ffffffffffffefff  c.addi   x14, -0x1
#4138 0 00000000000161ea     8ff9 r 000000000000000f 0000000000002889  c.and    x15, x14
#4139 0 00000000000161ec 00f41823 m 000000000001e888 0000000000002889  sh       x15, 0x10(x8)
#4140 0 00000000000161f0     7402 r 0000000000000008 000000000001e878  c.ldsp   x8, 0x20
#4141 0 00000000000161f2     70a2 r 0000000000000001 0000000000012202  c.ldsp   x1, 0x28
#4142 0 00000000000161f4     86ce r 000000000000000d 0000000000000006  c.mv     x13, x19
#4143 0 00000000000161f6     864a r 000000000000000c 0000000000020010  c.mv     x12, x18
#4144 0 00000000000161f8     69a2 r 0000000000000013 000000000001e290  c.ldsp   x19, 0x8
#4145 0 00000000000161fa     6942 r 0000000000000012 0000000000020010  c.ldsp   x18, 0x10
#4146 0 00000000000161fc     8526 r 000000000000000a 000000000001e290  c.mv     x10, x9
#4147 0 00000000000161fe     64e2 r 0000000000000009 0000000000000006  c.ldsp   x9, 0x18
#4148 0 0000000000016200     6145 r 0000000000000002 00000000fffff210  c.addi16sp 0x3
#4149 0 0000000000016202 3a70206f r 0000000000000000 0000000000000000  j        . + 0x2ba6
#4150 0 0000000000018da8     1101 r 0000000000000002 00000000fffff1f0  c.addi   x2, -0x20
#4151 0 0000000000018daa     872e r 000000000000000e 0000000000000001  c.mv     x14, x11
#4152 0 0000000000018dac     e822 m 00000000fffff200 000000000001e878  c.sdsp   x8, 0x10
#4153 0 0000000000018dae     e426 m 00000000fffff1f8 0000000000000006  c.sdsp   x9, 0x8
#4154 0 0000000000018db0     85b2 r 000000000000000b 0000000000020010  c.mv     x11, x12
#4155 0 0000000000018db2     842a r 0000000000000008 000000000001e290  c.mv     x8, x10
#4156 0 0000000000018db4     8636 r 000000000000000c 0000000000000006  c.mv     x12, x13
#4157 0 0000000000018db6     853a r 000000000000000a 0000000000000001  c.mv     x10, x14
#4158 0 0000000000018db8     ec06 m 00000000fffff208 0000000000012202  c.sdsp   x1, 0x18
#4159 0 0000000000018dba 7801a823 m 000000000001f408 0000000000000000  sw       x0, 0x790(x3)
#4160 0 0000000000018dbe 208020ef r 0000000000000001 0000000000018dc2  jal      x1, . + 0x2208
#4161 0 000000000001afc6     1141 r 0000000000000002 00000000fffff1e0  c.addi   x2, -0x10
#4162 0 000000000001afc8     e406 m 00000000fffff1e8 0000000000018dc2  c.sdsp   x1, 0x8
#4163 0 000000000001afca     e022 m 00000000fffff1e0 000000000001e290  c.sdsp   x8, 0x0
#4164 0 000000000001afcc 04000893 r 0000000000000011 0000000000000040  addi     x17, x0, 64
#4165 0 000000000001afd0 00000073 r 000000000000000a 0000000000000006  ecall    
#4166 0 000000000001afd4     842a r 0000000000000008 0000000000000006  c.mv     x8, x10
#4167 0 000000000001afd6 00054763 r 0000000000000000 0000000000000000  blt      x10, x0, . + 0xe
#4168 0 000000000001afda     60a2 r 0000000000000001 0000000000018dc2  c.ldsp   x1, 0x8
#4169 0 000000000001afdc     8522 r 000000000000000a 0000000000000006  c.mv     x10, x8
#4170 0 000000000001afde     6402 r 0000000000000008 000000000001e290  c.ldsp   x8, 0x0
#4171 0 000000000001afe0     0141 r 0000000000000002 00000000fffff1f0  c.addi   x2, 0x10
#4172 0 000000000001afe2     8082 r 0000000000000000 0000000000000000  c.jr     x1
#4173 0 0000000000018dc2     57fd r 000000000000000f ffffffffffffffff  c.li     x15, -0x1
#4174 0 0000000000018dc4 00f50763 r 0000000000000000 0000000000000000  beq      x10, x15, . + 0xe
#4175 0 0000000000018dc8     60e2 r 0000000000000001 0000000000012202  c.ldsp   x1, 0x18
#4176 0 0000000000018dca     6442 r 0000000000000008 000000000001e878  c.ldsp   x8, 0x10
#4177 0 0000000000018dcc     64a2 r 0000000000000009 0000000000000006  c.ldsp   x9, 0x8
#4178 0 0000000000018dce     6105 r 0000000000000002 00000000fffff210  c.addi16sp 0x2
#4179 0 0000000000018dd0     8082 r 0000000000000000 0000000000000000  c.jr     x1
#4180 0 0000000000012202     9c89 r 0000000000000009 0000000000000000  c.subw   x9, x10
#4181 0 0000000000012204 fea046e3 r 0000000000000000 0000000000000000  blt      x0, x10, . - 0x14
#4182 0 00000000000121f0     992a r 0000000000000012 0000000000020016  c.add    x18, x10
#4183 0 00000000000121f2 fc9053e3 r 0000000000000000 0000000000000000  bge      x0, x9, . - 0x3a
#4184 0 00000000000121b8     4501 r 000000000000000a 0000000000000000  c.li     x10, 0x0
#4185 0 00000000000121ba     70a2 r 0000000000000001 0000000000019384  c.ldsp   x1, 0x28
#4186 0 00000000000121bc     7402 r 0000000000000008 000000000001e878  c.ldsp   x8, 0x20
#4187 0 00000000000121be     64e2 r 0000000000000009 0000000000000001  c.ldsp   x9, 0x18
#4188 0 00000000000121c0     6942 r 0000000000000012 00000000fffff490  c.ldsp   x18, 0x10
#4189 0 00000000000121c2     69a2 r 0000000000000013 0000000000000000  c.ldsp   x19, 0x8
#4190 0 00000000000121c4     6145 r 0000000000000002 00000000fffff240  c.addi16sp 0x3
#4191 0 00000000000121c6     8082 r 0000000000000000 0000000000000000  c.jr     x1
#4192 0 0000000000019384     d179 r 0000000000000000 0000000000000000  c.beqz   x10, . - 0x3a
#4193 0 000000000001934a 010a3783 r 000000000000000f 0000000000000001  ld       x15, 0x10(x20)
#4194 0 000000000001934e     9ca6 r 0000000000000019 000000000001c467  c.add    x25, x9
#4195 0 0000000000019350 409c0c33 r 0000000000000018 0000000000000000  sub      x24, x24, x9
#4196 0 0000000000019354 409784b3 r 0000000000000009 0000000000000000  sub      x9, x15, x9
#4197 0 0000000000019358 009a3823 m 00000000fffff410 0000000000000000  sd       x9, 0x10(x20)
#4198 0 000000000001935c     f4c5 r 0000000000000000 0000000000000000  c.bnez   x9, . - 0x58
#4199 0 000000000001935e     4501 r 000000000000000a 0000000000000000  c.li     x10, 0x0
#4200 0 0000000000019360     60e6 r 0000000000000001 000000000001809a  c.ldsp   x1, 0x58
#4201 0 0000000000019362     6446 r 0000000000000008 000000000001c467  c.ldsp   x8, 0x50
#4202 0 0000000000019364     64a6 r 0000000000000009 0000000000000001  c.ldsp   x9, 0x48
#4203 0 0000000000019366     6906 r 0000000000000012 000000000001e878  c.ldsp   x18, 0x40
#4204 0 0000000000019368     79e2 r 0000000000000013 0000000000000001  c.ldsp   x19, 0x38
#4205 0 000000000001936a     7a42 r 0000000000000014 000000000001e290  c.ldsp   x20, 0x30
#4206 0 000000000001936c     7aa2 r 0000000000000015 00000000fffff400  c.ldsp   x21, 0x28
#4207 0 000000000001936e     7b02 r 0000000000000016 00000000fffff480  c.ldsp   x22, 0x20
#4208 0 0000000000019370     6be2 r 0000000000000017 0000000000000001  c.ldsp   x23, 0x18
#4209 0 0000000000019372     6c42 r 0000000000000018 fffffffffffffffe  c.ldsp   x24, 0x10
#4210 0 0000000000019374     6ca2 r 0000000000000019 000000000001c466  c.ldsp   x25, 0x8
#4211 0 0000000000019376     6d02 r 000000000000001a 0000000000000064  c.ldsp   x26, 0x0
#4212 0 0000000000019378     6125 r 0000000000000002 00000000fffff2a0  c.addi16sp 0x6
#4213 0 000000000001937a     8082 r 0000000000000000 0000000000000000  c.jr     x1
#4214 0 000000000001809a     b7e1 r 0000000000000000 0000000000000000  c.j      . - 0x38
#4215 0 0000000000018062     60a6 r 0000000000000001 0000000000011864  c.ldsp   x1, 0x48
#4216 0 0000000000018064     6406 r 0000000000000008 000000000001c467  c.ldsp   x8, 0x40
#4217 0 0000000000018066 000ab823 m 00000000fffff410 0000000000000000  sd       x0, 0x10(x21)
#4218 0 000000000001806a 000aa423 m 00000000fffff408 0000000000000000  sw       x0, 0x8(x21)
#4219 0 000000000001806e     74e2 r 0000000000000009 0000000000000001  c.ldsp   x9, 0x38
#4220 0 0000000000018070     7942 r 0000000000000012 000000000001e878  c.ldsp   x18, 0x30
#4221 0 0000000000018072     79a2 r 0000000000000013 0000000000000001  c.ldsp   x19, 0x28
#4222 0 0000000000018074     7a02 r 0000000000000014 000000000001e290  c.ldsp   x20, 0x20
#4223 0 0000000000018076     6ae2 r 0000000000000015 0000000000000000  c.ldsp   x21, 0x18
#4224 0 0000000000018078     6b42 r 0000000000000016 00000000fffff480  c.ldsp   x22, 0x10
#4225 0 000000000001807a     6ba2 r 0000000000000017 0000000000000001  c.ldsp   x23, 0x8
#4226 0 000000000001807c     6161 r 0000000000000002 00000000fffff2f0  c.addi16sp 0x5
#4227 0 000000000001807e     8082 r 0000000000000000 0000000000000000  c.jr     x1
#4228 0 0000000000011864 d99fe06f r 0000000000000000 0000000000000000  j        . - 0x1268
#4229 0 00000000000105fc 01095783 r 000000000000000f 0000000000002889  lhu      x15, 0x10(x18)
#4230 0 0000000000010600 0407f793 r 000000000000000f 0000000000000000  andi     x15, x15, 64
#4231 0 0000000000010604     c399 r 0000000000000000 0000000000000000  c.beqz   x15, . + 0x6
#4232 0 000000000001060a 27813083 r 0000000000000001 0000000000010340  ld       x1, 0x278(x2)
#4233 0 000000000001060e 27013403 r 0000000000000008 00000000ffffff50  ld       x8, 0x270(x2)
#4234 0 0000000000010612     6522 r 000000000000000a 0000000000000006  c.ldsp   x10, 0x8
#4235 0 0000000000010614 26813483 r 0000000000000009 0000000000000000  ld       x9, 0x268(x2)
#4236 0 0000000000010618 26013903 r 0000000000000012 0000000000000000  ld       x18, 0x260(x2)
#4237 0 000000000001061c 25813983 r 0000000000000013 0000000000000000  ld       x19, 0x258(x2)
#4238 0 0000000000010620 25013a03 r 0000000000000014 0000000000000000  ld       x20, 0x250(x2)
#4239 0 0000000000010624 24813a83 r 0000000000000015 0000000000000000  ld       x21, 0x248(x2)
#4240 0 0000000000010628 24013b03 r 0000000000000016 0000000000000000  ld       x22, 0x240(x2)
#4241 0 000000000001062c 23813b83 r 0000000000000017 0000000000000000  ld       x23, 0x238(x2)
#4242 0 0000000000010630 23013c03 r 0000000000000018 0000000000000000  ld       x24, 0x230(x2)
#4243 0 0000000000010634 22813c83 r 0000000000000019 0000000000000000  ld       x25, 0x228(x2)
#4244 0 0000000000010638 22013d03 r 000000000000001a 0000000000000000  ld       x26, 0x220(x2)
#4245 0 000000000001063c 21813d83 r 000000000000001b 0000000000000000  ld       x27, 0x218(x2)
#4246 0 0000000000010640 28010113 r 0000000000000002 00000000fffff570  addi     x2, x2, 640
#4247 0 0000000000010644     8082 r 0000000000000000 0000000000000000  c.jr     x1
#4248 0 0000000000010340     60e2 r 0000000000000001 0000000000010184  c.ldsp   x1, 0x18
#4249 0 0000000000010342     6125 r 0000000000000002 00000000fffff5d0  c.addi16sp 0x6
#4250 0 0000000000010344     8082 r 0000000000000000 0000000000000000  c.jr     x1
#4251 0 0000000000010184 fec42783 r 000000000000000f 0000000000000003  lw       x15, -0x14(x8)
#4252 0 0000000000010188     2785 r 000000000000000f 0000000000000004  c.addiw  x15, 0x1
#4253 0 000000000001018a fef42623 m 00000000ffffff3c 0000000000000004  sw       x15, -0x14(x8)
#4254 0 000000000001018e fec42783 r 000000000000000f 0000000000000004  lw       x15, -0x14(x8)
#4255 0 0000000000010192 0007871b r 000000000000000e 0000000000000004  addiw    x14, x15, 0
#4256 0 0000000000010196     47a5 r 000000000000000f 0000000000000009  c.li     x15, 0x9
#4257 0 0000000000010198 fce7dee3 r 0000000000000000 0000000000000000  bge      x15, x14, . - 0x24
#4258 0 0000000000010174 fec42783 r 000000000000000f 0000000000000004  lw       x15, -0x14(x8)
#4259 0 0000000000010178     85be r 000000000000000b 0000000000000004  c.mv     x11, x15
#4260 0 000000000001017a     67f1 r 000000000000000f 000000000001c000  c.lui    x15, 0x1c
#4261 0 000000000001017c 46078513 r 000000000000000a 000000000001c460  addi     x10, x15, 1120
#4262 0 0000000000010180 19a000ef r 0000000000000001 0000000000010184  jal      x1, . + 0x19a
#4263 0 000000000001031a 7581b303 r 0000000000000006 000000000001e290  ld       x6, 0x758(x3)
#4264 0 000000000001031e     711d r 0000000000000002 00000000fffff570  c.addi16sp -0x6
#4265 0 0000000000010320     f832 m 00000000fffff5a0 0000000000000006  c.sdsp   x12, 0x30
#4266 0 0000000000010322     fc36 m 00000000fffff5a8 0000000000000006  c.sdsp   x13, 0x38
#4267 0 0000000000010324     f42e m 00000000fffff598 0000000000000004  c.sdsp   x11, 0x28
#4268 0 0000000000010326     e0ba m 00000000fffff5b0 0000000000000004  c.sdsp   x14, 0x40
#4269 0 0000000000010328     e4be m 00000000fffff5b8 000000000001c000  c.sdsp   x15, 0x48
#4270 0 000000000001032a     e8c2 m 00000000fffff5c0 0000000000000000  c.sdsp   x16, 0x50
#4271 0 000000000001032c     ecc6 m 00000000fffff5c8 0000000000000040  c.sdsp   x17, 0x58
#4272 0 000000000001032e 01033583 r 000000000000000b 000000000001e878  ld       x11, 0x10(x6)
#4273 0 0000000000010332     1034 r 000000000000000d 00000000fffff598  c.addi4spn  x13, 0xa
#4274 0 0000000000010334     862a r 000000000000000c 000000000001c460  c.mv     x12, x10
#4275 0 0000000000010336     851a r 000000000000000a 000000000001e290  c.mv     x10, x6
#4276 0 0000000000010338     ec06 m 00000000fffff588 0000000000010184  c.sdsp   x1, 0x18
#4277 0 000000000001033a     e436 m 00000000fffff578 00000000fffff598  c.sdsp   x13, 0x8
#4278 0 000000000001033c 00a000ef r 0000000000000001 0000000000010340  jal      x1, . + 0xa
#4279 0 0000000000010346 d8010113 r 0000000000000002 00000000fffff2f0  addi     x2, x2, -640
#4280 0 000000000001034a 26113c23 m 00000000fffff568 0000000000010340  sd       x1, 0x278(x2)
#4281 0 000000000001034e 27213023 m 00000000fffff550 0000000000000000  sd       x18, 0x260(x2)
#4282 0 0000000000010352 25413823 m 00000000fffff540 0000000000000000  sd       x20, 0x250(x2)
#4283 0 0000000000010356 23913423 m 00000000fffff518 0000000000000000  sd       x25, 0x228(x2)
#4284 0 000000000001035a     892e r 0000000000000012 000000000001e878  c.mv     x18, x11
#4285 0 000000000001035c     8cb2 r 0000000000000019 000000000001c460  c.mv     x25, x12
#4286 0 000000000001035e     e836 m 00000000fffff300 00000000fffff598  c.sdsp   x13, 0x10
#4287 0 0000000000010360 26813823 m 00000000fffff560 00000000ffffff50  sd       x8, 0x270(x2)
#4288 0 0000000000010364 26913423 m 00000000fffff558 0000000000000000  sd       x9, 0x268(x2)
#4289 0 0000000000010368 25313c23 m 00000000fffff548 0000000000000000  sd       x19, 0x258(x2)
#4290 0 000000000001036c 25513423 m 00000000fffff538 0000000000000000  sd       x21, 0x248(x2)
#4291 0 0000000000010370 25613023 m 00000000fffff530 0000000000000000  sd       x22, 0x240(x2)
#4292 0 0000000000010374 23713c23 m 00000000fffff528 0000000000000000  sd       x23, 0x238(x2)
#4293 0 0000000000010378 23813823 m 00000000fffff520 0000000000000000  sd       x24, 0x230(x2)
#4294 0 000000000001037c 23a13023 m 00000000fffff510 0000000000000000  sd       x26, 0x220(x2)
#4295 0 0000000000010380 21b13c23 m 00000000fffff508 0000000000000000  sd       x27, 0x218(x2)
#4296 0 0000000000010384     8a2a r 0000000000000014 000000000001e290  c.mv     x20, x10
#4297 0 0000000000010386 6fa040ef r 0000000000000001 000000000001038a  jal      x1, . + 0x46fa
#4298 0 0000000000014a80 e6018513 r 000000000000000a 000000000001ead8  addi     x10, x3, -416
#4299 0 0000000000014a84     8082 r 0000000000000000 0000000000000000  c.jr     x1
#4300 0 000000000001038a     611c r 000000000000000f 000000000001c9b0  c.ld     x15, 0x0(x10)
#4301 0 000000000001038c     853e r 000000000000000a 000000000001c9b0  c.mv     x10, x15
#4302 0 000000000001038e     f8be m 00000000fffff360 000000000001c9b0  c.sdsp   x15, 0x70
#4303 0 0000000000010390 058060ef r 0000000000000001 0000000000010394  jal      x1, . + 0x6058
#4304 0 00000000000163e8 00757793 r 000000000000000f 0000000000000000  andi     x15, x10, 7
#4305 0 00000000000163ec     872a r 000000000000000e 000000000001c9b0  c.mv     x14, x10
#4306 0 00000000000163ee     eba9 r 0000000000000000 0000000000000000  c.bnez   x15, . + 0x52
#4307 0 00000000000163f0 7401b683 r 000000000000000d 7f7f7f7f7f7f7f7f  ld       x13, 0x740(x3)
#4308 0 00000000000163f4     55fd r 000000000000000b ffffffffffffffff  c.li     x11, -0x1
#4309 0 00000000000163f6     6310 r 000000000000000c 000000000000002e  c.ld     x12, 0x0(x14)
#4310 0 00000000000163f8     0721 r 000000000000000e 000000000001c9b8  c.addi   x14, 0x8
#4311 0 00000000000163fa 00d677b3 r 000000000000000f 000000000000002e  and      x15, x12, x13
#4312 0 00000000000163fe     97b6 r 000000000000000f 7f7f7f7f7f7f7fad  c.add    x15, x13
#4313 0 0000000000016400     8fd1 r 000000000000000f 7f7f7f7f7f7f7faf  c.or     x15, x12
#4314 0 0000000000016402     8fd5 r 000000000000000f 7f7f7f7f7f7f7fff  c.or     x15, x13
#4315 0 0000000000016404 feb789e3 r 0000000000000000 0000000000000000  beq      x15, x11, . - 0xe
#4316 0 0000000000016408 ff874683 r 000000000000000d 000000000000002e  lbu      x13, -0x8(x14)
#4317 0 000000000001640c 40a707b3 r 000000000000000f 0000000000000008  sub      x15, x14, x10
#4318 0 0000000000016410     c6a9 r 0000000000000000 0000000000000000  c.beqz   x13, . + 0x4a
#4319 0 0000000000016412 ff974683 r 000000000000000d 0000000000000000  lbu      x13, -0x7(x14)
#4320 0 0000000000016416     ce9d r 0000000000000000 0000000000000000  c.beqz   x13, . + 0x3e
#4321 0 0000000000016454 ff978513 r 000000000000000a 0000000000000001  addi     x10, x15, -7
#4322 0 0000000000016458     8082 r 0000000000000000 0000000000000000  c.jr     x1
#4323 0 0000000000010394     f4aa m 00000000fffff358 0000000000000001  c.sdsp   x10, 0x68
#4324 0 0000000000010396     e202 m 00000000fffff3f0 0000000000000000  c.sdsp   x0, 0x100
#4325 0 0000000000010398     e602 m 00000000fffff3f8 0000000000000000  c.sdsp   x0, 0x108
#4326 0 000000000001039a 000a0663 r 0000000000000000 0000000000000000  beq      x20, x0, . + 0xc
#4327 0 000000000001039e 050a2783 r 000000000000000f 0000000000000001  lw       x15, 0x50(x20)
#4328 0 00000000000103a2 72078963 r 0000000000000000 0000000000000000  beq      x15, x0, . + 0x732
#4329 0 00000000000103a6 01091703 r 000000000000000e 0000000000002889  lh       x14, 0x10(x18)
#4330 0 00000000000103aa     6689 r 000000000000000d 0000000000002000  c.lui    x13, 0x2
#4331 0 00000000000103ac 03071793 r 000000000000000f 2889000000000000  slli     x15, x14, 48
#4332 0 00000000000103b0     93c1 r 000000000000000f 0000000000002889  c.srli   x15, 0x30
#4333 0 00000000000103b2 00d7f633 r 000000000000000c 0000000000002000  and      x12, x15, x13
#4334 0 00000000000103b6     e215 r 0000000000000000 0000000000000000  c.bnez   x12, . + 0x24
#4335 0 00000000000103da 0087f713 r 000000000000000e 0000000000000008  andi     x14, x15, 8
#4336 0 00000000000103de 26070a63 r 0000000000000000 0000000000000000  beq      x14, x0, . + 0x274
#4337 0 00000000000103e2 01893703 r 000000000000000e 0000000000020010  ld       x14, 0x18(x18)
#4338 0 00000000000103e6 26070663 r 0000000000000000 0000000000000000  beq      x14, x0, . + 0x26c
#4339 0 00000000000103ea     8be9 r 000000000000000f 0000000000000008  c.andi   x15, 0x1a
#4340 0 00000000000103ec     4729 r 000000000000000e 000000000000000a  c.li     x14, 0xa
#4341 0 00000000000103ee 26e78f63 r 0000000000000000 0000000000000000  beq      x15, x14, . + 0x27e
#4342 0 00000000000103f2     67f1 r 000000000000000f 000000000001c000  c.lui    x15, 0x1c
#4343 0 00000000000103f4 6887b783 r 000000000000000f 3ffc000000000000  ld       x15, 0x688(x15)
#4344 0 00000000000103f8 19010b13 r 0000000000000016 00000000fffff480  addi     x22, x2, 400
#4345 0 00000000000103fc     ea5a m 00000000fffff400 00000000fffff480  c.sdsp   x22, 0x110
#4346 0 00000000000103fe     ed3e m 00000000fffff388 3ffc000000000000  c.sdsp   x15, 0x98
#4347 0 0000000000010400     67f1 r 000000000000000f 000000000001c000  c.lui    x15, 0x1c
#4348 0 0000000000010402 6687b783 r 000000000000000f 4003000000000000  ld       x15, 0x668(x15)
#4349 0 0000000000010406     f202 m 00000000fffff410 0000000000000000  c.sdsp   x0, 0x120
#4350 0 0000000000010408 10012c23 m 00000000fffff408 0000000000000000  sw       x0, 0x118(x2)
#4351 0 000000000001040c     e93e m 00000000fffff380 4003000000000000  c.sdsp   x15, 0x90
#4352 0 000000000001040e     67f1 r 000000000000000f 000000000001c000  c.lui    x15, 0x1c
#4353 0 0000000000010410 6787b783 r 000000000000000f 3ffe000000000000  ld       x15, 0x678(x15)
#4354 0 0000000000010414     f002 m 00000000fffff310 0000000000000000  c.sdsp   x0, 0x20
#4355 0 0000000000010416     f402 m 00000000fffff318 0000000000000000  c.sdsp   x0, 0x28
#4356 0 0000000000010418     f13e m 00000000fffff390 3ffe000000000000  c.sdsp   x15, 0xa0
#4357 0 000000000001041a 000cc783 r 000000000000000f 0000000000000069  lbu      x15, 0x0(x25)
#4358 0 000000000001041e     fc82 m 00000000fffff368 0000000000000000  c.sdsp   x0, 0x78
#4359 0 0000000000010420     f082 m 00000000fffff350 0000000000000000  c.sdsp   x0, 0x60
#4360 0 0000000000010422     e102 m 00000000fffff370 0000000000000000  c.sdsp   x0, 0x80
#4361 0 0000000000010424     e502 m 00000000fffff378 0000000000000000  c.sdsp   x0, 0x88
#4362 0 0000000000010426     e402 m 00000000fffff2f8 0000000000000000  c.sdsp   x0, 0x8
#4363 0 0000000000010428     835a r 0000000000000006 00000000fffff480  c.mv     x6, x22
#4364 0 000000000001042a 1c078563 r 0000000000000000 0000000000000000  beq      x15, x0, . + 0x1ca
#4365 0 000000000001042e     8466 r 0000000000000008 000000000001c460  c.mv     x8, x25
#4366 0 0000000000010430 02500713 r 000000000000000e 0000000000000025  addi     x14, x0, 37
#4367 0 0000000000010434 30e78363 r 0000000000000000 0000000000000000  beq      x15, x14, . + 0x306
#4368 0 0000000000010438 00144783 r 000000000000000f 0000000000000020  lbu      x15, 0x1(x8)
#4369 0 000000000001043c     0405 r 0000000000000008 000000000001c461  c.addi   x8, 0x1
#4370 0 000000000001043e     fbfd r 0000000000000000 0000000000000000  c.bnez   x15, . - 0xa
#4371 0 0000000000010434 30e78363 r 0000000000000000 0000000000000000  beq      x15, x14, . + 0x306
#4372 0 0000000000010438 00144783 r 000000000000000f 000000000000003d  lbu      x15, 0x1(x8)
#4373 0 000000000001043c     0405 r 0000000000000008 000000000001c462  c.addi   x8, 0x1
#4374 0 000000000001043e     fbfd r 0000000000000000 0000000000000000  c.bnez   x15, . - 0xa
#4375 0 0000000000010434 30e78363 r 0000000000000000 0000000000000000  beq      x15, x14, . + 0x306
#4376 0 0000000000010438 00144783 r 000000000000000f 0000000000000020  lbu      x15, 0x1(x8)
#4377 0 000000000001043c     0405 r 0000000000000008 000000000001c463  c.addi   x8, 0x1
#4378 0 000000000001043e     fbfd r 0000000000000000 0000000000000000  c.bnez   x15, . - 0xa
#4379 0 0000000000010434 30e78363 r 0000000000000000 0000000000000000  beq      x15, x14, . + 0x306
#4380 0 0000000000010438 00144783 r 000000000000000f 0000000000000025  lbu      x15, 0x1(x8)
#4381 0 000000000001043c     0405 r 0000000000000008 000000000001c464  c.addi   x8, 0x1
#4382 0 000000000001043e     fbfd r 0000000000000000 0000000000000000  c.bnez   x15, . - 0xa
#4383 0 0000000000010434 30e78363 r 0000000000000000 0000000000000000  beq      x15, x14, . + 0x306
#4384 0 000000000001073a 419404bb r 0000000000000009 0000000000000004  subw     x9, x8, x25
#4385 0 000000000001073e d00495e3 r 0000000000000000 0000000000000000  bne      x9, x0, . - 0x2f6
#4386 0 0000000000010448     7712 r 000000000000000e 0000000000000000  c.ldsp   x14, 0x120
#4387 0 000000000001044a 11812783 r 000000000000000f 0000000000000000  lw       x15, 0x118(x2)
#4388 0 000000000001044e 01933023 m 00000000fffff480 000000000001c460  sd       x25, 0x0(x6)
#4389 0 0000000000010452     9726 r 000000000000000e 0000000000000004  c.add    x14, x9
#4390 0 0000000000010454     2785 r 000000000000000f 0000000000000001  c.addiw  x15, 0x1
#4391 0 0000000000010456 00933423 m 00000000fffff488 0000000000000004  sd       x9, 0x8(x6)
#4392 0 000000000001045a     f23a m 00000000fffff410 0000000000000004  c.sdsp   x14, 0x120
#4393 0 000000000001045c 10f12c23 m 00000000fffff408 0000000000000001  sw       x15, 0x118(x2)
#4394 0 0000000000010460 0007871b r 000000000000000e 0000000000000001  addiw    x14, x15, 0
#4395 0 0000000000010464     479d r 000000000000000f 0000000000000007  c.li     x15, 0x7
#4396 0 0000000000010466     0341 r 0000000000000006 00000000fffff490  c.addi   x6, 0x10
#4397 0 0000000000010468 2ee7c063 r 0000000000000000 0000000000000000  blt      x15, x14, . + 0x2e0
#4398 0 000000000001046c     6722 r 000000000000000e 0000000000000000  c.ldsp   x14, 0x8
#4399 0 000000000001046e 00044783 r 000000000000000f 0000000000000025  lbu      x15, 0x0(x8)
#4400 0 0000000000010472     9f25 r 000000000000000e 0000000000000004  c.addw   x14, x9
#4401 0 0000000000010474     e43a m 00000000fffff2f8 0000000000000004  c.sdsp   x14, 0x8
#4402 0 0000000000010476 16078f63 r 0000000000000000 0000000000000000  beq      x15, x0, . + 0x17e
#4403 0 000000000001047a     67f1 r 000000000000000f 000000000001c000  c.lui    x15, 0x1c
#4404 0 000000000001047c 00144e03 r 000000000000001c 0000000000000064  lbu      x28, 0x1(x8)
#4405 0 0000000000010480 0c010fa3 m 00000000fffff3cf 0000000000000000  sb       x0, 0xdf(x2)
#4406 0 0000000000010484     0405 r 0000000000000008 000000000001c465  c.addi   x8, 0x1
#4407 0 0000000000010486     5c7d r 0000000000000018 ffffffffffffffff  c.li     x24, -0x1
#4408 0 0000000000010488     4a81 r 0000000000000015 0000000000000000  c.li     x21, 0x0
#4409 0 000000000001048a     4481 r 0000000000000009 0000000000000000  c.li     x9, 0x0
#4410 0 000000000001048c 05a00993 r 0000000000000013 000000000000005a  addi     x19, x0, 90
#4411 0 0000000000010490 4c878b93 r 0000000000000017 000000000001c4c8  addi     x23, x15, 1224
#4412 0 0000000000010494     4da5 r 000000000000001b 0000000000000009  c.li     x27, 0x9
#4413 0 0000000000010496     0405 r 0000000000000008 000000000001c466  c.addi   x8, 0x1
#4414 0 0000000000010498 000e0d1b r 000000000000001a 0000000000000064  addiw    x26, x28, 0
#4415 0 000000000001049c 02a00613 r 000000000000000c 000000000000002a  addi     x12, x0, 42
#4416 0 00000000000104a0 fe0d079b r 000000000000000f 0000000000000044  addiw    x15, x26, -32
#4417 0 00000000000104a4 0007871b r 000000000000000e 0000000000000044  addiw    x14, x15, 0
#4418 0 00000000000104a8 04e9e363 r 0000000000000000 0000000000000000  bltu     x19, x14, . + 0x46
#4419 0 00000000000104ac 02079713 r 000000000000000e 0000004400000000  slli     x14, x15, 32
#4420 0 00000000000104b0 01e75793 r 000000000000000f 0000000000000110  srli     x15, x14, 30
#4421 0 00000000000104b4     97de r 000000000000000f 000000000001c5d8  c.add    x15, x23
#4422 0 00000000000104b6     439c r 000000000000000f 000000000001068a  c.lw     x15, 0x0(x15)
#4423 0 00000000000104b8     8782 r 0000000000000000 0000000000000000  c.jr     x15
#4424 0 000000000001068a     66c2 r 000000000000000d 00000000fffff598  c.ldsp   x13, 0x10
#4425 0 000000000001068c 0204f793 r 000000000000000f 0000000000000000  andi     x15, x9, 32
#4426 0 0000000000010690 00868713 r 000000000000000e 00000000fffff5a0  addi     x14, x13, 8
#4427 0 0000000000010694 3c078163 r 0000000000000000 0000000000000000  beq      x15, x0, . + 0x3c2
#4428 0 0000000000010a56 0104f793 r 000000000000000f 0000000000000000  andi     x15, x9, 16
#4429 0 0000000000010a5a 7e079f63 r 0000000000000000 0000000000000000  bne      x15, x0, . + 0x7fe
#4430 0 0000000000010a5e 0404f793 r 000000000000000f 0000000000000000  andi     x15, x9, 64
#4431 0 0000000000010a62 380788e3 r 0000000000000000 0000000000000000  beq      x15, x0, . + 0xb90
#4432 0 00000000000115f2 2004f793 r 000000000000000f 0000000000000000  andi     x15, x9, 512
#4433 0 00000000000115f6 24078163 r 0000000000000000 0000000000000000  beq      x15, x0, . + 0x242
#4434 0 0000000000011838     67c2 r 000000000000000f 00000000fffff598  c.ldsp   x15, 0x10
#4435 0 000000000001183a 0007a983 r 0000000000000013 0000000000000004  lw       x19, 0x0(x15)
#4436 0 000000000001183e     87ce r 000000000000000f 0000000000000004  c.mv     x15, x19
#4437 0 0000000000011840 e5dfe06f r 0000000000000000 0000000000000000  j        . - 0x11a4
#4438 0 000000000001069c 3c07cb63 r 0000000000000000 0000000000000000  blt      x15, x0, . + 0x3d6
#4439 0 00000000000106a0     57fd r 000000000000000f ffffffffffffffff  c.li     x15, -0x1
#4440 0 00000000000106a2 3efc00e3 r 0000000000000000 0000000000000000  beq      x24, x15, . + 0xbe0
#4441 0 0000000000011282     e83a m 00000000fffff300 00000000fffff5a0  c.sdsp   x14, 0x10
#4442 0 0000000000011284     47a5 r 000000000000000f 0000000000000009  c.li     x15, 0x9
#4443 0 0000000000011286     8da6 r 000000000000001b 0000000000000000  c.mv     x27, x9
#4444 0 0000000000011288 cb37f8e3 r 0000000000000000 0000000000000000  bgeu     x15, x19, . - 0x350
#4445 0 0000000000010f38 0309899b r 0000000000000013 0000000000000034  addiw    x19, x19, 48
#4446 0 0000000000010f3c 193105a3 m 00000000fffff47b 0000000000000034  sb       x19, 0x18b(x2)
#4447 0 0000000000010f40     84ee r 0000000000000009 0000000000000000  c.mv     x9, x27
#4448 0 0000000000010f42     4b85 r 0000000000000017 0000000000000001  c.li     x23, 0x1
#4449 0 0000000000010f44 18b10c93 r 0000000000000019 00000000fffff47b  addi     x25, x2, 395
#4450 0 0000000000010f48 f7aff06f r 0000000000000000 0000000000000000  j        . - 0x886
#4451 0 00000000000106c2 0df14783 r 000000000000000f 0000000000000000  lbu      x15, 0xdf(x2)
#4452 0 00000000000106c6 000b899b r 0000000000000013 0000000000000001  addiw    x19, x23, 0
#4453 0 00000000000106ca 018bd463 r 0000000000000000 0000000000000000  bge      x23, x24, . + 0x8
#4454 0 00000000000106d2     ec02 m 00000000fffff308 0000000000000000  c.sdsp   x0, 0x18
#4455 0 00000000000106d4     e482 m 00000000fffff338 0000000000000000  c.sdsp   x0, 0x48
#4456 0 00000000000106d6     ec82 m 00000000fffff348 0000000000000000  c.sdsp   x0, 0x58
#4457 0 00000000000106d8     e882 m 00000000fffff340 0000000000000000  c.sdsp   x0, 0x50
#4458 0 00000000000106da e20789e3 r 0000000000000000 0000000000000000  beq      x15, x0, . - 0x1ce
#4459 0 000000000001050c 0024f293 r 0000000000000005 0000000000000000  andi     x5, x9, 2
#4460 0 0000000000010510 00028363 r 0000000000000000 0000000000000000  beq      x5, x0, . + 0x6
#4461 0 0000000000010516 0844fd93 r 000000000000001b 0000000000000000  andi     x27, x9, 132
#4462 0 000000000001051a     7792 r 000000000000000f 0000000000000004  c.ldsp   x15, 0x120
#4463 0 000000000001051c 000d9663 r 0000000000000000 0000000000000000  bne      x27, x0, . + 0xc
#4464 0 0000000000010520 413a86bb r 000000000000000d ffffffffffffffff  subw     x13, x21, x19
#4465 0 0000000000010524 22d044e3 r 0000000000000000 0000000000000000  blt      x0, x13, . + 0xa28
#4466 0 0000000000010528 0df14703 r 000000000000000e 0000000000000000  lbu      x14, 0xdf(x2)
#4467 0 000000000001052c     c70d r 0000000000000000 0000000000000000  c.beqz   x14, . + 0x2a
#4468 0 0000000000010556 02028563 r 0000000000000000 0000000000000000  beq      x5, x0, . + 0x2a
#4469 0 0000000000010580 08000713 r 000000000000000e 0000000000000080  addi     x14, x0, 128
#4470 0 0000000000010584 06ed8ae3 r 0000000000000000 0000000000000000  beq      x27, x14, . + 0x874
#4471 0 0000000000010588 417c0c3b r 0000000000000018 fffffffffffffffe  subw     x24, x24, x23
#4472 0 000000000001058c 0f804ee3 r 0000000000000000 0000000000000000  blt      x0, x24, . + 0x8fc
#4473 0 0000000000010590 1004f713 r 000000000000000e 0000000000000000  andi     x14, x9, 256
#4474 0 0000000000010594 78071b63 r 0000000000000000 0000000000000000  bne      x14, x0, . + 0x796
#4475 0 0000000000010598 11812703 r 000000000000000e 0000000000000001  lw       x14, 0x118(x2)
#4476 0 000000000001059c     97de r 000000000000000f 0000000000000005  c.add    x15, x23
#4477 0 000000000001059e 01933023 m 00000000fffff490 00000000fffff47b  sd       x25, 0x0(x6)
#4478 0 00000000000105a2 0017069b r 000000000000000d 0000000000000002  addiw    x13, x14, 1
#4479 0 00000000000105a6     8736 r 000000000000000e 0000000000000002  c.mv     x14, x13
#4480 0 00000000000105a8 01733423 m 00000000fffff498 0000000000000001  sd       x23, 0x8(x6)
#4481 0 00000000000105ac 10e12c23 m 00000000fffff408 0000000000000002  sw       x14, 0x118(x2)
#4482 0 00000000000105b0     f23e m 00000000fffff410 0000000000000005  c.sdsp   x15, 0x120
#4483 0 00000000000105b2     471d r 000000000000000e 0000000000000007  c.li     x14, 0x7
#4484 0 00000000000105b4 46d74863 r 0000000000000000 0000000000000000  blt      x14, x13, . + 0x470
#4485 0 00000000000105b8     0341 r 0000000000000006 00000000fffff4a0  c.addi   x6, 0x10
#4486 0 00000000000105ba     8891 r 0000000000000009 0000000000000000  c.andi   x9, 0x4
#4487 0 00000000000105bc     c489 r 0000000000000000 0000000000000000  c.beqz   x9, . + 0xa
#4488 0 00000000000105c6     8756 r 000000000000000e 0000000000000000  c.mv     x14, x21
#4489 0 00000000000105c8 013ad363 r 0000000000000000 0000000000000000  bge      x21, x19, . + 0x6
#4490 0 00000000000105cc     874e r 000000000000000e 0000000000000001  c.mv     x14, x19
#4491 0 00000000000105ce     66a2 r 000000000000000d 0000000000000004  c.ldsp   x13, 0x8
#4492 0 00000000000105d0     9f35 r 000000000000000e 0000000000000005  c.addw   x14, x13
#4493 0 00000000000105d2     e43a m 00000000fffff2f8 0000000000000005  c.sdsp   x14, 0x8
#4494 0 00000000000105d4 12079be3 r 0000000000000000 0000000000000000  bne      x15, x0, . + 0x936
#4495 0 0000000000010f0a     0a10 r 000000000000000c 00000000fffff400  c.addi4spn  x12, 0x44
#4496 0 0000000000010f0c     85ca r 000000000000000b 000000000001e878  c.mv     x11, x18
#4497 0 0000000000010f0e     8552 r 000000000000000a 000000000001e290  c.mv     x10, x20
#4498 0 0000000000010f10 18c070ef r 0000000000000001 0000000000010f14  jal      x1, . + 0x718c
#4499 0 000000000001809c     6a18 r 000000000000000e 0000000000000005  c.ld     x14, 0x10(x12)
#4500 0 000000000001809e     c311 r 0000000000000000 0000000000000000  c.beqz   x14, . + 0x4
#4501 0 00000000000180a0     bfa1 r 0000000000000000 0000000000000000  c.j      . - 0xa8
#4502 0 0000000000017ff8 0ac5a783 r 000000000000000f 0000000000000000  lw       x15, 0xac(x11)
#4503 0 0000000000017ffc     715d r 0000000000000002 00000000fffff2a0  c.addi16sp -0x5
#4504 0 0000000000017ffe     6709 r 000000000000000e 0000000000002000  c.lui    x14, 0x2
#4505 0 0000000000018000     ec56 m 00000000fffff2b8 0000000000000000  c.sdsp   x21, 0x18
#4506 0 0000000000018002     e486 m 00000000fffff2e8 0000000000010f14  c.sdsp   x1, 0x48
#4507 0 0000000000018004     e0a2 m 00000000fffff2e0 000000000001c466  c.sdsp   x8, 0x40
#4508 0 0000000000018006     fc26 m 00000000fffff2d8 0000000000000000  c.sdsp   x9, 0x38
#4509 0 0000000000018008     f84a m 00000000fffff2d0 000000000001e878  c.sdsp   x18, 0x30
#4510 0 000000000001800a     f44e m 00000000fffff2c8 0000000000000001  c.sdsp   x19, 0x28
#4511 0 000000000001800c     f052 m 00000000fffff2c0 000000000001e290  c.sdsp   x20, 0x20
#4512 0 000000000001800e     e85a m 00000000fffff2b0 00000000fffff480  c.sdsp   x22, 0x10
#4513 0 0000000000018010     e45e m 00000000fffff2a8 0000000000000001  c.sdsp   x23, 0x8
#4514 0 0000000000018012     8ff9 r 000000000000000f 0000000000000000  c.and    x15, x14
#4515 0 0000000000018014     8ab2 r 0000000000000015 00000000fffff400  c.mv     x21, x12
#4516 0 0000000000018016     c3c1 r 0000000000000000 0000000000000000  c.beqz   x15, . + 0x80
#4517 0 0000000000018096 146010ef r 0000000000000001 000000000001809a  jal      x1, . + 0x1146
#4518 0 00000000000191dc     6a1c r 000000000000000f 0000000000000005  c.ld     x15, 0x10(x12)
#4519 0 00000000000191de 1a078c63 r 0000000000000000 0000000000000000  beq      x15, x0, . + 0x1b8
#4520 0 00000000000191e2 0105d783 r 000000000000000f 0000000000002889  lhu      x15, 0x10(x11)
#4521 0 00000000000191e6     711d r 0000000000000002 00000000fffff240  c.addi16sp -0x6
#4522 0 00000000000191e8     e8a2 m 00000000fffff290 000000000001c466  c.sdsp   x8, 0x50
#4523 0 00000000000191ea     f852 m 00000000fffff270 000000000001e290  c.sdsp   x20, 0x30
#4524 0 00000000000191ec     f456 m 00000000fffff268 00000000fffff400  c.sdsp   x21, 0x28
#4525 0 00000000000191ee     ec86 m 00000000fffff298 000000000001809a  c.sdsp   x1, 0x58
#4526 0 00000000000191f0     e4a6 m 00000000fffff288 0000000000000000  c.sdsp   x9, 0x48
#4527 0 00000000000191f2     e0ca m 00000000fffff280 000000000001e878  c.sdsp   x18, 0x40
#4528 0 00000000000191f4     fc4e m 00000000fffff278 0000000000000001  c.sdsp   x19, 0x38
#4529 0 00000000000191f6     f05a m 00000000fffff260 00000000fffff480  c.sdsp   x22, 0x20
#4530 0 00000000000191f8     ec5e m 00000000fffff258 0000000000000001  c.sdsp   x23, 0x18
#4531 0 00000000000191fa     e862 m 00000000fffff250 fffffffffffffffe  c.sdsp   x24, 0x10
#4532 0 00000000000191fc     e466 m 00000000fffff248 00000000fffff47b  c.sdsp   x25, 0x8
#4533 0 00000000000191fe     e06a m 00000000fffff240 0000000000000064  c.sdsp   x26, 0x0
#4534 0 0000000000019200 0087f713 r 000000000000000e 0000000000000008  andi     x14, x15, 8
#4535 0 0000000000019204     8a32 r 0000000000000014 00000000fffff400  c.mv     x20, x12
#4536 0 0000000000019206     8aaa r 0000000000000015 000000000001e290  c.mv     x21, x10
#4537 0 0000000000019208     842e r 0000000000000008 000000000001e878  c.mv     x8, x11
#4538 0 000000000001920a     c325 r 0000000000000000 0000000000000000  c.beqz   x14, . + 0x60
#4539 0 000000000001920c     6d98 r 000000000000000e 0000000000020010  c.ld     x14, 0x18(x11)
#4540 0 000000000001920e     cf31 r 0000000000000000 0000000000000000  c.beqz   x14, . + 0x5c
#4541 0 0000000000019210 0027f713 r 000000000000000e 0000000000000000  andi     x14, x15, 2
#4542 0 0000000000019214 000a3903 r 0000000000000012 00000000fffff480  ld       x18, 0x0(x20)
#4543 0 0000000000019218     c735 r 0000000000000000 0000000000000000  c.beqz   x14, . + 0x6c
#4544 0 0000000000019284 0017f713 r 000000000000000e 0000000000000001  andi     x14, x15, 1
#4545 0 0000000000019288     eb35 r 0000000000000000 0000000000000000  c.bnez   x14, . + 0x74
#4546 0 00000000000192fc     4981 r 0000000000000013 0000000000000000  c.li     x19, 0x0
#4547 0 00000000000192fe     4501 r 000000000000000a 0000000000000000  c.li     x10, 0x0
#4548 0 0000000000019300     4c81 r 0000000000000019 0000000000000000  c.li     x25, 0x0
#4549 0 0000000000019302     4c01 r 0000000000000018 0000000000000000  c.li     x24, 0x0
#4550 0 0000000000019304 080c0b63 r 0000000000000000 0000000000000000  beq      x24, x0, . + 0x96
#4551 0 000000000001939a 00893c03 r 0000000000000018 0000000000000004  ld       x24, 0x8(x18)
#4552 0 000000000001939e 00093c83 r 0000000000000019 000000000001c460  ld       x25, 0x0(x18)
#4553 0 00000000000193a2     0941 r 0000000000000012 00000000fffff490  c.addi   x18, 0x10
#4554 0 00000000000193a4 fe0c0be3 r 0000000000000000 0000000000000000  beq      x24, x0, . - 0xa
#4555 0 00000000000193a8     8662 r 000000000000000c 0000000000000004  c.mv     x12, x24
#4556 0 00000000000193aa     45a9 r 000000000000000b 000000000000000a  c.li     x11, 0xa
#4557 0 00000000000193ac     8566 r 000000000000000a 000000000001c460  c.mv     x10, x25
#4558 0 00000000000193ae f7bfb0ef r 0000000000000001 00000000000193b2  jal      x1, . - 0x4086
#4559 0 0000000000015328 00757793 r 000000000000000f 0000000000000000  andi     x15, x10, 7
#4560 0 000000000001532c 0ff5f693 r 000000000000000d 000000000000000a  andi     x13, x11, 255
#4561 0 0000000000015330     c395 r 0000000000000000 0000000000000000  c.beqz   x15, . + 0x24
#4562 0 0000000000015354     87b2 r 000000000000000f 0000000000000004  c.mv     x15, x12
#4563 0 0000000000015356     471d r 000000000000000e 0000000000000007  c.li     x14, 0x7
#4564 0 0000000000015358 00f76f63 r 0000000000000000 0000000000000000  bltu     x14, x15, . + 0x1e
#4565 0 000000000001535c     e399 r 0000000000000000 0000000000000000  c.bnez   x15, . + 0x6
#4566 0 0000000000015362     97aa r 000000000000000f 000000000001c464  c.add    x15, x10
#4567 0 0000000000015364     a021 r 0000000000000000 0000000000000000  c.j      . + 0x8
#4568 0 000000000001536c 00054703 r 000000000000000e 0000000000000069  lbu      x14, 0x0(x10)
#4569 0 0000000000015370 fed71be3 r 0000000000000000 0000000000000000  bne      x14, x13, . - 0xa
#4570 0 0000000000015366     0505 r 000000000000000a 000000000001c461  c.addi   x10, 0x1
#4571 0 0000000000015368 fea78be3 r 0000000000000000 0000000000000000  beq      x15, x10, . - 0xa
#4572 0 000000000001536c 00054703 r 000000000000000e 0000000000000020  lbu      x14, 0x0(x10)
#4573 0 0000000000015370 fed71be3 r 0000000000000000 0000000000000000  bne      x14, x13, . - 0xa
#4574 0 0000000000015366     0505 r 000000000000000a 000000000001c462  c.addi   x10, 0x1
#4575 0 0000000000015368 fea78be3 r 0000000000000000 0000000000000000  beq      x15, x10, . - 0xa
#4576 0 000000000001536c 00054703 r 000000000000000e 000000000000003d  lbu      x14, 0x0(x10)
#4577 0 0000000000015370 fed71be3 r 0000000000000000 0000000000000000  bne      x14, x13, . - 0xa
#4578 0 0000000000015366     0505 r 000000000000000a 000000000001c463  c.addi   x10, 0x1
#4579 0 0000000000015368 fea78be3 r 0000000000000000 0000000000000000  beq      x15, x10, . - 0xa
#4580 0 000000000001536c 00054703 r 000000000000000e 0000000000000020  lbu      x14, 0x0(x10)
#4581 0 0000000000015370 fed71be3 r 0000000000000000 0000000000000000  bne      x14, x13, . - 0xa
#4582 0 0000000000015366     0505 r 000000000000000a 000000000001c464  c.addi   x10, 0x1
#4583 0 0000000000015368 fea78be3 r 0000000000000000 0000000000000000  beq      x15, x10, . - 0xa
#4584 0 000000000001535e     4501 r 000000000000000a 0000000000000000  c.li     x10, 0x0
#4585 0 0000000000015360     8082 r 0000000000000000 0000000000000000  c.jr     x1
#4586 0 00000000000193b2 12050f63 r 0000000000000000 0000000000000000  beq      x10, x0, . + 0x13e
#4587 0 00000000000194f0 001c099b r 0000000000000013 0000000000000005  addiw    x19, x24, 1
#4588 0 00000000000194f4     bd19 r 0000000000000000 0000000000000000  c.j      . - 0x1ea
#4589 0 000000000001930a     8bce r 0000000000000017 0000000000000005  c.mv     x23, x19
#4590 0 000000000001930c 013c7363 r 0000000000000000 0000000000000000  bgeu     x24, x19, . + 0x6
#4591 0 0000000000019310     8be2 r 0000000000000017 0000000000000004  c.mv     x23, x24
#4592 0 0000000000019312     6008 r 000000000000000a 0000000000020010  c.ld     x10, 0x0(x8)
#4593 0 0000000000019314     6c1c r 000000000000000f 0000000000020010  c.ld     x15, 0x18(x8)
#4594 0 0000000000019316     5014 r 000000000000000d 0000000000000400  c.lw     x13, 0x20(x8)
#4595 0 0000000000019318     84de r 0000000000000009 0000000000000004  c.mv     x9, x23
#4596 0 000000000001931a 00a7f763 r 0000000000000000 0000000000000000  bgeu     x15, x10, . + 0xe
#4597 0 0000000000019328 18dbc463 r 0000000000000000 0000000000000000  blt      x23, x13, . + 0x188
#4598 0 00000000000194b0     865e r 000000000000000c 0000000000000004  c.mv     x12, x23
#4599 0 00000000000194b2     85e6 r 000000000000000b 000000000001c460  c.mv     x11, x25
#4600 0 00000000000194b4 1ac000ef r 0000000000000001 00000000000194b8  jal      x1, . + 0x1ac
#4601 0 0000000000019660 02a5f263 r 0000000000000000 0000000000000000  bgeu     x11, x10, . + 0x24
#4602 0 0000000000019664 00c587b3 r 000000000000000f 000000000001c464  add      x15, x11, x12
#4603 0 0000000000019668 00f57e63 r 0000000000000000 0000000000000000  bgeu     x10, x15, . + 0x1c
#4604 0 0000000000019684     47fd r 000000000000000f 000000000000001f  c.li     x15, 0x1f
#4605 0 0000000000019686 02c7e163 r 0000000000000000 0000000000000000  bltu     x15, x12, . + 0x22
#4606 0 000000000001968a     87aa r 000000000000000f 0000000000020010  c.mv     x15, x10
#4607 0 000000000001968c fff60693 r 000000000000000d 0000000000000003  addi     x13, x12, -1
#4608 0 0000000000019690     c245 r 0000000000000000 0000000000000000  c.beqz   x12, . + 0xa0
#4609 0 0000000000019692     0685 r 000000000000000d 0000000000000004  c.addi   x13, 0x1
#4610 0 0000000000019694     96be r 000000000000000d 0000000000020014  c.add    x13, x15
#4611 0 0000000000019696 0005c703 r 000000000000000e 0000000000000069  lbu      x14, 0x0(x11)
#4612 0 000000000001969a     0785 r 000000000000000f 0000000000020011  c.addi   x15, 0x1
#4613 0 000000000001969c     0585 r 000000000000000b 000000000001c461  c.addi   x11, 0x1
#4614 0 000000000001969e fee78fa3 m 0000000000020010 0000000000000069  sb       x14, -0x1(x15)
#4615 0 00000000000196a2 fed79ae3 r 0000000000000000 0000000000000000  bne      x15, x13, . - 0xc
#4616 0 0000000000019696 0005c703 r 000000000000000e 0000000000000020  lbu      x14, 0x0(x11)
#4617 0 000000000001969a     0785 r 000000000000000f 0000000000020012  c.addi   x15, 0x1
#4618 0 000000000001969c     0585 r 000000000000000b 000000000001c462  c.addi   x11, 0x1
#4619 0 000000000001969e fee78fa3 m 0000000000020011 0000000000000020  sb       x14, -0x1(x15)
#4620 0 00000000000196a2 fed79ae3 r 0000000000000000 0000000000000000  bne      x15, x13, . - 0xc
#4621 0 0000000000019696 0005c703 r 000000000000000e 000000000000003d  lbu      x14, 0x0(x11)
#4622 0 000000000001969a     0785 r 000000000000000f 0000000000020013  c.addi   x15, 0x1
#4623 0 000000000001969c     0585 r 000000000000000b 000000000001c463  c.addi   x11, 0x1
#4624 0 000000000001969e fee78fa3 m 0000000000020012 000000000000003d  sb       x14, -0x1(x15)
#4625 0 00000000000196a2 fed79ae3 r 0000000000000000 0000000000000000  bne      x15, x13, . - 0xc
#4626 0 0000000000019696 0005c703 r 000000000000000e 0000000000000020  lbu      x14, 0x0(x11)
#4627 0 000000000001969a     0785 r 000000000000000f 0000000000020014  c.addi   x15, 0x1
#4628 0 000000000001969c     0585 r 000000000000000b 000000000001c464  c.addi   x11, 0x1
#4629 0 000000000001969e fee78fa3 m 0000000000020013 0000000000000020  sb       x14, -0x1(x15)
#4630 0 00000000000196a2 fed79ae3 r 0000000000000000 0000000000000000  bne      x15, x13, . - 0xc
#4631 0 00000000000196a6     8082 r 0000000000000000 0000000000000000  c.jr     x1
#4632 0 00000000000194b8     4454 r 000000000000000d 0000000000000000  c.lw     x13, 0xc(x8)
#4633 0 00000000000194ba     6018 r 000000000000000e 0000000000020010  c.ld     x14, 0x0(x8)
#4634 0 00000000000194bc 000b879b r 000000000000000f 0000000000000004  addiw    x15, x23, 0
#4635 0 00000000000194c0 417686bb r 000000000000000d fffffffffffffffc  subw     x13, x13, x23
#4636 0 00000000000194c4     975e r 000000000000000e 0000000000020014  c.add    x14, x23
#4637 0 00000000000194c6     c454 m 000000000001e884 00000000fffffffc  c.sw     x13, 0xc(x8)
#4638 0 00000000000194c8     e018 m 000000000001e878 0000000000020014  c.sd     x14, 0x0(x8)
#4639 0 00000000000194ca     bd9d r 0000000000000000 0000000000000000  c.j      . - 0x18a
#4640 0 0000000000019340 40f989bb r 0000000000000013 0000000000000001  subw     x19, x19, x15
#4641 0 0000000000019344     4505 r 000000000000000a 0000000000000001  c.li     x10, 0x1
#4642 0 0000000000019346 02098b63 r 0000000000000000 0000000000000000  beq      x19, x0, . + 0x36
#4643 0 000000000001934a 010a3783 r 000000000000000f 0000000000000005  ld       x15, 0x10(x20)
#4644 0 000000000001934e     9ca6 r 0000000000000019 000000000001c464  c.add    x25, x9
#4645 0 0000000000019350 409c0c33 r 0000000000000018 0000000000000000  sub      x24, x24, x9
#4646 0 0000000000019354 409784b3 r 0000000000000009 0000000000000001  sub      x9, x15, x9
#4647 0 0000000000019358 009a3823 m 00000000fffff410 0000000000000001  sd       x9, 0x10(x20)
#4648 0 000000000001935c     f4c5 r 0000000000000000 0000000000000000  c.bnez   x9, . - 0x58
#4649 0 0000000000019304 080c0b63 r 0000000000000000 0000000000000000  beq      x24, x0, . + 0x96
#4650 0 000000000001939a 00893c03 r 0000000000000018 0000000000000001  ld       x24, 0x8(x18)
#4651 0 000000000001939e 00093c83 r 0000000000000019 00000000fffff47b  ld       x25, 0x0(x18)
#4652 0 00000000000193a2     0941 r 0000000000000012 00000000fffff4a0  c.addi   x18, 0x10
#4653 0 00000000000193a4 fe0c0be3 r 0000000000000000 0000000000000000  beq      x24, x0, . - 0xa
#4654 0 00000000000193a8     8662 r 000000000000000c 0000000000000001  c.mv     x12, x24
#4655 0 00000000000193aa     45a9 r 000000000000000b 000000000000000a  c.li     x11, 0xa
#4656 0 00000000000193ac     8566 r 000000000000000a 00000000fffff47b  c.mv     x10, x25
#4657 0 00000000000193ae f7bfb0ef r 0000000000000001 00000000000193b2  jal      x1, . - 0x4086
#4658 0 0000000000015328 00757793 r 000000000000000f 0000000000000003  andi     x15, x10, 7
#4659 0 000000000001532c 0ff5f693 r 000000000000000d 000000000000000a  andi     x13, x11, 255
#4660 0 0000000000015330     c395 r 0000000000000000 0000000000000000  c.beqz   x15, . + 0x24
#4661 0 0000000000015332 fff60793 r 000000000000000f 0000000000000000  addi     x15, x12, -1
#4662 0 0000000000015336     c605 r 0000000000000000 0000000000000000  c.beqz   x12, . + 0x28
#4663 0 0000000000015338     567d r 000000000000000c ffffffffffffffff  c.li     x12, -0x1
#4664 0 000000000001533a     a801 r 0000000000000000 0000000000000000  c.j      . + 0x10
#4665 0 000000000001534a 00054703 r 000000000000000e 0000000000000034  lbu      x14, 0x0(x10)
#4666 0 000000000001534e fed717e3 r 0000000000000000 0000000000000000  bne      x14, x13, . - 0x12
#4667 0 000000000001533c     0505 r 000000000000000a 00000000fffff47c  c.addi   x10, 0x1
#4668 0 000000000001533e 00757713 r 000000000000000e 0000000000000004  andi     x14, x10, 7
#4669 0 0000000000015342     cb11 r 0000000000000000 0000000000000000  c.beqz   x14, . + 0x14
#4670 0 0000000000015344     17fd r 000000000000000f ffffffffffffffff  c.addi   x15, -0x1
#4671 0 0000000000015346 00c78c63 r 0000000000000000 0000000000000000  beq      x15, x12, . + 0x18
#4672 0 000000000001535e     4501 r 000000000000000a 0000000000000000  c.li     x10, 0x0
#4673 0 0000000000015360     8082 r 0000000000000000 0000000000000000  c.jr     x1
#4674 0 00000000000193b2 12050f63 r 0000000000000000 0000000000000000  beq      x10, x0, . + 0x13e
#4675 0 00000000000194f0 001c099b r 0000000000000013 0000000000000002  addiw    x19, x24, 1
#4676 0 00000000000194f4     bd19 r 0000000000000000 0000000000000000  c.j      . - 0x1ea
#4677 0 000000000001930a     8bce r 0000000000000017 0000000000000002  c.mv     x23, x19
#4678 0 000000000001930c 013c7363 r 0000000000000000 0000000000000000  bgeu     x24, x19, . + 0x6
#4679 0 0000000000019310     8be2 r 0000000000000017 0000000000000001  c.mv     x23, x24
#4680 0 0000000000019312     6008 r 000000000000000a 0000000000020014  c.ld     x10, 0x0(x8)
#4681 0 0000000000019314     6c1c r 000000000000000f 0000000000020010  c.ld     x15, 0x18(x8)
#4682 0 0000000000019316     5014 r 000000000000000d 0000000000000400  c.lw     x13, 0x20(x8)
#4683 0 0000000000019318     84de r 0000000000000009 0000000000000001  c.mv     x9, x23
#4684 0 000000000001931a 00a7f763 r 0000000000000000 0000000000000000  bgeu     x15, x10, . + 0xe
#4685 0 000000000001931e     445c r 000000000000000f fffffffffffffffc  c.lw     x15, 0xc(x8)
#4686 0 0000000000019320 00d78b3b r 0000000000000016 00000000000003fc  addw     x22, x15, x13
#4687 0 0000000000019324 097b4d63 r 0000000000000000 0000000000000000  blt      x22, x23, . + 0x9a
#4688 0 0000000000019328 18dbc463 r 0000000000000000 0000000000000000  blt      x23, x13, . + 0x188
#4689 0 00000000000194b0     865e r 000000000000000c 0000000000000001  c.mv     x12, x23
#4690 0 00000000000194b2     85e6 r 000000000000000b 00000000fffff47b  c.mv     x11, x25
#4691 0 00000000000194b4 1ac000ef r 0000000000000001 00000000000194b8  jal      x1, . + 0x1ac
#4692 0 0000000000019660 02a5f263 r 0000000000000000 0000000000000000  bgeu     x11, x10, . + 0x24
#4693 0 0000000000019684     47fd r 000000000000000f 000000000000001f  c.li     x15, 0x1f
#4694 0 0000000000019686 02c7e163 r 0000000000000000 0000000000000000  bltu     x15, x12, . + 0x22
#4695 0 000000000001968a     87aa r 000000000000000f 0000000000020014  c.mv     x15, x10
#4696 0 000000000001968c fff60693 r 000000000000000d 0000000000000000  addi     x13, x12, -1
#4697 0 0000000000019690     c245 r 0000000000000000 0000000000000000  c.beqz   x12, . + 0xa0
#4698 0 0000000000019692     0685 r 000000000000000d 0000000000000001  c.addi   x13, 0x1
#4699 0 0000000000019694     96be r 000000000000000d 0000000000020015  c.add    x13, x15
#4700 0 0000000000019696 0005c703 r 000000000000000e 0000000000000034  lbu      x14, 0x0(x11)
#4701 0 000000000001969a     0785 r 000000000000000f 0000000000020015  c.addi   x15, 0x1
#4702 0 000000000001969c     0585 r 000000000000000b 00000000fffff47c  c.addi   x11, 0x1
#4703 0 000000000001969e fee78fa3 m 0000000000020014 0000000000000034  sb       x14, -0x1(x15)
#4704 0 00000000000196a2 fed79ae3 r 0000000000000000 0000000000000000  bne      x15, x13, . - 0xc
#4705 0 00000000000196a6     8082 r 0000000000000000 0000000000000000  c.jr     x1
#4706 0 00000000000194b8     4454 r 000000000000000d fffffffffffffffc  c.lw     x13, 0xc(x8)
#4707 0 00000000000194ba     6018 r 000000000000000e 0000000000020014  c.ld     x14, 0x0(x8)
#4708 0 00000000000194bc 000b879b r 000000000000000f 0000000000000001  addiw    x15, x23, 0
#4709 0 00000000000194c0 417686bb r 000000000000000d fffffffffffffffb  subw     x13, x13, x23
#4710 0 00000000000194c4     975e r 000000000000000e 0000000000020015  c.add    x14, x23
#4711 0 00000000000194c6     c454 m 000000000001e884 00000000fffffffb  c.sw     x13, 0xc(x8)
#4712 0 00000000000194c8     e018 m 000000000001e878 0000000000020015  c.sd     x14, 0x0(x8)
#4713 0 00000000000194ca     bd9d r 0000000000000000 0000000000000000  c.j      . - 0x18a
#4714 0 0000000000019340 40f989bb r 0000000000000013 0000000000000001  subw     x19, x19, x15
#4715 0 0000000000019344     4505 r 000000000000000a 0000000000000001  c.li     x10, 0x1
#4716 0 0000000000019346 02098b63 r 0000000000000000 0000000000000000  beq      x19, x0, . + 0x36
#4717 0 000000000001934a 010a3783 r 000000000000000f 0000000000000001  ld       x15, 0x10(x20)
#4718 0 000000000001934e     9ca6 r 0000000000000019 00000000fffff47c  c.add    x25, x9
#4719 0 0000000000019350 409c0c33 r 0000000000000018 0000000000000000  sub      x24, x24, x9
#4720 0 0000000000019354 409784b3 r 0000000000000009 0000000000000000  sub      x9, x15, x9
#4721 0 0000000000019358 009a3823 m 00000000fffff410 0000000000000000  sd       x9, 0x10(x20)
#4722 0 000000000001935c     f4c5 r 0000000000000000 0000000000000000  c.bnez   x9, . - 0x58
#4723 0 000000000001935e     4501 r 000000000000000a 0000000000000000  c.li     x10, 0x0
#4724 0 0000000000019360     60e6 r 0000000000000001 000000000001809a  c.ldsp   x1, 0x58
#4725 0 0000000000019362     6446 r 0000000000000008 000000000001c466  c.ldsp   x8, 0x50
#4726 0 0000000000019364     64a6 r 0000000000000009 0000000000000000  c.ldsp   x9, 0x48
#4727 0 0000000000019366     6906 r 0000000000000012 000000000001e878  c.ldsp   x18, 0x40
#4728 0 0000000000019368     79e2 r 0000000000000013 0000000000000001  c.ldsp   x19, 0x38
#4729 0 000000000001936a     7a42 r 0000000000000014 000000000001e290  c.ldsp   x20, 0x30
#4730 0 000000000001936c     7aa2 r 0000000000000015 00000000fffff400  c.ldsp   x21, 0x28
#4731 0 000000000001936e     7b02 r 0000000000000016 00000000fffff480  c.ldsp   x22, 0x20
#4732 0 0000000000019370     6be2 r 0000000000000017 0000000000000001  c.ldsp   x23, 0x18
#4733 0 0000000000019372     6c42 r 0000000000000018 fffffffffffffffe  c.ldsp   x24, 0x10
#4734 0 0000000000019374     6ca2 r 0000000000000019 00000000fffff47b  c.ldsp   x25, 0x8
#4735 0 0000000000019376     6d02 r 000000000000001a 0000000000000064  c.ldsp   x26, 0x0
#4736 0 0000000000019378     6125 r 0000000000000002 00000000fffff2a0  c.addi16sp 0x6
#4737 0 000000000001937a     8082 r 0000000000000000 0000000000000000  c.jr     x1
#4738 0 000000000001809a     b7e1 r 0000000000000000 0000000000000000  c.j      . - 0x38
#4739 0 0000000000018062     60a6 r 0000000000000001 0000000000010f14  c.ldsp   x1, 0x48
#4740 0 0000000000018064     6406 r 0000000000000008 000000000001c466  c.ldsp   x8, 0x40
#4741 0 0000000000018066 000ab823 m 00000000fffff410 0000000000000000  sd       x0, 0x10(x21)
#4742 0 000000000001806a 000aa423 m 00000000fffff408 0000000000000000  sw       x0, 0x8(x21)
#4743 0 000000000001806e     74e2 r 0000000000000009 0000000000000000  c.ldsp   x9, 0x38
#4744 0 0000000000018070     7942 r 0000000000000012 000000000001e878  c.ldsp   x18, 0x30
#4745 0 0000000000018072     79a2 r 0000000000000013 0000000000000001  c.ldsp   x19, 0x28
#4746 0 0000000000018074     7a02 r 0000000000000014 000000000001e290  c.ldsp   x20, 0x20
#4747 0 0000000000018076     6ae2 r 0000000000000015 0000000000000000  c.ldsp   x21, 0x18
#4748 0 0000000000018078     6b42 r 0000000000000016 00000000fffff480  c.ldsp   x22, 0x10
#4749 0 000000000001807a     6ba2 r 0000000000000017 0000000000000001  c.ldsp   x23, 0x8
#4750 0 000000000001807c     6161 r 0000000000000002 00000000fffff2f0  c.addi16sp 0x5
#4751 0 000000000001807e     8082 r 0000000000000000 0000000000000000  c.jr     x1
#4752 0 0000000000010f14 ec050263 r 0000000000000000 0000000000000000  beq      x10, x0, . - 0x93c
#4753 0 00000000000105d8     67e2 r 000000000000000f 0000000000000000  c.ldsp   x15, 0x18
#4754 0 00000000000105da 10012c23 m 00000000fffff408 0000000000000000  sw       x0, 0x118(x2)
#4755 0 00000000000105de     c789 r 0000000000000000 0000000000000000  c.beqz   x15, . + 0xa
#4756 0 00000000000105e8     835a r 0000000000000006 00000000fffff480  c.mv     x6, x22
#4757 0 00000000000105ea     8ca2 r 0000000000000019 000000000001c466  c.mv     x25, x8
#4758 0 00000000000105ec 000cc783 r 000000000000000f 000000000000000a  lbu      x15, 0x0(x25)
#4759 0 00000000000105f0 e2079fe3 r 0000000000000000 0000000000000000  bne      x15, x0, . - 0x1c2
#4760 0 000000000001042e     8466 r 0000000000000008 000000000001c466  c.mv     x8, x25
#4761 0 0000000000010430 02500713 r 000000000000000e 0000000000000025  addi     x14, x0, 37
#4762 0 0000000000010434 30e78363 r 0000000000000000 0000000000000000  beq      x15, x14, . + 0x306
#4763 0 0000000000010438 00144783 r 000000000000000f 0000000000000000  lbu      x15, 0x1(x8)
#4764 0 000000000001043c     0405 r 0000000000000008 000000000001c467  c.addi   x8, 0x1
#4765 0 000000000001043e     fbfd r 0000000000000000 0000000000000000  c.bnez   x15, . - 0xa
#4766 0 0000000000010440 419404bb r 0000000000000009 0000000000000001  subw     x9, x8, x25
#4767 0 0000000000010444 1a048863 r 0000000000000000 0000000000000000  beq      x9, x0, . + 0x1b0
#4768 0 0000000000010448     7712 r 000000000000000e 0000000000000000  c.ldsp   x14, 0x120
#4769 0 000000000001044a 11812783 r 000000000000000f 0000000000000000  lw       x15, 0x118(x2)
#4770 0 000000000001044e 01933023 m 00000000fffff480 000000000001c466  sd       x25, 0x0(x6)
#4771 0 0000000000010452     9726 r 000000000000000e 0000000000000001  c.add    x14, x9
#4772 0 0000000000010454     2785 r 000000000000000f 0000000000000001  c.addiw  x15, 0x1
#4773 0 0000000000010456 00933423 m 00000000fffff488 0000000000000001  sd       x9, 0x8(x6)
#4774 0 000000000001045a     f23a m 00000000fffff410 0000000000000001  c.sdsp   x14, 0x120
#4775 0 000000000001045c 10f12c23 m 00000000fffff408 0000000000000001  sw       x15, 0x118(x2)
#4776 0 0000000000010460 0007871b r 000000000000000e 0000000000000001  addiw    x14, x15, 0
#4777 0 0000000000010464     479d r 000000000000000f 0000000000000007  c.li     x15, 0x7
#4778 0 0000000000010466     0341 r 0000000000000006 00000000fffff490  c.addi   x6, 0x10
#4779 0 0000000000010468 2ee7c063 r 0000000000000000 0000000000000000  blt      x15, x14, . + 0x2e0
#4780 0 000000000001046c     6722 r 000000000000000e 0000000000000005  c.ldsp   x14, 0x8
#4781 0 000000000001046e 00044783 r 000000000000000f 0000000000000000  lbu      x15, 0x0(x8)
#4782 0 0000000000010472     9f25 r 000000000000000e 0000000000000006  c.addw   x14, x9
#4783 0 0000000000010474     e43a m 00000000fffff2f8 0000000000000006  c.sdsp   x14, 0x8
#4784 0 0000000000010476 16078f63 r 0000000000000000 0000000000000000  beq      x15, x0, . + 0x17e
#4785 0 00000000000105f4     7792 r 000000000000000f 0000000000000001  c.ldsp   x15, 0x120
#4786 0 00000000000105f6     c399 r 0000000000000000 0000000000000000  c.beqz   x15, . + 0x6
#4787 0 00000000000105f8 2620106f r 0000000000000000 0000000000000000  j        . + 0x1262
#4788 0 000000000001185a     0a10 r 000000000000000c 00000000fffff400  c.addi4spn  x12, 0x44
#4789 0 000000000001185c     85ca r 000000000000000b 000000000001e878  c.mv     x11, x18
#4790 0 000000000001185e     8552 r 000000000000000a 000000000001e290  c.mv     x10, x20
#4791 0 0000000000011860 03d060ef r 0000000000000001 0000000000011864  jal      x1, . + 0x683c
#4792 0 000000000001809c     6a18 r 000000000000000e 0000000000000001  c.ld     x14, 0x10(x12)
#4793 0 000000000001809e     c311 r 0000000000000000 0000000000000000  c.beqz   x14, . + 0x4
#4794 0 00000000000180a0     bfa1 r 0000000000000000 0000000000000000  c.j      . - 0xa8
#4795 0 0000000000017ff8 0ac5a783 r 000000000000000f 0000000000000000  lw       x15, 0xac(x11)
#4796 0 0000000000017ffc     715d r 0000000000000002 00000000fffff2a0  c.addi16sp -0x5
#4797 0 0000000000017ffe     6709 r 000000000000000e 0000000000002000  c.lui    x14, 0x2
#4798 0 0000000000018000     ec56 m 00000000fffff2b8 0000000000000000  c.sdsp   x21, 0x18
#4799 0 0000000000018002     e486 m 00000000fffff2e8 0000000000011864  c.sdsp   x1, 0x48
#4800 0 0000000000018004     e0a2 m 00000000fffff2e0 000000000001c467  c.sdsp   x8, 0x40
#4801 0 0000000000018006     fc26 m 00000000fffff2d8 0000000000000001  c.sdsp   x9, 0x38
#4802 0 0000000000018008     f84a m 00000000fffff2d0 000000000001e878  c.sdsp   x18, 0x30
#4803 0 000000000001800a     f44e m 00000000fffff2c8 0000000000000001  c.sdsp   x19, 0x28
#4804 0 000000000001800c     f052 m 00000000fffff2c0 000000000001e290  c.sdsp   x20, 0x20
#4805 0 000000000001800e     e85a m 00000000fffff2b0 00000000fffff480  c.sdsp   x22, 0x10
#4806 0 0000000000018010     e45e m 00000000fffff2a8 0000000000000001  c.sdsp   x23, 0x8
#4807 0 0000000000018012     8ff9 r 000000000000000f 0000000000000000  c.and    x15, x14
#4808 0 0000000000018014     8ab2 r 0000000000000015 00000000fffff400  c.mv     x21, x12
#4809 0 0000000000018016     c3c1 r 0000000000000000 0000000000000000  c.beqz   x15, . + 0x80
#4810 0 0000000000018096 146010ef r 0000000000000001 000000000001809a  jal      x1, . + 0x1146
#4811 0 00000000000191dc     6a1c r 000000000000000f 0000000000000001  c.ld     x15, 0x10(x12)
#4812 0 00000000000191de 1a078c63 r 0000000000000000 0000000000000000  beq      x15, x0, . + 0x1b8
#4813 0 00000000000191e2 0105d783 r 000000000000000f 0000000000002889  lhu      x15, 0x10(x11)
#4814 0 00000000000191e6     711d r 0000000000000002 00000000fffff240  c.addi16sp -0x6
#4815 0 00000000000191e8     e8a2 m 00000000fffff290 000000000001c467  c.sdsp   x8, 0x50
#4816 0 00000000000191ea     f852 m 00000000fffff270 000000000001e290  c.sdsp   x20, 0x30
#4817 0 00000000000191ec     f456 m 00000000fffff268 00000000fffff400  c.sdsp   x21, 0x28
#4818 0 00000000000191ee     ec86 m 00000000fffff298 000000000001809a  c.sdsp   x1, 0x58
#4819 0 00000000000191f0     e4a6 m 00000000fffff288 0000000000000001  c.sdsp   x9, 0x48
#4820 0 00000000000191f2     e0ca m 00000000fffff280 000000000001e878  c.sdsp   x18, 0x40
#4821 0 00000000000191f4     fc4e m 00000000fffff278 0000000000000001  c.sdsp   x19, 0x38
#4822 0 00000000000191f6     f05a m 00000000fffff260 00000000fffff480  c.sdsp   x22, 0x20
#4823 0 00000000000191f8     ec5e m 00000000fffff258 0000000000000001  c.sdsp   x23, 0x18
#4824 0 00000000000191fa     e862 m 00000000fffff250 fffffffffffffffe  c.sdsp   x24, 0x10
#4825 0 00000000000191fc     e466 m 00000000fffff248 000000000001c466  c.sdsp   x25, 0x8
#4826 0 00000000000191fe     e06a m 00000000fffff240 0000000000000064  c.sdsp   x26, 0x0
#4827 0 0000000000019200 0087f713 r 000000000000000e 0000000000000008  andi     x14, x15, 8
#4828 0 0000000000019204     8a32 r 0000000000000014 00000000fffff400  c.mv     x20, x12
#4829 0 0000000000019206     8aaa r 0000000000000015 000000000001e290  c.mv     x21, x10
#4830 0 0000000000019208     842e r 0000000000000008 000000000001e878  c.mv     x8, x11
#4831 0 000000000001920a     c325 r 0000000000000000 0000000000000000  c.beqz   x14, . + 0x60
#4832 0 000000000001920c     6d98 r 000000000000000e 0000000000020010  c.ld     x14, 0x18(x11)
#4833 0 000000000001920e     cf31 r 0000000000000000 0000000000000000  c.beqz   x14, . + 0x5c
#4834 0 0000000000019210 0027f713 r 000000000000000e 0000000000000000  andi     x14, x15, 2
#4835 0 0000000000019214 000a3903 r 0000000000000012 00000000fffff480  ld       x18, 0x0(x20)
#4836 0 0000000000019218     c735 r 0000000000000000 0000000000000000  c.beqz   x14, . + 0x6c
#4837 0 0000000000019284 0017f713 r 000000000000000e 0000000000000001  andi     x14, x15, 1
#4838 0 0000000000019288     eb35 r 0000000000000000 0000000000000000  c.bnez   x14, . + 0x74
#4839 0 00000000000192fc     4981 r 0000000000000013 0000000000000000  c.li     x19, 0x0
#4840 0 00000000000192fe     4501 r 000000000000000a 0000000000000000  c.li     x10, 0x0
#4841 0 0000000000019300     4c81 r 0000000000000019 0000000000000000  c.li     x25, 0x0
#4842 0 0000000000019302     4c01 r 0000000000000018 0000000000000000  c.li     x24, 0x0
#4843 0 0000000000019304 080c0b63 r 0000000000000000 0000000000000000  beq      x24, x0, . + 0x96
#4844 0 000000000001939a 00893c03 r 0000000000000018 0000000000000001  ld       x24, 0x8(x18)
#4845 0 000000000001939e 00093c83 r 0000000000000019 000000000001c466  ld       x25, 0x0(x18)
#4846 0 00000000000193a2     0941 r 0000000000000012 00000000fffff490  c.addi   x18, 0x10
#4847 0 00000000000193a4 fe0c0be3 r 0000000000000000 0000000000000000  beq      x24, x0, . - 0xa
#4848 0 00000000000193a8     8662 r 000000000000000c 0000000000000001  c.mv     x12, x24
#4849 0 00000000000193aa     45a9 r 000000000000000b 000000000000000a  c.li     x11, 0xa
#4850 0 00000000000193ac     8566 r 000000000000000a 000000000001c466  c.mv     x10, x25
#4851 0 00000000000193ae f7bfb0ef r 0000000000000001 00000000000193b2  jal      x1, . - 0x4086
#4852 0 0000000000015328 00757793 r 000000000000000f 0000000000000006  andi     x15, x10, 7
#4853 0 000000000001532c 0ff5f693 r 000000000000000d 000000000000000a  andi     x13, x11, 255
#4854 0 0000000000015330     c395 r 0000000000000000 0000000000000000  c.beqz   x15, . + 0x24
#4855 0 0000000000015332 fff60793 r 000000000000000f 0000000000000000  addi     x15, x12, -1
#4856 0 0000000000015336     c605 r 0000000000000000 0000000000000000  c.beqz   x12, . + 0x28
#4857 0 0000000000015338     567d r 000000000000000c ffffffffffffffff  c.li     x12, -0x1
#4858 0 000000000001533a     a801 r 0000000000000000 0000000000000000  c.j      . + 0x10
#4859 0 000000000001534a 00054703 r 000000000000000e 000000000000000a  lbu      x14, 0x0(x10)
#4860 0 000000000001534e fed717e3 r 0000000000000000 0000000000000000  bne      x14, x13, . - 0x12
#4861 0 0000000000015352     8082 r 0000000000000000 0000000000000000  c.jr     x1
#4862 0 00000000000193b2 12050f63 r 0000000000000000 0000000000000000  beq      x10, x0, . + 0x13e
#4863 0 00000000000193b6     0505 r 000000000000000a 000000000001c467  c.addi   x10, 0x1
#4864 0 00000000000193b8 419509bb r 0000000000000013 0000000000000001  subw     x19, x10, x25
#4865 0 00000000000193bc     b7b9 r 0000000000000000 0000000000000000  c.j      . - 0xb2
#4866 0 000000000001930a     8bce r 0000000000000017 0000000000000001  c.mv     x23, x19
#4867 0 000000000001930c 013c7363 r 0000000000000000 0000000000000000  bgeu     x24, x19, . + 0x6
#4868 0 0000000000019312     6008 r 000000000000000a 0000000000020015  c.ld     x10, 0x0(x8)
#4869 0 0000000000019314     6c1c r 000000000000000f 0000000000020010  c.ld     x15, 0x18(x8)
#4870 0 0000000000019316     5014 r 000000000000000d 0000000000000400  c.lw     x13, 0x20(x8)
#4871 0 0000000000019318     84de r 0000000000000009 0000000000000001  c.mv     x9, x23
#4872 0 000000000001931a 00a7f763 r 0000000000000000 0000000000000000  bgeu     x15, x10, . + 0xe
#4873 0 000000000001931e     445c r 000000000000000f fffffffffffffffb  c.lw     x15, 0xc(x8)
#4874 0 0000000000019320 00d78b3b r 0000000000000016 00000000000003fb  addw     x22, x15, x13
#4875 0 0000000000019324 097b4d63 r 0000000000000000 0000000000000000  blt      x22, x23, . + 0x9a
#4876 0 0000000000019328 18dbc463 r 0000000000000000 0000000000000000  blt      x23, x13, . + 0x188
#4877 0 00000000000194b0     865e r 000000000000000c 0000000000000001  c.mv     x12, x23
#4878 0 00000000000194b2     85e6 r 000000000000000b 000000000001c466  c.mv     x11, x25
#4879 0 00000000000194b4 1ac000ef r 0000000000000001 00000000000194b8  jal      x1, . + 0x1ac
#4880 0 0000000000019660 02a5f263 r 0000000000000000 0000000000000000  bgeu     x11, x10, . + 0x24
#4881 0 0000000000019664 00c587b3 r 000000000000000f 000000000001c467  add      x15, x11, x12
#4882 0 0000000000019668 00f57e63 r 0000000000000000 0000000000000000  bgeu     x10, x15, . + 0x1c
#4883 0 0000000000019684     47fd r 000000000000000f 000000000000001f  c.li     x15, 0x1f
#4884 0 0000000000019686 02c7e163 r 0000000000000000 0000000000000000  bltu     x15, x12, . + 0x22
#4885 0 000000000001968a     87aa r 000000000000000f 0000000000020015  c.mv     x15, x10
#4886 0 000000000001968c fff60693 r 000000000000000d 0000000000000000  addi     x13, x12, -1
#4887 0 0000000000019690     c245 r 0000000000000000 0000000000000000  c.beqz   x12, . + 0xa0
#4888 0 0000000000019692     0685 r 000000000000000d 0000000000000001  c.addi   x13, 0x1
#4889 0 0000000000019694     96be r 000000000000000d 0000000000020016  c.add    x13, x15
#4890 0 0000000000019696 0005c703 r 000000000000000e 000000000000000a  lbu      x14, 0x0(x11)
#4891 0 000000000001969a     0785 r 000000000000000f 0000000000020016  c.addi   x15, 0x1
#4892 0 000000000001969c     0585 r 000000000000000b 000000000001c467  c.addi   x11, 0x1
#4893 0 000000000001969e fee78fa3 m 0000000000020015 000000000000000a  sb       x14, -0x1(x15)
#4894 0 00000000000196a2 fed79ae3 r 0000000000000000 0000000000000000  bne      x15, x13, . - 0xc
#4895 0 00000000000196a6     8082 r 0000000000000000 0000000000000000  c.jr     x1
#4896 0 00000000000194b8     4454 r 000000000000000d fffffffffffffffb  c.lw     x13, 0xc(x8)
#4897 0 00000000000194ba     6018 r 000000000000000e 0000000000020015  c.ld     x14, 0x0(x8)
#4898 0 00000000000194bc 000b879b r 000000000000000f 0000000000000001  addiw    x15, x23, 0
#4899 0 00000000000194c0 417686bb r 000000000000000d fffffffffffffffa  subw     x13, x13, x23
#4900 0 00000000000194c4     975e r 000000000000000e 0000000000020016  c.add    x14, x23
#4901 0 00000000000194c6     c454 m 000000000001e884 00000000fffffffa  c.sw     x13, 0xc(x8)
#4902 0 00000000000194c8     e018 m 000000000001e878 0000000000020016  c.sd     x14, 0x0(x8)
#4903 0 00000000000194ca     bd9d r 0000000000000000 0000000000000000  c.j      . - 0x18a
#4904 0 0000000000019340 40f989bb r 0000000000000013 0000000000000000  subw     x19, x19, x15
#4905 0 0000000000019344     4505 r 000000000000000a 0000000000000001  c.li     x10, 0x1
#4906 0 0000000000019346 02098b63 r 0000000000000000 0000000000000000  beq      x19, x0, . + 0x36
#4907 0 000000000001937c     85a2 r 000000000000000b 000000000001e878  c.mv     x11, x8
#4908 0 000000000001937e     8556 r 000000000000000a 000000000001e290  c.mv     x10, x21
#4909 0 0000000000019380 f0ff80ef r 0000000000000001 0000000000019384  jal      x1, . - 0x70f2
#4910 0 000000000001228e     1101 r 0000000000000002 00000000fffff220  c.addi   x2, -0x20
#4911 0 0000000000012290     e822 m 00000000fffff230 000000000001e878  c.sdsp   x8, 0x10
#4912 0 0000000000012292     ec06 m 00000000fffff238 0000000000019384  c.sdsp   x1, 0x18
#4913 0 0000000000012294     842a r 0000000000000008 000000000001e290  c.mv     x8, x10
#4914 0 0000000000012296     c119 r 0000000000000000 0000000000000000  c.beqz   x10, . + 0x6
#4915 0 0000000000012298     493c r 000000000000000f 0000000000000001  c.lw     x15, 0x50(x10)
#4916 0 000000000001229a     cb89 r 0000000000000000 0000000000000000  c.beqz   x15, . + 0x12
#4917 0 000000000001229c 01059783 r 000000000000000f 0000000000002889  lh       x15, 0x10(x11)
#4918 0 00000000000122a0     ef89 r 0000000000000000 0000000000000000  c.bnez   x15, . + 0x1a
#4919 0 00000000000122ba     8522 r 000000000000000a 000000000001e290  c.mv     x10, x8
#4920 0 00000000000122bc     6442 r 0000000000000008 000000000001e878  c.ldsp   x8, 0x10
#4921 0 00000000000122be     60e2 r 0000000000000001 0000000000019384  c.ldsp   x1, 0x18
#4922 0 00000000000122c0     6105 r 0000000000000002 00000000fffff240  c.addi16sp 0x2
#4923 0 00000000000122c2     bd2d r 0000000000000000 0000000000000000  c.j      . - 0x1c6
#4924 0 00000000000120fc 01059783 r 000000000000000f 0000000000002889  lh       x15, 0x10(x11)
#4925 0 0000000000012100     7179 r 0000000000000002 00000000fffff210  c.addi16sp -0x3
#4926 0 0000000000012102     f022 m 00000000fffff230 000000000001e878  c.sdsp   x8, 0x20
#4927 0 0000000000012104     e44e m 00000000fffff218 0000000000000000  c.sdsp   x19, 0x8
#4928 0 0000000000012106     f406 m 00000000fffff238 0000000000019384  c.sdsp   x1, 0x28
#4929 0 0000000000012108     ec26 m 00000000fffff228 0000000000000001  c.sdsp   x9, 0x18
#4930 0 000000000001210a     e84a m 00000000fffff220 00000000fffff490  c.sdsp   x18, 0x10
#4931 0 000000000001210c 0087f693 r 000000000000000d 0000000000000008  andi     x13, x15, 8
#4932 0 0000000000012110     842e r 0000000000000008 000000000001e878  c.mv     x8, x11
#4933 0 0000000000012112     89aa r 0000000000000013 000000000001e290  c.mv     x19, x10
#4934 0 0000000000012114     ead5 r 0000000000000000 0000000000000000  c.bnez   x13, . + 0xb4
#4935 0 00000000000121c8 0185b903 r 0000000000000012 0000000000020010  ld       x18, 0x18(x11)
#4936 0 00000000000121cc fe0906e3 r 0000000000000000 0000000000000000  beq      x18, x0, . - 0x14
#4937 0 00000000000121d0     6184 r 0000000000000009 0000000000020016  c.ld     x9, 0x0(x11)
#4938 0 00000000000121d2 03079713 r 000000000000000e 2889000000000000  slli     x14, x15, 48
#4939 0 00000000000121d6     9341 r 000000000000000e 0000000000002889  c.srli   x14, 0x30
#4940 0 00000000000121d8     8b0d r 000000000000000e 0000000000000001  c.andi   x14, 0x3
#4941 0 00000000000121da 0125b023 m 000000000001e878 0000000000020010  sd       x18, 0x0(x11)
#4942 0 00000000000121de 412484bb r 0000000000000009 0000000000000006  subw     x9, x9, x18
#4943 0 00000000000121e2     4781 r 000000000000000f 0000000000000000  c.li     x15, 0x0
#4944 0 00000000000121e4     e311 r 0000000000000000 0000000000000000  c.bnez   x14, . + 0x4
#4945 0 00000000000121e8     c45c m 000000000001e884 0000000000000000  c.sw     x15, 0xc(x8)
#4946 0 00000000000121ea 00904663 r 0000000000000000 0000000000000000  blt      x0, x9, . + 0xc
#4947 0 00000000000121f6     603c r 000000000000000f 00000000000161c4  c.ld     x15, 0x40(x8)
#4948 0 00000000000121f8     780c r 000000000000000b 000000000001e878  c.ld     x11, 0x30(x8)
#4949 0 00000000000121fa     86a6 r 000000000000000d 0000000000000006  c.mv     x13, x9
#4950 0 00000000000121fc     864a r 000000000000000c 0000000000020010  c.mv     x12, x18
#4951 0 00000000000121fe     854e r 000000000000000a 000000000001e290  c.mv     x10, x19
#4952 0 0000000000012200     9782 r 0000000000000001 0000000000012202  c.jalr   x15
#4953 0 00000000000161c4 01059783 r 000000000000000f 0000000000002889  lh       x15, 0x10(x11)
#4954 0 00000000000161c8     7179 r 0000000000000002 00000000fffff1e0  c.addi16sp -0x3
#4955 0 00000000000161ca     f022 m 00000000fffff200 000000000001e878  c.sdsp   x8, 0x20
#4956 0 00000000000161cc     ec26 m 00000000fffff1f8 0000000000000006  c.sdsp   x9, 0x18
#4957 0 00000000000161ce     e84a m 00000000fffff1f0 0000000000020010  c.sdsp   x18, 0x10
#4958 0 00000000000161d0     e44e m 00000000fffff1e8 000000000001e290  c.sdsp   x19, 0x8
#4959 0 00000000000161d2     f406 m 00000000fffff208 0000000000012202  c.sdsp   x1, 0x28
#4960 0 00000000000161d4 1007f713 r 000000000000000e 0000000000000000  andi     x14, x15, 256
#4961 0 00000000000161d8     842e r 0000000000000008 000000000001e878  c.mv     x8, x11
#4962 0 00000000000161da     84aa r 0000000000000009 000000000001e290  c.mv     x9, x10
#4963 0 00000000000161dc 01259583 r 000000000000000b 0000000000000001  lh       x11, 0x12(x11)
#4964 0 00000000000161e0     8932 r 0000000000000012 0000000000020010  c.mv     x18, x12
#4965 0 00000000000161e2     89b6 r 0000000000000013 0000000000000006  c.mv     x19, x13
#4966 0 00000000000161e4     e30d r 0000000000000000 0000000000000000  c.bnez   x14, . + 0x22
#4967 0 00000000000161e6     777d r 000000000000000e fffffffffffff000  c.lui    x14, 0xfffff
#4968 0 00000000000161e8     177d r 000000000000000e ffffffffffffefff  c.addi   x14, -0x1
#4969 0 00000000000161ea     8ff9 r 000000000000000f 0000000000002889  c.and    x15, x14
#4970 0 00000000000161ec 00f41823 m 000000000001e888 0000000000002889  sh       x15, 0x10(x8)
#4971 0 00000000000161f0     7402 r 0000000000000008 000000000001e878  c.ldsp   x8, 0x20
#4972 0 00000000000161f2     70a2 r 0000000000000001 0000000000012202  c.ldsp   x1, 0x28
#4973 0 00000000000161f4     86ce r 000000000000000d 0000000000000006  c.mv     x13, x19
#4974 0 00000000000161f6     864a r 000000000000000c 0000000000020010  c.mv     x12, x18
#4975 0 00000000000161f8     69a2 r 0000000000000013 000000000001e290  c.ldsp   x19, 0x8
#4976 0 00000000000161fa     6942 r 0000000000000012 0000000000020010  c.ldsp   x18, 0x10
#4977 0 00000000000161fc     8526 r 000000000000000a 000000000001e290  c.mv     x10, x9
#4978 0 00000000000161fe     64e2 r 0000000000000009 0000000000000006  c.ldsp   x9, 0x18
#4979 0 0000000000016200     6145 r 0000000000000002 00000000fffff210  c.addi16sp 0x3
#4980 0 0000000000016202 3a70206f r 0000000000000000 0000000000000000  j        . + 0x2ba6
#4981 0 0000000000018da8     1101 r 0000000000000002 00000000fffff1f0  c.addi   x2, -0x20
#4982 0 0000000000018daa     872e r 000000000000000e 0000000000000001  c.mv     x14, x11
#4983 0 0000000000018dac     e822 m 00000000fffff200 000000000001e878  c.sdsp   x8, 0x10
#4984 0 0000000000018dae     e426 m 00000000fffff1f8 0000000000000006  c.sdsp   x9, 0x8
#4985 0 0000000000018db0     85b2 r 000000000000000b 0000000000020010  c.mv     x11, x12
#4986 0 0000000000018db2     842a r 0000000000000008 000000000001e290  c.mv     x8, x10
#4987 0 0000000000018db4     8636 r 000000000000000c 0000000000000006  c.mv     x12, x13
#4988 0 0000000000018db6     853a r 000000000000000a 0000000000000001  c.mv     x10, x14
#4989 0 0000000000018db8     ec06 m 00000000fffff208 0000000000012202  c.sdsp   x1, 0x18
#4990 0 0000000000018dba 7801a823 m 000000000001f408 0000000000000000  sw       x0, 0x790(x3)
#4991 0 0000000000018dbe 208020ef r 0000000000000001 0000000000018dc2  jal      x1, . + 0x2208
#4992 0 000000000001afc6     1141 r 0000000000000002 00000000fffff1e0  c.addi   x2, -0x10
#4993 0 000000000001afc8     e406 m 00000000fffff1e8 0000000000018dc2  c.sdsp   x1, 0x8
#4994 0 000000000001afca     e022 m 00000000fffff1e0 000000000001e290  c.sdsp   x8, 0x0
#4995 0 000000000001afcc 04000893 r 0000000000000011 0000000000000040  addi     x17, x0, 64
#4996 0 000000000001afd0 00000073 r 000000000000000a 0000000000000006  ecall    
#4997 0 000000000001afd4     842a r 0000000000000008 0000000000000006  c.mv     x8, x10
#4998 0 000000000001afd6 00054763 r 0000000000000000 0000000000000000  blt      x10, x0, . + 0xe
#4999 0 000000000001afda     60a2 r 0000000000000001 0000000000018dc2  c.ldsp   x1, 0x8
#5000 0 000000000001afdc     8522 r 000000000000000a 0000000000000006  c.mv     x10, x8
#5001 0 000000000001afde     6402 r 0000000000000008 000000000001e290  c.ldsp   x8, 0x0
#5002 0 000000000001afe0     0141 r 0000000000000002 00000000fffff1f0  c.addi   x2, 0x10
#5003 0 000000000001afe2     8082 r 0000000000000000 0000000000000000  c.jr     x1
#5004 0 0000000000018dc2     57fd r 000000000000000f ffffffffffffffff  c.li     x15, -0x1
#5005 0 0000000000018dc4 00f50763 r 0000000000000000 0000000000000000  beq      x10, x15, . + 0xe
#5006 0 0000000000018dc8     60e2 r 0000000000000001 0000000000012202  c.ldsp   x1, 0x18
#5007 0 0000000000018dca     6442 r 0000000000000008 000000000001e878  c.ldsp   x8, 0x10
#5008 0 0000000000018dcc     64a2 r 0000000000000009 0000000000000006  c.ldsp   x9, 0x8
#5009 0 0000000000018dce     6105 r 0000000000000002 00000000fffff210  c.addi16sp 0x2
#5010 0 0000000000018dd0     8082 r 0000000000000000 0000000000000000  c.jr     x1
#5011 0 0000000000012202     9c89 r 0000000000000009 0000000000000000  c.subw   x9, x10
#5012 0 0000000000012204 fea046e3 r 0000000000000000 0000000000000000  blt      x0, x10, . - 0x14
#5013 0 00000000000121f0     992a r 0000000000000012 0000000000020016  c.add    x18, x10
#5014 0 00000000000121f2 fc9053e3 r 0000000000000000 0000000000000000  bge      x0, x9, . - 0x3a
#5015 0 00000000000121b8     4501 r 000000000000000a 0000000000000000  c.li     x10, 0x0
#5016 0 00000000000121ba     70a2 r 0000000000000001 0000000000019384  c.ldsp   x1, 0x28
#5017 0 00000000000121bc     7402 r 0000000000000008 000000000001e878  c.ldsp   x8, 0x20
#5018 0 00000000000121be     64e2 r 0000000000000009 0000000000000001  c.ldsp   x9, 0x18
#5019 0 00000000000121c0     6942 r 0000000000000012 00000000fffff490  c.ldsp   x18, 0x10
#5020 0 00000000000121c2     69a2 r 0000000000000013 0000000000000000  c.ldsp   x19, 0x8
#5021 0 00000000000121c4     6145 r 0000000000000002 00000000fffff240  c.addi16sp 0x3
#5022 0 00000000000121c6     8082 r 0000000000000000 0000000000000000  c.jr     x1
#5023 0 0000000000019384     d179 r 0000000000000000 0000000000000000  c.beqz   x10, . - 0x3a
#5024 0 000000000001934a 010a3783 r 000000000000000f 0000000000000001  ld       x15, 0x10(x20)
#5025 0 000000000001934e     9ca6 r 0000000000000019 000000000001c467  c.add    x25, x9
#5026 0 0000000000019350 409c0c33 r 0000000000000018 0000000000000000  sub      x24, x24, x9
#5027 0 0000000000019354 409784b3 r 0000000000000009 0000000000000000  sub      x9, x15, x9
#5028 0 0000000000019358 009a3823 m 00000000fffff410 0000000000000000  sd       x9, 0x10(x20)
#5029 0 000000000001935c     f4c5 r 0000000000000000 0000000000000000  c.bnez   x9, . - 0x58
#5030 0 000000000001935e     4501 r 000000000000000a 0000000000000000  c.li     x10, 0x0
#5031 0 0000000000019360     60e6 r 0000000000000001 000000000001809a  c.ldsp   x1, 0x58
#5032 0 0000000000019362     6446 r 0000000000000008 000000000001c467  c.ldsp   x8, 0x50
#5033 0 0000000000019364     64a6 r 0000000000000009 0000000000000001  c.ldsp   x9, 0x48
#5034 0 0000000000019366     6906 r 0000000000000012 000000000001e878  c.ldsp   x18, 0x40
#5035 0 0000000000019368     79e2 r 0000000000000013 0000000000000001  c.ldsp   x19, 0x38
#5036 0 000000000001936a     7a42 r 0000000000000014 000000000001e290  c.ldsp   x20, 0x30
#5037 0 000000000001936c     7aa2 r 0000000000000015 00000000fffff400  c.ldsp   x21, 0x28
#5038 0 000000000001936e     7b02 r 0000000000000016 00000000fffff480  c.ldsp   x22, 0x20
#5039 0 0000000000019370     6be2 r 0000000000000017 0000000000000001  c.ldsp   x23, 0x18
#5040 0 0000000000019372     6c42 r 0000000000000018 fffffffffffffffe  c.ldsp   x24, 0x10
#5041 0 0000000000019374     6ca2 r 0000000000000019 000000000001c466  c.ldsp   x25, 0x8
#5042 0 0000000000019376     6d02 r 000000000000001a 0000000000000064  c.ldsp   x26, 0x0
#5043 0 0000000000019378     6125 r 0000000000000002 00000000fffff2a0  c.addi16sp 0x6
#5044 0 000000000001937a     8082 r 0000000000000000 0000000000000000  c.jr     x1
#5045 0 000000000001809a     b7e1 r 0000000000000000 0000000000000000  c.j      . - 0x38
#5046 0 0000000000018062     60a6 r 0000000000000001 0000000000011864  c.ldsp   x1, 0x48
#5047 0 0000000000018064     6406 r 0000000000000008 000000000001c467  c.ldsp   x8, 0x40
#5048 0 0000000000018066 000ab823 m 00000000fffff410 0000000000000000  sd       x0, 0x10(x21)
#5049 0 000000000001806a 000aa423 m 00000000fffff408 0000000000000000  sw       x0, 0x8(x21)
#5050 0 000000000001806e     74e2 r 0000000000000009 0000000000000001  c.ldsp   x9, 0x38
#5051 0 0000000000018070     7942 r 0000000000000012 000000000001e878  c.ldsp   x18, 0x30
#5052 0 0000000000018072     79a2 r 0000000000000013 0000000000000001  c.ldsp   x19, 0x28
#5053 0 0000000000018074     7a02 r 0000000000000014 000000000001e290  c.ldsp   x20, 0x20
#5054 0 0000000000018076     6ae2 r 0000000000000015 0000000000000000  c.ldsp   x21, 0x18
#5055 0 0000000000018078     6b42 r 0000000000000016 00000000fffff480  c.ldsp   x22, 0x10
#5056 0 000000000001807a     6ba2 r 0000000000000017 0000000000000001  c.ldsp   x23, 0x8
#5057 0 000000000001807c     6161 r 0000000000000002 00000000fffff2f0  c.addi16sp 0x5
#5058 0 000000000001807e     8082 r 0000000000000000 0000000000000000  c.jr     x1
#5059 0 0000000000011864 d99fe06f r 0000000000000000 0000000000000000  j        . - 0x1268
#5060 0 00000000000105fc 01095783 r 000000000000000f 0000000000002889  lhu      x15, 0x10(x18)
#5061 0 0000000000010600 0407f793 r 000000000000000f 0000000000000000  andi     x15, x15, 64
#5062 0 0000000000010604     c399 r 0000000000000000 0000000000000000  c.beqz   x15, . + 0x6
#5063 0 000000000001060a 27813083 r 0000000000000001 0000000000010340  ld       x1, 0x278(x2)
#5064 0 000000000001060e 27013403 r 0000000000000008 00000000ffffff50  ld       x8, 0x270(x2)
#5065 0 0000000000010612     6522 r 000000000000000a 0000000000000006  c.ldsp   x10, 0x8
#5066 0 0000000000010614 26813483 r 0000000000000009 0000000000000000  ld       x9, 0x268(x2)
#5067 0 0000000000010618 26013903 r 0000000000000012 0000000000000000  ld       x18, 0x260(x2)
#5068 0 000000000001061c 25813983 r 0000000000000013 0000000000000000  ld       x19, 0x258(x2)
#5069 0 0000000000010620 25013a03 r 0000000000000014 0000000000000000  ld       x20, 0x250(x2)
#5070 0 0000000000010624 24813a83 r 0000000000000015 0000000000000000  ld       x21, 0x248(x2)
#5071 0 0000000000010628 24013b03 r 0000000000000016 0000000000000000  ld       x22, 0x240(x2)
#5072 0 000000000001062c 23813b83 r 0000000000000017 0000000000000000  ld       x23, 0x238(x2)
#5073 0 0000000000010630 23013c03 r 0000000000000018 0000000000000000  ld       x24, 0x230(x2)
#5074 0 0000000000010634 22813c83 r 0000000000000019 0000000000000000  ld       x25, 0x228(x2)
#5075 0 0000000000010638 22013d03 r 000000000000001a 0000000000000000  ld       x26, 0x220(x2)
#5076 0 000000000001063c 21813d83 r 000000000000001b 0000000000000000  ld       x27, 0x218(x2)
#5077 0 0000000000010640 28010113 r 0000000000000002 00000000fffff570  addi     x2, x2, 640
#5078 0 0000000000010644     8082 r 0000000000000000 0000000000000000  c.jr     x1
#5079 0 0000000000010340     60e2 r 0000000000000001 0000000000010184  c.ldsp   x1, 0x18
#5080 0 0000000000010342     6125 r 0000000000000002 00000000fffff5d0  c.addi16sp 0x6
#5081 0 0000000000010344     8082 r 0000000000000000 0000000000000000  c.jr     x1
#5082 0 0000000000010184 fec42783 r 000000000000000f 0000000000000004  lw       x15, -0x14(x8)
#5083 0 0000000000010188     2785 r 000000000000000f 0000000000000005  c.addiw  x15, 0x1
#5084 0 000000000001018a fef42623 m 00000000ffffff3c 0000000000000005  sw       x15, -0x14(x8)
#5085 0 000000000001018e fec42783 r 000000000000000f 0000000000000005  lw       x15, -0x14(x8)
#5086 0 0000000000010192 0007871b r 000000000000000e 0000000000000005  addiw    x14, x15, 0
#5087 0 0000000000010196     47a5 r 000000000000000f 0000000000000009  c.li     x15, 0x9
#5088 0 0000000000010198 fce7dee3 r 0000000000000000 0000000000000000  bge      x15, x14, . - 0x24
#5089 0 0000000000010174 fec42783 r 000000000000000f 0000000000000005  lw       x15, -0x14(x8)
#5090 0 0000000000010178     85be r 000000000000000b 0000000000000005  c.mv     x11, x15
#5091 0 000000000001017a     67f1 r 000000000000000f 000000000001c000  c.lui    x15, 0x1c
#5092 0 000000000001017c 46078513 r 000000000000000a 000000000001c460  addi     x10, x15, 1120
#5093 0 0000000000010180 19a000ef r 0000000000000001 0000000000010184  jal      x1, . + 0x19a
#5094 0 000000000001031a 7581b303 r 0000000000000006 000000000001e290  ld       x6, 0x758(x3)
#5095 0 000000000001031e     711d r 0000000000000002 00000000fffff570  c.addi16sp -0x6
#5096 0 0000000000010320     f832 m 00000000fffff5a0 0000000000000006  c.sdsp   x12, 0x30
#5097 0 0000000000010322     fc36 m 00000000fffff5a8 0000000000000006  c.sdsp   x13, 0x38
#5098 0 0000000000010324     f42e m 00000000fffff598 0000000000000005  c.sdsp   x11, 0x28
#5099 0 0000000000010326     e0ba m 00000000fffff5b0 0000000000000005  c.sdsp   x14, 0x40
#5100 0 0000000000010328     e4be m 00000000fffff5b8 000000000001c000  c.sdsp   x15, 0x48
#5101 0 000000000001032a     e8c2 m 00000000fffff5c0 0000000000000000  c.sdsp   x16, 0x50
#5102 0 000000000001032c     ecc6 m 00000000fffff5c8 0000000000000040  c.sdsp   x17, 0x58
#5103 0 000000000001032e 01033583 r 000000000000000b 000000000001e878  ld       x11, 0x10(x6)
#5104 0 0000000000010332     1034 r 000000000000000d 00000000fffff598  c.addi4spn  x13, 0xa
#5105 0 0000000000010334     862a r 000000000000000c 000000000001c460  c.mv     x12, x10
#5106 0 0000000000010336     851a r 000000000000000a 000000000001e290  c.mv     x10, x6
#5107 0 0000000000010338     ec06 m 00000000fffff588 0000000000010184  c.sdsp   x1, 0x18
#5108 0 000000000001033a     e436 m 00000000fffff578 00000000fffff598  c.sdsp   x13, 0x8
#5109 0 000000000001033c 00a000ef r 0000000000000001 0000000000010340  jal      x1, . + 0xa
#5110 0 0000000000010346 d8010113 r 0000000000000002 00000000fffff2f0  addi     x2, x2, -640
#5111 0 000000000001034a 26113c23 m 00000000fffff568 0000000000010340  sd       x1, 0x278(x2)
#5112 0 000000000001034e 27213023 m 00000000fffff550 0000000000000000  sd       x18, 0x260(x2)
#5113 0 0000000000010352 25413823 m 00000000fffff540 0000000000000000  sd       x20, 0x250(x2)
#5114 0 0000000000010356 23913423 m 00000000fffff518 0000000000000000  sd       x25, 0x228(x2)
#5115 0 000000000001035a     892e r 0000000000000012 000000000001e878  c.mv     x18, x11
#5116 0 000000000001035c     8cb2 r 0000000000000019 000000000001c460  c.mv     x25, x12
#5117 0 000000000001035e     e836 m 00000000fffff300 00000000fffff598  c.sdsp   x13, 0x10
#5118 0 0000000000010360 26813823 m 00000000fffff560 00000000ffffff50  sd       x8, 0x270(x2)
#5119 0 0000000000010364 26913423 m 00000000fffff558 0000000000000000  sd       x9, 0x268(x2)
#5120 0 0000000000010368 25313c23 m 00000000fffff548 0000000000000000  sd       x19, 0x258(x2)
#5121 0 000000000001036c 25513423 m 00000000fffff538 0000000000000000  sd       x21, 0x248(x2)
#5122 0 0000000000010370 25613023 m 00000000fffff530 0000000000000000  sd       x22, 0x240(x2)
#5123 0 0000000000010374 23713c23 m 00000000fffff528 0000000000000000  sd       x23, 0x238(x2)
#5124 0 0000000000010378 23813823 m 00000000fffff520 0000000000000000  sd       x24, 0x230(x2)
#5125 0 000000000001037c 23a13023 m 00000000fffff510 0000000000000000  sd       x26, 0x220(x2)
#5126 0 0000000000010380 21b13c23 m 00000000fffff508 0000000000000000  sd       x27, 0x218(x2)
#5127 0 0000000000010384     8a2a r 0000000000000014 000000000001e290  c.mv     x20, x10
#5128 0 0000000000010386 6fa040ef r 0000000000000001 000000000001038a  jal      x1, . + 0x46fa
#5129 0 0000000000014a80 e6018513 r 000000000000000a 000000000001ead8  addi     x10, x3, -416
#5130 0 0000000000014a84     8082 r 0000000000000000 0000000000000000  c.jr     x1
#5131 0 000000000001038a     611c r 000000000000000f 000000000001c9b0  c.ld     x15, 0x0(x10)
#5132 0 000000000001038c     853e r 000000000000000a 000000000001c9b0  c.mv     x10, x15
#5133 0 000000000001038e     f8be m 00000000fffff360 000000000001c9b0  c.sdsp   x15, 0x70
#5134 0 0000000000010390 058060ef r 0000000000000001 0000000000010394  jal      x1, . + 0x6058
#5135 0 00000000000163e8 00757793 r 000000000000000f 0000000000000000  andi     x15, x10, 7
#5136 0 00000000000163ec     872a r 000000000000000e 000000000001c9b0  c.mv     x14, x10
#5137 0 00000000000163ee     eba9 r 0000000000000000 0000000000000000  c.bnez   x15, . + 0x52
#5138 0 00000000000163f0 7401b683 r 000000000000000d 7f7f7f7f7f7f7f7f  ld       x13, 0x740(x3)
#5139 0 00000000000163f4     55fd r 000000000000000b ffffffffffffffff  c.li     x11, -0x1
#5140 0 00000000000163f6     6310 r 000000000000000c 000000000000002e  c.ld     x12, 0x0(x14)
#5141 0 00000000000163f8     0721 r 000000000000000e 000000000001c9b8  c.addi   x14, 0x8
#5142 0 00000000000163fa 00d677b3 r 000000000000000f 000000000000002e  and      x15, x12, x13
#5143 0 00000000000163fe     97b6 r 000000000000000f 7f7f7f7f7f7f7fad  c.add    x15, x13
#5144 0 0000000000016400     8fd1 r 000000000000000f 7f7f7f7f7f7f7faf  c.or     x15, x12
#5145 0 0000000000016402     8fd5 r 000000000000000f 7f7f7f7f7f7f7fff  c.or     x15, x13
#5146 0 0000000000016404 feb789e3 r 0000000000000000 0000000000000000  beq      x15, x11, . - 0xe
#5147 0 0000000000016408 ff874683 r 000000000000000d 000000000000002e  lbu      x13, -0x8(x14)
#5148 0 000000000001640c 40a707b3 r 000000000000000f 0000000000000008  sub      x15, x14, x10
#5149 0 0000000000016410     c6a9 r 0000000000000000 0000000000000000  c.beqz   x13, . + 0x4a
#5150 0 0000000000016412 ff974683 r 000000000000000d 0000000000000000  lbu      x13, -0x7(x14)
#5151 0 0000000000016416     ce9d r 0000000000000000 0000000000000000  c.beqz   x13, . + 0x3e
#5152 0 0000000000016454 ff978513 r 000000000000000a 0000000000000001  addi     x10, x15, -7
#5153 0 0000000000016458     8082 r 0000000000000000 0000000000000000  c.jr     x1
#5154 0 0000000000010394     f4aa m 00000000fffff358 0000000000000001  c.sdsp   x10, 0x68
#5155 0 0000000000010396     e202 m 00000000fffff3f0 0000000000000000  c.sdsp   x0, 0x100
#5156 0 0000000000010398     e602 m 00000000fffff3f8 0000000000000000  c.sdsp   x0, 0x108
#5157 0 000000000001039a 000a0663 r 0000000000000000 0000000000000000  beq      x20, x0, . + 0xc
#5158 0 000000000001039e 050a2783 r 000000000000000f 0000000000000001  lw       x15, 0x50(x20)
#5159 0 00000000000103a2 72078963 r 0000000000000000 0000000000000000  beq      x15, x0, . + 0x732
#5160 0 00000000000103a6 01091703 r 000000000000000e 0000000000002889  lh       x14, 0x10(x18)
#5161 0 00000000000103aa     6689 r 000000000000000d 0000000000002000  c.lui    x13, 0x2
#5162 0 00000000000103ac 03071793 r 000000000000000f 2889000000000000  slli     x15, x14, 48
#5163 0 00000000000103b0     93c1 r 000000000000000f 0000000000002889  c.srli   x15, 0x30
#5164 0 00000000000103b2 00d7f633 r 000000000000000c 0000000000002000  and      x12, x15, x13
#5165 0 00000000000103b6     e215 r 0000000000000000 0000000000000000  c.bnez   x12, . + 0x24
#5166 0 00000000000103da 0087f713 r 000000000000000e 0000000000000008  andi     x14, x15, 8
#5167 0 00000000000103de 26070a63 r 0000000000000000 0000000000000000  beq      x14, x0, . + 0x274
#5168 0 00000000000103e2 01893703 r 000000000000000e 0000000000020010  ld       x14, 0x18(x18)
#5169 0 00000000000103e6 26070663 r 0000000000000000 0000000000000000  beq      x14, x0, . + 0x26c
#5170 0 00000000000103ea     8be9 r 000000000000000f 0000000000000008  c.andi   x15, 0x1a
#5171 0 00000000000103ec     4729 r 000000000000000e 000000000000000a  c.li     x14, 0xa
#5172 0 00000000000103ee 26e78f63 r 0000000000000000 0000000000000000  beq      x15, x14, . + 0x27e
#5173 0 00000000000103f2     67f1 r 000000000000000f 000000000001c000  c.lui    x15, 0x1c
#5174 0 00000000000103f4 6887b783 r 000000000000000f 3ffc000000000000  ld       x15, 0x688(x15)
#5175 0 00000000000103f8 19010b13 r 0000000000000016 00000000fffff480  addi     x22, x2, 400
#5176 0 00000000000103fc     ea5a m 00000000fffff400 00000000fffff480  c.sdsp   x22, 0x110
#5177 0 00000000000103fe     ed3e m 00000000fffff388 3ffc000000000000  c.sdsp   x15, 0x98
#5178 0 0000000000010400     67f1 r 000000000000000f 000000000001c000  c.lui    x15, 0x1c
#5179 0 0000000000010402 6687b783 r 000000000000000f 4003000000000000  ld       x15, 0x668(x15)
#5180 0 0000000000010406     f202 m 00000000fffff410 0000000000000000  c.sdsp   x0, 0x120
#5181 0 0000000000010408 10012c23 m 00000000fffff408 0000000000000000  sw       x0, 0x118(x2)
#5182 0 000000000001040c     e93e m 00000000fffff380 4003000000000000  c.sdsp   x15, 0x90
#5183 0 000000000001040e     67f1 r 000000000000000f 000000000001c000  c.lui    x15, 0x1c
#5184 0 0000000000010410 6787b783 r 000000000000000f 3ffe000000000000  ld       x15, 0x678(x15)
#5185 0 0000000000010414     f002 m 00000000fffff310 0000000000000000  c.sdsp   x0, 0x20
#5186 0 0000000000010416     f402 m 00000000fffff318 0000000000000000  c.sdsp   x0, 0x28
#5187 0 0000000000010418     f13e m 00000000fffff390 3ffe000000000000  c.sdsp   x15, 0xa0
#5188 0 000000000001041a 000cc783 r 000000000000000f 0000000000000069  lbu      x15, 0x0(x25)
#5189 0 000000000001041e     fc82 m 00000000fffff368 0000000000000000  c.sdsp   x0, 0x78
#5190 0 0000000000010420     f082 m 00000000fffff350 0000000000000000  c.sdsp   x0, 0x60
#5191 0 0000000000010422     e102 m 00000000fffff370 0000000000000000  c.sdsp   x0, 0x80
#5192 0 0000000000010424     e502 m 00000000fffff378 0000000000000000  c.sdsp   x0, 0x88
#5193 0 0000000000010426     e402 m 00000000fffff2f8 0000000000000000  c.sdsp   x0, 0x8
#5194 0 0000000000010428     835a r 0000000000000006 00000000fffff480  c.mv     x6, x22
#5195 0 000000000001042a 1c078563 r 0000000000000000 0000000000000000  beq      x15, x0, . + 0x1ca
#5196 0 000000000001042e     8466 r 0000000000000008 000000000001c460  c.mv     x8, x25
#5197 0 0000000000010430 02500713 r 000000000000000e 0000000000000025  addi     x14, x0, 37
#5198 0 0000000000010434 30e78363 r 0000000000000000 0000000000000000  beq      x15, x14, . + 0x306
#5199 0 0000000000010438 00144783 r 000000000000000f 0000000000000020  lbu      x15, 0x1(x8)
#5200 0 000000000001043c     0405 r 0000000000000008 000000000001c461  c.addi   x8, 0x1
#5201 0 000000000001043e     fbfd r 0000000000000000 0000000000000000  c.bnez   x15, . - 0xa
#5202 0 0000000000010434 30e78363 r 0000000000000000 0000000000000000  beq      x15, x14, . + 0x306
#5203 0 0000000000010438 00144783 r 000000000000000f 000000000000003d  lbu      x15, 0x1(x8)
#5204 0 000000000001043c     0405 r 0000000000000008 000000000001c462  c.addi   x8, 0x1
#5205 0 000000000001043e     fbfd r 0000000000000000 0000000000000000  c.bnez   x15, . - 0xa
#5206 0 0000000000010434 30e78363 r 0000000000000000 0000000000000000  beq      x15, x14, . + 0x306
#5207 0 0000000000010438 00144783 r 000000000000000f 0000000000000020  lbu      x15, 0x1(x8)
#5208 0 000000000001043c     0405 r 0000000000000008 000000000001c463  c.addi   x8, 0x1
#5209 0 000000000001043e     fbfd r 0000000000000000 0000000000000000  c.bnez   x15, . - 0xa
#5210 0 0000000000010434 30e78363 r 0000000000000000 0000000000000000  beq      x15, x14, . + 0x306
#5211 0 0000000000010438 00144783 r 000000000000000f 0000000000000025  lbu      x15, 0x1(x8)
#5212 0 000000000001043c     0405 r 0000000000000008 000000000001c464  c.addi   x8, 0x1
#5213 0 000000000001043e     fbfd r 0000000000000000 0000000000000000  c.bnez   x15, . - 0xa
#5214 0 0000000000010434 30e78363 r 0000000000000000 0000000000000000  beq      x15, x14, . + 0x306
#5215 0 000000000001073a 419404bb r 0000000000000009 0000000000000004  subw     x9, x8, x25
#5216 0 000000000001073e d00495e3 r 0000000000000000 0000000000000000  bne      x9, x0, . - 0x2f6
#5217 0 0000000000010448     7712 r 000000000000000e 0000000000000000  c.ldsp   x14, 0x120
#5218 0 000000000001044a 11812783 r 000000000000000f 0000000000000000  lw       x15, 0x118(x2)
#5219 0 000000000001044e 01933023 m 00000000fffff480 000000000001c460  sd       x25, 0x0(x6)
#5220 0 0000000000010452     9726 r 000000000000000e 0000000000000004  c.add    x14, x9
#5221 0 0000000000010454     2785 r 000000000000000f 0000000000000001  c.addiw  x15, 0x1
#5222 0 0000000000010456 00933423 m 00000000fffff488 0000000000000004  sd       x9, 0x8(x6)
#5223 0 000000000001045a     f23a m 00000000fffff410 0000000000000004  c.sdsp   x14, 0x120
#5224 0 000000000001045c 10f12c23 m 00000000fffff408 0000000000000001  sw       x15, 0x118(x2)
#5225 0 0000000000010460 0007871b r 000000000000000e 0000000000000001  addiw    x14, x15, 0
#5226 0 0000000000010464     479d r 000000000000000f 0000000000000007  c.li     x15, 0x7
#5227 0 0000000000010466     0341 r 0000000000000006 00000000fffff490  c.addi   x6, 0x10
#5228 0 0000000000010468 2ee7c063 r 0000000000000000 0000000000000000  blt      x15, x14, . + 0x2e0
#5229 0 000000000001046c     6722 r 000000000000000e 0000000000000000  c.ldsp   x14, 0x8
#5230 0 000000000001046e 00044783 r 000000000000000f 0000000000000025  lbu      x15, 0x0(x8)
#5231 0 0000000000010472     9f25 r 000000000000000e 0000000000000004  c.addw   x14, x9
#5232 0 0000000000010474     e43a m 00000000fffff2f8 0000000000000004  c.sdsp   x14, 0x8
#5233 0 0000000000010476 16078f63 r 0000000000000000 0000000000000000  beq      x15, x0, . + 0x17e
#5234 0 000000000001047a     67f1 r 000000000000000f 000000000001c000  c.lui    x15, 0x1c
#5235 0 000000000001047c 00144e03 r 000000000000001c 0000000000000064  lbu      x28, 0x1(x8)
#5236 0 0000000000010480 0c010fa3 m 00000000fffff3cf 0000000000000000  sb       x0, 0xdf(x2)
#5237 0 0000000000010484     0405 r 0000000000000008 000000000001c465  c.addi   x8, 0x1
#5238 0 0000000000010486     5c7d r 0000000000000018 ffffffffffffffff  c.li     x24, -0x1
#5239 0 0000000000010488     4a81 r 0000000000000015 0000000000000000  c.li     x21, 0x0
#5240 0 000000000001048a     4481 r 0000000000000009 0000000000000000  c.li     x9, 0x0
#5241 0 000000000001048c 05a00993 r 0000000000000013 000000000000005a  addi     x19, x0, 90
#5242 0 0000000000010490 4c878b93 r 0000000000000017 000000000001c4c8  addi     x23, x15, 1224
#5243 0 0000000000010494     4da5 r 000000000000001b 0000000000000009  c.li     x27, 0x9
#5244 0 0000000000010496     0405 r 0000000000000008 000000000001c466  c.addi   x8, 0x1
#5245 0 0000000000010498 000e0d1b r 000000000000001a 0000000000000064  addiw    x26, x28, 0
#5246 0 000000000001049c 02a00613 r 000000000000000c 000000000000002a  addi     x12, x0, 42
#5247 0 00000000000104a0 fe0d079b r 000000000000000f 0000000000000044  addiw    x15, x26, -32
#5248 0 00000000000104a4 0007871b r 000000000000000e 0000000000000044  addiw    x14, x15, 0
#5249 0 00000000000104a8 04e9e363 r 0000000000000000 0000000000000000  bltu     x19, x14, . + 0x46
#5250 0 00000000000104ac 02079713 r 000000000000000e 0000004400000000  slli     x14, x15, 32
#5251 0 00000000000104b0 01e75793 r 000000000000000f 0000000000000110  srli     x15, x14, 30
#5252 0 00000000000104b4     97de r 000000000000000f 000000000001c5d8  c.add    x15, x23
#5253 0 00000000000104b6     439c r 000000000000000f 000000000001068a  c.lw     x15, 0x0(x15)
#5254 0 00000000000104b8     8782 r 0000000000000000 0000000000000000  c.jr     x15
#5255 0 000000000001068a     66c2 r 000000000000000d 00000000fffff598  c.ldsp   x13, 0x10
#5256 0 000000000001068c 0204f793 r 000000000000000f 0000000000000000  andi     x15, x9, 32
#5257 0 0000000000010690 00868713 r 000000000000000e 00000000fffff5a0  addi     x14, x13, 8
#5258 0 0000000000010694 3c078163 r 0000000000000000 0000000000000000  beq      x15, x0, . + 0x3c2
#5259 0 0000000000010a56 0104f793 r 000000000000000f 0000000000000000  andi     x15, x9, 16
#5260 0 0000000000010a5a 7e079f63 r 0000000000000000 0000000000000000  bne      x15, x0, . + 0x7fe
#5261 0 0000000000010a5e 0404f793 r 000000000000000f 0000000000000000  andi     x15, x9, 64
#5262 0 0000000000010a62 380788e3 r 0000000000000000 0000000000000000  beq      x15, x0, . + 0xb90
#5263 0 00000000000115f2 2004f793 r 000000000000000f 0000000000000000  andi     x15, x9, 512
#5264 0 00000000000115f6 24078163 r 0000000000000000 0000000000000000  beq      x15, x0, . + 0x242
#5265 0 0000000000011838     67c2 r 000000000000000f 00000000fffff598  c.ldsp   x15, 0x10
#5266 0 000000000001183a 0007a983 r 0000000000000013 0000000000000005  lw       x19, 0x0(x15)
#5267 0 000000000001183e     87ce r 000000000000000f 0000000000000005  c.mv     x15, x19
#5268 0 0000000000011840 e5dfe06f r 0000000000000000 0000000000000000  j        . - 0x11a4
#5269 0 000000000001069c 3c07cb63 r 0000000000000000 0000000000000000  blt      x15, x0, . + 0x3d6
#5270 0 00000000000106a0     57fd r 000000000000000f ffffffffffffffff  c.li     x15, -0x1
#5271 0 00000000000106a2 3efc00e3 r 0000000000000000 0000000000000000  beq      x24, x15, . + 0xbe0
#5272 0 0000000000011282     e83a m 00000000fffff300 00000000fffff5a0  c.sdsp   x14, 0x10
#5273 0 0000000000011284     47a5 r 000000000000000f 0000000000000009  c.li     x15, 0x9
#5274 0 0000000000011286     8da6 r 000000000000001b 0000000000000000  c.mv     x27, x9
#5275 0 0000000000011288 cb37f8e3 r 0000000000000000 0000000000000000  bgeu     x15, x19, . - 0x350
#5276 0 0000000000010f38 0309899b r 0000000000000013 0000000000000035  addiw    x19, x19, 48
#5277 0 0000000000010f3c 193105a3 m 00000000fffff47b 0000000000000035  sb       x19, 0x18b(x2)
#5278 0 0000000000010f40     84ee r 0000000000000009 0000000000000000  c.mv     x9, x27
#5279 0 0000000000010f42     4b85 r 0000000000000017 0000000000000001  c.li     x23, 0x1
#5280 0 0000000000010f44 18b10c93 r 0000000000000019 00000000fffff47b  addi     x25, x2, 395
#5281 0 0000000000010f48 f7aff06f r 0000000000000000 0000000000000000  j        . - 0x886
#5282 0 00000000000106c2 0df14783 r 000000000000000f 0000000000000000  lbu      x15, 0xdf(x2)
#5283 0 00000000000106c6 000b899b r 0000000000000013 0000000000000001  addiw    x19, x23, 0
#5284 0 00000000000106ca 018bd463 r 0000000000000000 0000000000000000  bge      x23, x24, . + 0x8
#5285 0 00000000000106d2     ec02 m 00000000fffff308 0000000000000000  c.sdsp   x0, 0x18
#5286 0 00000000000106d4     e482 m 00000000fffff338 0000000000000000  c.sdsp   x0, 0x48
#5287 0 00000000000106d6     ec82 m 00000000fffff348 0000000000000000  c.sdsp   x0, 0x58
#5288 0 00000000000106d8     e882 m 00000000fffff340 0000000000000000  c.sdsp   x0, 0x50
#5289 0 00000000000106da e20789e3 r 0000000000000000 0000000000000000  beq      x15, x0, . - 0x1ce
#5290 0 000000000001050c 0024f293 r 0000000000000005 0000000000000000  andi     x5, x9, 2
#5291 0 0000000000010510 00028363 r 0000000000000000 0000000000000000  beq      x5, x0, . + 0x6
#5292 0 0000000000010516 0844fd93 r 000000000000001b 0000000000000000  andi     x27, x9, 132
#5293 0 000000000001051a     7792 r 000000000000000f 0000000000000004  c.ldsp   x15, 0x120
#5294 0 000000000001051c 000d9663 r 0000000000000000 0000000000000000  bne      x27, x0, . + 0xc
#5295 0 0000000000010520 413a86bb r 000000000000000d ffffffffffffffff  subw     x13, x21, x19
#5296 0 0000000000010524 22d044e3 r 0000000000000000 0000000000000000  blt      x0, x13, . + 0xa28
#5297 0 0000000000010528 0df14703 r 000000000000000e 0000000000000000  lbu      x14, 0xdf(x2)
#5298 0 000000000001052c     c70d r 0000000000000000 0000000000000000  c.beqz   x14, . + 0x2a
#5299 0 0000000000010556 02028563 r 0000000000000000 0000000000000000  beq      x5, x0, . + 0x2a
#5300 0 0000000000010580 08000713 r 000000000000000e 0000000000000080  addi     x14, x0, 128
#5301 0 0000000000010584 06ed8ae3 r 0000000000000000 0000000000000000  beq      x27, x14, . + 0x874
#5302 0 0000000000010588 417c0c3b r 0000000000000018 fffffffffffffffe  subw     x24, x24, x23
#5303 0 000000000001058c 0f804ee3 r 0000000000000000 0000000000000000  blt      x0, x24, . + 0x8fc
#5304 0 0000000000010590 1004f713 r 000000000000000e 0000000000000000  andi     x14, x9, 256
#5305 0 0000000000010594 78071b63 r 0000000000000000 0000000000000000  bne      x14, x0, . + 0x796
#5306 0 0000000000010598 11812703 r 000000000000000e 0000000000000001  lw       x14, 0x118(x2)
#5307 0 000000000001059c     97de r 000000000000000f 0000000000000005  c.add    x15, x23
#5308 0 000000000001059e 01933023 m 00000000fffff490 00000000fffff47b  sd       x25, 0x0(x6)
#5309 0 00000000000105a2 0017069b r 000000000000000d 0000000000000002  addiw    x13, x14, 1
#5310 0 00000000000105a6     8736 r 000000000000000e 0000000000000002  c.mv     x14, x13
#5311 0 00000000000105a8 01733423 m 00000000fffff498 0000000000000001  sd       x23, 0x8(x6)
#5312 0 00000000000105ac 10e12c23 m 00000000fffff408 0000000000000002  sw       x14, 0x118(x2)
#5313 0 00000000000105b0     f23e m 00000000fffff410 0000000000000005  c.sdsp   x15, 0x120
#5314 0 00000000000105b2     471d r 000000000000000e 0000000000000007  c.li     x14, 0x7
#5315 0 00000000000105b4 46d74863 r 0000000000000000 0000000000000000  blt      x14, x13, . + 0x470
#5316 0 00000000000105b8     0341 r 0000000000000006 00000000fffff4a0  c.addi   x6, 0x10
#5317 0 00000000000105ba     8891 r 0000000000000009 0000000000000000  c.andi   x9, 0x4
#5318 0 00000000000105bc     c489 r 0000000000000000 0000000000000000  c.beqz   x9, . + 0xa
#5319 0 00000000000105c6     8756 r 000000000000000e 0000000000000000  c.mv     x14, x21
#5320 0 00000000000105c8 013ad363 r 0000000000000000 0000000000000000  bge      x21, x19, . + 0x6
#5321 0 00000000000105cc     874e r 000000000000000e 0000000000000001  c.mv     x14, x19
#5322 0 00000000000105ce     66a2 r 000000000000000d 0000000000000004  c.ldsp   x13, 0x8
#5323 0 00000000000105d0     9f35 r 000000000000000e 0000000000000005  c.addw   x14, x13
#5324 0 00000000000105d2     e43a m 00000000fffff2f8 0000000000000005  c.sdsp   x14, 0x8
#5325 0 00000000000105d4 12079be3 r 0000000000000000 0000000000000000  bne      x15, x0, . + 0x936
#5326 0 0000000000010f0a     0a10 r 000000000000000c 00000000fffff400  c.addi4spn  x12, 0x44
#5327 0 0000000000010f0c     85ca r 000000000000000b 000000000001e878  c.mv     x11, x18
#5328 0 0000000000010f0e     8552 r 000000000000000a 000000000001e290  c.mv     x10, x20
#5329 0 0000000000010f10 18c070ef r 0000000000000001 0000000000010f14  jal      x1, . + 0x718c
#5330 0 000000000001809c     6a18 r 000000000000000e 0000000000000005  c.ld     x14, 0x10(x12)
#5331 0 000000000001809e     c311 r 0000000000000000 0000000000000000  c.beqz   x14, . + 0x4
#5332 0 00000000000180a0     bfa1 r 0000000000000000 0000000000000000  c.j      . - 0xa8
#5333 0 0000000000017ff8 0ac5a783 r 000000000000000f 0000000000000000  lw       x15, 0xac(x11)
#5334 0 0000000000017ffc     715d r 0000000000000002 00000000fffff2a0  c.addi16sp -0x5
#5335 0 0000000000017ffe     6709 r 000000000000000e 0000000000002000  c.lui    x14, 0x2
#5336 0 0000000000018000     ec56 m 00000000fffff2b8 0000000000000000  c.sdsp   x21, 0x18
#5337 0 0000000000018002     e486 m 00000000fffff2e8 0000000000010f14  c.sdsp   x1, 0x48
#5338 0 0000000000018004     e0a2 m 00000000fffff2e0 000000000001c466  c.sdsp   x8, 0x40
#5339 0 0000000000018006     fc26 m 00000000fffff2d8 0000000000000000  c.sdsp   x9, 0x38
#5340 0 0000000000018008     f84a m 00000000fffff2d0 000000000001e878  c.sdsp   x18, 0x30
#5341 0 000000000001800a     f44e m 00000000fffff2c8 0000000000000001  c.sdsp   x19, 0x28
#5342 0 000000000001800c     f052 m 00000000fffff2c0 000000000001e290  c.sdsp   x20, 0x20
#5343 0 000000000001800e     e85a m 00000000fffff2b0 00000000fffff480  c.sdsp   x22, 0x10
#5344 0 0000000000018010     e45e m 00000000fffff2a8 0000000000000001  c.sdsp   x23, 0x8
#5345 0 0000000000018012     8ff9 r 000000000000000f 0000000000000000  c.and    x15, x14
#5346 0 0000000000018014     8ab2 r 0000000000000015 00000000fffff400  c.mv     x21, x12
#5347 0 0000000000018016     c3c1 r 0000000000000000 0000000000000000  c.beqz   x15, . + 0x80
#5348 0 0000000000018096 146010ef r 0000000000000001 000000000001809a  jal      x1, . + 0x1146
#5349 0 00000000000191dc     6a1c r 000000000000000f 0000000000000005  c.ld     x15, 0x10(x12)
#5350 0 00000000000191de 1a078c63 r 0000000000000000 0000000000000000  beq      x15, x0, . + 0x1b8
#5351 0 00000000000191e2 0105d783 r 000000000000000f 0000000000002889  lhu      x15, 0x10(x11)
#5352 0 00000000000191e6     711d r 0000000000000002 00000000fffff240  c.addi16sp -0x6
#5353 0 00000000000191e8     e8a2 m 00000000fffff290 000000000001c466  c.sdsp   x8, 0x50
#5354 0 00000000000191ea     f852 m 00000000fffff270 000000000001e290  c.sdsp   x20, 0x30
#5355 0 00000000000191ec     f456 m 00000000fffff268 00000000fffff400  c.sdsp   x21, 0x28
#5356 0 00000000000191ee     ec86 m 00000000fffff298 000000000001809a  c.sdsp   x1, 0x58
#5357 0 00000000000191f0     e4a6 m 00000000fffff288 0000000000000000  c.sdsp   x9, 0x48
#5358 0 00000000000191f2     e0ca m 00000000fffff280 000000000001e878  c.sdsp   x18, 0x40
#5359 0 00000000000191f4     fc4e m 00000000fffff278 0000000000000001  c.sdsp   x19, 0x38
#5360 0 00000000000191f6     f05a m 00000000fffff260 00000000fffff480  c.sdsp   x22, 0x20
#5361 0 00000000000191f8     ec5e m 00000000fffff258 0000000000000001  c.sdsp   x23, 0x18
#5362 0 00000000000191fa     e862 m 00000000fffff250 fffffffffffffffe  c.sdsp   x24, 0x10
#5363 0 00000000000191fc     e466 m 00000000fffff248 00000000fffff47b  c.sdsp   x25, 0x8
#5364 0 00000000000191fe     e06a m 00000000fffff240 0000000000000064  c.sdsp   x26, 0x0
#5365 0 0000000000019200 0087f713 r 000000000000000e 0000000000000008  andi     x14, x15, 8
#5366 0 0000000000019204     8a32 r 0000000000000014 00000000fffff400  c.mv     x20, x12
#5367 0 0000000000019206     8aaa r 0000000000000015 000000000001e290  c.mv     x21, x10
#5368 0 0000000000019208     842e r 0000000000000008 000000000001e878  c.mv     x8, x11
#5369 0 000000000001920a     c325 r 0000000000000000 0000000000000000  c.beqz   x14, . + 0x60
#5370 0 000000000001920c     6d98 r 000000000000000e 0000000000020010  c.ld     x14, 0x18(x11)
#5371 0 000000000001920e     cf31 r 0000000000000000 0000000000000000  c.beqz   x14, . + 0x5c
#5372 0 0000000000019210 0027f713 r 000000000000000e 0000000000000000  andi     x14, x15, 2
#5373 0 0000000000019214 000a3903 r 0000000000000012 00000000fffff480  ld       x18, 0x0(x20)
#5374 0 0000000000019218     c735 r 0000000000000000 0000000000000000  c.beqz   x14, . + 0x6c
#5375 0 0000000000019284 0017f713 r 000000000000000e 0000000000000001  andi     x14, x15, 1
#5376 0 0000000000019288     eb35 r 0000000000000000 0000000000000000  c.bnez   x14, . + 0x74
#5377 0 00000000000192fc     4981 r 0000000000000013 0000000000000000  c.li     x19, 0x0
#5378 0 00000000000192fe     4501 r 000000000000000a 0000000000000000  c.li     x10, 0x0
#5379 0 0000000000019300     4c81 r 0000000000000019 0000000000000000  c.li     x25, 0x0
#5380 0 0000000000019302     4c01 r 0000000000000018 0000000000000000  c.li     x24, 0x0
#5381 0 0000000000019304 080c0b63 r 0000000000000000 0000000000000000  beq      x24, x0, . + 0x96
#5382 0 000000000001939a 00893c03 r 0000000000000018 0000000000000004  ld       x24, 0x8(x18)
#5383 0 000000000001939e 00093c83 r 0000000000000019 000000000001c460  ld       x25, 0x0(x18)
#5384 0 00000000000193a2     0941 r 0000000000000012 00000000fffff490  c.addi   x18, 0x10
#5385 0 00000000000193a4 fe0c0be3 r 0000000000000000 0000000000000000  beq      x24, x0, . - 0xa
#5386 0 00000000000193a8     8662 r 000000000000000c 0000000000000004  c.mv     x12, x24
#5387 0 00000000000193aa     45a9 r 000000000000000b 000000000000000a  c.li     x11, 0xa
#5388 0 00000000000193ac     8566 r 000000000000000a 000000000001c460  c.mv     x10, x25
#5389 0 00000000000193ae f7bfb0ef r 0000000000000001 00000000000193b2  jal      x1, . - 0x4086
#5390 0 0000000000015328 00757793 r 000000000000000f 0000000000000000  andi     x15, x10, 7
#5391 0 000000000001532c 0ff5f693 r 000000000000000d 000000000000000a  andi     x13, x11, 255
#5392 0 0000000000015330     c395 r 0000000000000000 0000000000000000  c.beqz   x15, . + 0x24
#5393 0 0000000000015354     87b2 r 000000000000000f 0000000000000004  c.mv     x15, x12
#5394 0 0000000000015356     471d r 000000000000000e 0000000000000007  c.li     x14, 0x7
#5395 0 0000000000015358 00f76f63 r 0000000000000000 0000000000000000  bltu     x14, x15, . + 0x1e
#5396 0 000000000001535c     e399 r 0000000000000000 0000000000000000  c.bnez   x15, . + 0x6
#5397 0 0000000000015362     97aa r 000000000000000f 000000000001c464  c.add    x15, x10
#5398 0 0000000000015364     a021 r 0000000000000000 0000000000000000  c.j      . + 0x8
#5399 0 000000000001536c 00054703 r 000000000000000e 0000000000000069  lbu      x14, 0x0(x10)
#5400 0 0000000000015370 fed71be3 r 0000000000000000 0000000000000000  bne      x14, x13, . - 0xa
#5401 0 0000000000015366     0505 r 000000000000000a 000000000001c461  c.addi   x10, 0x1
#5402 0 0000000000015368 fea78be3 r 0000000000000000 0000000000000000  beq      x15, x10, . - 0xa
#5403 0 000000000001536c 00054703 r 000000000000000e 0000000000000020  lbu      x14, 0x0(x10)
#5404 0 0000000000015370 fed71be3 r 0000000000000000 0000000000000000  bne      x14, x13, . - 0xa
#5405 0 0000000000015366     0505 r 000000000000000a 000000000001c462  c.addi   x10, 0x1
#5406 0 0000000000015368 fea78be3 r 0000000000000000 0000000000000000  beq      x15, x10, . - 0xa
#5407 0 000000000001536c 00054703 r 000000000000000e 000000000000003d  lbu      x14, 0x0(x10)
#5408 0 0000000000015370 fed71be3 r 0000000000000000 0000000000000000  bne      x14, x13, . - 0xa
#5409 0 0000000000015366     0505 r 000000000000000a 000000000001c463  c.addi   x10, 0x1
#5410 0 0000000000015368 fea78be3 r 0000000000000000 0000000000000000  beq      x15, x10, . - 0xa
#5411 0 000000000001536c 00054703 r 000000000000000e 0000000000000020  lbu      x14, 0x0(x10)
#5412 0 0000000000015370 fed71be3 r 0000000000000000 0000000000000000  bne      x14, x13, . - 0xa
#5413 0 0000000000015366     0505 r 000000000000000a 000000000001c464  c.addi   x10, 0x1
#5414 0 0000000000015368 fea78be3 r 0000000000000000 0000000000000000  beq      x15, x10, . - 0xa
#5415 0 000000000001535e     4501 r 000000000000000a 0000000000000000  c.li     x10, 0x0
#5416 0 0000000000015360     8082 r 0000000000000000 0000000000000000  c.jr     x1
#5417 0 00000000000193b2 12050f63 r 0000000000000000 0000000000000000  beq      x10, x0, . + 0x13e
#5418 0 00000000000194f0 001c099b r 0000000000000013 0000000000000005  addiw    x19, x24, 1
#5419 0 00000000000194f4     bd19 r 0000000000000000 0000000000000000  c.j      . - 0x1ea
#5420 0 000000000001930a     8bce r 0000000000000017 0000000000000005  c.mv     x23, x19
#5421 0 000000000001930c 013c7363 r 0000000000000000 0000000000000000  bgeu     x24, x19, . + 0x6
#5422 0 0000000000019310     8be2 r 0000000000000017 0000000000000004  c.mv     x23, x24
#5423 0 0000000000019312     6008 r 000000000000000a 0000000000020010  c.ld     x10, 0x0(x8)
#5424 0 0000000000019314     6c1c r 000000000000000f 0000000000020010  c.ld     x15, 0x18(x8)
#5425 0 0000000000019316     5014 r 000000000000000d 0000000000000400  c.lw     x13, 0x20(x8)
#5426 0 0000000000019318     84de r 0000000000000009 0000000000000004  c.mv     x9, x23
#5427 0 000000000001931a 00a7f763 r 0000000000000000 0000000000000000  bgeu     x15, x10, . + 0xe
#5428 0 0000000000019328 18dbc463 r 0000000000000000 0000000000000000  blt      x23, x13, . + 0x188
#5429 0 00000000000194b0     865e r 000000000000000c 0000000000000004  c.mv     x12, x23
#5430 0 00000000000194b2     85e6 r 000000000000000b 000000000001c460  c.mv     x11, x25
#5431 0 00000000000194b4 1ac000ef r 0000000000000001 00000000000194b8  jal      x1, . + 0x1ac
#5432 0 0000000000019660 02a5f263 r 0000000000000000 0000000000000000  bgeu     x11, x10, . + 0x24
#5433 0 0000000000019664 00c587b3 r 000000000000000f 000000000001c464  add      x15, x11, x12
#5434 0 0000000000019668 00f57e63 r 0000000000000000 0000000000000000  bgeu     x10, x15, . + 0x1c
#5435 0 0000000000019684     47fd r 000000000000000f 000000000000001f  c.li     x15, 0x1f
#5436 0 0000000000019686 02c7e163 r 0000000000000000 0000000000000000  bltu     x15, x12, . + 0x22
#5437 0 000000000001968a     87aa r 000000000000000f 0000000000020010  c.mv     x15, x10
#5438 0 000000000001968c fff60693 r 000000000000000d 0000000000000003  addi     x13, x12, -1
#5439 0 0000000000019690     c245 r 0000000000000000 0000000000000000  c.beqz   x12, . + 0xa0
#5440 0 0000000000019692     0685 r 000000000000000d 0000000000000004  c.addi   x13, 0x1
#5441 0 0000000000019694     96be r 000000000000000d 0000000000020014  c.add    x13, x15
#5442 0 0000000000019696 0005c703 r 000000000000000e 0000000000000069  lbu      x14, 0x0(x11)
#5443 0 000000000001969a     0785 r 000000000000000f 0000000000020011  c.addi   x15, 0x1
#5444 0 000000000001969c     0585 r 000000000000000b 000000000001c461  c.addi   x11, 0x1
#5445 0 000000000001969e fee78fa3 m 0000000000020010 0000000000000069  sb       x14, -0x1(x15)
#5446 0 00000000000196a2 fed79ae3 r 0000000000000000 0000000000000000  bne      x15, x13, . - 0xc
#5447 0 0000000000019696 0005c703 r 000000000000000e 0000000000000020  lbu      x14, 0x0(x11)
#5448 0 000000000001969a     0785 r 000000000000000f 0000000000020012  c.addi   x15, 0x1
#5449 0 000000000001969c     0585 r 000000000000000b 000000000001c462  c.addi   x11, 0x1
#5450 0 000000000001969e fee78fa3 m 0000000000020011 0000000000000020  sb       x14, -0x1(x15)
#5451 0 00000000000196a2 fed79ae3 r 0000000000000000 0000000000000000  bne      x15, x13, . - 0xc
#5452 0 0000000000019696 0005c703 r 000000000000000e 000000000000003d  lbu      x14, 0x0(x11)
#5453 0 000000000001969a     0785 r 000000000000000f 0000000000020013  c.addi   x15, 0x1
#5454 0 000000000001969c     0585 r 000000000000000b 000000000001c463  c.addi   x11, 0x1
#5455 0 000000000001969e fee78fa3 m 0000000000020012 000000000000003d  sb       x14, -0x1(x15)
#5456 0 00000000000196a2 fed79ae3 r 0000000000000000 0000000000000000  bne      x15, x13, . - 0xc
#5457 0 0000000000019696 0005c703 r 000000000000000e 0000000000000020  lbu      x14, 0x0(x11)
#5458 0 000000000001969a     0785 r 000000000000000f 0000000000020014  c.addi   x15, 0x1
#5459 0 000000000001969c     0585 r 000000000000000b 000000000001c464  c.addi   x11, 0x1
#5460 0 000000000001969e fee78fa3 m 0000000000020013 0000000000000020  sb       x14, -0x1(x15)
#5461 0 00000000000196a2 fed79ae3 r 0000000000000000 0000000000000000  bne      x15, x13, . - 0xc
#5462 0 00000000000196a6     8082 r 0000000000000000 0000000000000000  c.jr     x1
#5463 0 00000000000194b8     4454 r 000000000000000d 0000000000000000  c.lw     x13, 0xc(x8)
#5464 0 00000000000194ba     6018 r 000000000000000e 0000000000020010  c.ld     x14, 0x0(x8)
#5465 0 00000000000194bc 000b879b r 000000000000000f 0000000000000004  addiw    x15, x23, 0
#5466 0 00000000000194c0 417686bb r 000000000000000d fffffffffffffffc  subw     x13, x13, x23
#5467 0 00000000000194c4     975e r 000000000000000e 0000000000020014  c.add    x14, x23
#5468 0 00000000000194c6     c454 m 000000000001e884 00000000fffffffc  c.sw     x13, 0xc(x8)
#5469 0 00000000000194c8     e018 m 000000000001e878 0000000000020014  c.sd     x14, 0x0(x8)
#5470 0 00000000000194ca     bd9d r 0000000000000000 0000000000000000  c.j      . - 0x18a
#5471 0 0000000000019340 40f989bb r 0000000000000013 0000000000000001  subw     x19, x19, x15
#5472 0 0000000000019344     4505 r 000000000000000a 0000000000000001  c.li     x10, 0x1
#5473 0 0000000000019346 02098b63 r 0000000000000000 0000000000000000  beq      x19, x0, . + 0x36
#5474 0 000000000001934a 010a3783 r 000000000000000f 0000000000000005  ld       x15, 0x10(x20)
#5475 0 000000000001934e     9ca6 r 0000000000000019 000000000001c464  c.add    x25, x9
#5476 0 0000000000019350 409c0c33 r 0000000000000018 0000000000000000  sub      x24, x24, x9
#5477 0 0000000000019354 409784b3 r 0000000000000009 0000000000000001  sub      x9, x15, x9
#5478 0 0000000000019358 009a3823 m 00000000fffff410 0000000000000001  sd       x9, 0x10(x20)
#5479 0 000000000001935c     f4c5 r 0000000000000000 0000000000000000  c.bnez   x9, . - 0x58
#5480 0 0000000000019304 080c0b63 r 0000000000000000 0000000000000000  beq      x24, x0, . + 0x96
#5481 0 000000000001939a 00893c03 r 0000000000000018 0000000000000001  ld       x24, 0x8(x18)
#5482 0 000000000001939e 00093c83 r 0000000000000019 00000000fffff47b  ld       x25, 0x0(x18)
#5483 0 00000000000193a2     0941 r 0000000000000012 00000000fffff4a0  c.addi   x18, 0x10
#5484 0 00000000000193a4 fe0c0be3 r 0000000000000000 0000000000000000  beq      x24, x0, . - 0xa
#5485 0 00000000000193a8     8662 r 000000000000000c 0000000000000001  c.mv     x12, x24
#5486 0 00000000000193aa     45a9 r 000000000000000b 000000000000000a  c.li     x11, 0xa
#5487 0 00000000000193ac     8566 r 000000000000000a 00000000fffff47b  c.mv     x10, x25
#5488 0 00000000000193ae f7bfb0ef r 0000000000000001 00000000000193b2  jal      x1, . - 0x4086
#5489 0 0000000000015328 00757793 r 000000000000000f 0000000000000003  andi     x15, x10, 7
#5490 0 000000000001532c 0ff5f693 r 000000000000000d 000000000000000a  andi     x13, x11, 255
#5491 0 0000000000015330     c395 r 0000000000000000 0000000000000000  c.beqz   x15, . + 0x24
#5492 0 0000000000015332 fff60793 r 000000000000000f 0000000000000000  addi     x15, x12, -1
#5493 0 0000000000015336     c605 r 0000000000000000 0000000000000000  c.beqz   x12, . + 0x28
#5494 0 0000000000015338     567d r 000000000000000c ffffffffffffffff  c.li     x12, -0x1
#5495 0 000000000001533a     a801 r 0000000000000000 0000000000000000  c.j      . + 0x10
#5496 0 000000000001534a 00054703 r 000000000000000e 0000000000000035  lbu      x14, 0x0(x10)
#5497 0 000000000001534e fed717e3 r 0000000000000000 0000000000000000  bne      x14, x13, . - 0x12
#5498 0 000000000001533c     0505 r 000000000000000a 00000000fffff47c  c.addi   x10, 0x1
#5499 0 000000000001533e 00757713 r 000000000000000e 0000000000000004  andi     x14, x10, 7
#5500 0 0000000000015342     cb11 r 0000000000000000 0000000000000000  c.beqz   x14, . + 0x14
#5501 0 0000000000015344     17fd r 000000000000000f ffffffffffffffff  c.addi   x15, -0x1
#5502 0 0000000000015346 00c78c63 r 0000000000000000 0000000000000000  beq      x15, x12, . + 0x18
#5503 0 000000000001535e     4501 r 000000000000000a 0000000000000000  c.li     x10, 0x0
#5504 0 0000000000015360     8082 r 0000000000000000 0000000000000000  c.jr     x1
#5505 0 00000000000193b2 12050f63 r 0000000000000000 0000000000000000  beq      x10, x0, . + 0x13e
#5506 0 00000000000194f0 001c099b r 0000000000000013 0000000000000002  addiw    x19, x24, 1
#5507 0 00000000000194f4     bd19 r 0000000000000000 0000000000000000  c.j      . - 0x1ea
#5508 0 000000000001930a     8bce r 0000000000000017 0000000000000002  c.mv     x23, x19
#5509 0 000000000001930c 013c7363 r 0000000000000000 0000000000000000  bgeu     x24, x19, . + 0x6
#5510 0 0000000000019310     8be2 r 0000000000000017 0000000000000001  c.mv     x23, x24
#5511 0 0000000000019312     6008 r 000000000000000a 0000000000020014  c.ld     x10, 0x0(x8)
#5512 0 0000000000019314     6c1c r 000000000000000f 0000000000020010  c.ld     x15, 0x18(x8)
#5513 0 0000000000019316     5014 r 000000000000000d 0000000000000400  c.lw     x13, 0x20(x8)
#5514 0 0000000000019318     84de r 0000000000000009 0000000000000001  c.mv     x9, x23
#5515 0 000000000001931a 00a7f763 r 0000000000000000 0000000000000000  bgeu     x15, x10, . + 0xe
#5516 0 000000000001931e     445c r 000000000000000f fffffffffffffffc  c.lw     x15, 0xc(x8)
#5517 0 0000000000019320 00d78b3b r 0000000000000016 00000000000003fc  addw     x22, x15, x13
#5518 0 0000000000019324 097b4d63 r 0000000000000000 0000000000000000  blt      x22, x23, . + 0x9a
#5519 0 0000000000019328 18dbc463 r 0000000000000000 0000000000000000  blt      x23, x13, . + 0x188
#5520 0 00000000000194b0     865e r 000000000000000c 0000000000000001  c.mv     x12, x23
#5521 0 00000000000194b2     85e6 r 000000000000000b 00000000fffff47b  c.mv     x11, x25
#5522 0 00000000000194b4 1ac000ef r 0000000000000001 00000000000194b8  jal      x1, . + 0x1ac
#5523 0 0000000000019660 02a5f263 r 0000000000000000 0000000000000000  bgeu     x11, x10, . + 0x24
#5524 0 0000000000019684     47fd r 000000000000000f 000000000000001f  c.li     x15, 0x1f
#5525 0 0000000000019686 02c7e163 r 0000000000000000 0000000000000000  bltu     x15, x12, . + 0x22
#5526 0 000000000001968a     87aa r 000000000000000f 0000000000020014  c.mv     x15, x10
#5527 0 000000000001968c fff60693 r 000000000000000d 0000000000000000  addi     x13, x12, -1
#5528 0 0000000000019690     c245 r 0000000000000000 0000000000000000  c.beqz   x12, . + 0xa0
#5529 0 0000000000019692     0685 r 000000000000000d 0000000000000001  c.addi   x13, 0x1
#5530 0 0000000000019694     96be r 000000000000000d 0000000000020015  c.add    x13, x15
#5531 0 0000000000019696 0005c703 r 000000000000000e 0000000000000035  lbu      x14, 0x0(x11)
#5532 0 000000000001969a     0785 r 000000000000000f 0000000000020015  c.addi   x15, 0x1
#5533 0 000000000001969c     0585 r 000000000000000b 00000000fffff47c  c.addi   x11, 0x1
#5534 0 000000000001969e fee78fa3 m 0000000000020014 0000000000000035  sb       x14, -0x1(x15)
#5535 0 00000000000196a2 fed79ae3 r 0000000000000000 0000000000000000  bne      x15, x13, . - 0xc
#5536 0 00000000000196a6     8082 r 0000000000000000 0000000000000000  c.jr     x1
#5537 0 00000000000194b8     4454 r 000000000000000d fffffffffffffffc  c.lw     x13, 0xc(x8)
#5538 0 00000000000194ba     6018 r 000000000000000e 0000000000020014  c.ld     x14, 0x0(x8)
#5539 0 00000000000194bc 000b879b r 000000000000000f 0000000000000001  addiw    x15, x23, 0
#5540 0 00000000000194c0 417686bb r 000000000000000d fffffffffffffffb  subw     x13, x13, x23
#5541 0 00000000000194c4     975e r 000000000000000e 0000000000020015  c.add    x14, x23
#5542 0 00000000000194c6     c454 m 000000000001e884 00000000fffffffb  c.sw     x13, 0xc(x8)
#5543 0 00000000000194c8     e018 m 000000000001e878 0000000000020015  c.sd     x14, 0x0(x8)
#5544 0 00000000000194ca     bd9d r 0000000000000000 0000000000000000  c.j      . - 0x18a
#5545 0 0000000000019340 40f989bb r 0000000000000013 0000000000000001  subw     x19, x19, x15
#5546 0 0000000000019344     4505 r 000000000000000a 0000000000000001  c.li     x10, 0x1
#5547 0 0000000000019346 02098b63 r 0000000000000000 0000000000000000  beq      x19, x0, . + 0x36
#5548 0 000000000001934a 010a3783 r 000000000000000f 0000000000000001  ld       x15, 0x10(x20)
#5549 0 000000000001934e     9ca6 r 0000000000000019 00000000fffff47c  c.add    x25, x9
#5550 0 0000000000019350 409c0c33 r 0000000000000018 0000000000000000  sub      x24, x24, x9
#5551 0 0000000000019354 409784b3 r 0000000000000009 0000000000000000  sub      x9, x15, x9
#5552 0 0000000000019358 009a3823 m 00000000fffff410 0000000000000000  sd       x9, 0x10(x20)
#5553 0 000000000001935c     f4c5 r 0000000000000000 0000000000000000  c.bnez   x9, . - 0x58
#5554 0 000000000001935e     4501 r 000000000000000a 0000000000000000  c.li     x10, 0x0
#5555 0 0000000000019360     60e6 r 0000000000000001 000000000001809a  c.ldsp   x1, 0x58
#5556 0 0000000000019362     6446 r 0000000000000008 000000000001c466  c.ldsp   x8, 0x50
#5557 0 0000000000019364     64a6 r 0000000000000009 0000000000000000  c.ldsp   x9, 0x48
#5558 0 0000000000019366     6906 r 0000000000000012 000000000001e878  c.ldsp   x18, 0x40
#5559 0 0000000000019368     79e2 r 0000000000000013 0000000000000001  c.ldsp   x19, 0x38
#5560 0 000000000001936a     7a42 r 0000000000000014 000000000001e290  c.ldsp   x20, 0x30
#5561 0 000000000001936c     7aa2 r 0000000000000015 00000000fffff400  c.ldsp   x21, 0x28
#5562 0 000000000001936e     7b02 r 0000000000000016 00000000fffff480  c.ldsp   x22, 0x20
#5563 0 0000000000019370     6be2 r 0000000000000017 0000000000000001  c.ldsp   x23, 0x18
#5564 0 0000000000019372     6c42 r 0000000000000018 fffffffffffffffe  c.ldsp   x24, 0x10
#5565 0 0000000000019374     6ca2 r 0000000000000019 00000000fffff47b  c.ldsp   x25, 0x8
#5566 0 0000000000019376     6d02 r 000000000000001a 0000000000000064  c.ldsp   x26, 0x0
#5567 0 0000000000019378     6125 r 0000000000000002 00000000fffff2a0  c.addi16sp 0x6
#5568 0 000000000001937a     8082 r 0000000000000000 0000000000000000  c.jr     x1
#5569 0 000000000001809a     b7e1 r 0000000000000000 0000000000000000  c.j      . - 0x38
#5570 0 0000000000018062     60a6 r 0000000000000001 0000000000010f14  c.ldsp   x1, 0x48
#5571 0 0000000000018064     6406 r 0000000000000008 000000000001c466  c.ldsp   x8, 0x40
#5572 0 0000000000018066 000ab823 m 00000000fffff410 0000000000000000  sd       x0, 0x10(x21)
#5573 0 000000000001806a 000aa423 m 00000000fffff408 0000000000000000  sw       x0, 0x8(x21)
#5574 0 000000000001806e     74e2 r 0000000000000009 0000000000000000  c.ldsp   x9, 0x38
#5575 0 0000000000018070     7942 r 0000000000000012 000000000001e878  c.ldsp   x18, 0x30
#5576 0 0000000000018072     79a2 r 0000000000000013 0000000000000001  c.ldsp   x19, 0x28
#5577 0 0000000000018074     7a02 r 0000000000000014 000000000001e290  c.ldsp   x20, 0x20
#5578 0 0000000000018076     6ae2 r 0000000000000015 0000000000000000  c.ldsp   x21, 0x18
#5579 0 0000000000018078     6b42 r 0000000000000016 00000000fffff480  c.ldsp   x22, 0x10
#5580 0 000000000001807a     6ba2 r 0000000000000017 0000000000000001  c.ldsp   x23, 0x8
#5581 0 000000000001807c     6161 r 0000000000000002 00000000fffff2f0  c.addi16sp 0x5
#5582 0 000000000001807e     8082 r 0000000000000000 0000000000000000  c.jr     x1
#5583 0 0000000000010f14 ec050263 r 0000000000000000 0000000000000000  beq      x10, x0, . - 0x93c
#5584 0 00000000000105d8     67e2 r 000000000000000f 0000000000000000  c.ldsp   x15, 0x18
#5585 0 00000000000105da 10012c23 m 00000000fffff408 0000000000000000  sw       x0, 0x118(x2)
#5586 0 00000000000105de     c789 r 0000000000000000 0000000000000000  c.beqz   x15, . + 0xa
#5587 0 00000000000105e8     835a r 0000000000000006 00000000fffff480  c.mv     x6, x22
#5588 0 00000000000105ea     8ca2 r 0000000000000019 000000000001c466  c.mv     x25, x8
#5589 0 00000000000105ec 000cc783 r 000000000000000f 000000000000000a  lbu      x15, 0x0(x25)
#5590 0 00000000000105f0 e2079fe3 r 0000000000000000 0000000000000000  bne      x15, x0, . - 0x1c2
#5591 0 000000000001042e     8466 r 0000000000000008 000000000001c466  c.mv     x8, x25
#5592 0 0000000000010430 02500713 r 000000000000000e 0000000000000025  addi     x14, x0, 37
#5593 0 0000000000010434 30e78363 r 0000000000000000 0000000000000000  beq      x15, x14, . + 0x306
#5594 0 0000000000010438 00144783 r 000000000000000f 0000000000000000  lbu      x15, 0x1(x8)
#5595 0 000000000001043c     0405 r 0000000000000008 000000000001c467  c.addi   x8, 0x1
#5596 0 000000000001043e     fbfd r 0000000000000000 0000000000000000  c.bnez   x15, . - 0xa
#5597 0 0000000000010440 419404bb r 0000000000000009 0000000000000001  subw     x9, x8, x25
#5598 0 0000000000010444 1a048863 r 0000000000000000 0000000000000000  beq      x9, x0, . + 0x1b0
#5599 0 0000000000010448     7712 r 000000000000000e 0000000000000000  c.ldsp   x14, 0x120
#5600 0 000000000001044a 11812783 r 000000000000000f 0000000000000000  lw       x15, 0x118(x2)
#5601 0 000000000001044e 01933023 m 00000000fffff480 000000000001c466  sd       x25, 0x0(x6)
#5602 0 0000000000010452     9726 r 000000000000000e 0000000000000001  c.add    x14, x9
#5603 0 0000000000010454     2785 r 000000000000000f 0000000000000001  c.addiw  x15, 0x1
#5604 0 0000000000010456 00933423 m 00000000fffff488 0000000000000001  sd       x9, 0x8(x6)
#5605 0 000000000001045a     f23a m 00000000fffff410 0000000000000001  c.sdsp   x14, 0x120
#5606 0 000000000001045c 10f12c23 m 00000000fffff408 0000000000000001  sw       x15, 0x118(x2)
#5607 0 0000000000010460 0007871b r 000000000000000e 0000000000000001  addiw    x14, x15, 0
#5608 0 0000000000010464     479d r 000000000000000f 0000000000000007  c.li     x15, 0x7
#5609 0 0000000000010466     0341 r 0000000000000006 00000000fffff490  c.addi   x6, 0x10
#5610 0 0000000000010468 2ee7c063 r 0000000000000000 0000000000000000  blt      x15, x14, . + 0x2e0
#5611 0 000000000001046c     6722 r 000000000000000e 0000000000000005  c.ldsp   x14, 0x8
#5612 0 000000000001046e 00044783 r 000000000000000f 0000000000000000  lbu      x15, 0x0(x8)
#5613 0 0000000000010472     9f25 r 000000000000000e 0000000000000006  c.addw   x14, x9
#5614 0 0000000000010474     e43a m 00000000fffff2f8 0000000000000006  c.sdsp   x14, 0x8
#5615 0 0000000000010476 16078f63 r 0000000000000000 0000000000000000  beq      x15, x0, . + 0x17e
#5616 0 00000000000105f4     7792 r 000000000000000f 0000000000000001  c.ldsp   x15, 0x120
#5617 0 00000000000105f6     c399 r 0000000000000000 0000000000000000  c.beqz   x15, . + 0x6
#5618 0 00000000000105f8 2620106f r 0000000000000000 0000000000000000  j        . + 0x1262
#5619 0 000000000001185a     0a10 r 000000000000000c 00000000fffff400  c.addi4spn  x12, 0x44
#5620 0 000000000001185c     85ca r 000000000000000b 000000000001e878  c.mv     x11, x18
#5621 0 000000000001185e     8552 r 000000000000000a 000000000001e290  c.mv     x10, x20
#5622 0 0000000000011860 03d060ef r 0000000000000001 0000000000011864  jal      x1, . + 0x683c
#5623 0 000000000001809c     6a18 r 000000000000000e 0000000000000001  c.ld     x14, 0x10(x12)
#5624 0 000000000001809e     c311 r 0000000000000000 0000000000000000  c.beqz   x14, . + 0x4
#5625 0 00000000000180a0     bfa1 r 0000000000000000 0000000000000000  c.j      . - 0xa8
#5626 0 0000000000017ff8 0ac5a783 r 000000000000000f 0000000000000000  lw       x15, 0xac(x11)
#5627 0 0000000000017ffc     715d r 0000000000000002 00000000fffff2a0  c.addi16sp -0x5
#5628 0 0000000000017ffe     6709 r 000000000000000e 0000000000002000  c.lui    x14, 0x2
#5629 0 0000000000018000     ec56 m 00000000fffff2b8 0000000000000000  c.sdsp   x21, 0x18
#5630 0 0000000000018002     e486 m 00000000fffff2e8 0000000000011864  c.sdsp   x1, 0x48
#5631 0 0000000000018004     e0a2 m 00000000fffff2e0 000000000001c467  c.sdsp   x8, 0x40
#5632 0 0000000000018006     fc26 m 00000000fffff2d8 0000000000000001  c.sdsp   x9, 0x38
#5633 0 0000000000018008     f84a m 00000000fffff2d0 000000000001e878  c.sdsp   x18, 0x30
#5634 0 000000000001800a     f44e m 00000000fffff2c8 0000000000000001  c.sdsp   x19, 0x28
#5635 0 000000000001800c     f052 m 00000000fffff2c0 000000000001e290  c.sdsp   x20, 0x20
#5636 0 000000000001800e     e85a m 00000000fffff2b0 00000000fffff480  c.sdsp   x22, 0x10
#5637 0 0000000000018010     e45e m 00000000fffff2a8 0000000000000001  c.sdsp   x23, 0x8
#5638 0 0000000000018012     8ff9 r 000000000000000f 0000000000000000  c.and    x15, x14
#5639 0 0000000000018014     8ab2 r 0000000000000015 00000000fffff400  c.mv     x21, x12
#5640 0 0000000000018016     c3c1 r 0000000000000000 0000000000000000  c.beqz   x15, . + 0x80
#5641 0 0000000000018096 146010ef r 0000000000000001 000000000001809a  jal      x1, . + 0x1146
#5642 0 00000000000191dc     6a1c r 000000000000000f 0000000000000001  c.ld     x15, 0x10(x12)
#5643 0 00000000000191de 1a078c63 r 0000000000000000 0000000000000000  beq      x15, x0, . + 0x1b8
#5644 0 00000000000191e2 0105d783 r 000000000000000f 0000000000002889  lhu      x15, 0x10(x11)
#5645 0 00000000000191e6     711d r 0000000000000002 00000000fffff240  c.addi16sp -0x6
#5646 0 00000000000191e8     e8a2 m 00000000fffff290 000000000001c467  c.sdsp   x8, 0x50
#5647 0 00000000000191ea     f852 m 00000000fffff270 000000000001e290  c.sdsp   x20, 0x30
#5648 0 00000000000191ec     f456 m 00000000fffff268 00000000fffff400  c.sdsp   x21, 0x28
#5649 0 00000000000191ee     ec86 m 00000000fffff298 000000000001809a  c.sdsp   x1, 0x58
#5650 0 00000000000191f0     e4a6 m 00000000fffff288 0000000000000001  c.sdsp   x9, 0x48
#5651 0 00000000000191f2     e0ca m 00000000fffff280 000000000001e878  c.sdsp   x18, 0x40
#5652 0 00000000000191f4     fc4e m 00000000fffff278 0000000000000001  c.sdsp   x19, 0x38
#5653 0 00000000000191f6     f05a m 00000000fffff260 00000000fffff480  c.sdsp   x22, 0x20
#5654 0 00000000000191f8     ec5e m 00000000fffff258 0000000000000001  c.sdsp   x23, 0x18
#5655 0 00000000000191fa     e862 m 00000000fffff250 fffffffffffffffe  c.sdsp   x24, 0x10
#5656 0 00000000000191fc     e466 m 00000000fffff248 000000000001c466  c.sdsp   x25, 0x8
#5657 0 00000000000191fe     e06a m 00000000fffff240 0000000000000064  c.sdsp   x26, 0x0
#5658 0 0000000000019200 0087f713 r 000000000000000e 0000000000000008  andi     x14, x15, 8
#5659 0 0000000000019204     8a32 r 0000000000000014 00000000fffff400  c.mv     x20, x12
#5660 0 0000000000019206     8aaa r 0000000000000015 000000000001e290  c.mv     x21, x10
#5661 0 0000000000019208     842e r 0000000000000008 000000000001e878  c.mv     x8, x11
#5662 0 000000000001920a     c325 r 0000000000000000 0000000000000000  c.beqz   x14, . + 0x60
#5663 0 000000000001920c     6d98 r 000000000000000e 0000000000020010  c.ld     x14, 0x18(x11)
#5664 0 000000000001920e     cf31 r 0000000000000000 0000000000000000  c.beqz   x14, . + 0x5c
#5665 0 0000000000019210 0027f713 r 000000000000000e 0000000000000000  andi     x14, x15, 2
#5666 0 0000000000019214 000a3903 r 0000000000000012 00000000fffff480  ld       x18, 0x0(x20)
#5667 0 0000000000019218     c735 r 0000000000000000 0000000000000000  c.beqz   x14, . + 0x6c
#5668 0 0000000000019284 0017f713 r 000000000000000e 0000000000000001  andi     x14, x15, 1
#5669 0 0000000000019288     eb35 r 0000000000000000 0000000000000000  c.bnez   x14, . + 0x74
#5670 0 00000000000192fc     4981 r 0000000000000013 0000000000000000  c.li     x19, 0x0
#5671 0 00000000000192fe     4501 r 000000000000000a 0000000000000000  c.li     x10, 0x0
#5672 0 0000000000019300     4c81 r 0000000000000019 0000000000000000  c.li     x25, 0x0
#5673 0 0000000000019302     4c01 r 0000000000000018 0000000000000000  c.li     x24, 0x0
#5674 0 0000000000019304 080c0b63 r 0000000000000000 0000000000000000  beq      x24, x0, . + 0x96
#5675 0 000000000001939a 00893c03 r 0000000000000018 0000000000000001  ld       x24, 0x8(x18)
#5676 0 000000000001939e 00093c83 r 0000000000000019 000000000001c466  ld       x25, 0x0(x18)
#5677 0 00000000000193a2     0941 r 0000000000000012 00000000fffff490  c.addi   x18, 0x10
#5678 0 00000000000193a4 fe0c0be3 r 0000000000000000 0000000000000000  beq      x24, x0, . - 0xa
#5679 0 00000000000193a8     8662 r 000000000000000c 0000000000000001  c.mv     x12, x24
#5680 0 00000000000193aa     45a9 r 000000000000000b 000000000000000a  c.li     x11, 0xa
#5681 0 00000000000193ac     8566 r 000000000000000a 000000000001c466  c.mv     x10, x25
#5682 0 00000000000193ae f7bfb0ef r 0000000000000001 00000000000193b2  jal      x1, . - 0x4086
#5683 0 0000000000015328 00757793 r 000000000000000f 0000000000000006  andi     x15, x10, 7
#5684 0 000000000001532c 0ff5f693 r 000000000000000d 000000000000000a  andi     x13, x11, 255
#5685 0 0000000000015330     c395 r 0000000000000000 0000000000000000  c.beqz   x15, . + 0x24
#5686 0 0000000000015332 fff60793 r 000000000000000f 0000000000000000  addi     x15, x12, -1
#5687 0 0000000000015336     c605 r 0000000000000000 0000000000000000  c.beqz   x12, . + 0x28
#5688 0 0000000000015338     567d r 000000000000000c ffffffffffffffff  c.li     x12, -0x1
#5689 0 000000000001533a     a801 r 0000000000000000 0000000000000000  c.j      . + 0x10
#5690 0 000000000001534a 00054703 r 000000000000000e 000000000000000a  lbu      x14, 0x0(x10)
#5691 0 000000000001534e fed717e3 r 0000000000000000 0000000000000000  bne      x14, x13, . - 0x12
#5692 0 0000000000015352     8082 r 0000000000000000 0000000000000000  c.jr     x1
#5693 0 00000000000193b2 12050f63 r 0000000000000000 0000000000000000  beq      x10, x0, . + 0x13e
#5694 0 00000000000193b6     0505 r 000000000000000a 000000000001c467  c.addi   x10, 0x1
#5695 0 00000000000193b8 419509bb r 0000000000000013 0000000000000001  subw     x19, x10, x25
#5696 0 00000000000193bc     b7b9 r 0000000000000000 0000000000000000  c.j      . - 0xb2
#5697 0 000000000001930a     8bce r 0000000000000017 0000000000000001  c.mv     x23, x19
#5698 0 000000000001930c 013c7363 r 0000000000000000 0000000000000000  bgeu     x24, x19, . + 0x6
#5699 0 0000000000019312     6008 r 000000000000000a 0000000000020015  c.ld     x10, 0x0(x8)
#5700 0 0000000000019314     6c1c r 000000000000000f 0000000000020010  c.ld     x15, 0x18(x8)
#5701 0 0000000000019316     5014 r 000000000000000d 0000000000000400  c.lw     x13, 0x20(x8)
#5702 0 0000000000019318     84de r 0000000000000009 0000000000000001  c.mv     x9, x23
#5703 0 000000000001931a 00a7f763 r 0000000000000000 0000000000000000  bgeu     x15, x10, . + 0xe
#5704 0 000000000001931e     445c r 000000000000000f fffffffffffffffb  c.lw     x15, 0xc(x8)
#5705 0 0000000000019320 00d78b3b r 0000000000000016 00000000000003fb  addw     x22, x15, x13
#5706 0 0000000000019324 097b4d63 r 0000000000000000 0000000000000000  blt      x22, x23, . + 0x9a
#5707 0 0000000000019328 18dbc463 r 0000000000000000 0000000000000000  blt      x23, x13, . + 0x188
#5708 0 00000000000194b0     865e r 000000000000000c 0000000000000001  c.mv     x12, x23
#5709 0 00000000000194b2     85e6 r 000000000000000b 000000000001c466  c.mv     x11, x25
#5710 0 00000000000194b4 1ac000ef r 0000000000000001 00000000000194b8  jal      x1, . + 0x1ac
#5711 0 0000000000019660 02a5f263 r 0000000000000000 0000000000000000  bgeu     x11, x10, . + 0x24
#5712 0 0000000000019664 00c587b3 r 000000000000000f 000000000001c467  add      x15, x11, x12
#5713 0 0000000000019668 00f57e63 r 0000000000000000 0000000000000000  bgeu     x10, x15, . + 0x1c
#5714 0 0000000000019684     47fd r 000000000000000f 000000000000001f  c.li     x15, 0x1f
#5715 0 0000000000019686 02c7e163 r 0000000000000000 0000000000000000  bltu     x15, x12, . + 0x22
#5716 0 000000000001968a     87aa r 000000000000000f 0000000000020015  c.mv     x15, x10
#5717 0 000000000001968c fff60693 r 000000000000000d 0000000000000000  addi     x13, x12, -1
#5718 0 0000000000019690     c245 r 0000000000000000 0000000000000000  c.beqz   x12, . + 0xa0
#5719 0 0000000000019692     0685 r 000000000000000d 0000000000000001  c.addi   x13, 0x1
#5720 0 0000000000019694     96be r 000000000000000d 0000000000020016  c.add    x13, x15
#5721 0 0000000000019696 0005c703 r 000000000000000e 000000000000000a  lbu      x14, 0x0(x11)
#5722 0 000000000001969a     0785 r 000000000000000f 0000000000020016  c.addi   x15, 0x1
#5723 0 000000000001969c     0585 r 000000000000000b 000000000001c467  c.addi   x11, 0x1
#5724 0 000000000001969e fee78fa3 m 0000000000020015 000000000000000a  sb       x14, -0x1(x15)
#5725 0 00000000000196a2 fed79ae3 r 0000000000000000 0000000000000000  bne      x15, x13, . - 0xc
#5726 0 00000000000196a6     8082 r 0000000000000000 0000000000000000  c.jr     x1
#5727 0 00000000000194b8     4454 r 000000000000000d fffffffffffffffb  c.lw     x13, 0xc(x8)
#5728 0 00000000000194ba     6018 r 000000000000000e 0000000000020015  c.ld     x14, 0x0(x8)
#5729 0 00000000000194bc 000b879b r 000000000000000f 0000000000000001  addiw    x15, x23, 0
#5730 0 00000000000194c0 417686bb r 000000000000000d fffffffffffffffa  subw     x13, x13, x23
#5731 0 00000000000194c4     975e r 000000000000000e 0000000000020016  c.add    x14, x23
#5732 0 00000000000194c6     c454 m 000000000001e884 00000000fffffffa  c.sw     x13, 0xc(x8)
#5733 0 00000000000194c8     e018 m 000000000001e878 0000000000020016  c.sd     x14, 0x0(x8)
#5734 0 00000000000194ca     bd9d r 0000000000000000 0000000000000000  c.j      . - 0x18a
#5735 0 0000000000019340 40f989bb r 0000000000000013 0000000000000000  subw     x19, x19, x15
#5736 0 0000000000019344     4505 r 000000000000000a 0000000000000001  c.li     x10, 0x1
#5737 0 0000000000019346 02098b63 r 0000000000000000 0000000000000000  beq      x19, x0, . + 0x36
#5738 0 000000000001937c     85a2 r 000000000000000b 000000000001e878  c.mv     x11, x8
#5739 0 000000000001937e     8556 r 000000000000000a 000000000001e290  c.mv     x10, x21
#5740 0 0000000000019380 f0ff80ef r 0000000000000001 0000000000019384  jal      x1, . - 0x70f2
#5741 0 000000000001228e     1101 r 0000000000000002 00000000fffff220  c.addi   x2, -0x20
#5742 0 0000000000012290     e822 m 00000000fffff230 000000000001e878  c.sdsp   x8, 0x10
#5743 0 0000000000012292     ec06 m 00000000fffff238 0000000000019384  c.sdsp   x1, 0x18
#5744 0 0000000000012294     842a r 0000000000000008 000000000001e290  c.mv     x8, x10
#5745 0 0000000000012296     c119 r 0000000000000000 0000000000000000  c.beqz   x10, . + 0x6
#5746 0 0000000000012298     493c r 000000000000000f 0000000000000001  c.lw     x15, 0x50(x10)
#5747 0 000000000001229a     cb89 r 0000000000000000 0000000000000000  c.beqz   x15, . + 0x12
#5748 0 000000000001229c 01059783 r 000000000000000f 0000000000002889  lh       x15, 0x10(x11)
#5749 0 00000000000122a0     ef89 r 0000000000000000 0000000000000000  c.bnez   x15, . + 0x1a
#5750 0 00000000000122ba     8522 r 000000000000000a 000000000001e290  c.mv     x10, x8
#5751 0 00000000000122bc     6442 r 0000000000000008 000000000001e878  c.ldsp   x8, 0x10
#5752 0 00000000000122be     60e2 r 0000000000000001 0000000000019384  c.ldsp   x1, 0x18
#5753 0 00000000000122c0     6105 r 0000000000000002 00000000fffff240  c.addi16sp 0x2
#5754 0 00000000000122c2     bd2d r 0000000000000000 0000000000000000  c.j      . - 0x1c6
#5755 0 00000000000120fc 01059783 r 000000000000000f 0000000000002889  lh       x15, 0x10(x11)
#5756 0 0000000000012100     7179 r 0000000000000002 00000000fffff210  c.addi16sp -0x3
#5757 0 0000000000012102     f022 m 00000000fffff230 000000000001e878  c.sdsp   x8, 0x20
#5758 0 0000000000012104     e44e m 00000000fffff218 0000000000000000  c.sdsp   x19, 0x8
#5759 0 0000000000012106     f406 m 00000000fffff238 0000000000019384  c.sdsp   x1, 0x28
#5760 0 0000000000012108     ec26 m 00000000fffff228 0000000000000001  c.sdsp   x9, 0x18
#5761 0 000000000001210a     e84a m 00000000fffff220 00000000fffff490  c.sdsp   x18, 0x10
#5762 0 000000000001210c 0087f693 r 000000000000000d 0000000000000008  andi     x13, x15, 8
#5763 0 0000000000012110     842e r 0000000000000008 000000000001e878  c.mv     x8, x11
#5764 0 0000000000012112     89aa r 0000000000000013 000000000001e290  c.mv     x19, x10
#5765 0 0000000000012114     ead5 r 0000000000000000 0000000000000000  c.bnez   x13, . + 0xb4
#5766 0 00000000000121c8 0185b903 r 0000000000000012 0000000000020010  ld       x18, 0x18(x11)
#5767 0 00000000000121cc fe0906e3 r 0000000000000000 0000000000000000  beq      x18, x0, . - 0x14
#5768 0 00000000000121d0     6184 r 0000000000000009 0000000000020016  c.ld     x9, 0x0(x11)
#5769 0 00000000000121d2 03079713 r 000000000000000e 2889000000000000  slli     x14, x15, 48
#5770 0 00000000000121d6     9341 r 000000000000000e 0000000000002889  c.srli   x14, 0x30
#5771 0 00000000000121d8     8b0d r 000000000000000e 0000000000000001  c.andi   x14, 0x3
#5772 0 00000000000121da 0125b023 m 000000000001e878 0000000000020010  sd       x18, 0x0(x11)
#5773 0 00000000000121de 412484bb r 0000000000000009 0000000000000006  subw     x9, x9, x18
#5774 0 00000000000121e2     4781 r 000000000000000f 0000000000000000  c.li     x15, 0x0
#5775 0 00000000000121e4     e311 r 0000000000000000 0000000000000000  c.bnez   x14, . + 0x4
#5776 0 00000000000121e8     c45c m 000000000001e884 0000000000000000  c.sw     x15, 0xc(x8)
#5777 0 00000000000121ea 00904663 r 0000000000000000 0000000000000000  blt      x0, x9, . + 0xc
#5778 0 00000000000121f6     603c r 000000000000000f 00000000000161c4  c.ld     x15, 0x40(x8)
#5779 0 00000000000121f8     780c r 000000000000000b 000000000001e878  c.ld     x11, 0x30(x8)
#5780 0 00000000000121fa     86a6 r 000000000000000d 0000000000000006  c.mv     x13, x9
#5781 0 00000000000121fc     864a r 000000000000000c 0000000000020010  c.mv     x12, x18
#5782 0 00000000000121fe     854e r 000000000000000a 000000000001e290  c.mv     x10, x19
#5783 0 0000000000012200     9782 r 0000000000000001 0000000000012202  c.jalr   x15
#5784 0 00000000000161c4 01059783 r 000000000000000f 0000000000002889  lh       x15, 0x10(x11)
#5785 0 00000000000161c8     7179 r 0000000000000002 00000000fffff1e0  c.addi16sp -0x3
#5786 0 00000000000161ca     f022 m 00000000fffff200 000000000001e878  c.sdsp   x8, 0x20
#5787 0 00000000000161cc     ec26 m 00000000fffff1f8 0000000000000006  c.sdsp   x9, 0x18
#5788 0 00000000000161ce     e84a m 00000000fffff1f0 0000000000020010  c.sdsp   x18, 0x10
#5789 0 00000000000161d0     e44e m 00000000fffff1e8 000000000001e290  c.sdsp   x19, 0x8
#5790 0 00000000000161d2     f406 m 00000000fffff208 0000000000012202  c.sdsp   x1, 0x28
#5791 0 00000000000161d4 1007f713 r 000000000000000e 0000000000000000  andi     x14, x15, 256
#5792 0 00000000000161d8     842e r 0000000000000008 000000000001e878  c.mv     x8, x11
#5793 0 00000000000161da     84aa r 0000000000000009 000000000001e290  c.mv     x9, x10
#5794 0 00000000000161dc 01259583 r 000000000000000b 0000000000000001  lh       x11, 0x12(x11)
#5795 0 00000000000161e0     8932 r 0000000000000012 0000000000020010  c.mv     x18, x12
#5796 0 00000000000161e2     89b6 r 0000000000000013 0000000000000006  c.mv     x19, x13
#5797 0 00000000000161e4     e30d r 0000000000000000 0000000000000000  c.bnez   x14, . + 0x22
#5798 0 00000000000161e6     777d r 000000000000000e fffffffffffff000  c.lui    x14, 0xfffff
#5799 0 00000000000161e8     177d r 000000000000000e ffffffffffffefff  c.addi   x14, -0x1
#5800 0 00000000000161ea     8ff9 r 000000000000000f 0000000000002889  c.and    x15, x14
#5801 0 00000000000161ec 00f41823 m 000000000001e888 0000000000002889  sh       x15, 0x10(x8)
#5802 0 00000000000161f0     7402 r 0000000000000008 000000000001e878  c.ldsp   x8, 0x20
#5803 0 00000000000161f2     70a2 r 0000000000000001 0000000000012202  c.ldsp   x1, 0x28
#5804 0 00000000000161f4     86ce r 000000000000000d 0000000000000006  c.mv     x13, x19
#5805 0 00000000000161f6     864a r 000000000000000c 0000000000020010  c.mv     x12, x18
#5806 0 00000000000161f8     69a2 r 0000000000000013 000000000001e290  c.ldsp   x19, 0x8
#5807 0 00000000000161fa     6942 r 0000000000000012 0000000000020010  c.ldsp   x18, 0x10
#5808 0 00000000000161fc     8526 r 000000000000000a 000000000001e290  c.mv     x10, x9
#5809 0 00000000000161fe     64e2 r 0000000000000009 0000000000000006  c.ldsp   x9, 0x18
#5810 0 0000000000016200     6145 r 0000000000000002 00000000fffff210  c.addi16sp 0x3
#5811 0 0000000000016202 3a70206f r 0000000000000000 0000000000000000  j        . + 0x2ba6
#5812 0 0000000000018da8     1101 r 0000000000000002 00000000fffff1f0  c.addi   x2, -0x20
#5813 0 0000000000018daa     872e r 000000000000000e 0000000000000001  c.mv     x14, x11
#5814 0 0000000000018dac     e822 m 00000000fffff200 000000000001e878  c.sdsp   x8, 0x10
#5815 0 0000000000018dae     e426 m 00000000fffff1f8 0000000000000006  c.sdsp   x9, 0x8
#5816 0 0000000000018db0     85b2 r 000000000000000b 0000000000020010  c.mv     x11, x12
#5817 0 0000000000018db2     842a r 0000000000000008 000000000001e290  c.mv     x8, x10
#5818 0 0000000000018db4     8636 r 000000000000000c 0000000000000006  c.mv     x12, x13
#5819 0 0000000000018db6     853a r 000000000000000a 0000000000000001  c.mv     x10, x14
#5820 0 0000000000018db8     ec06 m 00000000fffff208 0000000000012202  c.sdsp   x1, 0x18
#5821 0 0000000000018dba 7801a823 m 000000000001f408 0000000000000000  sw       x0, 0x790(x3)
#5822 0 0000000000018dbe 208020ef r 0000000000000001 0000000000018dc2  jal      x1, . + 0x2208
#5823 0 000000000001afc6     1141 r 0000000000000002 00000000fffff1e0  c.addi   x2, -0x10
#5824 0 000000000001afc8     e406 m 00000000fffff1e8 0000000000018dc2  c.sdsp   x1, 0x8
#5825 0 000000000001afca     e022 m 00000000fffff1e0 000000000001e290  c.sdsp   x8, 0x0
#5826 0 000000000001afcc 04000893 r 0000000000000011 0000000000000040  addi     x17, x0, 64
#5827 0 000000000001afd0 00000073 r 000000000000000a 0000000000000006  ecall    
#5828 0 000000000001afd4     842a r 0000000000000008 0000000000000006  c.mv     x8, x10
#5829 0 000000000001afd6 00054763 r 0000000000000000 0000000000000000  blt      x10, x0, . + 0xe
#5830 0 000000000001afda     60a2 r 0000000000000001 0000000000018dc2  c.ldsp   x1, 0x8
#5831 0 000000000001afdc     8522 r 000000000000000a 0000000000000006  c.mv     x10, x8
#5832 0 000000000001afde     6402 r 0000000000000008 000000000001e290  c.ldsp   x8, 0x0
#5833 0 000000000001afe0     0141 r 0000000000000002 00000000fffff1f0  c.addi   x2, 0x10
#5834 0 000000000001afe2     8082 r 0000000000000000 0000000000000000  c.jr     x1
#5835 0 0000000000018dc2     57fd r 000000000000000f ffffffffffffffff  c.li     x15, -0x1
#5836 0 0000000000018dc4 00f50763 r 0000000000000000 0000000000000000  beq      x10, x15, . + 0xe
#5837 0 0000000000018dc8     60e2 r 0000000000000001 0000000000012202  c.ldsp   x1, 0x18
#5838 0 0000000000018dca     6442 r 0000000000000008 000000000001e878  c.ldsp   x8, 0x10
#5839 0 0000000000018dcc     64a2 r 0000000000000009 0000000000000006  c.ldsp   x9, 0x8
#5840 0 0000000000018dce     6105 r 0000000000000002 00000000fffff210  c.addi16sp 0x2
#5841 0 0000000000018dd0     8082 r 0000000000000000 0000000000000000  c.jr     x1
#5842 0 0000000000012202     9c89 r 0000000000000009 0000000000000000  c.subw   x9, x10
#5843 0 0000000000012204 fea046e3 r 0000000000000000 0000000000000000  blt      x0, x10, . - 0x14
#5844 0 00000000000121f0     992a r 0000000000000012 0000000000020016  c.add    x18, x10
#5845 0 00000000000121f2 fc9053e3 r 0000000000000000 0000000000000000  bge      x0, x9, . - 0x3a
#5846 0 00000000000121b8     4501 r 000000000000000a 0000000000000000  c.li     x10, 0x0
#5847 0 00000000000121ba     70a2 r 0000000000000001 0000000000019384  c.ldsp   x1, 0x28
#5848 0 00000000000121bc     7402 r 0000000000000008 000000000001e878  c.ldsp   x8, 0x20
#5849 0 00000000000121be     64e2 r 0000000000000009 0000000000000001  c.ldsp   x9, 0x18
#5850 0 00000000000121c0     6942 r 0000000000000012 00000000fffff490  c.ldsp   x18, 0x10
#5851 0 00000000000121c2     69a2 r 0000000000000013 0000000000000000  c.ldsp   x19, 0x8
#5852 0 00000000000121c4     6145 r 0000000000000002 00000000fffff240  c.addi16sp 0x3
#5853 0 00000000000121c6     8082 r 0000000000000000 0000000000000000  c.jr     x1
#5854 0 0000000000019384     d179 r 0000000000000000 0000000000000000  c.beqz   x10, . - 0x3a
#5855 0 000000000001934a 010a3783 r 000000000000000f 0000000000000001  ld       x15, 0x10(x20)
#5856 0 000000000001934e     9ca6 r 0000000000000019 000000000001c467  c.add    x25, x9
#5857 0 0000000000019350 409c0c33 r 0000000000000018 0000000000000000  sub      x24, x24, x9
#5858 0 0000000000019354 409784b3 r 0000000000000009 0000000000000000  sub      x9, x15, x9
#5859 0 0000000000019358 009a3823 m 00000000fffff410 0000000000000000  sd       x9, 0x10(x20)
#5860 0 000000000001935c     f4c5 r 0000000000000000 0000000000000000  c.bnez   x9, . - 0x58
#5861 0 000000000001935e     4501 r 000000000000000a 0000000000000000  c.li     x10, 0x0
#5862 0 0000000000019360     60e6 r 0000000000000001 000000000001809a  c.ldsp   x1, 0x58
#5863 0 0000000000019362     6446 r 0000000000000008 000000000001c467  c.ldsp   x8, 0x50
#5864 0 0000000000019364     64a6 r 0000000000000009 0000000000000001  c.ldsp   x9, 0x48
#5865 0 0000000000019366     6906 r 0000000000000012 000000000001e878  c.ldsp   x18, 0x40
#5866 0 0000000000019368     79e2 r 0000000000000013 0000000000000001  c.ldsp   x19, 0x38
#5867 0 000000000001936a     7a42 r 0000000000000014 000000000001e290  c.ldsp   x20, 0x30
#5868 0 000000000001936c     7aa2 r 0000000000000015 00000000fffff400  c.ldsp   x21, 0x28
#5869 0 000000000001936e     7b02 r 0000000000000016 00000000fffff480  c.ldsp   x22, 0x20
#5870 0 0000000000019370     6be2 r 0000000000000017 0000000000000001  c.ldsp   x23, 0x18
#5871 0 0000000000019372     6c42 r 0000000000000018 fffffffffffffffe  c.ldsp   x24, 0x10
#5872 0 0000000000019374     6ca2 r 0000000000000019 000000000001c466  c.ldsp   x25, 0x8
#5873 0 0000000000019376     6d02 r 000000000000001a 0000000000000064  c.ldsp   x26, 0x0
#5874 0 0000000000019378     6125 r 0000000000000002 00000000fffff2a0  c.addi16sp 0x6
#5875 0 000000000001937a     8082 r 0000000000000000 0000000000000000  c.jr     x1
#5876 0 000000000001809a     b7e1 r 0000000000000000 0000000000000000  c.j      . - 0x38
#5877 0 0000000000018062     60a6 r 0000000000000001 0000000000011864  c.ldsp   x1, 0x48
#5878 0 0000000000018064     6406 r 0000000000000008 000000000001c467  c.ldsp   x8, 0x40
#5879 0 0000000000018066 000ab823 m 00000000fffff410 0000000000000000  sd       x0, 0x10(x21)
#5880 0 000000000001806a 000aa423 m 00000000fffff408 0000000000000000  sw       x0, 0x8(x21)
#5881 0 000000000001806e     74e2 r 0000000000000009 0000000000000001  c.ldsp   x9, 0x38
#5882 0 0000000000018070     7942 r 0000000000000012 000000000001e878  c.ldsp   x18, 0x30
#5883 0 0000000000018072     79a2 r 0000000000000013 0000000000000001  c.ldsp   x19, 0x28
#5884 0 0000000000018074     7a02 r 0000000000000014 000000000001e290  c.ldsp   x20, 0x20
#5885 0 0000000000018076     6ae2 r 0000000000000015 0000000000000000  c.ldsp   x21, 0x18
#5886 0 0000000000018078     6b42 r 0000000000000016 00000000fffff480  c.ldsp   x22, 0x10
#5887 0 000000000001807a     6ba2 r 0000000000000017 0000000000000001  c.ldsp   x23, 0x8
#5888 0 000000000001807c     6161 r 0000000000000002 00000000fffff2f0  c.addi16sp 0x5
#5889 0 000000000001807e     8082 r 0000000000000000 0000000000000000  c.jr     x1
#5890 0 0000000000011864 d99fe06f r 0000000000000000 0000000000000000  j        . - 0x1268
#5891 0 00000000000105fc 01095783 r 000000000000000f 0000000000002889  lhu      x15, 0x10(x18)
#5892 0 0000000000010600 0407f793 r 000000000000000f 0000000000000000  andi     x15, x15, 64
#5893 0 0000000000010604     c399 r 0000000000000000 0000000000000000  c.beqz   x15, . + 0x6
#5894 0 000000000001060a 27813083 r 0000000000000001 0000000000010340  ld       x1, 0x278(x2)
#5895 0 000000000001060e 27013403 r 0000000000000008 00000000ffffff50  ld       x8, 0x270(x2)
#5896 0 0000000000010612     6522 r 000000000000000a 0000000000000006  c.ldsp   x10, 0x8
#5897 0 0000000000010614 26813483 r 0000000000000009 0000000000000000  ld       x9, 0x268(x2)
#5898 0 0000000000010618 26013903 r 0000000000000012 0000000000000000  ld       x18, 0x260(x2)
#5899 0 000000000001061c 25813983 r 0000000000000013 0000000000000000  ld       x19, 0x258(x2)
#5900 0 0000000000010620 25013a03 r 0000000000000014 0000000000000000  ld       x20, 0x250(x2)
#5901 0 0000000000010624 24813a83 r 0000000000000015 0000000000000000  ld       x21, 0x248(x2)
#5902 0 0000000000010628 24013b03 r 0000000000000016 0000000000000000  ld       x22, 0x240(x2)
#5903 0 000000000001062c 23813b83 r 0000000000000017 0000000000000000  ld       x23, 0x238(x2)
#5904 0 0000000000010630 23013c03 r 0000000000000018 0000000000000000  ld       x24, 0x230(x2)
#5905 0 0000000000010634 22813c83 r 0000000000000019 0000000000000000  ld       x25, 0x228(x2)
#5906 0 0000000000010638 22013d03 r 000000000000001a 0000000000000000  ld       x26, 0x220(x2)
#5907 0 000000000001063c 21813d83 r 000000000000001b 0000000000000000  ld       x27, 0x218(x2)
#5908 0 0000000000010640 28010113 r 0000000000000002 00000000fffff570  addi     x2, x2, 640
#5909 0 0000000000010644     8082 r 0000000000000000 0000000000000000  c.jr     x1
#5910 0 0000000000010340     60e2 r 0000000000000001 0000000000010184  c.ldsp   x1, 0x18
#5911 0 0000000000010342     6125 r 0000000000000002 00000000fffff5d0  c.addi16sp 0x6
#5912 0 0000000000010344     8082 r 0000000000000000 0000000000000000  c.jr     x1
#5913 0 0000000000010184 fec42783 r 000000000000000f 0000000000000005  lw       x15, -0x14(x8)
#5914 0 0000000000010188     2785 r 000000000000000f 0000000000000006  c.addiw  x15, 0x1
#5915 0 000000000001018a fef42623 m 00000000ffffff3c 0000000000000006  sw       x15, -0x14(x8)
#5916 0 000000000001018e fec42783 r 000000000000000f 0000000000000006  lw       x15, -0x14(x8)
#5917 0 0000000000010192 0007871b r 000000000000000e 0000000000000006  addiw    x14, x15, 0
#5918 0 0000000000010196     47a5 r 000000000000000f 0000000000000009  c.li     x15, 0x9
#5919 0 0000000000010198 fce7dee3 r 0000000000000000 0000000000000000  bge      x15, x14, . - 0x24
#5920 0 0000000000010174 fec42783 r 000000000000000f 0000000000000006  lw       x15, -0x14(x8)
#5921 0 0000000000010178     85be r 000000000000000b 0000000000000006  c.mv     x11, x15
#5922 0 000000000001017a     67f1 r 000000000000000f 000000000001c000  c.lui    x15, 0x1c
#5923 0 000000000001017c 46078513 r 000000000000000a 000000000001c460  addi     x10, x15, 1120
#5924 0 0000000000010180 19a000ef r 0000000000000001 0000000000010184  jal      x1, . + 0x19a
#5925 0 000000000001031a 7581b303 r 0000000000000006 000000000001e290  ld       x6, 0x758(x3)
#5926 0 000000000001031e     711d r 0000000000000002 00000000fffff570  c.addi16sp -0x6
#5927 0 0000000000010320     f832 m 00000000fffff5a0 0000000000000006  c.sdsp   x12, 0x30
#5928 0 0000000000010322     fc36 m 00000000fffff5a8 0000000000000006  c.sdsp   x13, 0x38
#5929 0 0000000000010324     f42e m 00000000fffff598 0000000000000006  c.sdsp   x11, 0x28
#5930 0 0000000000010326     e0ba m 00000000fffff5b0 0000000000000006  c.sdsp   x14, 0x40
#5931 0 0000000000010328     e4be m 00000000fffff5b8 000000000001c000  c.sdsp   x15, 0x48
#5932 0 000000000001032a     e8c2 m 00000000fffff5c0 0000000000000000  c.sdsp   x16, 0x50
#5933 0 000000000001032c     ecc6 m 00000000fffff5c8 0000000000000040  c.sdsp   x17, 0x58
#5934 0 000000000001032e 01033583 r 000000000000000b 000000000001e878  ld       x11, 0x10(x6)
#5935 0 0000000000010332     1034 r 000000000000000d 00000000fffff598  c.addi4spn  x13, 0xa
#5936 0 0000000000010334     862a r 000000000000000c 000000000001c460  c.mv     x12, x10
#5937 0 0000000000010336     851a r 000000000000000a 000000000001e290  c.mv     x10, x6
#5938 0 0000000000010338     ec06 m 00000000fffff588 0000000000010184  c.sdsp   x1, 0x18
#5939 0 000000000001033a     e436 m 00000000fffff578 00000000fffff598  c.sdsp   x13, 0x8
#5940 0 000000000001033c 00a000ef r 0000000000000001 0000000000010340  jal      x1, . + 0xa
#5941 0 0000000000010346 d8010113 r 0000000000000002 00000000fffff2f0  addi     x2, x2, -640
#5942 0 000000000001034a 26113c23 m 00000000fffff568 0000000000010340  sd       x1, 0x278(x2)
#5943 0 000000000001034e 27213023 m 00000000fffff550 0000000000000000  sd       x18, 0x260(x2)
#5944 0 0000000000010352 25413823 m 00000000fffff540 0000000000000000  sd       x20, 0x250(x2)
#5945 0 0000000000010356 23913423 m 00000000fffff518 0000000000000000  sd       x25, 0x228(x2)
#5946 0 000000000001035a     892e r 0000000000000012 000000000001e878  c.mv     x18, x11
#5947 0 000000000001035c     8cb2 r 0000000000000019 000000000001c460  c.mv     x25, x12
#5948 0 000000000001035e     e836 m 00000000fffff300 00000000fffff598  c.sdsp   x13, 0x10
#5949 0 0000000000010360 26813823 m 00000000fffff560 00000000ffffff50  sd       x8, 0x270(x2)
#5950 0 0000000000010364 26913423 m 00000000fffff558 0000000000000000  sd       x9, 0x268(x2)
#5951 0 0000000000010368 25313c23 m 00000000fffff548 0000000000000000  sd       x19, 0x258(x2)
#5952 0 000000000001036c 25513423 m 00000000fffff538 0000000000000000  sd       x21, 0x248(x2)
#5953 0 0000000000010370 25613023 m 00000000fffff530 0000000000000000  sd       x22, 0x240(x2)
#5954 0 0000000000010374 23713c23 m 00000000fffff528 0000000000000000  sd       x23, 0x238(x2)
#5955 0 0000000000010378 23813823 m 00000000fffff520 0000000000000000  sd       x24, 0x230(x2)
#5956 0 000000000001037c 23a13023 m 00000000fffff510 0000000000000000  sd       x26, 0x220(x2)
#5957 0 0000000000010380 21b13c23 m 00000000fffff508 0000000000000000  sd       x27, 0x218(x2)
#5958 0 0000000000010384     8a2a r 0000000000000014 000000000001e290  c.mv     x20, x10
#5959 0 0000000000010386 6fa040ef r 0000000000000001 000000000001038a  jal      x1, . + 0x46fa
#5960 0 0000000000014a80 e6018513 r 000000000000000a 000000000001ead8  addi     x10, x3, -416
#5961 0 0000000000014a84     8082 r 0000000000000000 0000000000000000  c.jr     x1
#5962 0 000000000001038a     611c r 000000000000000f 000000000001c9b0  c.ld     x15, 0x0(x10)
#5963 0 000000000001038c     853e r 000000000000000a 000000000001c9b0  c.mv     x10, x15
#5964 0 000000000001038e     f8be m 00000000fffff360 000000000001c9b0  c.sdsp   x15, 0x70
#5965 0 0000000000010390 058060ef r 0000000000000001 0000000000010394  jal      x1, . + 0x6058
#5966 0 00000000000163e8 00757793 r 000000000000000f 0000000000000000  andi     x15, x10, 7
#5967 0 00000000000163ec     872a r 000000000000000e 000000000001c9b0  c.mv     x14, x10
#5968 0 00000000000163ee     eba9 r 0000000000000000 0000000000000000  c.bnez   x15, . + 0x52
#5969 0 00000000000163f0 7401b683 r 000000000000000d 7f7f7f7f7f7f7f7f  ld       x13, 0x740(x3)
#5970 0 00000000000163f4     55fd r 000000000000000b ffffffffffffffff  c.li     x11, -0x1
#5971 0 00000000000163f6     6310 r 000000000000000c 000000000000002e  c.ld     x12, 0x0(x14)
#5972 0 00000000000163f8     0721 r 000000000000000e 000000000001c9b8  c.addi   x14, 0x8
#5973 0 00000000000163fa 00d677b3 r 000000000000000f 000000000000002e  and      x15, x12, x13
#5974 0 00000000000163fe     97b6 r 000000000000000f 7f7f7f7f7f7f7fad  c.add    x15, x13
#5975 0 0000000000016400     8fd1 r 000000000000000f 7f7f7f7f7f7f7faf  c.or     x15, x12
#5976 0 0000000000016402     8fd5 r 000000000000000f 7f7f7f7f7f7f7fff  c.or     x15, x13
#5977 0 0000000000016404 feb789e3 r 0000000000000000 0000000000000000  beq      x15, x11, . - 0xe
#5978 0 0000000000016408 ff874683 r 000000000000000d 000000000000002e  lbu      x13, -0x8(x14)
#5979 0 000000000001640c 40a707b3 r 000000000000000f 0000000000000008  sub      x15, x14, x10
#5980 0 0000000000016410     c6a9 r 0000000000000000 0000000000000000  c.beqz   x13, . + 0x4a
#5981 0 0000000000016412 ff974683 r 000000000000000d 0000000000000000  lbu      x13, -0x7(x14)
#5982 0 0000000000016416     ce9d r 0000000000000000 0000000000000000  c.beqz   x13, . + 0x3e
#5983 0 0000000000016454 ff978513 r 000000000000000a 0000000000000001  addi     x10, x15, -7
#5984 0 0000000000016458     8082 r 0000000000000000 0000000000000000  c.jr     x1
#5985 0 0000000000010394     f4aa m 00000000fffff358 0000000000000001  c.sdsp   x10, 0x68
#5986 0 0000000000010396     e202 m 00000000fffff3f0 0000000000000000  c.sdsp   x0, 0x100
#5987 0 0000000000010398     e602 m 00000000fffff3f8 0000000000000000  c.sdsp   x0, 0x108
#5988 0 000000000001039a 000a0663 r 0000000000000000 0000000000000000  beq      x20, x0, . + 0xc
#5989 0 000000000001039e 050a2783 r 000000000000000f 0000000000000001  lw       x15, 0x50(x20)
#5990 0 00000000000103a2 72078963 r 0000000000000000 0000000000000000  beq      x15, x0, . + 0x732
#5991 0 00000000000103a6 01091703 r 000000000000000e 0000000000002889  lh       x14, 0x10(x18)
#5992 0 00000000000103aa     6689 r 000000000000000d 0000000000002000  c.lui    x13, 0x2
#5993 0 00000000000103ac 03071793 r 000000000000000f 2889000000000000  slli     x15, x14, 48
#5994 0 00000000000103b0     93c1 r 000000000000000f 0000000000002889  c.srli   x15, 0x30
#5995 0 00000000000103b2 00d7f633 r 000000000000000c 0000000000002000  and      x12, x15, x13
#5996 0 00000000000103b6     e215 r 0000000000000000 0000000000000000  c.bnez   x12, . + 0x24
#5997 0 00000000000103da 0087f713 r 000000000000000e 0000000000000008  andi     x14, x15, 8
#5998 0 00000000000103de 26070a63 r 0000000000000000 0000000000000000  beq      x14, x0, . + 0x274
#5999 0 00000000000103e2 01893703 r 000000000000000e 0000000000020010  ld       x14, 0x18(x18)
#6000 0 00000000000103e6 26070663 r 0000000000000000 0000000000000000  beq      x14, x0, . + 0x26c
#6001 0 00000000000103ea     8be9 r 000000000000000f 0000000000000008  c.andi   x15, 0x1a
#6002 0 00000000000103ec     4729 r 000000000000000e 000000000000000a  c.li     x14, 0xa
#6003 0 00000000000103ee 26e78f63 r 0000000000000000 0000000000000000  beq      x15, x14, . + 0x27e
#6004 0 00000000000103f2     67f1 r 000000000000000f 000000000001c000  c.lui    x15, 0x1c
#6005 0 00000000000103f4 6887b783 r 000000000000000f 3ffc000000000000  ld       x15, 0x688(x15)
#6006 0 00000000000103f8 19010b13 r 0000000000000016 00000000fffff480  addi     x22, x2, 400
#6007 0 00000000000103fc     ea5a m 00000000fffff400 00000000fffff480  c.sdsp   x22, 0x110
#6008 0 00000000000103fe     ed3e m 00000000fffff388 3ffc000000000000  c.sdsp   x15, 0x98
#6009 0 0000000000010400     67f1 r 000000000000000f 000000000001c000  c.lui    x15, 0x1c
#6010 0 0000000000010402 6687b783 r 000000000000000f 4003000000000000  ld       x15, 0x668(x15)
#6011 0 0000000000010406     f202 m 00000000fffff410 0000000000000000  c.sdsp   x0, 0x120
#6012 0 0000000000010408 10012c23 m 00000000fffff408 0000000000000000  sw       x0, 0x118(x2)
#6013 0 000000000001040c     e93e m 00000000fffff380 4003000000000000  c.sdsp   x15, 0x90
#6014 0 000000000001040e     67f1 r 000000000000000f 000000000001c000  c.lui    x15, 0x1c
#6015 0 0000000000010410 6787b783 r 000000000000000f 3ffe000000000000  ld       x15, 0x678(x15)
#6016 0 0000000000010414     f002 m 00000000fffff310 0000000000000000  c.sdsp   x0, 0x20
#6017 0 0000000000010416     f402 m 00000000fffff318 0000000000000000  c.sdsp   x0, 0x28
#6018 0 0000000000010418     f13e m 00000000fffff390 3ffe000000000000  c.sdsp   x15, 0xa0
#6019 0 000000000001041a 000cc783 r 000000000000000f 0000000000000069  lbu      x15, 0x0(x25)
#6020 0 000000000001041e     fc82 m 00000000fffff368 0000000000000000  c.sdsp   x0, 0x78
#6021 0 0000000000010420     f082 m 00000000fffff350 0000000000000000  c.sdsp   x0, 0x60
#6022 0 0000000000010422     e102 m 00000000fffff370 0000000000000000  c.sdsp   x0, 0x80
#6023 0 0000000000010424     e502 m 00000000fffff378 0000000000000000  c.sdsp   x0, 0x88
#6024 0 0000000000010426     e402 m 00000000fffff2f8 0000000000000000  c.sdsp   x0, 0x8
#6025 0 0000000000010428     835a r 0000000000000006 00000000fffff480  c.mv     x6, x22
#6026 0 000000000001042a 1c078563 r 0000000000000000 0000000000000000  beq      x15, x0, . + 0x1ca
#6027 0 000000000001042e     8466 r 0000000000000008 000000000001c460  c.mv     x8, x25
#6028 0 0000000000010430 02500713 r 000000000000000e 0000000000000025  addi     x14, x0, 37
#6029 0 0000000000010434 30e78363 r 0000000000000000 0000000000000000  beq      x15, x14, . + 0x306
#6030 0 0000000000010438 00144783 r 000000000000000f 0000000000000020  lbu      x15, 0x1(x8)
#6031 0 000000000001043c     0405 r 0000000000000008 000000000001c461  c.addi   x8, 0x1
#6032 0 000000000001043e     fbfd r 0000000000000000 0000000000000000  c.bnez   x15, . - 0xa
#6033 0 0000000000010434 30e78363 r 0000000000000000 0000000000000000  beq      x15, x14, . + 0x306
#6034 0 0000000000010438 00144783 r 000000000000000f 000000000000003d  lbu      x15, 0x1(x8)
#6035 0 000000000001043c     0405 r 0000000000000008 000000000001c462  c.addi   x8, 0x1
#6036 0 000000000001043e     fbfd r 0000000000000000 0000000000000000  c.bnez   x15, . - 0xa
#6037 0 0000000000010434 30e78363 r 0000000000000000 0000000000000000  beq      x15, x14, . + 0x306
#6038 0 0000000000010438 00144783 r 000000000000000f 0000000000000020  lbu      x15, 0x1(x8)
#6039 0 000000000001043c     0405 r 0000000000000008 000000000001c463  c.addi   x8, 0x1
#6040 0 000000000001043e     fbfd r 0000000000000000 0000000000000000  c.bnez   x15, . - 0xa
#6041 0 0000000000010434 30e78363 r 0000000000000000 0000000000000000  beq      x15, x14, . + 0x306
#6042 0 0000000000010438 00144783 r 000000000000000f 0000000000000025  lbu      x15, 0x1(x8)
#6043 0 000000000001043c     0405 r 0000000000000008 000000000001c464  c.addi   x8, 0x1
#6044 0 000000000001043e     fbfd r 0000000000000000 0000000000000000  c.bnez   x15, . - 0xa
#6045 0 0000000000010434 30e78363 r 0000000000000000 0000000000000000  beq      x15, x14, . + 0x306
#6046 0 000000000001073a 419404bb r 0000000000000009 0000000000000004  subw     x9, x8, x25
#6047 0 000000000001073e d00495e3 r 0000000000000000 0000000000000000  bne      x9, x0, . - 0x2f6
#6048 0 0000000000010448     7712 r 000000000000000e 0000000000000000  c.ldsp   x14, 0x120
#6049 0 000000000001044a 11812783 r 000000000000000f 0000000000000000  lw       x15, 0x118(x2)
#6050 0 000000000001044e 01933023 m 00000000fffff480 000000000001c460  sd       x25, 0x0(x6)
#6051 0 0000000000010452     9726 r 000000000000000e 0000000000000004  c.add    x14, x9
#6052 0 0000000000010454     2785 r 000000000000000f 0000000000000001  c.addiw  x15, 0x1
#6053 0 0000000000010456 00933423 m 00000000fffff488 0000000000000004  sd       x9, 0x8(x6)
#6054 0 000000000001045a     f23a m 00000000fffff410 0000000000000004  c.sdsp   x14, 0x120
#6055 0 000000000001045c 10f12c23 m 00000000fffff408 0000000000000001  sw       x15, 0x118(x2)
#6056 0 0000000000010460 0007871b r 000000000000000e 0000000000000001  addiw    x14, x15, 0
#6057 0 0000000000010464     479d r 000000000000000f 0000000000000007  c.li     x15, 0x7
#6058 0 0000000000010466     0341 r 0000000000000006 00000000fffff490  c.addi   x6, 0x10
#6059 0 0000000000010468 2ee7c063 r 0000000000000000 0000000000000000  blt      x15, x14, . + 0x2e0
#6060 0 000000000001046c     6722 r 000000000000000e 0000000000000000  c.ldsp   x14, 0x8
#6061 0 000000000001046e 00044783 r 000000000000000f 0000000000000025  lbu      x15, 0x0(x8)
#6062 0 0000000000010472     9f25 r 000000000000000e 0000000000000004  c.addw   x14, x9
#6063 0 0000000000010474     e43a m 00000000fffff2f8 0000000000000004  c.sdsp   x14, 0x8
#6064 0 0000000000010476 16078f63 r 0000000000000000 0000000000000000  beq      x15, x0, . + 0x17e
#6065 0 000000000001047a     67f1 r 000000000000000f 000000000001c000  c.lui    x15, 0x1c
#6066 0 000000000001047c 00144e03 r 000000000000001c 0000000000000064  lbu      x28, 0x1(x8)
#6067 0 0000000000010480 0c010fa3 m 00000000fffff3cf 0000000000000000  sb       x0, 0xdf(x2)
#6068 0 0000000000010484     0405 r 0000000000000008 000000000001c465  c.addi   x8, 0x1
#6069 0 0000000000010486     5c7d r 0000000000000018 ffffffffffffffff  c.li     x24, -0x1
#6070 0 0000000000010488     4a81 r 0000000000000015 0000000000000000  c.li     x21, 0x0
#6071 0 000000000001048a     4481 r 0000000000000009 0000000000000000  c.li     x9, 0x0
#6072 0 000000000001048c 05a00993 r 0000000000000013 000000000000005a  addi     x19, x0, 90
#6073 0 0000000000010490 4c878b93 r 0000000000000017 000000000001c4c8  addi     x23, x15, 1224
#6074 0 0000000000010494     4da5 r 000000000000001b 0000000000000009  c.li     x27, 0x9
#6075 0 0000000000010496     0405 r 0000000000000008 000000000001c466  c.addi   x8, 0x1
#6076 0 0000000000010498 000e0d1b r 000000000000001a 0000000000000064  addiw    x26, x28, 0
#6077 0 000000000001049c 02a00613 r 000000000000000c 000000000000002a  addi     x12, x0, 42
#6078 0 00000000000104a0 fe0d079b r 000000000000000f 0000000000000044  addiw    x15, x26, -32
#6079 0 00000000000104a4 0007871b r 000000000000000e 0000000000000044  addiw    x14, x15, 0
#6080 0 00000000000104a8 04e9e363 r 0000000000000000 0000000000000000  bltu     x19, x14, . + 0x46
#6081 0 00000000000104ac 02079713 r 000000000000000e 0000004400000000  slli     x14, x15, 32
#6082 0 00000000000104b0 01e75793 r 000000000000000f 0000000000000110  srli     x15, x14, 30
#6083 0 00000000000104b4     97de r 000000000000000f 000000000001c5d8  c.add    x15, x23
#6084 0 00000000000104b6     439c r 000000000000000f 000000000001068a  c.lw     x15, 0x0(x15)
#6085 0 00000000000104b8     8782 r 0000000000000000 0000000000000000  c.jr     x15
#6086 0 000000000001068a     66c2 r 000000000000000d 00000000fffff598  c.ldsp   x13, 0x10
#6087 0 000000000001068c 0204f793 r 000000000000000f 0000000000000000  andi     x15, x9, 32
#6088 0 0000000000010690 00868713 r 000000000000000e 00000000fffff5a0  addi     x14, x13, 8
#6089 0 0000000000010694 3c078163 r 0000000000000000 0000000000000000  beq      x15, x0, . + 0x3c2
#6090 0 0000000000010a56 0104f793 r 000000000000000f 0000000000000000  andi     x15, x9, 16
#6091 0 0000000000010a5a 7e079f63 r 0000000000000000 0000000000000000  bne      x15, x0, . + 0x7fe
#6092 0 0000000000010a5e 0404f793 r 000000000000000f 0000000000000000  andi     x15, x9, 64
#6093 0 0000000000010a62 380788e3 r 0000000000000000 0000000000000000  beq      x15, x0, . + 0xb90
#6094 0 00000000000115f2 2004f793 r 000000000000000f 0000000000000000  andi     x15, x9, 512
#6095 0 00000000000115f6 24078163 r 0000000000000000 0000000000000000  beq      x15, x0, . + 0x242
#6096 0 0000000000011838     67c2 r 000000000000000f 00000000fffff598  c.ldsp   x15, 0x10
#6097 0 000000000001183a 0007a983 r 0000000000000013 0000000000000006  lw       x19, 0x0(x15)
#6098 0 000000000001183e     87ce r 000000000000000f 0000000000000006  c.mv     x15, x19
#6099 0 0000000000011840 e5dfe06f r 0000000000000000 0000000000000000  j        . - 0x11a4
#6100 0 000000000001069c 3c07cb63 r 0000000000000000 0000000000000000  blt      x15, x0, . + 0x3d6
#6101 0 00000000000106a0     57fd r 000000000000000f ffffffffffffffff  c.li     x15, -0x1
#6102 0 00000000000106a2 3efc00e3 r 0000000000000000 0000000000000000  beq      x24, x15, . + 0xbe0
#6103 0 0000000000011282     e83a m 00000000fffff300 00000000fffff5a0  c.sdsp   x14, 0x10
#6104 0 0000000000011284     47a5 r 000000000000000f 0000000000000009  c.li     x15, 0x9
#6105 0 0000000000011286     8da6 r 000000000000001b 0000000000000000  c.mv     x27, x9
#6106 0 0000000000011288 cb37f8e3 r 0000000000000000 0000000000000000  bgeu     x15, x19, . - 0x350
#6107 0 0000000000010f38 0309899b r 0000000000000013 0000000000000036  addiw    x19, x19, 48
#6108 0 0000000000010f3c 193105a3 m 00000000fffff47b 0000000000000036  sb       x19, 0x18b(x2)
#6109 0 0000000000010f40     84ee r 0000000000000009 0000000000000000  c.mv     x9, x27
#6110 0 0000000000010f42     4b85 r 0000000000000017 0000000000000001  c.li     x23, 0x1
#6111 0 0000000000010f44 18b10c93 r 0000000000000019 00000000fffff47b  addi     x25, x2, 395
#6112 0 0000000000010f48 f7aff06f r 0000000000000000 0000000000000000  j        . - 0x886
#6113 0 00000000000106c2 0df14783 r 000000000000000f 0000000000000000  lbu      x15, 0xdf(x2)
#6114 0 00000000000106c6 000b899b r 0000000000000013 0000000000000001  addiw    x19, x23, 0
#6115 0 00000000000106ca 018bd463 r 0000000000000000 0000000000000000  bge      x23, x24, . + 0x8
#6116 0 00000000000106d2     ec02 m 00000000fffff308 0000000000000000  c.sdsp   x0, 0x18
#6117 0 00000000000106d4     e482 m 00000000fffff338 0000000000000000  c.sdsp   x0, 0x48
#6118 0 00000000000106d6     ec82 m 00000000fffff348 0000000000000000  c.sdsp   x0, 0x58
#6119 0 00000000000106d8     e882 m 00000000fffff340 0000000000000000  c.sdsp   x0, 0x50
#6120 0 00000000000106da e20789e3 r 0000000000000000 0000000000000000  beq      x15, x0, . - 0x1ce
#6121 0 000000000001050c 0024f293 r 0000000000000005 0000000000000000  andi     x5, x9, 2
#6122 0 0000000000010510 00028363 r 0000000000000000 0000000000000000  beq      x5, x0, . + 0x6
#6123 0 0000000000010516 0844fd93 r 000000000000001b 0000000000000000  andi     x27, x9, 132
#6124 0 000000000001051a     7792 r 000000000000000f 0000000000000004  c.ldsp   x15, 0x120
#6125 0 000000000001051c 000d9663 r 0000000000000000 0000000000000000  bne      x27, x0, . + 0xc
#6126 0 0000000000010520 413a86bb r 000000000000000d ffffffffffffffff  subw     x13, x21, x19
#6127 0 0000000000010524 22d044e3 r 0000000000000000 0000000000000000  blt      x0, x13, . + 0xa28
#6128 0 0000000000010528 0df14703 r 000000000000000e 0000000000000000  lbu      x14, 0xdf(x2)
#6129 0 000000000001052c     c70d r 0000000000000000 0000000000000000  c.beqz   x14, . + 0x2a
#6130 0 0000000000010556 02028563 r 0000000000000000 0000000000000000  beq      x5, x0, . + 0x2a
#6131 0 0000000000010580 08000713 r 000000000000000e 0000000000000080  addi     x14, x0, 128
#6132 0 0000000000010584 06ed8ae3 r 0000000000000000 0000000000000000  beq      x27, x14, . + 0x874
#6133 0 0000000000010588 417c0c3b r 0000000000000018 fffffffffffffffe  subw     x24, x24, x23
#6134 0 000000000001058c 0f804ee3 r 0000000000000000 0000000000000000  blt      x0, x24, . + 0x8fc
#6135 0 0000000000010590 1004f713 r 000000000000000e 0000000000000000  andi     x14, x9, 256
#6136 0 0000000000010594 78071b63 r 0000000000000000 0000000000000000  bne      x14, x0, . + 0x796
#6137 0 0000000000010598 11812703 r 000000000000000e 0000000000000001  lw       x14, 0x118(x2)
#6138 0 000000000001059c     97de r 000000000000000f 0000000000000005  c.add    x15, x23
#6139 0 000000000001059e 01933023 m 00000000fffff490 00000000fffff47b  sd       x25, 0x0(x6)
#6140 0 00000000000105a2 0017069b r 000000000000000d 0000000000000002  addiw    x13, x14, 1
#6141 0 00000000000105a6     8736 r 000000000000000e 0000000000000002  c.mv     x14, x13
#6142 0 00000000000105a8 01733423 m 00000000fffff498 0000000000000001  sd       x23, 0x8(x6)
#6143 0 00000000000105ac 10e12c23 m 00000000fffff408 0000000000000002  sw       x14, 0x118(x2)
#6144 0 00000000000105b0     f23e m 00000000fffff410 0000000000000005  c.sdsp   x15, 0x120
#6145 0 00000000000105b2     471d r 000000000000000e 0000000000000007  c.li     x14, 0x7
#6146 0 00000000000105b4 46d74863 r 0000000000000000 0000000000000000  blt      x14, x13, . + 0x470
#6147 0 00000000000105b8     0341 r 0000000000000006 00000000fffff4a0  c.addi   x6, 0x10
#6148 0 00000000000105ba     8891 r 0000000000000009 0000000000000000  c.andi   x9, 0x4
#6149 0 00000000000105bc     c489 r 0000000000000000 0000000000000000  c.beqz   x9, . + 0xa
#6150 0 00000000000105c6     8756 r 000000000000000e 0000000000000000  c.mv     x14, x21
#6151 0 00000000000105c8 013ad363 r 0000000000000000 0000000000000000  bge      x21, x19, . + 0x6
#6152 0 00000000000105cc     874e r 000000000000000e 0000000000000001  c.mv     x14, x19
#6153 0 00000000000105ce     66a2 r 000000000000000d 0000000000000004  c.ldsp   x13, 0x8
#6154 0 00000000000105d0     9f35 r 000000000000000e 0000000000000005  c.addw   x14, x13
#6155 0 00000000000105d2     e43a m 00000000fffff2f8 0000000000000005  c.sdsp   x14, 0x8
#6156 0 00000000000105d4 12079be3 r 0000000000000000 0000000000000000  bne      x15, x0, . + 0x936
#6157 0 0000000000010f0a     0a10 r 000000000000000c 00000000fffff400  c.addi4spn  x12, 0x44
#6158 0 0000000000010f0c     85ca r 000000000000000b 000000000001e878  c.mv     x11, x18
#6159 0 0000000000010f0e     8552 r 000000000000000a 000000000001e290  c.mv     x10, x20
#6160 0 0000000000010f10 18c070ef r 0000000000000001 0000000000010f14  jal      x1, . + 0x718c
#6161 0 000000000001809c     6a18 r 000000000000000e 0000000000000005  c.ld     x14, 0x10(x12)
#6162 0 000000000001809e     c311 r 0000000000000000 0000000000000000  c.beqz   x14, . + 0x4
#6163 0 00000000000180a0     bfa1 r 0000000000000000 0000000000000000  c.j      . - 0xa8
#6164 0 0000000000017ff8 0ac5a783 r 000000000000000f 0000000000000000  lw       x15, 0xac(x11)
#6165 0 0000000000017ffc     715d r 0000000000000002 00000000fffff2a0  c.addi16sp -0x5
#6166 0 0000000000017ffe     6709 r 000000000000000e 0000000000002000  c.lui    x14, 0x2
#6167 0 0000000000018000     ec56 m 00000000fffff2b8 0000000000000000  c.sdsp   x21, 0x18
#6168 0 0000000000018002     e486 m 00000000fffff2e8 0000000000010f14  c.sdsp   x1, 0x48
#6169 0 0000000000018004     e0a2 m 00000000fffff2e0 000000000001c466  c.sdsp   x8, 0x40
#6170 0 0000000000018006     fc26 m 00000000fffff2d8 0000000000000000  c.sdsp   x9, 0x38
#6171 0 0000000000018008     f84a m 00000000fffff2d0 000000000001e878  c.sdsp   x18, 0x30
#6172 0 000000000001800a     f44e m 00000000fffff2c8 0000000000000001  c.sdsp   x19, 0x28
#6173 0 000000000001800c     f052 m 00000000fffff2c0 000000000001e290  c.sdsp   x20, 0x20
#6174 0 000000000001800e     e85a m 00000000fffff2b0 00000000fffff480  c.sdsp   x22, 0x10
#6175 0 0000000000018010     e45e m 00000000fffff2a8 0000000000000001  c.sdsp   x23, 0x8
#6176 0 0000000000018012     8ff9 r 000000000000000f 0000000000000000  c.and    x15, x14
#6177 0 0000000000018014     8ab2 r 0000000000000015 00000000fffff400  c.mv     x21, x12
#6178 0 0000000000018016     c3c1 r 0000000000000000 0000000000000000  c.beqz   x15, . + 0x80
#6179 0 0000000000018096 146010ef r 0000000000000001 000000000001809a  jal      x1, . + 0x1146
#6180 0 00000000000191dc     6a1c r 000000000000000f 0000000000000005  c.ld     x15, 0x10(x12)
#6181 0 00000000000191de 1a078c63 r 0000000000000000 0000000000000000  beq      x15, x0, . + 0x1b8
#6182 0 00000000000191e2 0105d783 r 000000000000000f 0000000000002889  lhu      x15, 0x10(x11)
#6183 0 00000000000191e6     711d r 0000000000000002 00000000fffff240  c.addi16sp -0x6
#6184 0 00000000000191e8     e8a2 m 00000000fffff290 000000000001c466  c.sdsp   x8, 0x50
#6185 0 00000000000191ea     f852 m 00000000fffff270 000000000001e290  c.sdsp   x20, 0x30
#6186 0 00000000000191ec     f456 m 00000000fffff268 00000000fffff400  c.sdsp   x21, 0x28
#6187 0 00000000000191ee     ec86 m 00000000fffff298 000000000001809a  c.sdsp   x1, 0x58
#6188 0 00000000000191f0     e4a6 m 00000000fffff288 0000000000000000  c.sdsp   x9, 0x48
#6189 0 00000000000191f2     e0ca m 00000000fffff280 000000000001e878  c.sdsp   x18, 0x40
#6190 0 00000000000191f4     fc4e m 00000000fffff278 0000000000000001  c.sdsp   x19, 0x38
#6191 0 00000000000191f6     f05a m 00000000fffff260 00000000fffff480  c.sdsp   x22, 0x20
#6192 0 00000000000191f8     ec5e m 00000000fffff258 0000000000000001  c.sdsp   x23, 0x18
#6193 0 00000000000191fa     e862 m 00000000fffff250 fffffffffffffffe  c.sdsp   x24, 0x10
#6194 0 00000000000191fc     e466 m 00000000fffff248 00000000fffff47b  c.sdsp   x25, 0x8
#6195 0 00000000000191fe     e06a m 00000000fffff240 0000000000000064  c.sdsp   x26, 0x0
#6196 0 0000000000019200 0087f713 r 000000000000000e 0000000000000008  andi     x14, x15, 8
#6197 0 0000000000019204     8a32 r 0000000000000014 00000000fffff400  c.mv     x20, x12
#6198 0 0000000000019206     8aaa r 0000000000000015 000000000001e290  c.mv     x21, x10
#6199 0 0000000000019208     842e r 0000000000000008 000000000001e878  c.mv     x8, x11
#6200 0 000000000001920a     c325 r 0000000000000000 0000000000000000  c.beqz   x14, . + 0x60
#6201 0 000000000001920c     6d98 r 000000000000000e 0000000000020010  c.ld     x14, 0x18(x11)
#6202 0 000000000001920e     cf31 r 0000000000000000 0000000000000000  c.beqz   x14, . + 0x5c
#6203 0 0000000000019210 0027f713 r 000000000000000e 0000000000000000  andi     x14, x15, 2
#6204 0 0000000000019214 000a3903 r 0000000000000012 00000000fffff480  ld       x18, 0x0(x20)
#6205 0 0000000000019218     c735 r 0000000000000000 0000000000000000  c.beqz   x14, . + 0x6c
#6206 0 0000000000019284 0017f713 r 000000000000000e 0000000000000001  andi     x14, x15, 1
#6207 0 0000000000019288     eb35 r 0000000000000000 0000000000000000  c.bnez   x14, . + 0x74
#6208 0 00000000000192fc     4981 r 0000000000000013 0000000000000000  c.li     x19, 0x0
#6209 0 00000000000192fe     4501 r 000000000000000a 0000000000000000  c.li     x10, 0x0
#6210 0 0000000000019300     4c81 r 0000000000000019 0000000000000000  c.li     x25, 0x0
#6211 0 0000000000019302     4c01 r 0000000000000018 0000000000000000  c.li     x24, 0x0
#6212 0 0000000000019304 080c0b63 r 0000000000000000 0000000000000000  beq      x24, x0, . + 0x96
#6213 0 000000000001939a 00893c03 r 0000000000000018 0000000000000004  ld       x24, 0x8(x18)
#6214 0 000000000001939e 00093c83 r 0000000000000019 000000000001c460  ld       x25, 0x0(x18)
#6215 0 00000000000193a2     0941 r 0000000000000012 00000000fffff490  c.addi   x18, 0x10
#6216 0 00000000000193a4 fe0c0be3 r 0000000000000000 0000000000000000  beq      x24, x0, . - 0xa
#6217 0 00000000000193a8     8662 r 000000000000000c 0000000000000004  c.mv     x12, x24
#6218 0 00000000000193aa     45a9 r 000000000000000b 000000000000000a  c.li     x11, 0xa
#6219 0 00000000000193ac     8566 r 000000000000000a 000000000001c460  c.mv     x10, x25
#6220 0 00000000000193ae f7bfb0ef r 0000000000000001 00000000000193b2  jal      x1, . - 0x4086
#6221 0 0000000000015328 00757793 r 000000000000000f 0000000000000000  andi     x15, x10, 7
#6222 0 000000000001532c 0ff5f693 r 000000000000000d 000000000000000a  andi     x13, x11, 255
#6223 0 0000000000015330     c395 r 0000000000000000 0000000000000000  c.beqz   x15, . + 0x24
#6224 0 0000000000015354     87b2 r 000000000000000f 0000000000000004  c.mv     x15, x12
#6225 0 0000000000015356     471d r 000000000000000e 0000000000000007  c.li     x14, 0x7
#6226 0 0000000000015358 00f76f63 r 0000000000000000 0000000000000000  bltu     x14, x15, . + 0x1e
#6227 0 000000000001535c     e399 r 0000000000000000 0000000000000000  c.bnez   x15, . + 0x6
#6228 0 0000000000015362     97aa r 000000000000000f 000000000001c464  c.add    x15, x10
#6229 0 0000000000015364     a021 r 0000000000000000 0000000000000000  c.j      . + 0x8
#6230 0 000000000001536c 00054703 r 000000000000000e 0000000000000069  lbu      x14, 0x0(x10)
#6231 0 0000000000015370 fed71be3 r 0000000000000000 0000000000000000  bne      x14, x13, . - 0xa
#6232 0 0000000000015366     0505 r 000000000000000a 000000000001c461  c.addi   x10, 0x1
#6233 0 0000000000015368 fea78be3 r 0000000000000000 0000000000000000  beq      x15, x10, . - 0xa
#6234 0 000000000001536c 00054703 r 000000000000000e 0000000000000020  lbu      x14, 0x0(x10)
#6235 0 0000000000015370 fed71be3 r 0000000000000000 0000000000000000  bne      x14, x13, . - 0xa
#6236 0 0000000000015366     0505 r 000000000000000a 000000000001c462  c.addi   x10, 0x1
#6237 0 0000000000015368 fea78be3 r 0000000000000000 0000000000000000  beq      x15, x10, . - 0xa
#6238 0 000000000001536c 00054703 r 000000000000000e 000000000000003d  lbu      x14, 0x0(x10)
#6239 0 0000000000015370 fed71be3 r 0000000000000000 0000000000000000  bne      x14, x13, . - 0xa
#6240 0 0000000000015366     0505 r 000000000000000a 000000000001c463  c.addi   x10, 0x1
#6241 0 0000000000015368 fea78be3 r 0000000000000000 0000000000000000  beq      x15, x10, . - 0xa
#6242 0 000000000001536c 00054703 r 000000000000000e 0000000000000020  lbu      x14, 0x0(x10)
#6243 0 0000000000015370 fed71be3 r 0000000000000000 0000000000000000  bne      x14, x13, . - 0xa
#6244 0 0000000000015366     0505 r 000000000000000a 000000000001c464  c.addi   x10, 0x1
#6245 0 0000000000015368 fea78be3 r 0000000000000000 0000000000000000  beq      x15, x10, . - 0xa
#6246 0 000000000001535e     4501 r 000000000000000a 0000000000000000  c.li     x10, 0x0
#6247 0 0000000000015360     8082 r 0000000000000000 0000000000000000  c.jr     x1
#6248 0 00000000000193b2 12050f63 r 0000000000000000 0000000000000000  beq      x10, x0, . + 0x13e
#6249 0 00000000000194f0 001c099b r 0000000000000013 0000000000000005  addiw    x19, x24, 1
#6250 0 00000000000194f4     bd19 r 0000000000000000 0000000000000000  c.j      . - 0x1ea
#6251 0 000000000001930a     8bce r 0000000000000017 0000000000000005  c.mv     x23, x19
#6252 0 000000000001930c 013c7363 r 0000000000000000 0000000000000000  bgeu     x24, x19, . + 0x6
#6253 0 0000000000019310     8be2 r 0000000000000017 0000000000000004  c.mv     x23, x24
#6254 0 0000000000019312     6008 r 000000000000000a 0000000000020010  c.ld     x10, 0x0(x8)
#6255 0 0000000000019314     6c1c r 000000000000000f 0000000000020010  c.ld     x15, 0x18(x8)
#6256 0 0000000000019316     5014 r 000000000000000d 0000000000000400  c.lw     x13, 0x20(x8)
#6257 0 0000000000019318     84de r 0000000000000009 0000000000000004  c.mv     x9, x23
#6258 0 000000000001931a 00a7f763 r 0000000000000000 0000000000000000  bgeu     x15, x10, . + 0xe
#6259 0 0000000000019328 18dbc463 r 0000000000000000 0000000000000000  blt      x23, x13, . + 0x188
#6260 0 00000000000194b0     865e r 000000000000000c 0000000000000004  c.mv     x12, x23
#6261 0 00000000000194b2     85e6 r 000000000000000b 000000000001c460  c.mv     x11, x25
#6262 0 00000000000194b4 1ac000ef r 0000000000000001 00000000000194b8  jal      x1, . + 0x1ac
#6263 0 0000000000019660 02a5f263 r 0000000000000000 0000000000000000  bgeu     x11, x10, . + 0x24
#6264 0 0000000000019664 00c587b3 r 000000000000000f 000000000001c464  add      x15, x11, x12
#6265 0 0000000000019668 00f57e63 r 0000000000000000 0000000000000000  bgeu     x10, x15, . + 0x1c
#6266 0 0000000000019684     47fd r 000000000000000f 000000000000001f  c.li     x15, 0x1f
#6267 0 0000000000019686 02c7e163 r 0000000000000000 0000000000000000  bltu     x15, x12, . + 0x22
#6268 0 000000000001968a     87aa r 000000000000000f 0000000000020010  c.mv     x15, x10
#6269 0 000000000001968c fff60693 r 000000000000000d 0000000000000003  addi     x13, x12, -1
#6270 0 0000000000019690     c245 r 0000000000000000 0000000000000000  c.beqz   x12, . + 0xa0
#6271 0 0000000000019692     0685 r 000000000000000d 0000000000000004  c.addi   x13, 0x1
#6272 0 0000000000019694     96be r 000000000000000d 0000000000020014  c.add    x13, x15
#6273 0 0000000000019696 0005c703 r 000000000000000e 0000000000000069  lbu      x14, 0x0(x11)
#6274 0 000000000001969a     0785 r 000000000000000f 0000000000020011  c.addi   x15, 0x1
#6275 0 000000000001969c     0585 r 000000000000000b 000000000001c461  c.addi   x11, 0x1
#6276 0 000000000001969e fee78fa3 m 0000000000020010 0000000000000069  sb       x14, -0x1(x15)
#6277 0 00000000000196a2 fed79ae3 r 0000000000000000 0000000000000000  bne      x15, x13, . - 0xc
#6278 0 0000000000019696 0005c703 r 000000000000000e 0000000000000020  lbu      x14, 0x0(x11)
#6279 0 000000000001969a     0785 r 000000000000000f 0000000000020012  c.addi   x15, 0x1
#6280 0 000000000001969c     0585 r 000000000000000b 000000000001c462  c.addi   x11, 0x1
#6281 0 000000000001969e fee78fa3 m 0000000000020011 0000000000000020  sb       x14, -0x1(x15)
#6282 0 00000000000196a2 fed79ae3 r 0000000000000000 0000000000000000  bne      x15, x13, . - 0xc
#6283 0 0000000000019696 0005c703 r 000000000000000e 000000000000003d  lbu      x14, 0x0(x11)
#6284 0 000000000001969a     0785 r 000000000000000f 0000000000020013  c.addi   x15, 0x1
#6285 0 000000000001969c     0585 r 000000000000000b 000000000001c463  c.addi   x11, 0x1
#6286 0 000000000001969e fee78fa3 m 0000000000020012 000000000000003d  sb       x14, -0x1(x15)
#6287 0 00000000000196a2 fed79ae3 r 0000000000000000 0000000000000000  bne      x15, x13, . - 0xc
#6288 0 0000000000019696 0005c703 r 000000000000000e 0000000000000020  lbu      x14, 0x0(x11)
#6289 0 000000000001969a     0785 r 000000000000000f 0000000000020014  c.addi   x15, 0x1
#6290 0 000000000001969c     0585 r 000000000000000b 000000000001c464  c.addi   x11, 0x1
#6291 0 000000000001969e fee78fa3 m 0000000000020013 0000000000000020  sb       x14, -0x1(x15)
#6292 0 00000000000196a2 fed79ae3 r 0000000000000000 0000000000000000  bne      x15, x13, . - 0xc
#6293 0 00000000000196a6     8082 r 0000000000000000 0000000000000000  c.jr     x1
#6294 0 00000000000194b8     4454 r 000000000000000d 0000000000000000  c.lw     x13, 0xc(x8)
#6295 0 00000000000194ba     6018 r 000000000000000e 0000000000020010  c.ld     x14, 0x0(x8)
#6296 0 00000000000194bc 000b879b r 000000000000000f 0000000000000004  addiw    x15, x23, 0
#6297 0 00000000000194c0 417686bb r 000000000000000d fffffffffffffffc  subw     x13, x13, x23
#6298 0 00000000000194c4     975e r 000000000000000e 0000000000020014  c.add    x14, x23
#6299 0 00000000000194c6     c454 m 000000000001e884 00000000fffffffc  c.sw     x13, 0xc(x8)
#6300 0 00000000000194c8     e018 m 000000000001e878 0000000000020014  c.sd     x14, 0x0(x8)
#6301 0 00000000000194ca     bd9d r 0000000000000000 0000000000000000  c.j      . - 0x18a
#6302 0 0000000000019340 40f989bb r 0000000000000013 0000000000000001  subw     x19, x19, x15
#6303 0 0000000000019344     4505 r 000000000000000a 0000000000000001  c.li     x10, 0x1
#6304 0 0000000000019346 02098b63 r 0000000000000000 0000000000000000  beq      x19, x0, . + 0x36
#6305 0 000000000001934a 010a3783 r 000000000000000f 0000000000000005  ld       x15, 0x10(x20)
#6306 0 000000000001934e     9ca6 r 0000000000000019 000000000001c464  c.add    x25, x9
#6307 0 0000000000019350 409c0c33 r 0000000000000018 0000000000000000  sub      x24, x24, x9
#6308 0 0000000000019354 409784b3 r 0000000000000009 0000000000000001  sub      x9, x15, x9
#6309 0 0000000000019358 009a3823 m 00000000fffff410 0000000000000001  sd       x9, 0x10(x20)
#6310 0 000000000001935c     f4c5 r 0000000000000000 0000000000000000  c.bnez   x9, . - 0x58
#6311 0 0000000000019304 080c0b63 r 0000000000000000 0000000000000000  beq      x24, x0, . + 0x96
#6312 0 000000000001939a 00893c03 r 0000000000000018 0000000000000001  ld       x24, 0x8(x18)
#6313 0 000000000001939e 00093c83 r 0000000000000019 00000000fffff47b  ld       x25, 0x0(x18)
#6314 0 00000000000193a2     0941 r 0000000000000012 00000000fffff4a0  c.addi   x18, 0x10
#6315 0 00000000000193a4 fe0c0be3 r 0000000000000000 0000000000000000  beq      x24, x0, . - 0xa
#6316 0 00000000000193a8     8662 r 000000000000000c 0000000000000001  c.mv     x12, x24
#6317 0 00000000000193aa     45a9 r 000000000000000b 000000000000000a  c.li     x11, 0xa
#6318 0 00000000000193ac     8566 r 000000000000000a 00000000fffff47b  c.mv     x10, x25
#6319 0 00000000000193ae f7bfb0ef r 0000000000000001 00000000000193b2  jal      x1, . - 0x4086
#6320 0 0000000000015328 00757793 r 000000000000000f 0000000000000003  andi     x15, x10, 7
#6321 0 000000000001532c 0ff5f693 r 000000000000000d 000000000000000a  andi     x13, x11, 255
#6322 0 0000000000015330     c395 r 0000000000000000 0000000000000000  c.beqz   x15, . + 0x24
#6323 0 0000000000015332 fff60793 r 000000000000000f 0000000000000000  addi     x15, x12, -1
#6324 0 0000000000015336     c605 r 0000000000000000 0000000000000000  c.beqz   x12, . + 0x28
#6325 0 0000000000015338     567d r 000000000000000c ffffffffffffffff  c.li     x12, -0x1
#6326 0 000000000001533a     a801 r 0000000000000000 0000000000000000  c.j      . + 0x10
#6327 0 000000000001534a 00054703 r 000000000000000e 0000000000000036  lbu      x14, 0x0(x10)
#6328 0 000000000001534e fed717e3 r 0000000000000000 0000000000000000  bne      x14, x13, . - 0x12
#6329 0 000000000001533c     0505 r 000000000000000a 00000000fffff47c  c.addi   x10, 0x1
#6330 0 000000000001533e 00757713 r 000000000000000e 0000000000000004  andi     x14, x10, 7
#6331 0 0000000000015342     cb11 r 0000000000000000 0000000000000000  c.beqz   x14, . + 0x14
#6332 0 0000000000015344     17fd r 000000000000000f ffffffffffffffff  c.addi   x15, -0x1
#6333 0 0000000000015346 00c78c63 r 0000000000000000 0000000000000000  beq      x15, x12, . + 0x18
#6334 0 000000000001535e     4501 r 000000000000000a 0000000000000000  c.li     x10, 0x0
#6335 0 0000000000015360     8082 r 0000000000000000 0000000000000000  c.jr     x1
#6336 0 00000000000193b2 12050f63 r 0000000000000000 0000000000000000  beq      x10, x0, . + 0x13e
#6337 0 00000000000194f0 001c099b r 0000000000000013 0000000000000002  addiw    x19, x24, 1
#6338 0 00000000000194f4     bd19 r 0000000000000000 0000000000000000  c.j      . - 0x1ea
#6339 0 000000000001930a     8bce r 0000000000000017 0000000000000002  c.mv     x23, x19
#6340 0 000000000001930c 013c7363 r 0000000000000000 0000000000000000  bgeu     x24, x19, . + 0x6
#6341 0 0000000000019310     8be2 r 0000000000000017 0000000000000001  c.mv     x23, x24
#6342 0 0000000000019312     6008 r 000000000000000a 0000000000020014  c.ld     x10, 0x0(x8)
#6343 0 0000000000019314     6c1c r 000000000000000f 0000000000020010  c.ld     x15, 0x18(x8)
#6344 0 0000000000019316     5014 r 000000000000000d 0000000000000400  c.lw     x13, 0x20(x8)
#6345 0 0000000000019318     84de r 0000000000000009 0000000000000001  c.mv     x9, x23
#6346 0 000000000001931a 00a7f763 r 0000000000000000 0000000000000000  bgeu     x15, x10, . + 0xe
#6347 0 000000000001931e     445c r 000000000000000f fffffffffffffffc  c.lw     x15, 0xc(x8)
#6348 0 0000000000019320 00d78b3b r 0000000000000016 00000000000003fc  addw     x22, x15, x13
#6349 0 0000000000019324 097b4d63 r 0000000000000000 0000000000000000  blt      x22, x23, . + 0x9a
#6350 0 0000000000019328 18dbc463 r 0000000000000000 0000000000000000  blt      x23, x13, . + 0x188
#6351 0 00000000000194b0     865e r 000000000000000c 0000000000000001  c.mv     x12, x23
#6352 0 00000000000194b2     85e6 r 000000000000000b 00000000fffff47b  c.mv     x11, x25
#6353 0 00000000000194b4 1ac000ef r 0000000000000001 00000000000194b8  jal      x1, . + 0x1ac
#6354 0 0000000000019660 02a5f263 r 0000000000000000 0000000000000000  bgeu     x11, x10, . + 0x24
#6355 0 0000000000019684     47fd r 000000000000000f 000000000000001f  c.li     x15, 0x1f
#6356 0 0000000000019686 02c7e163 r 0000000000000000 0000000000000000  bltu     x15, x12, . + 0x22
#6357 0 000000000001968a     87aa r 000000000000000f 0000000000020014  c.mv     x15, x10
#6358 0 000000000001968c fff60693 r 000000000000000d 0000000000000000  addi     x13, x12, -1
#6359 0 0000000000019690     c245 r 0000000000000000 0000000000000000  c.beqz   x12, . + 0xa0
#6360 0 0000000000019692     0685 r 000000000000000d 0000000000000001  c.addi   x13, 0x1
#6361 0 0000000000019694     96be r 000000000000000d 0000000000020015  c.add    x13, x15
#6362 0 0000000000019696 0005c703 r 000000000000000e 0000000000000036  lbu      x14, 0x0(x11)
#6363 0 000000000001969a     0785 r 000000000000000f 0000000000020015  c.addi   x15, 0x1
#6364 0 000000000001969c     0585 r 000000000000000b 00000000fffff47c  c.addi   x11, 0x1
#6365 0 000000000001969e fee78fa3 m 0000000000020014 0000000000000036  sb       x14, -0x1(x15)
#6366 0 00000000000196a2 fed79ae3 r 0000000000000000 0000000000000000  bne      x15, x13, . - 0xc
#6367 0 00000000000196a6     8082 r 0000000000000000 0000000000000000  c.jr     x1
#6368 0 00000000000194b8     4454 r 000000000000000d fffffffffffffffc  c.lw     x13, 0xc(x8)
#6369 0 00000000000194ba     6018 r 000000000000000e 0000000000020014  c.ld     x14, 0x0(x8)
#6370 0 00000000000194bc 000b879b r 000000000000000f 0000000000000001  addiw    x15, x23, 0
#6371 0 00000000000194c0 417686bb r 000000000000000d fffffffffffffffb  subw     x13, x13, x23
#6372 0 00000000000194c4     975e r 000000000000000e 0000000000020015  c.add    x14, x23
#6373 0 00000000000194c6     c454 m 000000000001e884 00000000fffffffb  c.sw     x13, 0xc(x8)
#6374 0 00000000000194c8     e018 m 000000000001e878 0000000000020015  c.sd     x14, 0x0(x8)
#6375 0 00000000000194ca     bd9d r 0000000000000000 0000000000000000  c.j      . - 0x18a
#6376 0 0000000000019340 40f989bb r 0000000000000013 0000000000000001  subw     x19, x19, x15
#6377 0 0000000000019344     4505 r 000000000000000a 0000000000000001  c.li     x10, 0x1
#6378 0 0000000000019346 02098b63 r 0000000000000000 0000000000000000  beq      x19, x0, . + 0x36
#6379 0 000000000001934a 010a3783 r 000000000000000f 0000000000000001  ld       x15, 0x10(x20)
#6380 0 000000000001934e     9ca6 r 0000000000000019 00000000fffff47c  c.add    x25, x9
#6381 0 0000000000019350 409c0c33 r 0000000000000018 0000000000000000  sub      x24, x24, x9
#6382 0 0000000000019354 409784b3 r 0000000000000009 0000000000000000  sub      x9, x15, x9
#6383 0 0000000000019358 009a3823 m 00000000fffff410 0000000000000000  sd       x9, 0x10(x20)
#6384 0 000000000001935c     f4c5 r 0000000000000000 0000000000000000  c.bnez   x9, . - 0x58
#6385 0 000000000001935e     4501 r 000000000000000a 0000000000000000  c.li     x10, 0x0
#6386 0 0000000000019360     60e6 r 0000000000000001 000000000001809a  c.ldsp   x1, 0x58
#6387 0 0000000000019362     6446 r 0000000000000008 000000000001c466  c.ldsp   x8, 0x50
#6388 0 0000000000019364     64a6 r 0000000000000009 0000000000000000  c.ldsp   x9, 0x48
#6389 0 0000000000019366     6906 r 0000000000000012 000000000001e878  c.ldsp   x18, 0x40
#6390 0 0000000000019368     79e2 r 0000000000000013 0000000000000001  c.ldsp   x19, 0x38
#6391 0 000000000001936a     7a42 r 0000000000000014 000000000001e290  c.ldsp   x20, 0x30
#6392 0 000000000001936c     7aa2 r 0000000000000015 00000000fffff400  c.ldsp   x21, 0x28
#6393 0 000000000001936e     7b02 r 0000000000000016 00000000fffff480  c.ldsp   x22, 0x20
#6394 0 0000000000019370     6be2 r 0000000000000017 0000000000000001  c.ldsp   x23, 0x18
#6395 0 0000000000019372     6c42 r 0000000000000018 fffffffffffffffe  c.ldsp   x24, 0x10
#6396 0 0000000000019374     6ca2 r 0000000000000019 00000000fffff47b  c.ldsp   x25, 0x8
#6397 0 0000000000019376     6d02 r 000000000000001a 0000000000000064  c.ldsp   x26, 0x0
#6398 0 0000000000019378     6125 r 0000000000000002 00000000fffff2a0  c.addi16sp 0x6
#6399 0 000000000001937a     8082 r 0000000000000000 0000000000000000  c.jr     x1
#6400 0 000000000001809a     b7e1 r 0000000000000000 0000000000000000  c.j      . - 0x38
#6401 0 0000000000018062     60a6 r 0000000000000001 0000000000010f14  c.ldsp   x1, 0x48
#6402 0 0000000000018064     6406 r 0000000000000008 000000000001c466  c.ldsp   x8, 0x40
#6403 0 0000000000018066 000ab823 m 00000000fffff410 0000000000000000  sd       x0, 0x10(x21)
#6404 0 000000000001806a 000aa423 m 00000000fffff408 0000000000000000  sw       x0, 0x8(x21)
#6405 0 000000000001806e     74e2 r 0000000000000009 0000000000000000  c.ldsp   x9, 0x38
#6406 0 0000000000018070     7942 r 0000000000000012 000000000001e878  c.ldsp   x18, 0x30
#6407 0 0000000000018072     79a2 r 0000000000000013 0000000000000001  c.ldsp   x19, 0x28
#6408 0 0000000000018074     7a02 r 0000000000000014 000000000001e290  c.ldsp   x20, 0x20
#6409 0 0000000000018076     6ae2 r 0000000000000015 0000000000000000  c.ldsp   x21, 0x18
#6410 0 0000000000018078     6b42 r 0000000000000016 00000000fffff480  c.ldsp   x22, 0x10
#6411 0 000000000001807a     6ba2 r 0000000000000017 0000000000000001  c.ldsp   x23, 0x8
#6412 0 000000000001807c     6161 r 0000000000000002 00000000fffff2f0  c.addi16sp 0x5
#6413 0 000000000001807e     8082 r 0000000000000000 0000000000000000  c.jr     x1
#6414 0 0000000000010f14 ec050263 r 0000000000000000 0000000000000000  beq      x10, x0, . - 0x93c
#6415 0 00000000000105d8     67e2 r 000000000000000f 0000000000000000  c.ldsp   x15, 0x18
#6416 0 00000000000105da 10012c23 m 00000000fffff408 0000000000000000  sw       x0, 0x118(x2)
#6417 0 00000000000105de     c789 r 0000000000000000 0000000000000000  c.beqz   x15, . + 0xa
#6418 0 00000000000105e8     835a r 0000000000000006 00000000fffff480  c.mv     x6, x22
#6419 0 00000000000105ea     8ca2 r 0000000000000019 000000000001c466  c.mv     x25, x8
#6420 0 00000000000105ec 000cc783 r 000000000000000f 000000000000000a  lbu      x15, 0x0(x25)
#6421 0 00000000000105f0 e2079fe3 r 0000000000000000 0000000000000000  bne      x15, x0, . - 0x1c2
#6422 0 000000000001042e     8466 r 0000000000000008 000000000001c466  c.mv     x8, x25
#6423 0 0000000000010430 02500713 r 000000000000000e 0000000000000025  addi     x14, x0, 37
#6424 0 0000000000010434 30e78363 r 0000000000000000 0000000000000000  beq      x15, x14, . + 0x306
#6425 0 0000000000010438 00144783 r 000000000000000f 0000000000000000  lbu      x15, 0x1(x8)
#6426 0 000000000001043c     0405 r 0000000000000008 000000000001c467  c.addi   x8, 0x1
#6427 0 000000000001043e     fbfd r 0000000000000000 0000000000000000  c.bnez   x15, . - 0xa
#6428 0 0000000000010440 419404bb r 0000000000000009 0000000000000001  subw     x9, x8, x25
#6429 0 0000000000010444 1a048863 r 0000000000000000 0000000000000000  beq      x9, x0, . + 0x1b0
#6430 0 0000000000010448     7712 r 000000000000000e 0000000000000000  c.ldsp   x14, 0x120
#6431 0 000000000001044a 11812783 r 000000000000000f 0000000000000000  lw       x15, 0x118(x2)
#6432 0 000000000001044e 01933023 m 00000000fffff480 000000000001c466  sd       x25, 0x0(x6)
#6433 0 0000000000010452     9726 r 000000000000000e 0000000000000001  c.add    x14, x9
#6434 0 0000000000010454     2785 r 000000000000000f 0000000000000001  c.addiw  x15, 0x1
#6435 0 0000000000010456 00933423 m 00000000fffff488 0000000000000001  sd       x9, 0x8(x6)
#6436 0 000000000001045a     f23a m 00000000fffff410 0000000000000001  c.sdsp   x14, 0x120
#6437 0 000000000001045c 10f12c23 m 00000000fffff408 0000000000000001  sw       x15, 0x118(x2)
#6438 0 0000000000010460 0007871b r 000000000000000e 0000000000000001  addiw    x14, x15, 0
#6439 0 0000000000010464     479d r 000000000000000f 0000000000000007  c.li     x15, 0x7
#6440 0 0000000000010466     0341 r 0000000000000006 00000000fffff490  c.addi   x6, 0x10
#6441 0 0000000000010468 2ee7c063 r 0000000000000000 0000000000000000  blt      x15, x14, . + 0x2e0
#6442 0 000000000001046c     6722 r 000000000000000e 0000000000000005  c.ldsp   x14, 0x8
#6443 0 000000000001046e 00044783 r 000000000000000f 0000000000000000  lbu      x15, 0x0(x8)
#6444 0 0000000000010472     9f25 r 000000000000000e 0000000000000006  c.addw   x14, x9
#6445 0 0000000000010474     e43a m 00000000fffff2f8 0000000000000006  c.sdsp   x14, 0x8
#6446 0 0000000000010476 16078f63 r 0000000000000000 0000000000000000  beq      x15, x0, . + 0x17e
#6447 0 00000000000105f4     7792 r 000000000000000f 0000000000000001  c.ldsp   x15, 0x120
#6448 0 00000000000105f6     c399 r 0000000000000000 0000000000000000  c.beqz   x15, . + 0x6
#6449 0 00000000000105f8 2620106f r 0000000000000000 0000000000000000  j        . + 0x1262
#6450 0 000000000001185a     0a10 r 000000000000000c 00000000fffff400  c.addi4spn  x12, 0x44
#6451 0 000000000001185c     85ca r 000000000000000b 000000000001e878  c.mv     x11, x18
#6452 0 000000000001185e     8552 r 000000000000000a 000000000001e290  c.mv     x10, x20
#6453 0 0000000000011860 03d060ef r 0000000000000001 0000000000011864  jal      x1, . + 0x683c
#6454 0 000000000001809c     6a18 r 000000000000000e 0000000000000001  c.ld     x14, 0x10(x12)
#6455 0 000000000001809e     c311 r 0000000000000000 0000000000000000  c.beqz   x14, . + 0x4
#6456 0 00000000000180a0     bfa1 r 0000000000000000 0000000000000000  c.j      . - 0xa8
#6457 0 0000000000017ff8 0ac5a783 r 000000000000000f 0000000000000000  lw       x15, 0xac(x11)
#6458 0 0000000000017ffc     715d r 0000000000000002 00000000fffff2a0  c.addi16sp -0x5
#6459 0 0000000000017ffe     6709 r 000000000000000e 0000000000002000  c.lui    x14, 0x2
#6460 0 0000000000018000     ec56 m 00000000fffff2b8 0000000000000000  c.sdsp   x21, 0x18
#6461 0 0000000000018002     e486 m 00000000fffff2e8 0000000000011864  c.sdsp   x1, 0x48
#6462 0 0000000000018004     e0a2 m 00000000fffff2e0 000000000001c467  c.sdsp   x8, 0x40
#6463 0 0000000000018006     fc26 m 00000000fffff2d8 0000000000000001  c.sdsp   x9, 0x38
#6464 0 0000000000018008     f84a m 00000000fffff2d0 000000000001e878  c.sdsp   x18, 0x30
#6465 0 000000000001800a     f44e m 00000000fffff2c8 0000000000000001  c.sdsp   x19, 0x28
#6466 0 000000000001800c     f052 m 00000000fffff2c0 000000000001e290  c.sdsp   x20, 0x20
#6467 0 000000000001800e     e85a m 00000000fffff2b0 00000000fffff480  c.sdsp   x22, 0x10
#6468 0 0000000000018010     e45e m 00000000fffff2a8 0000000000000001  c.sdsp   x23, 0x8
#6469 0 0000000000018012     8ff9 r 000000000000000f 0000000000000000  c.and    x15, x14
#6470 0 0000000000018014     8ab2 r 0000000000000015 00000000fffff400  c.mv     x21, x12
#6471 0 0000000000018016     c3c1 r 0000000000000000 0000000000000000  c.beqz   x15, . + 0x80
#6472 0 0000000000018096 146010ef r 0000000000000001 000000000001809a  jal      x1, . + 0x1146
#6473 0 00000000000191dc     6a1c r 000000000000000f 0000000000000001  c.ld     x15, 0x10(x12)
#6474 0 00000000000191de 1a078c63 r 0000000000000000 0000000000000000  beq      x15, x0, . + 0x1b8
#6475 0 00000000000191e2 0105d783 r 000000000000000f 0000000000002889  lhu      x15, 0x10(x11)
#6476 0 00000000000191e6     711d r 0000000000000002 00000000fffff240  c.addi16sp -0x6
#6477 0 00000000000191e8     e8a2 m 00000000fffff290 000000000001c467  c.sdsp   x8, 0x50
#6478 0 00000000000191ea     f852 m 00000000fffff270 000000000001e290  c.sdsp   x20, 0x30
#6479 0 00000000000191ec     f456 m 00000000fffff268 00000000fffff400  c.sdsp   x21, 0x28
#6480 0 00000000000191ee     ec86 m 00000000fffff298 000000000001809a  c.sdsp   x1, 0x58
#6481 0 00000000000191f0     e4a6 m 00000000fffff288 0000000000000001  c.sdsp   x9, 0x48
#6482 0 00000000000191f2     e0ca m 00000000fffff280 000000000001e878  c.sdsp   x18, 0x40
#6483 0 00000000000191f4     fc4e m 00000000fffff278 0000000000000001  c.sdsp   x19, 0x38
#6484 0 00000000000191f6     f05a m 00000000fffff260 00000000fffff480  c.sdsp   x22, 0x20
#6485 0 00000000000191f8     ec5e m 00000000fffff258 0000000000000001  c.sdsp   x23, 0x18
#6486 0 00000000000191fa     e862 m 00000000fffff250 fffffffffffffffe  c.sdsp   x24, 0x10
#6487 0 00000000000191fc     e466 m 00000000fffff248 000000000001c466  c.sdsp   x25, 0x8
#6488 0 00000000000191fe     e06a m 00000000fffff240 0000000000000064  c.sdsp   x26, 0x0
#6489 0 0000000000019200 0087f713 r 000000000000000e 0000000000000008  andi     x14, x15, 8
#6490 0 0000000000019204     8a32 r 0000000000000014 00000000fffff400  c.mv     x20, x12
#6491 0 0000000000019206     8aaa r 0000000000000015 000000000001e290  c.mv     x21, x10
#6492 0 0000000000019208     842e r 0000000000000008 000000000001e878  c.mv     x8, x11
#6493 0 000000000001920a     c325 r 0000000000000000 0000000000000000  c.beqz   x14, . + 0x60
#6494 0 000000000001920c     6d98 r 000000000000000e 0000000000020010  c.ld     x14, 0x18(x11)
#6495 0 000000000001920e     cf31 r 0000000000000000 0000000000000000  c.beqz   x14, . + 0x5c
#6496 0 0000000000019210 0027f713 r 000000000000000e 0000000000000000  andi     x14, x15, 2
#6497 0 0000000000019214 000a3903 r 0000000000000012 00000000fffff480  ld       x18, 0x0(x20)
#6498 0 0000000000019218     c735 r 0000000000000000 0000000000000000  c.beqz   x14, . + 0x6c
#6499 0 0000000000019284 0017f713 r 000000000000000e 0000000000000001  andi     x14, x15, 1
#6500 0 0000000000019288     eb35 r 0000000000000000 0000000000000000  c.bnez   x14, . + 0x74
#6501 0 00000000000192fc     4981 r 0000000000000013 0000000000000000  c.li     x19, 0x0
#6502 0 00000000000192fe     4501 r 000000000000000a 0000000000000000  c.li     x10, 0x0
#6503 0 0000000000019300     4c81 r 0000000000000019 0000000000000000  c.li     x25, 0x0
#6504 0 0000000000019302     4c01 r 0000000000000018 0000000000000000  c.li     x24, 0x0
#6505 0 0000000000019304 080c0b63 r 0000000000000000 0000000000000000  beq      x24, x0, . + 0x96
#6506 0 000000000001939a 00893c03 r 0000000000000018 0000000000000001  ld       x24, 0x8(x18)
#6507 0 000000000001939e 00093c83 r 0000000000000019 000000000001c466  ld       x25, 0x0(x18)
#6508 0 00000000000193a2     0941 r 0000000000000012 00000000fffff490  c.addi   x18, 0x10
#6509 0 00000000000193a4 fe0c0be3 r 0000000000000000 0000000000000000  beq      x24, x0, . - 0xa
#6510 0 00000000000193a8     8662 r 000000000000000c 0000000000000001  c.mv     x12, x24
#6511 0 00000000000193aa     45a9 r 000000000000000b 000000000000000a  c.li     x11, 0xa
#6512 0 00000000000193ac     8566 r 000000000000000a 000000000001c466  c.mv     x10, x25
#6513 0 00000000000193ae f7bfb0ef r 0000000000000001 00000000000193b2  jal      x1, . - 0x4086
#6514 0 0000000000015328 00757793 r 000000000000000f 0000000000000006  andi     x15, x10, 7
#6515 0 000000000001532c 0ff5f693 r 000000000000000d 000000000000000a  andi     x13, x11, 255
#6516 0 0000000000015330     c395 r 0000000000000000 0000000000000000  c.beqz   x15, . + 0x24
#6517 0 0000000000015332 fff60793 r 000000000000000f 0000000000000000  addi     x15, x12, -1
#6518 0 0000000000015336     c605 r 0000000000000000 0000000000000000  c.beqz   x12, . + 0x28
#6519 0 0000000000015338     567d r 000000000000000c ffffffffffffffff  c.li     x12, -0x1
#6520 0 000000000001533a     a801 r 0000000000000000 0000000000000000  c.j      . + 0x10
#6521 0 000000000001534a 00054703 r 000000000000000e 000000000000000a  lbu      x14, 0x0(x10)
#6522 0 000000000001534e fed717e3 r 0000000000000000 0000000000000000  bne      x14, x13, . - 0x12
#6523 0 0000000000015352     8082 r 0000000000000000 0000000000000000  c.jr     x1
#6524 0 00000000000193b2 12050f63 r 0000000000000000 0000000000000000  beq      x10, x0, . + 0x13e
#6525 0 00000000000193b6     0505 r 000000000000000a 000000000001c467  c.addi   x10, 0x1
#6526 0 00000000000193b8 419509bb r 0000000000000013 0000000000000001  subw     x19, x10, x25
#6527 0 00000000000193bc     b7b9 r 0000000000000000 0000000000000000  c.j      . - 0xb2
#6528 0 000000000001930a     8bce r 0000000000000017 0000000000000001  c.mv     x23, x19
#6529 0 000000000001930c 013c7363 r 0000000000000000 0000000000000000  bgeu     x24, x19, . + 0x6
#6530 0 0000000000019312     6008 r 000000000000000a 0000000000020015  c.ld     x10, 0x0(x8)
#6531 0 0000000000019314     6c1c r 000000000000000f 0000000000020010  c.ld     x15, 0x18(x8)
#6532 0 0000000000019316     5014 r 000000000000000d 0000000000000400  c.lw     x13, 0x20(x8)
#6533 0 0000000000019318     84de r 0000000000000009 0000000000000001  c.mv     x9, x23
#6534 0 000000000001931a 00a7f763 r 0000000000000000 0000000000000000  bgeu     x15, x10, . + 0xe
#6535 0 000000000001931e     445c r 000000000000000f fffffffffffffffb  c.lw     x15, 0xc(x8)
#6536 0 0000000000019320 00d78b3b r 0000000000000016 00000000000003fb  addw     x22, x15, x13
#6537 0 0000000000019324 097b4d63 r 0000000000000000 0000000000000000  blt      x22, x23, . + 0x9a
#6538 0 0000000000019328 18dbc463 r 0000000000000000 0000000000000000  blt      x23, x13, . + 0x188
#6539 0 00000000000194b0     865e r 000000000000000c 0000000000000001  c.mv     x12, x23
#6540 0 00000000000194b2     85e6 r 000000000000000b 000000000001c466  c.mv     x11, x25
#6541 0 00000000000194b4 1ac000ef r 0000000000000001 00000000000194b8  jal      x1, . + 0x1ac
#6542 0 0000000000019660 02a5f263 r 0000000000000000 0000000000000000  bgeu     x11, x10, . + 0x24
#6543 0 0000000000019664 00c587b3 r 000000000000000f 000000000001c467  add      x15, x11, x12
#6544 0 0000000000019668 00f57e63 r 0000000000000000 0000000000000000  bgeu     x10, x15, . + 0x1c
#6545 0 0000000000019684     47fd r 000000000000000f 000000000000001f  c.li     x15, 0x1f
#6546 0 0000000000019686 02c7e163 r 0000000000000000 0000000000000000  bltu     x15, x12, . + 0x22
#6547 0 000000000001968a     87aa r 000000000000000f 0000000000020015  c.mv     x15, x10
#6548 0 000000000001968c fff60693 r 000000000000000d 0000000000000000  addi     x13, x12, -1
#6549 0 0000000000019690     c245 r 0000000000000000 0000000000000000  c.beqz   x12, . + 0xa0
#6550 0 0000000000019692     0685 r 000000000000000d 0000000000000001  c.addi   x13, 0x1
#6551 0 0000000000019694     96be r 000000000000000d 0000000000020016  c.add    x13, x15
#6552 0 0000000000019696 0005c703 r 000000000000000e 000000000000000a  lbu      x14, 0x0(x11)
#6553 0 000000000001969a     0785 r 000000000000000f 0000000000020016  c.addi   x15, 0x1
#6554 0 000000000001969c     0585 r 000000000000000b 000000000001c467  c.addi   x11, 0x1
#6555 0 000000000001969e fee78fa3 m 0000000000020015 000000000000000a  sb       x14, -0x1(x15)
#6556 0 00000000000196a2 fed79ae3 r 0000000000000000 0000000000000000  bne      x15, x13, . - 0xc
#6557 0 00000000000196a6     8082 r 0000000000000000 0000000000000000  c.jr     x1
#6558 0 00000000000194b8     4454 r 000000000000000d fffffffffffffffb  c.lw     x13, 0xc(x8)
#6559 0 00000000000194ba     6018 r 000000000000000e 0000000000020015  c.ld     x14, 0x0(x8)
#6560 0 00000000000194bc 000b879b r 000000000000000f 0000000000000001  addiw    x15, x23, 0
#6561 0 00000000000194c0 417686bb r 000000000000000d fffffffffffffffa  subw     x13, x13, x23
#6562 0 00000000000194c4     975e r 000000000000000e 0000000000020016  c.add    x14, x23
#6563 0 00000000000194c6     c454 m 000000000001e884 00000000fffffffa  c.sw     x13, 0xc(x8)
#6564 0 00000000000194c8     e018 m 000000000001e878 0000000000020016  c.sd     x14, 0x0(x8)
#6565 0 00000000000194ca     bd9d r 0000000000000000 0000000000000000  c.j      . - 0x18a
#6566 0 0000000000019340 40f989bb r 0000000000000013 0000000000000000  subw     x19, x19, x15
#6567 0 0000000000019344     4505 r 000000000000000a 0000000000000001  c.li     x10, 0x1
#6568 0 0000000000019346 02098b63 r 0000000000000000 0000000000000000  beq      x19, x0, . + 0x36
#6569 0 000000000001937c     85a2 r 000000000000000b 000000000001e878  c.mv     x11, x8
#6570 0 000000000001937e     8556 r 000000000000000a 000000000001e290  c.mv     x10, x21
#6571 0 0000000000019380 f0ff80ef r 0000000000000001 0000000000019384  jal      x1, . - 0x70f2
#6572 0 000000000001228e     1101 r 0000000000000002 00000000fffff220  c.addi   x2, -0x20
#6573 0 0000000000012290     e822 m 00000000fffff230 000000000001e878  c.sdsp   x8, 0x10
#6574 0 0000000000012292     ec06 m 00000000fffff238 0000000000019384  c.sdsp   x1, 0x18
#6575 0 0000000000012294     842a r 0000000000000008 000000000001e290  c.mv     x8, x10
#6576 0 0000000000012296     c119 r 0000000000000000 0000000000000000  c.beqz   x10, . + 0x6
#6577 0 0000000000012298     493c r 000000000000000f 0000000000000001  c.lw     x15, 0x50(x10)
#6578 0 000000000001229a     cb89 r 0000000000000000 0000000000000000  c.beqz   x15, . + 0x12
#6579 0 000000000001229c 01059783 r 000000000000000f 0000000000002889  lh       x15, 0x10(x11)
#6580 0 00000000000122a0     ef89 r 0000000000000000 0000000000000000  c.bnez   x15, . + 0x1a
#6581 0 00000000000122ba     8522 r 000000000000000a 000000000001e290  c.mv     x10, x8
#6582 0 00000000000122bc     6442 r 0000000000000008 000000000001e878  c.ldsp   x8, 0x10
#6583 0 00000000000122be     60e2 r 0000000000000001 0000000000019384  c.ldsp   x1, 0x18
#6584 0 00000000000122c0     6105 r 0000000000000002 00000000fffff240  c.addi16sp 0x2
#6585 0 00000000000122c2     bd2d r 0000000000000000 0000000000000000  c.j      . - 0x1c6
#6586 0 00000000000120fc 01059783 r 000000000000000f 0000000000002889  lh       x15, 0x10(x11)
#6587 0 0000000000012100     7179 r 0000000000000002 00000000fffff210  c.addi16sp -0x3
#6588 0 0000000000012102     f022 m 00000000fffff230 000000000001e878  c.sdsp   x8, 0x20
#6589 0 0000000000012104     e44e m 00000000fffff218 0000000000000000  c.sdsp   x19, 0x8
#6590 0 0000000000012106     f406 m 00000000fffff238 0000000000019384  c.sdsp   x1, 0x28
#6591 0 0000000000012108     ec26 m 00000000fffff228 0000000000000001  c.sdsp   x9, 0x18
#6592 0 000000000001210a     e84a m 00000000fffff220 00000000fffff490  c.sdsp   x18, 0x10
#6593 0 000000000001210c 0087f693 r 000000000000000d 0000000000000008  andi     x13, x15, 8
#6594 0 0000000000012110     842e r 0000000000000008 000000000001e878  c.mv     x8, x11
#6595 0 0000000000012112     89aa r 0000000000000013 000000000001e290  c.mv     x19, x10
#6596 0 0000000000012114     ead5 r 0000000000000000 0000000000000000  c.bnez   x13, . + 0xb4
#6597 0 00000000000121c8 0185b903 r 0000000000000012 0000000000020010  ld       x18, 0x18(x11)
#6598 0 00000000000121cc fe0906e3 r 0000000000000000 0000000000000000  beq      x18, x0, . - 0x14
#6599 0 00000000000121d0     6184 r 0000000000000009 0000000000020016  c.ld     x9, 0x0(x11)
#6600 0 00000000000121d2 03079713 r 000000000000000e 2889000000000000  slli     x14, x15, 48
#6601 0 00000000000121d6     9341 r 000000000000000e 0000000000002889  c.srli   x14, 0x30
#6602 0 00000000000121d8     8b0d r 000000000000000e 0000000000000001  c.andi   x14, 0x3
#6603 0 00000000000121da 0125b023 m 000000000001e878 0000000000020010  sd       x18, 0x0(x11)
#6604 0 00000000000121de 412484bb r 0000000000000009 0000000000000006  subw     x9, x9, x18
#6605 0 00000000000121e2     4781 r 000000000000000f 0000000000000000  c.li     x15, 0x0
#6606 0 00000000000121e4     e311 r 0000000000000000 0000000000000000  c.bnez   x14, . + 0x4
#6607 0 00000000000121e8     c45c m 000000000001e884 0000000000000000  c.sw     x15, 0xc(x8)
#6608 0 00000000000121ea 00904663 r 0000000000000000 0000000000000000  blt      x0, x9, . + 0xc
#6609 0 00000000000121f6     603c r 000000000000000f 00000000000161c4  c.ld     x15, 0x40(x8)
#6610 0 00000000000121f8     780c r 000000000000000b 000000000001e878  c.ld     x11, 0x30(x8)
#6611 0 00000000000121fa     86a6 r 000000000000000d 0000000000000006  c.mv     x13, x9
#6612 0 00000000000121fc     864a r 000000000000000c 0000000000020010  c.mv     x12, x18
#6613 0 00000000000121fe     854e r 000000000000000a 000000000001e290  c.mv     x10, x19
#6614 0 0000000000012200     9782 r 0000000000000001 0000000000012202  c.jalr   x15
#6615 0 00000000000161c4 01059783 r 000000000000000f 0000000000002889  lh       x15, 0x10(x11)
#6616 0 00000000000161c8     7179 r 0000000000000002 00000000fffff1e0  c.addi16sp -0x3
#6617 0 00000000000161ca     f022 m 00000000fffff200 000000000001e878  c.sdsp   x8, 0x20
#6618 0 00000000000161cc     ec26 m 00000000fffff1f8 0000000000000006  c.sdsp   x9, 0x18
#6619 0 00000000000161ce     e84a m 00000000fffff1f0 0000000000020010  c.sdsp   x18, 0x10
#6620 0 00000000000161d0     e44e m 00000000fffff1e8 000000000001e290  c.sdsp   x19, 0x8
#6621 0 00000000000161d2     f406 m 00000000fffff208 0000000000012202  c.sdsp   x1, 0x28
#6622 0 00000000000161d4 1007f713 r 000000000000000e 0000000000000000  andi     x14, x15, 256
#6623 0 00000000000161d8     842e r 0000000000000008 000000000001e878  c.mv     x8, x11
#6624 0 00000000000161da     84aa r 0000000000000009 000000000001e290  c.mv     x9, x10
#6625 0 00000000000161dc 01259583 r 000000000000000b 0000000000000001  lh       x11, 0x12(x11)
#6626 0 00000000000161e0     8932 r 0000000000000012 0000000000020010  c.mv     x18, x12
#6627 0 00000000000161e2     89b6 r 0000000000000013 0000000000000006  c.mv     x19, x13
#6628 0 00000000000161e4     e30d r 0000000000000000 0000000000000000  c.bnez   x14, . + 0x22
#6629 0 00000000000161e6     777d r 000000000000000e fffffffffffff000  c.lui    x14, 0xfffff
#6630 0 00000000000161e8     177d r 000000000000000e ffffffffffffefff  c.addi   x14, -0x1
#6631 0 00000000000161ea     8ff9 r 000000000000000f 0000000000002889  c.and    x15, x14
#6632 0 00000000000161ec 00f41823 m 000000000001e888 0000000000002889  sh       x15, 0x10(x8)
#6633 0 00000000000161f0     7402 r 0000000000000008 000000000001e878  c.ldsp   x8, 0x20
#6634 0 00000000000161f2     70a2 r 0000000000000001 0000000000012202  c.ldsp   x1, 0x28
#6635 0 00000000000161f4     86ce r 000000000000000d 0000000000000006  c.mv     x13, x19
#6636 0 00000000000161f6     864a r 000000000000000c 0000000000020010  c.mv     x12, x18
#6637 0 00000000000161f8     69a2 r 0000000000000013 000000000001e290  c.ldsp   x19, 0x8
#6638 0 00000000000161fa     6942 r 0000000000000012 0000000000020010  c.ldsp   x18, 0x10
#6639 0 00000000000161fc     8526 r 000000000000000a 000000000001e290  c.mv     x10, x9
#6640 0 00000000000161fe     64e2 r 0000000000000009 0000000000000006  c.ldsp   x9, 0x18
#6641 0 0000000000016200     6145 r 0000000000000002 00000000fffff210  c.addi16sp 0x3
#6642 0 0000000000016202 3a70206f r 0000000000000000 0000000000000000  j        . + 0x2ba6
#6643 0 0000000000018da8     1101 r 0000000000000002 00000000fffff1f0  c.addi   x2, -0x20
#6644 0 0000000000018daa     872e r 000000000000000e 0000000000000001  c.mv     x14, x11
#6645 0 0000000000018dac     e822 m 00000000fffff200 000000000001e878  c.sdsp   x8, 0x10
#6646 0 0000000000018dae     e426 m 00000000fffff1f8 0000000000000006  c.sdsp   x9, 0x8
#6647 0 0000000000018db0     85b2 r 000000000000000b 0000000000020010  c.mv     x11, x12
#6648 0 0000000000018db2     842a r 0000000000000008 000000000001e290  c.mv     x8, x10
#6649 0 0000000000018db4     8636 r 000000000000000c 0000000000000006  c.mv     x12, x13
#6650 0 0000000000018db6     853a r 000000000000000a 0000000000000001  c.mv     x10, x14
#6651 0 0000000000018db8     ec06 m 00000000fffff208 0000000000012202  c.sdsp   x1, 0x18
#6652 0 0000000000018dba 7801a823 m 000000000001f408 0000000000000000  sw       x0, 0x790(x3)
#6653 0 0000000000018dbe 208020ef r 0000000000000001 0000000000018dc2  jal      x1, . + 0x2208
#6654 0 000000000001afc6     1141 r 0000000000000002 00000000fffff1e0  c.addi   x2, -0x10
#6655 0 000000000001afc8     e406 m 00000000fffff1e8 0000000000018dc2  c.sdsp   x1, 0x8
#6656 0 000000000001afca     e022 m 00000000fffff1e0 000000000001e290  c.sdsp   x8, 0x0
#6657 0 000000000001afcc 04000893 r 0000000000000011 0000000000000040  addi     x17, x0, 64
#6658 0 000000000001afd0 00000073 r 000000000000000a 0000000000000006  ecall    
#6659 0 000000000001afd4     842a r 0000000000000008 0000000000000006  c.mv     x8, x10
#6660 0 000000000001afd6 00054763 r 0000000000000000 0000000000000000  blt      x10, x0, . + 0xe
#6661 0 000000000001afda     60a2 r 0000000000000001 0000000000018dc2  c.ldsp   x1, 0x8
#6662 0 000000000001afdc     8522 r 000000000000000a 0000000000000006  c.mv     x10, x8
#6663 0 000000000001afde     6402 r 0000000000000008 000000000001e290  c.ldsp   x8, 0x0
#6664 0 000000000001afe0     0141 r 0000000000000002 00000000fffff1f0  c.addi   x2, 0x10
#6665 0 000000000001afe2     8082 r 0000000000000000 0000000000000000  c.jr     x1
#6666 0 0000000000018dc2     57fd r 000000000000000f ffffffffffffffff  c.li     x15, -0x1
#6667 0 0000000000018dc4 00f50763 r 0000000000000000 0000000000000000  beq      x10, x15, . + 0xe
#6668 0 0000000000018dc8     60e2 r 0000000000000001 0000000000012202  c.ldsp   x1, 0x18
#6669 0 0000000000018dca     6442 r 0000000000000008 000000000001e878  c.ldsp   x8, 0x10
#6670 0 0000000000018dcc     64a2 r 0000000000000009 0000000000000006  c.ldsp   x9, 0x8
#6671 0 0000000000018dce     6105 r 0000000000000002 00000000fffff210  c.addi16sp 0x2
#6672 0 0000000000018dd0     8082 r 0000000000000000 0000000000000000  c.jr     x1
#6673 0 0000000000012202     9c89 r 0000000000000009 0000000000000000  c.subw   x9, x10
#6674 0 0000000000012204 fea046e3 r 0000000000000000 0000000000000000  blt      x0, x10, . - 0x14
#6675 0 00000000000121f0     992a r 0000000000000012 0000000000020016  c.add    x18, x10
#6676 0 00000000000121f2 fc9053e3 r 0000000000000000 0000000000000000  bge      x0, x9, . - 0x3a
#6677 0 00000000000121b8     4501 r 000000000000000a 0000000000000000  c.li     x10, 0x0
#6678 0 00000000000121ba     70a2 r 0000000000000001 0000000000019384  c.ldsp   x1, 0x28
#6679 0 00000000000121bc     7402 r 0000000000000008 000000000001e878  c.ldsp   x8, 0x20
#6680 0 00000000000121be     64e2 r 0000000000000009 0000000000000001  c.ldsp   x9, 0x18
#6681 0 00000000000121c0     6942 r 0000000000000012 00000000fffff490  c.ldsp   x18, 0x10
#6682 0 00000000000121c2     69a2 r 0000000000000013 0000000000000000  c.ldsp   x19, 0x8
#6683 0 00000000000121c4     6145 r 0000000000000002 00000000fffff240  c.addi16sp 0x3
#6684 0 00000000000121c6     8082 r 0000000000000000 0000000000000000  c.jr     x1
#6685 0 0000000000019384     d179 r 0000000000000000 0000000000000000  c.beqz   x10, . - 0x3a
#6686 0 000000000001934a 010a3783 r 000000000000000f 0000000000000001  ld       x15, 0x10(x20)
#6687 0 000000000001934e     9ca6 r 0000000000000019 000000000001c467  c.add    x25, x9
#6688 0 0000000000019350 409c0c33 r 0000000000000018 0000000000000000  sub      x24, x24, x9
#6689 0 0000000000019354 409784b3 r 0000000000000009 0000000000000000  sub      x9, x15, x9
#6690 0 0000000000019358 009a3823 m 00000000fffff410 0000000000000000  sd       x9, 0x10(x20)
#6691 0 000000000001935c     f4c5 r 0000000000000000 0000000000000000  c.bnez   x9, . - 0x58
#6692 0 000000000001935e     4501 r 000000000000000a 0000000000000000  c.li     x10, 0x0
#6693 0 0000000000019360     60e6 r 0000000000000001 000000000001809a  c.ldsp   x1, 0x58
#6694 0 0000000000019362     6446 r 0000000000000008 000000000001c467  c.ldsp   x8, 0x50
#6695 0 0000000000019364     64a6 r 0000000000000009 0000000000000001  c.ldsp   x9, 0x48
#6696 0 0000000000019366     6906 r 0000000000000012 000000000001e878  c.ldsp   x18, 0x40
#6697 0 0000000000019368     79e2 r 0000000000000013 0000000000000001  c.ldsp   x19, 0x38
#6698 0 000000000001936a     7a42 r 0000000000000014 000000000001e290  c.ldsp   x20, 0x30
#6699 0 000000000001936c     7aa2 r 0000000000000015 00000000fffff400  c.ldsp   x21, 0x28
#6700 0 000000000001936e     7b02 r 0000000000000016 00000000fffff480  c.ldsp   x22, 0x20
#6701 0 0000000000019370     6be2 r 0000000000000017 0000000000000001  c.ldsp   x23, 0x18
#6702 0 0000000000019372     6c42 r 0000000000000018 fffffffffffffffe  c.ldsp   x24, 0x10
#6703 0 0000000000019374     6ca2 r 0000000000000019 000000000001c466  c.ldsp   x25, 0x8
#6704 0 0000000000019376     6d02 r 000000000000001a 0000000000000064  c.ldsp   x26, 0x0
#6705 0 0000000000019378     6125 r 0000000000000002 00000000fffff2a0  c.addi16sp 0x6
#6706 0 000000000001937a     8082 r 0000000000000000 0000000000000000  c.jr     x1
#6707 0 000000000001809a     b7e1 r 0000000000000000 0000000000000000  c.j      . - 0x38
#6708 0 0000000000018062     60a6 r 0000000000000001 0000000000011864  c.ldsp   x1, 0x48
#6709 0 0000000000018064     6406 r 0000000000000008 000000000001c467  c.ldsp   x8, 0x40
#6710 0 0000000000018066 000ab823 m 00000000fffff410 0000000000000000  sd       x0, 0x10(x21)
#6711 0 000000000001806a 000aa423 m 00000000fffff408 0000000000000000  sw       x0, 0x8(x21)
#6712 0 000000000001806e     74e2 r 0000000000000009 0000000000000001  c.ldsp   x9, 0x38
#6713 0 0000000000018070     7942 r 0000000000000012 000000000001e878  c.ldsp   x18, 0x30
#6714 0 0000000000018072     79a2 r 0000000000000013 0000000000000001  c.ldsp   x19, 0x28
#6715 0 0000000000018074     7a02 r 0000000000000014 000000000001e290  c.ldsp   x20, 0x20
#6716 0 0000000000018076     6ae2 r 0000000000000015 0000000000000000  c.ldsp   x21, 0x18
#6717 0 0000000000018078     6b42 r 0000000000000016 00000000fffff480  c.ldsp   x22, 0x10
#6718 0 000000000001807a     6ba2 r 0000000000000017 0000000000000001  c.ldsp   x23, 0x8
#6719 0 000000000001807c     6161 r 0000000000000002 00000000fffff2f0  c.addi16sp 0x5
#6720 0 000000000001807e     8082 r 0000000000000000 0000000000000000  c.jr     x1
#6721 0 0000000000011864 d99fe06f r 0000000000000000 0000000000000000  j        . - 0x1268
#6722 0 00000000000105fc 01095783 r 000000000000000f 0000000000002889  lhu      x15, 0x10(x18)
#6723 0 0000000000010600 0407f793 r 000000000000000f 0000000000000000  andi     x15, x15, 64
#6724 0 0000000000010604     c399 r 0000000000000000 0000000000000000  c.beqz   x15, . + 0x6
#6725 0 000000000001060a 27813083 r 0000000000000001 0000000000010340  ld       x1, 0x278(x2)
#6726 0 000000000001060e 27013403 r 0000000000000008 00000000ffffff50  ld       x8, 0x270(x2)
#6727 0 0000000000010612     6522 r 000000000000000a 0000000000000006  c.ldsp   x10, 0x8
#6728 0 0000000000010614 26813483 r 0000000000000009 0000000000000000  ld       x9, 0x268(x2)
#6729 0 0000000000010618 26013903 r 0000000000000012 0000000000000000  ld       x18, 0x260(x2)
#6730 0 000000000001061c 25813983 r 0000000000000013 0000000000000000  ld       x19, 0x258(x2)
#6731 0 0000000000010620 25013a03 r 0000000000000014 0000000000000000  ld       x20, 0x250(x2)
#6732 0 0000000000010624 24813a83 r 0000000000000015 0000000000000000  ld       x21, 0x248(x2)
#6733 0 0000000000010628 24013b03 r 0000000000000016 0000000000000000  ld       x22, 0x240(x2)
#6734 0 000000000001062c 23813b83 r 0000000000000017 0000000000000000  ld       x23, 0x238(x2)
#6735 0 0000000000010630 23013c03 r 0000000000000018 0000000000000000  ld       x24, 0x230(x2)
#6736 0 0000000000010634 22813c83 r 0000000000000019 0000000000000000  ld       x25, 0x228(x2)
#6737 0 0000000000010638 22013d03 r 000000000000001a 0000000000000000  ld       x26, 0x220(x2)
#6738 0 000000000001063c 21813d83 r 000000000000001b 0000000000000000  ld       x27, 0x218(x2)
#6739 0 0000000000010640 28010113 r 0000000000000002 00000000fffff570  addi     x2, x2, 640
#6740 0 0000000000010644     8082 r 0000000000000000 0000000000000000  c.jr     x1
#6741 0 0000000000010340     60e2 r 0000000000000001 0000000000010184  c.ldsp   x1, 0x18
#6742 0 0000000000010342     6125 r 0000000000000002 00000000fffff5d0  c.addi16sp 0x6
#6743 0 0000000000010344     8082 r 0000000000000000 0000000000000000  c.jr     x1
#6744 0 0000000000010184 fec42783 r 000000000000000f 0000000000000006  lw       x15, -0x14(x8)
#6745 0 0000000000010188     2785 r 000000000000000f 0000000000000007  c.addiw  x15, 0x1
#6746 0 000000000001018a fef42623 m 00000000ffffff3c 0000000000000007  sw       x15, -0x14(x8)
#6747 0 000000000001018e fec42783 r 000000000000000f 0000000000000007  lw       x15, -0x14(x8)
#6748 0 0000000000010192 0007871b r 000000000000000e 0000000000000007  addiw    x14, x15, 0
#6749 0 0000000000010196     47a5 r 000000000000000f 0000000000000009  c.li     x15, 0x9
#6750 0 0000000000010198 fce7dee3 r 0000000000000000 0000000000000000  bge      x15, x14, . - 0x24
#6751 0 0000000000010174 fec42783 r 000000000000000f 0000000000000007  lw       x15, -0x14(x8)
#6752 0 0000000000010178     85be r 000000000000000b 0000000000000007  c.mv     x11, x15
#6753 0 000000000001017a     67f1 r 000000000000000f 000000000001c000  c.lui    x15, 0x1c
#6754 0 000000000001017c 46078513 r 000000000000000a 000000000001c460  addi     x10, x15, 1120
#6755 0 0000000000010180 19a000ef r 0000000000000001 0000000000010184  jal      x1, . + 0x19a
#6756 0 000000000001031a 7581b303 r 0000000000000006 000000000001e290  ld       x6, 0x758(x3)
#6757 0 000000000001031e     711d r 0000000000000002 00000000fffff570  c.addi16sp -0x6
#6758 0 0000000000010320     f832 m 00000000fffff5a0 0000000000000006  c.sdsp   x12, 0x30
#6759 0 0000000000010322     fc36 m 00000000fffff5a8 0000000000000006  c.sdsp   x13, 0x38
#6760 0 0000000000010324     f42e m 00000000fffff598 0000000000000007  c.sdsp   x11, 0x28
#6761 0 0000000000010326     e0ba m 00000000fffff5b0 0000000000000007  c.sdsp   x14, 0x40
#6762 0 0000000000010328     e4be m 00000000fffff5b8 000000000001c000  c.sdsp   x15, 0x48
#6763 0 000000000001032a     e8c2 m 00000000fffff5c0 0000000000000000  c.sdsp   x16, 0x50
#6764 0 000000000001032c     ecc6 m 00000000fffff5c8 0000000000000040  c.sdsp   x17, 0x58
#6765 0 000000000001032e 01033583 r 000000000000000b 000000000001e878  ld       x11, 0x10(x6)
#6766 0 0000000000010332     1034 r 000000000000000d 00000000fffff598  c.addi4spn  x13, 0xa
#6767 0 0000000000010334     862a r 000000000000000c 000000000001c460  c.mv     x12, x10
#6768 0 0000000000010336     851a r 000000000000000a 000000000001e290  c.mv     x10, x6
#6769 0 0000000000010338     ec06 m 00000000fffff588 0000000000010184  c.sdsp   x1, 0x18
#6770 0 000000000001033a     e436 m 00000000fffff578 00000000fffff598  c.sdsp   x13, 0x8
#6771 0 000000000001033c 00a000ef r 0000000000000001 0000000000010340  jal      x1, . + 0xa
#6772 0 0000000000010346 d8010113 r 0000000000000002 00000000fffff2f0  addi     x2, x2, -640
#6773 0 000000000001034a 26113c23 m 00000000fffff568 0000000000010340  sd       x1, 0x278(x2)
#6774 0 000000000001034e 27213023 m 00000000fffff550 0000000000000000  sd       x18, 0x260(x2)
#6775 0 0000000000010352 25413823 m 00000000fffff540 0000000000000000  sd       x20, 0x250(x2)
#6776 0 0000000000010356 23913423 m 00000000fffff518 0000000000000000  sd       x25, 0x228(x2)
#6777 0 000000000001035a     892e r 0000000000000012 000000000001e878  c.mv     x18, x11
#6778 0 000000000001035c     8cb2 r 0000000000000019 000000000001c460  c.mv     x25, x12
#6779 0 000000000001035e     e836 m 00000000fffff300 00000000fffff598  c.sdsp   x13, 0x10
#6780 0 0000000000010360 26813823 m 00000000fffff560 00000000ffffff50  sd       x8, 0x270(x2)
#6781 0 0000000000010364 26913423 m 00000000fffff558 0000000000000000  sd       x9, 0x268(x2)
#6782 0 0000000000010368 25313c23 m 00000000fffff548 0000000000000000  sd       x19, 0x258(x2)
#6783 0 000000000001036c 25513423 m 00000000fffff538 0000000000000000  sd       x21, 0x248(x2)
#6784 0 0000000000010370 25613023 m 00000000fffff530 0000000000000000  sd       x22, 0x240(x2)
#6785 0 0000000000010374 23713c23 m 00000000fffff528 0000000000000000  sd       x23, 0x238(x2)
#6786 0 0000000000010378 23813823 m 00000000fffff520 0000000000000000  sd       x24, 0x230(x2)
#6787 0 000000000001037c 23a13023 m 00000000fffff510 0000000000000000  sd       x26, 0x220(x2)
#6788 0 0000000000010380 21b13c23 m 00000000fffff508 0000000000000000  sd       x27, 0x218(x2)
#6789 0 0000000000010384     8a2a r 0000000000000014 000000000001e290  c.mv     x20, x10
#6790 0 0000000000010386 6fa040ef r 0000000000000001 000000000001038a  jal      x1, . + 0x46fa
#6791 0 0000000000014a80 e6018513 r 000000000000000a 000000000001ead8  addi     x10, x3, -416
#6792 0 0000000000014a84     8082 r 0000000000000000 0000000000000000  c.jr     x1
#6793 0 000000000001038a     611c r 000000000000000f 000000000001c9b0  c.ld     x15, 0x0(x10)
#6794 0 000000000001038c     853e r 000000000000000a 000000000001c9b0  c.mv     x10, x15
#6795 0 000000000001038e     f8be m 00000000fffff360 000000000001c9b0  c.sdsp   x15, 0x70
#6796 0 0000000000010390 058060ef r 0000000000000001 0000000000010394  jal      x1, . + 0x6058
#6797 0 00000000000163e8 00757793 r 000000000000000f 0000000000000000  andi     x15, x10, 7
#6798 0 00000000000163ec     872a r 000000000000000e 000000000001c9b0  c.mv     x14, x10
#6799 0 00000000000163ee     eba9 r 0000000000000000 0000000000000000  c.bnez   x15, . + 0x52
#6800 0 00000000000163f0 7401b683 r 000000000000000d 7f7f7f7f7f7f7f7f  ld       x13, 0x740(x3)
#6801 0 00000000000163f4     55fd r 000000000000000b ffffffffffffffff  c.li     x11, -0x1
#6802 0 00000000000163f6     6310 r 000000000000000c 000000000000002e  c.ld     x12, 0x0(x14)
#6803 0 00000000000163f8     0721 r 000000000000000e 000000000001c9b8  c.addi   x14, 0x8
#6804 0 00000000000163fa 00d677b3 r 000000000000000f 000000000000002e  and      x15, x12, x13
#6805 0 00000000000163fe     97b6 r 000000000000000f 7f7f7f7f7f7f7fad  c.add    x15, x13
#6806 0 0000000000016400     8fd1 r 000000000000000f 7f7f7f7f7f7f7faf  c.or     x15, x12
#6807 0 0000000000016402     8fd5 r 000000000000000f 7f7f7f7f7f7f7fff  c.or     x15, x13
#6808 0 0000000000016404 feb789e3 r 0000000000000000 0000000000000000  beq      x15, x11, . - 0xe
#6809 0 0000000000016408 ff874683 r 000000000000000d 000000000000002e  lbu      x13, -0x8(x14)
#6810 0 000000000001640c 40a707b3 r 000000000000000f 0000000000000008  sub      x15, x14, x10
#6811 0 0000000000016410     c6a9 r 0000000000000000 0000000000000000  c.beqz   x13, . + 0x4a
#6812 0 0000000000016412 ff974683 r 000000000000000d 0000000000000000  lbu      x13, -0x7(x14)
#6813 0 0000000000016416     ce9d r 0000000000000000 0000000000000000  c.beqz   x13, . + 0x3e
#6814 0 0000000000016454 ff978513 r 000000000000000a 0000000000000001  addi     x10, x15, -7
#6815 0 0000000000016458     8082 r 0000000000000000 0000000000000000  c.jr     x1
#6816 0 0000000000010394     f4aa m 00000000fffff358 0000000000000001  c.sdsp   x10, 0x68
#6817 0 0000000000010396     e202 m 00000000fffff3f0 0000000000000000  c.sdsp   x0, 0x100
#6818 0 0000000000010398     e602 m 00000000fffff3f8 0000000000000000  c.sdsp   x0, 0x108
#6819 0 000000000001039a 000a0663 r 0000000000000000 0000000000000000  beq      x20, x0, . + 0xc
#6820 0 000000000001039e 050a2783 r 000000000000000f 0000000000000001  lw       x15, 0x50(x20)
#6821 0 00000000000103a2 72078963 r 0000000000000000 0000000000000000  beq      x15, x0, . + 0x732
#6822 0 00000000000103a6 01091703 r 000000000000000e 0000000000002889  lh       x14, 0x10(x18)
#6823 0 00000000000103aa     6689 r 000000000000000d 0000000000002000  c.lui    x13, 0x2
#6824 0 00000000000103ac 03071793 r 000000000000000f 2889000000000000  slli     x15, x14, 48
#6825 0 00000000000103b0     93c1 r 000000000000000f 0000000000002889  c.srli   x15, 0x30
#6826 0 00000000000103b2 00d7f633 r 000000000000000c 0000000000002000  and      x12, x15, x13
#6827 0 00000000000103b6     e215 r 0000000000000000 0000000000000000  c.bnez   x12, . + 0x24
#6828 0 00000000000103da 0087f713 r 000000000000000e 0000000000000008  andi     x14, x15, 8
#6829 0 00000000000103de 26070a63 r 0000000000000000 0000000000000000  beq      x14, x0, . + 0x274
#6830 0 00000000000103e2 01893703 r 000000000000000e 0000000000020010  ld       x14, 0x18(x18)
#6831 0 00000000000103e6 26070663 r 0000000000000000 0000000000000000  beq      x14, x0, . + 0x26c
#6832 0 00000000000103ea     8be9 r 000000000000000f 0000000000000008  c.andi   x15, 0x1a
#6833 0 00000000000103ec     4729 r 000000000000000e 000000000000000a  c.li     x14, 0xa
#6834 0 00000000000103ee 26e78f63 r 0000000000000000 0000000000000000  beq      x15, x14, . + 0x27e
#6835 0 00000000000103f2     67f1 r 000000000000000f 000000000001c000  c.lui    x15, 0x1c
#6836 0 00000000000103f4 6887b783 r 000000000000000f 3ffc000000000000  ld       x15, 0x688(x15)
#6837 0 00000000000103f8 19010b13 r 0000000000000016 00000000fffff480  addi     x22, x2, 400
#6838 0 00000000000103fc     ea5a m 00000000fffff400 00000000fffff480  c.sdsp   x22, 0x110
#6839 0 00000000000103fe     ed3e m 00000000fffff388 3ffc000000000000  c.sdsp   x15, 0x98
#6840 0 0000000000010400     67f1 r 000000000000000f 000000000001c000  c.lui    x15, 0x1c
#6841 0 0000000000010402 6687b783 r 000000000000000f 4003000000000000  ld       x15, 0x668(x15)
#6842 0 0000000000010406     f202 m 00000000fffff410 0000000000000000  c.sdsp   x0, 0x120
#6843 0 0000000000010408 10012c23 m 00000000fffff408 0000000000000000  sw       x0, 0x118(x2)
#6844 0 000000000001040c     e93e m 00000000fffff380 4003000000000000  c.sdsp   x15, 0x90
#6845 0 000000000001040e     67f1 r 000000000000000f 000000000001c000  c.lui    x15, 0x1c
#6846 0 0000000000010410 6787b783 r 000000000000000f 3ffe000000000000  ld       x15, 0x678(x15)
#6847 0 0000000000010414     f002 m 00000000fffff310 0000000000000000  c.sdsp   x0, 0x20
#6848 0 0000000000010416     f402 m 00000000fffff318 0000000000000000  c.sdsp   x0, 0x28
#6849 0 0000000000010418     f13e m 00000000fffff390 3ffe000000000000  c.sdsp   x15, 0xa0
#6850 0 000000000001041a 000cc783 r 000000000000000f 0000000000000069  lbu      x15, 0x0(x25)
#6851 0 000000000001041e     fc82 m 00000000fffff368 0000000000000000  c.sdsp   x0, 0x78
#6852 0 0000000000010420     f082 m 00000000fffff350 0000000000000000  c.sdsp   x0, 0x60
#6853 0 0000000000010422     e102 m 00000000fffff370 0000000000000000  c.sdsp   x0, 0x80
#6854 0 0000000000010424     e502 m 00000000fffff378 0000000000000000  c.sdsp   x0, 0x88
#6855 0 0000000000010426     e402 m 00000000fffff2f8 0000000000000000  c.sdsp   x0, 0x8
#6856 0 0000000000010428     835a r 0000000000000006 00000000fffff480  c.mv     x6, x22
#6857 0 000000000001042a 1c078563 r 0000000000000000 0000000000000000  beq      x15, x0, . + 0x1ca
#6858 0 000000000001042e     8466 r 0000000000000008 000000000001c460  c.mv     x8, x25
#6859 0 0000000000010430 02500713 r 000000000000000e 0000000000000025  addi     x14, x0, 37
#6860 0 0000000000010434 30e78363 r 0000000000000000 0000000000000000  beq      x15, x14, . + 0x306
#6861 0 0000000000010438 00144783 r 000000000000000f 0000000000000020  lbu      x15, 0x1(x8)
#6862 0 000000000001043c     0405 r 0000000000000008 000000000001c461  c.addi   x8, 0x1
#6863 0 000000000001043e     fbfd r 0000000000000000 0000000000000000  c.bnez   x15, . - 0xa
#6864 0 0000000000010434 30e78363 r 0000000000000000 0000000000000000  beq      x15, x14, . + 0x306
#6865 0 0000000000010438 00144783 r 000000000000000f 000000000000003d  lbu      x15, 0x1(x8)
#6866 0 000000000001043c     0405 r 0000000000000008 000000000001c462  c.addi   x8, 0x1
#6867 0 000000000001043e     fbfd r 0000000000000000 0000000000000000  c.bnez   x15, . - 0xa
#6868 0 0000000000010434 30e78363 r 0000000000000000 0000000000000000  beq      x15, x14, . + 0x306
#6869 0 0000000000010438 00144783 r 000000000000000f 0000000000000020  lbu      x15, 0x1(x8)
#6870 0 000000000001043c     0405 r 0000000000000008 000000000001c463  c.addi   x8, 0x1
#6871 0 000000000001043e     fbfd r 0000000000000000 0000000000000000  c.bnez   x15, . - 0xa
#6872 0 0000000000010434 30e78363 r 0000000000000000 0000000000000000  beq      x15, x14, . + 0x306
#6873 0 0000000000010438 00144783 r 000000000000000f 0000000000000025  lbu      x15, 0x1(x8)
#6874 0 000000000001043c     0405 r 0000000000000008 000000000001c464  c.addi   x8, 0x1
#6875 0 000000000001043e     fbfd r 0000000000000000 0000000000000000  c.bnez   x15, . - 0xa
#6876 0 0000000000010434 30e78363 r 0000000000000000 0000000000000000  beq      x15, x14, . + 0x306
#6877 0 000000000001073a 419404bb r 0000000000000009 0000000000000004  subw     x9, x8, x25
#6878 0 000000000001073e d00495e3 r 0000000000000000 0000000000000000  bne      x9, x0, . - 0x2f6
#6879 0 0000000000010448     7712 r 000000000000000e 0000000000000000  c.ldsp   x14, 0x120
#6880 0 000000000001044a 11812783 r 000000000000000f 0000000000000000  lw       x15, 0x118(x2)
#6881 0 000000000001044e 01933023 m 00000000fffff480 000000000001c460  sd       x25, 0x0(x6)
#6882 0 0000000000010452     9726 r 000000000000000e 0000000000000004  c.add    x14, x9
#6883 0 0000000000010454     2785 r 000000000000000f 0000000000000001  c.addiw  x15, 0x1
#6884 0 0000000000010456 00933423 m 00000000fffff488 0000000000000004  sd       x9, 0x8(x6)
#6885 0 000000000001045a     f23a m 00000000fffff410 0000000000000004  c.sdsp   x14, 0x120
#6886 0 000000000001045c 10f12c23 m 00000000fffff408 0000000000000001  sw       x15, 0x118(x2)
#6887 0 0000000000010460 0007871b r 000000000000000e 0000000000000001  addiw    x14, x15, 0
#6888 0 0000000000010464     479d r 000000000000000f 0000000000000007  c.li     x15, 0x7
#6889 0 0000000000010466     0341 r 0000000000000006 00000000fffff490  c.addi   x6, 0x10
#6890 0 0000000000010468 2ee7c063 r 0000000000000000 0000000000000000  blt      x15, x14, . + 0x2e0
#6891 0 000000000001046c     6722 r 000000000000000e 0000000000000000  c.ldsp   x14, 0x8
#6892 0 000000000001046e 00044783 r 000000000000000f 0000000000000025  lbu      x15, 0x0(x8)
#6893 0 0000000000010472     9f25 r 000000000000000e 0000000000000004  c.addw   x14, x9
#6894 0 0000000000010474     e43a m 00000000fffff2f8 0000000000000004  c.sdsp   x14, 0x8
#6895 0 0000000000010476 16078f63 r 0000000000000000 0000000000000000  beq      x15, x0, . + 0x17e
#6896 0 000000000001047a     67f1 r 000000000000000f 000000000001c000  c.lui    x15, 0x1c
#6897 0 000000000001047c 00144e03 r 000000000000001c 0000000000000064  lbu      x28, 0x1(x8)
#6898 0 0000000000010480 0c010fa3 m 00000000fffff3cf 0000000000000000  sb       x0, 0xdf(x2)
#6899 0 0000000000010484     0405 r 0000000000000008 000000000001c465  c.addi   x8, 0x1
#6900 0 0000000000010486     5c7d r 0000000000000018 ffffffffffffffff  c.li     x24, -0x1
#6901 0 0000000000010488     4a81 r 0000000000000015 0000000000000000  c.li     x21, 0x0
#6902 0 000000000001048a     4481 r 0000000000000009 0000000000000000  c.li     x9, 0x0
#6903 0 000000000001048c 05a00993 r 0000000000000013 000000000000005a  addi     x19, x0, 90
#6904 0 0000000000010490 4c878b93 r 0000000000000017 000000000001c4c8  addi     x23, x15, 1224
#6905 0 0000000000010494     4da5 r 000000000000001b 0000000000000009  c.li     x27, 0x9
#6906 0 0000000000010496     0405 r 0000000000000008 000000000001c466  c.addi   x8, 0x1
#6907 0 0000000000010498 000e0d1b r 000000000000001a 0000000000000064  addiw    x26, x28, 0
#6908 0 000000000001049c 02a00613 r 000000000000000c 000000000000002a  addi     x12, x0, 42
#6909 0 00000000000104a0 fe0d079b r 000000000000000f 0000000000000044  addiw    x15, x26, -32
#6910 0 00000000000104a4 0007871b r 000000000000000e 0000000000000044  addiw    x14, x15, 0
#6911 0 00000000000104a8 04e9e363 r 0000000000000000 0000000000000000  bltu     x19, x14, . + 0x46
#6912 0 00000000000104ac 02079713 r 000000000000000e 0000004400000000  slli     x14, x15, 32
#6913 0 00000000000104b0 01e75793 r 000000000000000f 0000000000000110  srli     x15, x14, 30
#6914 0 00000000000104b4     97de r 000000000000000f 000000000001c5d8  c.add    x15, x23
#6915 0 00000000000104b6     439c r 000000000000000f 000000000001068a  c.lw     x15, 0x0(x15)
#6916 0 00000000000104b8     8782 r 0000000000000000 0000000000000000  c.jr     x15
#6917 0 000000000001068a     66c2 r 000000000000000d 00000000fffff598  c.ldsp   x13, 0x10
#6918 0 000000000001068c 0204f793 r 000000000000000f 0000000000000000  andi     x15, x9, 32
#6919 0 0000000000010690 00868713 r 000000000000000e 00000000fffff5a0  addi     x14, x13, 8
#6920 0 0000000000010694 3c078163 r 0000000000000000 0000000000000000  beq      x15, x0, . + 0x3c2
#6921 0 0000000000010a56 0104f793 r 000000000000000f 0000000000000000  andi     x15, x9, 16
#6922 0 0000000000010a5a 7e079f63 r 0000000000000000 0000000000000000  bne      x15, x0, . + 0x7fe
#6923 0 0000000000010a5e 0404f793 r 000000000000000f 0000000000000000  andi     x15, x9, 64
#6924 0 0000000000010a62 380788e3 r 0000000000000000 0000000000000000  beq      x15, x0, . + 0xb90
#6925 0 00000000000115f2 2004f793 r 000000000000000f 0000000000000000  andi     x15, x9, 512
#6926 0 00000000000115f6 24078163 r 0000000000000000 0000000000000000  beq      x15, x0, . + 0x242
#6927 0 0000000000011838     67c2 r 000000000000000f 00000000fffff598  c.ldsp   x15, 0x10
#6928 0 000000000001183a 0007a983 r 0000000000000013 0000000000000007  lw       x19, 0x0(x15)
#6929 0 000000000001183e     87ce r 000000000000000f 0000000000000007  c.mv     x15, x19
#6930 0 0000000000011840 e5dfe06f r 0000000000000000 0000000000000000  j        . - 0x11a4
#6931 0 000000000001069c 3c07cb63 r 0000000000000000 0000000000000000  blt      x15, x0, . + 0x3d6
#6932 0 00000000000106a0     57fd r 000000000000000f ffffffffffffffff  c.li     x15, -0x1
#6933 0 00000000000106a2 3efc00e3 r 0000000000000000 0000000000000000  beq      x24, x15, . + 0xbe0
#6934 0 0000000000011282     e83a m 00000000fffff300 00000000fffff5a0  c.sdsp   x14, 0x10
#6935 0 0000000000011284     47a5 r 000000000000000f 0000000000000009  c.li     x15, 0x9
#6936 0 0000000000011286     8da6 r 000000000000001b 0000000000000000  c.mv     x27, x9
#6937 0 0000000000011288 cb37f8e3 r 0000000000000000 0000000000000000  bgeu     x15, x19, . - 0x350
#6938 0 0000000000010f38 0309899b r 0000000000000013 0000000000000037  addiw    x19, x19, 48
#6939 0 0000000000010f3c 193105a3 m 00000000fffff47b 0000000000000037  sb       x19, 0x18b(x2)
#6940 0 0000000000010f40     84ee r 0000000000000009 0000000000000000  c.mv     x9, x27
#6941 0 0000000000010f42     4b85 r 0000000000000017 0000000000000001  c.li     x23, 0x1
#6942 0 0000000000010f44 18b10c93 r 0000000000000019 00000000fffff47b  addi     x25, x2, 395
#6943 0 0000000000010f48 f7aff06f r 0000000000000000 0000000000000000  j        . - 0x886
#6944 0 00000000000106c2 0df14783 r 000000000000000f 0000000000000000  lbu      x15, 0xdf(x2)
#6945 0 00000000000106c6 000b899b r 0000000000000013 0000000000000001  addiw    x19, x23, 0
#6946 0 00000000000106ca 018bd463 r 0000000000000000 0000000000000000  bge      x23, x24, . + 0x8
#6947 0 00000000000106d2     ec02 m 00000000fffff308 0000000000000000  c.sdsp   x0, 0x18
#6948 0 00000000000106d4     e482 m 00000000fffff338 0000000000000000  c.sdsp   x0, 0x48
#6949 0 00000000000106d6     ec82 m 00000000fffff348 0000000000000000  c.sdsp   x0, 0x58
#6950 0 00000000000106d8     e882 m 00000000fffff340 0000000000000000  c.sdsp   x0, 0x50
#6951 0 00000000000106da e20789e3 r 0000000000000000 0000000000000000  beq      x15, x0, . - 0x1ce
#6952 0 000000000001050c 0024f293 r 0000000000000005 0000000000000000  andi     x5, x9, 2
#6953 0 0000000000010510 00028363 r 0000000000000000 0000000000000000  beq      x5, x0, . + 0x6
#6954 0 0000000000010516 0844fd93 r 000000000000001b 0000000000000000  andi     x27, x9, 132
#6955 0 000000000001051a     7792 r 000000000000000f 0000000000000004  c.ldsp   x15, 0x120
#6956 0 000000000001051c 000d9663 r 0000000000000000 0000000000000000  bne      x27, x0, . + 0xc
#6957 0 0000000000010520 413a86bb r 000000000000000d ffffffffffffffff  subw     x13, x21, x19
#6958 0 0000000000010524 22d044e3 r 0000000000000000 0000000000000000  blt      x0, x13, . + 0xa28
#6959 0 0000000000010528 0df14703 r 000000000000000e 0000000000000000  lbu      x14, 0xdf(x2)
#6960 0 000000000001052c     c70d r 0000000000000000 0000000000000000  c.beqz   x14, . + 0x2a
#6961 0 0000000000010556 02028563 r 0000000000000000 0000000000000000  beq      x5, x0, . + 0x2a
#6962 0 0000000000010580 08000713 r 000000000000000e 0000000000000080  addi     x14, x0, 128
#6963 0 0000000000010584 06ed8ae3 r 0000000000000000 0000000000000000  beq      x27, x14, . + 0x874
#6964 0 0000000000010588 417c0c3b r 0000000000000018 fffffffffffffffe  subw     x24, x24, x23
#6965 0 000000000001058c 0f804ee3 r 0000000000000000 0000000000000000  blt      x0, x24, . + 0x8fc
#6966 0 0000000000010590 1004f713 r 000000000000000e 0000000000000000  andi     x14, x9, 256
#6967 0 0000000000010594 78071b63 r 0000000000000000 0000000000000000  bne      x14, x0, . + 0x796
#6968 0 0000000000010598 11812703 r 000000000000000e 0000000000000001  lw       x14, 0x118(x2)
#6969 0 000000000001059c     97de r 000000000000000f 0000000000000005  c.add    x15, x23
#6970 0 000000000001059e 01933023 m 00000000fffff490 00000000fffff47b  sd       x25, 0x0(x6)
#6971 0 00000000000105a2 0017069b r 000000000000000d 0000000000000002  addiw    x13, x14, 1
#6972 0 00000000000105a6     8736 r 000000000000000e 0000000000000002  c.mv     x14, x13
#6973 0 00000000000105a8 01733423 m 00000000fffff498 0000000000000001  sd       x23, 0x8(x6)
#6974 0 00000000000105ac 10e12c23 m 00000000fffff408 0000000000000002  sw       x14, 0x118(x2)
#6975 0 00000000000105b0     f23e m 00000000fffff410 0000000000000005  c.sdsp   x15, 0x120
#6976 0 00000000000105b2     471d r 000000000000000e 0000000000000007  c.li     x14, 0x7
#6977 0 00000000000105b4 46d74863 r 0000000000000000 0000000000000000  blt      x14, x13, . + 0x470
#6978 0 00000000000105b8     0341 r 0000000000000006 00000000fffff4a0  c.addi   x6, 0x10
#6979 0 00000000000105ba     8891 r 0000000000000009 0000000000000000  c.andi   x9, 0x4
#6980 0 00000000000105bc     c489 r 0000000000000000 0000000000000000  c.beqz   x9, . + 0xa
#6981 0 00000000000105c6     8756 r 000000000000000e 0000000000000000  c.mv     x14, x21
#6982 0 00000000000105c8 013ad363 r 0000000000000000 0000000000000000  bge      x21, x19, . + 0x6
#6983 0 00000000000105cc     874e r 000000000000000e 0000000000000001  c.mv     x14, x19
#6984 0 00000000000105ce     66a2 r 000000000000000d 0000000000000004  c.ldsp   x13, 0x8
#6985 0 00000000000105d0     9f35 r 000000000000000e 0000000000000005  c.addw   x14, x13
#6986 0 00000000000105d2     e43a m 00000000fffff2f8 0000000000000005  c.sdsp   x14, 0x8
#6987 0 00000000000105d4 12079be3 r 0000000000000000 0000000000000000  bne      x15, x0, . + 0x936
#6988 0 0000000000010f0a     0a10 r 000000000000000c 00000000fffff400  c.addi4spn  x12, 0x44
#6989 0 0000000000010f0c     85ca r 000000000000000b 000000000001e878  c.mv     x11, x18
#6990 0 0000000000010f0e     8552 r 000000000000000a 000000000001e290  c.mv     x10, x20
#6991 0 0000000000010f10 18c070ef r 0000000000000001 0000000000010f14  jal      x1, . + 0x718c
#6992 0 000000000001809c     6a18 r 000000000000000e 0000000000000005  c.ld     x14, 0x10(x12)
#6993 0 000000000001809e     c311 r 0000000000000000 0000000000000000  c.beqz   x14, . + 0x4
#6994 0 00000000000180a0     bfa1 r 0000000000000000 0000000000000000  c.j      . - 0xa8
#6995 0 0000000000017ff8 0ac5a783 r 000000000000000f 0000000000000000  lw       x15, 0xac(x11)
#6996 0 0000000000017ffc     715d r 0000000000000002 00000000fffff2a0  c.addi16sp -0x5
#6997 0 0000000000017ffe     6709 r 000000000000000e 0000000000002000  c.lui    x14, 0x2
#6998 0 0000000000018000     ec56 m 00000000fffff2b8 0000000000000000  c.sdsp   x21, 0x18
#6999 0 0000000000018002     e486 m 00000000fffff2e8 0000000000010f14  c.sdsp   x1, 0x48
#7000 0 0000000000018004     e0a2 m 00000000fffff2e0 000000000001c466  c.sdsp   x8, 0x40
#7001 0 0000000000018006     fc26 m 00000000fffff2d8 0000000000000000  c.sdsp   x9, 0x38
#7002 0 0000000000018008     f84a m 00000000fffff2d0 000000000001e878  c.sdsp   x18, 0x30
#7003 0 000000000001800a     f44e m 00000000fffff2c8 0000000000000001  c.sdsp   x19, 0x28
#7004 0 000000000001800c     f052 m 00000000fffff2c0 000000000001e290  c.sdsp   x20, 0x20
#7005 0 000000000001800e     e85a m 00000000fffff2b0 00000000fffff480  c.sdsp   x22, 0x10
#7006 0 0000000000018010     e45e m 00000000fffff2a8 0000000000000001  c.sdsp   x23, 0x8
#7007 0 0000000000018012     8ff9 r 000000000000000f 0000000000000000  c.and    x15, x14
#7008 0 0000000000018014     8ab2 r 0000000000000015 00000000fffff400  c.mv     x21, x12
#7009 0 0000000000018016     c3c1 r 0000000000000000 0000000000000000  c.beqz   x15, . + 0x80
#7010 0 0000000000018096 146010ef r 0000000000000001 000000000001809a  jal      x1, . + 0x1146
#7011 0 00000000000191dc     6a1c r 000000000000000f 0000000000000005  c.ld     x15, 0x10(x12)
#7012 0 00000000000191de 1a078c63 r 0000000000000000 0000000000000000  beq      x15, x0, . + 0x1b8
#7013 0 00000000000191e2 0105d783 r 000000000000000f 0000000000002889  lhu      x15, 0x10(x11)
#7014 0 00000000000191e6     711d r 0000000000000002 00000000fffff240  c.addi16sp -0x6
#7015 0 00000000000191e8     e8a2 m 00000000fffff290 000000000001c466  c.sdsp   x8, 0x50
#7016 0 00000000000191ea     f852 m 00000000fffff270 000000000001e290  c.sdsp   x20, 0x30
#7017 0 00000000000191ec     f456 m 00000000fffff268 00000000fffff400  c.sdsp   x21, 0x28
#7018 0 00000000000191ee     ec86 m 00000000fffff298 000000000001809a  c.sdsp   x1, 0x58
#7019 0 00000000000191f0     e4a6 m 00000000fffff288 0000000000000000  c.sdsp   x9, 0x48
#7020 0 00000000000191f2     e0ca m 00000000fffff280 000000000001e878  c.sdsp   x18, 0x40
#7021 0 00000000000191f4     fc4e m 00000000fffff278 0000000000000001  c.sdsp   x19, 0x38
#7022 0 00000000000191f6     f05a m 00000000fffff260 00000000fffff480  c.sdsp   x22, 0x20
#7023 0 00000000000191f8     ec5e m 00000000fffff258 0000000000000001  c.sdsp   x23, 0x18
#7024 0 00000000000191fa     e862 m 00000000fffff250 fffffffffffffffe  c.sdsp   x24, 0x10
#7025 0 00000000000191fc     e466 m 00000000fffff248 00000000fffff47b  c.sdsp   x25, 0x8
#7026 0 00000000000191fe     e06a m 00000000fffff240 0000000000000064  c.sdsp   x26, 0x0
#7027 0 0000000000019200 0087f713 r 000000000000000e 0000000000000008  andi     x14, x15, 8
#7028 0 0000000000019204     8a32 r 0000000000000014 00000000fffff400  c.mv     x20, x12
#7029 0 0000000000019206     8aaa r 0000000000000015 000000000001e290  c.mv     x21, x10
#7030 0 0000000000019208     842e r 0000000000000008 000000000001e878  c.mv     x8, x11
#7031 0 000000000001920a     c325 r 0000000000000000 0000000000000000  c.beqz   x14, . + 0x60
#7032 0 000000000001920c     6d98 r 000000000000000e 0000000000020010  c.ld     x14, 0x18(x11)
#7033 0 000000000001920e     cf31 r 0000000000000000 0000000000000000  c.beqz   x14, . + 0x5c
#7034 0 0000000000019210 0027f713 r 000000000000000e 0000000000000000  andi     x14, x15, 2
#7035 0 0000000000019214 000a3903 r 0000000000000012 00000000fffff480  ld       x18, 0x0(x20)
#7036 0 0000000000019218     c735 r 0000000000000000 0000000000000000  c.beqz   x14, . + 0x6c
#7037 0 0000000000019284 0017f713 r 000000000000000e 0000000000000001  andi     x14, x15, 1
#7038 0 0000000000019288     eb35 r 0000000000000000 0000000000000000  c.bnez   x14, . + 0x74
#7039 0 00000000000192fc     4981 r 0000000000000013 0000000000000000  c.li     x19, 0x0
#7040 0 00000000000192fe     4501 r 000000000000000a 0000000000000000  c.li     x10, 0x0
#7041 0 0000000000019300     4c81 r 0000000000000019 0000000000000000  c.li     x25, 0x0
#7042 0 0000000000019302     4c01 r 0000000000000018 0000000000000000  c.li     x24, 0x0
#7043 0 0000000000019304 080c0b63 r 0000000000000000 0000000000000000  beq      x24, x0, . + 0x96
#7044 0 000000000001939a 00893c03 r 0000000000000018 0000000000000004  ld       x24, 0x8(x18)
#7045 0 000000000001939e 00093c83 r 0000000000000019 000000000001c460  ld       x25, 0x0(x18)
#7046 0 00000000000193a2     0941 r 0000000000000012 00000000fffff490  c.addi   x18, 0x10
#7047 0 00000000000193a4 fe0c0be3 r 0000000000000000 0000000000000000  beq      x24, x0, . - 0xa
#7048 0 00000000000193a8     8662 r 000000000000000c 0000000000000004  c.mv     x12, x24
#7049 0 00000000000193aa     45a9 r 000000000000000b 000000000000000a  c.li     x11, 0xa
#7050 0 00000000000193ac     8566 r 000000000000000a 000000000001c460  c.mv     x10, x25
#7051 0 00000000000193ae f7bfb0ef r 0000000000000001 00000000000193b2  jal      x1, . - 0x4086
#7052 0 0000000000015328 00757793 r 000000000000000f 0000000000000000  andi     x15, x10, 7
#7053 0 000000000001532c 0ff5f693 r 000000000000000d 000000000000000a  andi     x13, x11, 255
#7054 0 0000000000015330     c395 r 0000000000000000 0000000000000000  c.beqz   x15, . + 0x24
#7055 0 0000000000015354     87b2 r 000000000000000f 0000000000000004  c.mv     x15, x12
#7056 0 0000000000015356     471d r 000000000000000e 0000000000000007  c.li     x14, 0x7
#7057 0 0000000000015358 00f76f63 r 0000000000000000 0000000000000000  bltu     x14, x15, . + 0x1e
#7058 0 000000000001535c     e399 r 0000000000000000 0000000000000000  c.bnez   x15, . + 0x6
#7059 0 0000000000015362     97aa r 000000000000000f 000000000001c464  c.add    x15, x10
#7060 0 0000000000015364     a021 r 0000000000000000 0000000000000000  c.j      . + 0x8
#7061 0 000000000001536c 00054703 r 000000000000000e 0000000000000069  lbu      x14, 0x0(x10)
#7062 0 0000000000015370 fed71be3 r 0000000000000000 0000000000000000  bne      x14, x13, . - 0xa
#7063 0 0000000000015366     0505 r 000000000000000a 000000000001c461  c.addi   x10, 0x1
#7064 0 0000000000015368 fea78be3 r 0000000000000000 0000000000000000  beq      x15, x10, . - 0xa
#7065 0 000000000001536c 00054703 r 000000000000000e 0000000000000020  lbu      x14, 0x0(x10)
#7066 0 0000000000015370 fed71be3 r 0000000000000000 0000000000000000  bne      x14, x13, . - 0xa
#7067 0 0000000000015366     0505 r 000000000000000a 000000000001c462  c.addi   x10, 0x1
#7068 0 0000000000015368 fea78be3 r 0000000000000000 0000000000000000  beq      x15, x10, . - 0xa
#7069 0 000000000001536c 00054703 r 000000000000000e 000000000000003d  lbu      x14, 0x0(x10)
#7070 0 0000000000015370 fed71be3 r 0000000000000000 0000000000000000  bne      x14, x13, . - 0xa
#7071 0 0000000000015366     0505 r 000000000000000a 000000000001c463  c.addi   x10, 0x1
#7072 0 0000000000015368 fea78be3 r 0000000000000000 0000000000000000  beq      x15, x10, . - 0xa
#7073 0 000000000001536c 00054703 r 000000000000000e 0000000000000020  lbu      x14, 0x0(x10)
#7074 0 0000000000015370 fed71be3 r 0000000000000000 0000000000000000  bne      x14, x13, . - 0xa
#7075 0 0000000000015366     0505 r 000000000000000a 000000000001c464  c.addi   x10, 0x1
#7076 0 0000000000015368 fea78be3 r 0000000000000000 0000000000000000  beq      x15, x10, . - 0xa
#7077 0 000000000001535e     4501 r 000000000000000a 0000000000000000  c.li     x10, 0x0
#7078 0 0000000000015360     8082 r 0000000000000000 0000000000000000  c.jr     x1
#7079 0 00000000000193b2 12050f63 r 0000000000000000 0000000000000000  beq      x10, x0, . + 0x13e
#7080 0 00000000000194f0 001c099b r 0000000000000013 0000000000000005  addiw    x19, x24, 1
#7081 0 00000000000194f4     bd19 r 0000000000000000 0000000000000000  c.j      . - 0x1ea
#7082 0 000000000001930a     8bce r 0000000000000017 0000000000000005  c.mv     x23, x19
#7083 0 000000000001930c 013c7363 r 0000000000000000 0000000000000000  bgeu     x24, x19, . + 0x6
#7084 0 0000000000019310     8be2 r 0000000000000017 0000000000000004  c.mv     x23, x24
#7085 0 0000000000019312     6008 r 000000000000000a 0000000000020010  c.ld     x10, 0x0(x8)
#7086 0 0000000000019314     6c1c r 000000000000000f 0000000000020010  c.ld     x15, 0x18(x8)
#7087 0 0000000000019316     5014 r 000000000000000d 0000000000000400  c.lw     x13, 0x20(x8)
#7088 0 0000000000019318     84de r 0000000000000009 0000000000000004  c.mv     x9, x23
#7089 0 000000000001931a 00a7f763 r 0000000000000000 0000000000000000  bgeu     x15, x10, . + 0xe
#7090 0 0000000000019328 18dbc463 r 0000000000000000 0000000000000000  blt      x23, x13, . + 0x188
#7091 0 00000000000194b0     865e r 000000000000000c 0000000000000004  c.mv     x12, x23
#7092 0 00000000000194b2     85e6 r 000000000000000b 000000000001c460  c.mv     x11, x25
#7093 0 00000000000194b4 1ac000ef r 0000000000000001 00000000000194b8  jal      x1, . + 0x1ac
#7094 0 0000000000019660 02a5f263 r 0000000000000000 0000000000000000  bgeu     x11, x10, . + 0x24
#7095 0 0000000000019664 00c587b3 r 000000000000000f 000000000001c464  add      x15, x11, x12
#7096 0 0000000000019668 00f57e63 r 0000000000000000 0000000000000000  bgeu     x10, x15, . + 0x1c
#7097 0 0000000000019684     47fd r 000000000000000f 000000000000001f  c.li     x15, 0x1f
#7098 0 0000000000019686 02c7e163 r 0000000000000000 0000000000000000  bltu     x15, x12, . + 0x22
#7099 0 000000000001968a     87aa r 000000000000000f 0000000000020010  c.mv     x15, x10
#7100 0 000000000001968c fff60693 r 000000000000000d 0000000000000003  addi     x13, x12, -1
#7101 0 0000000000019690     c245 r 0000000000000000 0000000000000000  c.beqz   x12, . + 0xa0
#7102 0 0000000000019692     0685 r 000000000000000d 0000000000000004  c.addi   x13, 0x1
#7103 0 0000000000019694     96be r 000000000000000d 0000000000020014  c.add    x13, x15
#7104 0 0000000000019696 0005c703 r 000000000000000e 0000000000000069  lbu      x14, 0x0(x11)
#7105 0 000000000001969a     0785 r 000000000000000f 0000000000020011  c.addi   x15, 0x1
#7106 0 000000000001969c     0585 r 000000000000000b 000000000001c461  c.addi   x11, 0x1
#7107 0 000000000001969e fee78fa3 m 0000000000020010 0000000000000069  sb       x14, -0x1(x15)
#7108 0 00000000000196a2 fed79ae3 r 0000000000000000 0000000000000000  bne      x15, x13, . - 0xc
#7109 0 0000000000019696 0005c703 r 000000000000000e 0000000000000020  lbu      x14, 0x0(x11)
#7110 0 000000000001969a     0785 r 000000000000000f 0000000000020012  c.addi   x15, 0x1
#7111 0 000000000001969c     0585 r 000000000000000b 000000000001c462  c.addi   x11, 0x1
#7112 0 000000000001969e fee78fa3 m 0000000000020011 0000000000000020  sb       x14, -0x1(x15)
#7113 0 00000000000196a2 fed79ae3 r 0000000000000000 0000000000000000  bne      x15, x13, . - 0xc
#7114 0 0000000000019696 0005c703 r 000000000000000e 000000000000003d  lbu      x14, 0x0(x11)
#7115 0 000000000001969a     0785 r 000000000000000f 0000000000020013  c.addi   x15, 0x1
#7116 0 000000000001969c     0585 r 000000000000000b 000000000001c463  c.addi   x11, 0x1
#7117 0 000000000001969e fee78fa3 m 0000000000020012 000000000000003d  sb       x14, -0x1(x15)
#7118 0 00000000000196a2 fed79ae3 r 0000000000000000 0000000000000000  bne      x15, x13, . - 0xc
#7119 0 0000000000019696 0005c703 r 000000000000000e 0000000000000020  lbu      x14, 0x0(x11)
#7120 0 000000000001969a     0785 r 000000000000000f 0000000000020014  c.addi   x15, 0x1
#7121 0 000000000001969c     0585 r 000000000000000b 000000000001c464  c.addi   x11, 0x1
#7122 0 000000000001969e fee78fa3 m 0000000000020013 0000000000000020  sb       x14, -0x1(x15)
#7123 0 00000000000196a2 fed79ae3 r 0000000000000000 0000000000000000  bne      x15, x13, . - 0xc
#7124 0 00000000000196a6     8082 r 0000000000000000 0000000000000000  c.jr     x1
#7125 0 00000000000194b8     4454 r 000000000000000d 0000000000000000  c.lw     x13, 0xc(x8)
#7126 0 00000000000194ba     6018 r 000000000000000e 0000000000020010  c.ld     x14, 0x0(x8)
#7127 0 00000000000194bc 000b879b r 000000000000000f 0000000000000004  addiw    x15, x23, 0
#7128 0 00000000000194c0 417686bb r 000000000000000d fffffffffffffffc  subw     x13, x13, x23
#7129 0 00000000000194c4     975e r 000000000000000e 0000000000020014  c.add    x14, x23
#7130 0 00000000000194c6     c454 m 000000000001e884 00000000fffffffc  c.sw     x13, 0xc(x8)
#7131 0 00000000000194c8     e018 m 000000000001e878 0000000000020014  c.sd     x14, 0x0(x8)
#7132 0 00000000000194ca     bd9d r 0000000000000000 0000000000000000  c.j      . - 0x18a
#7133 0 0000000000019340 40f989bb r 0000000000000013 0000000000000001  subw     x19, x19, x15
#7134 0 0000000000019344     4505 r 000000000000000a 0000000000000001  c.li     x10, 0x1
#7135 0 0000000000019346 02098b63 r 0000000000000000 0000000000000000  beq      x19, x0, . + 0x36
#7136 0 000000000001934a 010a3783 r 000000000000000f 0000000000000005  ld       x15, 0x10(x20)
#7137 0 000000000001934e     9ca6 r 0000000000000019 000000000001c464  c.add    x25, x9
#7138 0 0000000000019350 409c0c33 r 0000000000000018 0000000000000000  sub      x24, x24, x9
#7139 0 0000000000019354 409784b3 r 0000000000000009 0000000000000001  sub      x9, x15, x9
#7140 0 0000000000019358 009a3823 m 00000000fffff410 0000000000000001  sd       x9, 0x10(x20)
#7141 0 000000000001935c     f4c5 r 0000000000000000 0000000000000000  c.bnez   x9, . - 0x58
#7142 0 0000000000019304 080c0b63 r 0000000000000000 0000000000000000  beq      x24, x0, . + 0x96
#7143 0 000000000001939a 00893c03 r 0000000000000018 0000000000000001  ld       x24, 0x8(x18)
#7144 0 000000000001939e 00093c83 r 0000000000000019 00000000fffff47b  ld       x25, 0x0(x18)
#7145 0 00000000000193a2     0941 r 0000000000000012 00000000fffff4a0  c.addi   x18, 0x10
#7146 0 00000000000193a4 fe0c0be3 r 0000000000000000 0000000000000000  beq      x24, x0, . - 0xa
#7147 0 00000000000193a8     8662 r 000000000000000c 0000000000000001  c.mv     x12, x24
#7148 0 00000000000193aa     45a9 r 000000000000000b 000000000000000a  c.li     x11, 0xa
#7149 0 00000000000193ac     8566 r 000000000000000a 00000000fffff47b  c.mv     x10, x25
#7150 0 00000000000193ae f7bfb0ef r 0000000000000001 00000000000193b2  jal      x1, . - 0x4086
#7151 0 0000000000015328 00757793 r 000000000000000f 0000000000000003  andi     x15, x10, 7
#7152 0 000000000001532c 0ff5f693 r 000000000000000d 000000000000000a  andi     x13, x11, 255
#7153 0 0000000000015330     c395 r 0000000000000000 0000000000000000  c.beqz   x15, . + 0x24
#7154 0 0000000000015332 fff60793 r 000000000000000f 0000000000000000  addi     x15, x12, -1
#7155 0 0000000000015336     c605 r 0000000000000000 0000000000000000  c.beqz   x12, . + 0x28
#7156 0 0000000000015338     567d r 000000000000000c ffffffffffffffff  c.li     x12, -0x1
#7157 0 000000000001533a     a801 r 0000000000000000 0000000000000000  c.j      . + 0x10
#7158 0 000000000001534a 00054703 r 000000000000000e 0000000000000037  lbu      x14, 0x0(x10)
#7159 0 000000000001534e fed717e3 r 0000000000000000 0000000000000000  bne      x14, x13, . - 0x12
#7160 0 000000000001533c     0505 r 000000000000000a 00000000fffff47c  c.addi   x10, 0x1
#7161 0 000000000001533e 00757713 r 000000000000000e 0000000000000004  andi     x14, x10, 7
#7162 0 0000000000015342     cb11 r 0000000000000000 0000000000000000  c.beqz   x14, . + 0x14
#7163 0 0000000000015344     17fd r 000000000000000f ffffffffffffffff  c.addi   x15, -0x1
#7164 0 0000000000015346 00c78c63 r 0000000000000000 0000000000000000  beq      x15, x12, . + 0x18
#7165 0 000000000001535e     4501 r 000000000000000a 0000000000000000  c.li     x10, 0x0
#7166 0 0000000000015360     8082 r 0000000000000000 0000000000000000  c.jr     x1
#7167 0 00000000000193b2 12050f63 r 0000000000000000 0000000000000000  beq      x10, x0, . + 0x13e
#7168 0 00000000000194f0 001c099b r 0000000000000013 0000000000000002  addiw    x19, x24, 1
#7169 0 00000000000194f4     bd19 r 0000000000000000 0000000000000000  c.j      . - 0x1ea
#7170 0 000000000001930a     8bce r 0000000000000017 0000000000000002  c.mv     x23, x19
#7171 0 000000000001930c 013c7363 r 0000000000000000 0000000000000000  bgeu     x24, x19, . + 0x6
#7172 0 0000000000019310     8be2 r 0000000000000017 0000000000000001  c.mv     x23, x24
#7173 0 0000000000019312     6008 r 000000000000000a 0000000000020014  c.ld     x10, 0x0(x8)
#7174 0 0000000000019314     6c1c r 000000000000000f 0000000000020010  c.ld     x15, 0x18(x8)
#7175 0 0000000000019316     5014 r 000000000000000d 0000000000000400  c.lw     x13, 0x20(x8)
#7176 0 0000000000019318     84de r 0000000000000009 0000000000000001  c.mv     x9, x23
#7177 0 000000000001931a 00a7f763 r 0000000000000000 0000000000000000  bgeu     x15, x10, . + 0xe
#7178 0 000000000001931e     445c r 000000000000000f fffffffffffffffc  c.lw     x15, 0xc(x8)
#7179 0 0000000000019320 00d78b3b r 0000000000000016 00000000000003fc  addw     x22, x15, x13
#7180 0 0000000000019324 097b4d63 r 0000000000000000 0000000000000000  blt      x22, x23, . + 0x9a
#7181 0 0000000000019328 18dbc463 r 0000000000000000 0000000000000000  blt      x23, x13, . + 0x188
#7182 0 00000000000194b0     865e r 000000000000000c 0000000000000001  c.mv     x12, x23
#7183 0 00000000000194b2     85e6 r 000000000000000b 00000000fffff47b  c.mv     x11, x25
#7184 0 00000000000194b4 1ac000ef r 0000000000000001 00000000000194b8  jal      x1, . + 0x1ac
#7185 0 0000000000019660 02a5f263 r 0000000000000000 0000000000000000  bgeu     x11, x10, . + 0x24
#7186 0 0000000000019684     47fd r 000000000000000f 000000000000001f  c.li     x15, 0x1f
#7187 0 0000000000019686 02c7e163 r 0000000000000000 0000000000000000  bltu     x15, x12, . + 0x22
#7188 0 000000000001968a     87aa r 000000000000000f 0000000000020014  c.mv     x15, x10
#7189 0 000000000001968c fff60693 r 000000000000000d 0000000000000000  addi     x13, x12, -1
#7190 0 0000000000019690     c245 r 0000000000000000 0000000000000000  c.beqz   x12, . + 0xa0
#7191 0 0000000000019692     0685 r 000000000000000d 0000000000000001  c.addi   x13, 0x1
#7192 0 0000000000019694     96be r 000000000000000d 0000000000020015  c.add    x13, x15
#7193 0 0000000000019696 0005c703 r 000000000000000e 0000000000000037  lbu      x14, 0x0(x11)
#7194 0 000000000001969a     0785 r 000000000000000f 0000000000020015  c.addi   x15, 0x1
#7195 0 000000000001969c     0585 r 000000000000000b 00000000fffff47c  c.addi   x11, 0x1
#7196 0 000000000001969e fee78fa3 m 0000000000020014 0000000000000037  sb       x14, -0x1(x15)
#7197 0 00000000000196a2 fed79ae3 r 0000000000000000 0000000000000000  bne      x15, x13, . - 0xc
#7198 0 00000000000196a6     8082 r 0000000000000000 0000000000000000  c.jr     x1
#7199 0 00000000000194b8     4454 r 000000000000000d fffffffffffffffc  c.lw     x13, 0xc(x8)
#7200 0 00000000000194ba     6018 r 000000000000000e 0000000000020014  c.ld     x14, 0x0(x8)
#7201 0 00000000000194bc 000b879b r 000000000000000f 0000000000000001  addiw    x15, x23, 0
#7202 0 00000000000194c0 417686bb r 000000000000000d fffffffffffffffb  subw     x13, x13, x23
#7203 0 00000000000194c4     975e r 000000000000000e 0000000000020015  c.add    x14, x23
#7204 0 00000000000194c6     c454 m 000000000001e884 00000000fffffffb  c.sw     x13, 0xc(x8)
#7205 0 00000000000194c8     e018 m 000000000001e878 0000000000020015  c.sd     x14, 0x0(x8)
#7206 0 00000000000194ca     bd9d r 0000000000000000 0000000000000000  c.j      . - 0x18a
#7207 0 0000000000019340 40f989bb r 0000000000000013 0000000000000001  subw     x19, x19, x15
#7208 0 0000000000019344     4505 r 000000000000000a 0000000000000001  c.li     x10, 0x1
#7209 0 0000000000019346 02098b63 r 0000000000000000 0000000000000000  beq      x19, x0, . + 0x36
#7210 0 000000000001934a 010a3783 r 000000000000000f 0000000000000001  ld       x15, 0x10(x20)
#7211 0 000000000001934e     9ca6 r 0000000000000019 00000000fffff47c  c.add    x25, x9
#7212 0 0000000000019350 409c0c33 r 0000000000000018 0000000000000000  sub      x24, x24, x9
#7213 0 0000000000019354 409784b3 r 0000000000000009 0000000000000000  sub      x9, x15, x9
#7214 0 0000000000019358 009a3823 m 00000000fffff410 0000000000000000  sd       x9, 0x10(x20)
#7215 0 000000000001935c     f4c5 r 0000000000000000 0000000000000000  c.bnez   x9, . - 0x58
#7216 0 000000000001935e     4501 r 000000000000000a 0000000000000000  c.li     x10, 0x0
#7217 0 0000000000019360     60e6 r 0000000000000001 000000000001809a  c.ldsp   x1, 0x58
#7218 0 0000000000019362     6446 r 0000000000000008 000000000001c466  c.ldsp   x8, 0x50
#7219 0 0000000000019364     64a6 r 0000000000000009 0000000000000000  c.ldsp   x9, 0x48
#7220 0 0000000000019366     6906 r 0000000000000012 000000000001e878  c.ldsp   x18, 0x40
#7221 0 0000000000019368     79e2 r 0000000000000013 0000000000000001  c.ldsp   x19, 0x38
#7222 0 000000000001936a     7a42 r 0000000000000014 000000000001e290  c.ldsp   x20, 0x30
#7223 0 000000000001936c     7aa2 r 0000000000000015 00000000fffff400  c.ldsp   x21, 0x28
#7224 0 000000000001936e     7b02 r 0000000000000016 00000000fffff480  c.ldsp   x22, 0x20
#7225 0 0000000000019370     6be2 r 0000000000000017 0000000000000001  c.ldsp   x23, 0x18
#7226 0 0000000000019372     6c42 r 0000000000000018 fffffffffffffffe  c.ldsp   x24, 0x10
#7227 0 0000000000019374     6ca2 r 0000000000000019 00000000fffff47b  c.ldsp   x25, 0x8
#7228 0 0000000000019376     6d02 r 000000000000001a 0000000000000064  c.ldsp   x26, 0x0
#7229 0 0000000000019378     6125 r 0000000000000002 00000000fffff2a0  c.addi16sp 0x6
#7230 0 000000000001937a     8082 r 0000000000000000 0000000000000000  c.jr     x1
#7231 0 000000000001809a     b7e1 r 0000000000000000 0000000000000000  c.j      . - 0x38
#7232 0 0000000000018062     60a6 r 0000000000000001 0000000000010f14  c.ldsp   x1, 0x48
#7233 0 0000000000018064     6406 r 0000000000000008 000000000001c466  c.ldsp   x8, 0x40
#7234 0 0000000000018066 000ab823 m 00000000fffff410 0000000000000000  sd       x0, 0x10(x21)
#7235 0 000000000001806a 000aa423 m 00000000fffff408 0000000000000000  sw       x0, 0x8(x21)
#7236 0 000000000001806e     74e2 r 0000000000000009 0000000000000000  c.ldsp   x9, 0x38
#7237 0 0000000000018070     7942 r 0000000000000012 000000000001e878  c.ldsp   x18, 0x30
#7238 0 0000000000018072     79a2 r 0000000000000013 0000000000000001  c.ldsp   x19, 0x28
#7239 0 0000000000018074     7a02 r 0000000000000014 000000000001e290  c.ldsp   x20, 0x20
#7240 0 0000000000018076     6ae2 r 0000000000000015 0000000000000000  c.ldsp   x21, 0x18
#7241 0 0000000000018078     6b42 r 0000000000000016 00000000fffff480  c.ldsp   x22, 0x10
#7242 0 000000000001807a     6ba2 r 0000000000000017 0000000000000001  c.ldsp   x23, 0x8
#7243 0 000000000001807c     6161 r 0000000000000002 00000000fffff2f0  c.addi16sp 0x5
#7244 0 000000000001807e     8082 r 0000000000000000 0000000000000000  c.jr     x1
#7245 0 0000000000010f14 ec050263 r 0000000000000000 0000000000000000  beq      x10, x0, . - 0x93c
#7246 0 00000000000105d8     67e2 r 000000000000000f 0000000000000000  c.ldsp   x15, 0x18
#7247 0 00000000000105da 10012c23 m 00000000fffff408 0000000000000000  sw       x0, 0x118(x2)
#7248 0 00000000000105de     c789 r 0000000000000000 0000000000000000  c.beqz   x15, . + 0xa
#7249 0 00000000000105e8     835a r 0000000000000006 00000000fffff480  c.mv     x6, x22
#7250 0 00000000000105ea     8ca2 r 0000000000000019 000000000001c466  c.mv     x25, x8
#7251 0 00000000000105ec 000cc783 r 000000000000000f 000000000000000a  lbu      x15, 0x0(x25)
#7252 0 00000000000105f0 e2079fe3 r 0000000000000000 0000000000000000  bne      x15, x0, . - 0x1c2
#7253 0 000000000001042e     8466 r 0000000000000008 000000000001c466  c.mv     x8, x25
#7254 0 0000000000010430 02500713 r 000000000000000e 0000000000000025  addi     x14, x0, 37
#7255 0 0000000000010434 30e78363 r 0000000000000000 0000000000000000  beq      x15, x14, . + 0x306
#7256 0 0000000000010438 00144783 r 000000000000000f 0000000000000000  lbu      x15, 0x1(x8)
#7257 0 000000000001043c     0405 r 0000000000000008 000000000001c467  c.addi   x8, 0x1
#7258 0 000000000001043e     fbfd r 0000000000000000 0000000000000000  c.bnez   x15, . - 0xa
#7259 0 0000000000010440 419404bb r 0000000000000009 0000000000000001  subw     x9, x8, x25
#7260 0 0000000000010444 1a048863 r 0000000000000000 0000000000000000  beq      x9, x0, . + 0x1b0
#7261 0 0000000000010448     7712 r 000000000000000e 0000000000000000  c.ldsp   x14, 0x120
#7262 0 000000000001044a 11812783 r 000000000000000f 0000000000000000  lw       x15, 0x118(x2)
#7263 0 000000000001044e 01933023 m 00000000fffff480 000000000001c466  sd       x25, 0x0(x6)
#7264 0 0000000000010452     9726 r 000000000000000e 0000000000000001  c.add    x14, x9
#7265 0 0000000000010454     2785 r 000000000000000f 0000000000000001  c.addiw  x15, 0x1
#7266 0 0000000000010456 00933423 m 00000000fffff488 0000000000000001  sd       x9, 0x8(x6)
#7267 0 000000000001045a     f23a m 00000000fffff410 0000000000000001  c.sdsp   x14, 0x120
#7268 0 000000000001045c 10f12c23 m 00000000fffff408 0000000000000001  sw       x15, 0x118(x2)
#7269 0 0000000000010460 0007871b r 000000000000000e 0000000000000001  addiw    x14, x15, 0
#7270 0 0000000000010464     479d r 000000000000000f 0000000000000007  c.li     x15, 0x7
#7271 0 0000000000010466     0341 r 0000000000000006 00000000fffff490  c.addi   x6, 0x10
#7272 0 0000000000010468 2ee7c063 r 0000000000000000 0000000000000000  blt      x15, x14, . + 0x2e0
#7273 0 000000000001046c     6722 r 000000000000000e 0000000000000005  c.ldsp   x14, 0x8
#7274 0 000000000001046e 00044783 r 000000000000000f 0000000000000000  lbu      x15, 0x0(x8)
#7275 0 0000000000010472     9f25 r 000000000000000e 0000000000000006  c.addw   x14, x9
#7276 0 0000000000010474     e43a m 00000000fffff2f8 0000000000000006  c.sdsp   x14, 0x8
#7277 0 0000000000010476 16078f63 r 0000000000000000 0000000000000000  beq      x15, x0, . + 0x17e
#7278 0 00000000000105f4     7792 r 000000000000000f 0000000000000001  c.ldsp   x15, 0x120
#7279 0 00000000000105f6     c399 r 0000000000000000 0000000000000000  c.beqz   x15, . + 0x6
#7280 0 00000000000105f8 2620106f r 0000000000000000 0000000000000000  j        . + 0x1262
#7281 0 000000000001185a     0a10 r 000000000000000c 00000000fffff400  c.addi4spn  x12, 0x44
#7282 0 000000000001185c     85ca r 000000000000000b 000000000001e878  c.mv     x11, x18
#7283 0 000000000001185e     8552 r 000000000000000a 000000000001e290  c.mv     x10, x20
#7284 0 0000000000011860 03d060ef r 0000000000000001 0000000000011864  jal      x1, . + 0x683c
#7285 0 000000000001809c     6a18 r 000000000000000e 0000000000000001  c.ld     x14, 0x10(x12)
#7286 0 000000000001809e     c311 r 0000000000000000 0000000000000000  c.beqz   x14, . + 0x4
#7287 0 00000000000180a0     bfa1 r 0000000000000000 0000000000000000  c.j      . - 0xa8
#7288 0 0000000000017ff8 0ac5a783 r 000000000000000f 0000000000000000  lw       x15, 0xac(x11)
#7289 0 0000000000017ffc     715d r 0000000000000002 00000000fffff2a0  c.addi16sp -0x5
#7290 0 0000000000017ffe     6709 r 000000000000000e 0000000000002000  c.lui    x14, 0x2
#7291 0 0000000000018000     ec56 m 00000000fffff2b8 0000000000000000  c.sdsp   x21, 0x18
#7292 0 0000000000018002     e486 m 00000000fffff2e8 0000000000011864  c.sdsp   x1, 0x48
#7293 0 0000000000018004     e0a2 m 00000000fffff2e0 000000000001c467  c.sdsp   x8, 0x40
#7294 0 0000000000018006     fc26 m 00000000fffff2d8 0000000000000001  c.sdsp   x9, 0x38
#7295 0 0000000000018008     f84a m 00000000fffff2d0 000000000001e878  c.sdsp   x18, 0x30
#7296 0 000000000001800a     f44e m 00000000fffff2c8 0000000000000001  c.sdsp   x19, 0x28
#7297 0 000000000001800c     f052 m 00000000fffff2c0 000000000001e290  c.sdsp   x20, 0x20
#7298 0 000000000001800e     e85a m 00000000fffff2b0 00000000fffff480  c.sdsp   x22, 0x10
#7299 0 0000000000018010     e45e m 00000000fffff2a8 0000000000000001  c.sdsp   x23, 0x8
#7300 0 0000000000018012     8ff9 r 000000000000000f 0000000000000000  c.and    x15, x14
#7301 0 0000000000018014     8ab2 r 0000000000000015 00000000fffff400  c.mv     x21, x12
#7302 0 0000000000018016     c3c1 r 0000000000000000 0000000000000000  c.beqz   x15, . + 0x80
#7303 0 0000000000018096 146010ef r 0000000000000001 000000000001809a  jal      x1, . + 0x1146
#7304 0 00000000000191dc     6a1c r 000000000000000f 0000000000000001  c.ld     x15, 0x10(x12)
#7305 0 00000000000191de 1a078c63 r 0000000000000000 0000000000000000  beq      x15, x0, . + 0x1b8
#7306 0 00000000000191e2 0105d783 r 000000000000000f 0000000000002889  lhu      x15, 0x10(x11)
#7307 0 00000000000191e6     711d r 0000000000000002 00000000fffff240  c.addi16sp -0x6
#7308 0 00000000000191e8     e8a2 m 00000000fffff290 000000000001c467  c.sdsp   x8, 0x50
#7309 0 00000000000191ea     f852 m 00000000fffff270 000000000001e290  c.sdsp   x20, 0x30
#7310 0 00000000000191ec     f456 m 00000000fffff268 00000000fffff400  c.sdsp   x21, 0x28
#7311 0 00000000000191ee     ec86 m 00000000fffff298 000000000001809a  c.sdsp   x1, 0x58
#7312 0 00000000000191f0     e4a6 m 00000000fffff288 0000000000000001  c.sdsp   x9, 0x48
#7313 0 00000000000191f2     e0ca m 00000000fffff280 000000000001e878  c.sdsp   x18, 0x40
#7314 0 00000000000191f4     fc4e m 00000000fffff278 0000000000000001  c.sdsp   x19, 0x38
#7315 0 00000000000191f6     f05a m 00000000fffff260 00000000fffff480  c.sdsp   x22, 0x20
#7316 0 00000000000191f8     ec5e m 00000000fffff258 0000000000000001  c.sdsp   x23, 0x18
#7317 0 00000000000191fa     e862 m 00000000fffff250 fffffffffffffffe  c.sdsp   x24, 0x10
#7318 0 00000000000191fc     e466 m 00000000fffff248 000000000001c466  c.sdsp   x25, 0x8
#7319 0 00000000000191fe     e06a m 00000000fffff240 0000000000000064  c.sdsp   x26, 0x0
#7320 0 0000000000019200 0087f713 r 000000000000000e 0000000000000008  andi     x14, x15, 8
#7321 0 0000000000019204     8a32 r 0000000000000014 00000000fffff400  c.mv     x20, x12
#7322 0 0000000000019206     8aaa r 0000000000000015 000000000001e290  c.mv     x21, x10
#7323 0 0000000000019208     842e r 0000000000000008 000000000001e878  c.mv     x8, x11
#7324 0 000000000001920a     c325 r 0000000000000000 0000000000000000  c.beqz   x14, . + 0x60
#7325 0 000000000001920c     6d98 r 000000000000000e 0000000000020010  c.ld     x14, 0x18(x11)
#7326 0 000000000001920e     cf31 r 0000000000000000 0000000000000000  c.beqz   x14, . + 0x5c
#7327 0 0000000000019210 0027f713 r 000000000000000e 0000000000000000  andi     x14, x15, 2
#7328 0 0000000000019214 000a3903 r 0000000000000012 00000000fffff480  ld       x18, 0x0(x20)
#7329 0 0000000000019218     c735 r 0000000000000000 0000000000000000  c.beqz   x14, . + 0x6c
#7330 0 0000000000019284 0017f713 r 000000000000000e 0000000000000001  andi     x14, x15, 1
#7331 0 0000000000019288     eb35 r 0000000000000000 0000000000000000  c.bnez   x14, . + 0x74
#7332 0 00000000000192fc     4981 r 0000000000000013 0000000000000000  c.li     x19, 0x0
#7333 0 00000000000192fe     4501 r 000000000000000a 0000000000000000  c.li     x10, 0x0
#7334 0 0000000000019300     4c81 r 0000000000000019 0000000000000000  c.li     x25, 0x0
#7335 0 0000000000019302     4c01 r 0000000000000018 0000000000000000  c.li     x24, 0x0
#7336 0 0000000000019304 080c0b63 r 0000000000000000 0000000000000000  beq      x24, x0, . + 0x96
#7337 0 000000000001939a 00893c03 r 0000000000000018 0000000000000001  ld       x24, 0x8(x18)
#7338 0 000000000001939e 00093c83 r 0000000000000019 000000000001c466  ld       x25, 0x0(x18)
#7339 0 00000000000193a2     0941 r 0000000000000012 00000000fffff490  c.addi   x18, 0x10
#7340 0 00000000000193a4 fe0c0be3 r 0000000000000000 0000000000000000  beq      x24, x0, . - 0xa
#7341 0 00000000000193a8     8662 r 000000000000000c 0000000000000001  c.mv     x12, x24
#7342 0 00000000000193aa     45a9 r 000000000000000b 000000000000000a  c.li     x11, 0xa
#7343 0 00000000000193ac     8566 r 000000000000000a 000000000001c466  c.mv     x10, x25
#7344 0 00000000000193ae f7bfb0ef r 0000000000000001 00000000000193b2  jal      x1, . - 0x4086
#7345 0 0000000000015328 00757793 r 000000000000000f 0000000000000006  andi     x15, x10, 7
#7346 0 000000000001532c 0ff5f693 r 000000000000000d 000000000000000a  andi     x13, x11, 255
#7347 0 0000000000015330     c395 r 0000000000000000 0000000000000000  c.beqz   x15, . + 0x24
#7348 0 0000000000015332 fff60793 r 000000000000000f 0000000000000000  addi     x15, x12, -1
#7349 0 0000000000015336     c605 r 0000000000000000 0000000000000000  c.beqz   x12, . + 0x28
#7350 0 0000000000015338     567d r 000000000000000c ffffffffffffffff  c.li     x12, -0x1
#7351 0 000000000001533a     a801 r 0000000000000000 0000000000000000  c.j      . + 0x10
#7352 0 000000000001534a 00054703 r 000000000000000e 000000000000000a  lbu      x14, 0x0(x10)
#7353 0 000000000001534e fed717e3 r 0000000000000000 0000000000000000  bne      x14, x13, . - 0x12
#7354 0 0000000000015352     8082 r 0000000000000000 0000000000000000  c.jr     x1
#7355 0 00000000000193b2 12050f63 r 0000000000000000 0000000000000000  beq      x10, x0, . + 0x13e
#7356 0 00000000000193b6     0505 r 000000000000000a 000000000001c467  c.addi   x10, 0x1
#7357 0 00000000000193b8 419509bb r 0000000000000013 0000000000000001  subw     x19, x10, x25
#7358 0 00000000000193bc     b7b9 r 0000000000000000 0000000000000000  c.j      . - 0xb2
#7359 0 000000000001930a     8bce r 0000000000000017 0000000000000001  c.mv     x23, x19
#7360 0 000000000001930c 013c7363 r 0000000000000000 0000000000000000  bgeu     x24, x19, . + 0x6
#7361 0 0000000000019312     6008 r 000000000000000a 0000000000020015  c.ld     x10, 0x0(x8)
#7362 0 0000000000019314     6c1c r 000000000000000f 0000000000020010  c.ld     x15, 0x18(x8)
#7363 0 0000000000019316     5014 r 000000000000000d 0000000000000400  c.lw     x13, 0x20(x8)
#7364 0 0000000000019318     84de r 0000000000000009 0000000000000001  c.mv     x9, x23
#7365 0 000000000001931a 00a7f763 r 0000000000000000 0000000000000000  bgeu     x15, x10, . + 0xe
#7366 0 000000000001931e     445c r 000000000000000f fffffffffffffffb  c.lw     x15, 0xc(x8)
#7367 0 0000000000019320 00d78b3b r 0000000000000016 00000000000003fb  addw     x22, x15, x13
#7368 0 0000000000019324 097b4d63 r 0000000000000000 0000000000000000  blt      x22, x23, . + 0x9a
#7369 0 0000000000019328 18dbc463 r 0000000000000000 0000000000000000  blt      x23, x13, . + 0x188
#7370 0 00000000000194b0     865e r 000000000000000c 0000000000000001  c.mv     x12, x23
#7371 0 00000000000194b2     85e6 r 000000000000000b 000000000001c466  c.mv     x11, x25
#7372 0 00000000000194b4 1ac000ef r 0000000000000001 00000000000194b8  jal      x1, . + 0x1ac
#7373 0 0000000000019660 02a5f263 r 0000000000000000 0000000000000000  bgeu     x11, x10, . + 0x24
#7374 0 0000000000019664 00c587b3 r 000000000000000f 000000000001c467  add      x15, x11, x12
#7375 0 0000000000019668 00f57e63 r 0000000000000000 0000000000000000  bgeu     x10, x15, . + 0x1c
#7376 0 0000000000019684     47fd r 000000000000000f 000000000000001f  c.li     x15, 0x1f
#7377 0 0000000000019686 02c7e163 r 0000000000000000 0000000000000000  bltu     x15, x12, . + 0x22
#7378 0 000000000001968a     87aa r 000000000000000f 0000000000020015  c.mv     x15, x10
#7379 0 000000000001968c fff60693 r 000000000000000d 0000000000000000  addi     x13, x12, -1
#7380 0 0000000000019690     c245 r 0000000000000000 0000000000000000  c.beqz   x12, . + 0xa0
#7381 0 0000000000019692     0685 r 000000000000000d 0000000000000001  c.addi   x13, 0x1
#7382 0 0000000000019694     96be r 000000000000000d 0000000000020016  c.add    x13, x15
#7383 0 0000000000019696 0005c703 r 000000000000000e 000000000000000a  lbu      x14, 0x0(x11)
#7384 0 000000000001969a     0785 r 000000000000000f 0000000000020016  c.addi   x15, 0x1
#7385 0 000000000001969c     0585 r 000000000000000b 000000000001c467  c.addi   x11, 0x1
#7386 0 000000000001969e fee78fa3 m 0000000000020015 000000000000000a  sb       x14, -0x1(x15)
#7387 0 00000000000196a2 fed79ae3 r 0000000000000000 0000000000000000  bne      x15, x13, . - 0xc
#7388 0 00000000000196a6     8082 r 0000000000000000 0000000000000000  c.jr     x1
#7389 0 00000000000194b8     4454 r 000000000000000d fffffffffffffffb  c.lw     x13, 0xc(x8)
#7390 0 00000000000194ba     6018 r 000000000000000e 0000000000020015  c.ld     x14, 0x0(x8)
#7391 0 00000000000194bc 000b879b r 000000000000000f 0000000000000001  addiw    x15, x23, 0
#7392 0 00000000000194c0 417686bb r 000000000000000d fffffffffffffffa  subw     x13, x13, x23
#7393 0 00000000000194c4     975e r 000000000000000e 0000000000020016  c.add    x14, x23
#7394 0 00000000000194c6     c454 m 000000000001e884 00000000fffffffa  c.sw     x13, 0xc(x8)
#7395 0 00000000000194c8     e018 m 000000000001e878 0000000000020016  c.sd     x14, 0x0(x8)
#7396 0 00000000000194ca     bd9d r 0000000000000000 0000000000000000  c.j      . - 0x18a
#7397 0 0000000000019340 40f989bb r 0000000000000013 0000000000000000  subw     x19, x19, x15
#7398 0 0000000000019344     4505 r 000000000000000a 0000000000000001  c.li     x10, 0x1
#7399 0 0000000000019346 02098b63 r 0000000000000000 0000000000000000  beq      x19, x0, . + 0x36
#7400 0 000000000001937c     85a2 r 000000000000000b 000000000001e878  c.mv     x11, x8
#7401 0 000000000001937e     8556 r 000000000000000a 000000000001e290  c.mv     x10, x21
#7402 0 0000000000019380 f0ff80ef r 0000000000000001 0000000000019384  jal      x1, . - 0x70f2
#7403 0 000000000001228e     1101 r 0000000000000002 00000000fffff220  c.addi   x2, -0x20
#7404 0 0000000000012290     e822 m 00000000fffff230 000000000001e878  c.sdsp   x8, 0x10
#7405 0 0000000000012292     ec06 m 00000000fffff238 0000000000019384  c.sdsp   x1, 0x18
#7406 0 0000000000012294     842a r 0000000000000008 000000000001e290  c.mv     x8, x10
#7407 0 0000000000012296     c119 r 0000000000000000 0000000000000000  c.beqz   x10, . + 0x6
#7408 0 0000000000012298     493c r 000000000000000f 0000000000000001  c.lw     x15, 0x50(x10)
#7409 0 000000000001229a     cb89 r 0000000000000000 0000000000000000  c.beqz   x15, . + 0x12
#7410 0 000000000001229c 01059783 r 000000000000000f 0000000000002889  lh       x15, 0x10(x11)
#7411 0 00000000000122a0     ef89 r 0000000000000000 0000000000000000  c.bnez   x15, . + 0x1a
#7412 0 00000000000122ba     8522 r 000000000000000a 000000000001e290  c.mv     x10, x8
#7413 0 00000000000122bc     6442 r 0000000000000008 000000000001e878  c.ldsp   x8, 0x10
#7414 0 00000000000122be     60e2 r 0000000000000001 0000000000019384  c.ldsp   x1, 0x18
#7415 0 00000000000122c0     6105 r 0000000000000002 00000000fffff240  c.addi16sp 0x2
#7416 0 00000000000122c2     bd2d r 0000000000000000 0000000000000000  c.j      . - 0x1c6
#7417 0 00000000000120fc 01059783 r 000000000000000f 0000000000002889  lh       x15, 0x10(x11)
#7418 0 0000000000012100     7179 r 0000000000000002 00000000fffff210  c.addi16sp -0x3
#7419 0 0000000000012102     f022 m 00000000fffff230 000000000001e878  c.sdsp   x8, 0x20
#7420 0 0000000000012104     e44e m 00000000fffff218 0000000000000000  c.sdsp   x19, 0x8
#7421 0 0000000000012106     f406 m 00000000fffff238 0000000000019384  c.sdsp   x1, 0x28
#7422 0 0000000000012108     ec26 m 00000000fffff228 0000000000000001  c.sdsp   x9, 0x18
#7423 0 000000000001210a     e84a m 00000000fffff220 00000000fffff490  c.sdsp   x18, 0x10
#7424 0 000000000001210c 0087f693 r 000000000000000d 0000000000000008  andi     x13, x15, 8
#7425 0 0000000000012110     842e r 0000000000000008 000000000001e878  c.mv     x8, x11
#7426 0 0000000000012112     89aa r 0000000000000013 000000000001e290  c.mv     x19, x10
#7427 0 0000000000012114     ead5 r 0000000000000000 0000000000000000  c.bnez   x13, . + 0xb4
#7428 0 00000000000121c8 0185b903 r 0000000000000012 0000000000020010  ld       x18, 0x18(x11)
#7429 0 00000000000121cc fe0906e3 r 0000000000000000 0000000000000000  beq      x18, x0, . - 0x14
#7430 0 00000000000121d0     6184 r 0000000000000009 0000000000020016  c.ld     x9, 0x0(x11)
#7431 0 00000000000121d2 03079713 r 000000000000000e 2889000000000000  slli     x14, x15, 48
#7432 0 00000000000121d6     9341 r 000000000000000e 0000000000002889  c.srli   x14, 0x30
#7433 0 00000000000121d8     8b0d r 000000000000000e 0000000000000001  c.andi   x14, 0x3
#7434 0 00000000000121da 0125b023 m 000000000001e878 0000000000020010  sd       x18, 0x0(x11)
#7435 0 00000000000121de 412484bb r 0000000000000009 0000000000000006  subw     x9, x9, x18
#7436 0 00000000000121e2     4781 r 000000000000000f 0000000000000000  c.li     x15, 0x0
#7437 0 00000000000121e4     e311 r 0000000000000000 0000000000000000  c.bnez   x14, . + 0x4
#7438 0 00000000000121e8     c45c m 000000000001e884 0000000000000000  c.sw     x15, 0xc(x8)
#7439 0 00000000000121ea 00904663 r 0000000000000000 0000000000000000  blt      x0, x9, . + 0xc
#7440 0 00000000000121f6     603c r 000000000000000f 00000000000161c4  c.ld     x15, 0x40(x8)
#7441 0 00000000000121f8     780c r 000000000000000b 000000000001e878  c.ld     x11, 0x30(x8)
#7442 0 00000000000121fa     86a6 r 000000000000000d 0000000000000006  c.mv     x13, x9
#7443 0 00000000000121fc     864a r 000000000000000c 0000000000020010  c.mv     x12, x18
#7444 0 00000000000121fe     854e r 000000000000000a 000000000001e290  c.mv     x10, x19
#7445 0 0000000000012200     9782 r 0000000000000001 0000000000012202  c.jalr   x15
#7446 0 00000000000161c4 01059783 r 000000000000000f 0000000000002889  lh       x15, 0x10(x11)
#7447 0 00000000000161c8     7179 r 0000000000000002 00000000fffff1e0  c.addi16sp -0x3
#7448 0 00000000000161ca     f022 m 00000000fffff200 000000000001e878  c.sdsp   x8, 0x20
#7449 0 00000000000161cc     ec26 m 00000000fffff1f8 0000000000000006  c.sdsp   x9, 0x18
#7450 0 00000000000161ce     e84a m 00000000fffff1f0 0000000000020010  c.sdsp   x18, 0x10
#7451 0 00000000000161d0     e44e m 00000000fffff1e8 000000000001e290  c.sdsp   x19, 0x8
#7452 0 00000000000161d2     f406 m 00000000fffff208 0000000000012202  c.sdsp   x1, 0x28
#7453 0 00000000000161d4 1007f713 r 000000000000000e 0000000000000000  andi     x14, x15, 256
#7454 0 00000000000161d8     842e r 0000000000000008 000000000001e878  c.mv     x8, x11
#7455 0 00000000000161da     84aa r 0000000000000009 000000000001e290  c.mv     x9, x10
#7456 0 00000000000161dc 01259583 r 000000000000000b 0000000000000001  lh       x11, 0x12(x11)
#7457 0 00000000000161e0     8932 r 0000000000000012 0000000000020010  c.mv     x18, x12
#7458 0 00000000000161e2     89b6 r 0000000000000013 0000000000000006  c.mv     x19, x13
#7459 0 00000000000161e4     e30d r 0000000000000000 0000000000000000  c.bnez   x14, . + 0x22
#7460 0 00000000000161e6     777d r 000000000000000e fffffffffffff000  c.lui    x14, 0xfffff
#7461 0 00000000000161e8     177d r 000000000000000e ffffffffffffefff  c.addi   x14, -0x1
#7462 0 00000000000161ea     8ff9 r 000000000000000f 0000000000002889  c.and    x15, x14
#7463 0 00000000000161ec 00f41823 m 000000000001e888 0000000000002889  sh       x15, 0x10(x8)
#7464 0 00000000000161f0     7402 r 0000000000000008 000000000001e878  c.ldsp   x8, 0x20
#7465 0 00000000000161f2     70a2 r 0000000000000001 0000000000012202  c.ldsp   x1, 0x28
#7466 0 00000000000161f4     86ce r 000000000000000d 0000000000000006  c.mv     x13, x19
#7467 0 00000000000161f6     864a r 000000000000000c 0000000000020010  c.mv     x12, x18
#7468 0 00000000000161f8     69a2 r 0000000000000013 000000000001e290  c.ldsp   x19, 0x8
#7469 0 00000000000161fa     6942 r 0000000000000012 0000000000020010  c.ldsp   x18, 0x10
#7470 0 00000000000161fc     8526 r 000000000000000a 000000000001e290  c.mv     x10, x9
#7471 0 00000000000161fe     64e2 r 0000000000000009 0000000000000006  c.ldsp   x9, 0x18
#7472 0 0000000000016200     6145 r 0000000000000002 00000000fffff210  c.addi16sp 0x3
#7473 0 0000000000016202 3a70206f r 0000000000000000 0000000000000000  j        . + 0x2ba6
#7474 0 0000000000018da8     1101 r 0000000000000002 00000000fffff1f0  c.addi   x2, -0x20
#7475 0 0000000000018daa     872e r 000000000000000e 0000000000000001  c.mv     x14, x11
#7476 0 0000000000018dac     e822 m 00000000fffff200 000000000001e878  c.sdsp   x8, 0x10
#7477 0 0000000000018dae     e426 m 00000000fffff1f8 0000000000000006  c.sdsp   x9, 0x8
#7478 0 0000000000018db0     85b2 r 000000000000000b 0000000000020010  c.mv     x11, x12
#7479 0 0000000000018db2     842a r 0000000000000008 000000000001e290  c.mv     x8, x10
#7480 0 0000000000018db4     8636 r 000000000000000c 0000000000000006  c.mv     x12, x13
#7481 0 0000000000018db6     853a r 000000000000000a 0000000000000001  c.mv     x10, x14
#7482 0 0000000000018db8     ec06 m 00000000fffff208 0000000000012202  c.sdsp   x1, 0x18
#7483 0 0000000000018dba 7801a823 m 000000000001f408 0000000000000000  sw       x0, 0x790(x3)
#7484 0 0000000000018dbe 208020ef r 0000000000000001 0000000000018dc2  jal      x1, . + 0x2208
#7485 0 000000000001afc6     1141 r 0000000000000002 00000000fffff1e0  c.addi   x2, -0x10
#7486 0 000000000001afc8     e406 m 00000000fffff1e8 0000000000018dc2  c.sdsp   x1, 0x8
#7487 0 000000000001afca     e022 m 00000000fffff1e0 000000000001e290  c.sdsp   x8, 0x0
#7488 0 000000000001afcc 04000893 r 0000000000000011 0000000000000040  addi     x17, x0, 64
#7489 0 000000000001afd0 00000073 r 000000000000000a 0000000000000006  ecall    
#7490 0 000000000001afd4     842a r 0000000000000008 0000000000000006  c.mv     x8, x10
#7491 0 000000000001afd6 00054763 r 0000000000000000 0000000000000000  blt      x10, x0, . + 0xe
#7492 0 000000000001afda     60a2 r 0000000000000001 0000000000018dc2  c.ldsp   x1, 0x8
#7493 0 000000000001afdc     8522 r 000000000000000a 0000000000000006  c.mv     x10, x8
#7494 0 000000000001afde     6402 r 0000000000000008 000000000001e290  c.ldsp   x8, 0x0
#7495 0 000000000001afe0     0141 r 0000000000000002 00000000fffff1f0  c.addi   x2, 0x10
#7496 0 000000000001afe2     8082 r 0000000000000000 0000000000000000  c.jr     x1
#7497 0 0000000000018dc2     57fd r 000000000000000f ffffffffffffffff  c.li     x15, -0x1
#7498 0 0000000000018dc4 00f50763 r 0000000000000000 0000000000000000  beq      x10, x15, . + 0xe
#7499 0 0000000000018dc8     60e2 r 0000000000000001 0000000000012202  c.ldsp   x1, 0x18
#7500 0 0000000000018dca     6442 r 0000000000000008 000000000001e878  c.ldsp   x8, 0x10
#7501 0 0000000000018dcc     64a2 r 0000000000000009 0000000000000006  c.ldsp   x9, 0x8
#7502 0 0000000000018dce     6105 r 0000000000000002 00000000fffff210  c.addi16sp 0x2
#7503 0 0000000000018dd0     8082 r 0000000000000000 0000000000000000  c.jr     x1
#7504 0 0000000000012202     9c89 r 0000000000000009 0000000000000000  c.subw   x9, x10
#7505 0 0000000000012204 fea046e3 r 0000000000000000 0000000000000000  blt      x0, x10, . - 0x14
#7506 0 00000000000121f0     992a r 0000000000000012 0000000000020016  c.add    x18, x10
#7507 0 00000000000121f2 fc9053e3 r 0000000000000000 0000000000000000  bge      x0, x9, . - 0x3a
#7508 0 00000000000121b8     4501 r 000000000000000a 0000000000000000  c.li     x10, 0x0
#7509 0 00000000000121ba     70a2 r 0000000000000001 0000000000019384  c.ldsp   x1, 0x28
#7510 0 00000000000121bc     7402 r 0000000000000008 000000000001e878  c.ldsp   x8, 0x20
#7511 0 00000000000121be     64e2 r 0000000000000009 0000000000000001  c.ldsp   x9, 0x18
#7512 0 00000000000121c0     6942 r 0000000000000012 00000000fffff490  c.ldsp   x18, 0x10
#7513 0 00000000000121c2     69a2 r 0000000000000013 0000000000000000  c.ldsp   x19, 0x8
#7514 0 00000000000121c4     6145 r 0000000000000002 00000000fffff240  c.addi16sp 0x3
#7515 0 00000000000121c6     8082 r 0000000000000000 0000000000000000  c.jr     x1
#7516 0 0000000000019384     d179 r 0000000000000000 0000000000000000  c.beqz   x10, . - 0x3a
#7517 0 000000000001934a 010a3783 r 000000000000000f 0000000000000001  ld       x15, 0x10(x20)
#7518 0 000000000001934e     9ca6 r 0000000000000019 000000000001c467  c.add    x25, x9
#7519 0 0000000000019350 409c0c33 r 0000000000000018 0000000000000000  sub      x24, x24, x9
#7520 0 0000000000019354 409784b3 r 0000000000000009 0000000000000000  sub      x9, x15, x9
#7521 0 0000000000019358 009a3823 m 00000000fffff410 0000000000000000  sd       x9, 0x10(x20)
#7522 0 000000000001935c     f4c5 r 0000000000000000 0000000000000000  c.bnez   x9, . - 0x58
#7523 0 000000000001935e     4501 r 000000000000000a 0000000000000000  c.li     x10, 0x0
#7524 0 0000000000019360     60e6 r 0000000000000001 000000000001809a  c.ldsp   x1, 0x58
#7525 0 0000000000019362     6446 r 0000000000000008 000000000001c467  c.ldsp   x8, 0x50
#7526 0 0000000000019364     64a6 r 0000000000000009 0000000000000001  c.ldsp   x9, 0x48
#7527 0 0000000000019366     6906 r 0000000000000012 000000000001e878  c.ldsp   x18, 0x40
#7528 0 0000000000019368     79e2 r 0000000000000013 0000000000000001  c.ldsp   x19, 0x38
#7529 0 000000000001936a     7a42 r 0000000000000014 000000000001e290  c.ldsp   x20, 0x30
#7530 0 000000000001936c     7aa2 r 0000000000000015 00000000fffff400  c.ldsp   x21, 0x28
#7531 0 000000000001936e     7b02 r 0000000000000016 00000000fffff480  c.ldsp   x22, 0x20
#7532 0 0000000000019370     6be2 r 0000000000000017 0000000000000001  c.ldsp   x23, 0x18
#7533 0 0000000000019372     6c42 r 0000000000000018 fffffffffffffffe  c.ldsp   x24, 0x10
#7534 0 0000000000019374     6ca2 r 0000000000000019 000000000001c466  c.ldsp   x25, 0x8
#7535 0 0000000000019376     6d02 r 000000000000001a 0000000000000064  c.ldsp   x26, 0x0
#7536 0 0000000000019378     6125 r 0000000000000002 00000000fffff2a0  c.addi16sp 0x6
#7537 0 000000000001937a     8082 r 0000000000000000 0000000000000000  c.jr     x1
#7538 0 000000000001809a     b7e1 r 0000000000000000 0000000000000000  c.j      . - 0x38
#7539 0 0000000000018062     60a6 r 0000000000000001 0000000000011864  c.ldsp   x1, 0x48
#7540 0 0000000000018064     6406 r 0000000000000008 000000000001c467  c.ldsp   x8, 0x40
#7541 0 0000000000018066 000ab823 m 00000000fffff410 0000000000000000  sd       x0, 0x10(x21)
#7542 0 000000000001806a 000aa423 m 00000000fffff408 0000000000000000  sw       x0, 0x8(x21)
#7543 0 000000000001806e     74e2 r 0000000000000009 0000000000000001  c.ldsp   x9, 0x38
#7544 0 0000000000018070     7942 r 0000000000000012 000000000001e878  c.ldsp   x18, 0x30
#7545 0 0000000000018072     79a2 r 0000000000000013 0000000000000001  c.ldsp   x19, 0x28
#7546 0 0000000000018074     7a02 r 0000000000000014 000000000001e290  c.ldsp   x20, 0x20
#7547 0 0000000000018076     6ae2 r 0000000000000015 0000000000000000  c.ldsp   x21, 0x18
#7548 0 0000000000018078     6b42 r 0000000000000016 00000000fffff480  c.ldsp   x22, 0x10
#7549 0 000000000001807a     6ba2 r 0000000000000017 0000000000000001  c.ldsp   x23, 0x8
#7550 0 000000000001807c     6161 r 0000000000000002 00000000fffff2f0  c.addi16sp 0x5
#7551 0 000000000001807e     8082 r 0000000000000000 0000000000000000  c.jr     x1
#7552 0 0000000000011864 d99fe06f r 0000000000000000 0000000000000000  j        . - 0x1268
#7553 0 00000000000105fc 01095783 r 000000000000000f 0000000000002889  lhu      x15, 0x10(x18)
#7554 0 0000000000010600 0407f793 r 000000000000000f 0000000000000000  andi     x15, x15, 64
#7555 0 0000000000010604     c399 r 0000000000000000 0000000000000000  c.beqz   x15, . + 0x6
#7556 0 000000000001060a 27813083 r 0000000000000001 0000000000010340  ld       x1, 0x278(x2)
#7557 0 000000000001060e 27013403 r 0000000000000008 00000000ffffff50  ld       x8, 0x270(x2)
#7558 0 0000000000010612     6522 r 000000000000000a 0000000000000006  c.ldsp   x10, 0x8
#7559 0 0000000000010614 26813483 r 0000000000000009 0000000000000000  ld       x9, 0x268(x2)
#7560 0 0000000000010618 26013903 r 0000000000000012 0000000000000000  ld       x18, 0x260(x2)
#7561 0 000000000001061c 25813983 r 0000000000000013 0000000000000000  ld       x19, 0x258(x2)
#7562 0 0000000000010620 25013a03 r 0000000000000014 0000000000000000  ld       x20, 0x250(x2)
#7563 0 0000000000010624 24813a83 r 0000000000000015 0000000000000000  ld       x21, 0x248(x2)
#7564 0 0000000000010628 24013b03 r 0000000000000016 0000000000000000  ld       x22, 0x240(x2)
#7565 0 000000000001062c 23813b83 r 0000000000000017 0000000000000000  ld       x23, 0x238(x2)
#7566 0 0000000000010630 23013c03 r 0000000000000018 0000000000000000  ld       x24, 0x230(x2)
#7567 0 0000000000010634 22813c83 r 0000000000000019 0000000000000000  ld       x25, 0x228(x2)
#7568 0 0000000000010638 22013d03 r 000000000000001a 0000000000000000  ld       x26, 0x220(x2)
#7569 0 000000000001063c 21813d83 r 000000000000001b 0000000000000000  ld       x27, 0x218(x2)
#7570 0 0000000000010640 28010113 r 0000000000000002 00000000fffff570  addi     x2, x2, 640
#7571 0 0000000000010644     8082 r 0000000000000000 0000000000000000  c.jr     x1
#7572 0 0000000000010340     60e2 r 0000000000000001 0000000000010184  c.ldsp   x1, 0x18
#7573 0 0000000000010342     6125 r 0000000000000002 00000000fffff5d0  c.addi16sp 0x6
#7574 0 0000000000010344     8082 r 0000000000000000 0000000000000000  c.jr     x1
#7575 0 0000000000010184 fec42783 r 000000000000000f 0000000000000007  lw       x15, -0x14(x8)
#7576 0 0000000000010188     2785 r 000000000000000f 0000000000000008  c.addiw  x15, 0x1
#7577 0 000000000001018a fef42623 m 00000000ffffff3c 0000000000000008  sw       x15, -0x14(x8)
#7578 0 000000000001018e fec42783 r 000000000000000f 0000000000000008  lw       x15, -0x14(x8)
#7579 0 0000000000010192 0007871b r 000000000000000e 0000000000000008  addiw    x14, x15, 0
#7580 0 0000000000010196     47a5 r 000000000000000f 0000000000000009  c.li     x15, 0x9
#7581 0 0000000000010198 fce7dee3 r 0000000000000000 0000000000000000  bge      x15, x14, . - 0x24
#7582 0 0000000000010174 fec42783 r 000000000000000f 0000000000000008  lw       x15, -0x14(x8)
#7583 0 0000000000010178     85be r 000000000000000b 0000000000000008  c.mv     x11, x15
#7584 0 000000000001017a     67f1 r 000000000000000f 000000000001c000  c.lui    x15, 0x1c
#7585 0 000000000001017c 46078513 r 000000000000000a 000000000001c460  addi     x10, x15, 1120
#7586 0 0000000000010180 19a000ef r 0000000000000001 0000000000010184  jal      x1, . + 0x19a
#7587 0 000000000001031a 7581b303 r 0000000000000006 000000000001e290  ld       x6, 0x758(x3)
#7588 0 000000000001031e     711d r 0000000000000002 00000000fffff570  c.addi16sp -0x6
#7589 0 0000000000010320     f832 m 00000000fffff5a0 0000000000000006  c.sdsp   x12, 0x30
#7590 0 0000000000010322     fc36 m 00000000fffff5a8 0000000000000006  c.sdsp   x13, 0x38
#7591 0 0000000000010324     f42e m 00000000fffff598 0000000000000008  c.sdsp   x11, 0x28
#7592 0 0000000000010326     e0ba m 00000000fffff5b0 0000000000000008  c.sdsp   x14, 0x40
#7593 0 0000000000010328     e4be m 00000000fffff5b8 000000000001c000  c.sdsp   x15, 0x48
#7594 0 000000000001032a     e8c2 m 00000000fffff5c0 0000000000000000  c.sdsp   x16, 0x50
#7595 0 000000000001032c     ecc6 m 00000000fffff5c8 0000000000000040  c.sdsp   x17, 0x58
#7596 0 000000000001032e 01033583 r 000000000000000b 000000000001e878  ld       x11, 0x10(x6)
#7597 0 0000000000010332     1034 r 000000000000000d 00000000fffff598  c.addi4spn  x13, 0xa
#7598 0 0000000000010334     862a r 000000000000000c 000000000001c460  c.mv     x12, x10
#7599 0 0000000000010336     851a r 000000000000000a 000000000001e290  c.mv     x10, x6
#7600 0 0000000000010338     ec06 m 00000000fffff588 0000000000010184  c.sdsp   x1, 0x18
#7601 0 000000000001033a     e436 m 00000000fffff578 00000000fffff598  c.sdsp   x13, 0x8
#7602 0 000000000001033c 00a000ef r 0000000000000001 0000000000010340  jal      x1, . + 0xa
#7603 0 0000000000010346 d8010113 r 0000000000000002 00000000fffff2f0  addi     x2, x2, -640
#7604 0 000000000001034a 26113c23 m 00000000fffff568 0000000000010340  sd       x1, 0x278(x2)
#7605 0 000000000001034e 27213023 m 00000000fffff550 0000000000000000  sd       x18, 0x260(x2)
#7606 0 0000000000010352 25413823 m 00000000fffff540 0000000000000000  sd       x20, 0x250(x2)
#7607 0 0000000000010356 23913423 m 00000000fffff518 0000000000000000  sd       x25, 0x228(x2)
#7608 0 000000000001035a     892e r 0000000000000012 000000000001e878  c.mv     x18, x11
#7609 0 000000000001035c     8cb2 r 0000000000000019 000000000001c460  c.mv     x25, x12
#7610 0 000000000001035e     e836 m 00000000fffff300 00000000fffff598  c.sdsp   x13, 0x10
#7611 0 0000000000010360 26813823 m 00000000fffff560 00000000ffffff50  sd       x8, 0x270(x2)
#7612 0 0000000000010364 26913423 m 00000000fffff558 0000000000000000  sd       x9, 0x268(x2)
#7613 0 0000000000010368 25313c23 m 00000000fffff548 0000000000000000  sd       x19, 0x258(x2)
#7614 0 000000000001036c 25513423 m 00000000fffff538 0000000000000000  sd       x21, 0x248(x2)
#7615 0 0000000000010370 25613023 m 00000000fffff530 0000000000000000  sd       x22, 0x240(x2)
#7616 0 0000000000010374 23713c23 m 00000000fffff528 0000000000000000  sd       x23, 0x238(x2)
#7617 0 0000000000010378 23813823 m 00000000fffff520 0000000000000000  sd       x24, 0x230(x2)
#7618 0 000000000001037c 23a13023 m 00000000fffff510 0000000000000000  sd       x26, 0x220(x2)
#7619 0 0000000000010380 21b13c23 m 00000000fffff508 0000000000000000  sd       x27, 0x218(x2)
#7620 0 0000000000010384     8a2a r 0000000000000014 000000000001e290  c.mv     x20, x10
#7621 0 0000000000010386 6fa040ef r 0000000000000001 000000000001038a  jal      x1, . + 0x46fa
#7622 0 0000000000014a80 e6018513 r 000000000000000a 000000000001ead8  addi     x10, x3, -416
#7623 0 0000000000014a84     8082 r 0000000000000000 0000000000000000  c.jr     x1
#7624 0 000000000001038a     611c r 000000000000000f 000000000001c9b0  c.ld     x15, 0x0(x10)
#7625 0 000000000001038c     853e r 000000000000000a 000000000001c9b0  c.mv     x10, x15
#7626 0 000000000001038e     f8be m 00000000fffff360 000000000001c9b0  c.sdsp   x15, 0x70
#7627 0 0000000000010390 058060ef r 0000000000000001 0000000000010394  jal      x1, . + 0x6058
#7628 0 00000000000163e8 00757793 r 000000000000000f 0000000000000000  andi     x15, x10, 7
#7629 0 00000000000163ec     872a r 000000000000000e 000000000001c9b0  c.mv     x14, x10
#7630 0 00000000000163ee     eba9 r 0000000000000000 0000000000000000  c.bnez   x15, . + 0x52
#7631 0 00000000000163f0 7401b683 r 000000000000000d 7f7f7f7f7f7f7f7f  ld       x13, 0x740(x3)
#7632 0 00000000000163f4     55fd r 000000000000000b ffffffffffffffff  c.li     x11, -0x1
#7633 0 00000000000163f6     6310 r 000000000000000c 000000000000002e  c.ld     x12, 0x0(x14)
#7634 0 00000000000163f8     0721 r 000000000000000e 000000000001c9b8  c.addi   x14, 0x8
#7635 0 00000000000163fa 00d677b3 r 000000000000000f 000000000000002e  and      x15, x12, x13
#7636 0 00000000000163fe     97b6 r 000000000000000f 7f7f7f7f7f7f7fad  c.add    x15, x13
#7637 0 0000000000016400     8fd1 r 000000000000000f 7f7f7f7f7f7f7faf  c.or     x15, x12
#7638 0 0000000000016402     8fd5 r 000000000000000f 7f7f7f7f7f7f7fff  c.or     x15, x13
#7639 0 0000000000016404 feb789e3 r 0000000000000000 0000000000000000  beq      x15, x11, . - 0xe
#7640 0 0000000000016408 ff874683 r 000000000000000d 000000000000002e  lbu      x13, -0x8(x14)
#7641 0 000000000001640c 40a707b3 r 000000000000000f 0000000000000008  sub      x15, x14, x10
#7642 0 0000000000016410     c6a9 r 0000000000000000 0000000000000000  c.beqz   x13, . + 0x4a
#7643 0 0000000000016412 ff974683 r 000000000000000d 0000000000000000  lbu      x13, -0x7(x14)
#7644 0 0000000000016416     ce9d r 0000000000000000 0000000000000000  c.beqz   x13, . + 0x3e
#7645 0 0000000000016454 ff978513 r 000000000000000a 0000000000000001  addi     x10, x15, -7
#7646 0 0000000000016458     8082 r 0000000000000000 0000000000000000  c.jr     x1
#7647 0 0000000000010394     f4aa m 00000000fffff358 0000000000000001  c.sdsp   x10, 0x68
#7648 0 0000000000010396     e202 m 00000000fffff3f0 0000000000000000  c.sdsp   x0, 0x100
#7649 0 0000000000010398     e602 m 00000000fffff3f8 0000000000000000  c.sdsp   x0, 0x108
#7650 0 000000000001039a 000a0663 r 0000000000000000 0000000000000000  beq      x20, x0, . + 0xc
#7651 0 000000000001039e 050a2783 r 000000000000000f 0000000000000001  lw       x15, 0x50(x20)
#7652 0 00000000000103a2 72078963 r 0000000000000000 0000000000000000  beq      x15, x0, . + 0x732
#7653 0 00000000000103a6 01091703 r 000000000000000e 0000000000002889  lh       x14, 0x10(x18)
#7654 0 00000000000103aa     6689 r 000000000000000d 0000000000002000  c.lui    x13, 0x2
#7655 0 00000000000103ac 03071793 r 000000000000000f 2889000000000000  slli     x15, x14, 48
#7656 0 00000000000103b0     93c1 r 000000000000000f 0000000000002889  c.srli   x15, 0x30
#7657 0 00000000000103b2 00d7f633 r 000000000000000c 0000000000002000  and      x12, x15, x13
#7658 0 00000000000103b6     e215 r 0000000000000000 0000000000000000  c.bnez   x12, . + 0x24
#7659 0 00000000000103da 0087f713 r 000000000000000e 0000000000000008  andi     x14, x15, 8
#7660 0 00000000000103de 26070a63 r 0000000000000000 0000000000000000  beq      x14, x0, . + 0x274
#7661 0 00000000000103e2 01893703 r 000000000000000e 0000000000020010  ld       x14, 0x18(x18)
#7662 0 00000000000103e6 26070663 r 0000000000000000 0000000000000000  beq      x14, x0, . + 0x26c
#7663 0 00000000000103ea     8be9 r 000000000000000f 0000000000000008  c.andi   x15, 0x1a
#7664 0 00000000000103ec     4729 r 000000000000000e 000000000000000a  c.li     x14, 0xa
#7665 0 00000000000103ee 26e78f63 r 0000000000000000 0000000000000000  beq      x15, x14, . + 0x27e
#7666 0 00000000000103f2     67f1 r 000000000000000f 000000000001c000  c.lui    x15, 0x1c
#7667 0 00000000000103f4 6887b783 r 000000000000000f 3ffc000000000000  ld       x15, 0x688(x15)
#7668 0 00000000000103f8 19010b13 r 0000000000000016 00000000fffff480  addi     x22, x2, 400
#7669 0 00000000000103fc     ea5a m 00000000fffff400 00000000fffff480  c.sdsp   x22, 0x110
#7670 0 00000000000103fe     ed3e m 00000000fffff388 3ffc000000000000  c.sdsp   x15, 0x98
#7671 0 0000000000010400     67f1 r 000000000000000f 000000000001c000  c.lui    x15, 0x1c
#7672 0 0000000000010402 6687b783 r 000000000000000f 4003000000000000  ld       x15, 0x668(x15)
#7673 0 0000000000010406     f202 m 00000000fffff410 0000000000000000  c.sdsp   x0, 0x120
#7674 0 0000000000010408 10012c23 m 00000000fffff408 0000000000000000  sw       x0, 0x118(x2)
#7675 0 000000000001040c     e93e m 00000000fffff380 4003000000000000  c.sdsp   x15, 0x90
#7676 0 000000000001040e     67f1 r 000000000000000f 000000000001c000  c.lui    x15, 0x1c
#7677 0 0000000000010410 6787b783 r 000000000000000f 3ffe000000000000  ld       x15, 0x678(x15)
#7678 0 0000000000010414     f002 m 00000000fffff310 0000000000000000  c.sdsp   x0, 0x20
#7679 0 0000000000010416     f402 m 00000000fffff318 0000000000000000  c.sdsp   x0, 0x28
#7680 0 0000000000010418     f13e m 00000000fffff390 3ffe000000000000  c.sdsp   x15, 0xa0
#7681 0 000000000001041a 000cc783 r 000000000000000f 0000000000000069  lbu      x15, 0x0(x25)
#7682 0 000000000001041e     fc82 m 00000000fffff368 0000000000000000  c.sdsp   x0, 0x78
#7683 0 0000000000010420     f082 m 00000000fffff350 0000000000000000  c.sdsp   x0, 0x60
#7684 0 0000000000010422     e102 m 00000000fffff370 0000000000000000  c.sdsp   x0, 0x80
#7685 0 0000000000010424     e502 m 00000000fffff378 0000000000000000  c.sdsp   x0, 0x88
#7686 0 0000000000010426     e402 m 00000000fffff2f8 0000000000000000  c.sdsp   x0, 0x8
#7687 0 0000000000010428     835a r 0000000000000006 00000000fffff480  c.mv     x6, x22
#7688 0 000000000001042a 1c078563 r 0000000000000000 0000000000000000  beq      x15, x0, . + 0x1ca
#7689 0 000000000001042e     8466 r 0000000000000008 000000000001c460  c.mv     x8, x25
#7690 0 0000000000010430 02500713 r 000000000000000e 0000000000000025  addi     x14, x0, 37
#7691 0 0000000000010434 30e78363 r 0000000000000000 0000000000000000  beq      x15, x14, . + 0x306
#7692 0 0000000000010438 00144783 r 000000000000000f 0000000000000020  lbu      x15, 0x1(x8)
#7693 0 000000000001043c     0405 r 0000000000000008 000000000001c461  c.addi   x8, 0x1
#7694 0 000000000001043e     fbfd r 0000000000000000 0000000000000000  c.bnez   x15, . - 0xa
#7695 0 0000000000010434 30e78363 r 0000000000000000 0000000000000000  beq      x15, x14, . + 0x306
#7696 0 0000000000010438 00144783 r 000000000000000f 000000000000003d  lbu      x15, 0x1(x8)
#7697 0 000000000001043c     0405 r 0000000000000008 000000000001c462  c.addi   x8, 0x1
#7698 0 000000000001043e     fbfd r 0000000000000000 0000000000000000  c.bnez   x15, . - 0xa
#7699 0 0000000000010434 30e78363 r 0000000000000000 0000000000000000  beq      x15, x14, . + 0x306
#7700 0 0000000000010438 00144783 r 000000000000000f 0000000000000020  lbu      x15, 0x1(x8)
#7701 0 000000000001043c     0405 r 0000000000000008 000000000001c463  c.addi   x8, 0x1
#7702 0 000000000001043e     fbfd r 0000000000000000 0000000000000000  c.bnez   x15, . - 0xa
#7703 0 0000000000010434 30e78363 r 0000000000000000 0000000000000000  beq      x15, x14, . + 0x306
#7704 0 0000000000010438 00144783 r 000000000000000f 0000000000000025  lbu      x15, 0x1(x8)
#7705 0 000000000001043c     0405 r 0000000000000008 000000000001c464  c.addi   x8, 0x1
#7706 0 000000000001043e     fbfd r 0000000000000000 0000000000000000  c.bnez   x15, . - 0xa
#7707 0 0000000000010434 30e78363 r 0000000000000000 0000000000000000  beq      x15, x14, . + 0x306
#7708 0 000000000001073a 419404bb r 0000000000000009 0000000000000004  subw     x9, x8, x25
#7709 0 000000000001073e d00495e3 r 0000000000000000 0000000000000000  bne      x9, x0, . - 0x2f6
#7710 0 0000000000010448     7712 r 000000000000000e 0000000000000000  c.ldsp   x14, 0x120
#7711 0 000000000001044a 11812783 r 000000000000000f 0000000000000000  lw       x15, 0x118(x2)
#7712 0 000000000001044e 01933023 m 00000000fffff480 000000000001c460  sd       x25, 0x0(x6)
#7713 0 0000000000010452     9726 r 000000000000000e 0000000000000004  c.add    x14, x9
#7714 0 0000000000010454     2785 r 000000000000000f 0000000000000001  c.addiw  x15, 0x1
#7715 0 0000000000010456 00933423 m 00000000fffff488 0000000000000004  sd       x9, 0x8(x6)
#7716 0 000000000001045a     f23a m 00000000fffff410 0000000000000004  c.sdsp   x14, 0x120
#7717 0 000000000001045c 10f12c23 m 00000000fffff408 0000000000000001  sw       x15, 0x118(x2)
#7718 0 0000000000010460 0007871b r 000000000000000e 0000000000000001  addiw    x14, x15, 0
#7719 0 0000000000010464     479d r 000000000000000f 0000000000000007  c.li     x15, 0x7
#7720 0 0000000000010466     0341 r 0000000000000006 00000000fffff490  c.addi   x6, 0x10
#7721 0 0000000000010468 2ee7c063 r 0000000000000000 0000000000000000  blt      x15, x14, . + 0x2e0
#7722 0 000000000001046c     6722 r 000000000000000e 0000000000000000  c.ldsp   x14, 0x8
#7723 0 000000000001046e 00044783 r 000000000000000f 0000000000000025  lbu      x15, 0x0(x8)
#7724 0 0000000000010472     9f25 r 000000000000000e 0000000000000004  c.addw   x14, x9
#7725 0 0000000000010474     e43a m 00000000fffff2f8 0000000000000004  c.sdsp   x14, 0x8
#7726 0 0000000000010476 16078f63 r 0000000000000000 0000000000000000  beq      x15, x0, . + 0x17e
#7727 0 000000000001047a     67f1 r 000000000000000f 000000000001c000  c.lui    x15, 0x1c
#7728 0 000000000001047c 00144e03 r 000000000000001c 0000000000000064  lbu      x28, 0x1(x8)
#7729 0 0000000000010480 0c010fa3 m 00000000fffff3cf 0000000000000000  sb       x0, 0xdf(x2)
#7730 0 0000000000010484     0405 r 0000000000000008 000000000001c465  c.addi   x8, 0x1
#7731 0 0000000000010486     5c7d r 0000000000000018 ffffffffffffffff  c.li     x24, -0x1
#7732 0 0000000000010488     4a81 r 0000000000000015 0000000000000000  c.li     x21, 0x0
#7733 0 000000000001048a     4481 r 0000000000000009 0000000000000000  c.li     x9, 0x0
#7734 0 000000000001048c 05a00993 r 0000000000000013 000000000000005a  addi     x19, x0, 90
#7735 0 0000000000010490 4c878b93 r 0000000000000017 000000000001c4c8  addi     x23, x15, 1224
#7736 0 0000000000010494     4da5 r 000000000000001b 0000000000000009  c.li     x27, 0x9
#7737 0 0000000000010496     0405 r 0000000000000008 000000000001c466  c.addi   x8, 0x1
#7738 0 0000000000010498 000e0d1b r 000000000000001a 0000000000000064  addiw    x26, x28, 0
#7739 0 000000000001049c 02a00613 r 000000000000000c 000000000000002a  addi     x12, x0, 42
#7740 0 00000000000104a0 fe0d079b r 000000000000000f 0000000000000044  addiw    x15, x26, -32
#7741 0 00000000000104a4 0007871b r 000000000000000e 0000000000000044  addiw    x14, x15, 0
#7742 0 00000000000104a8 04e9e363 r 0000000000000000 0000000000000000  bltu     x19, x14, . + 0x46
#7743 0 00000000000104ac 02079713 r 000000000000000e 0000004400000000  slli     x14, x15, 32
#7744 0 00000000000104b0 01e75793 r 000000000000000f 0000000000000110  srli     x15, x14, 30
#7745 0 00000000000104b4     97de r 000000000000000f 000000000001c5d8  c.add    x15, x23
#7746 0 00000000000104b6     439c r 000000000000000f 000000000001068a  c.lw     x15, 0x0(x15)
#7747 0 00000000000104b8     8782 r 0000000000000000 0000000000000000  c.jr     x15
#7748 0 000000000001068a     66c2 r 000000000000000d 00000000fffff598  c.ldsp   x13, 0x10
#7749 0 000000000001068c 0204f793 r 000000000000000f 0000000000000000  andi     x15, x9, 32
#7750 0 0000000000010690 00868713 r 000000000000000e 00000000fffff5a0  addi     x14, x13, 8
#7751 0 0000000000010694 3c078163 r 0000000000000000 0000000000000000  beq      x15, x0, . + 0x3c2
#7752 0 0000000000010a56 0104f793 r 000000000000000f 0000000000000000  andi     x15, x9, 16
#7753 0 0000000000010a5a 7e079f63 r 0000000000000000 0000000000000000  bne      x15, x0, . + 0x7fe
#7754 0 0000000000010a5e 0404f793 r 000000000000000f 0000000000000000  andi     x15, x9, 64
#7755 0 0000000000010a62 380788e3 r 0000000000000000 0000000000000000  beq      x15, x0, . + 0xb90
#7756 0 00000000000115f2 2004f793 r 000000000000000f 0000000000000000  andi     x15, x9, 512
#7757 0 00000000000115f6 24078163 r 0000000000000000 0000000000000000  beq      x15, x0, . + 0x242
#7758 0 0000000000011838     67c2 r 000000000000000f 00000000fffff598  c.ldsp   x15, 0x10
#7759 0 000000000001183a 0007a983 r 0000000000000013 0000000000000008  lw       x19, 0x0(x15)
#7760 0 000000000001183e     87ce r 000000000000000f 0000000000000008  c.mv     x15, x19
#7761 0 0000000000011840 e5dfe06f r 0000000000000000 0000000000000000  j        . - 0x11a4
#7762 0 000000000001069c 3c07cb63 r 0000000000000000 0000000000000000  blt      x15, x0, . + 0x3d6
#7763 0 00000000000106a0     57fd r 000000000000000f ffffffffffffffff  c.li     x15, -0x1
#7764 0 00000000000106a2 3efc00e3 r 0000000000000000 0000000000000000  beq      x24, x15, . + 0xbe0
#7765 0 0000000000011282     e83a m 00000000fffff300 00000000fffff5a0  c.sdsp   x14, 0x10
#7766 0 0000000000011284     47a5 r 000000000000000f 0000000000000009  c.li     x15, 0x9
#7767 0 0000000000011286     8da6 r 000000000000001b 0000000000000000  c.mv     x27, x9
#7768 0 0000000000011288 cb37f8e3 r 0000000000000000 0000000000000000  bgeu     x15, x19, . - 0x350
#7769 0 0000000000010f38 0309899b r 0000000000000013 0000000000000038  addiw    x19, x19, 48
#7770 0 0000000000010f3c 193105a3 m 00000000fffff47b 0000000000000038  sb       x19, 0x18b(x2)
#7771 0 0000000000010f40     84ee r 0000000000000009 0000000000000000  c.mv     x9, x27
#7772 0 0000000000010f42     4b85 r 0000000000000017 0000000000000001  c.li     x23, 0x1
#7773 0 0000000000010f44 18b10c93 r 0000000000000019 00000000fffff47b  addi     x25, x2, 395
#7774 0 0000000000010f48 f7aff06f r 0000000000000000 0000000000000000  j        . - 0x886
#7775 0 00000000000106c2 0df14783 r 000000000000000f 0000000000000000  lbu      x15, 0xdf(x2)
#7776 0 00000000000106c6 000b899b r 0000000000000013 0000000000000001  addiw    x19, x23, 0
#7777 0 00000000000106ca 018bd463 r 0000000000000000 0000000000000000  bge      x23, x24, . + 0x8
#7778 0 00000000000106d2     ec02 m 00000000fffff308 0000000000000000  c.sdsp   x0, 0x18
#7779 0 00000000000106d4     e482 m 00000000fffff338 0000000000000000  c.sdsp   x0, 0x48
#7780 0 00000000000106d6     ec82 m 00000000fffff348 0000000000000000  c.sdsp   x0, 0x58
#7781 0 00000000000106d8     e882 m 00000000fffff340 0000000000000000  c.sdsp   x0, 0x50
#7782 0 00000000000106da e20789e3 r 0000000000000000 0000000000000000  beq      x15, x0, . - 0x1ce
#7783 0 000000000001050c 0024f293 r 0000000000000005 0000000000000000  andi     x5, x9, 2
#7784 0 0000000000010510 00028363 r 0000000000000000 0000000000000000  beq      x5, x0, . + 0x6
#7785 0 0000000000010516 0844fd93 r 000000000000001b 0000000000000000  andi     x27, x9, 132
#7786 0 000000000001051a     7792 r 000000000000000f 0000000000000004  c.ldsp   x15, 0x120
#7787 0 000000000001051c 000d9663 r 0000000000000000 0000000000000000  bne      x27, x0, . + 0xc
#7788 0 0000000000010520 413a86bb r 000000000000000d ffffffffffffffff  subw     x13, x21, x19
#7789 0 0000000000010524 22d044e3 r 0000000000000000 0000000000000000  blt      x0, x13, . + 0xa28
#7790 0 0000000000010528 0df14703 r 000000000000000e 0000000000000000  lbu      x14, 0xdf(x2)
#7791 0 000000000001052c     c70d r 0000000000000000 0000000000000000  c.beqz   x14, . + 0x2a
#7792 0 0000000000010556 02028563 r 0000000000000000 0000000000000000  beq      x5, x0, . + 0x2a
#7793 0 0000000000010580 08000713 r 000000000000000e 0000000000000080  addi     x14, x0, 128
#7794 0 0000000000010584 06ed8ae3 r 0000000000000000 0000000000000000  beq      x27, x14, . + 0x874
#7795 0 0000000000010588 417c0c3b r 0000000000000018 fffffffffffffffe  subw     x24, x24, x23
#7796 0 000000000001058c 0f804ee3 r 0000000000000000 0000000000000000  blt      x0, x24, . + 0x8fc
#7797 0 0000000000010590 1004f713 r 000000000000000e 0000000000000000  andi     x14, x9, 256
#7798 0 0000000000010594 78071b63 r 0000000000000000 0000000000000000  bne      x14, x0, . + 0x796
#7799 0 0000000000010598 11812703 r 000000000000000e 0000000000000001  lw       x14, 0x118(x2)
#7800 0 000000000001059c     97de r 000000000000000f 0000000000000005  c.add    x15, x23
#7801 0 000000000001059e 01933023 m 00000000fffff490 00000000fffff47b  sd       x25, 0x0(x6)
#7802 0 00000000000105a2 0017069b r 000000000000000d 0000000000000002  addiw    x13, x14, 1
#7803 0 00000000000105a6     8736 r 000000000000000e 0000000000000002  c.mv     x14, x13
#7804 0 00000000000105a8 01733423 m 00000000fffff498 0000000000000001  sd       x23, 0x8(x6)
#7805 0 00000000000105ac 10e12c23 m 00000000fffff408 0000000000000002  sw       x14, 0x118(x2)
#7806 0 00000000000105b0     f23e m 00000000fffff410 0000000000000005  c.sdsp   x15, 0x120
#7807 0 00000000000105b2     471d r 000000000000000e 0000000000000007  c.li     x14, 0x7
#7808 0 00000000000105b4 46d74863 r 0000000000000000 0000000000000000  blt      x14, x13, . + 0x470
#7809 0 00000000000105b8     0341 r 0000000000000006 00000000fffff4a0  c.addi   x6, 0x10
#7810 0 00000000000105ba     8891 r 0000000000000009 0000000000000000  c.andi   x9, 0x4
#7811 0 00000000000105bc     c489 r 0000000000000000 0000000000000000  c.beqz   x9, . + 0xa
#7812 0 00000000000105c6     8756 r 000000000000000e 0000000000000000  c.mv     x14, x21
#7813 0 00000000000105c8 013ad363 r 0000000000000000 0000000000000000  bge      x21, x19, . + 0x6
#7814 0 00000000000105cc     874e r 000000000000000e 0000000000000001  c.mv     x14, x19
#7815 0 00000000000105ce     66a2 r 000000000000000d 0000000000000004  c.ldsp   x13, 0x8
#7816 0 00000000000105d0     9f35 r 000000000000000e 0000000000000005  c.addw   x14, x13
#7817 0 00000000000105d2     e43a m 00000000fffff2f8 0000000000000005  c.sdsp   x14, 0x8
#7818 0 00000000000105d4 12079be3 r 0000000000000000 0000000000000000  bne      x15, x0, . + 0x936
#7819 0 0000000000010f0a     0a10 r 000000000000000c 00000000fffff400  c.addi4spn  x12, 0x44
#7820 0 0000000000010f0c     85ca r 000000000000000b 000000000001e878  c.mv     x11, x18
#7821 0 0000000000010f0e     8552 r 000000000000000a 000000000001e290  c.mv     x10, x20
#7822 0 0000000000010f10 18c070ef r 0000000000000001 0000000000010f14  jal      x1, . + 0x718c
#7823 0 000000000001809c     6a18 r 000000000000000e 0000000000000005  c.ld     x14, 0x10(x12)
#7824 0 000000000001809e     c311 r 0000000000000000 0000000000000000  c.beqz   x14, . + 0x4
#7825 0 00000000000180a0     bfa1 r 0000000000000000 0000000000000000  c.j      . - 0xa8
#7826 0 0000000000017ff8 0ac5a783 r 000000000000000f 0000000000000000  lw       x15, 0xac(x11)
#7827 0 0000000000017ffc     715d r 0000000000000002 00000000fffff2a0  c.addi16sp -0x5
#7828 0 0000000000017ffe     6709 r 000000000000000e 0000000000002000  c.lui    x14, 0x2
#7829 0 0000000000018000     ec56 m 00000000fffff2b8 0000000000000000  c.sdsp   x21, 0x18
#7830 0 0000000000018002     e486 m 00000000fffff2e8 0000000000010f14  c.sdsp   x1, 0x48
#7831 0 0000000000018004     e0a2 m 00000000fffff2e0 000000000001c466  c.sdsp   x8, 0x40
#7832 0 0000000000018006     fc26 m 00000000fffff2d8 0000000000000000  c.sdsp   x9, 0x38
#7833 0 0000000000018008     f84a m 00000000fffff2d0 000000000001e878  c.sdsp   x18, 0x30
#7834 0 000000000001800a     f44e m 00000000fffff2c8 0000000000000001  c.sdsp   x19, 0x28
#7835 0 000000000001800c     f052 m 00000000fffff2c0 000000000001e290  c.sdsp   x20, 0x20
#7836 0 000000000001800e     e85a m 00000000fffff2b0 00000000fffff480  c.sdsp   x22, 0x10
#7837 0 0000000000018010     e45e m 00000000fffff2a8 0000000000000001  c.sdsp   x23, 0x8
#7838 0 0000000000018012     8ff9 r 000000000000000f 0000000000000000  c.and    x15, x14
#7839 0 0000000000018014     8ab2 r 0000000000000015 00000000fffff400  c.mv     x21, x12
#7840 0 0000000000018016     c3c1 r 0000000000000000 0000000000000000  c.beqz   x15, . + 0x80
#7841 0 0000000000018096 146010ef r 0000000000000001 000000000001809a  jal      x1, . + 0x1146
#7842 0 00000000000191dc     6a1c r 000000000000000f 0000000000000005  c.ld     x15, 0x10(x12)
#7843 0 00000000000191de 1a078c63 r 0000000000000000 0000000000000000  beq      x15, x0, . + 0x1b8
#7844 0 00000000000191e2 0105d783 r 000000000000000f 0000000000002889  lhu      x15, 0x10(x11)
#7845 0 00000000000191e6     711d r 0000000000000002 00000000fffff240  c.addi16sp -0x6
#7846 0 00000000000191e8     e8a2 m 00000000fffff290 000000000001c466  c.sdsp   x8, 0x50
#7847 0 00000000000191ea     f852 m 00000000fffff270 000000000001e290  c.sdsp   x20, 0x30
#7848 0 00000000000191ec     f456 m 00000000fffff268 00000000fffff400  c.sdsp   x21, 0x28
#7849 0 00000000000191ee     ec86 m 00000000fffff298 000000000001809a  c.sdsp   x1, 0x58
#7850 0 00000000000191f0     e4a6 m 00000000fffff288 0000000000000000  c.sdsp   x9, 0x48
#7851 0 00000000000191f2     e0ca m 00000000fffff280 000000000001e878  c.sdsp   x18, 0x40
#7852 0 00000000000191f4     fc4e m 00000000fffff278 0000000000000001  c.sdsp   x19, 0x38
#7853 0 00000000000191f6     f05a m 00000000fffff260 00000000fffff480  c.sdsp   x22, 0x20
#7854 0 00000000000191f8     ec5e m 00000000fffff258 0000000000000001  c.sdsp   x23, 0x18
#7855 0 00000000000191fa     e862 m 00000000fffff250 fffffffffffffffe  c.sdsp   x24, 0x10
#7856 0 00000000000191fc     e466 m 00000000fffff248 00000000fffff47b  c.sdsp   x25, 0x8
#7857 0 00000000000191fe     e06a m 00000000fffff240 0000000000000064  c.sdsp   x26, 0x0
#7858 0 0000000000019200 0087f713 r 000000000000000e 0000000000000008  andi     x14, x15, 8
#7859 0 0000000000019204     8a32 r 0000000000000014 00000000fffff400  c.mv     x20, x12
#7860 0 0000000000019206     8aaa r 0000000000000015 000000000001e290  c.mv     x21, x10
#7861 0 0000000000019208     842e r 0000000000000008 000000000001e878  c.mv     x8, x11
#7862 0 000000000001920a     c325 r 0000000000000000 0000000000000000  c.beqz   x14, . + 0x60
#7863 0 000000000001920c     6d98 r 000000000000000e 0000000000020010  c.ld     x14, 0x18(x11)
#7864 0 000000000001920e     cf31 r 0000000000000000 0000000000000000  c.beqz   x14, . + 0x5c
#7865 0 0000000000019210 0027f713 r 000000000000000e 0000000000000000  andi     x14, x15, 2
#7866 0 0000000000019214 000a3903 r 0000000000000012 00000000fffff480  ld       x18, 0x0(x20)
#7867 0 0000000000019218     c735 r 0000000000000000 0000000000000000  c.beqz   x14, . + 0x6c
#7868 0 0000000000019284 0017f713 r 000000000000000e 0000000000000001  andi     x14, x15, 1
#7869 0 0000000000019288     eb35 r 0000000000000000 0000000000000000  c.bnez   x14, . + 0x74
#7870 0 00000000000192fc     4981 r 0000000000000013 0000000000000000  c.li     x19, 0x0
#7871 0 00000000000192fe     4501 r 000000000000000a 0000000000000000  c.li     x10, 0x0
#7872 0 0000000000019300     4c81 r 0000000000000019 0000000000000000  c.li     x25, 0x0
#7873 0 0000000000019302     4c01 r 0000000000000018 0000000000000000  c.li     x24, 0x0
#7874 0 0000000000019304 080c0b63 r 0000000000000000 0000000000000000  beq      x24, x0, . + 0x96
#7875 0 000000000001939a 00893c03 r 0000000000000018 0000000000000004  ld       x24, 0x8(x18)
#7876 0 000000000001939e 00093c83 r 0000000000000019 000000000001c460  ld       x25, 0x0(x18)
#7877 0 00000000000193a2     0941 r 0000000000000012 00000000fffff490  c.addi   x18, 0x10
#7878 0 00000000000193a4 fe0c0be3 r 0000000000000000 0000000000000000  beq      x24, x0, . - 0xa
#7879 0 00000000000193a8     8662 r 000000000000000c 0000000000000004  c.mv     x12, x24
#7880 0 00000000000193aa     45a9 r 000000000000000b 000000000000000a  c.li     x11, 0xa
#7881 0 00000000000193ac     8566 r 000000000000000a 000000000001c460  c.mv     x10, x25
#7882 0 00000000000193ae f7bfb0ef r 0000000000000001 00000000000193b2  jal      x1, . - 0x4086
#7883 0 0000000000015328 00757793 r 000000000000000f 0000000000000000  andi     x15, x10, 7
#7884 0 000000000001532c 0ff5f693 r 000000000000000d 000000000000000a  andi     x13, x11, 255
#7885 0 0000000000015330     c395 r 0000000000000000 0000000000000000  c.beqz   x15, . + 0x24
#7886 0 0000000000015354     87b2 r 000000000000000f 0000000000000004  c.mv     x15, x12
#7887 0 0000000000015356     471d r 000000000000000e 0000000000000007  c.li     x14, 0x7
#7888 0 0000000000015358 00f76f63 r 0000000000000000 0000000000000000  bltu     x14, x15, . + 0x1e
#7889 0 000000000001535c     e399 r 0000000000000000 0000000000000000  c.bnez   x15, . + 0x6
#7890 0 0000000000015362     97aa r 000000000000000f 000000000001c464  c.add    x15, x10
#7891 0 0000000000015364     a021 r 0000000000000000 0000000000000000  c.j      . + 0x8
#7892 0 000000000001536c 00054703 r 000000000000000e 0000000000000069  lbu      x14, 0x0(x10)
#7893 0 0000000000015370 fed71be3 r 0000000000000000 0000000000000000  bne      x14, x13, . - 0xa
#7894 0 0000000000015366     0505 r 000000000000000a 000000000001c461  c.addi   x10, 0x1
#7895 0 0000000000015368 fea78be3 r 0000000000000000 0000000000000000  beq      x15, x10, . - 0xa
#7896 0 000000000001536c 00054703 r 000000000000000e 0000000000000020  lbu      x14, 0x0(x10)
#7897 0 0000000000015370 fed71be3 r 0000000000000000 0000000000000000  bne      x14, x13, . - 0xa
#7898 0 0000000000015366     0505 r 000000000000000a 000000000001c462  c.addi   x10, 0x1
#7899 0 0000000000015368 fea78be3 r 0000000000000000 0000000000000000  beq      x15, x10, . - 0xa
#7900 0 000000000001536c 00054703 r 000000000000000e 000000000000003d  lbu      x14, 0x0(x10)
#7901 0 0000000000015370 fed71be3 r 0000000000000000 0000000000000000  bne      x14, x13, . - 0xa
#7902 0 0000000000015366     0505 r 000000000000000a 000000000001c463  c.addi   x10, 0x1
#7903 0 0000000000015368 fea78be3 r 0000000000000000 0000000000000000  beq      x15, x10, . - 0xa
#7904 0 000000000001536c 00054703 r 000000000000000e 0000000000000020  lbu      x14, 0x0(x10)
#7905 0 0000000000015370 fed71be3 r 0000000000000000 0000000000000000  bne      x14, x13, . - 0xa
#7906 0 0000000000015366     0505 r 000000000000000a 000000000001c464  c.addi   x10, 0x1
#7907 0 0000000000015368 fea78be3 r 0000000000000000 0000000000000000  beq      x15, x10, . - 0xa
#7908 0 000000000001535e     4501 r 000000000000000a 0000000000000000  c.li     x10, 0x0
#7909 0 0000000000015360     8082 r 0000000000000000 0000000000000000  c.jr     x1
#7910 0 00000000000193b2 12050f63 r 0000000000000000 0000000000000000  beq      x10, x0, . + 0x13e
#7911 0 00000000000194f0 001c099b r 0000000000000013 0000000000000005  addiw    x19, x24, 1
#7912 0 00000000000194f4     bd19 r 0000000000000000 0000000000000000  c.j      . - 0x1ea
#7913 0 000000000001930a     8bce r 0000000000000017 0000000000000005  c.mv     x23, x19
#7914 0 000000000001930c 013c7363 r 0000000000000000 0000000000000000  bgeu     x24, x19, . + 0x6
#7915 0 0000000000019310     8be2 r 0000000000000017 0000000000000004  c.mv     x23, x24
#7916 0 0000000000019312     6008 r 000000000000000a 0000000000020010  c.ld     x10, 0x0(x8)
#7917 0 0000000000019314     6c1c r 000000000000000f 0000000000020010  c.ld     x15, 0x18(x8)
#7918 0 0000000000019316     5014 r 000000000000000d 0000000000000400  c.lw     x13, 0x20(x8)
#7919 0 0000000000019318     84de r 0000000000000009 0000000000000004  c.mv     x9, x23
#7920 0 000000000001931a 00a7f763 r 0000000000000000 0000000000000000  bgeu     x15, x10, . + 0xe
#7921 0 0000000000019328 18dbc463 r 0000000000000000 0000000000000000  blt      x23, x13, . + 0x188
#7922 0 00000000000194b0     865e r 000000000000000c 0000000000000004  c.mv     x12, x23
#7923 0 00000000000194b2     85e6 r 000000000000000b 000000000001c460  c.mv     x11, x25
#7924 0 00000000000194b4 1ac000ef r 0000000000000001 00000000000194b8  jal      x1, . + 0x1ac
#7925 0 0000000000019660 02a5f263 r 0000000000000000 0000000000000000  bgeu     x11, x10, . + 0x24
#7926 0 0000000000019664 00c587b3 r 000000000000000f 000000000001c464  add      x15, x11, x12
#7927 0 0000000000019668 00f57e63 r 0000000000000000 0000000000000000  bgeu     x10, x15, . + 0x1c
#7928 0 0000000000019684     47fd r 000000000000000f 000000000000001f  c.li     x15, 0x1f
#7929 0 0000000000019686 02c7e163 r 0000000000000000 0000000000000000  bltu     x15, x12, . + 0x22
#7930 0 000000000001968a     87aa r 000000000000000f 0000000000020010  c.mv     x15, x10
#7931 0 000000000001968c fff60693 r 000000000000000d 0000000000000003  addi     x13, x12, -1
#7932 0 0000000000019690     c245 r 0000000000000000 0000000000000000  c.beqz   x12, . + 0xa0
#7933 0 0000000000019692     0685 r 000000000000000d 0000000000000004  c.addi   x13, 0x1
#7934 0 0000000000019694     96be r 000000000000000d 0000000000020014  c.add    x13, x15
#7935 0 0000000000019696 0005c703 r 000000000000000e 0000000000000069  lbu      x14, 0x0(x11)
#7936 0 000000000001969a     0785 r 000000000000000f 0000000000020011  c.addi   x15, 0x1
#7937 0 000000000001969c     0585 r 000000000000000b 000000000001c461  c.addi   x11, 0x1
#7938 0 000000000001969e fee78fa3 m 0000000000020010 0000000000000069  sb       x14, -0x1(x15)
#7939 0 00000000000196a2 fed79ae3 r 0000000000000000 0000000000000000  bne      x15, x13, . - 0xc
#7940 0 0000000000019696 0005c703 r 000000000000000e 0000000000000020  lbu      x14, 0x0(x11)
#7941 0 000000000001969a     0785 r 000000000000000f 0000000000020012  c.addi   x15, 0x1
#7942 0 000000000001969c     0585 r 000000000000000b 000000000001c462  c.addi   x11, 0x1
#7943 0 000000000001969e fee78fa3 m 0000000000020011 0000000000000020  sb       x14, -0x1(x15)
#7944 0 00000000000196a2 fed79ae3 r 0000000000000000 0000000000000000  bne      x15, x13, . - 0xc
#7945 0 0000000000019696 0005c703 r 000000000000000e 000000000000003d  lbu      x14, 0x0(x11)
#7946 0 000000000001969a     0785 r 000000000000000f 0000000000020013  c.addi   x15, 0x1
#7947 0 000000000001969c     0585 r 000000000000000b 000000000001c463  c.addi   x11, 0x1
#7948 0 000000000001969e fee78fa3 m 0000000000020012 000000000000003d  sb       x14, -0x1(x15)
#7949 0 00000000000196a2 fed79ae3 r 0000000000000000 0000000000000000  bne      x15, x13, . - 0xc
#7950 0 0000000000019696 0005c703 r 000000000000000e 0000000000000020  lbu      x14, 0x0(x11)
#7951 0 000000000001969a     0785 r 000000000000000f 0000000000020014  c.addi   x15, 0x1
#7952 0 000000000001969c     0585 r 000000000000000b 000000000001c464  c.addi   x11, 0x1
#7953 0 000000000001969e fee78fa3 m 0000000000020013 0000000000000020  sb       x14, -0x1(x15)
#7954 0 00000000000196a2 fed79ae3 r 0000000000000000 0000000000000000  bne      x15, x13, . - 0xc
#7955 0 00000000000196a6     8082 r 0000000000000000 0000000000000000  c.jr     x1
#7956 0 00000000000194b8     4454 r 000000000000000d 0000000000000000  c.lw     x13, 0xc(x8)
#7957 0 00000000000194ba     6018 r 000000000000000e 0000000000020010  c.ld     x14, 0x0(x8)
#7958 0 00000000000194bc 000b879b r 000000000000000f 0000000000000004  addiw    x15, x23, 0
#7959 0 00000000000194c0 417686bb r 000000000000000d fffffffffffffffc  subw     x13, x13, x23
#7960 0 00000000000194c4     975e r 000000000000000e 0000000000020014  c.add    x14, x23
#7961 0 00000000000194c6     c454 m 000000000001e884 00000000fffffffc  c.sw     x13, 0xc(x8)
#7962 0 00000000000194c8     e018 m 000000000001e878 0000000000020014  c.sd     x14, 0x0(x8)
#7963 0 00000000000194ca     bd9d r 0000000000000000 0000000000000000  c.j      . - 0x18a
#7964 0 0000000000019340 40f989bb r 0000000000000013 0000000000000001  subw     x19, x19, x15
#7965 0 0000000000019344     4505 r 000000000000000a 0000000000000001  c.li     x10, 0x1
#7966 0 0000000000019346 02098b63 r 0000000000000000 0000000000000000  beq      x19, x0, . + 0x36
#7967 0 000000000001934a 010a3783 r 000000000000000f 0000000000000005  ld       x15, 0x10(x20)
#7968 0 000000000001934e     9ca6 r 0000000000000019 000000000001c464  c.add    x25, x9
#7969 0 0000000000019350 409c0c33 r 0000000000000018 0000000000000000  sub      x24, x24, x9
#7970 0 0000000000019354 409784b3 r 0000000000000009 0000000000000001  sub      x9, x15, x9
#7971 0 0000000000019358 009a3823 m 00000000fffff410 0000000000000001  sd       x9, 0x10(x20)
#7972 0 000000000001935c     f4c5 r 0000000000000000 0000000000000000  c.bnez   x9, . - 0x58
#7973 0 0000000000019304 080c0b63 r 0000000000000000 0000000000000000  beq      x24, x0, . + 0x96
#7974 0 000000000001939a 00893c03 r 0000000000000018 0000000000000001  ld       x24, 0x8(x18)
#7975 0 000000000001939e 00093c83 r 0000000000000019 00000000fffff47b  ld       x25, 0x0(x18)
#7976 0 00000000000193a2     0941 r 0000000000000012 00000000fffff4a0  c.addi   x18, 0x10
#7977 0 00000000000193a4 fe0c0be3 r 0000000000000000 0000000000000000  beq      x24, x0, . - 0xa
#7978 0 00000000000193a8     8662 r 000000000000000c 0000000000000001  c.mv     x12, x24
#7979 0 00000000000193aa     45a9 r 000000000000000b 000000000000000a  c.li     x11, 0xa
#7980 0 00000000000193ac     8566 r 000000000000000a 00000000fffff47b  c.mv     x10, x25
#7981 0 00000000000193ae f7bfb0ef r 0000000000000001 00000000000193b2  jal      x1, . - 0x4086
#7982 0 0000000000015328 00757793 r 000000000000000f 0000000000000003  andi     x15, x10, 7
#7983 0 000000000001532c 0ff5f693 r 000000000000000d 000000000000000a  andi     x13, x11, 255
#7984 0 0000000000015330     c395 r 0000000000000000 0000000000000000  c.beqz   x15, . + 0x24
#7985 0 0000000000015332 fff60793 r 000000000000000f 0000000000000000  addi     x15, x12, -1
#7986 0 0000000000015336     c605 r 0000000000000000 0000000000000000  c.beqz   x12, . + 0x28
#7987 0 0000000000015338     567d r 000000000000000c ffffffffffffffff  c.li     x12, -0x1
#7988 0 000000000001533a     a801 r 0000000000000000 0000000000000000  c.j      . + 0x10
#7989 0 000000000001534a 00054703 r 000000000000000e 0000000000000038  lbu      x14, 0x0(x10)
#7990 0 000000000001534e fed717e3 r 0000000000000000 0000000000000000  bne      x14, x13, . - 0x12
#7991 0 000000000001533c     0505 r 000000000000000a 00000000fffff47c  c.addi   x10, 0x1
#7992 0 000000000001533e 00757713 r 000000000000000e 0000000000000004  andi     x14, x10, 7
#7993 0 0000000000015342     cb11 r 0000000000000000 0000000000000000  c.beqz   x14, . + 0x14
#7994 0 0000000000015344     17fd r 000000000000000f ffffffffffffffff  c.addi   x15, -0x1
#7995 0 0000000000015346 00c78c63 r 0000000000000000 0000000000000000  beq      x15, x12, . + 0x18
#7996 0 000000000001535e     4501 r 000000000000000a 0000000000000000  c.li     x10, 0x0
#7997 0 0000000000015360     8082 r 0000000000000000 0000000000000000  c.jr     x1
#7998 0 00000000000193b2 12050f63 r 0000000000000000 0000000000000000  beq      x10, x0, . + 0x13e
#7999 0 00000000000194f0 001c099b r 0000000000000013 0000000000000002  addiw    x19, x24, 1
#8000 0 00000000000194f4     bd19 r 0000000000000000 0000000000000000  c.j      . - 0x1ea
#8001 0 000000000001930a     8bce r 0000000000000017 0000000000000002  c.mv     x23, x19
#8002 0 000000000001930c 013c7363 r 0000000000000000 0000000000000000  bgeu     x24, x19, . + 0x6
#8003 0 0000000000019310     8be2 r 0000000000000017 0000000000000001  c.mv     x23, x24
#8004 0 0000000000019312     6008 r 000000000000000a 0000000000020014  c.ld     x10, 0x0(x8)
#8005 0 0000000000019314     6c1c r 000000000000000f 0000000000020010  c.ld     x15, 0x18(x8)
#8006 0 0000000000019316     5014 r 000000000000000d 0000000000000400  c.lw     x13, 0x20(x8)
#8007 0 0000000000019318     84de r 0000000000000009 0000000000000001  c.mv     x9, x23
#8008 0 000000000001931a 00a7f763 r 0000000000000000 0000000000000000  bgeu     x15, x10, . + 0xe
#8009 0 000000000001931e     445c r 000000000000000f fffffffffffffffc  c.lw     x15, 0xc(x8)
#8010 0 0000000000019320 00d78b3b r 0000000000000016 00000000000003fc  addw     x22, x15, x13
#8011 0 0000000000019324 097b4d63 r 0000000000000000 0000000000000000  blt      x22, x23, . + 0x9a
#8012 0 0000000000019328 18dbc463 r 0000000000000000 0000000000000000  blt      x23, x13, . + 0x188
#8013 0 00000000000194b0     865e r 000000000000000c 0000000000000001  c.mv     x12, x23
#8014 0 00000000000194b2     85e6 r 000000000000000b 00000000fffff47b  c.mv     x11, x25
#8015 0 00000000000194b4 1ac000ef r 0000000000000001 00000000000194b8  jal      x1, . + 0x1ac
#8016 0 0000000000019660 02a5f263 r 0000000000000000 0000000000000000  bgeu     x11, x10, . + 0x24
#8017 0 0000000000019684     47fd r 000000000000000f 000000000000001f  c.li     x15, 0x1f
#8018 0 0000000000019686 02c7e163 r 0000000000000000 0000000000000000  bltu     x15, x12, . + 0x22
#8019 0 000000000001968a     87aa r 000000000000000f 0000000000020014  c.mv     x15, x10
#8020 0 000000000001968c fff60693 r 000000000000000d 0000000000000000  addi     x13, x12, -1
#8021 0 0000000000019690     c245 r 0000000000000000 0000000000000000  c.beqz   x12, . + 0xa0
#8022 0 0000000000019692     0685 r 000000000000000d 0000000000000001  c.addi   x13, 0x1
#8023 0 0000000000019694     96be r 000000000000000d 0000000000020015  c.add    x13, x15
#8024 0 0000000000019696 0005c703 r 000000000000000e 0000000000000038  lbu      x14, 0x0(x11)
#8025 0 000000000001969a     0785 r 000000000000000f 0000000000020015  c.addi   x15, 0x1
#8026 0 000000000001969c     0585 r 000000000000000b 00000000fffff47c  c.addi   x11, 0x1
#8027 0 000000000001969e fee78fa3 m 0000000000020014 0000000000000038  sb       x14, -0x1(x15)
#8028 0 00000000000196a2 fed79ae3 r 0000000000000000 0000000000000000  bne      x15, x13, . - 0xc
#8029 0 00000000000196a6     8082 r 0000000000000000 0000000000000000  c.jr     x1
#8030 0 00000000000194b8     4454 r 000000000000000d fffffffffffffffc  c.lw     x13, 0xc(x8)
#8031 0 00000000000194ba     6018 r 000000000000000e 0000000000020014  c.ld     x14, 0x0(x8)
#8032 0 00000000000194bc 000b879b r 000000000000000f 0000000000000001  addiw    x15, x23, 0
#8033 0 00000000000194c0 417686bb r 000000000000000d fffffffffffffffb  subw     x13, x13, x23
#8034 0 00000000000194c4     975e r 000000000000000e 0000000000020015  c.add    x14, x23
#8035 0 00000000000194c6     c454 m 000000000001e884 00000000fffffffb  c.sw     x13, 0xc(x8)
#8036 0 00000000000194c8     e018 m 000000000001e878 0000000000020015  c.sd     x14, 0x0(x8)
#8037 0 00000000000194ca     bd9d r 0000000000000000 0000000000000000  c.j      . - 0x18a
#8038 0 0000000000019340 40f989bb r 0000000000000013 0000000000000001  subw     x19, x19, x15
#8039 0 0000000000019344     4505 r 000000000000000a 0000000000000001  c.li     x10, 0x1
#8040 0 0000000000019346 02098b63 r 0000000000000000 0000000000000000  beq      x19, x0, . + 0x36
#8041 0 000000000001934a 010a3783 r 000000000000000f 0000000000000001  ld       x15, 0x10(x20)
#8042 0 000000000001934e     9ca6 r 0000000000000019 00000000fffff47c  c.add    x25, x9
#8043 0 0000000000019350 409c0c33 r 0000000000000018 0000000000000000  sub      x24, x24, x9
#8044 0 0000000000019354 409784b3 r 0000000000000009 0000000000000000  sub      x9, x15, x9
#8045 0 0000000000019358 009a3823 m 00000000fffff410 0000000000000000  sd       x9, 0x10(x20)
#8046 0 000000000001935c     f4c5 r 0000000000000000 0000000000000000  c.bnez   x9, . - 0x58
#8047 0 000000000001935e     4501 r 000000000000000a 0000000000000000  c.li     x10, 0x0
#8048 0 0000000000019360     60e6 r 0000000000000001 000000000001809a  c.ldsp   x1, 0x58
#8049 0 0000000000019362     6446 r 0000000000000008 000000000001c466  c.ldsp   x8, 0x50
#8050 0 0000000000019364     64a6 r 0000000000000009 0000000000000000  c.ldsp   x9, 0x48
#8051 0 0000000000019366     6906 r 0000000000000012 000000000001e878  c.ldsp   x18, 0x40
#8052 0 0000000000019368     79e2 r 0000000000000013 0000000000000001  c.ldsp   x19, 0x38
#8053 0 000000000001936a     7a42 r 0000000000000014 000000000001e290  c.ldsp   x20, 0x30
#8054 0 000000000001936c     7aa2 r 0000000000000015 00000000fffff400  c.ldsp   x21, 0x28
#8055 0 000000000001936e     7b02 r 0000000000000016 00000000fffff480  c.ldsp   x22, 0x20
#8056 0 0000000000019370     6be2 r 0000000000000017 0000000000000001  c.ldsp   x23, 0x18
#8057 0 0000000000019372     6c42 r 0000000000000018 fffffffffffffffe  c.ldsp   x24, 0x10
#8058 0 0000000000019374     6ca2 r 0000000000000019 00000000fffff47b  c.ldsp   x25, 0x8
#8059 0 0000000000019376     6d02 r 000000000000001a 0000000000000064  c.ldsp   x26, 0x0
#8060 0 0000000000019378     6125 r 0000000000000002 00000000fffff2a0  c.addi16sp 0x6
#8061 0 000000000001937a     8082 r 0000000000000000 0000000000000000  c.jr     x1
#8062 0 000000000001809a     b7e1 r 0000000000000000 0000000000000000  c.j      . - 0x38
#8063 0 0000000000018062     60a6 r 0000000000000001 0000000000010f14  c.ldsp   x1, 0x48
#8064 0 0000000000018064     6406 r 0000000000000008 000000000001c466  c.ldsp   x8, 0x40
#8065 0 0000000000018066 000ab823 m 00000000fffff410 0000000000000000  sd       x0, 0x10(x21)
#8066 0 000000000001806a 000aa423 m 00000000fffff408 0000000000000000  sw       x0, 0x8(x21)
#8067 0 000000000001806e     74e2 r 0000000000000009 0000000000000000  c.ldsp   x9, 0x38
#8068 0 0000000000018070     7942 r 0000000000000012 000000000001e878  c.ldsp   x18, 0x30
#8069 0 0000000000018072     79a2 r 0000000000000013 0000000000000001  c.ldsp   x19, 0x28
#8070 0 0000000000018074     7a02 r 0000000000000014 000000000001e290  c.ldsp   x20, 0x20
#8071 0 0000000000018076     6ae2 r 0000000000000015 0000000000000000  c.ldsp   x21, 0x18
#8072 0 0000000000018078     6b42 r 0000000000000016 00000000fffff480  c.ldsp   x22, 0x10
#8073 0 000000000001807a     6ba2 r 0000000000000017 0000000000000001  c.ldsp   x23, 0x8
#8074 0 000000000001807c     6161 r 0000000000000002 00000000fffff2f0  c.addi16sp 0x5
#8075 0 000000000001807e     8082 r 0000000000000000 0000000000000000  c.jr     x1
#8076 0 0000000000010f14 ec050263 r 0000000000000000 0000000000000000  beq      x10, x0, . - 0x93c
#8077 0 00000000000105d8     67e2 r 000000000000000f 0000000000000000  c.ldsp   x15, 0x18
#8078 0 00000000000105da 10012c23 m 00000000fffff408 0000000000000000  sw       x0, 0x118(x2)
#8079 0 00000000000105de     c789 r 0000000000000000 0000000000000000  c.beqz   x15, . + 0xa
#8080 0 00000000000105e8     835a r 0000000000000006 00000000fffff480  c.mv     x6, x22
#8081 0 00000000000105ea     8ca2 r 0000000000000019 000000000001c466  c.mv     x25, x8
#8082 0 00000000000105ec 000cc783 r 000000000000000f 000000000000000a  lbu      x15, 0x0(x25)
#8083 0 00000000000105f0 e2079fe3 r 0000000000000000 0000000000000000  bne      x15, x0, . - 0x1c2
#8084 0 000000000001042e     8466 r 0000000000000008 000000000001c466  c.mv     x8, x25
#8085 0 0000000000010430 02500713 r 000000000000000e 0000000000000025  addi     x14, x0, 37
#8086 0 0000000000010434 30e78363 r 0000000000000000 0000000000000000  beq      x15, x14, . + 0x306
#8087 0 0000000000010438 00144783 r 000000000000000f 0000000000000000  lbu      x15, 0x1(x8)
#8088 0 000000000001043c     0405 r 0000000000000008 000000000001c467  c.addi   x8, 0x1
#8089 0 000000000001043e     fbfd r 0000000000000000 0000000000000000  c.bnez   x15, . - 0xa
#8090 0 0000000000010440 419404bb r 0000000000000009 0000000000000001  subw     x9, x8, x25
#8091 0 0000000000010444 1a048863 r 0000000000000000 0000000000000000  beq      x9, x0, . + 0x1b0
#8092 0 0000000000010448     7712 r 000000000000000e 0000000000000000  c.ldsp   x14, 0x120
#8093 0 000000000001044a 11812783 r 000000000000000f 0000000000000000  lw       x15, 0x118(x2)
#8094 0 000000000001044e 01933023 m 00000000fffff480 000000000001c466  sd       x25, 0x0(x6)
#8095 0 0000000000010452     9726 r 000000000000000e 0000000000000001  c.add    x14, x9
#8096 0 0000000000010454     2785 r 000000000000000f 0000000000000001  c.addiw  x15, 0x1
#8097 0 0000000000010456 00933423 m 00000000fffff488 0000000000000001  sd       x9, 0x8(x6)
#8098 0 000000000001045a     f23a m 00000000fffff410 0000000000000001  c.sdsp   x14, 0x120
#8099 0 000000000001045c 10f12c23 m 00000000fffff408 0000000000000001  sw       x15, 0x118(x2)
#8100 0 0000000000010460 0007871b r 000000000000000e 0000000000000001  addiw    x14, x15, 0
#8101 0 0000000000010464     479d r 000000000000000f 0000000000000007  c.li     x15, 0x7
#8102 0 0000000000010466     0341 r 0000000000000006 00000000fffff490  c.addi   x6, 0x10
#8103 0 0000000000010468 2ee7c063 r 0000000000000000 0000000000000000  blt      x15, x14, . + 0x2e0
#8104 0 000000000001046c     6722 r 000000000000000e 0000000000000005  c.ldsp   x14, 0x8
#8105 0 000000000001046e 00044783 r 000000000000000f 0000000000000000  lbu      x15, 0x0(x8)
#8106 0 0000000000010472     9f25 r 000000000000000e 0000000000000006  c.addw   x14, x9
#8107 0 0000000000010474     e43a m 00000000fffff2f8 0000000000000006  c.sdsp   x14, 0x8
#8108 0 0000000000010476 16078f63 r 0000000000000000 0000000000000000  beq      x15, x0, . + 0x17e
#8109 0 00000000000105f4     7792 r 000000000000000f 0000000000000001  c.ldsp   x15, 0x120
#8110 0 00000000000105f6     c399 r 0000000000000000 0000000000000000  c.beqz   x15, . + 0x6
#8111 0 00000000000105f8 2620106f r 0000000000000000 0000000000000000  j        . + 0x1262
#8112 0 000000000001185a     0a10 r 000000000000000c 00000000fffff400  c.addi4spn  x12, 0x44
#8113 0 000000000001185c     85ca r 000000000000000b 000000000001e878  c.mv     x11, x18
#8114 0 000000000001185e     8552 r 000000000000000a 000000000001e290  c.mv     x10, x20
#8115 0 0000000000011860 03d060ef r 0000000000000001 0000000000011864  jal      x1, . + 0x683c
#8116 0 000000000001809c     6a18 r 000000000000000e 0000000000000001  c.ld     x14, 0x10(x12)
#8117 0 000000000001809e     c311 r 0000000000000000 0000000000000000  c.beqz   x14, . + 0x4
#8118 0 00000000000180a0     bfa1 r 0000000000000000 0000000000000000  c.j      . - 0xa8
#8119 0 0000000000017ff8 0ac5a783 r 000000000000000f 0000000000000000  lw       x15, 0xac(x11)
#8120 0 0000000000017ffc     715d r 0000000000000002 00000000fffff2a0  c.addi16sp -0x5
#8121 0 0000000000017ffe     6709 r 000000000000000e 0000000000002000  c.lui    x14, 0x2
#8122 0 0000000000018000     ec56 m 00000000fffff2b8 0000000000000000  c.sdsp   x21, 0x18
#8123 0 0000000000018002     e486 m 00000000fffff2e8 0000000000011864  c.sdsp   x1, 0x48
#8124 0 0000000000018004     e0a2 m 00000000fffff2e0 000000000001c467  c.sdsp   x8, 0x40
#8125 0 0000000000018006     fc26 m 00000000fffff2d8 0000000000000001  c.sdsp   x9, 0x38
#8126 0 0000000000018008     f84a m 00000000fffff2d0 000000000001e878  c.sdsp   x18, 0x30
#8127 0 000000000001800a     f44e m 00000000fffff2c8 0000000000000001  c.sdsp   x19, 0x28
#8128 0 000000000001800c     f052 m 00000000fffff2c0 000000000001e290  c.sdsp   x20, 0x20
#8129 0 000000000001800e     e85a m 00000000fffff2b0 00000000fffff480  c.sdsp   x22, 0x10
#8130 0 0000000000018010     e45e m 00000000fffff2a8 0000000000000001  c.sdsp   x23, 0x8
#8131 0 0000000000018012     8ff9 r 000000000000000f 0000000000000000  c.and    x15, x14
#8132 0 0000000000018014     8ab2 r 0000000000000015 00000000fffff400  c.mv     x21, x12
#8133 0 0000000000018016     c3c1 r 0000000000000000 0000000000000000  c.beqz   x15, . + 0x80
#8134 0 0000000000018096 146010ef r 0000000000000001 000000000001809a  jal      x1, . + 0x1146
#8135 0 00000000000191dc     6a1c r 000000000000000f 0000000000000001  c.ld     x15, 0x10(x12)
#8136 0 00000000000191de 1a078c63 r 0000000000000000 0000000000000000  beq      x15, x0, . + 0x1b8
#8137 0 00000000000191e2 0105d783 r 000000000000000f 0000000000002889  lhu      x15, 0x10(x11)
#8138 0 00000000000191e6     711d r 0000000000000002 00000000fffff240  c.addi16sp -0x6
#8139 0 00000000000191e8     e8a2 m 00000000fffff290 000000000001c467  c.sdsp   x8, 0x50
#8140 0 00000000000191ea     f852 m 00000000fffff270 000000000001e290  c.sdsp   x20, 0x30
#8141 0 00000000000191ec     f456 m 00000000fffff268 00000000fffff400  c.sdsp   x21, 0x28
#8142 0 00000000000191ee     ec86 m 00000000fffff298 000000000001809a  c.sdsp   x1, 0x58
#8143 0 00000000000191f0     e4a6 m 00000000fffff288 0000000000000001  c.sdsp   x9, 0x48
#8144 0 00000000000191f2     e0ca m 00000000fffff280 000000000001e878  c.sdsp   x18, 0x40
#8145 0 00000000000191f4     fc4e m 00000000fffff278 0000000000000001  c.sdsp   x19, 0x38
#8146 0 00000000000191f6     f05a m 00000000fffff260 00000000fffff480  c.sdsp   x22, 0x20
#8147 0 00000000000191f8     ec5e m 00000000fffff258 0000000000000001  c.sdsp   x23, 0x18
#8148 0 00000000000191fa     e862 m 00000000fffff250 fffffffffffffffe  c.sdsp   x24, 0x10
#8149 0 00000000000191fc     e466 m 00000000fffff248 000000000001c466  c.sdsp   x25, 0x8
#8150 0 00000000000191fe     e06a m 00000000fffff240 0000000000000064  c.sdsp   x26, 0x0
#8151 0 0000000000019200 0087f713 r 000000000000000e 0000000000000008  andi     x14, x15, 8
#8152 0 0000000000019204     8a32 r 0000000000000014 00000000fffff400  c.mv     x20, x12
#8153 0 0000000000019206     8aaa r 0000000000000015 000000000001e290  c.mv     x21, x10
#8154 0 0000000000019208     842e r 0000000000000008 000000000001e878  c.mv     x8, x11
#8155 0 000000000001920a     c325 r 0000000000000000 0000000000000000  c.beqz   x14, . + 0x60
#8156 0 000000000001920c     6d98 r 000000000000000e 0000000000020010  c.ld     x14, 0x18(x11)
#8157 0 000000000001920e     cf31 r 0000000000000000 0000000000000000  c.beqz   x14, . + 0x5c
#8158 0 0000000000019210 0027f713 r 000000000000000e 0000000000000000  andi     x14, x15, 2
#8159 0 0000000000019214 000a3903 r 0000000000000012 00000000fffff480  ld       x18, 0x0(x20)
#8160 0 0000000000019218     c735 r 0000000000000000 0000000000000000  c.beqz   x14, . + 0x6c
#8161 0 0000000000019284 0017f713 r 000000000000000e 0000000000000001  andi     x14, x15, 1
#8162 0 0000000000019288     eb35 r 0000000000000000 0000000000000000  c.bnez   x14, . + 0x74
#8163 0 00000000000192fc     4981 r 0000000000000013 0000000000000000  c.li     x19, 0x0
#8164 0 00000000000192fe     4501 r 000000000000000a 0000000000000000  c.li     x10, 0x0
#8165 0 0000000000019300     4c81 r 0000000000000019 0000000000000000  c.li     x25, 0x0
#8166 0 0000000000019302     4c01 r 0000000000000018 0000000000000000  c.li     x24, 0x0
#8167 0 0000000000019304 080c0b63 r 0000000000000000 0000000000000000  beq      x24, x0, . + 0x96
#8168 0 000000000001939a 00893c03 r 0000000000000018 0000000000000001  ld       x24, 0x8(x18)
#8169 0 000000000001939e 00093c83 r 0000000000000019 000000000001c466  ld       x25, 0x0(x18)
#8170 0 00000000000193a2     0941 r 0000000000000012 00000000fffff490  c.addi   x18, 0x10
#8171 0 00000000000193a4 fe0c0be3 r 0000000000000000 0000000000000000  beq      x24, x0, . - 0xa
#8172 0 00000000000193a8     8662 r 000000000000000c 0000000000000001  c.mv     x12, x24
#8173 0 00000000000193aa     45a9 r 000000000000000b 000000000000000a  c.li     x11, 0xa
#8174 0 00000000000193ac     8566 r 000000000000000a 000000000001c466  c.mv     x10, x25
#8175 0 00000000000193ae f7bfb0ef r 0000000000000001 00000000000193b2  jal      x1, . - 0x4086
#8176 0 0000000000015328 00757793 r 000000000000000f 0000000000000006  andi     x15, x10, 7
#8177 0 000000000001532c 0ff5f693 r 000000000000000d 000000000000000a  andi     x13, x11, 255
#8178 0 0000000000015330     c395 r 0000000000000000 0000000000000000  c.beqz   x15, . + 0x24
#8179 0 0000000000015332 fff60793 r 000000000000000f 0000000000000000  addi     x15, x12, -1
#8180 0 0000000000015336     c605 r 0000000000000000 0000000000000000  c.beqz   x12, . + 0x28
#8181 0 0000000000015338     567d r 000000000000000c ffffffffffffffff  c.li     x12, -0x1
#8182 0 000000000001533a     a801 r 0000000000000000 0000000000000000  c.j      . + 0x10
#8183 0 000000000001534a 00054703 r 000000000000000e 000000000000000a  lbu      x14, 0x0(x10)
#8184 0 000000000001534e fed717e3 r 0000000000000000 0000000000000000  bne      x14, x13, . - 0x12
#8185 0 0000000000015352     8082 r 0000000000000000 0000000000000000  c.jr     x1
#8186 0 00000000000193b2 12050f63 r 0000000000000000 0000000000000000  beq      x10, x0, . + 0x13e
#8187 0 00000000000193b6     0505 r 000000000000000a 000000000001c467  c.addi   x10, 0x1
#8188 0 00000000000193b8 419509bb r 0000000000000013 0000000000000001  subw     x19, x10, x25
#8189 0 00000000000193bc     b7b9 r 0000000000000000 0000000000000000  c.j      . - 0xb2
#8190 0 000000000001930a     8bce r 0000000000000017 0000000000000001  c.mv     x23, x19
#8191 0 000000000001930c 013c7363 r 0000000000000000 0000000000000000  bgeu     x24, x19, . + 0x6
#8192 0 0000000000019312     6008 r 000000000000000a 0000000000020015  c.ld     x10, 0x0(x8)
#8193 0 0000000000019314     6c1c r 000000000000000f 0000000000020010  c.ld     x15, 0x18(x8)
#8194 0 0000000000019316     5014 r 000000000000000d 0000000000000400  c.lw     x13, 0x20(x8)
#8195 0 0000000000019318     84de r 0000000000000009 0000000000000001  c.mv     x9, x23
#8196 0 000000000001931a 00a7f763 r 0000000000000000 0000000000000000  bgeu     x15, x10, . + 0xe
#8197 0 000000000001931e     445c r 000000000000000f fffffffffffffffb  c.lw     x15, 0xc(x8)
#8198 0 0000000000019320 00d78b3b r 0000000000000016 00000000000003fb  addw     x22, x15, x13
#8199 0 0000000000019324 097b4d63 r 0000000000000000 0000000000000000  blt      x22, x23, . + 0x9a
#8200 0 0000000000019328 18dbc463 r 0000000000000000 0000000000000000  blt      x23, x13, . + 0x188
#8201 0 00000000000194b0     865e r 000000000000000c 0000000000000001  c.mv     x12, x23
#8202 0 00000000000194b2     85e6 r 000000000000000b 000000000001c466  c.mv     x11, x25
#8203 0 00000000000194b4 1ac000ef r 0000000000000001 00000000000194b8  jal      x1, . + 0x1ac
#8204 0 0000000000019660 02a5f263 r 0000000000000000 0000000000000000  bgeu     x11, x10, . + 0x24
#8205 0 0000000000019664 00c587b3 r 000000000000000f 000000000001c467  add      x15, x11, x12
#8206 0 0000000000019668 00f57e63 r 0000000000000000 0000000000000000  bgeu     x10, x15, . + 0x1c
#8207 0 0000000000019684     47fd r 000000000000000f 000000000000001f  c.li     x15, 0x1f
#8208 0 0000000000019686 02c7e163 r 0000000000000000 0000000000000000  bltu     x15, x12, . + 0x22
#8209 0 000000000001968a     87aa r 000000000000000f 0000000000020015  c.mv     x15, x10
#8210 0 000000000001968c fff60693 r 000000000000000d 0000000000000000  addi     x13, x12, -1
#8211 0 0000000000019690     c245 r 0000000000000000 0000000000000000  c.beqz   x12, . + 0xa0
#8212 0 0000000000019692     0685 r 000000000000000d 0000000000000001  c.addi   x13, 0x1
#8213 0 0000000000019694     96be r 000000000000000d 0000000000020016  c.add    x13, x15
#8214 0 0000000000019696 0005c703 r 000000000000000e 000000000000000a  lbu      x14, 0x0(x11)
#8215 0 000000000001969a     0785 r 000000000000000f 0000000000020016  c.addi   x15, 0x1
#8216 0 000000000001969c     0585 r 000000000000000b 000000000001c467  c.addi   x11, 0x1
#8217 0 000000000001969e fee78fa3 m 0000000000020015 000000000000000a  sb       x14, -0x1(x15)
#8218 0 00000000000196a2 fed79ae3 r 0000000000000000 0000000000000000  bne      x15, x13, . - 0xc
#8219 0 00000000000196a6     8082 r 0000000000000000 0000000000000000  c.jr     x1
#8220 0 00000000000194b8     4454 r 000000000000000d fffffffffffffffb  c.lw     x13, 0xc(x8)
#8221 0 00000000000194ba     6018 r 000000000000000e 0000000000020015  c.ld     x14, 0x0(x8)
#8222 0 00000000000194bc 000b879b r 000000000000000f 0000000000000001  addiw    x15, x23, 0
#8223 0 00000000000194c0 417686bb r 000000000000000d fffffffffffffffa  subw     x13, x13, x23
#8224 0 00000000000194c4     975e r 000000000000000e 0000000000020016  c.add    x14, x23
#8225 0 00000000000194c6     c454 m 000000000001e884 00000000fffffffa  c.sw     x13, 0xc(x8)
#8226 0 00000000000194c8     e018 m 000000000001e878 0000000000020016  c.sd     x14, 0x0(x8)
#8227 0 00000000000194ca     bd9d r 0000000000000000 0000000000000000  c.j      . - 0x18a
#8228 0 0000000000019340 40f989bb r 0000000000000013 0000000000000000  subw     x19, x19, x15
#8229 0 0000000000019344     4505 r 000000000000000a 0000000000000001  c.li     x10, 0x1
#8230 0 0000000000019346 02098b63 r 0000000000000000 0000000000000000  beq      x19, x0, . + 0x36
#8231 0 000000000001937c     85a2 r 000000000000000b 000000000001e878  c.mv     x11, x8
#8232 0 000000000001937e     8556 r 000000000000000a 000000000001e290  c.mv     x10, x21
#8233 0 0000000000019380 f0ff80ef r 0000000000000001 0000000000019384  jal      x1, . - 0x70f2
#8234 0 000000000001228e     1101 r 0000000000000002 00000000fffff220  c.addi   x2, -0x20
#8235 0 0000000000012290     e822 m 00000000fffff230 000000000001e878  c.sdsp   x8, 0x10
#8236 0 0000000000012292     ec06 m 00000000fffff238 0000000000019384  c.sdsp   x1, 0x18
#8237 0 0000000000012294     842a r 0000000000000008 000000000001e290  c.mv     x8, x10
#8238 0 0000000000012296     c119 r 0000000000000000 0000000000000000  c.beqz   x10, . + 0x6
#8239 0 0000000000012298     493c r 000000000000000f 0000000000000001  c.lw     x15, 0x50(x10)
#8240 0 000000000001229a     cb89 r 0000000000000000 0000000000000000  c.beqz   x15, . + 0x12
#8241 0 000000000001229c 01059783 r 000000000000000f 0000000000002889  lh       x15, 0x10(x11)
#8242 0 00000000000122a0     ef89 r 0000000000000000 0000000000000000  c.bnez   x15, . + 0x1a
#8243 0 00000000000122ba     8522 r 000000000000000a 000000000001e290  c.mv     x10, x8
#8244 0 00000000000122bc     6442 r 0000000000000008 000000000001e878  c.ldsp   x8, 0x10
#8245 0 00000000000122be     60e2 r 0000000000000001 0000000000019384  c.ldsp   x1, 0x18
#8246 0 00000000000122c0     6105 r 0000000000000002 00000000fffff240  c.addi16sp 0x2
#8247 0 00000000000122c2     bd2d r 0000000000000000 0000000000000000  c.j      . - 0x1c6
#8248 0 00000000000120fc 01059783 r 000000000000000f 0000000000002889  lh       x15, 0x10(x11)
#8249 0 0000000000012100     7179 r 0000000000000002 00000000fffff210  c.addi16sp -0x3
#8250 0 0000000000012102     f022 m 00000000fffff230 000000000001e878  c.sdsp   x8, 0x20
#8251 0 0000000000012104     e44e m 00000000fffff218 0000000000000000  c.sdsp   x19, 0x8
#8252 0 0000000000012106     f406 m 00000000fffff238 0000000000019384  c.sdsp   x1, 0x28
#8253 0 0000000000012108     ec26 m 00000000fffff228 0000000000000001  c.sdsp   x9, 0x18
#8254 0 000000000001210a     e84a m 00000000fffff220 00000000fffff490  c.sdsp   x18, 0x10
#8255 0 000000000001210c 0087f693 r 000000000000000d 0000000000000008  andi     x13, x15, 8
#8256 0 0000000000012110     842e r 0000000000000008 000000000001e878  c.mv     x8, x11
#8257 0 0000000000012112     89aa r 0000000000000013 000000000001e290  c.mv     x19, x10
#8258 0 0000000000012114     ead5 r 0000000000000000 0000000000000000  c.bnez   x13, . + 0xb4
#8259 0 00000000000121c8 0185b903 r 0000000000000012 0000000000020010  ld       x18, 0x18(x11)
#8260 0 00000000000121cc fe0906e3 r 0000000000000000 0000000000000000  beq      x18, x0, . - 0x14
#8261 0 00000000000121d0     6184 r 0000000000000009 0000000000020016  c.ld     x9, 0x0(x11)
#8262 0 00000000000121d2 03079713 r 000000000000000e 2889000000000000  slli     x14, x15, 48
#8263 0 00000000000121d6     9341 r 000000000000000e 0000000000002889  c.srli   x14, 0x30
#8264 0 00000000000121d8     8b0d r 000000000000000e 0000000000000001  c.andi   x14, 0x3
#8265 0 00000000000121da 0125b023 m 000000000001e878 0000000000020010  sd       x18, 0x0(x11)
#8266 0 00000000000121de 412484bb r 0000000000000009 0000000000000006  subw     x9, x9, x18
#8267 0 00000000000121e2     4781 r 000000000000000f 0000000000000000  c.li     x15, 0x0
#8268 0 00000000000121e4     e311 r 0000000000000000 0000000000000000  c.bnez   x14, . + 0x4
#8269 0 00000000000121e8     c45c m 000000000001e884 0000000000000000  c.sw     x15, 0xc(x8)
#8270 0 00000000000121ea 00904663 r 0000000000000000 0000000000000000  blt      x0, x9, . + 0xc
#8271 0 00000000000121f6     603c r 000000000000000f 00000000000161c4  c.ld     x15, 0x40(x8)
#8272 0 00000000000121f8     780c r 000000000000000b 000000000001e878  c.ld     x11, 0x30(x8)
#8273 0 00000000000121fa     86a6 r 000000000000000d 0000000000000006  c.mv     x13, x9
#8274 0 00000000000121fc     864a r 000000000000000c 0000000000020010  c.mv     x12, x18
#8275 0 00000000000121fe     854e r 000000000000000a 000000000001e290  c.mv     x10, x19
#8276 0 0000000000012200     9782 r 0000000000000001 0000000000012202  c.jalr   x15
#8277 0 00000000000161c4 01059783 r 000000000000000f 0000000000002889  lh       x15, 0x10(x11)
#8278 0 00000000000161c8     7179 r 0000000000000002 00000000fffff1e0  c.addi16sp -0x3
#8279 0 00000000000161ca     f022 m 00000000fffff200 000000000001e878  c.sdsp   x8, 0x20
#8280 0 00000000000161cc     ec26 m 00000000fffff1f8 0000000000000006  c.sdsp   x9, 0x18
#8281 0 00000000000161ce     e84a m 00000000fffff1f0 0000000000020010  c.sdsp   x18, 0x10
#8282 0 00000000000161d0     e44e m 00000000fffff1e8 000000000001e290  c.sdsp   x19, 0x8
#8283 0 00000000000161d2     f406 m 00000000fffff208 0000000000012202  c.sdsp   x1, 0x28
#8284 0 00000000000161d4 1007f713 r 000000000000000e 0000000000000000  andi     x14, x15, 256
#8285 0 00000000000161d8     842e r 0000000000000008 000000000001e878  c.mv     x8, x11
#8286 0 00000000000161da     84aa r 0000000000000009 000000000001e290  c.mv     x9, x10
#8287 0 00000000000161dc 01259583 r 000000000000000b 0000000000000001  lh       x11, 0x12(x11)
#8288 0 00000000000161e0     8932 r 0000000000000012 0000000000020010  c.mv     x18, x12
#8289 0 00000000000161e2     89b6 r 0000000000000013 0000000000000006  c.mv     x19, x13
#8290 0 00000000000161e4     e30d r 0000000000000000 0000000000000000  c.bnez   x14, . + 0x22
#8291 0 00000000000161e6     777d r 000000000000000e fffffffffffff000  c.lui    x14, 0xfffff
#8292 0 00000000000161e8     177d r 000000000000000e ffffffffffffefff  c.addi   x14, -0x1
#8293 0 00000000000161ea     8ff9 r 000000000000000f 0000000000002889  c.and    x15, x14
#8294 0 00000000000161ec 00f41823 m 000000000001e888 0000000000002889  sh       x15, 0x10(x8)
#8295 0 00000000000161f0     7402 r 0000000000000008 000000000001e878  c.ldsp   x8, 0x20
#8296 0 00000000000161f2     70a2 r 0000000000000001 0000000000012202  c.ldsp   x1, 0x28
#8297 0 00000000000161f4     86ce r 000000000000000d 0000000000000006  c.mv     x13, x19
#8298 0 00000000000161f6     864a r 000000000000000c 0000000000020010  c.mv     x12, x18
#8299 0 00000000000161f8     69a2 r 0000000000000013 000000000001e290  c.ldsp   x19, 0x8
#8300 0 00000000000161fa     6942 r 0000000000000012 0000000000020010  c.ldsp   x18, 0x10
#8301 0 00000000000161fc     8526 r 000000000000000a 000000000001e290  c.mv     x10, x9
#8302 0 00000000000161fe     64e2 r 0000000000000009 0000000000000006  c.ldsp   x9, 0x18
#8303 0 0000000000016200     6145 r 0000000000000002 00000000fffff210  c.addi16sp 0x3
#8304 0 0000000000016202 3a70206f r 0000000000000000 0000000000000000  j        . + 0x2ba6
#8305 0 0000000000018da8     1101 r 0000000000000002 00000000fffff1f0  c.addi   x2, -0x20
#8306 0 0000000000018daa     872e r 000000000000000e 0000000000000001  c.mv     x14, x11
#8307 0 0000000000018dac     e822 m 00000000fffff200 000000000001e878  c.sdsp   x8, 0x10
#8308 0 0000000000018dae     e426 m 00000000fffff1f8 0000000000000006  c.sdsp   x9, 0x8
#8309 0 0000000000018db0     85b2 r 000000000000000b 0000000000020010  c.mv     x11, x12
#8310 0 0000000000018db2     842a r 0000000000000008 000000000001e290  c.mv     x8, x10
#8311 0 0000000000018db4     8636 r 000000000000000c 0000000000000006  c.mv     x12, x13
#8312 0 0000000000018db6     853a r 000000000000000a 0000000000000001  c.mv     x10, x14
#8313 0 0000000000018db8     ec06 m 00000000fffff208 0000000000012202  c.sdsp   x1, 0x18
#8314 0 0000000000018dba 7801a823 m 000000000001f408 0000000000000000  sw       x0, 0x790(x3)
#8315 0 0000000000018dbe 208020ef r 0000000000000001 0000000000018dc2  jal      x1, . + 0x2208
#8316 0 000000000001afc6     1141 r 0000000000000002 00000000fffff1e0  c.addi   x2, -0x10
#8317 0 000000000001afc8     e406 m 00000000fffff1e8 0000000000018dc2  c.sdsp   x1, 0x8
#8318 0 000000000001afca     e022 m 00000000fffff1e0 000000000001e290  c.sdsp   x8, 0x0
#8319 0 000000000001afcc 04000893 r 0000000000000011 0000000000000040  addi     x17, x0, 64
#8320 0 000000000001afd0 00000073 r 000000000000000a 0000000000000006  ecall    
#8321 0 000000000001afd4     842a r 0000000000000008 0000000000000006  c.mv     x8, x10
#8322 0 000000000001afd6 00054763 r 0000000000000000 0000000000000000  blt      x10, x0, . + 0xe
#8323 0 000000000001afda     60a2 r 0000000000000001 0000000000018dc2  c.ldsp   x1, 0x8
#8324 0 000000000001afdc     8522 r 000000000000000a 0000000000000006  c.mv     x10, x8
#8325 0 000000000001afde     6402 r 0000000000000008 000000000001e290  c.ldsp   x8, 0x0
#8326 0 000000000001afe0     0141 r 0000000000000002 00000000fffff1f0  c.addi   x2, 0x10
#8327 0 000000000001afe2     8082 r 0000000000000000 0000000000000000  c.jr     x1
#8328 0 0000000000018dc2     57fd r 000000000000000f ffffffffffffffff  c.li     x15, -0x1
#8329 0 0000000000018dc4 00f50763 r 0000000000000000 0000000000000000  beq      x10, x15, . + 0xe
#8330 0 0000000000018dc8     60e2 r 0000000000000001 0000000000012202  c.ldsp   x1, 0x18
#8331 0 0000000000018dca     6442 r 0000000000000008 000000000001e878  c.ldsp   x8, 0x10
#8332 0 0000000000018dcc     64a2 r 0000000000000009 0000000000000006  c.ldsp   x9, 0x8
#8333 0 0000000000018dce     6105 r 0000000000000002 00000000fffff210  c.addi16sp 0x2
#8334 0 0000000000018dd0     8082 r 0000000000000000 0000000000000000  c.jr     x1
#8335 0 0000000000012202     9c89 r 0000000000000009 0000000000000000  c.subw   x9, x10
#8336 0 0000000000012204 fea046e3 r 0000000000000000 0000000000000000  blt      x0, x10, . - 0x14
#8337 0 00000000000121f0     992a r 0000000000000012 0000000000020016  c.add    x18, x10
#8338 0 00000000000121f2 fc9053e3 r 0000000000000000 0000000000000000  bge      x0, x9, . - 0x3a
#8339 0 00000000000121b8     4501 r 000000000000000a 0000000000000000  c.li     x10, 0x0
#8340 0 00000000000121ba     70a2 r 0000000000000001 0000000000019384  c.ldsp   x1, 0x28
#8341 0 00000000000121bc     7402 r 0000000000000008 000000000001e878  c.ldsp   x8, 0x20
#8342 0 00000000000121be     64e2 r 0000000000000009 0000000000000001  c.ldsp   x9, 0x18
#8343 0 00000000000121c0     6942 r 0000000000000012 00000000fffff490  c.ldsp   x18, 0x10
#8344 0 00000000000121c2     69a2 r 0000000000000013 0000000000000000  c.ldsp   x19, 0x8
#8345 0 00000000000121c4     6145 r 0000000000000002 00000000fffff240  c.addi16sp 0x3
#8346 0 00000000000121c6     8082 r 0000000000000000 0000000000000000  c.jr     x1
#8347 0 0000000000019384     d179 r 0000000000000000 0000000000000000  c.beqz   x10, . - 0x3a
#8348 0 000000000001934a 010a3783 r 000000000000000f 0000000000000001  ld       x15, 0x10(x20)
#8349 0 000000000001934e     9ca6 r 0000000000000019 000000000001c467  c.add    x25, x9
#8350 0 0000000000019350 409c0c33 r 0000000000000018 0000000000000000  sub      x24, x24, x9
#8351 0 0000000000019354 409784b3 r 0000000000000009 0000000000000000  sub      x9, x15, x9
#8352 0 0000000000019358 009a3823 m 00000000fffff410 0000000000000000  sd       x9, 0x10(x20)
#8353 0 000000000001935c     f4c5 r 0000000000000000 0000000000000000  c.bnez   x9, . - 0x58
#8354 0 000000000001935e     4501 r 000000000000000a 0000000000000000  c.li     x10, 0x0
#8355 0 0000000000019360     60e6 r 0000000000000001 000000000001809a  c.ldsp   x1, 0x58
#8356 0 0000000000019362     6446 r 0000000000000008 000000000001c467  c.ldsp   x8, 0x50
#8357 0 0000000000019364     64a6 r 0000000000000009 0000000000000001  c.ldsp   x9, 0x48
#8358 0 0000000000019366     6906 r 0000000000000012 000000000001e878  c.ldsp   x18, 0x40
#8359 0 0000000000019368     79e2 r 0000000000000013 0000000000000001  c.ldsp   x19, 0x38
#8360 0 000000000001936a     7a42 r 0000000000000014 000000000001e290  c.ldsp   x20, 0x30
#8361 0 000000000001936c     7aa2 r 0000000000000015 00000000fffff400  c.ldsp   x21, 0x28
#8362 0 000000000001936e     7b02 r 0000000000000016 00000000fffff480  c.ldsp   x22, 0x20
#8363 0 0000000000019370     6be2 r 0000000000000017 0000000000000001  c.ldsp   x23, 0x18
#8364 0 0000000000019372     6c42 r 0000000000000018 fffffffffffffffe  c.ldsp   x24, 0x10
#8365 0 0000000000019374     6ca2 r 0000000000000019 000000000001c466  c.ldsp   x25, 0x8
#8366 0 0000000000019376     6d02 r 000000000000001a 0000000000000064  c.ldsp   x26, 0x0
#8367 0 0000000000019378     6125 r 0000000000000002 00000000fffff2a0  c.addi16sp 0x6
#8368 0 000000000001937a     8082 r 0000000000000000 0000000000000000  c.jr     x1
#8369 0 000000000001809a     b7e1 r 0000000000000000 0000000000000000  c.j      . - 0x38
#8370 0 0000000000018062     60a6 r 0000000000000001 0000000000011864  c.ldsp   x1, 0x48
#8371 0 0000000000018064     6406 r 0000000000000008 000000000001c467  c.ldsp   x8, 0x40
#8372 0 0000000000018066 000ab823 m 00000000fffff410 0000000000000000  sd       x0, 0x10(x21)
#8373 0 000000000001806a 000aa423 m 00000000fffff408 0000000000000000  sw       x0, 0x8(x21)
#8374 0 000000000001806e     74e2 r 0000000000000009 0000000000000001  c.ldsp   x9, 0x38
#8375 0 0000000000018070     7942 r 0000000000000012 000000000001e878  c.ldsp   x18, 0x30
#8376 0 0000000000018072     79a2 r 0000000000000013 0000000000000001  c.ldsp   x19, 0x28
#8377 0 0000000000018074     7a02 r 0000000000000014 000000000001e290  c.ldsp   x20, 0x20
#8378 0 0000000000018076     6ae2 r 0000000000000015 0000000000000000  c.ldsp   x21, 0x18
#8379 0 0000000000018078     6b42 r 0000000000000016 00000000fffff480  c.ldsp   x22, 0x10
#8380 0 000000000001807a     6ba2 r 0000000000000017 0000000000000001  c.ldsp   x23, 0x8
#8381 0 000000000001807c     6161 r 0000000000000002 00000000fffff2f0  c.addi16sp 0x5
#8382 0 000000000001807e     8082 r 0000000000000000 0000000000000000  c.jr     x1
#8383 0 0000000000011864 d99fe06f r 0000000000000000 0000000000000000  j        . - 0x1268
#8384 0 00000000000105fc 01095783 r 000000000000000f 0000000000002889  lhu      x15, 0x10(x18)
#8385 0 0000000000010600 0407f793 r 000000000000000f 0000000000000000  andi     x15, x15, 64
#8386 0 0000000000010604     c399 r 0000000000000000 0000000000000000  c.beqz   x15, . + 0x6
#8387 0 000000000001060a 27813083 r 0000000000000001 0000000000010340  ld       x1, 0x278(x2)
#8388 0 000000000001060e 27013403 r 0000000000000008 00000000ffffff50  ld       x8, 0x270(x2)
#8389 0 0000000000010612     6522 r 000000000000000a 0000000000000006  c.ldsp   x10, 0x8
#8390 0 0000000000010614 26813483 r 0000000000000009 0000000000000000  ld       x9, 0x268(x2)
#8391 0 0000000000010618 26013903 r 0000000000000012 0000000000000000  ld       x18, 0x260(x2)
#8392 0 000000000001061c 25813983 r 0000000000000013 0000000000000000  ld       x19, 0x258(x2)
#8393 0 0000000000010620 25013a03 r 0000000000000014 0000000000000000  ld       x20, 0x250(x2)
#8394 0 0000000000010624 24813a83 r 0000000000000015 0000000000000000  ld       x21, 0x248(x2)
#8395 0 0000000000010628 24013b03 r 0000000000000016 0000000000000000  ld       x22, 0x240(x2)
#8396 0 000000000001062c 23813b83 r 0000000000000017 0000000000000000  ld       x23, 0x238(x2)
#8397 0 0000000000010630 23013c03 r 0000000000000018 0000000000000000  ld       x24, 0x230(x2)
#8398 0 0000000000010634 22813c83 r 0000000000000019 0000000000000000  ld       x25, 0x228(x2)
#8399 0 0000000000010638 22013d03 r 000000000000001a 0000000000000000  ld       x26, 0x220(x2)
#8400 0 000000000001063c 21813d83 r 000000000000001b 0000000000000000  ld       x27, 0x218(x2)
#8401 0 0000000000010640 28010113 r 0000000000000002 00000000fffff570  addi     x2, x2, 640
#8402 0 0000000000010644     8082 r 0000000000000000 0000000000000000  c.jr     x1
#8403 0 0000000000010340     60e2 r 0000000000000001 0000000000010184  c.ldsp   x1, 0x18
#8404 0 0000000000010342     6125 r 0000000000000002 00000000fffff5d0  c.addi16sp 0x6
#8405 0 0000000000010344     8082 r 0000000000000000 0000000000000000  c.jr     x1
#8406 0 0000000000010184 fec42783 r 000000000000000f 0000000000000008  lw       x15, -0x14(x8)
#8407 0 0000000000010188     2785 r 000000000000000f 0000000000000009  c.addiw  x15, 0x1
#8408 0 000000000001018a fef42623 m 00000000ffffff3c 0000000000000009  sw       x15, -0x14(x8)
#8409 0 000000000001018e fec42783 r 000000000000000f 0000000000000009  lw       x15, -0x14(x8)
#8410 0 0000000000010192 0007871b r 000000000000000e 0000000000000009  addiw    x14, x15, 0
#8411 0 0000000000010196     47a5 r 000000000000000f 0000000000000009  c.li     x15, 0x9
#8412 0 0000000000010198 fce7dee3 r 0000000000000000 0000000000000000  bge      x15, x14, . - 0x24
#8413 0 0000000000010174 fec42783 r 000000000000000f 0000000000000009  lw       x15, -0x14(x8)
#8414 0 0000000000010178     85be r 000000000000000b 0000000000000009  c.mv     x11, x15
#8415 0 000000000001017a     67f1 r 000000000000000f 000000000001c000  c.lui    x15, 0x1c
#8416 0 000000000001017c 46078513 r 000000000000000a 000000000001c460  addi     x10, x15, 1120
#8417 0 0000000000010180 19a000ef r 0000000000000001 0000000000010184  jal      x1, . + 0x19a
#8418 0 000000000001031a 7581b303 r 0000000000000006 000000000001e290  ld       x6, 0x758(x3)
#8419 0 000000000001031e     711d r 0000000000000002 00000000fffff570  c.addi16sp -0x6
#8420 0 0000000000010320     f832 m 00000000fffff5a0 0000000000000006  c.sdsp   x12, 0x30
#8421 0 0000000000010322     fc36 m 00000000fffff5a8 0000000000000006  c.sdsp   x13, 0x38
#8422 0 0000000000010324     f42e m 00000000fffff598 0000000000000009  c.sdsp   x11, 0x28
#8423 0 0000000000010326     e0ba m 00000000fffff5b0 0000000000000009  c.sdsp   x14, 0x40
#8424 0 0000000000010328     e4be m 00000000fffff5b8 000000000001c000  c.sdsp   x15, 0x48
#8425 0 000000000001032a     e8c2 m 00000000fffff5c0 0000000000000000  c.sdsp   x16, 0x50
#8426 0 000000000001032c     ecc6 m 00000000fffff5c8 0000000000000040  c.sdsp   x17, 0x58
#8427 0 000000000001032e 01033583 r 000000000000000b 000000000001e878  ld       x11, 0x10(x6)
#8428 0 0000000000010332     1034 r 000000000000000d 00000000fffff598  c.addi4spn  x13, 0xa
#8429 0 0000000000010334     862a r 000000000000000c 000000000001c460  c.mv     x12, x10
#8430 0 0000000000010336     851a r 000000000000000a 000000000001e290  c.mv     x10, x6
#8431 0 0000000000010338     ec06 m 00000000fffff588 0000000000010184  c.sdsp   x1, 0x18
#8432 0 000000000001033a     e436 m 00000000fffff578 00000000fffff598  c.sdsp   x13, 0x8
#8433 0 000000000001033c 00a000ef r 0000000000000001 0000000000010340  jal      x1, . + 0xa
#8434 0 0000000000010346 d8010113 r 0000000000000002 00000000fffff2f0  addi     x2, x2, -640
#8435 0 000000000001034a 26113c23 m 00000000fffff568 0000000000010340  sd       x1, 0x278(x2)
#8436 0 000000000001034e 27213023 m 00000000fffff550 0000000000000000  sd       x18, 0x260(x2)
#8437 0 0000000000010352 25413823 m 00000000fffff540 0000000000000000  sd       x20, 0x250(x2)
#8438 0 0000000000010356 23913423 m 00000000fffff518 0000000000000000  sd       x25, 0x228(x2)
#8439 0 000000000001035a     892e r 0000000000000012 000000000001e878  c.mv     x18, x11
#8440 0 000000000001035c     8cb2 r 0000000000000019 000000000001c460  c.mv     x25, x12
#8441 0 000000000001035e     e836 m 00000000fffff300 00000000fffff598  c.sdsp   x13, 0x10
#8442 0 0000000000010360 26813823 m 00000000fffff560 00000000ffffff50  sd       x8, 0x270(x2)
#8443 0 0000000000010364 26913423 m 00000000fffff558 0000000000000000  sd       x9, 0x268(x2)
#8444 0 0000000000010368 25313c23 m 00000000fffff548 0000000000000000  sd       x19, 0x258(x2)
#8445 0 000000000001036c 25513423 m 00000000fffff538 0000000000000000  sd       x21, 0x248(x2)
#8446 0 0000000000010370 25613023 m 00000000fffff530 0000000000000000  sd       x22, 0x240(x2)
#8447 0 0000000000010374 23713c23 m 00000000fffff528 0000000000000000  sd       x23, 0x238(x2)
#8448 0 0000000000010378 23813823 m 00000000fffff520 0000000000000000  sd       x24, 0x230(x2)
#8449 0 000000000001037c 23a13023 m 00000000fffff510 0000000000000000  sd       x26, 0x220(x2)
#8450 0 0000000000010380 21b13c23 m 00000000fffff508 0000000000000000  sd       x27, 0x218(x2)
#8451 0 0000000000010384     8a2a r 0000000000000014 000000000001e290  c.mv     x20, x10
#8452 0 0000000000010386 6fa040ef r 0000000000000001 000000000001038a  jal      x1, . + 0x46fa
#8453 0 0000000000014a80 e6018513 r 000000000000000a 000000000001ead8  addi     x10, x3, -416
#8454 0 0000000000014a84     8082 r 0000000000000000 0000000000000000  c.jr     x1
#8455 0 000000000001038a     611c r 000000000000000f 000000000001c9b0  c.ld     x15, 0x0(x10)
#8456 0 000000000001038c     853e r 000000000000000a 000000000001c9b0  c.mv     x10, x15
#8457 0 000000000001038e     f8be m 00000000fffff360 000000000001c9b0  c.sdsp   x15, 0x70
#8458 0 0000000000010390 058060ef r 0000000000000001 0000000000010394  jal      x1, . + 0x6058
#8459 0 00000000000163e8 00757793 r 000000000000000f 0000000000000000  andi     x15, x10, 7
#8460 0 00000000000163ec     872a r 000000000000000e 000000000001c9b0  c.mv     x14, x10
#8461 0 00000000000163ee     eba9 r 0000000000000000 0000000000000000  c.bnez   x15, . + 0x52
#8462 0 00000000000163f0 7401b683 r 000000000000000d 7f7f7f7f7f7f7f7f  ld       x13, 0x740(x3)
#8463 0 00000000000163f4     55fd r 000000000000000b ffffffffffffffff  c.li     x11, -0x1
#8464 0 00000000000163f6     6310 r 000000000000000c 000000000000002e  c.ld     x12, 0x0(x14)
#8465 0 00000000000163f8     0721 r 000000000000000e 000000000001c9b8  c.addi   x14, 0x8
#8466 0 00000000000163fa 00d677b3 r 000000000000000f 000000000000002e  and      x15, x12, x13
#8467 0 00000000000163fe     97b6 r 000000000000000f 7f7f7f7f7f7f7fad  c.add    x15, x13
#8468 0 0000000000016400     8fd1 r 000000000000000f 7f7f7f7f7f7f7faf  c.or     x15, x12
#8469 0 0000000000016402     8fd5 r 000000000000000f 7f7f7f7f7f7f7fff  c.or     x15, x13
#8470 0 0000000000016404 feb789e3 r 0000000000000000 0000000000000000  beq      x15, x11, . - 0xe
#8471 0 0000000000016408 ff874683 r 000000000000000d 000000000000002e  lbu      x13, -0x8(x14)
#8472 0 000000000001640c 40a707b3 r 000000000000000f 0000000000000008  sub      x15, x14, x10
#8473 0 0000000000016410     c6a9 r 0000000000000000 0000000000000000  c.beqz   x13, . + 0x4a
#8474 0 0000000000016412 ff974683 r 000000000000000d 0000000000000000  lbu      x13, -0x7(x14)
#8475 0 0000000000016416     ce9d r 0000000000000000 0000000000000000  c.beqz   x13, . + 0x3e
#8476 0 0000000000016454 ff978513 r 000000000000000a 0000000000000001  addi     x10, x15, -7
#8477 0 0000000000016458     8082 r 0000000000000000 0000000000000000  c.jr     x1
#8478 0 0000000000010394     f4aa m 00000000fffff358 0000000000000001  c.sdsp   x10, 0x68
#8479 0 0000000000010396     e202 m 00000000fffff3f0 0000000000000000  c.sdsp   x0, 0x100
#8480 0 0000000000010398     e602 m 00000000fffff3f8 0000000000000000  c.sdsp   x0, 0x108
#8481 0 000000000001039a 000a0663 r 0000000000000000 0000000000000000  beq      x20, x0, . + 0xc
#8482 0 000000000001039e 050a2783 r 000000000000000f 0000000000000001  lw       x15, 0x50(x20)
#8483 0 00000000000103a2 72078963 r 0000000000000000 0000000000000000  beq      x15, x0, . + 0x732
#8484 0 00000000000103a6 01091703 r 000000000000000e 0000000000002889  lh       x14, 0x10(x18)
#8485 0 00000000000103aa     6689 r 000000000000000d 0000000000002000  c.lui    x13, 0x2
#8486 0 00000000000103ac 03071793 r 000000000000000f 2889000000000000  slli     x15, x14, 48
#8487 0 00000000000103b0     93c1 r 000000000000000f 0000000000002889  c.srli   x15, 0x30
#8488 0 00000000000103b2 00d7f633 r 000000000000000c 0000000000002000  and      x12, x15, x13
#8489 0 00000000000103b6     e215 r 0000000000000000 0000000000000000  c.bnez   x12, . + 0x24
#8490 0 00000000000103da 0087f713 r 000000000000000e 0000000000000008  andi     x14, x15, 8
#8491 0 00000000000103de 26070a63 r 0000000000000000 0000000000000000  beq      x14, x0, . + 0x274
#8492 0 00000000000103e2 01893703 r 000000000000000e 0000000000020010  ld       x14, 0x18(x18)
#8493 0 00000000000103e6 26070663 r 0000000000000000 0000000000000000  beq      x14, x0, . + 0x26c
#8494 0 00000000000103ea     8be9 r 000000000000000f 0000000000000008  c.andi   x15, 0x1a
#8495 0 00000000000103ec     4729 r 000000000000000e 000000000000000a  c.li     x14, 0xa
#8496 0 00000000000103ee 26e78f63 r 0000000000000000 0000000000000000  beq      x15, x14, . + 0x27e
#8497 0 00000000000103f2     67f1 r 000000000000000f 000000000001c000  c.lui    x15, 0x1c
#8498 0 00000000000103f4 6887b783 r 000000000000000f 3ffc000000000000  ld       x15, 0x688(x15)
#8499 0 00000000000103f8 19010b13 r 0000000000000016 00000000fffff480  addi     x22, x2, 400
#8500 0 00000000000103fc     ea5a m 00000000fffff400 00000000fffff480  c.sdsp   x22, 0x110
#8501 0 00000000000103fe     ed3e m 00000000fffff388 3ffc000000000000  c.sdsp   x15, 0x98
#8502 0 0000000000010400     67f1 r 000000000000000f 000000000001c000  c.lui    x15, 0x1c
#8503 0 0000000000010402 6687b783 r 000000000000000f 4003000000000000  ld       x15, 0x668(x15)
#8504 0 0000000000010406     f202 m 00000000fffff410 0000000000000000  c.sdsp   x0, 0x120
#8505 0 0000000000010408 10012c23 m 00000000fffff408 0000000000000000  sw       x0, 0x118(x2)
#8506 0 000000000001040c     e93e m 00000000fffff380 4003000000000000  c.sdsp   x15, 0x90
#8507 0 000000000001040e     67f1 r 000000000000000f 000000000001c000  c.lui    x15, 0x1c
#8508 0 0000000000010410 6787b783 r 000000000000000f 3ffe000000000000  ld       x15, 0x678(x15)
#8509 0 0000000000010414     f002 m 00000000fffff310 0000000000000000  c.sdsp   x0, 0x20
#8510 0 0000000000010416     f402 m 00000000fffff318 0000000000000000  c.sdsp   x0, 0x28
#8511 0 0000000000010418     f13e m 00000000fffff390 3ffe000000000000  c.sdsp   x15, 0xa0
#8512 0 000000000001041a 000cc783 r 000000000000000f 0000000000000069  lbu      x15, 0x0(x25)
#8513 0 000000000001041e     fc82 m 00000000fffff368 0000000000000000  c.sdsp   x0, 0x78
#8514 0 0000000000010420     f082 m 00000000fffff350 0000000000000000  c.sdsp   x0, 0x60
#8515 0 0000000000010422     e102 m 00000000fffff370 0000000000000000  c.sdsp   x0, 0x80
#8516 0 0000000000010424     e502 m 00000000fffff378 0000000000000000  c.sdsp   x0, 0x88
#8517 0 0000000000010426     e402 m 00000000fffff2f8 0000000000000000  c.sdsp   x0, 0x8
#8518 0 0000000000010428     835a r 0000000000000006 00000000fffff480  c.mv     x6, x22
#8519 0 000000000001042a 1c078563 r 0000000000000000 0000000000000000  beq      x15, x0, . + 0x1ca
#8520 0 000000000001042e     8466 r 0000000000000008 000000000001c460  c.mv     x8, x25
#8521 0 0000000000010430 02500713 r 000000000000000e 0000000000000025  addi     x14, x0, 37
#8522 0 0000000000010434 30e78363 r 0000000000000000 0000000000000000  beq      x15, x14, . + 0x306
#8523 0 0000000000010438 00144783 r 000000000000000f 0000000000000020  lbu      x15, 0x1(x8)
#8524 0 000000000001043c     0405 r 0000000000000008 000000000001c461  c.addi   x8, 0x1
#8525 0 000000000001043e     fbfd r 0000000000000000 0000000000000000  c.bnez   x15, . - 0xa
#8526 0 0000000000010434 30e78363 r 0000000000000000 0000000000000000  beq      x15, x14, . + 0x306
#8527 0 0000000000010438 00144783 r 000000000000000f 000000000000003d  lbu      x15, 0x1(x8)
#8528 0 000000000001043c     0405 r 0000000000000008 000000000001c462  c.addi   x8, 0x1
#8529 0 000000000001043e     fbfd r 0000000000000000 0000000000000000  c.bnez   x15, . - 0xa
#8530 0 0000000000010434 30e78363 r 0000000000000000 0000000000000000  beq      x15, x14, . + 0x306
#8531 0 0000000000010438 00144783 r 000000000000000f 0000000000000020  lbu      x15, 0x1(x8)
#8532 0 000000000001043c     0405 r 0000000000000008 000000000001c463  c.addi   x8, 0x1
#8533 0 000000000001043e     fbfd r 0000000000000000 0000000000000000  c.bnez   x15, . - 0xa
#8534 0 0000000000010434 30e78363 r 0000000000000000 0000000000000000  beq      x15, x14, . + 0x306
#8535 0 0000000000010438 00144783 r 000000000000000f 0000000000000025  lbu      x15, 0x1(x8)
#8536 0 000000000001043c     0405 r 0000000000000008 000000000001c464  c.addi   x8, 0x1
#8537 0 000000000001043e     fbfd r 0000000000000000 0000000000000000  c.bnez   x15, . - 0xa
#8538 0 0000000000010434 30e78363 r 0000000000000000 0000000000000000  beq      x15, x14, . + 0x306
#8539 0 000000000001073a 419404bb r 0000000000000009 0000000000000004  subw     x9, x8, x25
#8540 0 000000000001073e d00495e3 r 0000000000000000 0000000000000000  bne      x9, x0, . - 0x2f6
#8541 0 0000000000010448     7712 r 000000000000000e 0000000000000000  c.ldsp   x14, 0x120
#8542 0 000000000001044a 11812783 r 000000000000000f 0000000000000000  lw       x15, 0x118(x2)
#8543 0 000000000001044e 01933023 m 00000000fffff480 000000000001c460  sd       x25, 0x0(x6)
#8544 0 0000000000010452     9726 r 000000000000000e 0000000000000004  c.add    x14, x9
#8545 0 0000000000010454     2785 r 000000000000000f 0000000000000001  c.addiw  x15, 0x1
#8546 0 0000000000010456 00933423 m 00000000fffff488 0000000000000004  sd       x9, 0x8(x6)
#8547 0 000000000001045a     f23a m 00000000fffff410 0000000000000004  c.sdsp   x14, 0x120
#8548 0 000000000001045c 10f12c23 m 00000000fffff408 0000000000000001  sw       x15, 0x118(x2)
#8549 0 0000000000010460 0007871b r 000000000000000e 0000000000000001  addiw    x14, x15, 0
#8550 0 0000000000010464     479d r 000000000000000f 0000000000000007  c.li     x15, 0x7
#8551 0 0000000000010466     0341 r 0000000000000006 00000000fffff490  c.addi   x6, 0x10
#8552 0 0000000000010468 2ee7c063 r 0000000000000000 0000000000000000  blt      x15, x14, . + 0x2e0
#8553 0 000000000001046c     6722 r 000000000000000e 0000000000000000  c.ldsp   x14, 0x8
#8554 0 000000000001046e 00044783 r 000000000000000f 0000000000000025  lbu      x15, 0x0(x8)
#8555 0 0000000000010472     9f25 r 000000000000000e 0000000000000004  c.addw   x14, x9
#8556 0 0000000000010474     e43a m 00000000fffff2f8 0000000000000004  c.sdsp   x14, 0x8
#8557 0 0000000000010476 16078f63 r 0000000000000000 0000000000000000  beq      x15, x0, . + 0x17e
#8558 0 000000000001047a     67f1 r 000000000000000f 000000000001c000  c.lui    x15, 0x1c
#8559 0 000000000001047c 00144e03 r 000000000000001c 0000000000000064  lbu      x28, 0x1(x8)
#8560 0 0000000000010480 0c010fa3 m 00000000fffff3cf 0000000000000000  sb       x0, 0xdf(x2)
#8561 0 0000000000010484     0405 r 0000000000000008 000000000001c465  c.addi   x8, 0x1
#8562 0 0000000000010486     5c7d r 0000000000000018 ffffffffffffffff  c.li     x24, -0x1
#8563 0 0000000000010488     4a81 r 0000000000000015 0000000000000000  c.li     x21, 0x0
#8564 0 000000000001048a     4481 r 0000000000000009 0000000000000000  c.li     x9, 0x0
#8565 0 000000000001048c 05a00993 r 0000000000000013 000000000000005a  addi     x19, x0, 90
#8566 0 0000000000010490 4c878b93 r 0000000000000017 000000000001c4c8  addi     x23, x15, 1224
#8567 0 0000000000010494     4da5 r 000000000000001b 0000000000000009  c.li     x27, 0x9
#8568 0 0000000000010496     0405 r 0000000000000008 000000000001c466  c.addi   x8, 0x1
#8569 0 0000000000010498 000e0d1b r 000000000000001a 0000000000000064  addiw    x26, x28, 0
#8570 0 000000000001049c 02a00613 r 000000000000000c 000000000000002a  addi     x12, x0, 42
#8571 0 00000000000104a0 fe0d079b r 000000000000000f 0000000000000044  addiw    x15, x26, -32
#8572 0 00000000000104a4 0007871b r 000000000000000e 0000000000000044  addiw    x14, x15, 0
#8573 0 00000000000104a8 04e9e363 r 0000000000000000 0000000000000000  bltu     x19, x14, . + 0x46
#8574 0 00000000000104ac 02079713 r 000000000000000e 0000004400000000  slli     x14, x15, 32
#8575 0 00000000000104b0 01e75793 r 000000000000000f 0000000000000110  srli     x15, x14, 30
#8576 0 00000000000104b4     97de r 000000000000000f 000000000001c5d8  c.add    x15, x23
#8577 0 00000000000104b6     439c r 000000000000000f 000000000001068a  c.lw     x15, 0x0(x15)
#8578 0 00000000000104b8     8782 r 0000000000000000 0000000000000000  c.jr     x15
#8579 0 000000000001068a     66c2 r 000000000000000d 00000000fffff598  c.ldsp   x13, 0x10
#8580 0 000000000001068c 0204f793 r 000000000000000f 0000000000000000  andi     x15, x9, 32
#8581 0 0000000000010690 00868713 r 000000000000000e 00000000fffff5a0  addi     x14, x13, 8
#8582 0 0000000000010694 3c078163 r 0000000000000000 0000000000000000  beq      x15, x0, . + 0x3c2
#8583 0 0000000000010a56 0104f793 r 000000000000000f 0000000000000000  andi     x15, x9, 16
#8584 0 0000000000010a5a 7e079f63 r 0000000000000000 0000000000000000  bne      x15, x0, . + 0x7fe
#8585 0 0000000000010a5e 0404f793 r 000000000000000f 0000000000000000  andi     x15, x9, 64
#8586 0 0000000000010a62 380788e3 r 0000000000000000 0000000000000000  beq      x15, x0, . + 0xb90
#8587 0 00000000000115f2 2004f793 r 000000000000000f 0000000000000000  andi     x15, x9, 512
#8588 0 00000000000115f6 24078163 r 0000000000000000 0000000000000000  beq      x15, x0, . + 0x242
#8589 0 0000000000011838     67c2 r 000000000000000f 00000000fffff598  c.ldsp   x15, 0x10
#8590 0 000000000001183a 0007a983 r 0000000000000013 0000000000000009  lw       x19, 0x0(x15)
#8591 0 000000000001183e     87ce r 000000000000000f 0000000000000009  c.mv     x15, x19
#8592 0 0000000000011840 e5dfe06f r 0000000000000000 0000000000000000  j        . - 0x11a4
#8593 0 000000000001069c 3c07cb63 r 0000000000000000 0000000000000000  blt      x15, x0, . + 0x3d6
#8594 0 00000000000106a0     57fd r 000000000000000f ffffffffffffffff  c.li     x15, -0x1
#8595 0 00000000000106a2 3efc00e3 r 0000000000000000 0000000000000000  beq      x24, x15, . + 0xbe0
#8596 0 0000000000011282     e83a m 00000000fffff300 00000000fffff5a0  c.sdsp   x14, 0x10
#8597 0 0000000000011284     47a5 r 000000000000000f 0000000000000009  c.li     x15, 0x9
#8598 0 0000000000011286     8da6 r 000000000000001b 0000000000000000  c.mv     x27, x9
#8599 0 0000000000011288 cb37f8e3 r 0000000000000000 0000000000000000  bgeu     x15, x19, . - 0x350
#8600 0 0000000000010f38 0309899b r 0000000000000013 0000000000000039  addiw    x19, x19, 48
#8601 0 0000000000010f3c 193105a3 m 00000000fffff47b 0000000000000039  sb       x19, 0x18b(x2)
#8602 0 0000000000010f40     84ee r 0000000000000009 0000000000000000  c.mv     x9, x27
#8603 0 0000000000010f42     4b85 r 0000000000000017 0000000000000001  c.li     x23, 0x1
#8604 0 0000000000010f44 18b10c93 r 0000000000000019 00000000fffff47b  addi     x25, x2, 395
#8605 0 0000000000010f48 f7aff06f r 0000000000000000 0000000000000000  j        . - 0x886
#8606 0 00000000000106c2 0df14783 r 000000000000000f 0000000000000000  lbu      x15, 0xdf(x2)
#8607 0 00000000000106c6 000b899b r 0000000000000013 0000000000000001  addiw    x19, x23, 0
#8608 0 00000000000106ca 018bd463 r 0000000000000000 0000000000000000  bge      x23, x24, . + 0x8
#8609 0 00000000000106d2     ec02 m 00000000fffff308 0000000000000000  c.sdsp   x0, 0x18
#8610 0 00000000000106d4     e482 m 00000000fffff338 0000000000000000  c.sdsp   x0, 0x48
#8611 0 00000000000106d6     ec82 m 00000000fffff348 0000000000000000  c.sdsp   x0, 0x58
#8612 0 00000000000106d8     e882 m 00000000fffff340 0000000000000000  c.sdsp   x0, 0x50
#8613 0 00000000000106da e20789e3 r 0000000000000000 0000000000000000  beq      x15, x0, . - 0x1ce
#8614 0 000000000001050c 0024f293 r 0000000000000005 0000000000000000  andi     x5, x9, 2
#8615 0 0000000000010510 00028363 r 0000000000000000 0000000000000000  beq      x5, x0, . + 0x6
#8616 0 0000000000010516 0844fd93 r 000000000000001b 0000000000000000  andi     x27, x9, 132
#8617 0 000000000001051a     7792 r 000000000000000f 0000000000000004  c.ldsp   x15, 0x120
#8618 0 000000000001051c 000d9663 r 0000000000000000 0000000000000000  bne      x27, x0, . + 0xc
#8619 0 0000000000010520 413a86bb r 000000000000000d ffffffffffffffff  subw     x13, x21, x19
#8620 0 0000000000010524 22d044e3 r 0000000000000000 0000000000000000  blt      x0, x13, . + 0xa28
#8621 0 0000000000010528 0df14703 r 000000000000000e 0000000000000000  lbu      x14, 0xdf(x2)
#8622 0 000000000001052c     c70d r 0000000000000000 0000000000000000  c.beqz   x14, . + 0x2a
#8623 0 0000000000010556 02028563 r 0000000000000000 0000000000000000  beq      x5, x0, . + 0x2a
#8624 0 0000000000010580 08000713 r 000000000000000e 0000000000000080  addi     x14, x0, 128
#8625 0 0000000000010584 06ed8ae3 r 0000000000000000 0000000000000000  beq      x27, x14, . + 0x874
#8626 0 0000000000010588 417c0c3b r 0000000000000018 fffffffffffffffe  subw     x24, x24, x23
#8627 0 000000000001058c 0f804ee3 r 0000000000000000 0000000000000000  blt      x0, x24, . + 0x8fc
#8628 0 0000000000010590 1004f713 r 000000000000000e 0000000000000000  andi     x14, x9, 256
#8629 0 0000000000010594 78071b63 r 0000000000000000 0000000000000000  bne      x14, x0, . + 0x796
#8630 0 0000000000010598 11812703 r 000000000000000e 0000000000000001  lw       x14, 0x118(x2)
#8631 0 000000000001059c     97de r 000000000000000f 0000000000000005  c.add    x15, x23
#8632 0 000000000001059e 01933023 m 00000000fffff490 00000000fffff47b  sd       x25, 0x0(x6)
#8633 0 00000000000105a2 0017069b r 000000000000000d 0000000000000002  addiw    x13, x14, 1
#8634 0 00000000000105a6     8736 r 000000000000000e 0000000000000002  c.mv     x14, x13
#8635 0 00000000000105a8 01733423 m 00000000fffff498 0000000000000001  sd       x23, 0x8(x6)
#8636 0 00000000000105ac 10e12c23 m 00000000fffff408 0000000000000002  sw       x14, 0x118(x2)
#8637 0 00000000000105b0     f23e m 00000000fffff410 0000000000000005  c.sdsp   x15, 0x120
#8638 0 00000000000105b2     471d r 000000000000000e 0000000000000007  c.li     x14, 0x7
#8639 0 00000000000105b4 46d74863 r 0000000000000000 0000000000000000  blt      x14, x13, . + 0x470
#8640 0 00000000000105b8     0341 r 0000000000000006 00000000fffff4a0  c.addi   x6, 0x10
#8641 0 00000000000105ba     8891 r 0000000000000009 0000000000000000  c.andi   x9, 0x4
#8642 0 00000000000105bc     c489 r 0000000000000000 0000000000000000  c.beqz   x9, . + 0xa
#8643 0 00000000000105c6     8756 r 000000000000000e 0000000000000000  c.mv     x14, x21
#8644 0 00000000000105c8 013ad363 r 0000000000000000 0000000000000000  bge      x21, x19, . + 0x6
#8645 0 00000000000105cc     874e r 000000000000000e 0000000000000001  c.mv     x14, x19
#8646 0 00000000000105ce     66a2 r 000000000000000d 0000000000000004  c.ldsp   x13, 0x8
#8647 0 00000000000105d0     9f35 r 000000000000000e 0000000000000005  c.addw   x14, x13
#8648 0 00000000000105d2     e43a m 00000000fffff2f8 0000000000000005  c.sdsp   x14, 0x8
#8649 0 00000000000105d4 12079be3 r 0000000000000000 0000000000000000  bne      x15, x0, . + 0x936
#8650 0 0000000000010f0a     0a10 r 000000000000000c 00000000fffff400  c.addi4spn  x12, 0x44
#8651 0 0000000000010f0c     85ca r 000000000000000b 000000000001e878  c.mv     x11, x18
#8652 0 0000000000010f0e     8552 r 000000000000000a 000000000001e290  c.mv     x10, x20
#8653 0 0000000000010f10 18c070ef r 0000000000000001 0000000000010f14  jal      x1, . + 0x718c
#8654 0 000000000001809c     6a18 r 000000000000000e 0000000000000005  c.ld     x14, 0x10(x12)
#8655 0 000000000001809e     c311 r 0000000000000000 0000000000000000  c.beqz   x14, . + 0x4
#8656 0 00000000000180a0     bfa1 r 0000000000000000 0000000000000000  c.j      . - 0xa8
#8657 0 0000000000017ff8 0ac5a783 r 000000000000000f 0000000000000000  lw       x15, 0xac(x11)
#8658 0 0000000000017ffc     715d r 0000000000000002 00000000fffff2a0  c.addi16sp -0x5
#8659 0 0000000000017ffe     6709 r 000000000000000e 0000000000002000  c.lui    x14, 0x2
#8660 0 0000000000018000     ec56 m 00000000fffff2b8 0000000000000000  c.sdsp   x21, 0x18
#8661 0 0000000000018002     e486 m 00000000fffff2e8 0000000000010f14  c.sdsp   x1, 0x48
#8662 0 0000000000018004     e0a2 m 00000000fffff2e0 000000000001c466  c.sdsp   x8, 0x40
#8663 0 0000000000018006     fc26 m 00000000fffff2d8 0000000000000000  c.sdsp   x9, 0x38
#8664 0 0000000000018008     f84a m 00000000fffff2d0 000000000001e878  c.sdsp   x18, 0x30
#8665 0 000000000001800a     f44e m 00000000fffff2c8 0000000000000001  c.sdsp   x19, 0x28
#8666 0 000000000001800c     f052 m 00000000fffff2c0 000000000001e290  c.sdsp   x20, 0x20
#8667 0 000000000001800e     e85a m 00000000fffff2b0 00000000fffff480  c.sdsp   x22, 0x10
#8668 0 0000000000018010     e45e m 00000000fffff2a8 0000000000000001  c.sdsp   x23, 0x8
#8669 0 0000000000018012     8ff9 r 000000000000000f 0000000000000000  c.and    x15, x14
#8670 0 0000000000018014     8ab2 r 0000000000000015 00000000fffff400  c.mv     x21, x12
#8671 0 0000000000018016     c3c1 r 0000000000000000 0000000000000000  c.beqz   x15, . + 0x80
#8672 0 0000000000018096 146010ef r 0000000000000001 000000000001809a  jal      x1, . + 0x1146
#8673 0 00000000000191dc     6a1c r 000000000000000f 0000000000000005  c.ld     x15, 0x10(x12)
#8674 0 00000000000191de 1a078c63 r 0000000000000000 0000000000000000  beq      x15, x0, . + 0x1b8
#8675 0 00000000000191e2 0105d783 r 000000000000000f 0000000000002889  lhu      x15, 0x10(x11)
#8676 0 00000000000191e6     711d r 0000000000000002 00000000fffff240  c.addi16sp -0x6
#8677 0 00000000000191e8     e8a2 m 00000000fffff290 000000000001c466  c.sdsp   x8, 0x50
#8678 0 00000000000191ea     f852 m 00000000fffff270 000000000001e290  c.sdsp   x20, 0x30
#8679 0 00000000000191ec     f456 m 00000000fffff268 00000000fffff400  c.sdsp   x21, 0x28
#8680 0 00000000000191ee     ec86 m 00000000fffff298 000000000001809a  c.sdsp   x1, 0x58
#8681 0 00000000000191f0     e4a6 m 00000000fffff288 0000000000000000  c.sdsp   x9, 0x48
#8682 0 00000000000191f2     e0ca m 00000000fffff280 000000000001e878  c.sdsp   x18, 0x40
#8683 0 00000000000191f4     fc4e m 00000000fffff278 0000000000000001  c.sdsp   x19, 0x38
#8684 0 00000000000191f6     f05a m 00000000fffff260 00000000fffff480  c.sdsp   x22, 0x20
#8685 0 00000000000191f8     ec5e m 00000000fffff258 0000000000000001  c.sdsp   x23, 0x18
#8686 0 00000000000191fa     e862 m 00000000fffff250 fffffffffffffffe  c.sdsp   x24, 0x10
#8687 0 00000000000191fc     e466 m 00000000fffff248 00000000fffff47b  c.sdsp   x25, 0x8
#8688 0 00000000000191fe     e06a m 00000000fffff240 0000000000000064  c.sdsp   x26, 0x0
#8689 0 0000000000019200 0087f713 r 000000000000000e 0000000000000008  andi     x14, x15, 8
#8690 0 0000000000019204     8a32 r 0000000000000014 00000000fffff400  c.mv     x20, x12
#8691 0 0000000000019206     8aaa r 0000000000000015 000000000001e290  c.mv     x21, x10
#8692 0 0000000000019208     842e r 0000000000000008 000000000001e878  c.mv     x8, x11
#8693 0 000000000001920a     c325 r 0000000000000000 0000000000000000  c.beqz   x14, . + 0x60
#8694 0 000000000001920c     6d98 r 000000000000000e 0000000000020010  c.ld     x14, 0x18(x11)
#8695 0 000000000001920e     cf31 r 0000000000000000 0000000000000000  c.beqz   x14, . + 0x5c
#8696 0 0000000000019210 0027f713 r 000000000000000e 0000000000000000  andi     x14, x15, 2
#8697 0 0000000000019214 000a3903 r 0000000000000012 00000000fffff480  ld       x18, 0x0(x20)
#8698 0 0000000000019218     c735 r 0000000000000000 0000000000000000  c.beqz   x14, . + 0x6c
#8699 0 0000000000019284 0017f713 r 000000000000000e 0000000000000001  andi     x14, x15, 1
#8700 0 0000000000019288     eb35 r 0000000000000000 0000000000000000  c.bnez   x14, . + 0x74
#8701 0 00000000000192fc     4981 r 0000000000000013 0000000000000000  c.li     x19, 0x0
#8702 0 00000000000192fe     4501 r 000000000000000a 0000000000000000  c.li     x10, 0x0
#8703 0 0000000000019300     4c81 r 0000000000000019 0000000000000000  c.li     x25, 0x0
#8704 0 0000000000019302     4c01 r 0000000000000018 0000000000000000  c.li     x24, 0x0
#8705 0 0000000000019304 080c0b63 r 0000000000000000 0000000000000000  beq      x24, x0, . + 0x96
#8706 0 000000000001939a 00893c03 r 0000000000000018 0000000000000004  ld       x24, 0x8(x18)
#8707 0 000000000001939e 00093c83 r 0000000000000019 000000000001c460  ld       x25, 0x0(x18)
#8708 0 00000000000193a2     0941 r 0000000000000012 00000000fffff490  c.addi   x18, 0x10
#8709 0 00000000000193a4 fe0c0be3 r 0000000000000000 0000000000000000  beq      x24, x0, . - 0xa
#8710 0 00000000000193a8     8662 r 000000000000000c 0000000000000004  c.mv     x12, x24
#8711 0 00000000000193aa     45a9 r 000000000000000b 000000000000000a  c.li     x11, 0xa
#8712 0 00000000000193ac     8566 r 000000000000000a 000000000001c460  c.mv     x10, x25
#8713 0 00000000000193ae f7bfb0ef r 0000000000000001 00000000000193b2  jal      x1, . - 0x4086
#8714 0 0000000000015328 00757793 r 000000000000000f 0000000000000000  andi     x15, x10, 7
#8715 0 000000000001532c 0ff5f693 r 000000000000000d 000000000000000a  andi     x13, x11, 255
#8716 0 0000000000015330     c395 r 0000000000000000 0000000000000000  c.beqz   x15, . + 0x24
#8717 0 0000000000015354     87b2 r 000000000000000f 0000000000000004  c.mv     x15, x12
#8718 0 0000000000015356     471d r 000000000000000e 0000000000000007  c.li     x14, 0x7
#8719 0 0000000000015358 00f76f63 r 0000000000000000 0000000000000000  bltu     x14, x15, . + 0x1e
#8720 0 000000000001535c     e399 r 0000000000000000 0000000000000000  c.bnez   x15, . + 0x6
#8721 0 0000000000015362     97aa r 000000000000000f 000000000001c464  c.add    x15, x10
#8722 0 0000000000015364     a021 r 0000000000000000 0000000000000000  c.j      . + 0x8
#8723 0 000000000001536c 00054703 r 000000000000000e 0000000000000069  lbu      x14, 0x0(x10)
#8724 0 0000000000015370 fed71be3 r 0000000000000000 0000000000000000  bne      x14, x13, . - 0xa
#8725 0 0000000000015366     0505 r 000000000000000a 000000000001c461  c.addi   x10, 0x1
#8726 0 0000000000015368 fea78be3 r 0000000000000000 0000000000000000  beq      x15, x10, . - 0xa
#8727 0 000000000001536c 00054703 r 000000000000000e 0000000000000020  lbu      x14, 0x0(x10)
#8728 0 0000000000015370 fed71be3 r 0000000000000000 0000000000000000  bne      x14, x13, . - 0xa
#8729 0 0000000000015366     0505 r 000000000000000a 000000000001c462  c.addi   x10, 0x1
#8730 0 0000000000015368 fea78be3 r 0000000000000000 0000000000000000  beq      x15, x10, . - 0xa
#8731 0 000000000001536c 00054703 r 000000000000000e 000000000000003d  lbu      x14, 0x0(x10)
#8732 0 0000000000015370 fed71be3 r 0000000000000000 0000000000000000  bne      x14, x13, . - 0xa
#8733 0 0000000000015366     0505 r 000000000000000a 000000000001c463  c.addi   x10, 0x1
#8734 0 0000000000015368 fea78be3 r 0000000000000000 0000000000000000  beq      x15, x10, . - 0xa
#8735 0 000000000001536c 00054703 r 000000000000000e 0000000000000020  lbu      x14, 0x0(x10)
#8736 0 0000000000015370 fed71be3 r 0000000000000000 0000000000000000  bne      x14, x13, . - 0xa
#8737 0 0000000000015366     0505 r 000000000000000a 000000000001c464  c.addi   x10, 0x1
#8738 0 0000000000015368 fea78be3 r 0000000000000000 0000000000000000  beq      x15, x10, . - 0xa
#8739 0 000000000001535e     4501 r 000000000000000a 0000000000000000  c.li     x10, 0x0
#8740 0 0000000000015360     8082 r 0000000000000000 0000000000000000  c.jr     x1
#8741 0 00000000000193b2 12050f63 r 0000000000000000 0000000000000000  beq      x10, x0, . + 0x13e
#8742 0 00000000000194f0 001c099b r 0000000000000013 0000000000000005  addiw    x19, x24, 1
#8743 0 00000000000194f4     bd19 r 0000000000000000 0000000000000000  c.j      . - 0x1ea
#8744 0 000000000001930a     8bce r 0000000000000017 0000000000000005  c.mv     x23, x19
#8745 0 000000000001930c 013c7363 r 0000000000000000 0000000000000000  bgeu     x24, x19, . + 0x6
#8746 0 0000000000019310     8be2 r 0000000000000017 0000000000000004  c.mv     x23, x24
#8747 0 0000000000019312     6008 r 000000000000000a 0000000000020010  c.ld     x10, 0x0(x8)
#8748 0 0000000000019314     6c1c r 000000000000000f 0000000000020010  c.ld     x15, 0x18(x8)
#8749 0 0000000000019316     5014 r 000000000000000d 0000000000000400  c.lw     x13, 0x20(x8)
#8750 0 0000000000019318     84de r 0000000000000009 0000000000000004  c.mv     x9, x23
#8751 0 000000000001931a 00a7f763 r 0000000000000000 0000000000000000  bgeu     x15, x10, . + 0xe
#8752 0 0000000000019328 18dbc463 r 0000000000000000 0000000000000000  blt      x23, x13, . + 0x188
#8753 0 00000000000194b0     865e r 000000000000000c 0000000000000004  c.mv     x12, x23
#8754 0 00000000000194b2     85e6 r 000000000000000b 000000000001c460  c.mv     x11, x25
#8755 0 00000000000194b4 1ac000ef r 0000000000000001 00000000000194b8  jal      x1, . + 0x1ac
#8756 0 0000000000019660 02a5f263 r 0000000000000000 0000000000000000  bgeu     x11, x10, . + 0x24
#8757 0 0000000000019664 00c587b3 r 000000000000000f 000000000001c464  add      x15, x11, x12
#8758 0 0000000000019668 00f57e63 r 0000000000000000 0000000000000000  bgeu     x10, x15, . + 0x1c
#8759 0 0000000000019684     47fd r 000000000000000f 000000000000001f  c.li     x15, 0x1f
#8760 0 0000000000019686 02c7e163 r 0000000000000000 0000000000000000  bltu     x15, x12, . + 0x22
#8761 0 000000000001968a     87aa r 000000000000000f 0000000000020010  c.mv     x15, x10
#8762 0 000000000001968c fff60693 r 000000000000000d 0000000000000003  addi     x13, x12, -1
#8763 0 0000000000019690     c245 r 0000000000000000 0000000000000000  c.beqz   x12, . + 0xa0
#8764 0 0000000000019692     0685 r 000000000000000d 0000000000000004  c.addi   x13, 0x1
#8765 0 0000000000019694     96be r 000000000000000d 0000000000020014  c.add    x13, x15
#8766 0 0000000000019696 0005c703 r 000000000000000e 0000000000000069  lbu      x14, 0x0(x11)
#8767 0 000000000001969a     0785 r 000000000000000f 0000000000020011  c.addi   x15, 0x1
#8768 0 000000000001969c     0585 r 000000000000000b 000000000001c461  c.addi   x11, 0x1
#8769 0 000000000001969e fee78fa3 m 0000000000020010 0000000000000069  sb       x14, -0x1(x15)
#8770 0 00000000000196a2 fed79ae3 r 0000000000000000 0000000000000000  bne      x15, x13, . - 0xc
#8771 0 0000000000019696 0005c703 r 000000000000000e 0000000000000020  lbu      x14, 0x0(x11)
#8772 0 000000000001969a     0785 r 000000000000000f 0000000000020012  c.addi   x15, 0x1
#8773 0 000000000001969c     0585 r 000000000000000b 000000000001c462  c.addi   x11, 0x1
#8774 0 000000000001969e fee78fa3 m 0000000000020011 0000000000000020  sb       x14, -0x1(x15)
#8775 0 00000000000196a2 fed79ae3 r 0000000000000000 0000000000000000  bne      x15, x13, . - 0xc
#8776 0 0000000000019696 0005c703 r 000000000000000e 000000000000003d  lbu      x14, 0x0(x11)
#8777 0 000000000001969a     0785 r 000000000000000f 0000000000020013  c.addi   x15, 0x1
#8778 0 000000000001969c     0585 r 000000000000000b 000000000001c463  c.addi   x11, 0x1
#8779 0 000000000001969e fee78fa3 m 0000000000020012 000000000000003d  sb       x14, -0x1(x15)
#8780 0 00000000000196a2 fed79ae3 r 0000000000000000 0000000000000000  bne      x15, x13, . - 0xc
#8781 0 0000000000019696 0005c703 r 000000000000000e 0000000000000020  lbu      x14, 0x0(x11)
#8782 0 000000000001969a     0785 r 000000000000000f 0000000000020014  c.addi   x15, 0x1
#8783 0 000000000001969c     0585 r 000000000000000b 000000000001c464  c.addi   x11, 0x1
#8784 0 000000000001969e fee78fa3 m 0000000000020013 0000000000000020  sb       x14, -0x1(x15)
#8785 0 00000000000196a2 fed79ae3 r 0000000000000000 0000000000000000  bne      x15, x13, . - 0xc
#8786 0 00000000000196a6     8082 r 0000000000000000 0000000000000000  c.jr     x1
#8787 0 00000000000194b8     4454 r 000000000000000d 0000000000000000  c.lw     x13, 0xc(x8)
#8788 0 00000000000194ba     6018 r 000000000000000e 0000000000020010  c.ld     x14, 0x0(x8)
#8789 0 00000000000194bc 000b879b r 000000000000000f 0000000000000004  addiw    x15, x23, 0
#8790 0 00000000000194c0 417686bb r 000000000000000d fffffffffffffffc  subw     x13, x13, x23
#8791 0 00000000000194c4     975e r 000000000000000e 0000000000020014  c.add    x14, x23
#8792 0 00000000000194c6     c454 m 000000000001e884 00000000fffffffc  c.sw     x13, 0xc(x8)
#8793 0 00000000000194c8     e018 m 000000000001e878 0000000000020014  c.sd     x14, 0x0(x8)
#8794 0 00000000000194ca     bd9d r 0000000000000000 0000000000000000  c.j      . - 0x18a
#8795 0 0000000000019340 40f989bb r 0000000000000013 0000000000000001  subw     x19, x19, x15
#8796 0 0000000000019344     4505 r 000000000000000a 0000000000000001  c.li     x10, 0x1
#8797 0 0000000000019346 02098b63 r 0000000000000000 0000000000000000  beq      x19, x0, . + 0x36
#8798 0 000000000001934a 010a3783 r 000000000000000f 0000000000000005  ld       x15, 0x10(x20)
#8799 0 000000000001934e     9ca6 r 0000000000000019 000000000001c464  c.add    x25, x9
#8800 0 0000000000019350 409c0c33 r 0000000000000018 0000000000000000  sub      x24, x24, x9
#8801 0 0000000000019354 409784b3 r 0000000000000009 0000000000000001  sub      x9, x15, x9
#8802 0 0000000000019358 009a3823 m 00000000fffff410 0000000000000001  sd       x9, 0x10(x20)
#8803 0 000000000001935c     f4c5 r 0000000000000000 0000000000000000  c.bnez   x9, . - 0x58
#8804 0 0000000000019304 080c0b63 r 0000000000000000 0000000000000000  beq      x24, x0, . + 0x96
#8805 0 000000000001939a 00893c03 r 0000000000000018 0000000000000001  ld       x24, 0x8(x18)
#8806 0 000000000001939e 00093c83 r 0000000000000019 00000000fffff47b  ld       x25, 0x0(x18)
#8807 0 00000000000193a2     0941 r 0000000000000012 00000000fffff4a0  c.addi   x18, 0x10
#8808 0 00000000000193a4 fe0c0be3 r 0000000000000000 0000000000000000  beq      x24, x0, . - 0xa
#8809 0 00000000000193a8     8662 r 000000000000000c 0000000000000001  c.mv     x12, x24
#8810 0 00000000000193aa     45a9 r 000000000000000b 000000000000000a  c.li     x11, 0xa
#8811 0 00000000000193ac     8566 r 000000000000000a 00000000fffff47b  c.mv     x10, x25
#8812 0 00000000000193ae f7bfb0ef r 0000000000000001 00000000000193b2  jal      x1, . - 0x4086
#8813 0 0000000000015328 00757793 r 000000000000000f 0000000000000003  andi     x15, x10, 7
#8814 0 000000000001532c 0ff5f693 r 000000000000000d 000000000000000a  andi     x13, x11, 255
#8815 0 0000000000015330     c395 r 0000000000000000 0000000000000000  c.beqz   x15, . + 0x24
#8816 0 0000000000015332 fff60793 r 000000000000000f 0000000000000000  addi     x15, x12, -1
#8817 0 0000000000015336     c605 r 0000000000000000 0000000000000000  c.beqz   x12, . + 0x28
#8818 0 0000000000015338     567d r 000000000000000c ffffffffffffffff  c.li     x12, -0x1
#8819 0 000000000001533a     a801 r 0000000000000000 0000000000000000  c.j      . + 0x10
#8820 0 000000000001534a 00054703 r 000000000000000e 0000000000000039  lbu      x14, 0x0(x10)
#8821 0 000000000001534e fed717e3 r 0000000000000000 0000000000000000  bne      x14, x13, . - 0x12
#8822 0 000000000001533c     0505 r 000000000000000a 00000000fffff47c  c.addi   x10, 0x1
#8823 0 000000000001533e 00757713 r 000000000000000e 0000000000000004  andi     x14, x10, 7
#8824 0 0000000000015342     cb11 r 0000000000000000 0000000000000000  c.beqz   x14, . + 0x14
#8825 0 0000000000015344     17fd r 000000000000000f ffffffffffffffff  c.addi   x15, -0x1
#8826 0 0000000000015346 00c78c63 r 0000000000000000 0000000000000000  beq      x15, x12, . + 0x18
#8827 0 000000000001535e     4501 r 000000000000000a 0000000000000000  c.li     x10, 0x0
#8828 0 0000000000015360     8082 r 0000000000000000 0000000000000000  c.jr     x1
#8829 0 00000000000193b2 12050f63 r 0000000000000000 0000000000000000  beq      x10, x0, . + 0x13e
#8830 0 00000000000194f0 001c099b r 0000000000000013 0000000000000002  addiw    x19, x24, 1
#8831 0 00000000000194f4     bd19 r 0000000000000000 0000000000000000  c.j      . - 0x1ea
#8832 0 000000000001930a     8bce r 0000000000000017 0000000000000002  c.mv     x23, x19
#8833 0 000000000001930c 013c7363 r 0000000000000000 0000000000000000  bgeu     x24, x19, . + 0x6
#8834 0 0000000000019310     8be2 r 0000000000000017 0000000000000001  c.mv     x23, x24
#8835 0 0000000000019312     6008 r 000000000000000a 0000000000020014  c.ld     x10, 0x0(x8)
#8836 0 0000000000019314     6c1c r 000000000000000f 0000000000020010  c.ld     x15, 0x18(x8)
#8837 0 0000000000019316     5014 r 000000000000000d 0000000000000400  c.lw     x13, 0x20(x8)
#8838 0 0000000000019318     84de r 0000000000000009 0000000000000001  c.mv     x9, x23
#8839 0 000000000001931a 00a7f763 r 0000000000000000 0000000000000000  bgeu     x15, x10, . + 0xe
#8840 0 000000000001931e     445c r 000000000000000f fffffffffffffffc  c.lw     x15, 0xc(x8)
#8841 0 0000000000019320 00d78b3b r 0000000000000016 00000000000003fc  addw     x22, x15, x13
#8842 0 0000000000019324 097b4d63 r 0000000000000000 0000000000000000  blt      x22, x23, . + 0x9a
#8843 0 0000000000019328 18dbc463 r 0000000000000000 0000000000000000  blt      x23, x13, . + 0x188
#8844 0 00000000000194b0     865e r 000000000000000c 0000000000000001  c.mv     x12, x23
#8845 0 00000000000194b2     85e6 r 000000000000000b 00000000fffff47b  c.mv     x11, x25
#8846 0 00000000000194b4 1ac000ef r 0000000000000001 00000000000194b8  jal      x1, . + 0x1ac
#8847 0 0000000000019660 02a5f263 r 0000000000000000 0000000000000000  bgeu     x11, x10, . + 0x24
#8848 0 0000000000019684     47fd r 000000000000000f 000000000000001f  c.li     x15, 0x1f
#8849 0 0000000000019686 02c7e163 r 0000000000000000 0000000000000000  bltu     x15, x12, . + 0x22
#8850 0 000000000001968a     87aa r 000000000000000f 0000000000020014  c.mv     x15, x10
#8851 0 000000000001968c fff60693 r 000000000000000d 0000000000000000  addi     x13, x12, -1
#8852 0 0000000000019690     c245 r 0000000000000000 0000000000000000  c.beqz   x12, . + 0xa0
#8853 0 0000000000019692     0685 r 000000000000000d 0000000000000001  c.addi   x13, 0x1
#8854 0 0000000000019694     96be r 000000000000000d 0000000000020015  c.add    x13, x15
#8855 0 0000000000019696 0005c703 r 000000000000000e 0000000000000039  lbu      x14, 0x0(x11)
#8856 0 000000000001969a     0785 r 000000000000000f 0000000000020015  c.addi   x15, 0x1
#8857 0 000000000001969c     0585 r 000000000000000b 00000000fffff47c  c.addi   x11, 0x1
#8858 0 000000000001969e fee78fa3 m 0000000000020014 0000000000000039  sb       x14, -0x1(x15)
#8859 0 00000000000196a2 fed79ae3 r 0000000000000000 0000000000000000  bne      x15, x13, . - 0xc
#8860 0 00000000000196a6     8082 r 0000000000000000 0000000000000000  c.jr     x1
#8861 0 00000000000194b8     4454 r 000000000000000d fffffffffffffffc  c.lw     x13, 0xc(x8)
#8862 0 00000000000194ba     6018 r 000000000000000e 0000000000020014  c.ld     x14, 0x0(x8)
#8863 0 00000000000194bc 000b879b r 000000000000000f 0000000000000001  addiw    x15, x23, 0
#8864 0 00000000000194c0 417686bb r 000000000000000d fffffffffffffffb  subw     x13, x13, x23
#8865 0 00000000000194c4     975e r 000000000000000e 0000000000020015  c.add    x14, x23
#8866 0 00000000000194c6     c454 m 000000000001e884 00000000fffffffb  c.sw     x13, 0xc(x8)
#8867 0 00000000000194c8     e018 m 000000000001e878 0000000000020015  c.sd     x14, 0x0(x8)
#8868 0 00000000000194ca     bd9d r 0000000000000000 0000000000000000  c.j      . - 0x18a
#8869 0 0000000000019340 40f989bb r 0000000000000013 0000000000000001  subw     x19, x19, x15
#8870 0 0000000000019344     4505 r 000000000000000a 0000000000000001  c.li     x10, 0x1
#8871 0 0000000000019346 02098b63 r 0000000000000000 0000000000000000  beq      x19, x0, . + 0x36
#8872 0 000000000001934a 010a3783 r 000000000000000f 0000000000000001  ld       x15, 0x10(x20)
#8873 0 000000000001934e     9ca6 r 0000000000000019 00000000fffff47c  c.add    x25, x9
#8874 0 0000000000019350 409c0c33 r 0000000000000018 0000000000000000  sub      x24, x24, x9
#8875 0 0000000000019354 409784b3 r 0000000000000009 0000000000000000  sub      x9, x15, x9
#8876 0 0000000000019358 009a3823 m 00000000fffff410 0000000000000000  sd       x9, 0x10(x20)
#8877 0 000000000001935c     f4c5 r 0000000000000000 0000000000000000  c.bnez   x9, . - 0x58
#8878 0 000000000001935e     4501 r 000000000000000a 0000000000000000  c.li     x10, 0x0
#8879 0 0000000000019360     60e6 r 0000000000000001 000000000001809a  c.ldsp   x1, 0x58
#8880 0 0000000000019362     6446 r 0000000000000008 000000000001c466  c.ldsp   x8, 0x50
#8881 0 0000000000019364     64a6 r 0000000000000009 0000000000000000  c.ldsp   x9, 0x48
#8882 0 0000000000019366     6906 r 0000000000000012 000000000001e878  c.ldsp   x18, 0x40
#8883 0 0000000000019368     79e2 r 0000000000000013 0000000000000001  c.ldsp   x19, 0x38
#8884 0 000000000001936a     7a42 r 0000000000000014 000000000001e290  c.ldsp   x20, 0x30
#8885 0 000000000001936c     7aa2 r 0000000000000015 00000000fffff400  c.ldsp   x21, 0x28
#8886 0 000000000001936e     7b02 r 0000000000000016 00000000fffff480  c.ldsp   x22, 0x20
#8887 0 0000000000019370     6be2 r 0000000000000017 0000000000000001  c.ldsp   x23, 0x18
#8888 0 0000000000019372     6c42 r 0000000000000018 fffffffffffffffe  c.ldsp   x24, 0x10
#8889 0 0000000000019374     6ca2 r 0000000000000019 00000000fffff47b  c.ldsp   x25, 0x8
#8890 0 0000000000019376     6d02 r 000000000000001a 0000000000000064  c.ldsp   x26, 0x0
#8891 0 0000000000019378     6125 r 0000000000000002 00000000fffff2a0  c.addi16sp 0x6
#8892 0 000000000001937a     8082 r 0000000000000000 0000000000000000  c.jr     x1
#8893 0 000000000001809a     b7e1 r 0000000000000000 0000000000000000  c.j      . - 0x38
#8894 0 0000000000018062     60a6 r 0000000000000001 0000000000010f14  c.ldsp   x1, 0x48
#8895 0 0000000000018064     6406 r 0000000000000008 000000000001c466  c.ldsp   x8, 0x40
#8896 0 0000000000018066 000ab823 m 00000000fffff410 0000000000000000  sd       x0, 0x10(x21)
#8897 0 000000000001806a 000aa423 m 00000000fffff408 0000000000000000  sw       x0, 0x8(x21)
#8898 0 000000000001806e     74e2 r 0000000000000009 0000000000000000  c.ldsp   x9, 0x38
#8899 0 0000000000018070     7942 r 0000000000000012 000000000001e878  c.ldsp   x18, 0x30
#8900 0 0000000000018072     79a2 r 0000000000000013 0000000000000001  c.ldsp   x19, 0x28
#8901 0 0000000000018074     7a02 r 0000000000000014 000000000001e290  c.ldsp   x20, 0x20
#8902 0 0000000000018076     6ae2 r 0000000000000015 0000000000000000  c.ldsp   x21, 0x18
#8903 0 0000000000018078     6b42 r 0000000000000016 00000000fffff480  c.ldsp   x22, 0x10
#8904 0 000000000001807a     6ba2 r 0000000000000017 0000000000000001  c.ldsp   x23, 0x8
#8905 0 000000000001807c     6161 r 0000000000000002 00000000fffff2f0  c.addi16sp 0x5
#8906 0 000000000001807e     8082 r 0000000000000000 0000000000000000  c.jr     x1
#8907 0 0000000000010f14 ec050263 r 0000000000000000 0000000000000000  beq      x10, x0, . - 0x93c
#8908 0 00000000000105d8     67e2 r 000000000000000f 0000000000000000  c.ldsp   x15, 0x18
#8909 0 00000000000105da 10012c23 m 00000000fffff408 0000000000000000  sw       x0, 0x118(x2)
#8910 0 00000000000105de     c789 r 0000000000000000 0000000000000000  c.beqz   x15, . + 0xa
#8911 0 00000000000105e8     835a r 0000000000000006 00000000fffff480  c.mv     x6, x22
#8912 0 00000000000105ea     8ca2 r 0000000000000019 000000000001c466  c.mv     x25, x8
#8913 0 00000000000105ec 000cc783 r 000000000000000f 000000000000000a  lbu      x15, 0x0(x25)
#8914 0 00000000000105f0 e2079fe3 r 0000000000000000 0000000000000000  bne      x15, x0, . - 0x1c2
#8915 0 000000000001042e     8466 r 0000000000000008 000000000001c466  c.mv     x8, x25
#8916 0 0000000000010430 02500713 r 000000000000000e 0000000000000025  addi     x14, x0, 37
#8917 0 0000000000010434 30e78363 r 0000000000000000 0000000000000000  beq      x15, x14, . + 0x306
#8918 0 0000000000010438 00144783 r 000000000000000f 0000000000000000  lbu      x15, 0x1(x8)
#8919 0 000000000001043c     0405 r 0000000000000008 000000000001c467  c.addi   x8, 0x1
#8920 0 000000000001043e     fbfd r 0000000000000000 0000000000000000  c.bnez   x15, . - 0xa
#8921 0 0000000000010440 419404bb r 0000000000000009 0000000000000001  subw     x9, x8, x25
#8922 0 0000000000010444 1a048863 r 0000000000000000 0000000000000000  beq      x9, x0, . + 0x1b0
#8923 0 0000000000010448     7712 r 000000000000000e 0000000000000000  c.ldsp   x14, 0x120
#8924 0 000000000001044a 11812783 r 000000000000000f 0000000000000000  lw       x15, 0x118(x2)
#8925 0 000000000001044e 01933023 m 00000000fffff480 000000000001c466  sd       x25, 0x0(x6)
#8926 0 0000000000010452     9726 r 000000000000000e 0000000000000001  c.add    x14, x9
#8927 0 0000000000010454     2785 r 000000000000000f 0000000000000001  c.addiw  x15, 0x1
#8928 0 0000000000010456 00933423 m 00000000fffff488 0000000000000001  sd       x9, 0x8(x6)
#8929 0 000000000001045a     f23a m 00000000fffff410 0000000000000001  c.sdsp   x14, 0x120
#8930 0 000000000001045c 10f12c23 m 00000000fffff408 0000000000000001  sw       x15, 0x118(x2)
#8931 0 0000000000010460 0007871b r 000000000000000e 0000000000000001  addiw    x14, x15, 0
#8932 0 0000000000010464     479d r 000000000000000f 0000000000000007  c.li     x15, 0x7
#8933 0 0000000000010466     0341 r 0000000000000006 00000000fffff490  c.addi   x6, 0x10
#8934 0 0000000000010468 2ee7c063 r 0000000000000000 0000000000000000  blt      x15, x14, . + 0x2e0
#8935 0 000000000001046c     6722 r 000000000000000e 0000000000000005  c.ldsp   x14, 0x8
#8936 0 000000000001046e 00044783 r 000000000000000f 0000000000000000  lbu      x15, 0x0(x8)
#8937 0 0000000000010472     9f25 r 000000000000000e 0000000000000006  c.addw   x14, x9
#8938 0 0000000000010474     e43a m 00000000fffff2f8 0000000000000006  c.sdsp   x14, 0x8
#8939 0 0000000000010476 16078f63 r 0000000000000000 0000000000000000  beq      x15, x0, . + 0x17e
#8940 0 00000000000105f4     7792 r 000000000000000f 0000000000000001  c.ldsp   x15, 0x120
#8941 0 00000000000105f6     c399 r 0000000000000000 0000000000000000  c.beqz   x15, . + 0x6
#8942 0 00000000000105f8 2620106f r 0000000000000000 0000000000000000  j        . + 0x1262
#8943 0 000000000001185a     0a10 r 000000000000000c 00000000fffff400  c.addi4spn  x12, 0x44
#8944 0 000000000001185c     85ca r 000000000000000b 000000000001e878  c.mv     x11, x18
#8945 0 000000000001185e     8552 r 000000000000000a 000000000001e290  c.mv     x10, x20
#8946 0 0000000000011860 03d060ef r 0000000000000001 0000000000011864  jal      x1, . + 0x683c
#8947 0 000000000001809c     6a18 r 000000000000000e 0000000000000001  c.ld     x14, 0x10(x12)
#8948 0 000000000001809e     c311 r 0000000000000000 0000000000000000  c.beqz   x14, . + 0x4
#8949 0 00000000000180a0     bfa1 r 0000000000000000 0000000000000000  c.j      . - 0xa8
#8950 0 0000000000017ff8 0ac5a783 r 000000000000000f 0000000000000000  lw       x15, 0xac(x11)
#8951 0 0000000000017ffc     715d r 0000000000000002 00000000fffff2a0  c.addi16sp -0x5
#8952 0 0000000000017ffe     6709 r 000000000000000e 0000000000002000  c.lui    x14, 0x2
#8953 0 0000000000018000     ec56 m 00000000fffff2b8 0000000000000000  c.sdsp   x21, 0x18
#8954 0 0000000000018002     e486 m 00000000fffff2e8 0000000000011864  c.sdsp   x1, 0x48
#8955 0 0000000000018004     e0a2 m 00000000fffff2e0 000000000001c467  c.sdsp   x8, 0x40
#8956 0 0000000000018006     fc26 m 00000000fffff2d8 0000000000000001  c.sdsp   x9, 0x38
#8957 0 0000000000018008     f84a m 00000000fffff2d0 000000000001e878  c.sdsp   x18, 0x30
#8958 0 000000000001800a     f44e m 00000000fffff2c8 0000000000000001  c.sdsp   x19, 0x28
#8959 0 000000000001800c     f052 m 00000000fffff2c0 000000000001e290  c.sdsp   x20, 0x20
#8960 0 000000000001800e     e85a m 00000000fffff2b0 00000000fffff480  c.sdsp   x22, 0x10
#8961 0 0000000000018010     e45e m 00000000fffff2a8 0000000000000001  c.sdsp   x23, 0x8
#8962 0 0000000000018012     8ff9 r 000000000000000f 0000000000000000  c.and    x15, x14
#8963 0 0000000000018014     8ab2 r 0000000000000015 00000000fffff400  c.mv     x21, x12
#8964 0 0000000000018016     c3c1 r 0000000000000000 0000000000000000  c.beqz   x15, . + 0x80
#8965 0 0000000000018096 146010ef r 0000000000000001 000000000001809a  jal      x1, . + 0x1146
#8966 0 00000000000191dc     6a1c r 000000000000000f 0000000000000001  c.ld     x15, 0x10(x12)
#8967 0 00000000000191de 1a078c63 r 0000000000000000 0000000000000000  beq      x15, x0, . + 0x1b8
#8968 0 00000000000191e2 0105d783 r 000000000000000f 0000000000002889  lhu      x15, 0x10(x11)
#8969 0 00000000000191e6     711d r 0000000000000002 00000000fffff240  c.addi16sp -0x6
#8970 0 00000000000191e8     e8a2 m 00000000fffff290 000000000001c467  c.sdsp   x8, 0x50
#8971 0 00000000000191ea     f852 m 00000000fffff270 000000000001e290  c.sdsp   x20, 0x30
#8972 0 00000000000191ec     f456 m 00000000fffff268 00000000fffff400  c.sdsp   x21, 0x28
#8973 0 00000000000191ee     ec86 m 00000000fffff298 000000000001809a  c.sdsp   x1, 0x58
#8974 0 00000000000191f0     e4a6 m 00000000fffff288 0000000000000001  c.sdsp   x9, 0x48
#8975 0 00000000000191f2     e0ca m 00000000fffff280 000000000001e878  c.sdsp   x18, 0x40
#8976 0 00000000000191f4     fc4e m 00000000fffff278 0000000000000001  c.sdsp   x19, 0x38
#8977 0 00000000000191f6     f05a m 00000000fffff260 00000000fffff480  c.sdsp   x22, 0x20
#8978 0 00000000000191f8     ec5e m 00000000fffff258 0000000000000001  c.sdsp   x23, 0x18
#8979 0 00000000000191fa     e862 m 00000000fffff250 fffffffffffffffe  c.sdsp   x24, 0x10
#8980 0 00000000000191fc     e466 m 00000000fffff248 000000000001c466  c.sdsp   x25, 0x8
#8981 0 00000000000191fe     e06a m 00000000fffff240 0000000000000064  c.sdsp   x26, 0x0
#8982 0 0000000000019200 0087f713 r 000000000000000e 0000000000000008  andi     x14, x15, 8
#8983 0 0000000000019204     8a32 r 0000000000000014 00000000fffff400  c.mv     x20, x12
#8984 0 0000000000019206     8aaa r 0000000000000015 000000000001e290  c.mv     x21, x10
#8985 0 0000000000019208     842e r 0000000000000008 000000000001e878  c.mv     x8, x11
#8986 0 000000000001920a     c325 r 0000000000000000 0000000000000000  c.beqz   x14, . + 0x60
#8987 0 000000000001920c     6d98 r 000000000000000e 0000000000020010  c.ld     x14, 0x18(x11)
#8988 0 000000000001920e     cf31 r 0000000000000000 0000000000000000  c.beqz   x14, . + 0x5c
#8989 0 0000000000019210 0027f713 r 000000000000000e 0000000000000000  andi     x14, x15, 2
#8990 0 0000000000019214 000a3903 r 0000000000000012 00000000fffff480  ld       x18, 0x0(x20)
#8991 0 0000000000019218     c735 r 0000000000000000 0000000000000000  c.beqz   x14, . + 0x6c
#8992 0 0000000000019284 0017f713 r 000000000000000e 0000000000000001  andi     x14, x15, 1
#8993 0 0000000000019288     eb35 r 0000000000000000 0000000000000000  c.bnez   x14, . + 0x74
#8994 0 00000000000192fc     4981 r 0000000000000013 0000000000000000  c.li     x19, 0x0
#8995 0 00000000000192fe     4501 r 000000000000000a 0000000000000000  c.li     x10, 0x0
#8996 0 0000000000019300     4c81 r 0000000000000019 0000000000000000  c.li     x25, 0x0
#8997 0 0000000000019302     4c01 r 0000000000000018 0000000000000000  c.li     x24, 0x0
#8998 0 0000000000019304 080c0b63 r 0000000000000000 0000000000000000  beq      x24, x0, . + 0x96
#8999 0 000000000001939a 00893c03 r 0000000000000018 0000000000000001  ld       x24, 0x8(x18)
#9000 0 000000000001939e 00093c83 r 0000000000000019 000000000001c466  ld       x25, 0x0(x18)
#9001 0 00000000000193a2     0941 r 0000000000000012 00000000fffff490  c.addi   x18, 0x10
#9002 0 00000000000193a4 fe0c0be3 r 0000000000000000 0000000000000000  beq      x24, x0, . - 0xa
#9003 0 00000000000193a8     8662 r 000000000000000c 0000000000000001  c.mv     x12, x24
#9004 0 00000000000193aa     45a9 r 000000000000000b 000000000000000a  c.li     x11, 0xa
#9005 0 00000000000193ac     8566 r 000000000000000a 000000000001c466  c.mv     x10, x25
#9006 0 00000000000193ae f7bfb0ef r 0000000000000001 00000000000193b2  jal      x1, . - 0x4086
#9007 0 0000000000015328 00757793 r 000000000000000f 0000000000000006  andi     x15, x10, 7
#9008 0 000000000001532c 0ff5f693 r 000000000000000d 000000000000000a  andi     x13, x11, 255
#9009 0 0000000000015330     c395 r 0000000000000000 0000000000000000  c.beqz   x15, . + 0x24
#9010 0 0000000000015332 fff60793 r 000000000000000f 0000000000000000  addi     x15, x12, -1
#9011 0 0000000000015336     c605 r 0000000000000000 0000000000000000  c.beqz   x12, . + 0x28
#9012 0 0000000000015338     567d r 000000000000000c ffffffffffffffff  c.li     x12, -0x1
#9013 0 000000000001533a     a801 r 0000000000000000 0000000000000000  c.j      . + 0x10
#9014 0 000000000001534a 00054703 r 000000000000000e 000000000000000a  lbu      x14, 0x0(x10)
#9015 0 000000000001534e fed717e3 r 0000000000000000 0000000000000000  bne      x14, x13, . - 0x12
#9016 0 0000000000015352     8082 r 0000000000000000 0000000000000000  c.jr     x1
#9017 0 00000000000193b2 12050f63 r 0000000000000000 0000000000000000  beq      x10, x0, . + 0x13e
#9018 0 00000000000193b6     0505 r 000000000000000a 000000000001c467  c.addi   x10, 0x1
#9019 0 00000000000193b8 419509bb r 0000000000000013 0000000000000001  subw     x19, x10, x25
#9020 0 00000000000193bc     b7b9 r 0000000000000000 0000000000000000  c.j      . - 0xb2
#9021 0 000000000001930a     8bce r 0000000000000017 0000000000000001  c.mv     x23, x19
#9022 0 000000000001930c 013c7363 r 0000000000000000 0000000000000000  bgeu     x24, x19, . + 0x6
#9023 0 0000000000019312     6008 r 000000000000000a 0000000000020015  c.ld     x10, 0x0(x8)
#9024 0 0000000000019314     6c1c r 000000000000000f 0000000000020010  c.ld     x15, 0x18(x8)
#9025 0 0000000000019316     5014 r 000000000000000d 0000000000000400  c.lw     x13, 0x20(x8)
#9026 0 0000000000019318     84de r 0000000000000009 0000000000000001  c.mv     x9, x23
#9027 0 000000000001931a 00a7f763 r 0000000000000000 0000000000000000  bgeu     x15, x10, . + 0xe
#9028 0 000000000001931e     445c r 000000000000000f fffffffffffffffb  c.lw     x15, 0xc(x8)
#9029 0 0000000000019320 00d78b3b r 0000000000000016 00000000000003fb  addw     x22, x15, x13
#9030 0 0000000000019324 097b4d63 r 0000000000000000 0000000000000000  blt      x22, x23, . + 0x9a
#9031 0 0000000000019328 18dbc463 r 0000000000000000 0000000000000000  blt      x23, x13, . + 0x188
#9032 0 00000000000194b0     865e r 000000000000000c 0000000000000001  c.mv     x12, x23
#9033 0 00000000000194b2     85e6 r 000000000000000b 000000000001c466  c.mv     x11, x25
#9034 0 00000000000194b4 1ac000ef r 0000000000000001 00000000000194b8  jal      x1, . + 0x1ac
#9035 0 0000000000019660 02a5f263 r 0000000000000000 0000000000000000  bgeu     x11, x10, . + 0x24
#9036 0 0000000000019664 00c587b3 r 000000000000000f 000000000001c467  add      x15, x11, x12
#9037 0 0000000000019668 00f57e63 r 0000000000000000 0000000000000000  bgeu     x10, x15, . + 0x1c
#9038 0 0000000000019684     47fd r 000000000000000f 000000000000001f  c.li     x15, 0x1f
#9039 0 0000000000019686 02c7e163 r 0000000000000000 0000000000000000  bltu     x15, x12, . + 0x22
#9040 0 000000000001968a     87aa r 000000000000000f 0000000000020015  c.mv     x15, x10
#9041 0 000000000001968c fff60693 r 000000000000000d 0000000000000000  addi     x13, x12, -1
#9042 0 0000000000019690     c245 r 0000000000000000 0000000000000000  c.beqz   x12, . + 0xa0
#9043 0 0000000000019692     0685 r 000000000000000d 0000000000000001  c.addi   x13, 0x1
#9044 0 0000000000019694     96be r 000000000000000d 0000000000020016  c.add    x13, x15
#9045 0 0000000000019696 0005c703 r 000000000000000e 000000000000000a  lbu      x14, 0x0(x11)
#9046 0 000000000001969a     0785 r 000000000000000f 0000000000020016  c.addi   x15, 0x1
#9047 0 000000000001969c     0585 r 000000000000000b 000000000001c467  c.addi   x11, 0x1
#9048 0 000000000001969e fee78fa3 m 0000000000020015 000000000000000a  sb       x14, -0x1(x15)
#9049 0 00000000000196a2 fed79ae3 r 0000000000000000 0000000000000000  bne      x15, x13, . - 0xc
#9050 0 00000000000196a6     8082 r 0000000000000000 0000000000000000  c.jr     x1
#9051 0 00000000000194b8     4454 r 000000000000000d fffffffffffffffb  c.lw     x13, 0xc(x8)
#9052 0 00000000000194ba     6018 r 000000000000000e 0000000000020015  c.ld     x14, 0x0(x8)
#9053 0 00000000000194bc 000b879b r 000000000000000f 0000000000000001  addiw    x15, x23, 0
#9054 0 00000000000194c0 417686bb r 000000000000000d fffffffffffffffa  subw     x13, x13, x23
#9055 0 00000000000194c4     975e r 000000000000000e 0000000000020016  c.add    x14, x23
#9056 0 00000000000194c6     c454 m 000000000001e884 00000000fffffffa  c.sw     x13, 0xc(x8)
#9057 0 00000000000194c8     e018 m 000000000001e878 0000000000020016  c.sd     x14, 0x0(x8)
#9058 0 00000000000194ca     bd9d r 0000000000000000 0000000000000000  c.j      . - 0x18a
#9059 0 0000000000019340 40f989bb r 0000000000000013 0000000000000000  subw     x19, x19, x15
#9060 0 0000000000019344     4505 r 000000000000000a 0000000000000001  c.li     x10, 0x1
#9061 0 0000000000019346 02098b63 r 0000000000000000 0000000000000000  beq      x19, x0, . + 0x36
#9062 0 000000000001937c     85a2 r 000000000000000b 000000000001e878  c.mv     x11, x8
#9063 0 000000000001937e     8556 r 000000000000000a 000000000001e290  c.mv     x10, x21
#9064 0 0000000000019380 f0ff80ef r 0000000000000001 0000000000019384  jal      x1, . - 0x70f2
#9065 0 000000000001228e     1101 r 0000000000000002 00000000fffff220  c.addi   x2, -0x20
#9066 0 0000000000012290     e822 m 00000000fffff230 000000000001e878  c.sdsp   x8, 0x10
#9067 0 0000000000012292     ec06 m 00000000fffff238 0000000000019384  c.sdsp   x1, 0x18
#9068 0 0000000000012294     842a r 0000000000000008 000000000001e290  c.mv     x8, x10
#9069 0 0000000000012296     c119 r 0000000000000000 0000000000000000  c.beqz   x10, . + 0x6
#9070 0 0000000000012298     493c r 000000000000000f 0000000000000001  c.lw     x15, 0x50(x10)
#9071 0 000000000001229a     cb89 r 0000000000000000 0000000000000000  c.beqz   x15, . + 0x12
#9072 0 000000000001229c 01059783 r 000000000000000f 0000000000002889  lh       x15, 0x10(x11)
#9073 0 00000000000122a0     ef89 r 0000000000000000 0000000000000000  c.bnez   x15, . + 0x1a
#9074 0 00000000000122ba     8522 r 000000000000000a 000000000001e290  c.mv     x10, x8
#9075 0 00000000000122bc     6442 r 0000000000000008 000000000001e878  c.ldsp   x8, 0x10
#9076 0 00000000000122be     60e2 r 0000000000000001 0000000000019384  c.ldsp   x1, 0x18
#9077 0 00000000000122c0     6105 r 0000000000000002 00000000fffff240  c.addi16sp 0x2
#9078 0 00000000000122c2     bd2d r 0000000000000000 0000000000000000  c.j      . - 0x1c6
#9079 0 00000000000120fc 01059783 r 000000000000000f 0000000000002889  lh       x15, 0x10(x11)
#9080 0 0000000000012100     7179 r 0000000000000002 00000000fffff210  c.addi16sp -0x3
#9081 0 0000000000012102     f022 m 00000000fffff230 000000000001e878  c.sdsp   x8, 0x20
#9082 0 0000000000012104     e44e m 00000000fffff218 0000000000000000  c.sdsp   x19, 0x8
#9083 0 0000000000012106     f406 m 00000000fffff238 0000000000019384  c.sdsp   x1, 0x28
#9084 0 0000000000012108     ec26 m 00000000fffff228 0000000000000001  c.sdsp   x9, 0x18
#9085 0 000000000001210a     e84a m 00000000fffff220 00000000fffff490  c.sdsp   x18, 0x10
#9086 0 000000000001210c 0087f693 r 000000000000000d 0000000000000008  andi     x13, x15, 8
#9087 0 0000000000012110     842e r 0000000000000008 000000000001e878  c.mv     x8, x11
#9088 0 0000000000012112     89aa r 0000000000000013 000000000001e290  c.mv     x19, x10
#9089 0 0000000000012114     ead5 r 0000000000000000 0000000000000000  c.bnez   x13, . + 0xb4
#9090 0 00000000000121c8 0185b903 r 0000000000000012 0000000000020010  ld       x18, 0x18(x11)
#9091 0 00000000000121cc fe0906e3 r 0000000000000000 0000000000000000  beq      x18, x0, . - 0x14
#9092 0 00000000000121d0     6184 r 0000000000000009 0000000000020016  c.ld     x9, 0x0(x11)
#9093 0 00000000000121d2 03079713 r 000000000000000e 2889000000000000  slli     x14, x15, 48
#9094 0 00000000000121d6     9341 r 000000000000000e 0000000000002889  c.srli   x14, 0x30
#9095 0 00000000000121d8     8b0d r 000000000000000e 0000000000000001  c.andi   x14, 0x3
#9096 0 00000000000121da 0125b023 m 000000000001e878 0000000000020010  sd       x18, 0x0(x11)
#9097 0 00000000000121de 412484bb r 0000000000000009 0000000000000006  subw     x9, x9, x18
#9098 0 00000000000121e2     4781 r 000000000000000f 0000000000000000  c.li     x15, 0x0
#9099 0 00000000000121e4     e311 r 0000000000000000 0000000000000000  c.bnez   x14, . + 0x4
#9100 0 00000000000121e8     c45c m 000000000001e884 0000000000000000  c.sw     x15, 0xc(x8)
#9101 0 00000000000121ea 00904663 r 0000000000000000 0000000000000000  blt      x0, x9, . + 0xc
#9102 0 00000000000121f6     603c r 000000000000000f 00000000000161c4  c.ld     x15, 0x40(x8)
#9103 0 00000000000121f8     780c r 000000000000000b 000000000001e878  c.ld     x11, 0x30(x8)
#9104 0 00000000000121fa     86a6 r 000000000000000d 0000000000000006  c.mv     x13, x9
#9105 0 00000000000121fc     864a r 000000000000000c 0000000000020010  c.mv     x12, x18
#9106 0 00000000000121fe     854e r 000000000000000a 000000000001e290  c.mv     x10, x19
#9107 0 0000000000012200     9782 r 0000000000000001 0000000000012202  c.jalr   x15
#9108 0 00000000000161c4 01059783 r 000000000000000f 0000000000002889  lh       x15, 0x10(x11)
#9109 0 00000000000161c8     7179 r 0000000000000002 00000000fffff1e0  c.addi16sp -0x3
#9110 0 00000000000161ca     f022 m 00000000fffff200 000000000001e878  c.sdsp   x8, 0x20
#9111 0 00000000000161cc     ec26 m 00000000fffff1f8 0000000000000006  c.sdsp   x9, 0x18
#9112 0 00000000000161ce     e84a m 00000000fffff1f0 0000000000020010  c.sdsp   x18, 0x10
#9113 0 00000000000161d0     e44e m 00000000fffff1e8 000000000001e290  c.sdsp   x19, 0x8
#9114 0 00000000000161d2     f406 m 00000000fffff208 0000000000012202  c.sdsp   x1, 0x28
#9115 0 00000000000161d4 1007f713 r 000000000000000e 0000000000000000  andi     x14, x15, 256
#9116 0 00000000000161d8     842e r 0000000000000008 000000000001e878  c.mv     x8, x11
#9117 0 00000000000161da     84aa r 0000000000000009 000000000001e290  c.mv     x9, x10
#9118 0 00000000000161dc 01259583 r 000000000000000b 0000000000000001  lh       x11, 0x12(x11)
#9119 0 00000000000161e0     8932 r 0000000000000012 0000000000020010  c.mv     x18, x12
#9120 0 00000000000161e2     89b6 r 0000000000000013 0000000000000006  c.mv     x19, x13
#9121 0 00000000000161e4     e30d r 0000000000000000 0000000000000000  c.bnez   x14, . + 0x22
#9122 0 00000000000161e6     777d r 000000000000000e fffffffffffff000  c.lui    x14, 0xfffff
#9123 0 00000000000161e8     177d r 000000000000000e ffffffffffffefff  c.addi   x14, -0x1
#9124 0 00000000000161ea     8ff9 r 000000000000000f 0000000000002889  c.and    x15, x14
#9125 0 00000000000161ec 00f41823 m 000000000001e888 0000000000002889  sh       x15, 0x10(x8)
#9126 0 00000000000161f0     7402 r 0000000000000008 000000000001e878  c.ldsp   x8, 0x20
#9127 0 00000000000161f2     70a2 r 0000000000000001 0000000000012202  c.ldsp   x1, 0x28
#9128 0 00000000000161f4     86ce r 000000000000000d 0000000000000006  c.mv     x13, x19
#9129 0 00000000000161f6     864a r 000000000000000c 0000000000020010  c.mv     x12, x18
#9130 0 00000000000161f8     69a2 r 0000000000000013 000000000001e290  c.ldsp   x19, 0x8
#9131 0 00000000000161fa     6942 r 0000000000000012 0000000000020010  c.ldsp   x18, 0x10
#9132 0 00000000000161fc     8526 r 000000000000000a 000000000001e290  c.mv     x10, x9
#9133 0 00000000000161fe     64e2 r 0000000000000009 0000000000000006  c.ldsp   x9, 0x18
#9134 0 0000000000016200     6145 r 0000000000000002 00000000fffff210  c.addi16sp 0x3
#9135 0 0000000000016202 3a70206f r 0000000000000000 0000000000000000  j        . + 0x2ba6
#9136 0 0000000000018da8     1101 r 0000000000000002 00000000fffff1f0  c.addi   x2, -0x20
#9137 0 0000000000018daa     872e r 000000000000000e 0000000000000001  c.mv     x14, x11
#9138 0 0000000000018dac     e822 m 00000000fffff200 000000000001e878  c.sdsp   x8, 0x10
#9139 0 0000000000018dae     e426 m 00000000fffff1f8 0000000000000006  c.sdsp   x9, 0x8
#9140 0 0000000000018db0     85b2 r 000000000000000b 0000000000020010  c.mv     x11, x12
#9141 0 0000000000018db2     842a r 0000000000000008 000000000001e290  c.mv     x8, x10
#9142 0 0000000000018db4     8636 r 000000000000000c 0000000000000006  c.mv     x12, x13
#9143 0 0000000000018db6     853a r 000000000000000a 0000000000000001  c.mv     x10, x14
#9144 0 0000000000018db8     ec06 m 00000000fffff208 0000000000012202  c.sdsp   x1, 0x18
#9145 0 0000000000018dba 7801a823 m 000000000001f408 0000000000000000  sw       x0, 0x790(x3)
#9146 0 0000000000018dbe 208020ef r 0000000000000001 0000000000018dc2  jal      x1, . + 0x2208
#9147 0 000000000001afc6     1141 r 0000000000000002 00000000fffff1e0  c.addi   x2, -0x10
#9148 0 000000000001afc8     e406 m 00000000fffff1e8 0000000000018dc2  c.sdsp   x1, 0x8
#9149 0 000000000001afca     e022 m 00000000fffff1e0 000000000001e290  c.sdsp   x8, 0x0
#9150 0 000000000001afcc 04000893 r 0000000000000011 0000000000000040  addi     x17, x0, 64
#9151 0 000000000001afd0 00000073 r 000000000000000a 0000000000000006  ecall    
#9152 0 000000000001afd4     842a r 0000000000000008 0000000000000006  c.mv     x8, x10
#9153 0 000000000001afd6 00054763 r 0000000000000000 0000000000000000  blt      x10, x0, . + 0xe
#9154 0 000000000001afda     60a2 r 0000000000000001 0000000000018dc2  c.ldsp   x1, 0x8
#9155 0 000000000001afdc     8522 r 000000000000000a 0000000000000006  c.mv     x10, x8
#9156 0 000000000001afde     6402 r 0000000000000008 000000000001e290  c.ldsp   x8, 0x0
#9157 0 000000000001afe0     0141 r 0000000000000002 00000000fffff1f0  c.addi   x2, 0x10
#9158 0 000000000001afe2     8082 r 0000000000000000 0000000000000000  c.jr     x1
#9159 0 0000000000018dc2     57fd r 000000000000000f ffffffffffffffff  c.li     x15, -0x1
#9160 0 0000000000018dc4 00f50763 r 0000000000000000 0000000000000000  beq      x10, x15, . + 0xe
#9161 0 0000000000018dc8     60e2 r 0000000000000001 0000000000012202  c.ldsp   x1, 0x18
#9162 0 0000000000018dca     6442 r 0000000000000008 000000000001e878  c.ldsp   x8, 0x10
#9163 0 0000000000018dcc     64a2 r 0000000000000009 0000000000000006  c.ldsp   x9, 0x8
#9164 0 0000000000018dce     6105 r 0000000000000002 00000000fffff210  c.addi16sp 0x2
#9165 0 0000000000018dd0     8082 r 0000000000000000 0000000000000000  c.jr     x1
#9166 0 0000000000012202     9c89 r 0000000000000009 0000000000000000  c.subw   x9, x10
#9167 0 0000000000012204 fea046e3 r 0000000000000000 0000000000000000  blt      x0, x10, . - 0x14
#9168 0 00000000000121f0     992a r 0000000000000012 0000000000020016  c.add    x18, x10
#9169 0 00000000000121f2 fc9053e3 r 0000000000000000 0000000000000000  bge      x0, x9, . - 0x3a
#9170 0 00000000000121b8     4501 r 000000000000000a 0000000000000000  c.li     x10, 0x0
#9171 0 00000000000121ba     70a2 r 0000000000000001 0000000000019384  c.ldsp   x1, 0x28
#9172 0 00000000000121bc     7402 r 0000000000000008 000000000001e878  c.ldsp   x8, 0x20
#9173 0 00000000000121be     64e2 r 0000000000000009 0000000000000001  c.ldsp   x9, 0x18
#9174 0 00000000000121c0     6942 r 0000000000000012 00000000fffff490  c.ldsp   x18, 0x10
#9175 0 00000000000121c2     69a2 r 0000000000000013 0000000000000000  c.ldsp   x19, 0x8
#9176 0 00000000000121c4     6145 r 0000000000000002 00000000fffff240  c.addi16sp 0x3
#9177 0 00000000000121c6     8082 r 0000000000000000 0000000000000000  c.jr     x1
#9178 0 0000000000019384     d179 r 0000000000000000 0000000000000000  c.beqz   x10, . - 0x3a
#9179 0 000000000001934a 010a3783 r 000000000000000f 0000000000000001  ld       x15, 0x10(x20)
#9180 0 000000000001934e     9ca6 r 0000000000000019 000000000001c467  c.add    x25, x9
#9181 0 0000000000019350 409c0c33 r 0000000000000018 0000000000000000  sub      x24, x24, x9
#9182 0 0000000000019354 409784b3 r 0000000000000009 0000000000000000  sub      x9, x15, x9
#9183 0 0000000000019358 009a3823 m 00000000fffff410 0000000000000000  sd       x9, 0x10(x20)
#9184 0 000000000001935c     f4c5 r 0000000000000000 0000000000000000  c.bnez   x9, . - 0x58
#9185 0 000000000001935e     4501 r 000000000000000a 0000000000000000  c.li     x10, 0x0
#9186 0 0000000000019360     60e6 r 0000000000000001 000000000001809a  c.ldsp   x1, 0x58
#9187 0 0000000000019362     6446 r 0000000000000008 000000000001c467  c.ldsp   x8, 0x50
#9188 0 0000000000019364     64a6 r 0000000000000009 0000000000000001  c.ldsp   x9, 0x48
#9189 0 0000000000019366     6906 r 0000000000000012 000000000001e878  c.ldsp   x18, 0x40
#9190 0 0000000000019368     79e2 r 0000000000000013 0000000000000001  c.ldsp   x19, 0x38
#9191 0 000000000001936a     7a42 r 0000000000000014 000000000001e290  c.ldsp   x20, 0x30
#9192 0 000000000001936c     7aa2 r 0000000000000015 00000000fffff400  c.ldsp   x21, 0x28
#9193 0 000000000001936e     7b02 r 0000000000000016 00000000fffff480  c.ldsp   x22, 0x20
#9194 0 0000000000019370     6be2 r 0000000000000017 0000000000000001  c.ldsp   x23, 0x18
#9195 0 0000000000019372     6c42 r 0000000000000018 fffffffffffffffe  c.ldsp   x24, 0x10
#9196 0 0000000000019374     6ca2 r 0000000000000019 000000000001c466  c.ldsp   x25, 0x8
#9197 0 0000000000019376     6d02 r 000000000000001a 0000000000000064  c.ldsp   x26, 0x0
#9198 0 0000000000019378     6125 r 0000000000000002 00000000fffff2a0  c.addi16sp 0x6
#9199 0 000000000001937a     8082 r 0000000000000000 0000000000000000  c.jr     x1
#9200 0 000000000001809a     b7e1 r 0000000000000000 0000000000000000  c.j      . - 0x38
#9201 0 0000000000018062     60a6 r 0000000000000001 0000000000011864  c.ldsp   x1, 0x48
#9202 0 0000000000018064     6406 r 0000000000000008 000000000001c467  c.ldsp   x8, 0x40
#9203 0 0000000000018066 000ab823 m 00000000fffff410 0000000000000000  sd       x0, 0x10(x21)
#9204 0 000000000001806a 000aa423 m 00000000fffff408 0000000000000000  sw       x0, 0x8(x21)
#9205 0 000000000001806e     74e2 r 0000000000000009 0000000000000001  c.ldsp   x9, 0x38
#9206 0 0000000000018070     7942 r 0000000000000012 000000000001e878  c.ldsp   x18, 0x30
#9207 0 0000000000018072     79a2 r 0000000000000013 0000000000000001  c.ldsp   x19, 0x28
#9208 0 0000000000018074     7a02 r 0000000000000014 000000000001e290  c.ldsp   x20, 0x20
#9209 0 0000000000018076     6ae2 r 0000000000000015 0000000000000000  c.ldsp   x21, 0x18
#9210 0 0000000000018078     6b42 r 0000000000000016 00000000fffff480  c.ldsp   x22, 0x10
#9211 0 000000000001807a     6ba2 r 0000000000000017 0000000000000001  c.ldsp   x23, 0x8
#9212 0 000000000001807c     6161 r 0000000000000002 00000000fffff2f0  c.addi16sp 0x5
#9213 0 000000000001807e     8082 r 0000000000000000 0000000000000000  c.jr     x1
#9214 0 0000000000011864 d99fe06f r 0000000000000000 0000000000000000  j        . - 0x1268
#9215 0 00000000000105fc 01095783 r 000000000000000f 0000000000002889  lhu      x15, 0x10(x18)
#9216 0 0000000000010600 0407f793 r 000000000000000f 0000000000000000  andi     x15, x15, 64
#9217 0 0000000000010604     c399 r 0000000000000000 0000000000000000  c.beqz   x15, . + 0x6
#9218 0 000000000001060a 27813083 r 0000000000000001 0000000000010340  ld       x1, 0x278(x2)
#9219 0 000000000001060e 27013403 r 0000000000000008 00000000ffffff50  ld       x8, 0x270(x2)
#9220 0 0000000000010612     6522 r 000000000000000a 0000000000000006  c.ldsp   x10, 0x8
#9221 0 0000000000010614 26813483 r 0000000000000009 0000000000000000  ld       x9, 0x268(x2)
#9222 0 0000000000010618 26013903 r 0000000000000012 0000000000000000  ld       x18, 0x260(x2)
#9223 0 000000000001061c 25813983 r 0000000000000013 0000000000000000  ld       x19, 0x258(x2)
#9224 0 0000000000010620 25013a03 r 0000000000000014 0000000000000000  ld       x20, 0x250(x2)
#9225 0 0000000000010624 24813a83 r 0000000000000015 0000000000000000  ld       x21, 0x248(x2)
#9226 0 0000000000010628 24013b03 r 0000000000000016 0000000000000000  ld       x22, 0x240(x2)
#9227 0 000000000001062c 23813b83 r 0000000000000017 0000000000000000  ld       x23, 0x238(x2)
#9228 0 0000000000010630 23013c03 r 0000000000000018 0000000000000000  ld       x24, 0x230(x2)
#9229 0 0000000000010634 22813c83 r 0000000000000019 0000000000000000  ld       x25, 0x228(x2)
#9230 0 0000000000010638 22013d03 r 000000000000001a 0000000000000000  ld       x26, 0x220(x2)
#9231 0 000000000001063c 21813d83 r 000000000000001b 0000000000000000  ld       x27, 0x218(x2)
#9232 0 0000000000010640 28010113 r 0000000000000002 00000000fffff570  addi     x2, x2, 640
#9233 0 0000000000010644     8082 r 0000000000000000 0000000000000000  c.jr     x1
#9234 0 0000000000010340     60e2 r 0000000000000001 0000000000010184  c.ldsp   x1, 0x18
#9235 0 0000000000010342     6125 r 0000000000000002 00000000fffff5d0  c.addi16sp 0x6
#9236 0 0000000000010344     8082 r 0000000000000000 0000000000000000  c.jr     x1
#9237 0 0000000000010184 fec42783 r 000000000000000f 0000000000000009  lw       x15, -0x14(x8)
#9238 0 0000000000010188     2785 r 000000000000000f 000000000000000a  c.addiw  x15, 0x1
#9239 0 000000000001018a fef42623 m 00000000ffffff3c 000000000000000a  sw       x15, -0x14(x8)
#9240 0 000000000001018e fec42783 r 000000000000000f 000000000000000a  lw       x15, -0x14(x8)
#9241 0 0000000000010192 0007871b r 000000000000000e 000000000000000a  addiw    x14, x15, 0
#9242 0 0000000000010196     47a5 r 000000000000000f 0000000000000009  c.li     x15, 0x9
#9243 0 0000000000010198 fce7dee3 r 0000000000000000 0000000000000000  bge      x15, x14, . - 0x24
#9244 0 000000000001019c     77fd r 000000000000000f fffffffffffff000  c.lui    x15, 0xfffff
#9245 0 000000000001019e ff040713 r 000000000000000e 00000000ffffff40  addi     x14, x8, -16
#9246 0 00000000000101a2     97ba r 000000000000000f 00000000ffffef40  c.add    x15, x14
#9247 0 00000000000101a4 69878793 r 000000000000000f 00000000fffff5d8  addi     x15, x15, 1688
#9248 0 00000000000101a8 7d000713 r 000000000000000e 00000000000007d0  addi     x14, x0, 2000
#9249 0 00000000000101ac     863a r 000000000000000c 00000000000007d0  c.mv     x12, x14
#9250 0 00000000000101ae     4581 r 000000000000000b 0000000000000000  c.li     x11, 0x0
#9251 0 00000000000101b0     853e r 000000000000000a 00000000fffff5d8  c.mv     x10, x15
#9252 0 00000000000101b2 09c000ef r 0000000000000001 00000000000101b6  jal      x1, . + 0x9c
#9253 0 000000000001024e     433d r 0000000000000006 000000000000000f  c.li     x6, 0xf
#9254 0 0000000000010250     872a r 000000000000000e 00000000fffff5d8  c.mv     x14, x10
#9255 0 0000000000010252 02c37163 r 0000000000000000 0000000000000000  bgeu     x6, x12, . + 0x22
#9256 0 0000000000010256 00f77793 r 000000000000000f 0000000000000008  andi     x15, x14, 15
#9257 0 000000000001025a     e3c1 r 0000000000000000 0000000000000000  c.bnez   x15, . + 0x80
#9258 0 00000000000102da 00279693 r 000000000000000d 0000000000000020  slli     x13, x15, 2
#9259 0 00000000000102de 00000297 r 0000000000000005 00000000000102de  auipc    x5, 0x0
#9260 0 00000000000102e2     9696 r 000000000000000d 00000000000102fe  c.add    x13, x5
#9261 0 00000000000102e4     8286 r 0000000000000005 00000000000101b6  c.mv     x5, x1
#9262 0 00000000000102e6 fa2680e7 r 0000000000000001 00000000000102ea  jalr     x1, -0x5e(x13)
#9263 0 00000000000102a0 00b703a3 m 00000000fffff5df 0000000000000000  sb       x11, 0x7(x14)
#9264 0 00000000000102a4 00b70323 m 00000000fffff5de 0000000000000000  sb       x11, 0x6(x14)
#9265 0 00000000000102a8 00b702a3 m 00000000fffff5dd 0000000000000000  sb       x11, 0x5(x14)
#9266 0 00000000000102ac 00b70223 m 00000000fffff5dc 0000000000000000  sb       x11, 0x4(x14)
#9267 0 00000000000102b0 00b701a3 m 00000000fffff5db 0000000000000000  sb       x11, 0x3(x14)
#9268 0 00000000000102b4 00b70123 m 00000000fffff5da 0000000000000000  sb       x11, 0x2(x14)
#9269 0 00000000000102b8 00b700a3 m 00000000fffff5d9 0000000000000000  sb       x11, 0x1(x14)
#9270 0 00000000000102bc 00b70023 m 00000000fffff5d8 0000000000000000  sb       x11, 0x0(x14)
#9271 0 00000000000102c0     8082 r 0000000000000000 0000000000000000  c.jr     x1
#9272 0 00000000000102ea     8096 r 0000000000000001 00000000000101b6  c.mv     x1, x5
#9273 0 00000000000102ec     17c1 r 000000000000000f fffffffffffffff8  c.addi   x15, -0x10
#9274 0 00000000000102ee     8f1d r 000000000000000e 00000000fffff5e0  c.sub    x14, x15
#9275 0 00000000000102f0     963e r 000000000000000c 00000000000007c8  c.add    x12, x15
#9276 0 00000000000102f2 f8c371e3 r 0000000000000000 0000000000000000  bgeu     x6, x12, . - 0x7e
#9277 0 00000000000102f6     b79d r 0000000000000000 0000000000000000  c.j      . - 0x9a
#9278 0 000000000001025c     e1bd r 0000000000000000 0000000000000000  c.bnez   x11, . + 0x66
#9279 0 000000000001025e ff067693 r 000000000000000d 00000000000007c0  andi     x13, x12, -16
#9280 0 0000000000010262     8a3d r 000000000000000c 0000000000000008  c.andi   x12, 0xf
#9281 0 0000000000010264     96ba r 000000000000000d 00000000fffffda0  c.add    x13, x14
#9282 0 0000000000010266     e30c m 00000000fffff5e0 0000000000000000  c.sd     x11, 0x0(x14)
#9283 0 0000000000010268     e70c m 00000000fffff5e8 0000000000000000  c.sd     x11, 0x8(x14)
#9284 0 000000000001026a     0741 r 000000000000000e 00000000fffff5f0  c.addi   x14, 0x10
#9285 0 000000000001026c fed76de3 r 0000000000000000 0000000000000000  bltu     x14, x13, . - 0x6
#9286 0 0000000000010266     e30c m 00000000fffff5f0 0000000000000000  c.sd     x11, 0x0(x14)
#9287 0 0000000000010268     e70c m 00000000fffff5f8 0000000000000000  c.sd     x11, 0x8(x14)
#9288 0 000000000001026a     0741 r 000000000000000e 00000000fffff600  c.addi   x14, 0x10
#9289 0 000000000001026c fed76de3 r 0000000000000000 0000000000000000  bltu     x14, x13, . - 0x6
#9290 0 0000000000010266     e30c m 00000000fffff600 0000000000000000  c.sd     x11, 0x0(x14)
#9291 0 0000000000010268     e70c m 00000000fffff608 0000000000000000  c.sd     x11, 0x8(x14)
#9292 0 000000000001026a     0741 r 000000000000000e 00000000fffff610  c.addi   x14, 0x10
#9293 0 000000000001026c fed76de3 r 0000000000000000 0000000000000000  bltu     x14, x13, . - 0x6
#9294 0 0000000000010266     e30c m 00000000fffff610 0000000000000000  c.sd     x11, 0x0(x14)
#9295 0 0000000000010268     e70c m 00000000fffff618 0000000000000000  c.sd     x11, 0x8(x14)
#9296 0 000000000001026a     0741 r 000000000000000e 00000000fffff620  c.addi   x14, 0x10
#9297 0 000000000001026c fed76de3 r 0000000000000000 0000000000000000  bltu     x14, x13, . - 0x6
#9298 0 0000000000010266     e30c m 00000000fffff620 0000000000000000  c.sd     x11, 0x0(x14)
#9299 0 0000000000010268     e70c m 00000000fffff628 0000000000000000  c.sd     x11, 0x8(x14)
#9300 0 000000000001026a     0741 r 000000000000000e 00000000fffff630  c.addi   x14, 0x10
#9301 0 000000000001026c fed76de3 r 0000000000000000 0000000000000000  bltu     x14, x13, . - 0x6
#9302 0 0000000000010266     e30c m 00000000fffff630 0000000000000000  c.sd     x11, 0x0(x14)
#9303 0 0000000000010268     e70c m 00000000fffff638 0000000000000000  c.sd     x11, 0x8(x14)
#9304 0 000000000001026a     0741 r 000000000000000e 00000000fffff640  c.addi   x14, 0x10
#9305 0 000000000001026c fed76de3 r 0000000000000000 0000000000000000  bltu     x14, x13, . - 0x6
#9306 0 0000000000010266     e30c m 00000000fffff640 0000000000000000  c.sd     x11, 0x0(x14)
#9307 0 0000000000010268     e70c m 00000000fffff648 0000000000000000  c.sd     x11, 0x8(x14)
#9308 0 000000000001026a     0741 r 000000000000000e 00000000fffff650  c.addi   x14, 0x10
#9309 0 000000000001026c fed76de3 r 0000000000000000 0000000000000000  bltu     x14, x13, . - 0x6
#9310 0 0000000000010266     e30c m 00000000fffff650 0000000000000000  c.sd     x11, 0x0(x14)
#9311 0 0000000000010268     e70c m 00000000fffff658 0000000000000000  c.sd     x11, 0x8(x14)
#9312 0 000000000001026a     0741 r 000000000000000e 00000000fffff660  c.addi   x14, 0x10
#9313 0 000000000001026c fed76de3 r 0000000000000000 0000000000000000  bltu     x14, x13, . - 0x6
#9314 0 0000000000010266     e30c m 00000000fffff660 0000000000000000  c.sd     x11, 0x0(x14)
#9315 0 0000000000010268     e70c m 00000000fffff668 0000000000000000  c.sd     x11, 0x8(x14)
#9316 0 000000000001026a     0741 r 000000000000000e 00000000fffff670  c.addi   x14, 0x10
#9317 0 000000000001026c fed76de3 r 0000000000000000 0000000000000000  bltu     x14, x13, . - 0x6
#9318 0 0000000000010266     e30c m 00000000fffff670 0000000000000000  c.sd     x11, 0x0(x14)
#9319 0 0000000000010268     e70c m 00000000fffff678 0000000000000000  c.sd     x11, 0x8(x14)
#9320 0 000000000001026a     0741 r 000000000000000e 00000000fffff680  c.addi   x14, 0x10
#9321 0 000000000001026c fed76de3 r 0000000000000000 0000000000000000  bltu     x14, x13, . - 0x6
#9322 0 0000000000010266     e30c m 00000000fffff680 0000000000000000  c.sd     x11, 0x0(x14)
#9323 0 0000000000010268     e70c m 00000000fffff688 0000000000000000  c.sd     x11, 0x8(x14)
#9324 0 000000000001026a     0741 r 000000000000000e 00000000fffff690  c.addi   x14, 0x10
#9325 0 000000000001026c fed76de3 r 0000000000000000 0000000000000000  bltu     x14, x13, . - 0x6
#9326 0 0000000000010266     e30c m 00000000fffff690 0000000000000000  c.sd     x11, 0x0(x14)
#9327 0 0000000000010268     e70c m 00000000fffff698 0000000000000000  c.sd     x11, 0x8(x14)
#9328 0 000000000001026a     0741 r 000000000000000e 00000000fffff6a0  c.addi   x14, 0x10
#9329 0 000000000001026c fed76de3 r 0000000000000000 0000000000000000  bltu     x14, x13, . - 0x6
#9330 0 0000000000010266     e30c m 00000000fffff6a0 0000000000000000  c.sd     x11, 0x0(x14)
#9331 0 0000000000010268     e70c m 00000000fffff6a8 0000000000000000  c.sd     x11, 0x8(x14)
#9332 0 000000000001026a     0741 r 000000000000000e 00000000fffff6b0  c.addi   x14, 0x10
#9333 0 000000000001026c fed76de3 r 0000000000000000 0000000000000000  bltu     x14, x13, . - 0x6
#9334 0 0000000000010266     e30c m 00000000fffff6b0 0000000000000000  c.sd     x11, 0x0(x14)
#9335 0 0000000000010268     e70c m 00000000fffff6b8 0000000000000000  c.sd     x11, 0x8(x14)
#9336 0 000000000001026a     0741 r 000000000000000e 00000000fffff6c0  c.addi   x14, 0x10
#9337 0 000000000001026c fed76de3 r 0000000000000000 0000000000000000  bltu     x14, x13, . - 0x6
#9338 0 0000000000010266     e30c m 00000000fffff6c0 0000000000000000  c.sd     x11, 0x0(x14)
#9339 0 0000000000010268     e70c m 00000000fffff6c8 0000000000000000  c.sd     x11, 0x8(x14)
#9340 0 000000000001026a     0741 r 000000000000000e 00000000fffff6d0  c.addi   x14, 0x10
#9341 0 000000000001026c fed76de3 r 0000000000000000 0000000000000000  bltu     x14, x13, . - 0x6
#9342 0 0000000000010266     e30c m 00000000fffff6d0 0000000000000000  c.sd     x11, 0x0(x14)
#9343 0 0000000000010268     e70c m 00000000fffff6d8 0000000000000000  c.sd     x11, 0x8(x14)
#9344 0 000000000001026a     0741 r 000000000000000e 00000000fffff6e0  c.addi   x14, 0x10
#9345 0 000000000001026c fed76de3 r 0000000000000000 0000000000000000  bltu     x14, x13, . - 0x6
#9346 0 0000000000010266     e30c m 00000000fffff6e0 0000000000000000  c.sd     x11, 0x0(x14)
#9347 0 0000000000010268     e70c m 00000000fffff6e8 0000000000000000  c.sd     x11, 0x8(x14)
#9348 0 000000000001026a     0741 r 000000000000000e 00000000fffff6f0  c.addi   x14, 0x10
#9349 0 000000000001026c fed76de3 r 0000000000000000 0000000000000000  bltu     x14, x13, . - 0x6
#9350 0 0000000000010266     e30c m 00000000fffff6f0 0000000000000000  c.sd     x11, 0x0(x14)
#9351 0 0000000000010268     e70c m 00000000fffff6f8 0000000000000000  c.sd     x11, 0x8(x14)
#9352 0 000000000001026a     0741 r 000000000000000e 00000000fffff700  c.addi   x14, 0x10
#9353 0 000000000001026c fed76de3 r 0000000000000000 0000000000000000  bltu     x14, x13, . - 0x6
#9354 0 0000000000010266     e30c m 00000000fffff700 0000000000000000  c.sd     x11, 0x0(x14)
#9355 0 0000000000010268     e70c m 00000000fffff708 0000000000000000  c.sd     x11, 0x8(x14)
#9356 0 000000000001026a     0741 r 000000000000000e 00000000fffff710  c.addi   x14, 0x10
#9357 0 000000000001026c fed76de3 r 0000000000000000 0000000000000000  bltu     x14, x13, . - 0x6
#9358 0 0000000000010266     e30c m 00000000fffff710 0000000000000000  c.sd     x11, 0x0(x14)
#9359 0 0000000000010268     e70c m 00000000fffff718 0000000000000000  c.sd     x11, 0x8(x14)
#9360 0 000000000001026a     0741 r 000000000000000e 00000000fffff720  c.addi   x14, 0x10
#9361 0 000000000001026c fed76de3 r 0000000000000000 0000000000000000  bltu     x14, x13, . - 0x6
#9362 0 0000000000010266     e30c m 00000000fffff720 0000000000000000  c.sd     x11, 0x0(x14)
#9363 0 0000000000010268     e70c m 00000000fffff728 0000000000000000  c.sd     x11, 0x8(x14)
#9364 0 000000000001026a     0741 r 000000000000000e 00000000fffff730  c.addi   x14, 0x10
#9365 0 000000000001026c fed76de3 r 0000000000000000 0000000000000000  bltu     x14, x13, . - 0x6
#9366 0 0000000000010266     e30c m 00000000fffff730 0000000000000000  c.sd     x11, 0x0(x14)
#9367 0 0000000000010268     e70c m 00000000fffff738 0000000000000000  c.sd     x11, 0x8(x14)
#9368 0 000000000001026a     0741 r 000000000000000e 00000000fffff740  c.addi   x14, 0x10
#9369 0 000000000001026c fed76de3 r 0000000000000000 0000000000000000  bltu     x14, x13, . - 0x6
#9370 0 0000000000010266     e30c m 00000000fffff740 0000000000000000  c.sd     x11, 0x0(x14)
#9371 0 0000000000010268     e70c m 00000000fffff748 0000000000000000  c.sd     x11, 0x8(x14)
#9372 0 000000000001026a     0741 r 000000000000000e 00000000fffff750  c.addi   x14, 0x10
#9373 0 000000000001026c fed76de3 r 0000000000000000 0000000000000000  bltu     x14, x13, . - 0x6
#9374 0 0000000000010266     e30c m 00000000fffff750 0000000000000000  c.sd     x11, 0x0(x14)
#9375 0 0000000000010268     e70c m 00000000fffff758 0000000000000000  c.sd     x11, 0x8(x14)
#9376 0 000000000001026a     0741 r 000000000000000e 00000000fffff760  c.addi   x14, 0x10
#9377 0 000000000001026c fed76de3 r 0000000000000000 0000000000000000  bltu     x14, x13, . - 0x6
#9378 0 0000000000010266     e30c m 00000000fffff760 0000000000000000  c.sd     x11, 0x0(x14)
#9379 0 0000000000010268     e70c m 00000000fffff768 0000000000000000  c.sd     x11, 0x8(x14)
#9380 0 000000000001026a     0741 r 000000000000000e 00000000fffff770  c.addi   x14, 0x10
#9381 0 000000000001026c fed76de3 r 0000000000000000 0000000000000000  bltu     x14, x13, . - 0x6
#9382 0 0000000000010266     e30c m 00000000fffff770 0000000000000000  c.sd     x11, 0x0(x14)
#9383 0 0000000000010268     e70c m 00000000fffff778 0000000000000000  c.sd     x11, 0x8(x14)
#9384 0 000000000001026a     0741 r 000000000000000e 00000000fffff780  c.addi   x14, 0x10
#9385 0 000000000001026c fed76de3 r 0000000000000000 0000000000000000  bltu     x14, x13, . - 0x6
#9386 0 0000000000010266     e30c m 00000000fffff780 0000000000000000  c.sd     x11, 0x0(x14)
#9387 0 0000000000010268     e70c m 00000000fffff788 0000000000000000  c.sd     x11, 0x8(x14)
#9388 0 000000000001026a     0741 r 000000000000000e 00000000fffff790  c.addi   x14, 0x10
#9389 0 000000000001026c fed76de3 r 0000000000000000 0000000000000000  bltu     x14, x13, . - 0x6
#9390 0 0000000000010266     e30c m 00000000fffff790 0000000000000000  c.sd     x11, 0x0(x14)
#9391 0 0000000000010268     e70c m 00000000fffff798 0000000000000000  c.sd     x11, 0x8(x14)
#9392 0 000000000001026a     0741 r 000000000000000e 00000000fffff7a0  c.addi   x14, 0x10
#9393 0 000000000001026c fed76de3 r 0000000000000000 0000000000000000  bltu     x14, x13, . - 0x6
#9394 0 0000000000010266     e30c m 00000000fffff7a0 0000000000000000  c.sd     x11, 0x0(x14)
#9395 0 0000000000010268     e70c m 00000000fffff7a8 0000000000000000  c.sd     x11, 0x8(x14)
#9396 0 000000000001026a     0741 r 000000000000000e 00000000fffff7b0  c.addi   x14, 0x10
#9397 0 000000000001026c fed76de3 r 0000000000000000 0000000000000000  bltu     x14, x13, . - 0x6
#9398 0 0000000000010266     e30c m 00000000fffff7b0 0000000000000000  c.sd     x11, 0x0(x14)
#9399 0 0000000000010268     e70c m 00000000fffff7b8 0000000000000000  c.sd     x11, 0x8(x14)
#9400 0 000000000001026a     0741 r 000000000000000e 00000000fffff7c0  c.addi   x14, 0x10
#9401 0 000000000001026c fed76de3 r 0000000000000000 0000000000000000  bltu     x14, x13, . - 0x6
#9402 0 0000000000010266     e30c m 00000000fffff7c0 0000000000000000  c.sd     x11, 0x0(x14)
#9403 0 0000000000010268     e70c m 00000000fffff7c8 0000000000000000  c.sd     x11, 0x8(x14)
#9404 0 000000000001026a     0741 r 000000000000000e 00000000fffff7d0  c.addi   x14, 0x10
#9405 0 000000000001026c fed76de3 r 0000000000000000 0000000000000000  bltu     x14, x13, . - 0x6
#9406 0 0000000000010266     e30c m 00000000fffff7d0 0000000000000000  c.sd     x11, 0x0(x14)
#9407 0 0000000000010268     e70c m 00000000fffff7d8 0000000000000000  c.sd     x11, 0x8(x14)
#9408 0 000000000001026a     0741 r 000000000000000e 00000000fffff7e0  c.addi   x14, 0x10
#9409 0 000000000001026c fed76de3 r 0000000000000000 0000000000000000  bltu     x14, x13, . - 0x6
#9410 0 0000000000010266     e30c m 00000000fffff7e0 0000000000000000  c.sd     x11, 0x0(x14)
#9411 0 0000000000010268     e70c m 00000000fffff7e8 0000000000000000  c.sd     x11, 0x8(x14)
#9412 0 000000000001026a     0741 r 000000000000000e 00000000fffff7f0  c.addi   x14, 0x10
#9413 0 000000000001026c fed76de3 r 0000000000000000 0000000000000000  bltu     x14, x13, . - 0x6
#9414 0 0000000000010266     e30c m 00000000fffff7f0 0000000000000000  c.sd     x11, 0x0(x14)
#9415 0 0000000000010268     e70c m 00000000fffff7f8 0000000000000000  c.sd     x11, 0x8(x14)
#9416 0 000000000001026a     0741 r 000000000000000e 00000000fffff800  c.addi   x14, 0x10
#9417 0 000000000001026c fed76de3 r 0000000000000000 0000000000000000  bltu     x14, x13, . - 0x6
#9418 0 0000000000010266     e30c m 00000000fffff800 0000000000000000  c.sd     x11, 0x0(x14)
#9419 0 0000000000010268     e70c m 00000000fffff808 0000000000000000  c.sd     x11, 0x8(x14)
#9420 0 000000000001026a     0741 r 000000000000000e 00000000fffff810  c.addi   x14, 0x10
#9421 0 000000000001026c fed76de3 r 0000000000000000 0000000000000000  bltu     x14, x13, . - 0x6
#9422 0 0000000000010266     e30c m 00000000fffff810 0000000000000000  c.sd     x11, 0x0(x14)
#9423 0 0000000000010268     e70c m 00000000fffff818 0000000000000000  c.sd     x11, 0x8(x14)
#9424 0 000000000001026a     0741 r 000000000000000e 00000000fffff820  c.addi   x14, 0x10
#9425 0 000000000001026c fed76de3 r 0000000000000000 0000000000000000  bltu     x14, x13, . - 0x6
#9426 0 0000000000010266     e30c m 00000000fffff820 0000000000000000  c.sd     x11, 0x0(x14)
#9427 0 0000000000010268     e70c m 00000000fffff828 0000000000000000  c.sd     x11, 0x8(x14)
#9428 0 000000000001026a     0741 r 000000000000000e 00000000fffff830  c.addi   x14, 0x10
#9429 0 000000000001026c fed76de3 r 0000000000000000 0000000000000000  bltu     x14, x13, . - 0x6
#9430 0 0000000000010266     e30c m 00000000fffff830 0000000000000000  c.sd     x11, 0x0(x14)
#9431 0 0000000000010268     e70c m 00000000fffff838 0000000000000000  c.sd     x11, 0x8(x14)
#9432 0 000000000001026a     0741 r 000000000000000e 00000000fffff840  c.addi   x14, 0x10
#9433 0 000000000001026c fed76de3 r 0000000000000000 0000000000000000  bltu     x14, x13, . - 0x6
#9434 0 0000000000010266     e30c m 00000000fffff840 0000000000000000  c.sd     x11, 0x0(x14)
#9435 0 0000000000010268     e70c m 00000000fffff848 0000000000000000  c.sd     x11, 0x8(x14)
#9436 0 000000000001026a     0741 r 000000000000000e 00000000fffff850  c.addi   x14, 0x10
#9437 0 000000000001026c fed76de3 r 0000000000000000 0000000000000000  bltu     x14, x13, . - 0x6
#9438 0 0000000000010266     e30c m 00000000fffff850 0000000000000000  c.sd     x11, 0x0(x14)
#9439 0 0000000000010268     e70c m 00000000fffff858 0000000000000000  c.sd     x11, 0x8(x14)
#9440 0 000000000001026a     0741 r 000000000000000e 00000000fffff860  c.addi   x14, 0x10
#9441 0 000000000001026c fed76de3 r 0000000000000000 0000000000000000  bltu     x14, x13, . - 0x6
#9442 0 0000000000010266     e30c m 00000000fffff860 0000000000000000  c.sd     x11, 0x0(x14)
#9443 0 0000000000010268     e70c m 00000000fffff868 0000000000000000  c.sd     x11, 0x8(x14)
#9444 0 000000000001026a     0741 r 000000000000000e 00000000fffff870  c.addi   x14, 0x10
#9445 0 000000000001026c fed76de3 r 0000000000000000 0000000000000000  bltu     x14, x13, . - 0x6
#9446 0 0000000000010266     e30c m 00000000fffff870 0000000000000000  c.sd     x11, 0x0(x14)
#9447 0 0000000000010268     e70c m 00000000fffff878 0000000000000000  c.sd     x11, 0x8(x14)
#9448 0 000000000001026a     0741 r 000000000000000e 00000000fffff880  c.addi   x14, 0x10
#9449 0 000000000001026c fed76de3 r 0000000000000000 0000000000000000  bltu     x14, x13, . - 0x6
#9450 0 0000000000010266     e30c m 00000000fffff880 0000000000000000  c.sd     x11, 0x0(x14)
#9451 0 0000000000010268     e70c m 00000000fffff888 0000000000000000  c.sd     x11, 0x8(x14)
#9452 0 000000000001026a     0741 r 000000000000000e 00000000fffff890  c.addi   x14, 0x10
#9453 0 000000000001026c fed76de3 r 0000000000000000 0000000000000000  bltu     x14, x13, . - 0x6
#9454 0 0000000000010266     e30c m 00000000fffff890 0000000000000000  c.sd     x11, 0x0(x14)
#9455 0 0000000000010268     e70c m 00000000fffff898 0000000000000000  c.sd     x11, 0x8(x14)
#9456 0 000000000001026a     0741 r 000000000000000e 00000000fffff8a0  c.addi   x14, 0x10
#9457 0 000000000001026c fed76de3 r 0000000000000000 0000000000000000  bltu     x14, x13, . - 0x6
#9458 0 0000000000010266     e30c m 00000000fffff8a0 0000000000000000  c.sd     x11, 0x0(x14)
#9459 0 0000000000010268     e70c m 00000000fffff8a8 0000000000000000  c.sd     x11, 0x8(x14)
#9460 0 000000000001026a     0741 r 000000000000000e 00000000fffff8b0  c.addi   x14, 0x10
#9461 0 000000000001026c fed76de3 r 0000000000000000 0000000000000000  bltu     x14, x13, . - 0x6
#9462 0 0000000000010266     e30c m 00000000fffff8b0 0000000000000000  c.sd     x11, 0x0(x14)
#9463 0 0000000000010268     e70c m 00000000fffff8b8 0000000000000000  c.sd     x11, 0x8(x14)
#9464 0 000000000001026a     0741 r 000000000000000e 00000000fffff8c0  c.addi   x14, 0x10
#9465 0 000000000001026c fed76de3 r 0000000000000000 0000000000000000  bltu     x14, x13, . - 0x6
#9466 0 0000000000010266     e30c m 00000000fffff8c0 0000000000000000  c.sd     x11, 0x0(x14)
#9467 0 0000000000010268     e70c m 00000000fffff8c8 0000000000000000  c.sd     x11, 0x8(x14)
#9468 0 000000000001026a     0741 r 000000000000000e 00000000fffff8d0  c.addi   x14, 0x10
#9469 0 000000000001026c fed76de3 r 0000000000000000 0000000000000000  bltu     x14, x13, . - 0x6
#9470 0 0000000000010266     e30c m 00000000fffff8d0 0000000000000000  c.sd     x11, 0x0(x14)
#9471 0 0000000000010268     e70c m 00000000fffff8d8 0000000000000000  c.sd     x11, 0x8(x14)
#9472 0 000000000001026a     0741 r 000000000000000e 00000000fffff8e0  c.addi   x14, 0x10
#9473 0 000000000001026c fed76de3 r 0000000000000000 0000000000000000  bltu     x14, x13, . - 0x6
#9474 0 0000000000010266     e30c m 00000000fffff8e0 0000000000000000  c.sd     x11, 0x0(x14)
#9475 0 0000000000010268     e70c m 00000000fffff8e8 0000000000000000  c.sd     x11, 0x8(x14)
#9476 0 000000000001026a     0741 r 000000000000000e 00000000fffff8f0  c.addi   x14, 0x10
#9477 0 000000000001026c fed76de3 r 0000000000000000 0000000000000000  bltu     x14, x13, . - 0x6
#9478 0 0000000000010266     e30c m 00000000fffff8f0 0000000000000000  c.sd     x11, 0x0(x14)
#9479 0 0000000000010268     e70c m 00000000fffff8f8 0000000000000000  c.sd     x11, 0x8(x14)
#9480 0 000000000001026a     0741 r 000000000000000e 00000000fffff900  c.addi   x14, 0x10
#9481 0 000000000001026c fed76de3 r 0000000000000000 0000000000000000  bltu     x14, x13, . - 0x6
#9482 0 0000000000010266     e30c m 00000000fffff900 0000000000000000  c.sd     x11, 0x0(x14)
#9483 0 0000000000010268     e70c m 00000000fffff908 0000000000000000  c.sd     x11, 0x8(x14)
#9484 0 000000000001026a     0741 r 000000000000000e 00000000fffff910  c.addi   x14, 0x10
#9485 0 000000000001026c fed76de3 r 0000000000000000 0000000000000000  bltu     x14, x13, . - 0x6
#9486 0 0000000000010266     e30c m 00000000fffff910 0000000000000000  c.sd     x11, 0x0(x14)
#9487 0 0000000000010268     e70c m 00000000fffff918 0000000000000000  c.sd     x11, 0x8(x14)
#9488 0 000000000001026a     0741 r 000000000000000e 00000000fffff920  c.addi   x14, 0x10
#9489 0 000000000001026c fed76de3 r 0000000000000000 0000000000000000  bltu     x14, x13, . - 0x6
#9490 0 0000000000010266     e30c m 00000000fffff920 0000000000000000  c.sd     x11, 0x0(x14)
#9491 0 0000000000010268     e70c m 00000000fffff928 0000000000000000  c.sd     x11, 0x8(x14)
#9492 0 000000000001026a     0741 r 000000000000000e 00000000fffff930  c.addi   x14, 0x10
#9493 0 000000000001026c fed76de3 r 0000000000000000 0000000000000000  bltu     x14, x13, . - 0x6
#9494 0 0000000000010266     e30c m 00000000fffff930 0000000000000000  c.sd     x11, 0x0(x14)
#9495 0 0000000000010268     e70c m 00000000fffff938 0000000000000000  c.sd     x11, 0x8(x14)
#9496 0 000000000001026a     0741 r 000000000000000e 00000000fffff940  c.addi   x14, 0x10
#9497 0 000000000001026c fed76de3 r 0000000000000000 0000000000000000  bltu     x14, x13, . - 0x6
#9498 0 0000000000010266     e30c m 00000000fffff940 0000000000000000  c.sd     x11, 0x0(x14)
#9499 0 0000000000010268     e70c m 00000000fffff948 0000000000000000  c.sd     x11, 0x8(x14)
#9500 0 000000000001026a     0741 r 000000000000000e 00000000fffff950  c.addi   x14, 0x10
#9501 0 000000000001026c fed76de3 r 0000000000000000 0000000000000000  bltu     x14, x13, . - 0x6
#9502 0 0000000000010266     e30c m 00000000fffff950 0000000000000000  c.sd     x11, 0x0(x14)
#9503 0 0000000000010268     e70c m 00000000fffff958 0000000000000000  c.sd     x11, 0x8(x14)
#9504 0 000000000001026a     0741 r 000000000000000e 00000000fffff960  c.addi   x14, 0x10
#9505 0 000000000001026c fed76de3 r 0000000000000000 0000000000000000  bltu     x14, x13, . - 0x6
#9506 0 0000000000010266     e30c m 00000000fffff960 0000000000000000  c.sd     x11, 0x0(x14)
#9507 0 0000000000010268     e70c m 00000000fffff968 0000000000000000  c.sd     x11, 0x8(x14)
#9508 0 000000000001026a     0741 r 000000000000000e 00000000fffff970  c.addi   x14, 0x10
#9509 0 000000000001026c fed76de3 r 0000000000000000 0000000000000000  bltu     x14, x13, . - 0x6
#9510 0 0000000000010266     e30c m 00000000fffff970 0000000000000000  c.sd     x11, 0x0(x14)
#9511 0 0000000000010268     e70c m 00000000fffff978 0000000000000000  c.sd     x11, 0x8(x14)
#9512 0 000000000001026a     0741 r 000000000000000e 00000000fffff980  c.addi   x14, 0x10
#9513 0 000000000001026c fed76de3 r 0000000000000000 0000000000000000  bltu     x14, x13, . - 0x6
#9514 0 0000000000010266     e30c m 00000000fffff980 0000000000000000  c.sd     x11, 0x0(x14)
#9515 0 0000000000010268     e70c m 00000000fffff988 0000000000000000  c.sd     x11, 0x8(x14)
#9516 0 000000000001026a     0741 r 000000000000000e 00000000fffff990  c.addi   x14, 0x10
#9517 0 000000000001026c fed76de3 r 0000000000000000 0000000000000000  bltu     x14, x13, . - 0x6
#9518 0 0000000000010266     e30c m 00000000fffff990 0000000000000000  c.sd     x11, 0x0(x14)
#9519 0 0000000000010268     e70c m 00000000fffff998 0000000000000000  c.sd     x11, 0x8(x14)
#9520 0 000000000001026a     0741 r 000000000000000e 00000000fffff9a0  c.addi   x14, 0x10
#9521 0 000000000001026c fed76de3 r 0000000000000000 0000000000000000  bltu     x14, x13, . - 0x6
#9522 0 0000000000010266     e30c m 00000000fffff9a0 0000000000000000  c.sd     x11, 0x0(x14)
#9523 0 0000000000010268     e70c m 00000000fffff9a8 0000000000000000  c.sd     x11, 0x8(x14)
#9524 0 000000000001026a     0741 r 000000000000000e 00000000fffff9b0  c.addi   x14, 0x10
#9525 0 000000000001026c fed76de3 r 0000000000000000 0000000000000000  bltu     x14, x13, . - 0x6
#9526 0 0000000000010266     e30c m 00000000fffff9b0 0000000000000000  c.sd     x11, 0x0(x14)
#9527 0 0000000000010268     e70c m 00000000fffff9b8 0000000000000000  c.sd     x11, 0x8(x14)
#9528 0 000000000001026a     0741 r 000000000000000e 00000000fffff9c0  c.addi   x14, 0x10
#9529 0 000000000001026c fed76de3 r 0000000000000000 0000000000000000  bltu     x14, x13, . - 0x6
#9530 0 0000000000010266     e30c m 00000000fffff9c0 0000000000000000  c.sd     x11, 0x0(x14)
#9531 0 0000000000010268     e70c m 00000000fffff9c8 0000000000000000  c.sd     x11, 0x8(x14)
#9532 0 000000000001026a     0741 r 000000000000000e 00000000fffff9d0  c.addi   x14, 0x10
#9533 0 000000000001026c fed76de3 r 0000000000000000 0000000000000000  bltu     x14, x13, . - 0x6
#9534 0 0000000000010266     e30c m 00000000fffff9d0 0000000000000000  c.sd     x11, 0x0(x14)
#9535 0 0000000000010268     e70c m 00000000fffff9d8 0000000000000000  c.sd     x11, 0x8(x14)
#9536 0 000000000001026a     0741 r 000000000000000e 00000000fffff9e0  c.addi   x14, 0x10
#9537 0 000000000001026c fed76de3 r 0000000000000000 0000000000000000  bltu     x14, x13, . - 0x6
#9538 0 0000000000010266     e30c m 00000000fffff9e0 0000000000000000  c.sd     x11, 0x0(x14)
#9539 0 0000000000010268     e70c m 00000000fffff9e8 0000000000000000  c.sd     x11, 0x8(x14)
#9540 0 000000000001026a     0741 r 000000000000000e 00000000fffff9f0  c.addi   x14, 0x10
#9541 0 000000000001026c fed76de3 r 0000000000000000 0000000000000000  bltu     x14, x13, . - 0x6
#9542 0 0000000000010266     e30c m 00000000fffff9f0 0000000000000000  c.sd     x11, 0x0(x14)
#9543 0 0000000000010268     e70c m 00000000fffff9f8 0000000000000000  c.sd     x11, 0x8(x14)
#9544 0 000000000001026a     0741 r 000000000000000e 00000000fffffa00  c.addi   x14, 0x10
#9545 0 000000000001026c fed76de3 r 0000000000000000 0000000000000000  bltu     x14, x13, . - 0x6
#9546 0 0000000000010266     e30c m 00000000fffffa00 0000000000000000  c.sd     x11, 0x0(x14)
#9547 0 0000000000010268     e70c m 00000000fffffa08 0000000000000000  c.sd     x11, 0x8(x14)
#9548 0 000000000001026a     0741 r 000000000000000e 00000000fffffa10  c.addi   x14, 0x10
#9549 0 000000000001026c fed76de3 r 0000000000000000 0000000000000000  bltu     x14, x13, . - 0x6
#9550 0 0000000000010266     e30c m 00000000fffffa10 0000000000000000  c.sd     x11, 0x0(x14)
#9551 0 0000000000010268     e70c m 00000000fffffa18 0000000000000000  c.sd     x11, 0x8(x14)
#9552 0 000000000001026a     0741 r 000000000000000e 00000000fffffa20  c.addi   x14, 0x10
#9553 0 000000000001026c fed76de3 r 0000000000000000 0000000000000000  bltu     x14, x13, . - 0x6
#9554 0 0000000000010266     e30c m 00000000fffffa20 0000000000000000  c.sd     x11, 0x0(x14)
#9555 0 0000000000010268     e70c m 00000000fffffa28 0000000000000000  c.sd     x11, 0x8(x14)
#9556 0 000000000001026a     0741 r 000000000000000e 00000000fffffa30  c.addi   x14, 0x10
#9557 0 000000000001026c fed76de3 r 0000000000000000 0000000000000000  bltu     x14, x13, . - 0x6
#9558 0 0000000000010266     e30c m 00000000fffffa30 0000000000000000  c.sd     x11, 0x0(x14)
#9559 0 0000000000010268     e70c m 00000000fffffa38 0000000000000000  c.sd     x11, 0x8(x14)
#9560 0 000000000001026a     0741 r 000000000000000e 00000000fffffa40  c.addi   x14, 0x10
#9561 0 000000000001026c fed76de3 r 0000000000000000 0000000000000000  bltu     x14, x13, . - 0x6
#9562 0 0000000000010266     e30c m 00000000fffffa40 0000000000000000  c.sd     x11, 0x0(x14)
#9563 0 0000000000010268     e70c m 00000000fffffa48 0000000000000000  c.sd     x11, 0x8(x14)
#9564 0 000000000001026a     0741 r 000000000000000e 00000000fffffa50  c.addi   x14, 0x10
#9565 0 000000000001026c fed76de3 r 0000000000000000 0000000000000000  bltu     x14, x13, . - 0x6
#9566 0 0000000000010266     e30c m 00000000fffffa50 0000000000000000  c.sd     x11, 0x0(x14)
#9567 0 0000000000010268     e70c m 00000000fffffa58 0000000000000000  c.sd     x11, 0x8(x14)
#9568 0 000000000001026a     0741 r 000000000000000e 00000000fffffa60  c.addi   x14, 0x10
#9569 0 000000000001026c fed76de3 r 0000000000000000 0000000000000000  bltu     x14, x13, . - 0x6
#9570 0 0000000000010266     e30c m 00000000fffffa60 0000000000000000  c.sd     x11, 0x0(x14)
#9571 0 0000000000010268     e70c m 00000000fffffa68 0000000000000000  c.sd     x11, 0x8(x14)
#9572 0 000000000001026a     0741 r 000000000000000e 00000000fffffa70  c.addi   x14, 0x10
#9573 0 000000000001026c fed76de3 r 0000000000000000 0000000000000000  bltu     x14, x13, . - 0x6
#9574 0 0000000000010266     e30c m 00000000fffffa70 0000000000000000  c.sd     x11, 0x0(x14)
#9575 0 0000000000010268     e70c m 00000000fffffa78 0000000000000000  c.sd     x11, 0x8(x14)
#9576 0 000000000001026a     0741 r 000000000000000e 00000000fffffa80  c.addi   x14, 0x10
#9577 0 000000000001026c fed76de3 r 0000000000000000 0000000000000000  bltu     x14, x13, . - 0x6
#9578 0 0000000000010266     e30c m 00000000fffffa80 0000000000000000  c.sd     x11, 0x0(x14)
#9579 0 0000000000010268     e70c m 00000000fffffa88 0000000000000000  c.sd     x11, 0x8(x14)
#9580 0 000000000001026a     0741 r 000000000000000e 00000000fffffa90  c.addi   x14, 0x10
#9581 0 000000000001026c fed76de3 r 0000000000000000 0000000000000000  bltu     x14, x13, . - 0x6
#9582 0 0000000000010266     e30c m 00000000fffffa90 0000000000000000  c.sd     x11, 0x0(x14)
#9583 0 0000000000010268     e70c m 00000000fffffa98 0000000000000000  c.sd     x11, 0x8(x14)
#9584 0 000000000001026a     0741 r 000000000000000e 00000000fffffaa0  c.addi   x14, 0x10
#9585 0 000000000001026c fed76de3 r 0000000000000000 0000000000000000  bltu     x14, x13, . - 0x6
#9586 0 0000000000010266     e30c m 00000000fffffaa0 0000000000000000  c.sd     x11, 0x0(x14)
#9587 0 0000000000010268     e70c m 00000000fffffaa8 0000000000000000  c.sd     x11, 0x8(x14)
#9588 0 000000000001026a     0741 r 000000000000000e 00000000fffffab0  c.addi   x14, 0x10
#9589 0 000000000001026c fed76de3 r 0000000000000000 0000000000000000  bltu     x14, x13, . - 0x6
#9590 0 0000000000010266     e30c m 00000000fffffab0 0000000000000000  c.sd     x11, 0x0(x14)
#9591 0 0000000000010268     e70c m 00000000fffffab8 0000000000000000  c.sd     x11, 0x8(x14)
#9592 0 000000000001026a     0741 r 000000000000000e 00000000fffffac0  c.addi   x14, 0x10
#9593 0 000000000001026c fed76de3 r 0000000000000000 0000000000000000  bltu     x14, x13, . - 0x6
#9594 0 0000000000010266     e30c m 00000000fffffac0 0000000000000000  c.sd     x11, 0x0(x14)
#9595 0 0000000000010268     e70c m 00000000fffffac8 0000000000000000  c.sd     x11, 0x8(x14)
#9596 0 000000000001026a     0741 r 000000000000000e 00000000fffffad0  c.addi   x14, 0x10
#9597 0 000000000001026c fed76de3 r 0000000000000000 0000000000000000  bltu     x14, x13, . - 0x6
#9598 0 0000000000010266     e30c m 00000000fffffad0 0000000000000000  c.sd     x11, 0x0(x14)
#9599 0 0000000000010268     e70c m 00000000fffffad8 0000000000000000  c.sd     x11, 0x8(x14)
#9600 0 000000000001026a     0741 r 000000000000000e 00000000fffffae0  c.addi   x14, 0x10
#9601 0 000000000001026c fed76de3 r 0000000000000000 0000000000000000  bltu     x14, x13, . - 0x6
#9602 0 0000000000010266     e30c m 00000000fffffae0 0000000000000000  c.sd     x11, 0x0(x14)
#9603 0 0000000000010268     e70c m 00000000fffffae8 0000000000000000  c.sd     x11, 0x8(x14)
#9604 0 000000000001026a     0741 r 000000000000000e 00000000fffffaf0  c.addi   x14, 0x10
#9605 0 000000000001026c fed76de3 r 0000000000000000 0000000000000000  bltu     x14, x13, . - 0x6
#9606 0 0000000000010266     e30c m 00000000fffffaf0 0000000000000000  c.sd     x11, 0x0(x14)
#9607 0 0000000000010268     e70c m 00000000fffffaf8 0000000000000000  c.sd     x11, 0x8(x14)
#9608 0 000000000001026a     0741 r 000000000000000e 00000000fffffb00  c.addi   x14, 0x10
#9609 0 000000000001026c fed76de3 r 0000000000000000 0000000000000000  bltu     x14, x13, . - 0x6
#9610 0 0000000000010266     e30c m 00000000fffffb00 0000000000000000  c.sd     x11, 0x0(x14)
#9611 0 0000000000010268     e70c m 00000000fffffb08 0000000000000000  c.sd     x11, 0x8(x14)
#9612 0 000000000001026a     0741 r 000000000000000e 00000000fffffb10  c.addi   x14, 0x10
#9613 0 000000000001026c fed76de3 r 0000000000000000 0000000000000000  bltu     x14, x13, . - 0x6
#9614 0 0000000000010266     e30c m 00000000fffffb10 0000000000000000  c.sd     x11, 0x0(x14)
#9615 0 0000000000010268     e70c m 00000000fffffb18 0000000000000000  c.sd     x11, 0x8(x14)
#9616 0 000000000001026a     0741 r 000000000000000e 00000000fffffb20  c.addi   x14, 0x10
#9617 0 000000000001026c fed76de3 r 0000000000000000 0000000000000000  bltu     x14, x13, . - 0x6
#9618 0 0000000000010266     e30c m 00000000fffffb20 0000000000000000  c.sd     x11, 0x0(x14)
#9619 0 0000000000010268     e70c m 00000000fffffb28 0000000000000000  c.sd     x11, 0x8(x14)
#9620 0 000000000001026a     0741 r 000000000000000e 00000000fffffb30  c.addi   x14, 0x10
#9621 0 000000000001026c fed76de3 r 0000000000000000 0000000000000000  bltu     x14, x13, . - 0x6
#9622 0 0000000000010266     e30c m 00000000fffffb30 0000000000000000  c.sd     x11, 0x0(x14)
#9623 0 0000000000010268     e70c m 00000000fffffb38 0000000000000000  c.sd     x11, 0x8(x14)
#9624 0 000000000001026a     0741 r 000000000000000e 00000000fffffb40  c.addi   x14, 0x10
#9625 0 000000000001026c fed76de3 r 0000000000000000 0000000000000000  bltu     x14, x13, . - 0x6
#9626 0 0000000000010266     e30c m 00000000fffffb40 0000000000000000  c.sd     x11, 0x0(x14)
#9627 0 0000000000010268     e70c m 00000000fffffb48 0000000000000000  c.sd     x11, 0x8(x14)
#9628 0 000000000001026a     0741 r 000000000000000e 00000000fffffb50  c.addi   x14, 0x10
#9629 0 000000000001026c fed76de3 r 0000000000000000 0000000000000000  bltu     x14, x13, . - 0x6
#9630 0 0000000000010266     e30c m 00000000fffffb50 0000000000000000  c.sd     x11, 0x0(x14)
#9631 0 0000000000010268     e70c m 00000000fffffb58 0000000000000000  c.sd     x11, 0x8(x14)
#9632 0 000000000001026a     0741 r 000000000000000e 00000000fffffb60  c.addi   x14, 0x10
#9633 0 000000000001026c fed76de3 r 0000000000000000 0000000000000000  bltu     x14, x13, . - 0x6
#9634 0 0000000000010266     e30c m 00000000fffffb60 0000000000000000  c.sd     x11, 0x0(x14)
#9635 0 0000000000010268     e70c m 00000000fffffb68 0000000000000000  c.sd     x11, 0x8(x14)
#9636 0 000000000001026a     0741 r 000000000000000e 00000000fffffb70  c.addi   x14, 0x10
#9637 0 000000000001026c fed76de3 r 0000000000000000 0000000000000000  bltu     x14, x13, . - 0x6
#9638 0 0000000000010266     e30c m 00000000fffffb70 0000000000000000  c.sd     x11, 0x0(x14)
#9639 0 0000000000010268     e70c m 00000000fffffb78 0000000000000000  c.sd     x11, 0x8(x14)
#9640 0 000000000001026a     0741 r 000000000000000e 00000000fffffb80  c.addi   x14, 0x10
#9641 0 000000000001026c fed76de3 r 0000000000000000 0000000000000000  bltu     x14, x13, . - 0x6
#9642 0 0000000000010266     e30c m 00000000fffffb80 0000000000000000  c.sd     x11, 0x0(x14)
#9643 0 0000000000010268     e70c m 00000000fffffb88 0000000000000000  c.sd     x11, 0x8(x14)
#9644 0 000000000001026a     0741 r 000000000000000e 00000000fffffb90  c.addi   x14, 0x10
#9645 0 000000000001026c fed76de3 r 0000000000000000 0000000000000000  bltu     x14, x13, . - 0x6
#9646 0 0000000000010266     e30c m 00000000fffffb90 0000000000000000  c.sd     x11, 0x0(x14)
#9647 0 0000000000010268     e70c m 00000000fffffb98 0000000000000000  c.sd     x11, 0x8(x14)
#9648 0 000000000001026a     0741 r 000000000000000e 00000000fffffba0  c.addi   x14, 0x10
#9649 0 000000000001026c fed76de3 r 0000000000000000 0000000000000000  bltu     x14, x13, . - 0x6
#9650 0 0000000000010266     e30c m 00000000fffffba0 0000000000000000  c.sd     x11, 0x0(x14)
#9651 0 0000000000010268     e70c m 00000000fffffba8 0000000000000000  c.sd     x11, 0x8(x14)
#9652 0 000000000001026a     0741 r 000000000000000e 00000000fffffbb0  c.addi   x14, 0x10
#9653 0 000000000001026c fed76de3 r 0000000000000000 0000000000000000  bltu     x14, x13, . - 0x6
#9654 0 0000000000010266     e30c m 00000000fffffbb0 0000000000000000  c.sd     x11, 0x0(x14)
#9655 0 0000000000010268     e70c m 00000000fffffbb8 0000000000000000  c.sd     x11, 0x8(x14)
#9656 0 000000000001026a     0741 r 000000000000000e 00000000fffffbc0  c.addi   x14, 0x10
#9657 0 000000000001026c fed76de3 r 0000000000000000 0000000000000000  bltu     x14, x13, . - 0x6
#9658 0 0000000000010266     e30c m 00000000fffffbc0 0000000000000000  c.sd     x11, 0x0(x14)
#9659 0 0000000000010268     e70c m 00000000fffffbc8 0000000000000000  c.sd     x11, 0x8(x14)
#9660 0 000000000001026a     0741 r 000000000000000e 00000000fffffbd0  c.addi   x14, 0x10
#9661 0 000000000001026c fed76de3 r 0000000000000000 0000000000000000  bltu     x14, x13, . - 0x6
#9662 0 0000000000010266     e30c m 00000000fffffbd0 0000000000000000  c.sd     x11, 0x0(x14)
#9663 0 0000000000010268     e70c m 00000000fffffbd8 0000000000000000  c.sd     x11, 0x8(x14)
#9664 0 000000000001026a     0741 r 000000000000000e 00000000fffffbe0  c.addi   x14, 0x10
#9665 0 000000000001026c fed76de3 r 0000000000000000 0000000000000000  bltu     x14, x13, . - 0x6
#9666 0 0000000000010266     e30c m 00000000fffffbe0 0000000000000000  c.sd     x11, 0x0(x14)
#9667 0 0000000000010268     e70c m 00000000fffffbe8 0000000000000000  c.sd     x11, 0x8(x14)
#9668 0 000000000001026a     0741 r 000000000000000e 00000000fffffbf0  c.addi   x14, 0x10
#9669 0 000000000001026c fed76de3 r 0000000000000000 0000000000000000  bltu     x14, x13, . - 0x6
#9670 0 0000000000010266     e30c m 00000000fffffbf0 0000000000000000  c.sd     x11, 0x0(x14)
#9671 0 0000000000010268     e70c m 00000000fffffbf8 0000000000000000  c.sd     x11, 0x8(x14)
#9672 0 000000000001026a     0741 r 000000000000000e 00000000fffffc00  c.addi   x14, 0x10
#9673 0 000000000001026c fed76de3 r 0000000000000000 0000000000000000  bltu     x14, x13, . - 0x6
#9674 0 0000000000010266     e30c m 00000000fffffc00 0000000000000000  c.sd     x11, 0x0(x14)
#9675 0 0000000000010268     e70c m 00000000fffffc08 0000000000000000  c.sd     x11, 0x8(x14)
#9676 0 000000000001026a     0741 r 000000000000000e 00000000fffffc10  c.addi   x14, 0x10
#9677 0 000000000001026c fed76de3 r 0000000000000000 0000000000000000  bltu     x14, x13, . - 0x6
#9678 0 0000000000010266     e30c m 00000000fffffc10 0000000000000000  c.sd     x11, 0x0(x14)
#9679 0 0000000000010268     e70c m 00000000fffffc18 0000000000000000  c.sd     x11, 0x8(x14)
#9680 0 000000000001026a     0741 r 000000000000000e 00000000fffffc20  c.addi   x14, 0x10
#9681 0 000000000001026c fed76de3 r 0000000000000000 0000000000000000  bltu     x14, x13, . - 0x6
#9682 0 0000000000010266     e30c m 00000000fffffc20 0000000000000000  c.sd     x11, 0x0(x14)
#9683 0 0000000000010268     e70c m 00000000fffffc28 0000000000000000  c.sd     x11, 0x8(x14)
#9684 0 000000000001026a     0741 r 000000000000000e 00000000fffffc30  c.addi   x14, 0x10
#9685 0 000000000001026c fed76de3 r 0000000000000000 0000000000000000  bltu     x14, x13, . - 0x6
#9686 0 0000000000010266     e30c m 00000000fffffc30 0000000000000000  c.sd     x11, 0x0(x14)
#9687 0 0000000000010268     e70c m 00000000fffffc38 0000000000000000  c.sd     x11, 0x8(x14)
#9688 0 000000000001026a     0741 r 000000000000000e 00000000fffffc40  c.addi   x14, 0x10
#9689 0 000000000001026c fed76de3 r 0000000000000000 0000000000000000  bltu     x14, x13, . - 0x6
#9690 0 0000000000010266     e30c m 00000000fffffc40 0000000000000000  c.sd     x11, 0x0(x14)
#9691 0 0000000000010268     e70c m 00000000fffffc48 0000000000000000  c.sd     x11, 0x8(x14)
#9692 0 000000000001026a     0741 r 000000000000000e 00000000fffffc50  c.addi   x14, 0x10
#9693 0 000000000001026c fed76de3 r 0000000000000000 0000000000000000  bltu     x14, x13, . - 0x6
#9694 0 0000000000010266     e30c m 00000000fffffc50 0000000000000000  c.sd     x11, 0x0(x14)
#9695 0 0000000000010268     e70c m 00000000fffffc58 0000000000000000  c.sd     x11, 0x8(x14)
#9696 0 000000000001026a     0741 r 000000000000000e 00000000fffffc60  c.addi   x14, 0x10
#9697 0 000000000001026c fed76de3 r 0000000000000000 0000000000000000  bltu     x14, x13, . - 0x6
#9698 0 0000000000010266     e30c m 00000000fffffc60 0000000000000000  c.sd     x11, 0x0(x14)
#9699 0 0000000000010268     e70c m 00000000fffffc68 0000000000000000  c.sd     x11, 0x8(x14)
#9700 0 000000000001026a     0741 r 000000000000000e 00000000fffffc70  c.addi   x14, 0x10
#9701 0 000000000001026c fed76de3 r 0000000000000000 0000000000000000  bltu     x14, x13, . - 0x6
#9702 0 0000000000010266     e30c m 00000000fffffc70 0000000000000000  c.sd     x11, 0x0(x14)
#9703 0 0000000000010268     e70c m 00000000fffffc78 0000000000000000  c.sd     x11, 0x8(x14)
#9704 0 000000000001026a     0741 r 000000000000000e 00000000fffffc80  c.addi   x14, 0x10
#9705 0 000000000001026c fed76de3 r 0000000000000000 0000000000000000  bltu     x14, x13, . - 0x6
#9706 0 0000000000010266     e30c m 00000000fffffc80 0000000000000000  c.sd     x11, 0x0(x14)
#9707 0 0000000000010268     e70c m 00000000fffffc88 0000000000000000  c.sd     x11, 0x8(x14)
#9708 0 000000000001026a     0741 r 000000000000000e 00000000fffffc90  c.addi   x14, 0x10
#9709 0 000000000001026c fed76de3 r 0000000000000000 0000000000000000  bltu     x14, x13, . - 0x6
#9710 0 0000000000010266     e30c m 00000000fffffc90 0000000000000000  c.sd     x11, 0x0(x14)
#9711 0 0000000000010268     e70c m 00000000fffffc98 0000000000000000  c.sd     x11, 0x8(x14)
#9712 0 000000000001026a     0741 r 000000000000000e 00000000fffffca0  c.addi   x14, 0x10
#9713 0 000000000001026c fed76de3 r 0000000000000000 0000000000000000  bltu     x14, x13, . - 0x6
#9714 0 0000000000010266     e30c m 00000000fffffca0 0000000000000000  c.sd     x11, 0x0(x14)
#9715 0 0000000000010268     e70c m 00000000fffffca8 0000000000000000  c.sd     x11, 0x8(x14)
#9716 0 000000000001026a     0741 r 000000000000000e 00000000fffffcb0  c.addi   x14, 0x10
#9717 0 000000000001026c fed76de3 r 0000000000000000 0000000000000000  bltu     x14, x13, . - 0x6
#9718 0 0000000000010266     e30c m 00000000fffffcb0 0000000000000000  c.sd     x11, 0x0(x14)
#9719 0 0000000000010268     e70c m 00000000fffffcb8 0000000000000000  c.sd     x11, 0x8(x14)
#9720 0 000000000001026a     0741 r 000000000000000e 00000000fffffcc0  c.addi   x14, 0x10
#9721 0 000000000001026c fed76de3 r 0000000000000000 0000000000000000  bltu     x14, x13, . - 0x6
#9722 0 0000000000010266     e30c m 00000000fffffcc0 0000000000000000  c.sd     x11, 0x0(x14)
#9723 0 0000000000010268     e70c m 00000000fffffcc8 0000000000000000  c.sd     x11, 0x8(x14)
#9724 0 000000000001026a     0741 r 000000000000000e 00000000fffffcd0  c.addi   x14, 0x10
#9725 0 000000000001026c fed76de3 r 0000000000000000 0000000000000000  bltu     x14, x13, . - 0x6
#9726 0 0000000000010266     e30c m 00000000fffffcd0 0000000000000000  c.sd     x11, 0x0(x14)
#9727 0 0000000000010268     e70c m 00000000fffffcd8 0000000000000000  c.sd     x11, 0x8(x14)
#9728 0 000000000001026a     0741 r 000000000000000e 00000000fffffce0  c.addi   x14, 0x10
#9729 0 000000000001026c fed76de3 r 0000000000000000 0000000000000000  bltu     x14, x13, . - 0x6
#9730 0 0000000000010266     e30c m 00000000fffffce0 0000000000000000  c.sd     x11, 0x0(x14)
#9731 0 0000000000010268     e70c m 00000000fffffce8 0000000000000000  c.sd     x11, 0x8(x14)
#9732 0 000000000001026a     0741 r 000000000000000e 00000000fffffcf0  c.addi   x14, 0x10
#9733 0 000000000001026c fed76de3 r 0000000000000000 0000000000000000  bltu     x14, x13, . - 0x6
#9734 0 0000000000010266     e30c m 00000000fffffcf0 0000000000000000  c.sd     x11, 0x0(x14)
#9735 0 0000000000010268     e70c m 00000000fffffcf8 0000000000000000  c.sd     x11, 0x8(x14)
#9736 0 000000000001026a     0741 r 000000000000000e 00000000fffffd00  c.addi   x14, 0x10
#9737 0 000000000001026c fed76de3 r 0000000000000000 0000000000000000  bltu     x14, x13, . - 0x6
#9738 0 0000000000010266     e30c m 00000000fffffd00 0000000000000000  c.sd     x11, 0x0(x14)
#9739 0 0000000000010268     e70c m 00000000fffffd08 0000000000000000  c.sd     x11, 0x8(x14)
#9740 0 000000000001026a     0741 r 000000000000000e 00000000fffffd10  c.addi   x14, 0x10
#9741 0 000000000001026c fed76de3 r 0000000000000000 0000000000000000  bltu     x14, x13, . - 0x6
#9742 0 0000000000010266     e30c m 00000000fffffd10 0000000000000000  c.sd     x11, 0x0(x14)
#9743 0 0000000000010268     e70c m 00000000fffffd18 0000000000000000  c.sd     x11, 0x8(x14)
#9744 0 000000000001026a     0741 r 000000000000000e 00000000fffffd20  c.addi   x14, 0x10
#9745 0 000000000001026c fed76de3 r 0000000000000000 0000000000000000  bltu     x14, x13, . - 0x6
#9746 0 0000000000010266     e30c m 00000000fffffd20 0000000000000000  c.sd     x11, 0x0(x14)
#9747 0 0000000000010268     e70c m 00000000fffffd28 0000000000000000  c.sd     x11, 0x8(x14)
#9748 0 000000000001026a     0741 r 000000000000000e 00000000fffffd30  c.addi   x14, 0x10
#9749 0 000000000001026c fed76de3 r 0000000000000000 0000000000000000  bltu     x14, x13, . - 0x6
#9750 0 0000000000010266     e30c m 00000000fffffd30 0000000000000000  c.sd     x11, 0x0(x14)
#9751 0 0000000000010268     e70c m 00000000fffffd38 0000000000000000  c.sd     x11, 0x8(x14)
#9752 0 000000000001026a     0741 r 000000000000000e 00000000fffffd40  c.addi   x14, 0x10
#9753 0 000000000001026c fed76de3 r 0000000000000000 0000000000000000  bltu     x14, x13, . - 0x6
#9754 0 0000000000010266     e30c m 00000000fffffd40 0000000000000000  c.sd     x11, 0x0(x14)
#9755 0 0000000000010268     e70c m 00000000fffffd48 0000000000000000  c.sd     x11, 0x8(x14)
#9756 0 000000000001026a     0741 r 000000000000000e 00000000fffffd50  c.addi   x14, 0x10
#9757 0 000000000001026c fed76de3 r 0000000000000000 0000000000000000  bltu     x14, x13, . - 0x6
#9758 0 0000000000010266     e30c m 00000000fffffd50 0000000000000000  c.sd     x11, 0x0(x14)
#9759 0 0000000000010268     e70c m 00000000fffffd58 0000000000000000  c.sd     x11, 0x8(x14)
#9760 0 000000000001026a     0741 r 000000000000000e 00000000fffffd60  c.addi   x14, 0x10
#9761 0 000000000001026c fed76de3 r 0000000000000000 0000000000000000  bltu     x14, x13, . - 0x6
#9762 0 0000000000010266     e30c m 00000000fffffd60 0000000000000000  c.sd     x11, 0x0(x14)
#9763 0 0000000000010268     e70c m 00000000fffffd68 0000000000000000  c.sd     x11, 0x8(x14)
#9764 0 000000000001026a     0741 r 000000000000000e 00000000fffffd70  c.addi   x14, 0x10
#9765 0 000000000001026c fed76de3 r 0000000000000000 0000000000000000  bltu     x14, x13, . - 0x6
#9766 0 0000000000010266     e30c m 00000000fffffd70 0000000000000000  c.sd     x11, 0x0(x14)
#9767 0 0000000000010268     e70c m 00000000fffffd78 0000000000000000  c.sd     x11, 0x8(x14)
#9768 0 000000000001026a     0741 r 000000000000000e 00000000fffffd80  c.addi   x14, 0x10
#9769 0 000000000001026c fed76de3 r 0000000000000000 0000000000000000  bltu     x14, x13, . - 0x6
#9770 0 0000000000010266     e30c m 00000000fffffd80 0000000000000000  c.sd     x11, 0x0(x14)
#9771 0 0000000000010268     e70c m 00000000fffffd88 0000000000000000  c.sd     x11, 0x8(x14)
#9772 0 000000000001026a     0741 r 000000000000000e 00000000fffffd90  c.addi   x14, 0x10
#9773 0 000000000001026c fed76de3 r 0000000000000000 0000000000000000  bltu     x14, x13, . - 0x6
#9774 0 0000000000010266     e30c m 00000000fffffd90 0000000000000000  c.sd     x11, 0x0(x14)
#9775 0 0000000000010268     e70c m 00000000fffffd98 0000000000000000  c.sd     x11, 0x8(x14)
#9776 0 000000000001026a     0741 r 000000000000000e 00000000fffffda0  c.addi   x14, 0x10
#9777 0 000000000001026c fed76de3 r 0000000000000000 0000000000000000  bltu     x14, x13, . - 0x6
#9778 0 0000000000010270     e211 r 0000000000000000 0000000000000000  c.bnez   x12, . + 0x4
#9779 0 0000000000010274 40c306b3 r 000000000000000d 0000000000000007  sub      x13, x6, x12
#9780 0 0000000000010278     068a r 000000000000000d 000000000000001c  c.slli   x13, 2
#9781 0 000000000001027a 00000297 r 0000000000000005 000000000001027a  auipc    x5, 0x0
#9782 0 000000000001027e     9696 r 000000000000000d 0000000000010296  c.add    x13, x5
#9783 0 0000000000010280 00a68067 r 0000000000000000 0000000000000000  jalr     x0, 0xa(x13)
#9784 0 00000000000102a0 00b703a3 m 00000000fffffda7 0000000000000000  sb       x11, 0x7(x14)
#9785 0 00000000000102a4 00b70323 m 00000000fffffda6 0000000000000000  sb       x11, 0x6(x14)
#9786 0 00000000000102a8 00b702a3 m 00000000fffffda5 0000000000000000  sb       x11, 0x5(x14)
#9787 0 00000000000102ac 00b70223 m 00000000fffffda4 0000000000000000  sb       x11, 0x4(x14)
#9788 0 00000000000102b0 00b701a3 m 00000000fffffda3 0000000000000000  sb       x11, 0x3(x14)
#9789 0 00000000000102b4 00b70123 m 00000000fffffda2 0000000000000000  sb       x11, 0x2(x14)
#9790 0 00000000000102b8 00b700a3 m 00000000fffffda1 0000000000000000  sb       x11, 0x1(x14)
#9791 0 00000000000102bc 00b70023 m 00000000fffffda0 0000000000000000  sb       x11, 0x0(x14)
#9792 0 00000000000102c0     8082 r 0000000000000000 0000000000000000  c.jr     x1
#9793 0 00000000000101b6     4781 r 000000000000000f 0000000000000000  c.li     x15, 0x0
#9794 0 00000000000101b8     853e r 000000000000000a 0000000000000000  c.mv     x10, x15
#9795 0 00000000000101ba 7f010113 r 0000000000000002 00000000fffffdc0  addi     x2, x2, 2032
#9796 0 00000000000101be     60ba r 0000000000000001 0000000000010102  c.ldsp   x1, 0x188
#9797 0 00000000000101c0     641a r 0000000000000008 0000000000000000  c.ldsp   x8, 0x180
#9798 0 00000000000101c2     6159 r 0000000000000002 00000000ffffff50  c.addi16sp 0x19
#9799 0 00000000000101c4     8082 r 0000000000000000 0000000000000000  c.jr     x1
#9800 0 0000000000010102     a0d1 r 0000000000000000 0000000000000000  c.j      . + 0xc4
#9801 0 00000000000101c6     1141 r 0000000000000002 00000000ffffff40  c.addi   x2, -0x10
#9802 0 00000000000101c8     4581 r 000000000000000b 0000000000000000  c.li     x11, 0x0
#9803 0 00000000000101ca     e022 m 00000000ffffff40 0000000000000000  c.sdsp   x8, 0x0
#9804 0 00000000000101cc     e406 m 00000000ffffff48 0000000000010102  c.sdsp   x1, 0x8
#9805 0 00000000000101ce     842a r 0000000000000008 0000000000000000  c.mv     x8, x10
#9806 0 00000000000101d0 66b010ef r 0000000000000001 00000000000101d4  jal      x1, . + 0x1e6a
#9807 0 000000000001203a     715d r 0000000000000002 00000000fffffef0  c.addi16sp -0x5
#9808 0 000000000001203c     f052 m 00000000ffffff10 0000000000000000  c.sdsp   x20, 0x20
#9809 0 000000000001203e 7481ba03 r 0000000000000014 000000000001e290  ld       x20, 0x748(x3)
#9810 0 0000000000012042     f84a m 00000000ffffff20 0000000000000000  c.sdsp   x18, 0x30
#9811 0 0000000000012044     e486 m 00000000ffffff38 00000000000101d4  c.sdsp   x1, 0x48
#9812 0 0000000000012046 1f8a3903 r 0000000000000012 000000000001e490  ld       x18, 0x1f8(x20)
#9813 0 000000000001204a     e0a2 m 00000000ffffff30 0000000000000000  c.sdsp   x8, 0x40
#9814 0 000000000001204c     fc26 m 00000000ffffff28 0000000000000000  c.sdsp   x9, 0x38
#9815 0 000000000001204e     f44e m 00000000ffffff18 0000000000000000  c.sdsp   x19, 0x28
#9816 0 0000000000012050     ec56 m 00000000ffffff08 0000000000000000  c.sdsp   x21, 0x18
#9817 0 0000000000012052     e85a m 00000000ffffff00 0000000000000000  c.sdsp   x22, 0x10
#9818 0 0000000000012054     e45e m 00000000fffffef8 0000000000000000  c.sdsp   x23, 0x8
#9819 0 0000000000012056     e062 m 00000000fffffef0 0000000000000000  c.sdsp   x24, 0x0
#9820 0 0000000000012058 02090863 r 0000000000000000 0000000000000000  beq      x18, x0, . + 0x30
#9821 0 000000000001205c     8b2a r 0000000000000016 0000000000000000  c.mv     x22, x10
#9822 0 000000000001205e     8bae r 0000000000000017 0000000000000000  c.mv     x23, x11
#9823 0 0000000000012060     4a85 r 0000000000000015 0000000000000001  c.li     x21, 0x1
#9824 0 0000000000012062     59fd r 0000000000000013 ffffffffffffffff  c.li     x19, -0x1
#9825 0 0000000000012064 00892483 r 0000000000000009 0000000000000001  lw       x9, 0x8(x18)
#9826 0 0000000000012068 fff4841b r 0000000000000008 0000000000000000  addiw    x8, x9, -1
#9827 0 000000000001206c 00044e63 r 0000000000000000 0000000000000000  blt      x8, x0, . + 0x1c
#9828 0 0000000000012070     048e r 0000000000000009 0000000000000008  c.slli   x9, 3
#9829 0 0000000000012072     94ca r 0000000000000009 000000000001e498  c.add    x9, x18
#9830 0 0000000000012074 020b8663 r 0000000000000000 0000000000000000  beq      x23, x0, . + 0x2c
#9831 0 00000000000120a0 00892783 r 000000000000000f 0000000000000001  lw       x15, 0x8(x18)
#9832 0 00000000000120a4     6498 r 000000000000000e 0000000000012592  c.ld     x14, 0x8(x9)
#9833 0 00000000000120a6     37fd r 000000000000000f 0000000000000000  c.addiw  x15, -0x1
#9834 0 00000000000120a8 04878463 r 0000000000000000 0000000000000000  beq      x15, x8, . + 0x48
#9835 0 00000000000120f0 00892423 m 000000000001e498 0000000000000000  sw       x8, 0x8(x18)
#9836 0 00000000000120f4     bf75 r 0000000000000000 0000000000000000  c.j      . - 0x44
#9837 0 00000000000120b0     db61 r 0000000000000000 0000000000000000  c.beqz   x14, . - 0x30
#9838 0 00000000000120b2 31092783 r 000000000000000f 0000000000000000  lw       x15, 0x310(x18)
#9839 0 00000000000120b6 008a96bb r 000000000000000d 0000000000000001  sllw     x13, x21, x8
#9840 0 00000000000120ba 00892c03 r 0000000000000018 0000000000000000  lw       x24, 0x8(x18)
#9841 0 00000000000120be     8ff5 r 000000000000000f 0000000000000000  c.and    x15, x13
#9842 0 00000000000120c0     2781 r 000000000000000f 0000000000000000  c.addiw  x15, 0x0
#9843 0 00000000000120c2     ef89 r 0000000000000000 0000000000000000  c.bnez   x15, . + 0x1a
#9844 0 00000000000120c4     9702 r 0000000000000001 00000000000120c6  c.jalr   x14
#9845 0 0000000000012592     1101 r 0000000000000002 00000000fffffed0  c.addi   x2, -0x20
#9846 0 0000000000012594     e822 m 00000000fffffee0 0000000000000000  c.sdsp   x8, 0x10
#9847 0 0000000000012596     67f9 r 000000000000000f 000000000001e000  c.lui    x15, 0x1e
#9848 0 0000000000012598     6479 r 0000000000000008 000000000001e000  c.lui    x8, 0x1e
#9849 0 000000000001259a 28840413 r 0000000000000008 000000000001e288  addi     x8, x8, 648
#9850 0 000000000001259e 29078793 r 000000000000000f 000000000001e290  addi     x15, x15, 656
#9851 0 00000000000125a2     8f81 r 000000000000000f 0000000000000008  c.sub    x15, x8
#9852 0 00000000000125a4     e426 m 00000000fffffed8 000000000001e498  c.sdsp   x9, 0x8
#9853 0 00000000000125a6     ec06 m 00000000fffffee8 00000000000120c6  c.sdsp   x1, 0x18
#9854 0 00000000000125a8 4037d493 r 0000000000000009 0000000000000001  srai     x9, x15, 3
#9855 0 00000000000125ac     c881 r 0000000000000000 0000000000000000  c.beqz   x9, . + 0x10
#9856 0 00000000000125ae     17e1 r 000000000000000f 0000000000000000  c.addi   x15, -0x8
#9857 0 00000000000125b0     943e r 0000000000000008 000000000001e288  c.add    x8, x15
#9858 0 00000000000125b2     601c r 000000000000000f 0000000000010104  c.ld     x15, 0x0(x8)
#9859 0 00000000000125b4     14fd r 0000000000000009 0000000000000000  c.addi   x9, -0x1
#9860 0 00000000000125b6     1461 r 0000000000000008 000000000001e280  c.addi   x8, -0x8
#9861 0 00000000000125b8     9782 r 0000000000000001 00000000000125ba  c.jalr   x15
#9862 0 0000000000010104 7a01c703 r 000000000000000e 0000000000000000  lbu      x14, 0x7a0(x3)
#9863 0 0000000000010108     e715 r 0000000000000000 0000000000000000  c.bnez   x14, . + 0x2c
#9864 0 000000000001010a     1141 r 0000000000000002 00000000fffffec0  c.addi   x2, -0x10
#9865 0 000000000001010c     e022 m 00000000fffffec0 000000000001e280  c.sdsp   x8, 0x0
#9866 0 000000000001010e     843e r 0000000000000008 0000000000010104  c.mv     x8, x15
#9867 0 0000000000010110     e406 m 00000000fffffec8 00000000000125ba  c.sdsp   x1, 0x8
#9868 0 0000000000010112 00000793 r 000000000000000f 0000000000000000  addi     x15, x0, 0
#9869 0 0000000000010116     cb81 r 0000000000000000 0000000000000000  c.beqz   x15, . + 0x10
#9870 0 0000000000010126     4785 r 000000000000000f 0000000000000001  c.li     x15, 0x1
#9871 0 0000000000010128     60a2 r 0000000000000001 00000000000125ba  c.ldsp   x1, 0x8
#9872 0 000000000001012a 7af18023 m 000000000001f418 0000000000000001  sb       x15, 0x7a0(x3)
#9873 0 000000000001012e     6402 r 0000000000000008 000000000001e280  c.ldsp   x8, 0x0
#9874 0 0000000000010130     0141 r 0000000000000002 00000000fffffed0  c.addi   x2, 0x10
#9875 0 0000000000010132     8082 r 0000000000000000 0000000000000000  c.jr     x1
#9876 0 00000000000125ba     fce5 r 0000000000000000 0000000000000000  c.bnez   x9, . - 0x8
#9877 0 00000000000125bc     60e2 r 0000000000000001 00000000000120c6  c.ldsp   x1, 0x18
#9878 0 00000000000125be     6442 r 0000000000000008 0000000000000000  c.ldsp   x8, 0x10
#9879 0 00000000000125c0     64a2 r 0000000000000009 000000000001e498  c.ldsp   x9, 0x8
#9880 0 00000000000125c2     6105 r 0000000000000002 00000000fffffef0  c.addi16sp 0x2
#9881 0 00000000000125c4     8082 r 0000000000000000 0000000000000000  c.jr     x1
#9882 0 00000000000120c6 00892703 r 000000000000000e 0000000000000000  lw       x14, 0x8(x18)
#9883 0 00000000000120ca 1f8a3783 r 000000000000000f 000000000001e490  ld       x15, 0x1f8(x20)
#9884 0 00000000000120ce 01871463 r 0000000000000000 0000000000000000  bne      x14, x24, . + 0x8
#9885 0 00000000000120d2 fb2787e3 r 0000000000000000 0000000000000000  beq      x15, x18, . - 0x52
#9886 0 0000000000012080     347d r 0000000000000008 ffffffffffffffff  c.addiw  x8, -0x1
#9887 0 0000000000012082     14e1 r 0000000000000009 000000000001e490  c.addi   x9, -0x8
#9888 0 0000000000012084 ff3418e3 r 0000000000000000 0000000000000000  bne      x8, x19, . - 0x10
#9889 0 0000000000012088     60a6 r 0000000000000001 00000000000101d4  c.ldsp   x1, 0x48
#9890 0 000000000001208a     6406 r 0000000000000008 0000000000000000  c.ldsp   x8, 0x40
#9891 0 000000000001208c     74e2 r 0000000000000009 0000000000000000  c.ldsp   x9, 0x38
#9892 0 000000000001208e     7942 r 0000000000000012 0000000000000000  c.ldsp   x18, 0x30
#9893 0 0000000000012090     79a2 r 0000000000000013 0000000000000000  c.ldsp   x19, 0x28
#9894 0 0000000000012092     7a02 r 0000000000000014 0000000000000000  c.ldsp   x20, 0x20
#9895 0 0000000000012094     6ae2 r 0000000000000015 0000000000000000  c.ldsp   x21, 0x18
#9896 0 0000000000012096     6b42 r 0000000000000016 0000000000000000  c.ldsp   x22, 0x10
#9897 0 0000000000012098     6ba2 r 0000000000000017 0000000000000000  c.ldsp   x23, 0x8
#9898 0 000000000001209a     6c02 r 0000000000000018 0000000000000000  c.ldsp   x24, 0x0
#9899 0 000000000001209c     6161 r 0000000000000002 00000000ffffff40  c.addi16sp 0x5
#9900 0 000000000001209e     8082 r 0000000000000000 0000000000000000  c.jr     x1
#9901 0 00000000000101d4 7481b503 r 000000000000000a 000000000001e290  ld       x10, 0x748(x3)
#9902 0 00000000000101d8     6d3c r 000000000000000f 0000000000012312  c.ld     x15, 0x58(x10)
#9903 0 00000000000101da     c391 r 0000000000000000 0000000000000000  c.beqz   x15, . + 0x4
#9904 0 00000000000101dc     9782 r 0000000000000001 00000000000101de  c.jalr   x15
#9905 0 0000000000012312     65e5 r 000000000000000b 0000000000019000  c.lui    x11, 0x19
#9906 0 0000000000012314 fa058593 r 000000000000000b 0000000000018fa0  addi     x11, x11, -96
#9907 0 0000000000012318     ada1 r 0000000000000000 0000000000000000  c.j      . + 0x658
#9908 0 0000000000012970     715d r 0000000000000002 00000000fffffef0  c.addi16sp -0x5
#9909 0 0000000000012972     f84a m 00000000ffffff20 0000000000000000  c.sdsp   x18, 0x30
#9910 0 0000000000012974     f44e m 00000000ffffff18 0000000000000000  c.sdsp   x19, 0x28
#9911 0 0000000000012976     f052 m 00000000ffffff10 0000000000000000  c.sdsp   x20, 0x20
#9912 0 0000000000012978     ec56 m 00000000ffffff08 0000000000000000  c.sdsp   x21, 0x18
#9913 0 000000000001297a     e85a m 00000000ffffff00 0000000000000000  c.sdsp   x22, 0x10
#9914 0 000000000001297c     e45e m 00000000fffffef8 0000000000000000  c.sdsp   x23, 0x8
#9915 0 000000000001297e     e062 m 00000000fffffef0 0000000000000000  c.sdsp   x24, 0x0
#9916 0 0000000000012980     e486 m 00000000ffffff38 00000000000101de  c.sdsp   x1, 0x48
#9917 0 0000000000012982     e0a2 m 00000000ffffff30 0000000000000000  c.sdsp   x8, 0x40
#9918 0 0000000000012984     fc26 m 00000000ffffff28 0000000000000000  c.sdsp   x9, 0x38
#9919 0 0000000000012986     8c2a r 0000000000000018 000000000001e290  c.mv     x24, x10
#9920 0 0000000000012988     8a2e r 0000000000000014 0000000000018fa0  c.mv     x20, x11
#9921 0 000000000001298a 52050913 r 0000000000000012 000000000001e7b0  addi     x18, x10, 1312
#9922 0 000000000001298e     4b01 r 0000000000000016 0000000000000000  c.li     x22, 0x0
#9923 0 0000000000012990 0b000a93 r 0000000000000015 00000000000000b0  addi     x21, x0, 176
#9924 0 0000000000012994     4b85 r 0000000000000017 0000000000000001  c.li     x23, 0x1
#9925 0 0000000000012996     59fd r 0000000000000013 ffffffffffffffff  c.li     x19, -0x1
#9926 0 0000000000012998 00892783 r 000000000000000f 0000000000000003  lw       x15, 0x8(x18)
#9927 0 000000000001299c 01093403 r 0000000000000008 000000000001e7c8  ld       x8, 0x10(x18)
#9928 0 00000000000129a0 02f05c63 r 0000000000000000 0000000000000000  bge      x0, x15, . + 0x38
#9929 0 00000000000129a4 fff7849b r 0000000000000009 0000000000000002  addiw    x9, x15, -1
#9930 0 00000000000129a8     1482 r 0000000000000009 0000000200000000  c.slli   x9, 32
#9931 0 00000000000129aa     9081 r 0000000000000009 0000000000000002  c.srli   x9, 0x20
#9932 0 00000000000129ac     0485 r 0000000000000009 0000000000000003  c.addi   x9, 0x1
#9933 0 00000000000129ae 035484b3 r 0000000000000009 0000000000000210  mul      x9, x9, x21
#9934 0 00000000000129b2     94a2 r 0000000000000009 000000000001e9d8  c.add    x9, x8
#9935 0 00000000000129b4 01045783 r 000000000000000f 0000000000000004  lhu      x15, 0x10(x8)
#9936 0 00000000000129b8 00fbfc63 r 0000000000000000 0000000000000000  bgeu     x23, x15, . + 0x18
#9937 0 00000000000129bc 01241783 r 000000000000000f 0000000000000000  lh       x15, 0x12(x8)
#9938 0 00000000000129c0     85a2 r 000000000000000b 000000000001e7c8  c.mv     x11, x8
#9939 0 00000000000129c2     8562 r 000000000000000a 000000000001e290  c.mv     x10, x24
#9940 0 00000000000129c4 01378663 r 0000000000000000 0000000000000000  beq      x15, x19, . + 0xc
#9941 0 00000000000129c8     9a02 r 0000000000000001 00000000000129ca  c.jalr   x20
#9942 0 0000000000018fa0     cd8d r 0000000000000000 0000000000000000  c.beqz   x11, . + 0x3a
#9943 0 0000000000018fa2     1101 r 0000000000000002 00000000fffffed0  c.addi   x2, -0x20
#9944 0 0000000000018fa4     e822 m 00000000fffffee0 000000000001e7c8  c.sdsp   x8, 0x10
#9945 0 0000000000018fa6     ec06 m 00000000fffffee8 00000000000129ca  c.sdsp   x1, 0x18
#9946 0 0000000000018fa8     842a r 0000000000000008 000000000001e290  c.mv     x8, x10
#9947 0 0000000000018faa     c119 r 0000000000000000 0000000000000000  c.beqz   x10, . + 0x6
#9948 0 0000000000018fac     493c r 000000000000000f 0000000000000001  c.lw     x15, 0x50(x10)
#9949 0 0000000000018fae     cf91 r 0000000000000000 0000000000000000  c.beqz   x15, . + 0x1c
#9950 0 0000000000018fb0 01059783 r 000000000000000f 0000000000000004  lh       x15, 0x10(x11)
#9951 0 0000000000018fb4     e791 r 0000000000000000 0000000000000000  c.bnez   x15, . + 0xc
#9952 0 0000000000018fc0     8522 r 000000000000000a 000000000001e290  c.mv     x10, x8
#9953 0 0000000000018fc2     6442 r 0000000000000008 000000000001e7c8  c.ldsp   x8, 0x10
#9954 0 0000000000018fc4     60e2 r 0000000000000001 00000000000129ca  c.ldsp   x1, 0x18
#9955 0 0000000000018fc6     6105 r 0000000000000002 00000000fffffef0  c.addi16sp 0x2
#9956 0 0000000000018fc8     bfa1 r 0000000000000000 0000000000000000  c.j      . - 0xa8
#9957 0 0000000000018f20     1101 r 0000000000000002 00000000fffffed0  c.addi   x2, -0x20
#9958 0 0000000000018f22     e822 m 00000000fffffee0 000000000001e7c8  c.sdsp   x8, 0x10
#9959 0 0000000000018f24     e426 m 00000000fffffed8 000000000001e9d8  c.sdsp   x9, 0x8
#9960 0 0000000000018f26     e04a m 00000000fffffed0 000000000001e7b0  c.sdsp   x18, 0x0
#9961 0 0000000000018f28     842e r 0000000000000008 000000000001e7c8  c.mv     x8, x11
#9962 0 0000000000018f2a     ec06 m 00000000fffffee8 00000000000129ca  c.sdsp   x1, 0x18
#9963 0 0000000000018f2c     84aa r 0000000000000009 000000000001e290  c.mv     x9, x10
#9964 0 0000000000018f2e 9cef90ef r 0000000000000001 0000000000018f32  jal      x1, . - 0x6e32
#9965 0 00000000000120fc 01059783 r 000000000000000f 0000000000000004  lh       x15, 0x10(x11)
#9966 0 0000000000012100     7179 r 0000000000000002 00000000fffffea0  c.addi16sp -0x3
#9967 0 0000000000012102     f022 m 00000000fffffec0 000000000001e7c8  c.sdsp   x8, 0x20
#9968 0 0000000000012104     e44e m 00000000fffffea8 ffffffffffffffff  c.sdsp   x19, 0x8
#9969 0 0000000000012106     f406 m 00000000fffffec8 0000000000018f32  c.sdsp   x1, 0x28
#9970 0 0000000000012108     ec26 m 00000000fffffeb8 000000000001e290  c.sdsp   x9, 0x18
#9971 0 000000000001210a     e84a m 00000000fffffeb0 000000000001e7b0  c.sdsp   x18, 0x10
#9972 0 000000000001210c 0087f693 r 000000000000000d 0000000000000000  andi     x13, x15, 8
#9973 0 0000000000012110     842e r 0000000000000008 000000000001e7c8  c.mv     x8, x11
#9974 0 0000000000012112     89aa r 0000000000000013 000000000001e290  c.mv     x19, x10
#9975 0 0000000000012114     ead5 r 0000000000000000 0000000000000000  c.bnez   x13, . + 0xb4
#9976 0 0000000000012116     6705 r 000000000000000e 0000000000001000  c.lui    x14, 0x1
#9977 0 0000000000012118 80070713 r 000000000000000e 0000000000000800  addi     x14, x14, -2048
#9978 0 000000000001211c     4594 r 000000000000000d 0000000000000000  c.lw     x13, 0x8(x11)
#9979 0 000000000001211e     8fd9 r 000000000000000f 0000000000000804  c.or     x15, x14
#9980 0 0000000000012120 00f59823 m 000000000001e7d8 0000000000000804  sh       x15, 0x10(x11)
#9981 0 0000000000012124 10d05063 r 0000000000000000 0000000000000000  bge      x0, x13, . + 0x100
#9982 0 0000000000012224     59b8 r 000000000000000e 0000000000000000  c.lw     x14, 0x70(x11)
#9983 0 0000000000012226 f0e041e3 r 0000000000000000 0000000000000000  blt      x0, x14, . - 0xfe
#9984 0 000000000001222a     b779 r 0000000000000000 0000000000000000  c.j      . - 0x72
#9985 0 00000000000121b8     4501 r 000000000000000a 0000000000000000  c.li     x10, 0x0
#9986 0 00000000000121ba     70a2 r 0000000000000001 0000000000018f32  c.ldsp   x1, 0x28
#9987 0 00000000000121bc     7402 r 0000000000000008 000000000001e7c8  c.ldsp   x8, 0x20
#9988 0 00000000000121be     64e2 r 0000000000000009 000000000001e290  c.ldsp   x9, 0x18
#9989 0 00000000000121c0     6942 r 0000000000000012 000000000001e7b0  c.ldsp   x18, 0x10
#9990 0 00000000000121c2     69a2 r 0000000000000013 ffffffffffffffff  c.ldsp   x19, 0x8
#9991 0 00000000000121c4     6145 r 0000000000000002 00000000fffffed0  c.addi16sp 0x3
#9992 0 00000000000121c6     8082 r 0000000000000000 0000000000000000  c.jr     x1
#9993 0 0000000000018f32     683c r 000000000000000f 000000000001625a  c.ld     x15, 0x50(x8)
#9994 0 0000000000018f34     892a r 0000000000000012 0000000000000000  c.mv     x18, x10
#9995 0 0000000000018f36     c791 r 0000000000000000 0000000000000000  c.beqz   x15, . + 0xc
#9996 0 0000000000018f38     780c r 000000000000000b 000000000001e7c8  c.ld     x11, 0x30(x8)
#9997 0 0000000000018f3a     8526 r 000000000000000a 000000000001e290  c.mv     x10, x9
#9998 0 0000000000018f3c     9782 r 0000000000000001 0000000000018f3e  c.jalr   x15
#9999 0 000000000001625a 01259583 r 000000000000000b 0000000000000000  lh       x11, 0x12(x11)
#10000 0 000000000001625e 4870206f r 0000000000000000 0000000000000000  j        . + 0x2c86
#10001 0 0000000000018ee4     1101 r 0000000000000002 00000000fffffeb0  c.addi   x2, -0x20
#10002 0 0000000000018ee6     e822 m 00000000fffffec0 000000000001e7c8  c.sdsp   x8, 0x10
#10003 0 0000000000018ee8     e426 m 00000000fffffeb8 000000000001e290  c.sdsp   x9, 0x8
#10004 0 0000000000018eea     842a r 0000000000000008 000000000001e290  c.mv     x8, x10
#10005 0 0000000000018eec     852e r 000000000000000a 0000000000000000  c.mv     x10, x11
#10006 0 0000000000018eee     ec06 m 00000000fffffec8 0000000000018f3e  c.sdsp   x1, 0x18
#10007 0 0000000000018ef0 7801a823 m 000000000001f408 0000000000000000  sw       x0, 0x790(x3)
#10008 0 0000000000018ef4 75b010ef r 0000000000000001 0000000000018ef8  jal      x1, . + 0x1f5a
#10009 0 000000000001ae4e     1141 r 0000000000000002 00000000fffffea0  c.addi   x2, -0x10
#10010 0 000000000001ae50     e406 m 00000000fffffea8 0000000000018ef8  c.sdsp   x1, 0x8
#10011 0 000000000001ae52     e022 m 00000000fffffea0 000000000001e290  c.sdsp   x8, 0x0
#10012 0 000000000001ae54 03900893 r 0000000000000011 0000000000000039  addi     x17, x0, 57
#10013 0 000000000001ae58 00000073 r 000000000000000a 0000000000000000  ecall    
#10014 0 000000000001ae5c     842a r 0000000000000008 0000000000000000  c.mv     x8, x10
#10015 0 000000000001ae5e 00054763 r 0000000000000000 0000000000000000  blt      x10, x0, . + 0xe
#10016 0 000000000001ae62     2501 r 000000000000000a 0000000000000000  c.addiw  x10, 0x0
#10017 0 000000000001ae64     60a2 r 0000000000000001 0000000000018ef8  c.ldsp   x1, 0x8
#10018 0 000000000001ae66     6402 r 0000000000000008 000000000001e290  c.ldsp   x8, 0x0
#10019 0 000000000001ae68     0141 r 0000000000000002 00000000fffffeb0  c.addi   x2, 0x10
#10020 0 000000000001ae6a     8082 r 0000000000000000 0000000000000000  c.jr     x1
#10021 0 0000000000018ef8     57fd r 000000000000000f ffffffffffffffff  c.li     x15, -0x1
#10022 0 0000000000018efa 00f50763 r 0000000000000000 0000000000000000  beq      x10, x15, . + 0xe
#10023 0 0000000000018efe     60e2 r 0000000000000001 0000000000018f3e  c.ldsp   x1, 0x18
#10024 0 0000000000018f00     6442 r 0000000000000008 000000000001e7c8  c.ldsp   x8, 0x10
#10025 0 0000000000018f02     64a2 r 0000000000000009 000000000001e290  c.ldsp   x9, 0x8
#10026 0 0000000000018f04     6105 r 0000000000000002 00000000fffffed0  c.addi16sp 0x2
#10027 0 0000000000018f06     8082 r 0000000000000000 0000000000000000  c.jr     x1
#10028 0 0000000000018f3e 04054663 r 0000000000000000 0000000000000000  blt      x10, x0, . + 0x4c
#10029 0 0000000000018f42 01045783 r 000000000000000f 0000000000000804  lhu      x15, 0x10(x8)
#10030 0 0000000000018f46 0807f793 r 000000000000000f 0000000000000000  andi     x15, x15, 128
#10031 0 0000000000018f4a     e7b1 r 0000000000000000 0000000000000000  c.bnez   x15, . + 0x4c
#10032 0 0000000000018f4c     6c2c r 000000000000000b 0000000000000000  c.ld     x11, 0x58(x8)
#10033 0 0000000000018f4e     c991 r 0000000000000000 0000000000000000  c.beqz   x11, . + 0x14
#10034 0 0000000000018f62     7c2c r 000000000000000b 0000000000000000  c.ld     x11, 0x78(x8)
#10035 0 0000000000018f64     c591 r 0000000000000000 0000000000000000  c.beqz   x11, . + 0xc
#10036 0 0000000000018f70 e02f90ef r 0000000000000001 0000000000018f74  jal      x1, . - 0x69fe
#10037 0 0000000000012572     8082 r 0000000000000000 0000000000000000  c.jr     x1
#10038 0 0000000000018f74 00041823 m 000000000001e7d8 0000000000000000  sh       x0, 0x10(x8)
#10039 0 0000000000018f78 dfcf90ef r 0000000000000001 0000000000018f7c  jal      x1, . - 0x6a04
#10040 0 0000000000012574     8082 r 0000000000000000 0000000000000000  c.jr     x1
#10041 0 0000000000018f7c     60e2 r 0000000000000001 00000000000129ca  c.ldsp   x1, 0x18
#10042 0 0000000000018f7e     6442 r 0000000000000008 000000000001e7c8  c.ldsp   x8, 0x10
#10043 0 0000000000018f80     64a2 r 0000000000000009 000000000001e9d8  c.ldsp   x9, 0x8
#10044 0 0000000000018f82     854a r 000000000000000a 0000000000000000  c.mv     x10, x18
#10045 0 0000000000018f84     6902 r 0000000000000012 000000000001e7b0  c.ldsp   x18, 0x0
#10046 0 0000000000018f86     6105 r 0000000000000002 00000000fffffef0  c.addi16sp 0x2
#10047 0 0000000000018f88     8082 r 0000000000000000 0000000000000000  c.jr     x1
#10048 0 00000000000129ca 01656b33 r 0000000000000016 0000000000000000  or       x22, x10, x22
#10049 0 00000000000129ce     2b01 r 0000000000000016 0000000000000000  c.addiw  x22, 0x0
#10050 0 00000000000129d0 0b040413 r 0000000000000008 000000000001e878  addi     x8, x8, 176
#10051 0 00000000000129d4 fe8490e3 r 0000000000000000 0000000000000000  bne      x9, x8, . - 0x20
#10052 0 00000000000129b4 01045783 r 000000000000000f 0000000000002889  lhu      x15, 0x10(x8)
#10053 0 00000000000129b8 00fbfc63 r 0000000000000000 0000000000000000  bgeu     x23, x15, . + 0x18
#10054 0 00000000000129bc 01241783 r 000000000000000f 0000000000000001  lh       x15, 0x12(x8)
#10055 0 00000000000129c0     85a2 r 000000000000000b 000000000001e878  c.mv     x11, x8
#10056 0 00000000000129c2     8562 r 000000000000000a 000000000001e290  c.mv     x10, x24
#10057 0 00000000000129c4 01378663 r 0000000000000000 0000000000000000  beq      x15, x19, . + 0xc
#10058 0 00000000000129c8     9a02 r 0000000000000001 00000000000129ca  c.jalr   x20
#10059 0 0000000000018fa0     cd8d r 0000000000000000 0000000000000000  c.beqz   x11, . + 0x3a
#10060 0 0000000000018fa2     1101 r 0000000000000002 00000000fffffed0  c.addi   x2, -0x20
#10061 0 0000000000018fa4     e822 m 00000000fffffee0 000000000001e878  c.sdsp   x8, 0x10
#10062 0 0000000000018fa6     ec06 m 00000000fffffee8 00000000000129ca  c.sdsp   x1, 0x18
#10063 0 0000000000018fa8     842a r 0000000000000008 000000000001e290  c.mv     x8, x10
#10064 0 0000000000018faa     c119 r 0000000000000000 0000000000000000  c.beqz   x10, . + 0x6
#10065 0 0000000000018fac     493c r 000000000000000f 0000000000000001  c.lw     x15, 0x50(x10)
#10066 0 0000000000018fae     cf91 r 0000000000000000 0000000000000000  c.beqz   x15, . + 0x1c
#10067 0 0000000000018fb0 01059783 r 000000000000000f 0000000000002889  lh       x15, 0x10(x11)
#10068 0 0000000000018fb4     e791 r 0000000000000000 0000000000000000  c.bnez   x15, . + 0xc
#10069 0 0000000000018fc0     8522 r 000000000000000a 000000000001e290  c.mv     x10, x8
#10070 0 0000000000018fc2     6442 r 0000000000000008 000000000001e878  c.ldsp   x8, 0x10
#10071 0 0000000000018fc4     60e2 r 0000000000000001 00000000000129ca  c.ldsp   x1, 0x18
#10072 0 0000000000018fc6     6105 r 0000000000000002 00000000fffffef0  c.addi16sp 0x2
#10073 0 0000000000018fc8     bfa1 r 0000000000000000 0000000000000000  c.j      . - 0xa8
#10074 0 0000000000018f20     1101 r 0000000000000002 00000000fffffed0  c.addi   x2, -0x20
#10075 0 0000000000018f22     e822 m 00000000fffffee0 000000000001e878  c.sdsp   x8, 0x10
#10076 0 0000000000018f24     e426 m 00000000fffffed8 000000000001e9d8  c.sdsp   x9, 0x8
#10077 0 0000000000018f26     e04a m 00000000fffffed0 000000000001e7b0  c.sdsp   x18, 0x0
#10078 0 0000000000018f28     842e r 0000000000000008 000000000001e878  c.mv     x8, x11
#10079 0 0000000000018f2a     ec06 m 00000000fffffee8 00000000000129ca  c.sdsp   x1, 0x18
#10080 0 0000000000018f2c     84aa r 0000000000000009 000000000001e290  c.mv     x9, x10
#10081 0 0000000000018f2e 9cef90ef r 0000000000000001 0000000000018f32  jal      x1, . - 0x6e32
#10082 0 00000000000120fc 01059783 r 000000000000000f 0000000000002889  lh       x15, 0x10(x11)
#10083 0 0000000000012100     7179 r 0000000000000002 00000000fffffea0  c.addi16sp -0x3
#10084 0 0000000000012102     f022 m 00000000fffffec0 000000000001e878  c.sdsp   x8, 0x20
#10085 0 0000000000012104     e44e m 00000000fffffea8 ffffffffffffffff  c.sdsp   x19, 0x8
#10086 0 0000000000012106     f406 m 00000000fffffec8 0000000000018f32  c.sdsp   x1, 0x28
#10087 0 0000000000012108     ec26 m 00000000fffffeb8 000000000001e290  c.sdsp   x9, 0x18
#10088 0 000000000001210a     e84a m 00000000fffffeb0 000000000001e7b0  c.sdsp   x18, 0x10
#10089 0 000000000001210c 0087f693 r 000000000000000d 0000000000000008  andi     x13, x15, 8
#10090 0 0000000000012110     842e r 0000000000000008 000000000001e878  c.mv     x8, x11
#10091 0 0000000000012112     89aa r 0000000000000013 000000000001e290  c.mv     x19, x10
#10092 0 0000000000012114     ead5 r 0000000000000000 0000000000000000  c.bnez   x13, . + 0xb4
#10093 0 00000000000121c8 0185b903 r 0000000000000012 0000000000020010  ld       x18, 0x18(x11)
#10094 0 00000000000121cc fe0906e3 r 0000000000000000 0000000000000000  beq      x18, x0, . - 0x14
#10095 0 00000000000121d0     6184 r 0000000000000009 0000000000020010  c.ld     x9, 0x0(x11)
#10096 0 00000000000121d2 03079713 r 000000000000000e 2889000000000000  slli     x14, x15, 48
#10097 0 00000000000121d6     9341 r 000000000000000e 0000000000002889  c.srli   x14, 0x30
#10098 0 00000000000121d8     8b0d r 000000000000000e 0000000000000001  c.andi   x14, 0x3
#10099 0 00000000000121da 0125b023 m 000000000001e878 0000000000020010  sd       x18, 0x0(x11)
#10100 0 00000000000121de 412484bb r 0000000000000009 0000000000000000  subw     x9, x9, x18
#10101 0 00000000000121e2     4781 r 000000000000000f 0000000000000000  c.li     x15, 0x0
#10102 0 00000000000121e4     e311 r 0000000000000000 0000000000000000  c.bnez   x14, . + 0x4
#10103 0 00000000000121e8     c45c m 000000000001e884 0000000000000000  c.sw     x15, 0xc(x8)
#10104 0 00000000000121ea 00904663 r 0000000000000000 0000000000000000  blt      x0, x9, . + 0xc
#10105 0 00000000000121ee     b7e9 r 0000000000000000 0000000000000000  c.j      . - 0x36
#10106 0 00000000000121b8     4501 r 000000000000000a 0000000000000000  c.li     x10, 0x0
#10107 0 00000000000121ba     70a2 r 0000000000000001 0000000000018f32  c.ldsp   x1, 0x28
#10108 0 00000000000121bc     7402 r 0000000000000008 000000000001e878  c.ldsp   x8, 0x20
#10109 0 00000000000121be     64e2 r 0000000000000009 000000000001e290  c.ldsp   x9, 0x18
#10110 0 00000000000121c0     6942 r 0000000000000012 000000000001e7b0  c.ldsp   x18, 0x10
#10111 0 00000000000121c2     69a2 r 0000000000000013 ffffffffffffffff  c.ldsp   x19, 0x8
#10112 0 00000000000121c4     6145 r 0000000000000002 00000000fffffed0  c.addi16sp 0x3
#10113 0 00000000000121c6     8082 r 0000000000000000 0000000000000000  c.jr     x1
#10114 0 0000000000018f32     683c r 000000000000000f 000000000001625a  c.ld     x15, 0x50(x8)
#10115 0 0000000000018f34     892a r 0000000000000012 0000000000000000  c.mv     x18, x10
#10116 0 0000000000018f36     c791 r 0000000000000000 0000000000000000  c.beqz   x15, . + 0xc
#10117 0 0000000000018f38     780c r 000000000000000b 000000000001e878  c.ld     x11, 0x30(x8)
#10118 0 0000000000018f3a     8526 r 000000000000000a 000000000001e290  c.mv     x10, x9
#10119 0 0000000000018f3c     9782 r 0000000000000001 0000000000018f3e  c.jalr   x15
#10120 0 000000000001625a 01259583 r 000000000000000b 0000000000000001  lh       x11, 0x12(x11)
#10121 0 000000000001625e 4870206f r 0000000000000000 0000000000000000  j        . + 0x2c86
#10122 0 0000000000018ee4     1101 r 0000000000000002 00000000fffffeb0  c.addi   x2, -0x20
#10123 0 0000000000018ee6     e822 m 00000000fffffec0 000000000001e878  c.sdsp   x8, 0x10
#10124 0 0000000000018ee8     e426 m 00000000fffffeb8 000000000001e290  c.sdsp   x9, 0x8
#10125 0 0000000000018eea     842a r 0000000000000008 000000000001e290  c.mv     x8, x10
#10126 0 0000000000018eec     852e r 000000000000000a 0000000000000001  c.mv     x10, x11
#10127 0 0000000000018eee     ec06 m 00000000fffffec8 0000000000018f3e  c.sdsp   x1, 0x18
#10128 0 0000000000018ef0 7801a823 m 000000000001f408 0000000000000000  sw       x0, 0x790(x3)
#10129 0 0000000000018ef4 75b010ef r 0000000000000001 0000000000018ef8  jal      x1, . + 0x1f5a
#10130 0 000000000001ae4e     1141 r 0000000000000002 00000000fffffea0  c.addi   x2, -0x10
#10131 0 000000000001ae50     e406 m 00000000fffffea8 0000000000018ef8  c.sdsp   x1, 0x8
#10132 0 000000000001ae52     e022 m 00000000fffffea0 000000000001e290  c.sdsp   x8, 0x0
#10133 0 000000000001ae54 03900893 r 0000000000000011 0000000000000039  addi     x17, x0, 57
#10134 0 000000000001ae58 00000073 r 000000000000000a 0000000000000000  ecall    
#10135 0 000000000001ae5c     842a r 0000000000000008 0000000000000000  c.mv     x8, x10
#10136 0 000000000001ae5e 00054763 r 0000000000000000 0000000000000000  blt      x10, x0, . + 0xe
#10137 0 000000000001ae62     2501 r 000000000000000a 0000000000000000  c.addiw  x10, 0x0
#10138 0 000000000001ae64     60a2 r 0000000000000001 0000000000018ef8  c.ldsp   x1, 0x8
#10139 0 000000000001ae66     6402 r 0000000000000008 000000000001e290  c.ldsp   x8, 0x0
#10140 0 000000000001ae68     0141 r 0000000000000002 00000000fffffeb0  c.addi   x2, 0x10
#10141 0 000000000001ae6a     8082 r 0000000000000000 0000000000000000  c.jr     x1
#10142 0 0000000000018ef8     57fd r 000000000000000f ffffffffffffffff  c.li     x15, -0x1
#10143 0 0000000000018efa 00f50763 r 0000000000000000 0000000000000000  beq      x10, x15, . + 0xe
#10144 0 0000000000018efe     60e2 r 0000000000000001 0000000000018f3e  c.ldsp   x1, 0x18
#10145 0 0000000000018f00     6442 r 0000000000000008 000000000001e878  c.ldsp   x8, 0x10
#10146 0 0000000000018f02     64a2 r 0000000000000009 000000000001e290  c.ldsp   x9, 0x8
#10147 0 0000000000018f04     6105 r 0000000000000002 00000000fffffed0  c.addi16sp 0x2
#10148 0 0000000000018f06     8082 r 0000000000000000 0000000000000000  c.jr     x1
#10149 0 0000000000018f3e 04054663 r 0000000000000000 0000000000000000  blt      x10, x0, . + 0x4c
#10150 0 0000000000018f42 01045783 r 000000000000000f 0000000000002889  lhu      x15, 0x10(x8)
#10151 0 0000000000018f46 0807f793 r 000000000000000f 0000000000000080  andi     x15, x15, 128
#10152 0 0000000000018f4a     e7b1 r 0000000000000000 0000000000000000  c.bnez   x15, . + 0x4c
#10153 0 0000000000018f96     6c0c r 000000000000000b 0000000000020010  c.ld     x11, 0x18(x8)
#10154 0 0000000000018f98     8526 r 000000000000000a 000000000001e290  c.mv     x10, x9
#10155 0 0000000000018f9a f02f90ef r 0000000000000001 0000000000018f9e  jal      x1, . - 0x68fe
#10156 0 000000000001269c     c9e5 r 0000000000000000 0000000000000000  c.beqz   x11, . + 0xf0
#10157 0 000000000001269e     1101 r 0000000000000002 00000000fffffeb0  c.addi   x2, -0x20
#10158 0 00000000000126a0     e822 m 00000000fffffec0 000000000001e878  c.sdsp   x8, 0x10
#10159 0 00000000000126a2     e426 m 00000000fffffeb8 000000000001e290  c.sdsp   x9, 0x8
#10160 0 00000000000126a4     842e r 0000000000000008 0000000000020010  c.mv     x8, x11
#10161 0 00000000000126a6     84aa r 0000000000000009 000000000001e290  c.mv     x9, x10
#10162 0 00000000000126a8     ec06 m 00000000fffffec8 0000000000018f9e  c.sdsp   x1, 0x18
#10163 0 00000000000126aa 50d020ef r 0000000000000001 00000000000126ae  jal      x1, . + 0x2d0c
#10164 0 00000000000153b6     8082 r 0000000000000000 0000000000000000  c.jr     x1
#10165 0 00000000000126ae ff843503 r 000000000000000a 0000000000000411  ld       x10, -0x8(x8)
#10166 0 00000000000126b2 ff040713 r 000000000000000e 0000000000020000  addi     x14, x8, -16
#10167 0 00000000000126b6 0001f5b7 r 000000000000000b 000000000001f000  lui      x11, 0x1f
#10168 0 00000000000126ba ffe57793 r 000000000000000f 0000000000000410  andi     x15, x10, -2
#10169 0 00000000000126be 00f70633 r 000000000000000c 0000000000020410  add      x12, x14, x15
#10170 0 00000000000126c2 b8058593 r 000000000000000b 000000000001eb80  addi     x11, x11, -1152
#10171 0 00000000000126c6     6614 r 000000000000000d 0000000000000bf1  c.ld     x13, 0x8(x12)
#10172 0 00000000000126c8 0105b803 r 0000000000000010 0000000000020410  ld       x16, 0x10(x11)
#10173 0 00000000000126cc     9af1 r 000000000000000d 0000000000000bf0  c.andi   x13, -0x4
#10174 0 00000000000126ce 14c80263 r 0000000000000000 0000000000000000  beq      x16, x12, . + 0x144
#10175 0 0000000000012812     8905 r 000000000000000a 0000000000000001  c.andi   x10, 0x1
#10176 0 0000000000012814     97b6 r 000000000000000f 0000000000001000  c.add    x15, x13
#10177 0 0000000000012816     e909 r 0000000000000000 0000000000000000  c.bnez   x10, . + 0x12
#10178 0 0000000000012828 0017e613 r 000000000000000c 0000000000001001  ori      x12, x15, 1
#10179 0 000000000001282c 7681b683 r 000000000000000d 0000000000020000  ld       x13, 0x768(x3)
#10180 0 0000000000012830     e710 m 0000000000020008 0000000000001001  c.sd     x12, 0x8(x14)
#10181 0 0000000000012832     e998 m 000000000001eb90 0000000000020000  c.sd     x14, 0x10(x11)
#10182 0 0000000000012834 f0d7ede3 r 0000000000000000 0000000000000000  bltu     x15, x13, . - 0xe6
#10183 0 000000000001274e     6442 r 0000000000000008 000000000001e878  c.ldsp   x8, 0x10
#10184 0 0000000000012750     60e2 r 0000000000000001 0000000000018f9e  c.ldsp   x1, 0x18
#10185 0 0000000000012752     8526 r 000000000000000a 000000000001e290  c.mv     x10, x9
#10186 0 0000000000012754     64a2 r 0000000000000009 000000000001e290  c.ldsp   x9, 0x8
#10187 0 0000000000012756     6105 r 0000000000000002 00000000fffffed0  c.addi16sp 0x2
#10188 0 0000000000012758 4610206f r 0000000000000000 0000000000000000  j        . + 0x2c60
#10189 0 00000000000153b8     8082 r 0000000000000000 0000000000000000  c.jr     x1
#10190 0 0000000000018f9e     b77d r 0000000000000000 0000000000000000  c.j      . - 0x52
#10191 0 0000000000018f4c     6c2c r 000000000000000b 0000000000000000  c.ld     x11, 0x58(x8)
#10192 0 0000000000018f4e     c991 r 0000000000000000 0000000000000000  c.beqz   x11, . + 0x14
#10193 0 0000000000018f62     7c2c r 000000000000000b 0000000000000000  c.ld     x11, 0x78(x8)
#10194 0 0000000000018f64     c591 r 0000000000000000 0000000000000000  c.beqz   x11, . + 0xc
#10195 0 0000000000018f70 e02f90ef r 0000000000000001 0000000000018f74  jal      x1, . - 0x69fe
#10196 0 0000000000012572     8082 r 0000000000000000 0000000000000000  c.jr     x1
#10197 0 0000000000018f74 00041823 m 000000000001e888 0000000000000000  sh       x0, 0x10(x8)
#10198 0 0000000000018f78 dfcf90ef r 0000000000000001 0000000000018f7c  jal      x1, . - 0x6a04
#10199 0 0000000000012574     8082 r 0000000000000000 0000000000000000  c.jr     x1
#10200 0 0000000000018f7c     60e2 r 0000000000000001 00000000000129ca  c.ldsp   x1, 0x18
#10201 0 0000000000018f7e     6442 r 0000000000000008 000000000001e878  c.ldsp   x8, 0x10
#10202 0 0000000000018f80     64a2 r 0000000000000009 000000000001e9d8  c.ldsp   x9, 0x8
#10203 0 0000000000018f82     854a r 000000000000000a 0000000000000000  c.mv     x10, x18
#10204 0 0000000000018f84     6902 r 0000000000000012 000000000001e7b0  c.ldsp   x18, 0x0
#10205 0 0000000000018f86     6105 r 0000000000000002 00000000fffffef0  c.addi16sp 0x2
#10206 0 0000000000018f88     8082 r 0000000000000000 0000000000000000  c.jr     x1
#10207 0 00000000000129ca 01656b33 r 0000000000000016 0000000000000000  or       x22, x10, x22
#10208 0 00000000000129ce     2b01 r 0000000000000016 0000000000000000  c.addiw  x22, 0x0
#10209 0 00000000000129d0 0b040413 r 0000000000000008 000000000001e928  addi     x8, x8, 176
#10210 0 00000000000129d4 fe8490e3 r 0000000000000000 0000000000000000  bne      x9, x8, . - 0x20
#10211 0 00000000000129b4 01045783 r 000000000000000f 0000000000000012  lhu      x15, 0x10(x8)
#10212 0 00000000000129b8 00fbfc63 r 0000000000000000 0000000000000000  bgeu     x23, x15, . + 0x18
#10213 0 00000000000129bc 01241783 r 000000000000000f 0000000000000002  lh       x15, 0x12(x8)
#10214 0 00000000000129c0     85a2 r 000000000000000b 000000000001e928  c.mv     x11, x8
#10215 0 00000000000129c2     8562 r 000000000000000a 000000000001e290  c.mv     x10, x24
#10216 0 00000000000129c4 01378663 r 0000000000000000 0000000000000000  beq      x15, x19, . + 0xc
#10217 0 00000000000129c8     9a02 r 0000000000000001 00000000000129ca  c.jalr   x20
#10218 0 0000000000018fa0     cd8d r 0000000000000000 0000000000000000  c.beqz   x11, . + 0x3a
#10219 0 0000000000018fa2     1101 r 0000000000000002 00000000fffffed0  c.addi   x2, -0x20
#10220 0 0000000000018fa4     e822 m 00000000fffffee0 000000000001e928  c.sdsp   x8, 0x10
#10221 0 0000000000018fa6     ec06 m 00000000fffffee8 00000000000129ca  c.sdsp   x1, 0x18
#10222 0 0000000000018fa8     842a r 0000000000000008 000000000001e290  c.mv     x8, x10
#10223 0 0000000000018faa     c119 r 0000000000000000 0000000000000000  c.beqz   x10, . + 0x6
#10224 0 0000000000018fac     493c r 000000000000000f 0000000000000001  c.lw     x15, 0x50(x10)
#10225 0 0000000000018fae     cf91 r 0000000000000000 0000000000000000  c.beqz   x15, . + 0x1c
#10226 0 0000000000018fb0 01059783 r 000000000000000f 0000000000000012  lh       x15, 0x10(x11)
#10227 0 0000000000018fb4     e791 r 0000000000000000 0000000000000000  c.bnez   x15, . + 0xc
#10228 0 0000000000018fc0     8522 r 000000000000000a 000000000001e290  c.mv     x10, x8
#10229 0 0000000000018fc2     6442 r 0000000000000008 000000000001e928  c.ldsp   x8, 0x10
#10230 0 0000000000018fc4     60e2 r 0000000000000001 00000000000129ca  c.ldsp   x1, 0x18
#10231 0 0000000000018fc6     6105 r 0000000000000002 00000000fffffef0  c.addi16sp 0x2
#10232 0 0000000000018fc8     bfa1 r 0000000000000000 0000000000000000  c.j      . - 0xa8
#10233 0 0000000000018f20     1101 r 0000000000000002 00000000fffffed0  c.addi   x2, -0x20
#10234 0 0000000000018f22     e822 m 00000000fffffee0 000000000001e928  c.sdsp   x8, 0x10
#10235 0 0000000000018f24     e426 m 00000000fffffed8 000000000001e9d8  c.sdsp   x9, 0x8
#10236 0 0000000000018f26     e04a m 00000000fffffed0 000000000001e7b0  c.sdsp   x18, 0x0
#10237 0 0000000000018f28     842e r 0000000000000008 000000000001e928  c.mv     x8, x11
#10238 0 0000000000018f2a     ec06 m 00000000fffffee8 00000000000129ca  c.sdsp   x1, 0x18
#10239 0 0000000000018f2c     84aa r 0000000000000009 000000000001e290  c.mv     x9, x10
#10240 0 0000000000018f2e 9cef90ef r 0000000000000001 0000000000018f32  jal      x1, . - 0x6e32
#10241 0 00000000000120fc 01059783 r 000000000000000f 0000000000000012  lh       x15, 0x10(x11)
#10242 0 0000000000012100     7179 r 0000000000000002 00000000fffffea0  c.addi16sp -0x3
#10243 0 0000000000012102     f022 m 00000000fffffec0 000000000001e928  c.sdsp   x8, 0x20
#10244 0 0000000000012104     e44e m 00000000fffffea8 ffffffffffffffff  c.sdsp   x19, 0x8
#10245 0 0000000000012106     f406 m 00000000fffffec8 0000000000018f32  c.sdsp   x1, 0x28
#10246 0 0000000000012108     ec26 m 00000000fffffeb8 000000000001e290  c.sdsp   x9, 0x18
#10247 0 000000000001210a     e84a m 00000000fffffeb0 000000000001e7b0  c.sdsp   x18, 0x10
#10248 0 000000000001210c 0087f693 r 000000000000000d 0000000000000000  andi     x13, x15, 8
#10249 0 0000000000012110     842e r 0000000000000008 000000000001e928  c.mv     x8, x11
#10250 0 0000000000012112     89aa r 0000000000000013 000000000001e290  c.mv     x19, x10
#10251 0 0000000000012114     ead5 r 0000000000000000 0000000000000000  c.bnez   x13, . + 0xb4
#10252 0 0000000000012116     6705 r 000000000000000e 0000000000001000  c.lui    x14, 0x1
#10253 0 0000000000012118 80070713 r 000000000000000e 0000000000000800  addi     x14, x14, -2048
#10254 0 000000000001211c     4594 r 000000000000000d 0000000000000000  c.lw     x13, 0x8(x11)
#10255 0 000000000001211e     8fd9 r 000000000000000f 0000000000000812  c.or     x15, x14
#10256 0 0000000000012120 00f59823 m 000000000001e938 0000000000000812  sh       x15, 0x10(x11)
#10257 0 0000000000012124 10d05063 r 0000000000000000 0000000000000000  bge      x0, x13, . + 0x100
#10258 0 0000000000012224     59b8 r 000000000000000e 0000000000000000  c.lw     x14, 0x70(x11)
#10259 0 0000000000012226 f0e041e3 r 0000000000000000 0000000000000000  blt      x0, x14, . - 0xfe
#10260 0 000000000001222a     b779 r 0000000000000000 0000000000000000  c.j      . - 0x72
#10261 0 00000000000121b8     4501 r 000000000000000a 0000000000000000  c.li     x10, 0x0
#10262 0 00000000000121ba     70a2 r 0000000000000001 0000000000018f32  c.ldsp   x1, 0x28
#10263 0 00000000000121bc     7402 r 0000000000000008 000000000001e928  c.ldsp   x8, 0x20
#10264 0 00000000000121be     64e2 r 0000000000000009 000000000001e290  c.ldsp   x9, 0x18
#10265 0 00000000000121c0     6942 r 0000000000000012 000000000001e7b0  c.ldsp   x18, 0x10
#10266 0 00000000000121c2     69a2 r 0000000000000013 ffffffffffffffff  c.ldsp   x19, 0x8
#10267 0 00000000000121c4     6145 r 0000000000000002 00000000fffffed0  c.addi16sp 0x3
#10268 0 00000000000121c6     8082 r 0000000000000000 0000000000000000  c.jr     x1
#10269 0 0000000000018f32     683c r 000000000000000f 000000000001625a  c.ld     x15, 0x50(x8)
#10270 0 0000000000018f34     892a r 0000000000000012 0000000000000000  c.mv     x18, x10
#10271 0 0000000000018f36     c791 r 0000000000000000 0000000000000000  c.beqz   x15, . + 0xc
#10272 0 0000000000018f38     780c r 000000000000000b 000000000001e928  c.ld     x11, 0x30(x8)
#10273 0 0000000000018f3a     8526 r 000000000000000a 000000000001e290  c.mv     x10, x9
#10274 0 0000000000018f3c     9782 r 0000000000000001 0000000000018f3e  c.jalr   x15
#10275 0 000000000001625a 01259583 r 000000000000000b 0000000000000002  lh       x11, 0x12(x11)
#10276 0 000000000001625e 4870206f r 0000000000000000 0000000000000000  j        . + 0x2c86
#10277 0 0000000000018ee4     1101 r 0000000000000002 00000000fffffeb0  c.addi   x2, -0x20
#10278 0 0000000000018ee6     e822 m 00000000fffffec0 000000000001e928  c.sdsp   x8, 0x10
#10279 0 0000000000018ee8     e426 m 00000000fffffeb8 000000000001e290  c.sdsp   x9, 0x8
#10280 0 0000000000018eea     842a r 0000000000000008 000000000001e290  c.mv     x8, x10
#10281 0 0000000000018eec     852e r 000000000000000a 0000000000000002  c.mv     x10, x11
#10282 0 0000000000018eee     ec06 m 00000000fffffec8 0000000000018f3e  c.sdsp   x1, 0x18
#10283 0 0000000000018ef0 7801a823 m 000000000001f408 0000000000000000  sw       x0, 0x790(x3)
#10284 0 0000000000018ef4 75b010ef r 0000000000000001 0000000000018ef8  jal      x1, . + 0x1f5a
#10285 0 000000000001ae4e     1141 r 0000000000000002 00000000fffffea0  c.addi   x2, -0x10
#10286 0 000000000001ae50     e406 m 00000000fffffea8 0000000000018ef8  c.sdsp   x1, 0x8
#10287 0 000000000001ae52     e022 m 00000000fffffea0 000000000001e290  c.sdsp   x8, 0x0
#10288 0 000000000001ae54 03900893 r 0000000000000011 0000000000000039  addi     x17, x0, 57
#10289 0 000000000001ae58 00000073 r 000000000000000a 0000000000000000  ecall    
#10290 0 000000000001ae5c     842a r 0000000000000008 0000000000000000  c.mv     x8, x10
#10291 0 000000000001ae5e 00054763 r 0000000000000000 0000000000000000  blt      x10, x0, . + 0xe
#10292 0 000000000001ae62     2501 r 000000000000000a 0000000000000000  c.addiw  x10, 0x0
#10293 0 000000000001ae64     60a2 r 0000000000000001 0000000000018ef8  c.ldsp   x1, 0x8
#10294 0 000000000001ae66     6402 r 0000000000000008 000000000001e290  c.ldsp   x8, 0x0
#10295 0 000000000001ae68     0141 r 0000000000000002 00000000fffffeb0  c.addi   x2, 0x10
#10296 0 000000000001ae6a     8082 r 0000000000000000 0000000000000000  c.jr     x1
#10297 0 0000000000018ef8     57fd r 000000000000000f ffffffffffffffff  c.li     x15, -0x1
#10298 0 0000000000018efa 00f50763 r 0000000000000000 0000000000000000  beq      x10, x15, . + 0xe
#10299 0 0000000000018efe     60e2 r 0000000000000001 0000000000018f3e  c.ldsp   x1, 0x18
#10300 0 0000000000018f00     6442 r 0000000000000008 000000000001e928  c.ldsp   x8, 0x10
#10301 0 0000000000018f02     64a2 r 0000000000000009 000000000001e290  c.ldsp   x9, 0x8
#10302 0 0000000000018f04     6105 r 0000000000000002 00000000fffffed0  c.addi16sp 0x2
#10303 0 0000000000018f06     8082 r 0000000000000000 0000000000000000  c.jr     x1
#10304 0 0000000000018f3e 04054663 r 0000000000000000 0000000000000000  blt      x10, x0, . + 0x4c
#10305 0 0000000000018f42 01045783 r 000000000000000f 0000000000000812  lhu      x15, 0x10(x8)
#10306 0 0000000000018f46 0807f793 r 000000000000000f 0000000000000000  andi     x15, x15, 128
#10307 0 0000000000018f4a     e7b1 r 0000000000000000 0000000000000000  c.bnez   x15, . + 0x4c
#10308 0 0000000000018f4c     6c2c r 000000000000000b 0000000000000000  c.ld     x11, 0x58(x8)
#10309 0 0000000000018f4e     c991 r 0000000000000000 0000000000000000  c.beqz   x11, . + 0x14
#10310 0 0000000000018f62     7c2c r 000000000000000b 0000000000000000  c.ld     x11, 0x78(x8)
#10311 0 0000000000018f64     c591 r 0000000000000000 0000000000000000  c.beqz   x11, . + 0xc
#10312 0 0000000000018f70 e02f90ef r 0000000000000001 0000000000018f74  jal      x1, . - 0x69fe
#10313 0 0000000000012572     8082 r 0000000000000000 0000000000000000  c.jr     x1
#10314 0 0000000000018f74 00041823 m 000000000001e938 0000000000000000  sh       x0, 0x10(x8)
#10315 0 0000000000018f78 dfcf90ef r 0000000000000001 0000000000018f7c  jal      x1, . - 0x6a04
#10316 0 0000000000012574     8082 r 0000000000000000 0000000000000000  c.jr     x1
#10317 0 0000000000018f7c     60e2 r 0000000000000001 00000000000129ca  c.ldsp   x1, 0x18
#10318 0 0000000000018f7e     6442 r 0000000000000008 000000000001e928  c.ldsp   x8, 0x10
#10319 0 0000000000018f80     64a2 r 0000000000000009 000000000001e9d8  c.ldsp   x9, 0x8
#10320 0 0000000000018f82     854a r 000000000000000a 0000000000000000  c.mv     x10, x18
#10321 0 0000000000018f84     6902 r 0000000000000012 000000000001e7b0  c.ldsp   x18, 0x0
#10322 0 0000000000018f86     6105 r 0000000000000002 00000000fffffef0  c.addi16sp 0x2
#10323 0 0000000000018f88     8082 r 0000000000000000 0000000000000000  c.jr     x1
#10324 0 00000000000129ca 01656b33 r 0000000000000016 0000000000000000  or       x22, x10, x22
#10325 0 00000000000129ce     2b01 r 0000000000000016 0000000000000000  c.addiw  x22, 0x0
#10326 0 00000000000129d0 0b040413 r 0000000000000008 000000000001e9d8  addi     x8, x8, 176
#10327 0 00000000000129d4 fe8490e3 r 0000000000000000 0000000000000000  bne      x9, x8, . - 0x20
#10328 0 00000000000129d8 00093903 r 0000000000000012 0000000000000000  ld       x18, 0x0(x18)
#10329 0 00000000000129dc fa091ee3 r 0000000000000000 0000000000000000  bne      x18, x0, . - 0x44
#10330 0 00000000000129e0     60a6 r 0000000000000001 00000000000101de  c.ldsp   x1, 0x48
#10331 0 00000000000129e2     6406 r 0000000000000008 0000000000000000  c.ldsp   x8, 0x40
#10332 0 00000000000129e4     74e2 r 0000000000000009 0000000000000000  c.ldsp   x9, 0x38
#10333 0 00000000000129e6     7942 r 0000000000000012 0000000000000000  c.ldsp   x18, 0x30
#10334 0 00000000000129e8     79a2 r 0000000000000013 0000000000000000  c.ldsp   x19, 0x28
#10335 0 00000000000129ea     7a02 r 0000000000000014 0000000000000000  c.ldsp   x20, 0x20
#10336 0 00000000000129ec     6ae2 r 0000000000000015 0000000000000000  c.ldsp   x21, 0x18
#10337 0 00000000000129ee     6ba2 r 0000000000000017 0000000000000000  c.ldsp   x23, 0x8
#10338 0 00000000000129f0     6c02 r 0000000000000018 0000000000000000  c.ldsp   x24, 0x0
#10339 0 00000000000129f2     855a r 000000000000000a 0000000000000000  c.mv     x10, x22
#10340 0 00000000000129f4     6b42 r 0000000000000016 0000000000000000  c.ldsp   x22, 0x10
#10341 0 00000000000129f6     6161 r 0000000000000002 00000000ffffff40  c.addi16sp 0x5
#10342 0 00000000000129f8     8082 r 0000000000000000 0000000000000000  c.jr     x1
#10343 0 00000000000101de     8522 r 000000000000000a 0000000000000000  c.mv     x10, x8
#10344 0 00000000000101e0 49b0a0ef r 0000000000000001 00000000000101e4  jal      x1, . + 0xac9a
#10345 0 000000000001ae7a 05d00893 r 0000000000000011 000000000000005d  addi     x17, x0, 93
#10346 0 000000000001ae7e 00000073 r 0000000000000000 0000000000000000  ecall    
